[0.179s] Invoking command in '/home/ishaan/eboat_src/build/examples_rclcpp_wait_set': CMAKE_PREFIX_PATH=${CMAKE_PREFIX_PATH}:/opt/ros/kilted /usr/bin/cmake /home/ishaan/eboat_src/ros_ws/src/examples/rclcpp/wait_set -DAMENT_CMAKE_SYMLINK_INSTALL=1 -DCMAKE_INSTALL_PREFIX=/home/ishaan/eboat_src/install/examples_rclcpp_wait_set
[1.510s] -- Found ament_cmake: 2.7.3 (/opt/ros/kilted/share/ament_cmake/cmake)
[1.510s] -- Override CMake install command with custom implementation using symlinks instead of copying resources
[1.510s] -- Found example_interfaces: 0.13.0 (/opt/ros/kilted/share/example_interfaces/cmake)
[1.510s] -- Found rosidl_generator_c: 4.9.5 (/opt/ros/kilted/share/rosidl_generator_c/cmake)
[1.510s] -- Found rosidl_generator_cpp: 4.9.5 (/opt/ros/kilted/share/rosidl_generator_cpp/cmake)
[1.512s] -- Using all available rosidl_typesupport_c: rosidl_typesupport_fastrtps_c;rosidl_typesupport_introspection_c
[1.515s] -- Using all available rosidl_typesupport_cpp: rosidl_typesupport_fastrtps_cpp;rosidl_typesupport_introspection_cpp
[1.515s] -- Found rclcpp: 29.5.2 (/opt/ros/kilted/share/rclcpp/cmake)
[1.515s] -- Found rmw_implementation_cmake: 7.8.2 (/opt/ros/kilted/share/rmw_implementation_cmake/cmake)
[1.515s] -- Found rmw_fastrtps_cpp: 9.3.2 (/opt/ros/kilted/share/rmw_fastrtps_cpp/cmake)
[1.515s] -- Using RMW implementation 'rmw_fastrtps_cpp' as default
[1.515s] -- Found rclcpp_components: 29.5.2 (/opt/ros/kilted/share/rclcpp_components/cmake)
[1.525s] -- Found std_msgs: 5.5.0 (/opt/ros/kilted/share/std_msgs/cmake)
[1.526s] -- Found ament_lint_auto: 0.19.2 (/opt/ros/kilted/share/ament_lint_auto/cmake)
[1.561s] -- Added test 'copyright' to check source files copyright and LICENSE
[1.563s] -- Added test 'cppcheck' to perform static code analysis on C / C++ code
[1.564s] -- Configured cppcheck include dirs: /home/ishaan/eboat_src/ros_ws/src/examples/rclcpp/wait_set/include
[1.564s] -- Configured cppcheck exclude dirs and/or files: 
[1.564s] -- Added test 'cpplint' to check C / C++ code against the Google style
[1.564s] -- Configured cpplint exclude dirs and/or files: 
[1.567s] -- Added test 'lint_cmake' to check CMake code style
[1.567s] -- Added test 'uncrustify' to check C / C++ code style
[1.567s] -- Configured uncrustify additional arguments: 
[1.567s] -- Added test 'xmllint' to check XML markup files
[1.568s] -- Configuring done (1.4s)
[1.689s] -- Generating done (0.1s)
[1.719s] -- Build files have been written to: /home/ishaan/eboat_src/build/examples_rclcpp_wait_set
[1.738s] Invoked command in '/home/ishaan/eboat_src/build/examples_rclcpp_wait_set' returned '0': CMAKE_PREFIX_PATH=${CMAKE_PREFIX_PATH}:/opt/ros/kilted /usr/bin/cmake /home/ishaan/eboat_src/ros_ws/src/examples/rclcpp/wait_set -DAMENT_CMAKE_SYMLINK_INSTALL=1 -DCMAKE_INSTALL_PREFIX=/home/ishaan/eboat_src/install/examples_rclcpp_wait_set
[1.739s] Invoking command in '/home/ishaan/eboat_src/build/examples_rclcpp_wait_set': CMAKE_PREFIX_PATH=${CMAKE_PREFIX_PATH}:/opt/ros/kilted /usr/bin/cmake --build /home/ishaan/eboat_src/build/examples_rclcpp_wait_set -- -j16 -l16
[6.116s] [  4%] [32mBuilding CXX object CMakeFiles/talker.dir/src/talker.cpp.o[0m
[6.116s] [  8%] [32mBuilding CXX object CMakeFiles/wait_set_talker.dir/rclcpp_components/node_main_wait_set_talker.cpp.o[0m
[6.116s] [ 12%] [32mBuilding CXX object CMakeFiles/listener.dir/src/listener.cpp.o[0m
[6.116s] [ 16%] [32mBuilding CXX object CMakeFiles/wait_set_listener.dir/rclcpp_components/node_main_wait_set_listener.cpp.o[0m
[6.116s] [ 20%] [32mBuilding CXX object CMakeFiles/static_wait_set.dir/src/static_wait_set.cpp.o[0m
[6.116s] [ 25%] [32mBuilding CXX object CMakeFiles/wait_set.dir/src/wait_set.cpp.o[0m
[6.116s] [ 29%] [32mBuilding CXX object CMakeFiles/wait_set_random_order.dir/src/wait_set_random_order.cpp.o[0m
[6.116s] [ 33%] [32mBuilding CXX object CMakeFiles/thread_safe_wait_set.dir/src/thread_safe_wait_set.cpp.o[0m
[6.117s] [ 37%] [32mBuilding CXX object CMakeFiles/wait_set_topics_and_timer.dir/src/wait_set_topics_and_timer.cpp.o[0m
[6.117s] [ 41%] [32mBuilding CXX object CMakeFiles/executor_random_order.dir/src/executor_random_order.cpp.o[0m
[6.117s] [ 45%] [32mBuilding CXX object CMakeFiles/wait_set_topics_with_different_rates.dir/src/wait_set_topics_with_different_rates.cpp.o[0m
[6.117s] gmake[2]: *** [CMakeFiles/wait_set.dir/build.make:76: CMakeFiles/wait_set.dir/src/wait_set.cpp.o] Interrupt
[6.117s] gmake[2]: *** wait: No child processes.  Stop.
[6.117s] gmake[2]: *** Waiting for unfinished jobs....
[6.117s] gmake[2]: *** wait: No child processes.  Stop.
[6.117s] gmake[2]: *** [CMakeFiles/static_wait_set.dir/build.make:76: CMakeFiles/static_wait_set.dir/src/static_wait_set.cpp.o] Interrupt
[6.117s] gmake[1]: *** [CMakeFiles/Makefile2:263: CMakeFiles/wait_set.dir/all] Interrupt
[6.117s] gmake[1]: *** [CMakeFiles/Makefile2:289: CMakeFiles/static_wait_set.dir/all] Interrupt
[6.117s] gmake[2]: *** [CMakeFiles/thread_safe_wait_set.dir/build.make:76: CMakeFiles/thread_safe_wait_set.dir/src/thread_safe_wait_set.cpp.o] Interrupt
[6.118s] gmake[2]: *** [CMakeFiles/wait_set_listener.dir/build.make:76: CMakeFiles/wait_set_listener.dir/rclcpp_components/node_main_wait_set_listener.cpp.o] Interrupt
[6.118s] gmake[2]: *** [CMakeFiles/listener.dir/build.make:76: CMakeFiles/listener.dir/src/listener.cpp.o] Interrupt
[6.118s] gmake[1]: *** [CMakeFiles/Makefile2:315: CMakeFiles/thread_safe_wait_set.dir/all] Interrupt
[6.118s] gmake[1]: *** [CMakeFiles/Makefile2:237: CMakeFiles/wait_set_listener.dir/all] Interrupt
[6.118s] gmake[1]: *** [CMakeFiles/Makefile2:211: CMakeFiles/listener.dir/all] Interrupt
[6.118s] gmake[2]: *** wait: No child processes.  Stop.
[6.118s] gmake[2]: *** Waiting for unfinished jobs....
[6.118s] gmake[2]: *** wait: No child processes.  Stop.
[6.118s] gmake[1]: *** [CMakeFiles/Makefile2:419: CMakeFiles/wait_set_topics_with_different_rates.dir/all] Error 2
[6.118s] gmake[2]: *** wait: No child processes.  Stop.
[6.118s] gmake[2]: *** Waiting for unfinished jobs....
[6.118s] gmake[2]: *** wait: No child processes.  Stop.
[6.118s] gmake[1]: *** [CMakeFiles/Makefile2:367: CMakeFiles/wait_set_random_order.dir/all] Error 2
[6.118s] gmake[2]: *** [CMakeFiles/talker.dir/build.make:76: CMakeFiles/talker.dir/src/talker.cpp.o] Interrupt
[6.118s] gmake[1]: *** [CMakeFiles/Makefile2:159: CMakeFiles/talker.dir/all] Interrupt
[6.118s] gmake[2]: *** [CMakeFiles/executor_random_order.dir/build.make:76: CMakeFiles/executor_random_order.dir/src/executor_random_order.cpp.o] Interrupt
[6.118s] gmake[1]: *** [CMakeFiles/Makefile2:393: CMakeFiles/executor_random_order.dir/all] Interrupt
[6.118s] gmake[2]: *** [CMakeFiles/wait_set_topics_and_timer.dir/build.make:76: CMakeFiles/wait_set_topics_and_timer.dir/src/wait_set_topics_and_timer.cpp.o] Interrupt
[6.118s] gmake[1]: *** [CMakeFiles/Makefile2:341: CMakeFiles/wait_set_topics_and_timer.dir/all] Interrupt
[6.119s] gmake[1]: *** wait: No child processes.  Stop.
[6.119s] gmake[1]: *** Waiting for unfinished jobs....
[6.119s] gmake[1]: *** wait: No child processes.  Stop.
[6.119s] gmake: *** [Makefile:146: all] Error 2
