[0.664s] Invoking command in '/home/ishaan/eboat_src/ros_ws/src/shore_comms': PYTHONPATH=/home/ishaan/eboat_src/build/shore_comms/prefix_override:/usr/lib/python3/dist-packages/colcon_core/task/python/colcon_distutils_commands:/home/ishaan/eboat_src/install/shore_comms/lib/python3.12/site-packages:${PYTHONPATH} /usr/bin/python3 -W ignore:setup.py install is deprecated -W ignore:easy_install command is deprecated setup.py egg_info --egg-base ../../../build/shore_comms build --build-base /home/ishaan/eboat_src/build/shore_comms/build install --record /home/ishaan/eboat_src/build/shore_comms/install.log --single-version-externally-managed install_data
[0.823s] running egg_info
[0.832s] writing ../../../build/shore_comms/shore_comms.egg-info/PKG-INFO
[0.832s] writing dependency_links to ../../../build/shore_comms/shore_comms.egg-info/dependency_links.txt
[0.832s] writing entry points to ../../../build/shore_comms/shore_comms.egg-info/entry_points.txt
[0.833s] writing requirements to ../../../build/shore_comms/shore_comms.egg-info/requires.txt
[0.833s] writing top-level names to ../../../build/shore_comms/shore_comms.egg-info/top_level.txt
[0.856s] reading manifest file '../../../build/shore_comms/shore_comms.egg-info/SOURCES.txt'
[0.856s] adding license file 'LICENSE'
[0.857s] writing manifest file '../../../build/shore_comms/shore_comms.egg-info/SOURCES.txt'
[0.857s] running build
[0.857s] running build_py
[0.857s] copying shore_comms/main.py -> /home/ishaan/eboat_src/build/shore_comms/build/lib/shore_comms
[0.858s] running install
[0.863s] running install_lib
[0.874s] copying /home/ishaan/eboat_src/build/shore_comms/build/lib/shore_comms/main.py -> /home/ishaan/eboat_src/install/shore_comms/lib/python3.12/site-packages/shore_comms
[0.875s] byte-compiling /home/ishaan/eboat_src/install/shore_comms/lib/python3.12/site-packages/shore_comms/main.py to main.cpython-312.pyc
[0.876s] running install_data
[0.877s] running install_egg_info
[0.888s] removing '/home/ishaan/eboat_src/install/shore_comms/lib/python3.12/site-packages/shore_comms-0.0.0-py3.12.egg-info' (and everything under it)
[0.889s] Copying ../../../build/shore_comms/shore_comms.egg-info to /home/ishaan/eboat_src/install/shore_comms/lib/python3.12/site-packages/shore_comms-0.0.0-py3.12.egg-info
[0.889s] running install_scripts
[0.972s] Installing shore script to /home/ishaan/eboat_src/install/shore_comms/lib/shore_comms
[0.972s] writing list of installed files to '/home/ishaan/eboat_src/build/shore_comms/install.log'
[1.014s] Invoked command in '/home/ishaan/eboat_src/ros_ws/src/shore_comms' returned '0': PYTHONPATH=/home/ishaan/eboat_src/build/shore_comms/prefix_override:/usr/lib/python3/dist-packages/colcon_core/task/python/colcon_distutils_commands:/home/ishaan/eboat_src/install/shore_comms/lib/python3.12/site-packages:${PYTHONPATH} /usr/bin/python3 -W ignore:setup.py install is deprecated -W ignore:easy_install command is deprecated setup.py egg_info --egg-base ../../../build/shore_comms build --build-base /home/ishaan/eboat_src/build/shore_comms/build install --record /home/ishaan/eboat_src/build/shore_comms/install.log --single-version-externally-managed install_data
