[3.081s] Invoking command in '/home/ishaan/Stevens-Electric-Boatworks/ros_ws/build/examples_rclpy_guard_conditions': PYTHONPATH=/home/ishaan/Stevens-Electric-Boatworks/ros_ws/build/examples_rclpy_guard_conditions/prefix_override:/usr/lib/python3/dist-packages/colcon_core/task/python/colcon_distutils_commands:/home/ishaan/Stevens-Electric-Boatworks/ros_ws/install/examples_rclpy_guard_conditions/lib/python3.12/site-packages:${PYTHONPATH} /usr/bin/python3 -W ignore:setup.py install is deprecated -W ignore:easy_install command is deprecated setup.py develop --uninstall --editable --build-directory /home/ishaan/Stevens-Electric-Boatworks/ros_ws/build/examples_rclpy_guard_conditions/build
[3.318s] running develop
[3.542s] Removing /home/ishaan/Stevens-Electric-Boatworks/ros_ws/install/examples_rclpy_guard_conditions/lib/python3.12/site-packages/examples-rclpy-guard-conditions.egg-link (link to .)
[3.621s] Invoked command in '/home/ishaan/Stevens-Electric-Boatworks/ros_ws/build/examples_rclpy_guard_conditions' returned '0': PYTHONPATH=/home/ishaan/Stevens-Electric-Boatworks/ros_ws/build/examples_rclpy_guard_conditions/prefix_override:/usr/lib/python3/dist-packages/colcon_core/task/python/colcon_distutils_commands:/home/ishaan/Stevens-Electric-Boatworks/ros_ws/install/examples_rclpy_guard_conditions/lib/python3.12/site-packages:${PYTHONPATH} /usr/bin/python3 -W ignore:setup.py install is deprecated -W ignore:easy_install command is deprecated setup.py develop --uninstall --editable --build-directory /home/ishaan/Stevens-Electric-Boatworks/ros_ws/build/examples_rclpy_guard_conditions/build
[3.623s] Invoking command in '/home/ishaan/Stevens-Electric-Boatworks/ros_ws/src/examples/rclpy/guard_conditions': PYTHONPATH=/home/ishaan/Stevens-Electric-Boatworks/ros_ws/build/examples_rclpy_guard_conditions/prefix_override:/usr/lib/python3/dist-packages/colcon_core/task/python/colcon_distutils_commands:/home/ishaan/Stevens-Electric-Boatworks/ros_ws/install/examples_rclpy_guard_conditions/lib/python3.12/site-packages:${PYTHONPATH} /usr/bin/python3 -W ignore:setup.py install is deprecated -W ignore:easy_install command is deprecated setup.py egg_info --egg-base ../../../../build/examples_rclpy_guard_conditions build --build-base /home/ishaan/Stevens-Electric-Boatworks/ros_ws/build/examples_rclpy_guard_conditions/build install --record /home/ishaan/Stevens-Electric-Boatworks/ros_ws/build/examples_rclpy_guard_conditions/install.log --single-version-externally-managed install_data --force
[3.879s] running egg_info
[3.896s] writing ../../../../build/examples_rclpy_guard_conditions/examples_rclpy_guard_conditions.egg-info/PKG-INFO
[3.896s] writing dependency_links to ../../../../build/examples_rclpy_guard_conditions/examples_rclpy_guard_conditions.egg-info/dependency_links.txt
[3.897s] writing entry points to ../../../../build/examples_rclpy_guard_conditions/examples_rclpy_guard_conditions.egg-info/entry_points.txt
[3.897s] writing requirements to ../../../../build/examples_rclpy_guard_conditions/examples_rclpy_guard_conditions.egg-info/requires.txt
[3.897s] writing top-level names to ../../../../build/examples_rclpy_guard_conditions/examples_rclpy_guard_conditions.egg-info/top_level.txt
[3.943s] reading manifest file '../../../../build/examples_rclpy_guard_conditions/examples_rclpy_guard_conditions.egg-info/SOURCES.txt'
[3.943s] writing manifest file '../../../../build/examples_rclpy_guard_conditions/examples_rclpy_guard_conditions.egg-info/SOURCES.txt'
[3.943s] running build
[3.944s] running build_py
[3.944s] creating /home/ishaan/Stevens-Electric-Boatworks/ros_ws/build/examples_rclpy_guard_conditions/build
[3.944s] creating /home/ishaan/Stevens-Electric-Boatworks/ros_ws/build/examples_rclpy_guard_conditions/build/lib
[3.944s] creating /home/ishaan/Stevens-Electric-Boatworks/ros_ws/build/examples_rclpy_guard_conditions/build/lib/examples_rclpy_guard_conditions
[3.944s] copying examples_rclpy_guard_conditions/trigger_guard_condition.py -> /home/ishaan/Stevens-Electric-Boatworks/ros_ws/build/examples_rclpy_guard_conditions/build/lib/examples_rclpy_guard_conditions
[3.944s] copying examples_rclpy_guard_conditions/__init__.py -> /home/ishaan/Stevens-Electric-Boatworks/ros_ws/build/examples_rclpy_guard_conditions/build/lib/examples_rclpy_guard_conditions
[3.944s] running install
[3.956s] running install_lib
[3.975s] creating /home/ishaan/Stevens-Electric-Boatworks/ros_ws/install/examples_rclpy_guard_conditions/lib/python3.12/site-packages/examples_rclpy_guard_conditions
[3.975s] copying /home/ishaan/Stevens-Electric-Boatworks/ros_ws/build/examples_rclpy_guard_conditions/build/lib/examples_rclpy_guard_conditions/trigger_guard_condition.py -> /home/ishaan/Stevens-Electric-Boatworks/ros_ws/install/examples_rclpy_guard_conditions/lib/python3.12/site-packages/examples_rclpy_guard_conditions
[3.976s] copying /home/ishaan/Stevens-Electric-Boatworks/ros_ws/build/examples_rclpy_guard_conditions/build/lib/examples_rclpy_guard_conditions/__init__.py -> /home/ishaan/Stevens-Electric-Boatworks/ros_ws/install/examples_rclpy_guard_conditions/lib/python3.12/site-packages/examples_rclpy_guard_conditions
[3.976s] byte-compiling /home/ishaan/Stevens-Electric-Boatworks/ros_ws/install/examples_rclpy_guard_conditions/lib/python3.12/site-packages/examples_rclpy_guard_conditions/trigger_guard_condition.py to trigger_guard_condition.cpython-312.pyc
[3.977s] byte-compiling /home/ishaan/Stevens-Electric-Boatworks/ros_ws/install/examples_rclpy_guard_conditions/lib/python3.12/site-packages/examples_rclpy_guard_conditions/__init__.py to __init__.cpython-312.pyc
[3.977s] running install_data
[3.978s] copying resource/examples_rclpy_guard_conditions -> /home/ishaan/Stevens-Electric-Boatworks/ros_ws/install/examples_rclpy_guard_conditions/share/ament_index/resource_index/packages
[3.978s] copying package.xml -> /home/ishaan/Stevens-Electric-Boatworks/ros_ws/install/examples_rclpy_guard_conditions/share/examples_rclpy_guard_conditions
[3.979s] running install_egg_info
[3.998s] Copying ../../../../build/examples_rclpy_guard_conditions/examples_rclpy_guard_conditions.egg-info to /home/ishaan/Stevens-Electric-Boatworks/ros_ws/install/examples_rclpy_guard_conditions/lib/python3.12/site-packages/examples_rclpy_guard_conditions-0.20.5-py3.12.egg-info
[3.999s] running install_scripts
[4.112s] Installing trigger_guard_condition script to /home/ishaan/Stevens-Electric-Boatworks/ros_ws/install/examples_rclpy_guard_conditions/lib/examples_rclpy_guard_conditions
[4.112s] writing list of installed files to '/home/ishaan/Stevens-Electric-Boatworks/ros_ws/build/examples_rclpy_guard_conditions/install.log'
[4.174s] Invoked command in '/home/ishaan/Stevens-Electric-Boatworks/ros_ws/src/examples/rclpy/guard_conditions' returned '0': PYTHONPATH=/home/ishaan/Stevens-Electric-Boatworks/ros_ws/build/examples_rclpy_guard_conditions/prefix_override:/usr/lib/python3/dist-packages/colcon_core/task/python/colcon_distutils_commands:/home/ishaan/Stevens-Electric-Boatworks/ros_ws/install/examples_rclpy_guard_conditions/lib/python3.12/site-packages:${PYTHONPATH} /usr/bin/python3 -W ignore:setup.py install is deprecated -W ignore:easy_install command is deprecated setup.py egg_info --egg-base ../../../../build/examples_rclpy_guard_conditions build --build-base /home/ishaan/Stevens-Electric-Boatworks/ros_ws/build/examples_rclpy_guard_conditions/build install --record /home/ishaan/Stevens-Electric-Boatworks/ros_ws/build/examples_rclpy_guard_conditions/install.log --single-version-externally-managed install_data --force
