[0.157s] Invoking command in '/home/ishaan/eboat_src/build/gpio_interfaces': CMAKE_PREFIX_PATH=${CMAKE_PREFIX_PATH}:/home/ishaan/eboat_src/install/shore_comms:/home/ishaan/eboat_src/install/examples_rclpy_minimal_action_client:/home/ishaan/eboat_src/install/examples_rclpy_guard_conditions:/home/ishaan/eboat_src/install/examples_rclpy_executors:/home/ishaan/eboat_src/install/GPIO_Test:/opt/ros/kilted /usr/bin/cmake /home/ishaan/eboat_src/ros_ws/src/gpio_interfaces -DCMAKE_INSTALL_PREFIX=/home/ishaan/eboat_src/install/gpio_interfaces
[0.169s] -- Found ament_cmake: 2.7.3 (/opt/ros/kilted/share/ament_cmake/cmake)
[0.336s] -- Found ament_lint_auto: 0.19.2 (/opt/ros/kilted/share/ament_lint_auto/cmake)
[0.410s] -- Found rosidl_default_generators: 1.7.1 (/opt/ros/kilted/share/rosidl_default_generators/cmake)
[0.411s] -- Using all available rosidl_typesupport_c: rosidl_typesupport_fastrtps_c;rosidl_typesupport_introspection_c
[0.606s] -- Using all available rosidl_typesupport_cpp: rosidl_typesupport_fastrtps_cpp;rosidl_typesupport_introspection_cpp
[0.623s] -- Found rosidl_adapter: 4.9.5 (/opt/ros/kilted/share/rosidl_adapter/cmake)
[0.833s] [31mCMake Error at /opt/ros/kilted/share/rosidl_adapter/cmake/rosidl_adapt_interfaces.cmake:57 (message):
[0.833s]   execute_process(/usr/bin/python3 -m rosidl_adapter --package-name
[0.833s]   gpio_interfaces --arguments-file
[0.833s]   /home/ishaan/eboat_src/build/gpio_interfaces/rosidl_adapter__arguments__gpio_interfaces.json
[0.833s]   --output-dir
[0.833s]   /home/ishaan/eboat_src/build/gpio_interfaces/rosidl_adapter/gpio_interfaces
[0.833s]   --output-file
[0.833s]   /home/ishaan/eboat_src/build/gpio_interfaces/rosidl_adapter/gpio_interfaces.idls)
[0.833s]   returned error code 1:
[0.833s] 
[0.833s]   Error processing 'float imu_x' of 'gpio_interfaces/GPIOResult': ''float' is
[0.833s]   an invalid message name.  It should have the pattern '^[A-Z][A-Za-z0-9]*$''
[0.833s] 
[0.834s]   Traceback (most recent call last):
[0.834s] 
[0.834s]     File "<frozen runpy>", line 198, in _run_module_as_main
[0.834s]     File "<frozen runpy>", line 88, in _run_code
[0.834s]     File "/opt/ros/kilted/lib/python3.12/site-packages/rosidl_adapter/__main__.py", line 19, in <module>
[0.834s]       main()
[0.834s]     File "/opt/ros/kilted/lib/python3.12/site-packages/rosidl_adapter/main.py", line 54, in main
[0.834s]       abs_idl_file = convert_to_idl(
[0.834s]                      ^^^^^^^^^^^^^^^
[0.834s]     File "/opt/ros/kilted/lib/python3.12/site-packages/rosidl_adapter/__init__.py", line 22, in convert_to_idl
[0.834s]       return convert_msg_to_idl(
[0.834s]              ^^^^^^^^^^^^^^^^^^^
[0.834s]     File "/opt/ros/kilted/lib/python3.12/site-packages/rosidl_adapter/msg/__init__.py", line 32, in convert_msg_to_idl
[0.834s]       msg = parse_message_string(package_name, input_file.stem, content)
[0.834s]             ^^^^^^^^^^^^^^^^^^^^^^^^^^^^^^^^^^^^^^^^^^^^^^^^^^^^^^^^^^^^
[0.834s]     File "/opt/ros/kilted/lib/python3.12/site-packages/rosidl_adapter/parser.py", line 539, in parse_message_string
[0.834s]       Type(type_string, context_package_name=pkg_name),
[0.834s]       ^^^^^^^^^^^^^^^^^^^^^^^^^^^^^^^^^^^^^^^^^^^^^^^^
[0.834s]     File "/opt/ros/kilted/lib/python3.12/site-packages/rosidl_adapter/parser.py", line 293, in __init__
[0.834s]       super(Type, self).__init__(
[0.834s]     File "/opt/ros/kilted/lib/python3.12/site-packages/rosidl_adapter/parser.py", line 221, in __init__
[0.834s]       raise InvalidResourceName(
[0.834s] 
[0.834s]   rosidl_adapter.parser.InvalidResourceName: 'float' is an invalid message
[0.834s]   name.  It should have the pattern '^[A-Z][A-Za-z0-9]*$'
[0.834s] 
[0.834s] Call Stack (most recent call first):
[0.834s]   /opt/ros/kilted/share/rosidl_cmake/cmake/rosidl_generate_interfaces.cmake:132 (rosidl_adapt_interfaces)
[0.834s]   CMakeLists.txt:27 (rosidl_generate_interfaces)
[0.834s] 
[0.834s] [0m
[0.835s] -- Configuring incomplete, errors occurred!
[0.839s] Invoked command in '/home/ishaan/eboat_src/build/gpio_interfaces' returned '1': CMAKE_PREFIX_PATH=${CMAKE_PREFIX_PATH}:/home/ishaan/eboat_src/install/shore_comms:/home/ishaan/eboat_src/install/examples_rclpy_minimal_action_client:/home/ishaan/eboat_src/install/examples_rclpy_guard_conditions:/home/ishaan/eboat_src/install/examples_rclpy_executors:/home/ishaan/eboat_src/install/GPIO_Test:/opt/ros/kilted /usr/bin/cmake /home/ishaan/eboat_src/ros_ws/src/gpio_interfaces -DCMAKE_INSTALL_PREFIX=/home/ishaan/eboat_src/install/gpio_interfaces
