[0.376s] DEBUG:colcon:Command line arguments: ['/usr/bin/colcon', 'build', '--packages-select', 'GPIO_Test', 'shore_comms']
[0.376s] DEBUG:colcon:Parsed command line arguments: Namespace(log_base=None, log_level=None, verb_name='build', build_base='build', install_base='install', merge_install=False, symlink_install=False, test_result_base=None, continue_on_error=False, executor='parallel', parallel_workers=16, event_handlers=None, ignore_user_meta=False, metas=['./colcon.meta'], base_paths=['.'], packages_ignore=None, packages_ignore_regex=None, paths=None, packages_up_to=None, packages_up_to_regex=None, packages_above=None, packages_above_and_dependencies=None, packages_above_depth=None, packages_select_by_dep=None, packages_skip_by_dep=None, packages_skip_up_to=None, packages_select_build_failed=False, packages_skip_build_finished=False, packages_select_test_failures=False, packages_skip_test_passed=False, packages_select=['GPIO_Test', 'shore_comms'], packages_skip=None, packages_select_regex=None, packages_skip_regex=None, packages_start=None, packages_end=None, allow_overriding=[], cmake_args=None, cmake_target=None, cmake_target_skip_unavailable=False, cmake_clean_cache=False, cmake_clean_first=False, cmake_force_configure=False, ament_cmake_args=None, catkin_cmake_args=None, catkin_skip_building_tests=False, mixin_files=None, mixin=None, verb_parser=<colcon_mixin.mixin.mixin_argument.MixinArgumentDecorator object at 0x766572d9a120>, verb_extension=<colcon_core.verb.build.BuildVerb object at 0x766572d99910>, main=<bound method BuildVerb.main of <colcon_core.verb.build.BuildVerb object at 0x766572d99910>>, mixin_verb=('build',))
[0.422s] Level 1:colcon.colcon_core.package_discovery:discover_packages(colcon_meta) check parameters
[0.422s] Level 1:colcon.colcon_core.package_discovery:discover_packages(recursive) check parameters
[0.422s] Level 1:colcon.colcon_core.package_discovery:discover_packages(ignore) check parameters
[0.422s] Level 1:colcon.colcon_core.package_discovery:discover_packages(path) check parameters
[0.422s] Level 1:colcon.colcon_core.package_discovery:discover_packages(colcon_meta) discover
[0.422s] Level 1:colcon.colcon_core.package_discovery:discover_packages(recursive) discover
[0.422s] INFO:colcon.colcon_core.package_discovery:Crawling recursively for packages in '/home/ishaan/eboat_src'
[0.422s] Level 1:colcon.colcon_core.package_identification:_identify(.) by extensions ['ignore', 'ignore_ament_install']
[0.422s] Level 1:colcon.colcon_core.package_identification:_identify(.) by extension 'ignore'
[0.422s] Level 1:colcon.colcon_core.package_identification:_identify(.) by extension 'ignore_ament_install'
[0.422s] Level 1:colcon.colcon_core.package_identification:_identify(.) by extensions ['colcon_pkg']
[0.422s] Level 1:colcon.colcon_core.package_identification:_identify(.) by extension 'colcon_pkg'
[0.422s] Level 1:colcon.colcon_core.package_identification:_identify(.) by extensions ['colcon_meta']
[0.422s] Level 1:colcon.colcon_core.package_identification:_identify(.) by extension 'colcon_meta'
[0.422s] Level 1:colcon.colcon_core.package_identification:_identify(.) by extensions ['ros']
[0.422s] Level 1:colcon.colcon_core.package_identification:_identify(.) by extension 'ros'
[0.471s] Level 1:colcon.colcon_core.package_identification:_identify(.) by extensions ['cmake', 'python']
[0.471s] Level 1:colcon.colcon_core.package_identification:_identify(.) by extension 'cmake'
[0.471s] Level 1:colcon.colcon_core.package_identification:_identify(.) by extension 'python'
[0.471s] Level 1:colcon.colcon_core.package_identification:_identify(.) by extensions ['python_setup_py']
[0.471s] Level 1:colcon.colcon_core.package_identification:_identify(.) by extension 'python_setup_py'
[0.471s] Level 1:colcon.colcon_core.package_identification:_identify(build) by extensions ['ignore', 'ignore_ament_install']
[0.471s] Level 1:colcon.colcon_core.package_identification:_identify(build) by extension 'ignore'
[0.471s] Level 1:colcon.colcon_core.package_identification:_identify(build) ignored
[0.472s] Level 1:colcon.colcon_core.package_identification:_identify(diagrams) by extensions ['ignore', 'ignore_ament_install']
[0.472s] Level 1:colcon.colcon_core.package_identification:_identify(diagrams) by extension 'ignore'
[0.472s] Level 1:colcon.colcon_core.package_identification:_identify(diagrams) by extension 'ignore_ament_install'
[0.472s] Level 1:colcon.colcon_core.package_identification:_identify(diagrams) by extensions ['colcon_pkg']
[0.472s] Level 1:colcon.colcon_core.package_identification:_identify(diagrams) by extension 'colcon_pkg'
[0.472s] Level 1:colcon.colcon_core.package_identification:_identify(diagrams) by extensions ['colcon_meta']
[0.472s] Level 1:colcon.colcon_core.package_identification:_identify(diagrams) by extension 'colcon_meta'
[0.472s] Level 1:colcon.colcon_core.package_identification:_identify(diagrams) by extensions ['ros']
[0.472s] Level 1:colcon.colcon_core.package_identification:_identify(diagrams) by extension 'ros'
[0.472s] Level 1:colcon.colcon_core.package_identification:_identify(diagrams) by extensions ['cmake', 'python']
[0.472s] Level 1:colcon.colcon_core.package_identification:_identify(diagrams) by extension 'cmake'
[0.472s] Level 1:colcon.colcon_core.package_identification:_identify(diagrams) by extension 'python'
[0.472s] Level 1:colcon.colcon_core.package_identification:_identify(diagrams) by extensions ['python_setup_py']
[0.472s] Level 1:colcon.colcon_core.package_identification:_identify(diagrams) by extension 'python_setup_py'
[0.472s] Level 1:colcon.colcon_core.package_identification:_identify(install) by extensions ['ignore', 'ignore_ament_install']
[0.472s] Level 1:colcon.colcon_core.package_identification:_identify(install) by extension 'ignore'
[0.472s] Level 1:colcon.colcon_core.package_identification:_identify(install) ignored
[0.472s] Level 1:colcon.colcon_core.package_identification:_identify(log) by extensions ['ignore', 'ignore_ament_install']
[0.472s] Level 1:colcon.colcon_core.package_identification:_identify(log) by extension 'ignore'
[0.472s] Level 1:colcon.colcon_core.package_identification:_identify(log) ignored
[0.472s] Level 1:colcon.colcon_core.package_identification:_identify(ros_ws) by extensions ['ignore', 'ignore_ament_install']
[0.472s] Level 1:colcon.colcon_core.package_identification:_identify(ros_ws) by extension 'ignore'
[0.472s] Level 1:colcon.colcon_core.package_identification:_identify(ros_ws) by extension 'ignore_ament_install'
[0.472s] Level 1:colcon.colcon_core.package_identification:_identify(ros_ws) by extensions ['colcon_pkg']
[0.472s] Level 1:colcon.colcon_core.package_identification:_identify(ros_ws) by extension 'colcon_pkg'
[0.472s] Level 1:colcon.colcon_core.package_identification:_identify(ros_ws) by extensions ['colcon_meta']
[0.472s] Level 1:colcon.colcon_core.package_identification:_identify(ros_ws) by extension 'colcon_meta'
[0.472s] Level 1:colcon.colcon_core.package_identification:_identify(ros_ws) by extensions ['ros']
[0.472s] Level 1:colcon.colcon_core.package_identification:_identify(ros_ws) by extension 'ros'
[0.472s] Level 1:colcon.colcon_core.package_identification:_identify(ros_ws) by extensions ['cmake', 'python']
[0.472s] Level 1:colcon.colcon_core.package_identification:_identify(ros_ws) by extension 'cmake'
[0.472s] Level 1:colcon.colcon_core.package_identification:_identify(ros_ws) by extension 'python'
[0.472s] Level 1:colcon.colcon_core.package_identification:_identify(ros_ws) by extensions ['python_setup_py']
[0.472s] Level 1:colcon.colcon_core.package_identification:_identify(ros_ws) by extension 'python_setup_py'
[0.473s] Level 1:colcon.colcon_core.package_identification:_identify(ros_ws/build) by extensions ['ignore', 'ignore_ament_install']
[0.473s] Level 1:colcon.colcon_core.package_identification:_identify(ros_ws/build) by extension 'ignore'
[0.473s] Level 1:colcon.colcon_core.package_identification:_identify(ros_ws/build) ignored
[0.473s] Level 1:colcon.colcon_core.package_identification:_identify(ros_ws/install) by extensions ['ignore', 'ignore_ament_install']
[0.473s] Level 1:colcon.colcon_core.package_identification:_identify(ros_ws/install) by extension 'ignore'
[0.474s] Level 1:colcon.colcon_core.package_identification:_identify(ros_ws/install) ignored
[0.474s] Level 1:colcon.colcon_core.package_identification:_identify(ros_ws/log) by extensions ['ignore', 'ignore_ament_install']
[0.474s] Level 1:colcon.colcon_core.package_identification:_identify(ros_ws/log) by extension 'ignore'
[0.474s] Level 1:colcon.colcon_core.package_identification:_identify(ros_ws/log) ignored
[0.474s] Level 1:colcon.colcon_core.package_identification:_identify(ros_ws/src) by extensions ['ignore', 'ignore_ament_install']
[0.474s] Level 1:colcon.colcon_core.package_identification:_identify(ros_ws/src) by extension 'ignore'
[0.474s] Level 1:colcon.colcon_core.package_identification:_identify(ros_ws/src) by extension 'ignore_ament_install'
[0.474s] Level 1:colcon.colcon_core.package_identification:_identify(ros_ws/src) by extensions ['colcon_pkg']
[0.474s] Level 1:colcon.colcon_core.package_identification:_identify(ros_ws/src) by extension 'colcon_pkg'
[0.474s] Level 1:colcon.colcon_core.package_identification:_identify(ros_ws/src) by extensions ['colcon_meta']
[0.474s] Level 1:colcon.colcon_core.package_identification:_identify(ros_ws/src) by extension 'colcon_meta'
[0.474s] Level 1:colcon.colcon_core.package_identification:_identify(ros_ws/src) by extensions ['ros']
[0.474s] Level 1:colcon.colcon_core.package_identification:_identify(ros_ws/src) by extension 'ros'
[0.474s] Level 1:colcon.colcon_core.package_identification:_identify(ros_ws/src) by extensions ['cmake', 'python']
[0.474s] Level 1:colcon.colcon_core.package_identification:_identify(ros_ws/src) by extension 'cmake'
[0.474s] Level 1:colcon.colcon_core.package_identification:_identify(ros_ws/src) by extension 'python'
[0.474s] Level 1:colcon.colcon_core.package_identification:_identify(ros_ws/src) by extensions ['python_setup_py']
[0.474s] Level 1:colcon.colcon_core.package_identification:_identify(ros_ws/src) by extension 'python_setup_py'
[0.474s] Level 1:colcon.colcon_core.package_identification:_identify(ros_ws/src/GPIO_Test) by extensions ['ignore', 'ignore_ament_install']
[0.475s] Level 1:colcon.colcon_core.package_identification:_identify(ros_ws/src/GPIO_Test) by extension 'ignore'
[0.475s] Level 1:colcon.colcon_core.package_identification:_identify(ros_ws/src/GPIO_Test) by extension 'ignore_ament_install'
[0.475s] Level 1:colcon.colcon_core.package_identification:_identify(ros_ws/src/GPIO_Test) by extensions ['colcon_pkg']
[0.475s] Level 1:colcon.colcon_core.package_identification:_identify(ros_ws/src/GPIO_Test) by extension 'colcon_pkg'
[0.475s] Level 1:colcon.colcon_core.package_identification:_identify(ros_ws/src/GPIO_Test) by extensions ['colcon_meta']
[0.475s] Level 1:colcon.colcon_core.package_identification:_identify(ros_ws/src/GPIO_Test) by extension 'colcon_meta'
[0.475s] Level 1:colcon.colcon_core.package_identification:_identify(ros_ws/src/GPIO_Test) by extensions ['ros']
[0.475s] Level 1:colcon.colcon_core.package_identification:_identify(ros_ws/src/GPIO_Test) by extension 'ros'
[0.477s] DEBUG:colcon.colcon_core.package_identification:Package 'ros_ws/src/GPIO_Test' with type 'ros.ament_python' and name 'GPIO_Test'
[0.478s] Level 1:colcon.colcon_core.package_identification:_identify(ros_ws/src/examples) by extensions ['ignore', 'ignore_ament_install']
[0.478s] Level 1:colcon.colcon_core.package_identification:_identify(ros_ws/src/examples) by extension 'ignore'
[0.478s] Level 1:colcon.colcon_core.package_identification:_identify(ros_ws/src/examples) by extension 'ignore_ament_install'
[0.478s] Level 1:colcon.colcon_core.package_identification:_identify(ros_ws/src/examples) by extensions ['colcon_pkg']
[0.478s] Level 1:colcon.colcon_core.package_identification:_identify(ros_ws/src/examples) by extension 'colcon_pkg'
[0.478s] Level 1:colcon.colcon_core.package_identification:_identify(ros_ws/src/examples) by extensions ['colcon_meta']
[0.478s] Level 1:colcon.colcon_core.package_identification:_identify(ros_ws/src/examples) by extension 'colcon_meta'
[0.478s] Level 1:colcon.colcon_core.package_identification:_identify(ros_ws/src/examples) by extensions ['ros']
[0.478s] Level 1:colcon.colcon_core.package_identification:_identify(ros_ws/src/examples) by extension 'ros'
[0.478s] Level 1:colcon.colcon_core.package_identification:_identify(ros_ws/src/examples) by extensions ['cmake', 'python']
[0.478s] Level 1:colcon.colcon_core.package_identification:_identify(ros_ws/src/examples) by extension 'cmake'
[0.478s] Level 1:colcon.colcon_core.package_identification:_identify(ros_ws/src/examples) by extension 'python'
[0.478s] Level 1:colcon.colcon_core.package_identification:_identify(ros_ws/src/examples) by extensions ['python_setup_py']
[0.478s] Level 1:colcon.colcon_core.package_identification:_identify(ros_ws/src/examples) by extension 'python_setup_py'
[0.479s] Level 1:colcon.colcon_core.package_identification:_identify(ros_ws/src/examples/launch_testing) by extensions ['ignore', 'ignore_ament_install']
[0.479s] Level 1:colcon.colcon_core.package_identification:_identify(ros_ws/src/examples/launch_testing) by extension 'ignore'
[0.479s] Level 1:colcon.colcon_core.package_identification:_identify(ros_ws/src/examples/launch_testing) by extension 'ignore_ament_install'
[0.479s] Level 1:colcon.colcon_core.package_identification:_identify(ros_ws/src/examples/launch_testing) by extensions ['colcon_pkg']
[0.479s] Level 1:colcon.colcon_core.package_identification:_identify(ros_ws/src/examples/launch_testing) by extension 'colcon_pkg'
[0.479s] Level 1:colcon.colcon_core.package_identification:_identify(ros_ws/src/examples/launch_testing) by extensions ['colcon_meta']
[0.479s] Level 1:colcon.colcon_core.package_identification:_identify(ros_ws/src/examples/launch_testing) by extension 'colcon_meta'
[0.479s] Level 1:colcon.colcon_core.package_identification:_identify(ros_ws/src/examples/launch_testing) by extensions ['ros']
[0.479s] Level 1:colcon.colcon_core.package_identification:_identify(ros_ws/src/examples/launch_testing) by extension 'ros'
[0.479s] Level 1:colcon.colcon_core.package_identification:_identify(ros_ws/src/examples/launch_testing) by extensions ['cmake', 'python']
[0.479s] Level 1:colcon.colcon_core.package_identification:_identify(ros_ws/src/examples/launch_testing) by extension 'cmake'
[0.479s] Level 1:colcon.colcon_core.package_identification:_identify(ros_ws/src/examples/launch_testing) by extension 'python'
[0.479s] Level 1:colcon.colcon_core.package_identification:_identify(ros_ws/src/examples/launch_testing) by extensions ['python_setup_py']
[0.479s] Level 1:colcon.colcon_core.package_identification:_identify(ros_ws/src/examples/launch_testing) by extension 'python_setup_py'
[0.479s] Level 1:colcon.colcon_core.package_identification:_identify(ros_ws/src/examples/launch_testing/launch_testing_examples) by extensions ['ignore', 'ignore_ament_install']
[0.479s] Level 1:colcon.colcon_core.package_identification:_identify(ros_ws/src/examples/launch_testing/launch_testing_examples) by extension 'ignore'
[0.479s] Level 1:colcon.colcon_core.package_identification:_identify(ros_ws/src/examples/launch_testing/launch_testing_examples) by extension 'ignore_ament_install'
[0.480s] Level 1:colcon.colcon_core.package_identification:_identify(ros_ws/src/examples/launch_testing/launch_testing_examples) by extensions ['colcon_pkg']
[0.480s] Level 1:colcon.colcon_core.package_identification:_identify(ros_ws/src/examples/launch_testing/launch_testing_examples) by extension 'colcon_pkg'
[0.480s] Level 1:colcon.colcon_core.package_identification:_identify(ros_ws/src/examples/launch_testing/launch_testing_examples) by extensions ['colcon_meta']
[0.480s] Level 1:colcon.colcon_core.package_identification:_identify(ros_ws/src/examples/launch_testing/launch_testing_examples) by extension 'colcon_meta'
[0.480s] Level 1:colcon.colcon_core.package_identification:_identify(ros_ws/src/examples/launch_testing/launch_testing_examples) by extensions ['ros']
[0.480s] Level 1:colcon.colcon_core.package_identification:_identify(ros_ws/src/examples/launch_testing/launch_testing_examples) by extension 'ros'
[0.481s] DEBUG:colcon.colcon_core.package_identification:Package 'ros_ws/src/examples/launch_testing/launch_testing_examples' with type 'ros.ament_python' and name 'launch_testing_examples'
[0.482s] Level 1:colcon.colcon_core.package_identification:_identify(ros_ws/src/examples/rclcpp) by extensions ['ignore', 'ignore_ament_install']
[0.482s] Level 1:colcon.colcon_core.package_identification:_identify(ros_ws/src/examples/rclcpp) by extension 'ignore'
[0.482s] Level 1:colcon.colcon_core.package_identification:_identify(ros_ws/src/examples/rclcpp) by extension 'ignore_ament_install'
[0.482s] Level 1:colcon.colcon_core.package_identification:_identify(ros_ws/src/examples/rclcpp) by extensions ['colcon_pkg']
[0.482s] Level 1:colcon.colcon_core.package_identification:_identify(ros_ws/src/examples/rclcpp) by extension 'colcon_pkg'
[0.482s] Level 1:colcon.colcon_core.package_identification:_identify(ros_ws/src/examples/rclcpp) by extensions ['colcon_meta']
[0.482s] Level 1:colcon.colcon_core.package_identification:_identify(ros_ws/src/examples/rclcpp) by extension 'colcon_meta'
[0.482s] Level 1:colcon.colcon_core.package_identification:_identify(ros_ws/src/examples/rclcpp) by extensions ['ros']
[0.482s] Level 1:colcon.colcon_core.package_identification:_identify(ros_ws/src/examples/rclcpp) by extension 'ros'
[0.482s] Level 1:colcon.colcon_core.package_identification:_identify(ros_ws/src/examples/rclcpp) by extensions ['cmake', 'python']
[0.482s] Level 1:colcon.colcon_core.package_identification:_identify(ros_ws/src/examples/rclcpp) by extension 'cmake'
[0.482s] Level 1:colcon.colcon_core.package_identification:_identify(ros_ws/src/examples/rclcpp) by extension 'python'
[0.482s] Level 1:colcon.colcon_core.package_identification:_identify(ros_ws/src/examples/rclcpp) by extensions ['python_setup_py']
[0.482s] Level 1:colcon.colcon_core.package_identification:_identify(ros_ws/src/examples/rclcpp) by extension 'python_setup_py'
[0.482s] Level 1:colcon.colcon_core.package_identification:_identify(ros_ws/src/examples/rclcpp/actions) by extensions ['ignore', 'ignore_ament_install']
[0.482s] Level 1:colcon.colcon_core.package_identification:_identify(ros_ws/src/examples/rclcpp/actions) by extension 'ignore'
[0.482s] Level 1:colcon.colcon_core.package_identification:_identify(ros_ws/src/examples/rclcpp/actions) by extension 'ignore_ament_install'
[0.482s] Level 1:colcon.colcon_core.package_identification:_identify(ros_ws/src/examples/rclcpp/actions) by extensions ['colcon_pkg']
[0.482s] Level 1:colcon.colcon_core.package_identification:_identify(ros_ws/src/examples/rclcpp/actions) by extension 'colcon_pkg'
[0.483s] Level 1:colcon.colcon_core.package_identification:_identify(ros_ws/src/examples/rclcpp/actions) by extensions ['colcon_meta']
[0.483s] Level 1:colcon.colcon_core.package_identification:_identify(ros_ws/src/examples/rclcpp/actions) by extension 'colcon_meta'
[0.483s] Level 1:colcon.colcon_core.package_identification:_identify(ros_ws/src/examples/rclcpp/actions) by extensions ['ros']
[0.483s] Level 1:colcon.colcon_core.package_identification:_identify(ros_ws/src/examples/rclcpp/actions) by extension 'ros'
[0.483s] Level 1:colcon.colcon_core.package_identification:_identify(ros_ws/src/examples/rclcpp/actions) by extensions ['cmake', 'python']
[0.483s] Level 1:colcon.colcon_core.package_identification:_identify(ros_ws/src/examples/rclcpp/actions) by extension 'cmake'
[0.483s] Level 1:colcon.colcon_core.package_identification:_identify(ros_ws/src/examples/rclcpp/actions) by extension 'python'
[0.483s] Level 1:colcon.colcon_core.package_identification:_identify(ros_ws/src/examples/rclcpp/actions) by extensions ['python_setup_py']
[0.483s] Level 1:colcon.colcon_core.package_identification:_identify(ros_ws/src/examples/rclcpp/actions) by extension 'python_setup_py'
[0.483s] Level 1:colcon.colcon_core.package_identification:_identify(ros_ws/src/examples/rclcpp/actions/minimal_action_client) by extensions ['ignore', 'ignore_ament_install']
[0.483s] Level 1:colcon.colcon_core.package_identification:_identify(ros_ws/src/examples/rclcpp/actions/minimal_action_client) by extension 'ignore'
[0.483s] Level 1:colcon.colcon_core.package_identification:_identify(ros_ws/src/examples/rclcpp/actions/minimal_action_client) by extension 'ignore_ament_install'
[0.483s] Level 1:colcon.colcon_core.package_identification:_identify(ros_ws/src/examples/rclcpp/actions/minimal_action_client) by extensions ['colcon_pkg']
[0.483s] Level 1:colcon.colcon_core.package_identification:_identify(ros_ws/src/examples/rclcpp/actions/minimal_action_client) by extension 'colcon_pkg'
[0.483s] Level 1:colcon.colcon_core.package_identification:_identify(ros_ws/src/examples/rclcpp/actions/minimal_action_client) by extensions ['colcon_meta']
[0.483s] Level 1:colcon.colcon_core.package_identification:_identify(ros_ws/src/examples/rclcpp/actions/minimal_action_client) by extension 'colcon_meta'
[0.483s] Level 1:colcon.colcon_core.package_identification:_identify(ros_ws/src/examples/rclcpp/actions/minimal_action_client) by extensions ['ros']
[0.483s] Level 1:colcon.colcon_core.package_identification:_identify(ros_ws/src/examples/rclcpp/actions/minimal_action_client) by extension 'ros'
[0.484s] DEBUG:colcon.colcon_core.package_identification:Package 'ros_ws/src/examples/rclcpp/actions/minimal_action_client' with type 'ros.ament_cmake' and name 'examples_rclcpp_minimal_action_client'
[0.484s] Level 1:colcon.colcon_core.package_identification:_identify(ros_ws/src/examples/rclcpp/actions/minimal_action_server) by extensions ['ignore', 'ignore_ament_install']
[0.484s] Level 1:colcon.colcon_core.package_identification:_identify(ros_ws/src/examples/rclcpp/actions/minimal_action_server) by extension 'ignore'
[0.484s] Level 1:colcon.colcon_core.package_identification:_identify(ros_ws/src/examples/rclcpp/actions/minimal_action_server) by extension 'ignore_ament_install'
[0.484s] Level 1:colcon.colcon_core.package_identification:_identify(ros_ws/src/examples/rclcpp/actions/minimal_action_server) by extensions ['colcon_pkg']
[0.484s] Level 1:colcon.colcon_core.package_identification:_identify(ros_ws/src/examples/rclcpp/actions/minimal_action_server) by extension 'colcon_pkg'
[0.484s] Level 1:colcon.colcon_core.package_identification:_identify(ros_ws/src/examples/rclcpp/actions/minimal_action_server) by extensions ['colcon_meta']
[0.484s] Level 1:colcon.colcon_core.package_identification:_identify(ros_ws/src/examples/rclcpp/actions/minimal_action_server) by extension 'colcon_meta'
[0.484s] Level 1:colcon.colcon_core.package_identification:_identify(ros_ws/src/examples/rclcpp/actions/minimal_action_server) by extensions ['ros']
[0.484s] Level 1:colcon.colcon_core.package_identification:_identify(ros_ws/src/examples/rclcpp/actions/minimal_action_server) by extension 'ros'
[0.485s] DEBUG:colcon.colcon_core.package_identification:Package 'ros_ws/src/examples/rclcpp/actions/minimal_action_server' with type 'ros.ament_cmake' and name 'examples_rclcpp_minimal_action_server'
[0.485s] Level 1:colcon.colcon_core.package_identification:_identify(ros_ws/src/examples/rclcpp/composition) by extensions ['ignore', 'ignore_ament_install']
[0.485s] Level 1:colcon.colcon_core.package_identification:_identify(ros_ws/src/examples/rclcpp/composition) by extension 'ignore'
[0.485s] Level 1:colcon.colcon_core.package_identification:_identify(ros_ws/src/examples/rclcpp/composition) by extension 'ignore_ament_install'
[0.485s] Level 1:colcon.colcon_core.package_identification:_identify(ros_ws/src/examples/rclcpp/composition) by extensions ['colcon_pkg']
[0.485s] Level 1:colcon.colcon_core.package_identification:_identify(ros_ws/src/examples/rclcpp/composition) by extension 'colcon_pkg'
[0.485s] Level 1:colcon.colcon_core.package_identification:_identify(ros_ws/src/examples/rclcpp/composition) by extensions ['colcon_meta']
[0.485s] Level 1:colcon.colcon_core.package_identification:_identify(ros_ws/src/examples/rclcpp/composition) by extension 'colcon_meta'
[0.485s] Level 1:colcon.colcon_core.package_identification:_identify(ros_ws/src/examples/rclcpp/composition) by extensions ['ros']
[0.485s] Level 1:colcon.colcon_core.package_identification:_identify(ros_ws/src/examples/rclcpp/composition) by extension 'ros'
[0.485s] Level 1:colcon.colcon_core.package_identification:_identify(ros_ws/src/examples/rclcpp/composition) by extensions ['cmake', 'python']
[0.485s] Level 1:colcon.colcon_core.package_identification:_identify(ros_ws/src/examples/rclcpp/composition) by extension 'cmake'
[0.485s] Level 1:colcon.colcon_core.package_identification:_identify(ros_ws/src/examples/rclcpp/composition) by extension 'python'
[0.485s] Level 1:colcon.colcon_core.package_identification:_identify(ros_ws/src/examples/rclcpp/composition) by extensions ['python_setup_py']
[0.485s] Level 1:colcon.colcon_core.package_identification:_identify(ros_ws/src/examples/rclcpp/composition) by extension 'python_setup_py'
[0.486s] Level 1:colcon.colcon_core.package_identification:_identify(ros_ws/src/examples/rclcpp/composition/minimal_composition) by extensions ['ignore', 'ignore_ament_install']
[0.486s] Level 1:colcon.colcon_core.package_identification:_identify(ros_ws/src/examples/rclcpp/composition/minimal_composition) by extension 'ignore'
[0.486s] Level 1:colcon.colcon_core.package_identification:_identify(ros_ws/src/examples/rclcpp/composition/minimal_composition) by extension 'ignore_ament_install'
[0.486s] Level 1:colcon.colcon_core.package_identification:_identify(ros_ws/src/examples/rclcpp/composition/minimal_composition) by extensions ['colcon_pkg']
[0.486s] Level 1:colcon.colcon_core.package_identification:_identify(ros_ws/src/examples/rclcpp/composition/minimal_composition) by extension 'colcon_pkg'
[0.486s] Level 1:colcon.colcon_core.package_identification:_identify(ros_ws/src/examples/rclcpp/composition/minimal_composition) by extensions ['colcon_meta']
[0.486s] Level 1:colcon.colcon_core.package_identification:_identify(ros_ws/src/examples/rclcpp/composition/minimal_composition) by extension 'colcon_meta'
[0.486s] Level 1:colcon.colcon_core.package_identification:_identify(ros_ws/src/examples/rclcpp/composition/minimal_composition) by extensions ['ros']
[0.486s] Level 1:colcon.colcon_core.package_identification:_identify(ros_ws/src/examples/rclcpp/composition/minimal_composition) by extension 'ros'
[0.486s] DEBUG:colcon.colcon_core.package_identification:Package 'ros_ws/src/examples/rclcpp/composition/minimal_composition' with type 'ros.ament_cmake' and name 'examples_rclcpp_minimal_composition'
[0.487s] Level 1:colcon.colcon_core.package_identification:_identify(ros_ws/src/examples/rclcpp/executors) by extensions ['ignore', 'ignore_ament_install']
[0.487s] Level 1:colcon.colcon_core.package_identification:_identify(ros_ws/src/examples/rclcpp/executors) by extension 'ignore'
[0.487s] Level 1:colcon.colcon_core.package_identification:_identify(ros_ws/src/examples/rclcpp/executors) by extension 'ignore_ament_install'
[0.487s] Level 1:colcon.colcon_core.package_identification:_identify(ros_ws/src/examples/rclcpp/executors) by extensions ['colcon_pkg']
[0.487s] Level 1:colcon.colcon_core.package_identification:_identify(ros_ws/src/examples/rclcpp/executors) by extension 'colcon_pkg'
[0.487s] Level 1:colcon.colcon_core.package_identification:_identify(ros_ws/src/examples/rclcpp/executors) by extensions ['colcon_meta']
[0.487s] Level 1:colcon.colcon_core.package_identification:_identify(ros_ws/src/examples/rclcpp/executors) by extension 'colcon_meta'
[0.487s] Level 1:colcon.colcon_core.package_identification:_identify(ros_ws/src/examples/rclcpp/executors) by extensions ['ros']
[0.487s] Level 1:colcon.colcon_core.package_identification:_identify(ros_ws/src/examples/rclcpp/executors) by extension 'ros'
[0.487s] Level 1:colcon.colcon_core.package_identification:_identify(ros_ws/src/examples/rclcpp/executors) by extensions ['cmake', 'python']
[0.487s] Level 1:colcon.colcon_core.package_identification:_identify(ros_ws/src/examples/rclcpp/executors) by extension 'cmake'
[0.487s] Level 1:colcon.colcon_core.package_identification:_identify(ros_ws/src/examples/rclcpp/executors) by extension 'python'
[0.487s] Level 1:colcon.colcon_core.package_identification:_identify(ros_ws/src/examples/rclcpp/executors) by extensions ['python_setup_py']
[0.487s] Level 1:colcon.colcon_core.package_identification:_identify(ros_ws/src/examples/rclcpp/executors) by extension 'python_setup_py'
[0.488s] Level 1:colcon.colcon_core.package_identification:_identify(ros_ws/src/examples/rclcpp/executors/cbg_executor) by extensions ['ignore', 'ignore_ament_install']
[0.488s] Level 1:colcon.colcon_core.package_identification:_identify(ros_ws/src/examples/rclcpp/executors/cbg_executor) by extension 'ignore'
[0.488s] Level 1:colcon.colcon_core.package_identification:_identify(ros_ws/src/examples/rclcpp/executors/cbg_executor) by extension 'ignore_ament_install'
[0.488s] Level 1:colcon.colcon_core.package_identification:_identify(ros_ws/src/examples/rclcpp/executors/cbg_executor) by extensions ['colcon_pkg']
[0.488s] Level 1:colcon.colcon_core.package_identification:_identify(ros_ws/src/examples/rclcpp/executors/cbg_executor) by extension 'colcon_pkg'
[0.488s] Level 1:colcon.colcon_core.package_identification:_identify(ros_ws/src/examples/rclcpp/executors/cbg_executor) by extensions ['colcon_meta']
[0.488s] Level 1:colcon.colcon_core.package_identification:_identify(ros_ws/src/examples/rclcpp/executors/cbg_executor) by extension 'colcon_meta'
[0.488s] Level 1:colcon.colcon_core.package_identification:_identify(ros_ws/src/examples/rclcpp/executors/cbg_executor) by extensions ['ros']
[0.488s] Level 1:colcon.colcon_core.package_identification:_identify(ros_ws/src/examples/rclcpp/executors/cbg_executor) by extension 'ros'
[0.488s] DEBUG:colcon.colcon_core.package_identification:Package 'ros_ws/src/examples/rclcpp/executors/cbg_executor' with type 'ros.ament_cmake' and name 'examples_rclcpp_cbg_executor'
[0.489s] Level 1:colcon.colcon_core.package_identification:_identify(ros_ws/src/examples/rclcpp/executors/multithreaded_executor) by extensions ['ignore', 'ignore_ament_install']
[0.489s] Level 1:colcon.colcon_core.package_identification:_identify(ros_ws/src/examples/rclcpp/executors/multithreaded_executor) by extension 'ignore'
[0.489s] Level 1:colcon.colcon_core.package_identification:_identify(ros_ws/src/examples/rclcpp/executors/multithreaded_executor) by extension 'ignore_ament_install'
[0.489s] Level 1:colcon.colcon_core.package_identification:_identify(ros_ws/src/examples/rclcpp/executors/multithreaded_executor) by extensions ['colcon_pkg']
[0.489s] Level 1:colcon.colcon_core.package_identification:_identify(ros_ws/src/examples/rclcpp/executors/multithreaded_executor) by extension 'colcon_pkg'
[0.489s] Level 1:colcon.colcon_core.package_identification:_identify(ros_ws/src/examples/rclcpp/executors/multithreaded_executor) by extensions ['colcon_meta']
[0.489s] Level 1:colcon.colcon_core.package_identification:_identify(ros_ws/src/examples/rclcpp/executors/multithreaded_executor) by extension 'colcon_meta'
[0.489s] Level 1:colcon.colcon_core.package_identification:_identify(ros_ws/src/examples/rclcpp/executors/multithreaded_executor) by extensions ['ros']
[0.489s] Level 1:colcon.colcon_core.package_identification:_identify(ros_ws/src/examples/rclcpp/executors/multithreaded_executor) by extension 'ros'
[0.489s] DEBUG:colcon.colcon_core.package_identification:Package 'ros_ws/src/examples/rclcpp/executors/multithreaded_executor' with type 'ros.ament_cmake' and name 'examples_rclcpp_multithreaded_executor'
[0.490s] Level 1:colcon.colcon_core.package_identification:_identify(ros_ws/src/examples/rclcpp/services) by extensions ['ignore', 'ignore_ament_install']
[0.490s] Level 1:colcon.colcon_core.package_identification:_identify(ros_ws/src/examples/rclcpp/services) by extension 'ignore'
[0.490s] Level 1:colcon.colcon_core.package_identification:_identify(ros_ws/src/examples/rclcpp/services) by extension 'ignore_ament_install'
[0.490s] Level 1:colcon.colcon_core.package_identification:_identify(ros_ws/src/examples/rclcpp/services) by extensions ['colcon_pkg']
[0.490s] Level 1:colcon.colcon_core.package_identification:_identify(ros_ws/src/examples/rclcpp/services) by extension 'colcon_pkg'
[0.490s] Level 1:colcon.colcon_core.package_identification:_identify(ros_ws/src/examples/rclcpp/services) by extensions ['colcon_meta']
[0.490s] Level 1:colcon.colcon_core.package_identification:_identify(ros_ws/src/examples/rclcpp/services) by extension 'colcon_meta'
[0.490s] Level 1:colcon.colcon_core.package_identification:_identify(ros_ws/src/examples/rclcpp/services) by extensions ['ros']
[0.490s] Level 1:colcon.colcon_core.package_identification:_identify(ros_ws/src/examples/rclcpp/services) by extension 'ros'
[0.490s] Level 1:colcon.colcon_core.package_identification:_identify(ros_ws/src/examples/rclcpp/services) by extensions ['cmake', 'python']
[0.490s] Level 1:colcon.colcon_core.package_identification:_identify(ros_ws/src/examples/rclcpp/services) by extension 'cmake'
[0.490s] Level 1:colcon.colcon_core.package_identification:_identify(ros_ws/src/examples/rclcpp/services) by extension 'python'
[0.490s] Level 1:colcon.colcon_core.package_identification:_identify(ros_ws/src/examples/rclcpp/services) by extensions ['python_setup_py']
[0.490s] Level 1:colcon.colcon_core.package_identification:_identify(ros_ws/src/examples/rclcpp/services) by extension 'python_setup_py'
[0.490s] Level 1:colcon.colcon_core.package_identification:_identify(ros_ws/src/examples/rclcpp/services/async_client) by extensions ['ignore', 'ignore_ament_install']
[0.490s] Level 1:colcon.colcon_core.package_identification:_identify(ros_ws/src/examples/rclcpp/services/async_client) by extension 'ignore'
[0.490s] Level 1:colcon.colcon_core.package_identification:_identify(ros_ws/src/examples/rclcpp/services/async_client) by extension 'ignore_ament_install'
[0.490s] Level 1:colcon.colcon_core.package_identification:_identify(ros_ws/src/examples/rclcpp/services/async_client) by extensions ['colcon_pkg']
[0.491s] Level 1:colcon.colcon_core.package_identification:_identify(ros_ws/src/examples/rclcpp/services/async_client) by extension 'colcon_pkg'
[0.491s] Level 1:colcon.colcon_core.package_identification:_identify(ros_ws/src/examples/rclcpp/services/async_client) by extensions ['colcon_meta']
[0.491s] Level 1:colcon.colcon_core.package_identification:_identify(ros_ws/src/examples/rclcpp/services/async_client) by extension 'colcon_meta'
[0.491s] Level 1:colcon.colcon_core.package_identification:_identify(ros_ws/src/examples/rclcpp/services/async_client) by extensions ['ros']
[0.491s] Level 1:colcon.colcon_core.package_identification:_identify(ros_ws/src/examples/rclcpp/services/async_client) by extension 'ros'
[0.491s] DEBUG:colcon.colcon_core.package_identification:Package 'ros_ws/src/examples/rclcpp/services/async_client' with type 'ros.ament_cmake' and name 'examples_rclcpp_async_client'
[0.491s] Level 1:colcon.colcon_core.package_identification:_identify(ros_ws/src/examples/rclcpp/services/minimal_client) by extensions ['ignore', 'ignore_ament_install']
[0.491s] Level 1:colcon.colcon_core.package_identification:_identify(ros_ws/src/examples/rclcpp/services/minimal_client) by extension 'ignore'
[0.492s] Level 1:colcon.colcon_core.package_identification:_identify(ros_ws/src/examples/rclcpp/services/minimal_client) by extension 'ignore_ament_install'
[0.492s] Level 1:colcon.colcon_core.package_identification:_identify(ros_ws/src/examples/rclcpp/services/minimal_client) by extensions ['colcon_pkg']
[0.492s] Level 1:colcon.colcon_core.package_identification:_identify(ros_ws/src/examples/rclcpp/services/minimal_client) by extension 'colcon_pkg'
[0.492s] Level 1:colcon.colcon_core.package_identification:_identify(ros_ws/src/examples/rclcpp/services/minimal_client) by extensions ['colcon_meta']
[0.492s] Level 1:colcon.colcon_core.package_identification:_identify(ros_ws/src/examples/rclcpp/services/minimal_client) by extension 'colcon_meta'
[0.492s] Level 1:colcon.colcon_core.package_identification:_identify(ros_ws/src/examples/rclcpp/services/minimal_client) by extensions ['ros']
[0.492s] Level 1:colcon.colcon_core.package_identification:_identify(ros_ws/src/examples/rclcpp/services/minimal_client) by extension 'ros'
[0.492s] DEBUG:colcon.colcon_core.package_identification:Package 'ros_ws/src/examples/rclcpp/services/minimal_client' with type 'ros.ament_cmake' and name 'examples_rclcpp_minimal_client'
[0.492s] Level 1:colcon.colcon_core.package_identification:_identify(ros_ws/src/examples/rclcpp/services/minimal_service) by extensions ['ignore', 'ignore_ament_install']
[0.492s] Level 1:colcon.colcon_core.package_identification:_identify(ros_ws/src/examples/rclcpp/services/minimal_service) by extension 'ignore'
[0.492s] Level 1:colcon.colcon_core.package_identification:_identify(ros_ws/src/examples/rclcpp/services/minimal_service) by extension 'ignore_ament_install'
[0.493s] Level 1:colcon.colcon_core.package_identification:_identify(ros_ws/src/examples/rclcpp/services/minimal_service) by extensions ['colcon_pkg']
[0.493s] Level 1:colcon.colcon_core.package_identification:_identify(ros_ws/src/examples/rclcpp/services/minimal_service) by extension 'colcon_pkg'
[0.493s] Level 1:colcon.colcon_core.package_identification:_identify(ros_ws/src/examples/rclcpp/services/minimal_service) by extensions ['colcon_meta']
[0.493s] Level 1:colcon.colcon_core.package_identification:_identify(ros_ws/src/examples/rclcpp/services/minimal_service) by extension 'colcon_meta'
[0.493s] Level 1:colcon.colcon_core.package_identification:_identify(ros_ws/src/examples/rclcpp/services/minimal_service) by extensions ['ros']
[0.493s] Level 1:colcon.colcon_core.package_identification:_identify(ros_ws/src/examples/rclcpp/services/minimal_service) by extension 'ros'
[0.493s] DEBUG:colcon.colcon_core.package_identification:Package 'ros_ws/src/examples/rclcpp/services/minimal_service' with type 'ros.ament_cmake' and name 'examples_rclcpp_minimal_service'
[0.493s] Level 1:colcon.colcon_core.package_identification:_identify(ros_ws/src/examples/rclcpp/timers) by extensions ['ignore', 'ignore_ament_install']
[0.493s] Level 1:colcon.colcon_core.package_identification:_identify(ros_ws/src/examples/rclcpp/timers) by extension 'ignore'
[0.493s] Level 1:colcon.colcon_core.package_identification:_identify(ros_ws/src/examples/rclcpp/timers) by extension 'ignore_ament_install'
[0.493s] Level 1:colcon.colcon_core.package_identification:_identify(ros_ws/src/examples/rclcpp/timers) by extensions ['colcon_pkg']
[0.493s] Level 1:colcon.colcon_core.package_identification:_identify(ros_ws/src/examples/rclcpp/timers) by extension 'colcon_pkg'
[0.493s] Level 1:colcon.colcon_core.package_identification:_identify(ros_ws/src/examples/rclcpp/timers) by extensions ['colcon_meta']
[0.493s] Level 1:colcon.colcon_core.package_identification:_identify(ros_ws/src/examples/rclcpp/timers) by extension 'colcon_meta'
[0.493s] Level 1:colcon.colcon_core.package_identification:_identify(ros_ws/src/examples/rclcpp/timers) by extensions ['ros']
[0.493s] Level 1:colcon.colcon_core.package_identification:_identify(ros_ws/src/examples/rclcpp/timers) by extension 'ros'
[0.494s] Level 1:colcon.colcon_core.package_identification:_identify(ros_ws/src/examples/rclcpp/timers) by extensions ['cmake', 'python']
[0.494s] Level 1:colcon.colcon_core.package_identification:_identify(ros_ws/src/examples/rclcpp/timers) by extension 'cmake'
[0.494s] Level 1:colcon.colcon_core.package_identification:_identify(ros_ws/src/examples/rclcpp/timers) by extension 'python'
[0.494s] Level 1:colcon.colcon_core.package_identification:_identify(ros_ws/src/examples/rclcpp/timers) by extensions ['python_setup_py']
[0.494s] Level 1:colcon.colcon_core.package_identification:_identify(ros_ws/src/examples/rclcpp/timers) by extension 'python_setup_py'
[0.494s] Level 1:colcon.colcon_core.package_identification:_identify(ros_ws/src/examples/rclcpp/timers/minimal_timer) by extensions ['ignore', 'ignore_ament_install']
[0.494s] Level 1:colcon.colcon_core.package_identification:_identify(ros_ws/src/examples/rclcpp/timers/minimal_timer) by extension 'ignore'
[0.494s] Level 1:colcon.colcon_core.package_identification:_identify(ros_ws/src/examples/rclcpp/timers/minimal_timer) by extension 'ignore_ament_install'
[0.494s] Level 1:colcon.colcon_core.package_identification:_identify(ros_ws/src/examples/rclcpp/timers/minimal_timer) by extensions ['colcon_pkg']
[0.494s] Level 1:colcon.colcon_core.package_identification:_identify(ros_ws/src/examples/rclcpp/timers/minimal_timer) by extension 'colcon_pkg'
[0.494s] Level 1:colcon.colcon_core.package_identification:_identify(ros_ws/src/examples/rclcpp/timers/minimal_timer) by extensions ['colcon_meta']
[0.494s] Level 1:colcon.colcon_core.package_identification:_identify(ros_ws/src/examples/rclcpp/timers/minimal_timer) by extension 'colcon_meta'
[0.494s] Level 1:colcon.colcon_core.package_identification:_identify(ros_ws/src/examples/rclcpp/timers/minimal_timer) by extensions ['ros']
[0.494s] Level 1:colcon.colcon_core.package_identification:_identify(ros_ws/src/examples/rclcpp/timers/minimal_timer) by extension 'ros'
[0.494s] DEBUG:colcon.colcon_core.package_identification:Package 'ros_ws/src/examples/rclcpp/timers/minimal_timer' with type 'ros.ament_cmake' and name 'examples_rclcpp_minimal_timer'
[0.495s] Level 1:colcon.colcon_core.package_identification:_identify(ros_ws/src/examples/rclcpp/topics) by extensions ['ignore', 'ignore_ament_install']
[0.495s] Level 1:colcon.colcon_core.package_identification:_identify(ros_ws/src/examples/rclcpp/topics) by extension 'ignore'
[0.495s] Level 1:colcon.colcon_core.package_identification:_identify(ros_ws/src/examples/rclcpp/topics) by extension 'ignore_ament_install'
[0.495s] Level 1:colcon.colcon_core.package_identification:_identify(ros_ws/src/examples/rclcpp/topics) by extensions ['colcon_pkg']
[0.495s] Level 1:colcon.colcon_core.package_identification:_identify(ros_ws/src/examples/rclcpp/topics) by extension 'colcon_pkg'
[0.495s] Level 1:colcon.colcon_core.package_identification:_identify(ros_ws/src/examples/rclcpp/topics) by extensions ['colcon_meta']
[0.495s] Level 1:colcon.colcon_core.package_identification:_identify(ros_ws/src/examples/rclcpp/topics) by extension 'colcon_meta'
[0.495s] Level 1:colcon.colcon_core.package_identification:_identify(ros_ws/src/examples/rclcpp/topics) by extensions ['ros']
[0.495s] Level 1:colcon.colcon_core.package_identification:_identify(ros_ws/src/examples/rclcpp/topics) by extension 'ros'
[0.495s] Level 1:colcon.colcon_core.package_identification:_identify(ros_ws/src/examples/rclcpp/topics) by extensions ['cmake', 'python']
[0.495s] Level 1:colcon.colcon_core.package_identification:_identify(ros_ws/src/examples/rclcpp/topics) by extension 'cmake'
[0.495s] Level 1:colcon.colcon_core.package_identification:_identify(ros_ws/src/examples/rclcpp/topics) by extension 'python'
[0.495s] Level 1:colcon.colcon_core.package_identification:_identify(ros_ws/src/examples/rclcpp/topics) by extensions ['python_setup_py']
[0.495s] Level 1:colcon.colcon_core.package_identification:_identify(ros_ws/src/examples/rclcpp/topics) by extension 'python_setup_py'
[0.495s] Level 1:colcon.colcon_core.package_identification:_identify(ros_ws/src/examples/rclcpp/topics/minimal_publisher) by extensions ['ignore', 'ignore_ament_install']
[0.495s] Level 1:colcon.colcon_core.package_identification:_identify(ros_ws/src/examples/rclcpp/topics/minimal_publisher) by extension 'ignore'
[0.495s] Level 1:colcon.colcon_core.package_identification:_identify(ros_ws/src/examples/rclcpp/topics/minimal_publisher) by extension 'ignore_ament_install'
[0.495s] Level 1:colcon.colcon_core.package_identification:_identify(ros_ws/src/examples/rclcpp/topics/minimal_publisher) by extensions ['colcon_pkg']
[0.495s] Level 1:colcon.colcon_core.package_identification:_identify(ros_ws/src/examples/rclcpp/topics/minimal_publisher) by extension 'colcon_pkg'
[0.495s] Level 1:colcon.colcon_core.package_identification:_identify(ros_ws/src/examples/rclcpp/topics/minimal_publisher) by extensions ['colcon_meta']
[0.495s] Level 1:colcon.colcon_core.package_identification:_identify(ros_ws/src/examples/rclcpp/topics/minimal_publisher) by extension 'colcon_meta'
[0.495s] Level 1:colcon.colcon_core.package_identification:_identify(ros_ws/src/examples/rclcpp/topics/minimal_publisher) by extensions ['ros']
[0.495s] Level 1:colcon.colcon_core.package_identification:_identify(ros_ws/src/examples/rclcpp/topics/minimal_publisher) by extension 'ros'
[0.496s] DEBUG:colcon.colcon_core.package_identification:Package 'ros_ws/src/examples/rclcpp/topics/minimal_publisher' with type 'ros.ament_cmake' and name 'examples_rclcpp_minimal_publisher'
[0.496s] Level 1:colcon.colcon_core.package_identification:_identify(ros_ws/src/examples/rclcpp/topics/minimal_subscriber) by extensions ['ignore', 'ignore_ament_install']
[0.496s] Level 1:colcon.colcon_core.package_identification:_identify(ros_ws/src/examples/rclcpp/topics/minimal_subscriber) by extension 'ignore'
[0.496s] Level 1:colcon.colcon_core.package_identification:_identify(ros_ws/src/examples/rclcpp/topics/minimal_subscriber) by extension 'ignore_ament_install'
[0.496s] Level 1:colcon.colcon_core.package_identification:_identify(ros_ws/src/examples/rclcpp/topics/minimal_subscriber) by extensions ['colcon_pkg']
[0.496s] Level 1:colcon.colcon_core.package_identification:_identify(ros_ws/src/examples/rclcpp/topics/minimal_subscriber) by extension 'colcon_pkg'
[0.496s] Level 1:colcon.colcon_core.package_identification:_identify(ros_ws/src/examples/rclcpp/topics/minimal_subscriber) by extensions ['colcon_meta']
[0.496s] Level 1:colcon.colcon_core.package_identification:_identify(ros_ws/src/examples/rclcpp/topics/minimal_subscriber) by extension 'colcon_meta'
[0.496s] Level 1:colcon.colcon_core.package_identification:_identify(ros_ws/src/examples/rclcpp/topics/minimal_subscriber) by extensions ['ros']
[0.496s] Level 1:colcon.colcon_core.package_identification:_identify(ros_ws/src/examples/rclcpp/topics/minimal_subscriber) by extension 'ros'
[0.496s] DEBUG:colcon.colcon_core.package_identification:Package 'ros_ws/src/examples/rclcpp/topics/minimal_subscriber' with type 'ros.ament_cmake' and name 'examples_rclcpp_minimal_subscriber'
[0.497s] Level 1:colcon.colcon_core.package_identification:_identify(ros_ws/src/examples/rclcpp/wait_set) by extensions ['ignore', 'ignore_ament_install']
[0.497s] Level 1:colcon.colcon_core.package_identification:_identify(ros_ws/src/examples/rclcpp/wait_set) by extension 'ignore'
[0.497s] Level 1:colcon.colcon_core.package_identification:_identify(ros_ws/src/examples/rclcpp/wait_set) by extension 'ignore_ament_install'
[0.497s] Level 1:colcon.colcon_core.package_identification:_identify(ros_ws/src/examples/rclcpp/wait_set) by extensions ['colcon_pkg']
[0.497s] Level 1:colcon.colcon_core.package_identification:_identify(ros_ws/src/examples/rclcpp/wait_set) by extension 'colcon_pkg'
[0.497s] Level 1:colcon.colcon_core.package_identification:_identify(ros_ws/src/examples/rclcpp/wait_set) by extensions ['colcon_meta']
[0.497s] Level 1:colcon.colcon_core.package_identification:_identify(ros_ws/src/examples/rclcpp/wait_set) by extension 'colcon_meta'
[0.497s] Level 1:colcon.colcon_core.package_identification:_identify(ros_ws/src/examples/rclcpp/wait_set) by extensions ['ros']
[0.497s] Level 1:colcon.colcon_core.package_identification:_identify(ros_ws/src/examples/rclcpp/wait_set) by extension 'ros'
[0.497s] DEBUG:colcon.colcon_core.package_identification:Package 'ros_ws/src/examples/rclcpp/wait_set' with type 'ros.ament_cmake' and name 'examples_rclcpp_wait_set'
[0.498s] Level 1:colcon.colcon_core.package_identification:_identify(ros_ws/src/examples/rclpy) by extensions ['ignore', 'ignore_ament_install']
[0.498s] Level 1:colcon.colcon_core.package_identification:_identify(ros_ws/src/examples/rclpy) by extension 'ignore'
[0.498s] Level 1:colcon.colcon_core.package_identification:_identify(ros_ws/src/examples/rclpy) by extension 'ignore_ament_install'
[0.498s] Level 1:colcon.colcon_core.package_identification:_identify(ros_ws/src/examples/rclpy) by extensions ['colcon_pkg']
[0.498s] Level 1:colcon.colcon_core.package_identification:_identify(ros_ws/src/examples/rclpy) by extension 'colcon_pkg'
[0.498s] Level 1:colcon.colcon_core.package_identification:_identify(ros_ws/src/examples/rclpy) by extensions ['colcon_meta']
[0.498s] Level 1:colcon.colcon_core.package_identification:_identify(ros_ws/src/examples/rclpy) by extension 'colcon_meta'
[0.498s] Level 1:colcon.colcon_core.package_identification:_identify(ros_ws/src/examples/rclpy) by extensions ['ros']
[0.498s] Level 1:colcon.colcon_core.package_identification:_identify(ros_ws/src/examples/rclpy) by extension 'ros'
[0.498s] Level 1:colcon.colcon_core.package_identification:_identify(ros_ws/src/examples/rclpy) by extensions ['cmake', 'python']
[0.498s] Level 1:colcon.colcon_core.package_identification:_identify(ros_ws/src/examples/rclpy) by extension 'cmake'
[0.498s] Level 1:colcon.colcon_core.package_identification:_identify(ros_ws/src/examples/rclpy) by extension 'python'
[0.498s] Level 1:colcon.colcon_core.package_identification:_identify(ros_ws/src/examples/rclpy) by extensions ['python_setup_py']
[0.498s] Level 1:colcon.colcon_core.package_identification:_identify(ros_ws/src/examples/rclpy) by extension 'python_setup_py'
[0.498s] Level 1:colcon.colcon_core.package_identification:_identify(ros_ws/src/examples/rclpy/actions) by extensions ['ignore', 'ignore_ament_install']
[0.498s] Level 1:colcon.colcon_core.package_identification:_identify(ros_ws/src/examples/rclpy/actions) by extension 'ignore'
[0.498s] Level 1:colcon.colcon_core.package_identification:_identify(ros_ws/src/examples/rclpy/actions) by extension 'ignore_ament_install'
[0.499s] Level 1:colcon.colcon_core.package_identification:_identify(ros_ws/src/examples/rclpy/actions) by extensions ['colcon_pkg']
[0.499s] Level 1:colcon.colcon_core.package_identification:_identify(ros_ws/src/examples/rclpy/actions) by extension 'colcon_pkg'
[0.499s] Level 1:colcon.colcon_core.package_identification:_identify(ros_ws/src/examples/rclpy/actions) by extensions ['colcon_meta']
[0.499s] Level 1:colcon.colcon_core.package_identification:_identify(ros_ws/src/examples/rclpy/actions) by extension 'colcon_meta'
[0.499s] Level 1:colcon.colcon_core.package_identification:_identify(ros_ws/src/examples/rclpy/actions) by extensions ['ros']
[0.499s] Level 1:colcon.colcon_core.package_identification:_identify(ros_ws/src/examples/rclpy/actions) by extension 'ros'
[0.499s] Level 1:colcon.colcon_core.package_identification:_identify(ros_ws/src/examples/rclpy/actions) by extensions ['cmake', 'python']
[0.499s] Level 1:colcon.colcon_core.package_identification:_identify(ros_ws/src/examples/rclpy/actions) by extension 'cmake'
[0.499s] Level 1:colcon.colcon_core.package_identification:_identify(ros_ws/src/examples/rclpy/actions) by extension 'python'
[0.499s] Level 1:colcon.colcon_core.package_identification:_identify(ros_ws/src/examples/rclpy/actions) by extensions ['python_setup_py']
[0.499s] Level 1:colcon.colcon_core.package_identification:_identify(ros_ws/src/examples/rclpy/actions) by extension 'python_setup_py'
[0.499s] Level 1:colcon.colcon_core.package_identification:_identify(ros_ws/src/examples/rclpy/actions/minimal_action_client) by extensions ['ignore', 'ignore_ament_install']
[0.499s] Level 1:colcon.colcon_core.package_identification:_identify(ros_ws/src/examples/rclpy/actions/minimal_action_client) by extension 'ignore'
[0.499s] Level 1:colcon.colcon_core.package_identification:_identify(ros_ws/src/examples/rclpy/actions/minimal_action_client) by extension 'ignore_ament_install'
[0.499s] Level 1:colcon.colcon_core.package_identification:_identify(ros_ws/src/examples/rclpy/actions/minimal_action_client) by extensions ['colcon_pkg']
[0.499s] Level 1:colcon.colcon_core.package_identification:_identify(ros_ws/src/examples/rclpy/actions/minimal_action_client) by extension 'colcon_pkg'
[0.499s] Level 1:colcon.colcon_core.package_identification:_identify(ros_ws/src/examples/rclpy/actions/minimal_action_client) by extensions ['colcon_meta']
[0.499s] Level 1:colcon.colcon_core.package_identification:_identify(ros_ws/src/examples/rclpy/actions/minimal_action_client) by extension 'colcon_meta'
[0.499s] Level 1:colcon.colcon_core.package_identification:_identify(ros_ws/src/examples/rclpy/actions/minimal_action_client) by extensions ['ros']
[0.499s] Level 1:colcon.colcon_core.package_identification:_identify(ros_ws/src/examples/rclpy/actions/minimal_action_client) by extension 'ros'
[0.499s] DEBUG:colcon.colcon_core.package_identification:Package 'ros_ws/src/examples/rclpy/actions/minimal_action_client' with type 'ros.ament_python' and name 'examples_rclpy_minimal_action_client'
[0.500s] Level 1:colcon.colcon_core.package_identification:_identify(ros_ws/src/examples/rclpy/actions/minimal_action_server) by extensions ['ignore', 'ignore_ament_install']
[0.500s] Level 1:colcon.colcon_core.package_identification:_identify(ros_ws/src/examples/rclpy/actions/minimal_action_server) by extension 'ignore'
[0.500s] Level 1:colcon.colcon_core.package_identification:_identify(ros_ws/src/examples/rclpy/actions/minimal_action_server) by extension 'ignore_ament_install'
[0.500s] Level 1:colcon.colcon_core.package_identification:_identify(ros_ws/src/examples/rclpy/actions/minimal_action_server) by extensions ['colcon_pkg']
[0.500s] Level 1:colcon.colcon_core.package_identification:_identify(ros_ws/src/examples/rclpy/actions/minimal_action_server) by extension 'colcon_pkg'
[0.500s] Level 1:colcon.colcon_core.package_identification:_identify(ros_ws/src/examples/rclpy/actions/minimal_action_server) by extensions ['colcon_meta']
[0.500s] Level 1:colcon.colcon_core.package_identification:_identify(ros_ws/src/examples/rclpy/actions/minimal_action_server) by extension 'colcon_meta'
[0.500s] Level 1:colcon.colcon_core.package_identification:_identify(ros_ws/src/examples/rclpy/actions/minimal_action_server) by extensions ['ros']
[0.500s] Level 1:colcon.colcon_core.package_identification:_identify(ros_ws/src/examples/rclpy/actions/minimal_action_server) by extension 'ros'
[0.500s] DEBUG:colcon.colcon_core.package_identification:Package 'ros_ws/src/examples/rclpy/actions/minimal_action_server' with type 'ros.ament_python' and name 'examples_rclpy_minimal_action_server'
[0.501s] Level 1:colcon.colcon_core.package_identification:_identify(ros_ws/src/examples/rclpy/executors) by extensions ['ignore', 'ignore_ament_install']
[0.501s] Level 1:colcon.colcon_core.package_identification:_identify(ros_ws/src/examples/rclpy/executors) by extension 'ignore'
[0.501s] Level 1:colcon.colcon_core.package_identification:_identify(ros_ws/src/examples/rclpy/executors) by extension 'ignore_ament_install'
[0.501s] Level 1:colcon.colcon_core.package_identification:_identify(ros_ws/src/examples/rclpy/executors) by extensions ['colcon_pkg']
[0.501s] Level 1:colcon.colcon_core.package_identification:_identify(ros_ws/src/examples/rclpy/executors) by extension 'colcon_pkg'
[0.501s] Level 1:colcon.colcon_core.package_identification:_identify(ros_ws/src/examples/rclpy/executors) by extensions ['colcon_meta']
[0.501s] Level 1:colcon.colcon_core.package_identification:_identify(ros_ws/src/examples/rclpy/executors) by extension 'colcon_meta'
[0.501s] Level 1:colcon.colcon_core.package_identification:_identify(ros_ws/src/examples/rclpy/executors) by extensions ['ros']
[0.501s] Level 1:colcon.colcon_core.package_identification:_identify(ros_ws/src/examples/rclpy/executors) by extension 'ros'
[0.501s] DEBUG:colcon.colcon_core.package_identification:Package 'ros_ws/src/examples/rclpy/executors' with type 'ros.ament_python' and name 'examples_rclpy_executors'
[0.502s] Level 1:colcon.colcon_core.package_identification:_identify(ros_ws/src/examples/rclpy/guard_conditions) by extensions ['ignore', 'ignore_ament_install']
[0.502s] Level 1:colcon.colcon_core.package_identification:_identify(ros_ws/src/examples/rclpy/guard_conditions) by extension 'ignore'
[0.502s] Level 1:colcon.colcon_core.package_identification:_identify(ros_ws/src/examples/rclpy/guard_conditions) by extension 'ignore_ament_install'
[0.502s] Level 1:colcon.colcon_core.package_identification:_identify(ros_ws/src/examples/rclpy/guard_conditions) by extensions ['colcon_pkg']
[0.502s] Level 1:colcon.colcon_core.package_identification:_identify(ros_ws/src/examples/rclpy/guard_conditions) by extension 'colcon_pkg'
[0.502s] Level 1:colcon.colcon_core.package_identification:_identify(ros_ws/src/examples/rclpy/guard_conditions) by extensions ['colcon_meta']
[0.502s] Level 1:colcon.colcon_core.package_identification:_identify(ros_ws/src/examples/rclpy/guard_conditions) by extension 'colcon_meta'
[0.502s] Level 1:colcon.colcon_core.package_identification:_identify(ros_ws/src/examples/rclpy/guard_conditions) by extensions ['ros']
[0.502s] Level 1:colcon.colcon_core.package_identification:_identify(ros_ws/src/examples/rclpy/guard_conditions) by extension 'ros'
[0.503s] DEBUG:colcon.colcon_core.package_identification:Package 'ros_ws/src/examples/rclpy/guard_conditions' with type 'ros.ament_python' and name 'examples_rclpy_guard_conditions'
[0.503s] Level 1:colcon.colcon_core.package_identification:_identify(ros_ws/src/examples/rclpy/services) by extensions ['ignore', 'ignore_ament_install']
[0.503s] Level 1:colcon.colcon_core.package_identification:_identify(ros_ws/src/examples/rclpy/services) by extension 'ignore'
[0.503s] Level 1:colcon.colcon_core.package_identification:_identify(ros_ws/src/examples/rclpy/services) by extension 'ignore_ament_install'
[0.503s] Level 1:colcon.colcon_core.package_identification:_identify(ros_ws/src/examples/rclpy/services) by extensions ['colcon_pkg']
[0.503s] Level 1:colcon.colcon_core.package_identification:_identify(ros_ws/src/examples/rclpy/services) by extension 'colcon_pkg'
[0.503s] Level 1:colcon.colcon_core.package_identification:_identify(ros_ws/src/examples/rclpy/services) by extensions ['colcon_meta']
[0.503s] Level 1:colcon.colcon_core.package_identification:_identify(ros_ws/src/examples/rclpy/services) by extension 'colcon_meta'
[0.503s] Level 1:colcon.colcon_core.package_identification:_identify(ros_ws/src/examples/rclpy/services) by extensions ['ros']
[0.503s] Level 1:colcon.colcon_core.package_identification:_identify(ros_ws/src/examples/rclpy/services) by extension 'ros'
[0.503s] Level 1:colcon.colcon_core.package_identification:_identify(ros_ws/src/examples/rclpy/services) by extensions ['cmake', 'python']
[0.503s] Level 1:colcon.colcon_core.package_identification:_identify(ros_ws/src/examples/rclpy/services) by extension 'cmake'
[0.503s] Level 1:colcon.colcon_core.package_identification:_identify(ros_ws/src/examples/rclpy/services) by extension 'python'
[0.503s] Level 1:colcon.colcon_core.package_identification:_identify(ros_ws/src/examples/rclpy/services) by extensions ['python_setup_py']
[0.503s] Level 1:colcon.colcon_core.package_identification:_identify(ros_ws/src/examples/rclpy/services) by extension 'python_setup_py'
[0.504s] Level 1:colcon.colcon_core.package_identification:_identify(ros_ws/src/examples/rclpy/services/minimal_client) by extensions ['ignore', 'ignore_ament_install']
[0.504s] Level 1:colcon.colcon_core.package_identification:_identify(ros_ws/src/examples/rclpy/services/minimal_client) by extension 'ignore'
[0.504s] Level 1:colcon.colcon_core.package_identification:_identify(ros_ws/src/examples/rclpy/services/minimal_client) by extension 'ignore_ament_install'
[0.504s] Level 1:colcon.colcon_core.package_identification:_identify(ros_ws/src/examples/rclpy/services/minimal_client) by extensions ['colcon_pkg']
[0.504s] Level 1:colcon.colcon_core.package_identification:_identify(ros_ws/src/examples/rclpy/services/minimal_client) by extension 'colcon_pkg'
[0.504s] Level 1:colcon.colcon_core.package_identification:_identify(ros_ws/src/examples/rclpy/services/minimal_client) by extensions ['colcon_meta']
[0.504s] Level 1:colcon.colcon_core.package_identification:_identify(ros_ws/src/examples/rclpy/services/minimal_client) by extension 'colcon_meta'
[0.504s] Level 1:colcon.colcon_core.package_identification:_identify(ros_ws/src/examples/rclpy/services/minimal_client) by extensions ['ros']
[0.504s] Level 1:colcon.colcon_core.package_identification:_identify(ros_ws/src/examples/rclpy/services/minimal_client) by extension 'ros'
[0.504s] DEBUG:colcon.colcon_core.package_identification:Package 'ros_ws/src/examples/rclpy/services/minimal_client' with type 'ros.ament_python' and name 'examples_rclpy_minimal_client'
[0.505s] Level 1:colcon.colcon_core.package_identification:_identify(ros_ws/src/examples/rclpy/services/minimal_service) by extensions ['ignore', 'ignore_ament_install']
[0.505s] Level 1:colcon.colcon_core.package_identification:_identify(ros_ws/src/examples/rclpy/services/minimal_service) by extension 'ignore'
[0.505s] Level 1:colcon.colcon_core.package_identification:_identify(ros_ws/src/examples/rclpy/services/minimal_service) by extension 'ignore_ament_install'
[0.505s] Level 1:colcon.colcon_core.package_identification:_identify(ros_ws/src/examples/rclpy/services/minimal_service) by extensions ['colcon_pkg']
[0.505s] Level 1:colcon.colcon_core.package_identification:_identify(ros_ws/src/examples/rclpy/services/minimal_service) by extension 'colcon_pkg'
[0.505s] Level 1:colcon.colcon_core.package_identification:_identify(ros_ws/src/examples/rclpy/services/minimal_service) by extensions ['colcon_meta']
[0.505s] Level 1:colcon.colcon_core.package_identification:_identify(ros_ws/src/examples/rclpy/services/minimal_service) by extension 'colcon_meta'
[0.505s] Level 1:colcon.colcon_core.package_identification:_identify(ros_ws/src/examples/rclpy/services/minimal_service) by extensions ['ros']
[0.505s] Level 1:colcon.colcon_core.package_identification:_identify(ros_ws/src/examples/rclpy/services/minimal_service) by extension 'ros'
[0.505s] DEBUG:colcon.colcon_core.package_identification:Package 'ros_ws/src/examples/rclpy/services/minimal_service' with type 'ros.ament_python' and name 'examples_rclpy_minimal_service'
[0.505s] Level 1:colcon.colcon_core.package_identification:_identify(ros_ws/src/examples/rclpy/topics) by extensions ['ignore', 'ignore_ament_install']
[0.505s] Level 1:colcon.colcon_core.package_identification:_identify(ros_ws/src/examples/rclpy/topics) by extension 'ignore'
[0.506s] Level 1:colcon.colcon_core.package_identification:_identify(ros_ws/src/examples/rclpy/topics) by extension 'ignore_ament_install'
[0.506s] Level 1:colcon.colcon_core.package_identification:_identify(ros_ws/src/examples/rclpy/topics) by extensions ['colcon_pkg']
[0.506s] Level 1:colcon.colcon_core.package_identification:_identify(ros_ws/src/examples/rclpy/topics) by extension 'colcon_pkg'
[0.506s] Level 1:colcon.colcon_core.package_identification:_identify(ros_ws/src/examples/rclpy/topics) by extensions ['colcon_meta']
[0.506s] Level 1:colcon.colcon_core.package_identification:_identify(ros_ws/src/examples/rclpy/topics) by extension 'colcon_meta'
[0.506s] Level 1:colcon.colcon_core.package_identification:_identify(ros_ws/src/examples/rclpy/topics) by extensions ['ros']
[0.506s] Level 1:colcon.colcon_core.package_identification:_identify(ros_ws/src/examples/rclpy/topics) by extension 'ros'
[0.506s] Level 1:colcon.colcon_core.package_identification:_identify(ros_ws/src/examples/rclpy/topics) by extensions ['cmake', 'python']
[0.506s] Level 1:colcon.colcon_core.package_identification:_identify(ros_ws/src/examples/rclpy/topics) by extension 'cmake'
[0.506s] Level 1:colcon.colcon_core.package_identification:_identify(ros_ws/src/examples/rclpy/topics) by extension 'python'
[0.506s] Level 1:colcon.colcon_core.package_identification:_identify(ros_ws/src/examples/rclpy/topics) by extensions ['python_setup_py']
[0.506s] Level 1:colcon.colcon_core.package_identification:_identify(ros_ws/src/examples/rclpy/topics) by extension 'python_setup_py'
[0.506s] Level 1:colcon.colcon_core.package_identification:_identify(ros_ws/src/examples/rclpy/topics/minimal_publisher) by extensions ['ignore', 'ignore_ament_install']
[0.506s] Level 1:colcon.colcon_core.package_identification:_identify(ros_ws/src/examples/rclpy/topics/minimal_publisher) by extension 'ignore'
[0.506s] Level 1:colcon.colcon_core.package_identification:_identify(ros_ws/src/examples/rclpy/topics/minimal_publisher) by extension 'ignore_ament_install'
[0.506s] Level 1:colcon.colcon_core.package_identification:_identify(ros_ws/src/examples/rclpy/topics/minimal_publisher) by extensions ['colcon_pkg']
[0.506s] Level 1:colcon.colcon_core.package_identification:_identify(ros_ws/src/examples/rclpy/topics/minimal_publisher) by extension 'colcon_pkg'
[0.506s] Level 1:colcon.colcon_core.package_identification:_identify(ros_ws/src/examples/rclpy/topics/minimal_publisher) by extensions ['colcon_meta']
[0.506s] Level 1:colcon.colcon_core.package_identification:_identify(ros_ws/src/examples/rclpy/topics/minimal_publisher) by extension 'colcon_meta'
[0.506s] Level 1:colcon.colcon_core.package_identification:_identify(ros_ws/src/examples/rclpy/topics/minimal_publisher) by extensions ['ros']
[0.506s] Level 1:colcon.colcon_core.package_identification:_identify(ros_ws/src/examples/rclpy/topics/minimal_publisher) by extension 'ros'
[0.507s] DEBUG:colcon.colcon_core.package_identification:Package 'ros_ws/src/examples/rclpy/topics/minimal_publisher' with type 'ros.ament_python' and name 'examples_rclpy_minimal_publisher'
[0.507s] Level 1:colcon.colcon_core.package_identification:_identify(ros_ws/src/examples/rclpy/topics/minimal_subscriber) by extensions ['ignore', 'ignore_ament_install']
[0.507s] Level 1:colcon.colcon_core.package_identification:_identify(ros_ws/src/examples/rclpy/topics/minimal_subscriber) by extension 'ignore'
[0.507s] Level 1:colcon.colcon_core.package_identification:_identify(ros_ws/src/examples/rclpy/topics/minimal_subscriber) by extension 'ignore_ament_install'
[0.507s] Level 1:colcon.colcon_core.package_identification:_identify(ros_ws/src/examples/rclpy/topics/minimal_subscriber) by extensions ['colcon_pkg']
[0.507s] Level 1:colcon.colcon_core.package_identification:_identify(ros_ws/src/examples/rclpy/topics/minimal_subscriber) by extension 'colcon_pkg'
[0.507s] Level 1:colcon.colcon_core.package_identification:_identify(ros_ws/src/examples/rclpy/topics/minimal_subscriber) by extensions ['colcon_meta']
[0.507s] Level 1:colcon.colcon_core.package_identification:_identify(ros_ws/src/examples/rclpy/topics/minimal_subscriber) by extension 'colcon_meta'
[0.507s] Level 1:colcon.colcon_core.package_identification:_identify(ros_ws/src/examples/rclpy/topics/minimal_subscriber) by extensions ['ros']
[0.507s] Level 1:colcon.colcon_core.package_identification:_identify(ros_ws/src/examples/rclpy/topics/minimal_subscriber) by extension 'ros'
[0.508s] DEBUG:colcon.colcon_core.package_identification:Package 'ros_ws/src/examples/rclpy/topics/minimal_subscriber' with type 'ros.ament_python' and name 'examples_rclpy_minimal_subscriber'
[0.508s] Level 1:colcon.colcon_core.package_identification:_identify(ros_ws/src/examples/rclpy/topics/pointcloud_publisher) by extensions ['ignore', 'ignore_ament_install']
[0.508s] Level 1:colcon.colcon_core.package_identification:_identify(ros_ws/src/examples/rclpy/topics/pointcloud_publisher) by extension 'ignore'
[0.508s] Level 1:colcon.colcon_core.package_identification:_identify(ros_ws/src/examples/rclpy/topics/pointcloud_publisher) by extension 'ignore_ament_install'
[0.508s] Level 1:colcon.colcon_core.package_identification:_identify(ros_ws/src/examples/rclpy/topics/pointcloud_publisher) by extensions ['colcon_pkg']
[0.508s] Level 1:colcon.colcon_core.package_identification:_identify(ros_ws/src/examples/rclpy/topics/pointcloud_publisher) by extension 'colcon_pkg'
[0.508s] Level 1:colcon.colcon_core.package_identification:_identify(ros_ws/src/examples/rclpy/topics/pointcloud_publisher) by extensions ['colcon_meta']
[0.508s] Level 1:colcon.colcon_core.package_identification:_identify(ros_ws/src/examples/rclpy/topics/pointcloud_publisher) by extension 'colcon_meta'
[0.508s] Level 1:colcon.colcon_core.package_identification:_identify(ros_ws/src/examples/rclpy/topics/pointcloud_publisher) by extensions ['ros']
[0.508s] Level 1:colcon.colcon_core.package_identification:_identify(ros_ws/src/examples/rclpy/topics/pointcloud_publisher) by extension 'ros'
[0.509s] DEBUG:colcon.colcon_core.package_identification:Package 'ros_ws/src/examples/rclpy/topics/pointcloud_publisher' with type 'ros.ament_python' and name 'examples_rclpy_pointcloud_publisher'
[0.510s] Level 1:colcon.colcon_core.package_identification:_identify(ros_ws/src/gpio_interfaces) by extensions ['ignore', 'ignore_ament_install']
[0.510s] Level 1:colcon.colcon_core.package_identification:_identify(ros_ws/src/gpio_interfaces) by extension 'ignore'
[0.510s] Level 1:colcon.colcon_core.package_identification:_identify(ros_ws/src/gpio_interfaces) by extension 'ignore_ament_install'
[0.510s] Level 1:colcon.colcon_core.package_identification:_identify(ros_ws/src/gpio_interfaces) by extensions ['colcon_pkg']
[0.510s] Level 1:colcon.colcon_core.package_identification:_identify(ros_ws/src/gpio_interfaces) by extension 'colcon_pkg'
[0.510s] Level 1:colcon.colcon_core.package_identification:_identify(ros_ws/src/gpio_interfaces) by extensions ['colcon_meta']
[0.510s] Level 1:colcon.colcon_core.package_identification:_identify(ros_ws/src/gpio_interfaces) by extension 'colcon_meta'
[0.510s] Level 1:colcon.colcon_core.package_identification:_identify(ros_ws/src/gpio_interfaces) by extensions ['ros']
[0.510s] Level 1:colcon.colcon_core.package_identification:_identify(ros_ws/src/gpio_interfaces) by extension 'ros'
[0.510s] DEBUG:colcon.colcon_core.package_identification:Package 'ros_ws/src/gpio_interfaces' with type 'ros.ament_cmake' and name 'gpio_interfaces'
[0.511s] Level 1:colcon.colcon_core.package_identification:_identify(ros_ws/src/ros2_canopen) by extensions ['ignore', 'ignore_ament_install']
[0.511s] Level 1:colcon.colcon_core.package_identification:_identify(ros_ws/src/ros2_canopen) by extension 'ignore'
[0.511s] Level 1:colcon.colcon_core.package_identification:_identify(ros_ws/src/ros2_canopen) by extension 'ignore_ament_install'
[0.511s] Level 1:colcon.colcon_core.package_identification:_identify(ros_ws/src/ros2_canopen) by extensions ['colcon_pkg']
[0.511s] Level 1:colcon.colcon_core.package_identification:_identify(ros_ws/src/ros2_canopen) by extension 'colcon_pkg'
[0.511s] Level 1:colcon.colcon_core.package_identification:_identify(ros_ws/src/ros2_canopen) by extensions ['colcon_meta']
[0.511s] Level 1:colcon.colcon_core.package_identification:_identify(ros_ws/src/ros2_canopen) by extension 'colcon_meta'
[0.511s] Level 1:colcon.colcon_core.package_identification:_identify(ros_ws/src/ros2_canopen) by extensions ['ros']
[0.511s] Level 1:colcon.colcon_core.package_identification:_identify(ros_ws/src/ros2_canopen) by extension 'ros'
[0.511s] Level 1:colcon.colcon_core.package_identification:_identify(ros_ws/src/ros2_canopen) by extensions ['cmake', 'python']
[0.511s] Level 1:colcon.colcon_core.package_identification:_identify(ros_ws/src/ros2_canopen) by extension 'cmake'
[0.511s] Level 1:colcon.colcon_core.package_identification:_identify(ros_ws/src/ros2_canopen) by extension 'python'
[0.511s] Level 1:colcon.colcon_core.package_identification:_identify(ros_ws/src/ros2_canopen) by extensions ['python_setup_py']
[0.511s] Level 1:colcon.colcon_core.package_identification:_identify(ros_ws/src/ros2_canopen) by extension 'python_setup_py'
[0.511s] Level 1:colcon.colcon_core.package_identification:_identify(ros_ws/src/shore_comms) by extensions ['ignore', 'ignore_ament_install']
[0.511s] Level 1:colcon.colcon_core.package_identification:_identify(ros_ws/src/shore_comms) by extension 'ignore'
[0.511s] Level 1:colcon.colcon_core.package_identification:_identify(ros_ws/src/shore_comms) by extension 'ignore_ament_install'
[0.511s] Level 1:colcon.colcon_core.package_identification:_identify(ros_ws/src/shore_comms) by extensions ['colcon_pkg']
[0.511s] Level 1:colcon.colcon_core.package_identification:_identify(ros_ws/src/shore_comms) by extension 'colcon_pkg'
[0.511s] Level 1:colcon.colcon_core.package_identification:_identify(ros_ws/src/shore_comms) by extensions ['colcon_meta']
[0.511s] Level 1:colcon.colcon_core.package_identification:_identify(ros_ws/src/shore_comms) by extension 'colcon_meta'
[0.511s] Level 1:colcon.colcon_core.package_identification:_identify(ros_ws/src/shore_comms) by extensions ['ros']
[0.511s] Level 1:colcon.colcon_core.package_identification:_identify(ros_ws/src/shore_comms) by extension 'ros'
[0.512s] DEBUG:colcon.colcon_core.package_identification:Package 'ros_ws/src/shore_comms' with type 'ros.ament_python' and name 'shore_comms'
[0.512s] Level 1:colcon.colcon_core.package_discovery:discover_packages(recursive) using defaults
[0.512s] Level 1:colcon.colcon_core.package_discovery:discover_packages(ignore) discover
[0.512s] Level 1:colcon.colcon_core.package_discovery:discover_packages(ignore) using defaults
[0.512s] Level 1:colcon.colcon_core.package_discovery:discover_packages(path) discover
[0.512s] Level 1:colcon.colcon_core.package_discovery:discover_packages(path) using defaults
[0.547s] INFO:colcon.colcon_core.package_selection:Skipping not selected package 'examples_rclcpp_async_client' in 'ros_ws/src/examples/rclcpp/services/async_client'
[0.547s] INFO:colcon.colcon_core.package_selection:Skipping not selected package 'examples_rclcpp_cbg_executor' in 'ros_ws/src/examples/rclcpp/executors/cbg_executor'
[0.547s] INFO:colcon.colcon_core.package_selection:Skipping not selected package 'examples_rclcpp_minimal_action_client' in 'ros_ws/src/examples/rclcpp/actions/minimal_action_client'
[0.547s] INFO:colcon.colcon_core.package_selection:Skipping not selected package 'examples_rclcpp_minimal_action_server' in 'ros_ws/src/examples/rclcpp/actions/minimal_action_server'
[0.547s] INFO:colcon.colcon_core.package_selection:Skipping not selected package 'examples_rclcpp_minimal_client' in 'ros_ws/src/examples/rclcpp/services/minimal_client'
[0.547s] INFO:colcon.colcon_core.package_selection:Skipping not selected package 'examples_rclcpp_minimal_composition' in 'ros_ws/src/examples/rclcpp/composition/minimal_composition'
[0.547s] INFO:colcon.colcon_core.package_selection:Skipping not selected package 'examples_rclcpp_minimal_publisher' in 'ros_ws/src/examples/rclcpp/topics/minimal_publisher'
[0.547s] INFO:colcon.colcon_core.package_selection:Skipping not selected package 'examples_rclcpp_minimal_service' in 'ros_ws/src/examples/rclcpp/services/minimal_service'
[0.547s] INFO:colcon.colcon_core.package_selection:Skipping not selected package 'examples_rclcpp_minimal_subscriber' in 'ros_ws/src/examples/rclcpp/topics/minimal_subscriber'
[0.547s] INFO:colcon.colcon_core.package_selection:Skipping not selected package 'examples_rclcpp_minimal_timer' in 'ros_ws/src/examples/rclcpp/timers/minimal_timer'
[0.547s] INFO:colcon.colcon_core.package_selection:Skipping not selected package 'examples_rclcpp_multithreaded_executor' in 'ros_ws/src/examples/rclcpp/executors/multithreaded_executor'
[0.547s] INFO:colcon.colcon_core.package_selection:Skipping not selected package 'examples_rclcpp_wait_set' in 'ros_ws/src/examples/rclcpp/wait_set'
[0.547s] INFO:colcon.colcon_core.package_selection:Skipping not selected package 'examples_rclpy_executors' in 'ros_ws/src/examples/rclpy/executors'
[0.547s] INFO:colcon.colcon_core.package_selection:Skipping not selected package 'examples_rclpy_guard_conditions' in 'ros_ws/src/examples/rclpy/guard_conditions'
[0.547s] INFO:colcon.colcon_core.package_selection:Skipping not selected package 'examples_rclpy_minimal_action_client' in 'ros_ws/src/examples/rclpy/actions/minimal_action_client'
[0.547s] INFO:colcon.colcon_core.package_selection:Skipping not selected package 'examples_rclpy_minimal_action_server' in 'ros_ws/src/examples/rclpy/actions/minimal_action_server'
[0.547s] INFO:colcon.colcon_core.package_selection:Skipping not selected package 'examples_rclpy_minimal_client' in 'ros_ws/src/examples/rclpy/services/minimal_client'
[0.547s] INFO:colcon.colcon_core.package_selection:Skipping not selected package 'examples_rclpy_minimal_publisher' in 'ros_ws/src/examples/rclpy/topics/minimal_publisher'
[0.547s] INFO:colcon.colcon_core.package_selection:Skipping not selected package 'examples_rclpy_minimal_service' in 'ros_ws/src/examples/rclpy/services/minimal_service'
[0.547s] INFO:colcon.colcon_core.package_selection:Skipping not selected package 'examples_rclpy_minimal_subscriber' in 'ros_ws/src/examples/rclpy/topics/minimal_subscriber'
[0.547s] INFO:colcon.colcon_core.package_selection:Skipping not selected package 'examples_rclpy_pointcloud_publisher' in 'ros_ws/src/examples/rclpy/topics/pointcloud_publisher'
[0.547s] INFO:colcon.colcon_core.package_selection:Skipping not selected package 'gpio_interfaces' in 'ros_ws/src/gpio_interfaces'
[0.547s] INFO:colcon.colcon_core.package_selection:Skipping not selected package 'launch_testing_examples' in 'ros_ws/src/examples/launch_testing/launch_testing_examples'
[0.548s] Level 1:colcon.colcon_core.package_discovery:discover_packages(prefix_path) check parameters
[0.548s] Level 1:colcon.colcon_core.package_discovery:discover_packages(prefix_path) discover
[0.557s] DEBUG:colcon.colcon_installed_package_information.package_discovery:Found 347 installed packages in /opt/ros/kilted
[0.558s] Level 1:colcon.colcon_core.package_discovery:discover_packages(prefix_path) using defaults
[0.689s] Level 5:colcon.colcon_core.verb:set package 'GPIO_Test' build argument 'cmake_args' from command line to 'None'
[0.689s] Level 5:colcon.colcon_core.verb:set package 'GPIO_Test' build argument 'cmake_target' from command line to 'None'
[0.689s] Level 5:colcon.colcon_core.verb:set package 'GPIO_Test' build argument 'cmake_target_skip_unavailable' from command line to 'False'
[0.689s] Level 5:colcon.colcon_core.verb:set package 'GPIO_Test' build argument 'cmake_clean_cache' from command line to 'False'
[0.689s] Level 5:colcon.colcon_core.verb:set package 'GPIO_Test' build argument 'cmake_clean_first' from command line to 'False'
[0.689s] Level 5:colcon.colcon_core.verb:set package 'GPIO_Test' build argument 'cmake_force_configure' from command line to 'False'
[0.689s] Level 5:colcon.colcon_core.verb:set package 'GPIO_Test' build argument 'ament_cmake_args' from command line to 'None'
[0.689s] Level 5:colcon.colcon_core.verb:set package 'GPIO_Test' build argument 'catkin_cmake_args' from command line to 'None'
[0.689s] Level 5:colcon.colcon_core.verb:set package 'GPIO_Test' build argument 'catkin_skip_building_tests' from command line to 'False'
[0.689s] DEBUG:colcon.colcon_core.verb:Building package 'GPIO_Test' with the following arguments: {'ament_cmake_args': None, 'build_base': '/home/ishaan/eboat_src/build/GPIO_Test', 'catkin_cmake_args': None, 'catkin_skip_building_tests': False, 'cmake_args': None, 'cmake_clean_cache': False, 'cmake_clean_first': False, 'cmake_force_configure': False, 'cmake_target': None, 'cmake_target_skip_unavailable': False, 'install_base': '/home/ishaan/eboat_src/install/GPIO_Test', 'merge_install': False, 'path': '/home/ishaan/eboat_src/ros_ws/src/GPIO_Test', 'symlink_install': False, 'test_result_base': None}
[0.689s] Level 5:colcon.colcon_core.verb:set package 'shore_comms' build argument 'cmake_args' from command line to 'None'
[0.689s] Level 5:colcon.colcon_core.verb:set package 'shore_comms' build argument 'cmake_target' from command line to 'None'
[0.689s] Level 5:colcon.colcon_core.verb:set package 'shore_comms' build argument 'cmake_target_skip_unavailable' from command line to 'False'
[0.690s] Level 5:colcon.colcon_core.verb:set package 'shore_comms' build argument 'cmake_clean_cache' from command line to 'False'
[0.690s] Level 5:colcon.colcon_core.verb:set package 'shore_comms' build argument 'cmake_clean_first' from command line to 'False'
[0.690s] Level 5:colcon.colcon_core.verb:set package 'shore_comms' build argument 'cmake_force_configure' from command line to 'False'
[0.690s] Level 5:colcon.colcon_core.verb:set package 'shore_comms' build argument 'ament_cmake_args' from command line to 'None'
[0.690s] Level 5:colcon.colcon_core.verb:set package 'shore_comms' build argument 'catkin_cmake_args' from command line to 'None'
[0.690s] Level 5:colcon.colcon_core.verb:set package 'shore_comms' build argument 'catkin_skip_building_tests' from command line to 'False'
[0.690s] DEBUG:colcon.colcon_core.verb:Building package 'shore_comms' with the following arguments: {'ament_cmake_args': None, 'build_base': '/home/ishaan/eboat_src/build/shore_comms', 'catkin_cmake_args': None, 'catkin_skip_building_tests': False, 'cmake_args': None, 'cmake_clean_cache': False, 'cmake_clean_first': False, 'cmake_force_configure': False, 'cmake_target': None, 'cmake_target_skip_unavailable': False, 'install_base': '/home/ishaan/eboat_src/install/shore_comms', 'merge_install': False, 'path': '/home/ishaan/eboat_src/ros_ws/src/shore_comms', 'symlink_install': False, 'test_result_base': None}
[0.690s] INFO:colcon.colcon_core.executor:Executing jobs using 'parallel' executor
[0.691s] DEBUG:colcon.colcon_parallel_executor.executor.parallel:run_until_complete
[0.691s] INFO:colcon.colcon_ros.task.ament_python.build:Building ROS package in '/home/ishaan/eboat_src/ros_ws/src/GPIO_Test' with build type 'ament_python'
[0.691s] Level 1:colcon.colcon_core.shell:create_environment_hook('GPIO_Test', 'ament_prefix_path')
[0.698s] INFO:colcon.colcon_core.plugin_system:Skipping extension 'colcon_core.shell.bat': Not used on non-Windows systems
[0.698s] INFO:colcon.colcon_core.shell:Creating environment hook '/home/ishaan/eboat_src/install/GPIO_Test/share/GPIO_Test/hook/ament_prefix_path.ps1'
[0.699s] INFO:colcon.colcon_core.shell:Creating environment descriptor '/home/ishaan/eboat_src/install/GPIO_Test/share/GPIO_Test/hook/ament_prefix_path.dsv'
[0.699s] INFO:colcon.colcon_core.shell:Creating environment hook '/home/ishaan/eboat_src/install/GPIO_Test/share/GPIO_Test/hook/ament_prefix_path.sh'
[0.700s] INFO:colcon.colcon_core.shell:Skip shell extension 'powershell' for command environment: Not usable outside of PowerShell
[0.700s] DEBUG:colcon.colcon_core.shell:Skip shell extension 'dsv' for command environment
[0.702s] INFO:colcon.colcon_ros.task.ament_python.build:Building ROS package in '/home/ishaan/eboat_src/ros_ws/src/shore_comms' with build type 'ament_python'
[0.702s] Level 1:colcon.colcon_core.shell:create_environment_hook('shore_comms', 'ament_prefix_path')
[0.703s] INFO:colcon.colcon_core.shell:Creating environment hook '/home/ishaan/eboat_src/install/shore_comms/share/shore_comms/hook/ament_prefix_path.ps1'
[0.703s] INFO:colcon.colcon_core.shell:Creating environment descriptor '/home/ishaan/eboat_src/install/shore_comms/share/shore_comms/hook/ament_prefix_path.dsv'
[0.704s] INFO:colcon.colcon_core.shell:Creating environment hook '/home/ishaan/eboat_src/install/shore_comms/share/shore_comms/hook/ament_prefix_path.sh'
[0.704s] INFO:colcon.colcon_core.shell:Skip shell extension 'powershell' for command environment: Not usable outside of PowerShell
[0.704s] DEBUG:colcon.colcon_core.shell:Skip shell extension 'dsv' for command environment
[0.862s] INFO:colcon.colcon_core.task.python.build:Building Python package in '/home/ishaan/eboat_src/ros_ws/src/GPIO_Test'
[0.863s] INFO:colcon.colcon_core.shell:Skip shell extension 'powershell' for command environment: Not usable outside of PowerShell
[0.863s] DEBUG:colcon.colcon_core.shell:Skip shell extension 'dsv' for command environment
[1.001s] INFO:colcon.colcon_core.task.python.build:Building Python package in '/home/ishaan/eboat_src/ros_ws/src/shore_comms'
[1.002s] INFO:colcon.colcon_core.shell:Skip shell extension 'powershell' for command environment: Not usable outside of PowerShell
[1.002s] DEBUG:colcon.colcon_core.shell:Skip shell extension 'dsv' for command environment
[1.388s] DEBUG:colcon.colcon_core.event_handler.log_command:Invoking command in '/home/ishaan/eboat_src/ros_ws/src/GPIO_Test': PYTHONPATH=/home/ishaan/eboat_src/build/GPIO_Test/prefix_override:/usr/lib/python3/dist-packages/colcon_core/task/python/colcon_distutils_commands:/home/ishaan/eboat_src/install/GPIO_Test/lib/python3.12/site-packages:${PYTHONPATH} /usr/bin/python3 -W ignore:setup.py install is deprecated -W ignore:easy_install command is deprecated setup.py egg_info --egg-base ../../../build/GPIO_Test build --build-base /home/ishaan/eboat_src/build/GPIO_Test/build install --record /home/ishaan/eboat_src/build/GPIO_Test/install.log --single-version-externally-managed install_data
[1.394s] DEBUG:colcon.colcon_core.event_handler.log_command:Invoking command in '/home/ishaan/eboat_src/ros_ws/src/shore_comms': PYTHONPATH=/home/ishaan/eboat_src/build/shore_comms/prefix_override:/usr/lib/python3/dist-packages/colcon_core/task/python/colcon_distutils_commands:/home/ishaan/eboat_src/install/shore_comms/lib/python3.12/site-packages:${PYTHONPATH} /usr/bin/python3 -W ignore:setup.py install is deprecated -W ignore:easy_install command is deprecated setup.py egg_info --egg-base ../../../build/shore_comms build --build-base /home/ishaan/eboat_src/build/shore_comms/build install --record /home/ishaan/eboat_src/build/shore_comms/install.log --single-version-externally-managed install_data
[1.692s] DEBUG:colcon.colcon_core.event_handler.log_command:Invoked command in '/home/ishaan/eboat_src/ros_ws/src/GPIO_Test' returned '0': PYTHONPATH=/home/ishaan/eboat_src/build/GPIO_Test/prefix_override:/usr/lib/python3/dist-packages/colcon_core/task/python/colcon_distutils_commands:/home/ishaan/eboat_src/install/GPIO_Test/lib/python3.12/site-packages:${PYTHONPATH} /usr/bin/python3 -W ignore:setup.py install is deprecated -W ignore:easy_install command is deprecated setup.py egg_info --egg-base ../../../build/GPIO_Test build --build-base /home/ishaan/eboat_src/build/GPIO_Test/build install --record /home/ishaan/eboat_src/build/GPIO_Test/install.log --single-version-externally-managed install_data
[1.701s] Level 1:colcon.colcon_core.environment:checking '/home/ishaan/eboat_src/install/GPIO_Test' for CMake module files
[1.702s] Level 1:colcon.colcon_core.environment:checking '/home/ishaan/eboat_src/install/GPIO_Test' for CMake config files
[1.702s] Level 1:colcon.colcon_core.environment:checking '/home/ishaan/eboat_src/install/GPIO_Test/lib'
[1.702s] Level 1:colcon.colcon_core.environment:checking '/home/ishaan/eboat_src/install/GPIO_Test/bin'
[1.702s] Level 1:colcon.colcon_core.environment:checking '/home/ishaan/eboat_src/install/GPIO_Test/lib/pkgconfig/GPIO_Test.pc'
[1.703s] Level 1:colcon.colcon_core.environment:checking '/home/ishaan/eboat_src/install/GPIO_Test/lib/python3.12/site-packages'
[1.703s] Level 1:colcon.colcon_core.shell:create_environment_hook('GPIO_Test', 'pythonpath')
[1.703s] INFO:colcon.colcon_core.shell:Creating environment hook '/home/ishaan/eboat_src/install/GPIO_Test/share/GPIO_Test/hook/pythonpath.ps1'
[1.703s] INFO:colcon.colcon_core.shell:Creating environment descriptor '/home/ishaan/eboat_src/install/GPIO_Test/share/GPIO_Test/hook/pythonpath.dsv'
[1.704s] INFO:colcon.colcon_core.shell:Creating environment hook '/home/ishaan/eboat_src/install/GPIO_Test/share/GPIO_Test/hook/pythonpath.sh'
[1.704s] Level 1:colcon.colcon_core.environment:checking '/home/ishaan/eboat_src/install/GPIO_Test/bin'
[1.704s] Level 1:colcon.colcon_core.environment:create_environment_scripts_only(GPIO_Test)
[1.705s] INFO:colcon.colcon_core.shell:Creating package script '/home/ishaan/eboat_src/install/GPIO_Test/share/GPIO_Test/package.ps1'
[1.705s] INFO:colcon.colcon_core.shell:Creating package descriptor '/home/ishaan/eboat_src/install/GPIO_Test/share/GPIO_Test/package.dsv'
[1.705s] INFO:colcon.colcon_core.shell:Creating package script '/home/ishaan/eboat_src/install/GPIO_Test/share/GPIO_Test/package.sh'
[1.706s] INFO:colcon.colcon_core.shell:Creating package script '/home/ishaan/eboat_src/install/GPIO_Test/share/GPIO_Test/package.bash'
[1.706s] INFO:colcon.colcon_core.shell:Creating package script '/home/ishaan/eboat_src/install/GPIO_Test/share/GPIO_Test/package.zsh'
[1.707s] Level 1:colcon.colcon_core.environment:create_file_with_runtime_dependencies(/home/ishaan/eboat_src/install/GPIO_Test/share/colcon-core/packages/GPIO_Test)
[1.709s] Level 1:colcon.colcon_core.environment:checking '/home/ishaan/eboat_src/install/shore_comms' for CMake module files
[1.710s] DEBUG:colcon.colcon_core.event_handler.log_command:Invoked command in '/home/ishaan/eboat_src/ros_ws/src/shore_comms' returned '0': PYTHONPATH=/home/ishaan/eboat_src/build/shore_comms/prefix_override:/usr/lib/python3/dist-packages/colcon_core/task/python/colcon_distutils_commands:/home/ishaan/eboat_src/install/shore_comms/lib/python3.12/site-packages:${PYTHONPATH} /usr/bin/python3 -W ignore:setup.py install is deprecated -W ignore:easy_install command is deprecated setup.py egg_info --egg-base ../../../build/shore_comms build --build-base /home/ishaan/eboat_src/build/shore_comms/build install --record /home/ishaan/eboat_src/build/shore_comms/install.log --single-version-externally-managed install_data
[1.710s] Level 1:colcon.colcon_core.environment:checking '/home/ishaan/eboat_src/install/shore_comms' for CMake config files
[1.710s] Level 1:colcon.colcon_core.environment:checking '/home/ishaan/eboat_src/install/shore_comms/lib'
[1.710s] Level 1:colcon.colcon_core.environment:checking '/home/ishaan/eboat_src/install/shore_comms/bin'
[1.710s] Level 1:colcon.colcon_core.environment:checking '/home/ishaan/eboat_src/install/shore_comms/lib/pkgconfig/shore_comms.pc'
[1.710s] Level 1:colcon.colcon_core.environment:checking '/home/ishaan/eboat_src/install/shore_comms/lib/python3.12/site-packages'
[1.711s] Level 1:colcon.colcon_core.shell:create_environment_hook('shore_comms', 'pythonpath')
[1.711s] INFO:colcon.colcon_core.shell:Creating environment hook '/home/ishaan/eboat_src/install/shore_comms/share/shore_comms/hook/pythonpath.ps1'
[1.711s] INFO:colcon.colcon_core.shell:Creating environment descriptor '/home/ishaan/eboat_src/install/shore_comms/share/shore_comms/hook/pythonpath.dsv'
[1.711s] INFO:colcon.colcon_core.shell:Creating environment hook '/home/ishaan/eboat_src/install/shore_comms/share/shore_comms/hook/pythonpath.sh'
[1.711s] Level 1:colcon.colcon_core.environment:checking '/home/ishaan/eboat_src/install/shore_comms/bin'
[1.711s] Level 1:colcon.colcon_core.environment:create_environment_scripts_only(shore_comms)
[1.711s] INFO:colcon.colcon_core.shell:Creating package script '/home/ishaan/eboat_src/install/shore_comms/share/shore_comms/package.ps1'
[1.712s] INFO:colcon.colcon_core.shell:Creating package descriptor '/home/ishaan/eboat_src/install/shore_comms/share/shore_comms/package.dsv'
[1.712s] INFO:colcon.colcon_core.shell:Creating package script '/home/ishaan/eboat_src/install/shore_comms/share/shore_comms/package.sh'
[1.712s] INFO:colcon.colcon_core.shell:Creating package script '/home/ishaan/eboat_src/install/shore_comms/share/shore_comms/package.bash'
[1.712s] INFO:colcon.colcon_core.shell:Creating package script '/home/ishaan/eboat_src/install/shore_comms/share/shore_comms/package.zsh'
[1.712s] Level 1:colcon.colcon_core.environment:create_file_with_runtime_dependencies(/home/ishaan/eboat_src/install/shore_comms/share/colcon-core/packages/shore_comms)
[1.713s] DEBUG:colcon.colcon_parallel_executor.executor.parallel:closing loop
[1.713s] DEBUG:colcon.colcon_parallel_executor.executor.parallel:loop closed
[1.714s] DEBUG:colcon.colcon_parallel_executor.executor.parallel:run_until_complete finished with '0'
[1.714s] DEBUG:colcon.colcon_core.event_reactor:joining thread
[1.765s] INFO:colcon.colcon_core.plugin_system:Skipping extension 'colcon_notification.desktop_notification.notify_send': Could not find 'notify-send'
[1.766s] INFO:colcon.colcon_core.plugin_system:Skipping extension 'colcon_notification.desktop_notification.terminal_notifier': Not used on non-Darwin systems
[1.766s] INFO:colcon.colcon_core.plugin_system:Skipping extension 'colcon_notification.desktop_notification.win32': Not used on non-Windows systems
[1.766s] INFO:colcon.colcon_notification.desktop_notification:Sending desktop notification using 'notify2'
[1.768s] DEBUG:colcon.colcon_notification.desktop_notification.notify2:Failed to initialize notify2: org.freedesktop.DBus.Error.ServiceUnknown: The name org.freedesktop.Notifications was not provided by any .service files
[1.768s] DEBUG:colcon.colcon_core.event_reactor:joined thread
[1.768s] INFO:colcon.colcon_core.shell:Creating prefix script '/home/ishaan/eboat_src/install/local_setup.ps1'
[1.769s] INFO:colcon.colcon_core.shell:Creating prefix util module '/home/ishaan/eboat_src/install/_local_setup_util_ps1.py'
[1.769s] INFO:colcon.colcon_core.shell:Creating prefix chain script '/home/ishaan/eboat_src/install/setup.ps1'
[1.770s] INFO:colcon.colcon_core.shell:Creating prefix script '/home/ishaan/eboat_src/install/local_setup.sh'
[1.770s] INFO:colcon.colcon_core.shell:Creating prefix util module '/home/ishaan/eboat_src/install/_local_setup_util_sh.py'
[1.771s] INFO:colcon.colcon_core.shell:Creating prefix chain script '/home/ishaan/eboat_src/install/setup.sh'
[1.771s] INFO:colcon.colcon_core.shell:Creating prefix script '/home/ishaan/eboat_src/install/local_setup.bash'
[1.772s] INFO:colcon.colcon_core.shell:Creating prefix chain script '/home/ishaan/eboat_src/install/setup.bash'
[1.772s] INFO:colcon.colcon_core.shell:Creating prefix script '/home/ishaan/eboat_src/install/local_setup.zsh'
[1.773s] INFO:colcon.colcon_core.shell:Creating prefix chain script '/home/ishaan/eboat_src/install/setup.zsh'
