[0.176s] DEBUG:colcon:Command line arguments: ['/usr/bin/colcon', 'build']
[0.176s] DEBUG:colcon:Parsed command line arguments: Namespace(log_base=None, log_level=None, verb_name='build', build_base='build', install_base='install', merge_install=False, symlink_install=False, test_result_base=None, continue_on_error=False, executor='parallel', parallel_workers=16, event_handlers=None, ignore_user_meta=False, metas=['./colcon.meta'], base_paths=['.'], packages_ignore=None, packages_ignore_regex=None, paths=None, packages_up_to=None, packages_up_to_regex=None, packages_above=None, packages_above_and_dependencies=None, packages_above_depth=None, packages_select_by_dep=None, packages_skip_by_dep=None, packages_skip_up_to=None, packages_select_build_failed=False, packages_skip_build_finished=False, packages_select_test_failures=False, packages_skip_test_passed=False, packages_select=None, packages_skip=None, packages_select_regex=None, packages_skip_regex=None, packages_start=None, packages_end=None, allow_overriding=[], cmake_args=None, cmake_target=None, cmake_target_skip_unavailable=False, cmake_clean_cache=False, cmake_clean_first=False, cmake_force_configure=False, ament_cmake_args=None, catkin_cmake_args=None, catkin_skip_building_tests=False, mixin_files=None, mixin=None, verb_parser=<colcon_mixin.mixin.mixin_argument.MixinArgumentDecorator object at 0x7b56ce38ec30>, verb_extension=<colcon_core.verb.build.BuildVerb object at 0x7b56ce38e2d0>, main=<bound method BuildVerb.main of <colcon_core.verb.build.BuildVerb object at 0x7b56ce38e2d0>>, mixin_verb=('build',))
[0.199s] Level 1:colcon.colcon_core.package_discovery:discover_packages(colcon_meta) check parameters
[0.200s] Level 1:colcon.colcon_core.package_discovery:discover_packages(recursive) check parameters
[0.200s] Level 1:colcon.colcon_core.package_discovery:discover_packages(ignore) check parameters
[0.200s] Level 1:colcon.colcon_core.package_discovery:discover_packages(path) check parameters
[0.200s] Level 1:colcon.colcon_core.package_discovery:discover_packages(colcon_meta) discover
[0.200s] Level 1:colcon.colcon_core.package_discovery:discover_packages(recursive) discover
[0.200s] INFO:colcon.colcon_core.package_discovery:Crawling recursively for packages in '/home/ishaan/eboat_src'
[0.200s] Level 1:colcon.colcon_core.package_identification:_identify(.) by extensions ['ignore', 'ignore_ament_install']
[0.200s] Level 1:colcon.colcon_core.package_identification:_identify(.) by extension 'ignore'
[0.200s] Level 1:colcon.colcon_core.package_identification:_identify(.) by extension 'ignore_ament_install'
[0.200s] Level 1:colcon.colcon_core.package_identification:_identify(.) by extensions ['colcon_pkg']
[0.200s] Level 1:colcon.colcon_core.package_identification:_identify(.) by extension 'colcon_pkg'
[0.200s] Level 1:colcon.colcon_core.package_identification:_identify(.) by extensions ['colcon_meta']
[0.200s] Level 1:colcon.colcon_core.package_identification:_identify(.) by extension 'colcon_meta'
[0.200s] Level 1:colcon.colcon_core.package_identification:_identify(.) by extensions ['ros']
[0.200s] Level 1:colcon.colcon_core.package_identification:_identify(.) by extension 'ros'
[0.216s] Level 1:colcon.colcon_core.package_identification:_identify(.) by extensions ['cmake', 'python']
[0.216s] Level 1:colcon.colcon_core.package_identification:_identify(.) by extension 'cmake'
[0.216s] Level 1:colcon.colcon_core.package_identification:_identify(.) by extension 'python'
[0.216s] Level 1:colcon.colcon_core.package_identification:_identify(.) by extensions ['python_setup_py']
[0.216s] Level 1:colcon.colcon_core.package_identification:_identify(.) by extension 'python_setup_py'
[0.216s] Level 1:colcon.colcon_core.package_identification:_identify(build) by extensions ['ignore', 'ignore_ament_install']
[0.216s] Level 1:colcon.colcon_core.package_identification:_identify(build) by extension 'ignore'
[0.216s] Level 1:colcon.colcon_core.package_identification:_identify(build) ignored
[0.217s] Level 1:colcon.colcon_core.package_identification:_identify(diagrams) by extensions ['ignore', 'ignore_ament_install']
[0.217s] Level 1:colcon.colcon_core.package_identification:_identify(diagrams) by extension 'ignore'
[0.217s] Level 1:colcon.colcon_core.package_identification:_identify(diagrams) by extension 'ignore_ament_install'
[0.217s] Level 1:colcon.colcon_core.package_identification:_identify(diagrams) by extensions ['colcon_pkg']
[0.217s] Level 1:colcon.colcon_core.package_identification:_identify(diagrams) by extension 'colcon_pkg'
[0.217s] Level 1:colcon.colcon_core.package_identification:_identify(diagrams) by extensions ['colcon_meta']
[0.217s] Level 1:colcon.colcon_core.package_identification:_identify(diagrams) by extension 'colcon_meta'
[0.217s] Level 1:colcon.colcon_core.package_identification:_identify(diagrams) by extensions ['ros']
[0.217s] Level 1:colcon.colcon_core.package_identification:_identify(diagrams) by extension 'ros'
[0.217s] Level 1:colcon.colcon_core.package_identification:_identify(diagrams) by extensions ['cmake', 'python']
[0.217s] Level 1:colcon.colcon_core.package_identification:_identify(diagrams) by extension 'cmake'
[0.217s] Level 1:colcon.colcon_core.package_identification:_identify(diagrams) by extension 'python'
[0.217s] Level 1:colcon.colcon_core.package_identification:_identify(diagrams) by extensions ['python_setup_py']
[0.217s] Level 1:colcon.colcon_core.package_identification:_identify(diagrams) by extension 'python_setup_py'
[0.217s] Level 1:colcon.colcon_core.package_identification:_identify(install) by extensions ['ignore', 'ignore_ament_install']
[0.217s] Level 1:colcon.colcon_core.package_identification:_identify(install) by extension 'ignore'
[0.217s] Level 1:colcon.colcon_core.package_identification:_identify(install) ignored
[0.217s] Level 1:colcon.colcon_core.package_identification:_identify(log) by extensions ['ignore', 'ignore_ament_install']
[0.217s] Level 1:colcon.colcon_core.package_identification:_identify(log) by extension 'ignore'
[0.217s] Level 1:colcon.colcon_core.package_identification:_identify(log) ignored
[0.218s] Level 1:colcon.colcon_core.package_identification:_identify(ros_ws) by extensions ['ignore', 'ignore_ament_install']
[0.218s] Level 1:colcon.colcon_core.package_identification:_identify(ros_ws) by extension 'ignore'
[0.218s] Level 1:colcon.colcon_core.package_identification:_identify(ros_ws) by extension 'ignore_ament_install'
[0.218s] Level 1:colcon.colcon_core.package_identification:_identify(ros_ws) by extensions ['colcon_pkg']
[0.218s] Level 1:colcon.colcon_core.package_identification:_identify(ros_ws) by extension 'colcon_pkg'
[0.218s] Level 1:colcon.colcon_core.package_identification:_identify(ros_ws) by extensions ['colcon_meta']
[0.218s] Level 1:colcon.colcon_core.package_identification:_identify(ros_ws) by extension 'colcon_meta'
[0.218s] Level 1:colcon.colcon_core.package_identification:_identify(ros_ws) by extensions ['ros']
[0.218s] Level 1:colcon.colcon_core.package_identification:_identify(ros_ws) by extension 'ros'
[0.218s] Level 1:colcon.colcon_core.package_identification:_identify(ros_ws) by extensions ['cmake', 'python']
[0.218s] Level 1:colcon.colcon_core.package_identification:_identify(ros_ws) by extension 'cmake'
[0.218s] Level 1:colcon.colcon_core.package_identification:_identify(ros_ws) by extension 'python'
[0.218s] Level 1:colcon.colcon_core.package_identification:_identify(ros_ws) by extensions ['python_setup_py']
[0.218s] Level 1:colcon.colcon_core.package_identification:_identify(ros_ws) by extension 'python_setup_py'
[0.218s] Level 1:colcon.colcon_core.package_identification:_identify(ros_ws/build) by extensions ['ignore', 'ignore_ament_install']
[0.218s] Level 1:colcon.colcon_core.package_identification:_identify(ros_ws/build) by extension 'ignore'
[0.218s] Level 1:colcon.colcon_core.package_identification:_identify(ros_ws/build) ignored
[0.218s] Level 1:colcon.colcon_core.package_identification:_identify(ros_ws/install) by extensions ['ignore', 'ignore_ament_install']
[0.218s] Level 1:colcon.colcon_core.package_identification:_identify(ros_ws/install) by extension 'ignore'
[0.218s] Level 1:colcon.colcon_core.package_identification:_identify(ros_ws/install) ignored
[0.218s] Level 1:colcon.colcon_core.package_identification:_identify(ros_ws/log) by extensions ['ignore', 'ignore_ament_install']
[0.218s] Level 1:colcon.colcon_core.package_identification:_identify(ros_ws/log) by extension 'ignore'
[0.219s] Level 1:colcon.colcon_core.package_identification:_identify(ros_ws/log) ignored
[0.219s] Level 1:colcon.colcon_core.package_identification:_identify(ros_ws/src) by extensions ['ignore', 'ignore_ament_install']
[0.219s] Level 1:colcon.colcon_core.package_identification:_identify(ros_ws/src) by extension 'ignore'
[0.219s] Level 1:colcon.colcon_core.package_identification:_identify(ros_ws/src) by extension 'ignore_ament_install'
[0.219s] Level 1:colcon.colcon_core.package_identification:_identify(ros_ws/src) by extensions ['colcon_pkg']
[0.219s] Level 1:colcon.colcon_core.package_identification:_identify(ros_ws/src) by extension 'colcon_pkg'
[0.219s] Level 1:colcon.colcon_core.package_identification:_identify(ros_ws/src) by extensions ['colcon_meta']
[0.219s] Level 1:colcon.colcon_core.package_identification:_identify(ros_ws/src) by extension 'colcon_meta'
[0.219s] Level 1:colcon.colcon_core.package_identification:_identify(ros_ws/src) by extensions ['ros']
[0.219s] Level 1:colcon.colcon_core.package_identification:_identify(ros_ws/src) by extension 'ros'
[0.219s] Level 1:colcon.colcon_core.package_identification:_identify(ros_ws/src) by extensions ['cmake', 'python']
[0.219s] Level 1:colcon.colcon_core.package_identification:_identify(ros_ws/src) by extension 'cmake'
[0.219s] Level 1:colcon.colcon_core.package_identification:_identify(ros_ws/src) by extension 'python'
[0.219s] Level 1:colcon.colcon_core.package_identification:_identify(ros_ws/src) by extensions ['python_setup_py']
[0.219s] Level 1:colcon.colcon_core.package_identification:_identify(ros_ws/src) by extension 'python_setup_py'
[0.219s] Level 1:colcon.colcon_core.package_identification:_identify(ros_ws/src/GPIO_Test) by extensions ['ignore', 'ignore_ament_install']
[0.219s] Level 1:colcon.colcon_core.package_identification:_identify(ros_ws/src/GPIO_Test) by extension 'ignore'
[0.219s] Level 1:colcon.colcon_core.package_identification:_identify(ros_ws/src/GPIO_Test) by extension 'ignore_ament_install'
[0.219s] Level 1:colcon.colcon_core.package_identification:_identify(ros_ws/src/GPIO_Test) by extensions ['colcon_pkg']
[0.219s] Level 1:colcon.colcon_core.package_identification:_identify(ros_ws/src/GPIO_Test) by extension 'colcon_pkg'
[0.219s] Level 1:colcon.colcon_core.package_identification:_identify(ros_ws/src/GPIO_Test) by extensions ['colcon_meta']
[0.219s] Level 1:colcon.colcon_core.package_identification:_identify(ros_ws/src/GPIO_Test) by extension 'colcon_meta'
[0.219s] Level 1:colcon.colcon_core.package_identification:_identify(ros_ws/src/GPIO_Test) by extensions ['ros']
[0.220s] Level 1:colcon.colcon_core.package_identification:_identify(ros_ws/src/GPIO_Test) by extension 'ros'
[0.221s] DEBUG:colcon.colcon_core.package_identification:Package 'ros_ws/src/GPIO_Test' with type 'ros.ament_python' and name 'GPIO_Test'
[0.221s] Level 1:colcon.colcon_core.package_identification:_identify(ros_ws/src/gpio_interfaces) by extensions ['ignore', 'ignore_ament_install']
[0.221s] Level 1:colcon.colcon_core.package_identification:_identify(ros_ws/src/gpio_interfaces) by extension 'ignore'
[0.221s] Level 1:colcon.colcon_core.package_identification:_identify(ros_ws/src/gpio_interfaces) by extension 'ignore_ament_install'
[0.221s] Level 1:colcon.colcon_core.package_identification:_identify(ros_ws/src/gpio_interfaces) by extensions ['colcon_pkg']
[0.222s] Level 1:colcon.colcon_core.package_identification:_identify(ros_ws/src/gpio_interfaces) by extension 'colcon_pkg'
[0.222s] Level 1:colcon.colcon_core.package_identification:_identify(ros_ws/src/gpio_interfaces) by extensions ['colcon_meta']
[0.222s] Level 1:colcon.colcon_core.package_identification:_identify(ros_ws/src/gpio_interfaces) by extension 'colcon_meta'
[0.222s] Level 1:colcon.colcon_core.package_identification:_identify(ros_ws/src/gpio_interfaces) by extensions ['ros']
[0.222s] Level 1:colcon.colcon_core.package_identification:_identify(ros_ws/src/gpio_interfaces) by extension 'ros'
[0.222s] DEBUG:colcon.colcon_core.package_identification:Package 'ros_ws/src/gpio_interfaces' with type 'ros.ament_cmake' and name 'gpio_interfaces'
[0.222s] Level 1:colcon.colcon_core.package_identification:_identify(ros_ws/src/ros2_canopen) by extensions ['ignore', 'ignore_ament_install']
[0.222s] Level 1:colcon.colcon_core.package_identification:_identify(ros_ws/src/ros2_canopen) by extension 'ignore'
[0.222s] Level 1:colcon.colcon_core.package_identification:_identify(ros_ws/src/ros2_canopen) by extension 'ignore_ament_install'
[0.222s] Level 1:colcon.colcon_core.package_identification:_identify(ros_ws/src/ros2_canopen) by extensions ['colcon_pkg']
[0.222s] Level 1:colcon.colcon_core.package_identification:_identify(ros_ws/src/ros2_canopen) by extension 'colcon_pkg'
[0.222s] Level 1:colcon.colcon_core.package_identification:_identify(ros_ws/src/ros2_canopen) by extensions ['colcon_meta']
[0.222s] Level 1:colcon.colcon_core.package_identification:_identify(ros_ws/src/ros2_canopen) by extension 'colcon_meta'
[0.222s] Level 1:colcon.colcon_core.package_identification:_identify(ros_ws/src/ros2_canopen) by extensions ['ros']
[0.222s] Level 1:colcon.colcon_core.package_identification:_identify(ros_ws/src/ros2_canopen) by extension 'ros'
[0.222s] Level 1:colcon.colcon_core.package_identification:_identify(ros_ws/src/ros2_canopen) by extensions ['cmake', 'python']
[0.222s] Level 1:colcon.colcon_core.package_identification:_identify(ros_ws/src/ros2_canopen) by extension 'cmake'
[0.222s] Level 1:colcon.colcon_core.package_identification:_identify(ros_ws/src/ros2_canopen) by extension 'python'
[0.222s] Level 1:colcon.colcon_core.package_identification:_identify(ros_ws/src/ros2_canopen) by extensions ['python_setup_py']
[0.222s] Level 1:colcon.colcon_core.package_identification:_identify(ros_ws/src/ros2_canopen) by extension 'python_setup_py'
[0.222s] Level 1:colcon.colcon_core.package_identification:_identify(ros_ws/src/shore_comms) by extensions ['ignore', 'ignore_ament_install']
[0.223s] Level 1:colcon.colcon_core.package_identification:_identify(ros_ws/src/shore_comms) by extension 'ignore'
[0.223s] Level 1:colcon.colcon_core.package_identification:_identify(ros_ws/src/shore_comms) by extension 'ignore_ament_install'
[0.223s] Level 1:colcon.colcon_core.package_identification:_identify(ros_ws/src/shore_comms) by extensions ['colcon_pkg']
[0.223s] Level 1:colcon.colcon_core.package_identification:_identify(ros_ws/src/shore_comms) by extension 'colcon_pkg'
[0.223s] Level 1:colcon.colcon_core.package_identification:_identify(ros_ws/src/shore_comms) by extensions ['colcon_meta']
[0.223s] Level 1:colcon.colcon_core.package_identification:_identify(ros_ws/src/shore_comms) by extension 'colcon_meta'
[0.223s] Level 1:colcon.colcon_core.package_identification:_identify(ros_ws/src/shore_comms) by extensions ['ros']
[0.223s] Level 1:colcon.colcon_core.package_identification:_identify(ros_ws/src/shore_comms) by extension 'ros'
[0.223s] DEBUG:colcon.colcon_core.package_identification:Package 'ros_ws/src/shore_comms' with type 'ros.ament_python' and name 'shore_comms'
[0.223s] Level 1:colcon.colcon_core.package_discovery:discover_packages(recursive) using defaults
[0.223s] Level 1:colcon.colcon_core.package_discovery:discover_packages(ignore) discover
[0.223s] Level 1:colcon.colcon_core.package_discovery:discover_packages(ignore) using defaults
[0.223s] Level 1:colcon.colcon_core.package_discovery:discover_packages(path) discover
[0.223s] Level 1:colcon.colcon_core.package_discovery:discover_packages(path) using defaults
[0.235s] Level 1:colcon.colcon_core.package_discovery:discover_packages(prefix_path) check parameters
[0.235s] Level 1:colcon.colcon_core.package_discovery:discover_packages(prefix_path) discover
[0.236s] DEBUG:colcon.colcon_installed_package_information.package_discovery:Found 6 installed packages in /home/ishaan/eboat_src/install
[0.237s] DEBUG:colcon.colcon_installed_package_information.package_discovery:Found 347 installed packages in /opt/ros/kilted
[0.239s] Level 1:colcon.colcon_core.package_discovery:discover_packages(prefix_path) using defaults
[0.263s] Level 5:colcon.colcon_core.verb:set package 'GPIO_Test' build argument 'cmake_args' from command line to 'None'
[0.263s] Level 5:colcon.colcon_core.verb:set package 'GPIO_Test' build argument 'cmake_target' from command line to 'None'
[0.263s] Level 5:colcon.colcon_core.verb:set package 'GPIO_Test' build argument 'cmake_target_skip_unavailable' from command line to 'False'
[0.263s] Level 5:colcon.colcon_core.verb:set package 'GPIO_Test' build argument 'cmake_clean_cache' from command line to 'False'
[0.263s] Level 5:colcon.colcon_core.verb:set package 'GPIO_Test' build argument 'cmake_clean_first' from command line to 'False'
[0.263s] Level 5:colcon.colcon_core.verb:set package 'GPIO_Test' build argument 'cmake_force_configure' from command line to 'False'
[0.263s] Level 5:colcon.colcon_core.verb:set package 'GPIO_Test' build argument 'ament_cmake_args' from command line to 'None'
[0.263s] Level 5:colcon.colcon_core.verb:set package 'GPIO_Test' build argument 'catkin_cmake_args' from command line to 'None'
[0.263s] Level 5:colcon.colcon_core.verb:set package 'GPIO_Test' build argument 'catkin_skip_building_tests' from command line to 'False'
[0.263s] DEBUG:colcon.colcon_core.verb:Building package 'GPIO_Test' with the following arguments: {'ament_cmake_args': None, 'build_base': '/home/ishaan/eboat_src/build/GPIO_Test', 'catkin_cmake_args': None, 'catkin_skip_building_tests': False, 'cmake_args': None, 'cmake_clean_cache': False, 'cmake_clean_first': False, 'cmake_force_configure': False, 'cmake_target': None, 'cmake_target_skip_unavailable': False, 'install_base': '/home/ishaan/eboat_src/install/GPIO_Test', 'merge_install': False, 'path': '/home/ishaan/eboat_src/ros_ws/src/GPIO_Test', 'symlink_install': False, 'test_result_base': None}
[0.263s] Level 5:colcon.colcon_core.verb:set package 'gpio_interfaces' build argument 'cmake_args' from command line to 'None'
[0.264s] Level 5:colcon.colcon_core.verb:set package 'gpio_interfaces' build argument 'cmake_target' from command line to 'None'
[0.264s] Level 5:colcon.colcon_core.verb:set package 'gpio_interfaces' build argument 'cmake_target_skip_unavailable' from command line to 'False'
[0.264s] Level 5:colcon.colcon_core.verb:set package 'gpio_interfaces' build argument 'cmake_clean_cache' from command line to 'False'
[0.264s] Level 5:colcon.colcon_core.verb:set package 'gpio_interfaces' build argument 'cmake_clean_first' from command line to 'False'
[0.264s] Level 5:colcon.colcon_core.verb:set package 'gpio_interfaces' build argument 'cmake_force_configure' from command line to 'False'
[0.264s] Level 5:colcon.colcon_core.verb:set package 'gpio_interfaces' build argument 'ament_cmake_args' from command line to 'None'
[0.264s] Level 5:colcon.colcon_core.verb:set package 'gpio_interfaces' build argument 'catkin_cmake_args' from command line to 'None'
[0.264s] Level 5:colcon.colcon_core.verb:set package 'gpio_interfaces' build argument 'catkin_skip_building_tests' from command line to 'False'
[0.264s] DEBUG:colcon.colcon_core.verb:Building package 'gpio_interfaces' with the following arguments: {'ament_cmake_args': None, 'build_base': '/home/ishaan/eboat_src/build/gpio_interfaces', 'catkin_cmake_args': None, 'catkin_skip_building_tests': False, 'cmake_args': None, 'cmake_clean_cache': False, 'cmake_clean_first': False, 'cmake_force_configure': False, 'cmake_target': None, 'cmake_target_skip_unavailable': False, 'install_base': '/home/ishaan/eboat_src/install/gpio_interfaces', 'merge_install': False, 'path': '/home/ishaan/eboat_src/ros_ws/src/gpio_interfaces', 'symlink_install': False, 'test_result_base': None}
[0.264s] Level 5:colcon.colcon_core.verb:set package 'shore_comms' build argument 'cmake_args' from command line to 'None'
[0.264s] Level 5:colcon.colcon_core.verb:set package 'shore_comms' build argument 'cmake_target' from command line to 'None'
[0.264s] Level 5:colcon.colcon_core.verb:set package 'shore_comms' build argument 'cmake_target_skip_unavailable' from command line to 'False'
[0.264s] Level 5:colcon.colcon_core.verb:set package 'shore_comms' build argument 'cmake_clean_cache' from command line to 'False'
[0.264s] Level 5:colcon.colcon_core.verb:set package 'shore_comms' build argument 'cmake_clean_first' from command line to 'False'
[0.264s] Level 5:colcon.colcon_core.verb:set package 'shore_comms' build argument 'cmake_force_configure' from command line to 'False'
[0.264s] Level 5:colcon.colcon_core.verb:set package 'shore_comms' build argument 'ament_cmake_args' from command line to 'None'
[0.264s] Level 5:colcon.colcon_core.verb:set package 'shore_comms' build argument 'catkin_cmake_args' from command line to 'None'
[0.264s] Level 5:colcon.colcon_core.verb:set package 'shore_comms' build argument 'catkin_skip_building_tests' from command line to 'False'
[0.264s] DEBUG:colcon.colcon_core.verb:Building package 'shore_comms' with the following arguments: {'ament_cmake_args': None, 'build_base': '/home/ishaan/eboat_src/build/shore_comms', 'catkin_cmake_args': None, 'catkin_skip_building_tests': False, 'cmake_args': None, 'cmake_clean_cache': False, 'cmake_clean_first': False, 'cmake_force_configure': False, 'cmake_target': None, 'cmake_target_skip_unavailable': False, 'install_base': '/home/ishaan/eboat_src/install/shore_comms', 'merge_install': False, 'path': '/home/ishaan/eboat_src/ros_ws/src/shore_comms', 'symlink_install': False, 'test_result_base': None}
[0.264s] INFO:colcon.colcon_core.executor:Executing jobs using 'parallel' executor
[0.265s] DEBUG:colcon.colcon_parallel_executor.executor.parallel:run_until_complete
[0.265s] INFO:colcon.colcon_ros.task.ament_python.build:Building ROS package in '/home/ishaan/eboat_src/ros_ws/src/GPIO_Test' with build type 'ament_python'
[0.266s] Level 1:colcon.colcon_core.shell:create_environment_hook('GPIO_Test', 'ament_prefix_path')
[0.268s] INFO:colcon.colcon_core.plugin_system:Skipping extension 'colcon_core.shell.bat': Not used on non-Windows systems
[0.268s] INFO:colcon.colcon_core.shell:Creating environment hook '/home/ishaan/eboat_src/install/GPIO_Test/share/GPIO_Test/hook/ament_prefix_path.ps1'
[0.269s] INFO:colcon.colcon_core.shell:Creating environment descriptor '/home/ishaan/eboat_src/install/GPIO_Test/share/GPIO_Test/hook/ament_prefix_path.dsv'
[0.269s] INFO:colcon.colcon_core.shell:Creating environment hook '/home/ishaan/eboat_src/install/GPIO_Test/share/GPIO_Test/hook/ament_prefix_path.sh'
[0.270s] INFO:colcon.colcon_core.shell:Skip shell extension 'powershell' for command environment: Not usable outside of PowerShell
[0.270s] DEBUG:colcon.colcon_core.shell:Skip shell extension 'dsv' for command environment
[0.272s] INFO:colcon.colcon_ros.task.ament_cmake.build:Building ROS package in '/home/ishaan/eboat_src/ros_ws/src/gpio_interfaces' with build type 'ament_cmake'
[0.272s] INFO:colcon.colcon_cmake.task.cmake.build:Building CMake package in '/home/ishaan/eboat_src/ros_ws/src/gpio_interfaces'
[0.273s] INFO:colcon.colcon_core.shell:Skip shell extension 'powershell' for command environment: Not usable outside of PowerShell
[0.273s] DEBUG:colcon.colcon_core.shell:Skip shell extension 'dsv' for command environment
[0.275s] INFO:colcon.colcon_ros.task.ament_python.build:Building ROS package in '/home/ishaan/eboat_src/ros_ws/src/shore_comms' with build type 'ament_python'
[0.275s] Level 1:colcon.colcon_core.shell:create_environment_hook('shore_comms', 'ament_prefix_path')
[0.275s] INFO:colcon.colcon_core.shell:Creating environment hook '/home/ishaan/eboat_src/install/shore_comms/share/shore_comms/hook/ament_prefix_path.ps1'
[0.276s] INFO:colcon.colcon_core.shell:Creating environment descriptor '/home/ishaan/eboat_src/install/shore_comms/share/shore_comms/hook/ament_prefix_path.dsv'
[0.276s] INFO:colcon.colcon_core.shell:Creating environment hook '/home/ishaan/eboat_src/install/shore_comms/share/shore_comms/hook/ament_prefix_path.sh'
[0.276s] INFO:colcon.colcon_core.shell:Skip shell extension 'powershell' for command environment: Not usable outside of PowerShell
[0.277s] DEBUG:colcon.colcon_core.shell:Skip shell extension 'dsv' for command environment
[0.408s] INFO:colcon.colcon_core.task.python.build:Building Python package in '/home/ishaan/eboat_src/ros_ws/src/GPIO_Test'
[0.408s] INFO:colcon.colcon_core.shell:Skip shell extension 'powershell' for command environment: Not usable outside of PowerShell
[0.408s] DEBUG:colcon.colcon_core.shell:Skip shell extension 'dsv' for command environment
[0.415s] DEBUG:colcon.colcon_core.event_handler.log_command:Invoking command in '/home/ishaan/eboat_src/build/gpio_interfaces': CMAKE_PREFIX_PATH=${CMAKE_PREFIX_PATH}:/home/ishaan/eboat_src/install/shore_comms:/home/ishaan/eboat_src/install/examples_rclpy_minimal_action_client:/home/ishaan/eboat_src/install/examples_rclpy_guard_conditions:/home/ishaan/eboat_src/install/examples_rclpy_executors:/home/ishaan/eboat_src/install/GPIO_Test:/opt/ros/kilted /usr/bin/cmake /home/ishaan/eboat_src/ros_ws/src/gpio_interfaces -DCMAKE_INSTALL_PREFIX=/home/ishaan/eboat_src/install/gpio_interfaces
[0.556s] INFO:colcon.colcon_core.task.python.build:Building Python package in '/home/ishaan/eboat_src/ros_ws/src/shore_comms'
[0.556s] INFO:colcon.colcon_core.shell:Skip shell extension 'powershell' for command environment: Not usable outside of PowerShell
[0.556s] DEBUG:colcon.colcon_core.shell:Skip shell extension 'dsv' for command environment
[0.932s] DEBUG:colcon.colcon_core.event_handler.log_command:Invoking command in '/home/ishaan/eboat_src/ros_ws/src/GPIO_Test': PYTHONPATH=/home/ishaan/eboat_src/build/GPIO_Test/prefix_override:/usr/lib/python3/dist-packages/colcon_core/task/python/colcon_distutils_commands:/home/ishaan/eboat_src/install/GPIO_Test/lib/python3.12/site-packages:${PYTHONPATH} /usr/bin/python3 -W ignore:setup.py install is deprecated -W ignore:easy_install command is deprecated setup.py egg_info --egg-base ../../../build/GPIO_Test build --build-base /home/ishaan/eboat_src/build/GPIO_Test/build install --record /home/ishaan/eboat_src/build/GPIO_Test/install.log --single-version-externally-managed install_data
[0.939s] DEBUG:colcon.colcon_core.event_handler.log_command:Invoking command in '/home/ishaan/eboat_src/ros_ws/src/shore_comms': PYTHONPATH=/home/ishaan/eboat_src/build/shore_comms/prefix_override:/usr/lib/python3/dist-packages/colcon_core/task/python/colcon_distutils_commands:/home/ishaan/eboat_src/install/shore_comms/lib/python3.12/site-packages:${PYTHONPATH} /usr/bin/python3 -W ignore:setup.py install is deprecated -W ignore:easy_install command is deprecated setup.py egg_info --egg-base ../../../build/shore_comms build --build-base /home/ishaan/eboat_src/build/shore_comms/build install --record /home/ishaan/eboat_src/build/shore_comms/install.log --single-version-externally-managed install_data
[1.278s] DEBUG:colcon.colcon_core.event_handler.log_command:Invoked command in '/home/ishaan/eboat_src/ros_ws/src/GPIO_Test' returned '0': PYTHONPATH=/home/ishaan/eboat_src/build/GPIO_Test/prefix_override:/usr/lib/python3/dist-packages/colcon_core/task/python/colcon_distutils_commands:/home/ishaan/eboat_src/install/GPIO_Test/lib/python3.12/site-packages:${PYTHONPATH} /usr/bin/python3 -W ignore:setup.py install is deprecated -W ignore:easy_install command is deprecated setup.py egg_info --egg-base ../../../build/GPIO_Test build --build-base /home/ishaan/eboat_src/build/GPIO_Test/build install --record /home/ishaan/eboat_src/build/GPIO_Test/install.log --single-version-externally-managed install_data
[1.280s] Level 1:colcon.colcon_core.environment:checking '/home/ishaan/eboat_src/install/GPIO_Test' for CMake module files
[1.280s] Level 1:colcon.colcon_core.environment:checking '/home/ishaan/eboat_src/install/GPIO_Test' for CMake config files
[1.280s] Level 1:colcon.colcon_core.environment:checking '/home/ishaan/eboat_src/install/GPIO_Test/lib'
[1.281s] Level 1:colcon.colcon_core.environment:checking '/home/ishaan/eboat_src/install/GPIO_Test/bin'
[1.281s] Level 1:colcon.colcon_core.environment:checking '/home/ishaan/eboat_src/install/GPIO_Test/lib/pkgconfig/GPIO_Test.pc'
[1.281s] Level 1:colcon.colcon_core.environment:checking '/home/ishaan/eboat_src/install/GPIO_Test/lib/python3.12/site-packages'
[1.281s] Level 1:colcon.colcon_core.shell:create_environment_hook('GPIO_Test', 'pythonpath')
[1.281s] INFO:colcon.colcon_core.shell:Creating environment hook '/home/ishaan/eboat_src/install/GPIO_Test/share/GPIO_Test/hook/pythonpath.ps1'
[1.282s] INFO:colcon.colcon_core.shell:Creating environment descriptor '/home/ishaan/eboat_src/install/GPIO_Test/share/GPIO_Test/hook/pythonpath.dsv'
[1.282s] INFO:colcon.colcon_core.shell:Creating environment hook '/home/ishaan/eboat_src/install/GPIO_Test/share/GPIO_Test/hook/pythonpath.sh'
[1.282s] Level 1:colcon.colcon_core.environment:checking '/home/ishaan/eboat_src/install/GPIO_Test/bin'
[1.282s] Level 1:colcon.colcon_core.environment:create_environment_scripts_only(GPIO_Test)
[1.283s] INFO:colcon.colcon_core.shell:Creating package script '/home/ishaan/eboat_src/install/GPIO_Test/share/GPIO_Test/package.ps1'
[1.283s] INFO:colcon.colcon_core.shell:Creating package descriptor '/home/ishaan/eboat_src/install/GPIO_Test/share/GPIO_Test/package.dsv'
[1.284s] INFO:colcon.colcon_core.shell:Creating package script '/home/ishaan/eboat_src/install/GPIO_Test/share/GPIO_Test/package.sh'
[1.285s] INFO:colcon.colcon_core.shell:Creating package script '/home/ishaan/eboat_src/install/GPIO_Test/share/GPIO_Test/package.bash'
[1.285s] INFO:colcon.colcon_core.shell:Creating package script '/home/ishaan/eboat_src/install/GPIO_Test/share/GPIO_Test/package.zsh'
[1.286s] Level 1:colcon.colcon_core.environment:create_file_with_runtime_dependencies(/home/ishaan/eboat_src/install/GPIO_Test/share/colcon-core/packages/GPIO_Test)
[1.289s] Level 1:colcon.colcon_core.environment:checking '/home/ishaan/eboat_src/install/shore_comms' for CMake module files
[1.289s] DEBUG:colcon.colcon_core.event_handler.log_command:Invoked command in '/home/ishaan/eboat_src/ros_ws/src/shore_comms' returned '0': PYTHONPATH=/home/ishaan/eboat_src/build/shore_comms/prefix_override:/usr/lib/python3/dist-packages/colcon_core/task/python/colcon_distutils_commands:/home/ishaan/eboat_src/install/shore_comms/lib/python3.12/site-packages:${PYTHONPATH} /usr/bin/python3 -W ignore:setup.py install is deprecated -W ignore:easy_install command is deprecated setup.py egg_info --egg-base ../../../build/shore_comms build --build-base /home/ishaan/eboat_src/build/shore_comms/build install --record /home/ishaan/eboat_src/build/shore_comms/install.log --single-version-externally-managed install_data
[1.290s] Level 1:colcon.colcon_core.environment:checking '/home/ishaan/eboat_src/install/shore_comms' for CMake config files
[1.290s] Level 1:colcon.colcon_core.environment:checking '/home/ishaan/eboat_src/install/shore_comms/lib'
[1.290s] Level 1:colcon.colcon_core.environment:checking '/home/ishaan/eboat_src/install/shore_comms/bin'
[1.290s] Level 1:colcon.colcon_core.environment:checking '/home/ishaan/eboat_src/install/shore_comms/lib/pkgconfig/shore_comms.pc'
[1.290s] Level 1:colcon.colcon_core.environment:checking '/home/ishaan/eboat_src/install/shore_comms/lib/python3.12/site-packages'
[1.291s] Level 1:colcon.colcon_core.shell:create_environment_hook('shore_comms', 'pythonpath')
[1.291s] INFO:colcon.colcon_core.shell:Creating environment hook '/home/ishaan/eboat_src/install/shore_comms/share/shore_comms/hook/pythonpath.ps1'
[1.291s] INFO:colcon.colcon_core.shell:Creating environment descriptor '/home/ishaan/eboat_src/install/shore_comms/share/shore_comms/hook/pythonpath.dsv'
[1.292s] INFO:colcon.colcon_core.shell:Creating environment hook '/home/ishaan/eboat_src/install/shore_comms/share/shore_comms/hook/pythonpath.sh'
[1.292s] Level 1:colcon.colcon_core.environment:checking '/home/ishaan/eboat_src/install/shore_comms/bin'
[1.292s] Level 1:colcon.colcon_core.environment:create_environment_scripts_only(shore_comms)
[1.292s] INFO:colcon.colcon_core.shell:Creating package script '/home/ishaan/eboat_src/install/shore_comms/share/shore_comms/package.ps1'
[1.293s] INFO:colcon.colcon_core.shell:Creating package descriptor '/home/ishaan/eboat_src/install/shore_comms/share/shore_comms/package.dsv'
[1.293s] INFO:colcon.colcon_core.shell:Creating package script '/home/ishaan/eboat_src/install/shore_comms/share/shore_comms/package.sh'
[1.294s] INFO:colcon.colcon_core.shell:Creating package script '/home/ishaan/eboat_src/install/shore_comms/share/shore_comms/package.bash'
[1.294s] INFO:colcon.colcon_core.shell:Creating package script '/home/ishaan/eboat_src/install/shore_comms/share/shore_comms/package.zsh'
[1.294s] Level 1:colcon.colcon_core.environment:create_file_with_runtime_dependencies(/home/ishaan/eboat_src/install/shore_comms/share/colcon-core/packages/shore_comms)
[2.406s] DEBUG:colcon.colcon_core.event_handler.log_command:Invoked command in '/home/ishaan/eboat_src/build/gpio_interfaces' returned '0': CMAKE_PREFIX_PATH=${CMAKE_PREFIX_PATH}:/home/ishaan/eboat_src/install/shore_comms:/home/ishaan/eboat_src/install/examples_rclpy_minimal_action_client:/home/ishaan/eboat_src/install/examples_rclpy_guard_conditions:/home/ishaan/eboat_src/install/examples_rclpy_executors:/home/ishaan/eboat_src/install/GPIO_Test:/opt/ros/kilted /usr/bin/cmake /home/ishaan/eboat_src/ros_ws/src/gpio_interfaces -DCMAKE_INSTALL_PREFIX=/home/ishaan/eboat_src/install/gpio_interfaces
[2.407s] DEBUG:colcon.colcon_core.event_handler.log_command:Invoking command in '/home/ishaan/eboat_src/build/gpio_interfaces': CMAKE_PREFIX_PATH=${CMAKE_PREFIX_PATH}:/home/ishaan/eboat_src/install/shore_comms:/home/ishaan/eboat_src/install/examples_rclpy_minimal_action_client:/home/ishaan/eboat_src/install/examples_rclpy_guard_conditions:/home/ishaan/eboat_src/install/examples_rclpy_executors:/home/ishaan/eboat_src/install/GPIO_Test:/opt/ros/kilted /usr/bin/cmake --build /home/ishaan/eboat_src/build/gpio_interfaces -- -j16 -l16
[4.517s] DEBUG:colcon.colcon_core.event_handler.log_command:Invoked command in '/home/ishaan/eboat_src/build/gpio_interfaces' returned '0': CMAKE_PREFIX_PATH=${CMAKE_PREFIX_PATH}:/home/ishaan/eboat_src/install/shore_comms:/home/ishaan/eboat_src/install/examples_rclpy_minimal_action_client:/home/ishaan/eboat_src/install/examples_rclpy_guard_conditions:/home/ishaan/eboat_src/install/examples_rclpy_executors:/home/ishaan/eboat_src/install/GPIO_Test:/opt/ros/kilted /usr/bin/cmake --build /home/ishaan/eboat_src/build/gpio_interfaces -- -j16 -l16
[4.526s] DEBUG:colcon.colcon_core.event_handler.log_command:Invoking command in '/home/ishaan/eboat_src/build/gpio_interfaces': CMAKE_PREFIX_PATH=${CMAKE_PREFIX_PATH}:/home/ishaan/eboat_src/install/shore_comms:/home/ishaan/eboat_src/install/examples_rclpy_minimal_action_client:/home/ishaan/eboat_src/install/examples_rclpy_guard_conditions:/home/ishaan/eboat_src/install/examples_rclpy_executors:/home/ishaan/eboat_src/install/GPIO_Test:/opt/ros/kilted /usr/bin/cmake --install /home/ishaan/eboat_src/build/gpio_interfaces
[4.585s] Level 1:colcon.colcon_core.environment:create_environment_scripts_only(gpio_interfaces)
[4.586s] Level 1:colcon.colcon_core.environment:checking '/home/ishaan/eboat_src/install/gpio_interfaces' for CMake module files
[4.587s] DEBUG:colcon.colcon_core.event_handler.log_command:Invoked command in '/home/ishaan/eboat_src/build/gpio_interfaces' returned '0': CMAKE_PREFIX_PATH=${CMAKE_PREFIX_PATH}:/home/ishaan/eboat_src/install/shore_comms:/home/ishaan/eboat_src/install/examples_rclpy_minimal_action_client:/home/ishaan/eboat_src/install/examples_rclpy_guard_conditions:/home/ishaan/eboat_src/install/examples_rclpy_executors:/home/ishaan/eboat_src/install/GPIO_Test:/opt/ros/kilted /usr/bin/cmake --install /home/ishaan/eboat_src/build/gpio_interfaces
[4.587s] Level 1:colcon.colcon_core.environment:checking '/home/ishaan/eboat_src/install/gpio_interfaces' for CMake config files
[4.587s] Level 1:colcon.colcon_core.shell:create_environment_hook('gpio_interfaces', 'cmake_prefix_path')
[4.587s] INFO:colcon.colcon_core.shell:Creating environment hook '/home/ishaan/eboat_src/install/gpio_interfaces/share/gpio_interfaces/hook/cmake_prefix_path.ps1'
[4.588s] INFO:colcon.colcon_core.shell:Creating environment descriptor '/home/ishaan/eboat_src/install/gpio_interfaces/share/gpio_interfaces/hook/cmake_prefix_path.dsv'
[4.588s] INFO:colcon.colcon_core.shell:Creating environment hook '/home/ishaan/eboat_src/install/gpio_interfaces/share/gpio_interfaces/hook/cmake_prefix_path.sh'
[4.588s] Level 1:colcon.colcon_core.environment:checking '/home/ishaan/eboat_src/install/gpio_interfaces/lib'
[4.589s] Level 1:colcon.colcon_core.shell:create_environment_hook('gpio_interfaces', 'ld_library_path_lib')
[4.589s] INFO:colcon.colcon_core.shell:Creating environment hook '/home/ishaan/eboat_src/install/gpio_interfaces/share/gpio_interfaces/hook/ld_library_path_lib.ps1'
[4.589s] INFO:colcon.colcon_core.shell:Creating environment descriptor '/home/ishaan/eboat_src/install/gpio_interfaces/share/gpio_interfaces/hook/ld_library_path_lib.dsv'
[4.589s] INFO:colcon.colcon_core.shell:Creating environment hook '/home/ishaan/eboat_src/install/gpio_interfaces/share/gpio_interfaces/hook/ld_library_path_lib.sh'
[4.589s] Level 1:colcon.colcon_core.environment:checking '/home/ishaan/eboat_src/install/gpio_interfaces/bin'
[4.590s] Level 1:colcon.colcon_core.environment:checking '/home/ishaan/eboat_src/install/gpio_interfaces/lib/pkgconfig/gpio_interfaces.pc'
[4.590s] Level 1:colcon.colcon_core.environment:checking '/home/ishaan/eboat_src/install/gpio_interfaces/lib/python3.12/site-packages'
[4.590s] Level 1:colcon.colcon_core.shell:create_environment_hook('gpio_interfaces', 'pythonpath')
[4.590s] INFO:colcon.colcon_core.shell:Creating environment hook '/home/ishaan/eboat_src/install/gpio_interfaces/share/gpio_interfaces/hook/pythonpath.ps1'
[4.590s] INFO:colcon.colcon_core.shell:Creating environment descriptor '/home/ishaan/eboat_src/install/gpio_interfaces/share/gpio_interfaces/hook/pythonpath.dsv'
[4.591s] INFO:colcon.colcon_core.shell:Creating environment hook '/home/ishaan/eboat_src/install/gpio_interfaces/share/gpio_interfaces/hook/pythonpath.sh'
[4.591s] Level 1:colcon.colcon_core.environment:checking '/home/ishaan/eboat_src/install/gpio_interfaces/bin'
[4.591s] INFO:colcon.colcon_core.shell:Creating package script '/home/ishaan/eboat_src/install/gpio_interfaces/share/gpio_interfaces/package.ps1'
[4.592s] INFO:colcon.colcon_core.shell:Creating package descriptor '/home/ishaan/eboat_src/install/gpio_interfaces/share/gpio_interfaces/package.dsv'
[4.592s] INFO:colcon.colcon_core.shell:Creating package script '/home/ishaan/eboat_src/install/gpio_interfaces/share/gpio_interfaces/package.sh'
[4.592s] INFO:colcon.colcon_core.shell:Creating package script '/home/ishaan/eboat_src/install/gpio_interfaces/share/gpio_interfaces/package.bash'
[4.592s] INFO:colcon.colcon_core.shell:Creating package script '/home/ishaan/eboat_src/install/gpio_interfaces/share/gpio_interfaces/package.zsh'
[4.593s] Level 1:colcon.colcon_core.environment:create_file_with_runtime_dependencies(/home/ishaan/eboat_src/install/gpio_interfaces/share/colcon-core/packages/gpio_interfaces)
[4.593s] Level 1:colcon.colcon_core.environment:create_environment_scripts_only(gpio_interfaces)
[4.593s] Level 1:colcon.colcon_core.environment:checking '/home/ishaan/eboat_src/install/gpio_interfaces' for CMake module files
[4.593s] Level 1:colcon.colcon_core.environment:checking '/home/ishaan/eboat_src/install/gpio_interfaces' for CMake config files
[4.594s] Level 1:colcon.colcon_core.shell:create_environment_hook('gpio_interfaces', 'cmake_prefix_path')
[4.594s] INFO:colcon.colcon_core.shell:Creating environment hook '/home/ishaan/eboat_src/install/gpio_interfaces/share/gpio_interfaces/hook/cmake_prefix_path.ps1'
[4.594s] INFO:colcon.colcon_core.shell:Creating environment descriptor '/home/ishaan/eboat_src/install/gpio_interfaces/share/gpio_interfaces/hook/cmake_prefix_path.dsv'
[4.594s] INFO:colcon.colcon_core.shell:Creating environment hook '/home/ishaan/eboat_src/install/gpio_interfaces/share/gpio_interfaces/hook/cmake_prefix_path.sh'
[4.595s] Level 1:colcon.colcon_core.environment:checking '/home/ishaan/eboat_src/install/gpio_interfaces/lib'
[4.595s] Level 1:colcon.colcon_core.shell:create_environment_hook('gpio_interfaces', 'ld_library_path_lib')
[4.595s] INFO:colcon.colcon_core.shell:Creating environment hook '/home/ishaan/eboat_src/install/gpio_interfaces/share/gpio_interfaces/hook/ld_library_path_lib.ps1'
[4.596s] INFO:colcon.colcon_core.shell:Creating environment descriptor '/home/ishaan/eboat_src/install/gpio_interfaces/share/gpio_interfaces/hook/ld_library_path_lib.dsv'
[4.596s] INFO:colcon.colcon_core.shell:Creating environment hook '/home/ishaan/eboat_src/install/gpio_interfaces/share/gpio_interfaces/hook/ld_library_path_lib.sh'
[4.596s] Level 1:colcon.colcon_core.environment:checking '/home/ishaan/eboat_src/install/gpio_interfaces/bin'
[4.596s] Level 1:colcon.colcon_core.environment:checking '/home/ishaan/eboat_src/install/gpio_interfaces/lib/pkgconfig/gpio_interfaces.pc'
[4.596s] Level 1:colcon.colcon_core.environment:checking '/home/ishaan/eboat_src/install/gpio_interfaces/lib/python3.12/site-packages'
[4.596s] Level 1:colcon.colcon_core.shell:create_environment_hook('gpio_interfaces', 'pythonpath')
[4.597s] INFO:colcon.colcon_core.shell:Creating environment hook '/home/ishaan/eboat_src/install/gpio_interfaces/share/gpio_interfaces/hook/pythonpath.ps1'
[4.597s] INFO:colcon.colcon_core.shell:Creating environment descriptor '/home/ishaan/eboat_src/install/gpio_interfaces/share/gpio_interfaces/hook/pythonpath.dsv'
[4.597s] INFO:colcon.colcon_core.shell:Creating environment hook '/home/ishaan/eboat_src/install/gpio_interfaces/share/gpio_interfaces/hook/pythonpath.sh'
[4.597s] Level 1:colcon.colcon_core.environment:checking '/home/ishaan/eboat_src/install/gpio_interfaces/bin'
[4.598s] INFO:colcon.colcon_core.shell:Creating package script '/home/ishaan/eboat_src/install/gpio_interfaces/share/gpio_interfaces/package.ps1'
[4.598s] INFO:colcon.colcon_core.shell:Creating package descriptor '/home/ishaan/eboat_src/install/gpio_interfaces/share/gpio_interfaces/package.dsv'
[4.598s] INFO:colcon.colcon_core.shell:Creating package script '/home/ishaan/eboat_src/install/gpio_interfaces/share/gpio_interfaces/package.sh'
[4.599s] INFO:colcon.colcon_core.shell:Creating package script '/home/ishaan/eboat_src/install/gpio_interfaces/share/gpio_interfaces/package.bash'
[4.599s] INFO:colcon.colcon_core.shell:Creating package script '/home/ishaan/eboat_src/install/gpio_interfaces/share/gpio_interfaces/package.zsh'
[4.599s] Level 1:colcon.colcon_core.environment:create_file_with_runtime_dependencies(/home/ishaan/eboat_src/install/gpio_interfaces/share/colcon-core/packages/gpio_interfaces)
[4.600s] DEBUG:colcon.colcon_parallel_executor.executor.parallel:closing loop
[4.600s] DEBUG:colcon.colcon_parallel_executor.executor.parallel:loop closed
[4.600s] DEBUG:colcon.colcon_parallel_executor.executor.parallel:run_until_complete finished with '0'
[4.601s] DEBUG:colcon.colcon_core.event_reactor:joining thread
[4.654s] INFO:colcon.colcon_core.plugin_system:Skipping extension 'colcon_notification.desktop_notification.notify_send': Could not find 'notify-send'
[4.654s] INFO:colcon.colcon_core.plugin_system:Skipping extension 'colcon_notification.desktop_notification.terminal_notifier': Not used on non-Darwin systems
[4.654s] INFO:colcon.colcon_core.plugin_system:Skipping extension 'colcon_notification.desktop_notification.win32': Not used on non-Windows systems
[4.654s] INFO:colcon.colcon_notification.desktop_notification:Sending desktop notification using 'notify2'
[4.655s] DEBUG:colcon.colcon_notification.desktop_notification.notify2:Failed to initialize notify2: org.freedesktop.DBus.Error.ServiceUnknown: The name org.freedesktop.Notifications was not provided by any .service files
[4.655s] DEBUG:colcon.colcon_core.event_reactor:joined thread
[4.656s] INFO:colcon.colcon_core.shell:Creating prefix script '/home/ishaan/eboat_src/install/local_setup.ps1'
[4.656s] INFO:colcon.colcon_core.shell:Creating prefix util module '/home/ishaan/eboat_src/install/_local_setup_util_ps1.py'
[4.657s] INFO:colcon.colcon_core.shell:Creating prefix chain script '/home/ishaan/eboat_src/install/setup.ps1'
[4.658s] INFO:colcon.colcon_core.shell:Creating prefix script '/home/ishaan/eboat_src/install/local_setup.sh'
[4.658s] INFO:colcon.colcon_core.shell:Creating prefix util module '/home/ishaan/eboat_src/install/_local_setup_util_sh.py'
[4.659s] INFO:colcon.colcon_core.shell:Creating prefix chain script '/home/ishaan/eboat_src/install/setup.sh'
[4.659s] INFO:colcon.colcon_core.shell:Creating prefix script '/home/ishaan/eboat_src/install/local_setup.bash'
[4.660s] INFO:colcon.colcon_core.shell:Creating prefix chain script '/home/ishaan/eboat_src/install/setup.bash'
[4.660s] INFO:colcon.colcon_core.shell:Creating prefix script '/home/ishaan/eboat_src/install/local_setup.zsh'
[4.661s] INFO:colcon.colcon_core.shell:Creating prefix chain script '/home/ishaan/eboat_src/install/setup.zsh'
