[0.170s] Invoking command in '/home/ishaan/eboat_src/build/examples_rclcpp_minimal_action_server': CMAKE_PREFIX_PATH=${CMAKE_PREFIX_PATH}:/opt/ros/kilted /usr/bin/cmake /home/ishaan/eboat_src/ros_ws/src/examples/rclcpp/actions/minimal_action_server -DCMAKE_INSTALL_PREFIX=/home/ishaan/eboat_src/install/examples_rclcpp_minimal_action_server
[0.547s] -- The C compiler identification is GNU 13.3.0
[1.738s] -- The CXX compiler identification is GNU 13.3.0
[2.712s] -- Detecting C compiler ABI info
[3.065s] -- Detecting C compiler ABI info - done
[3.073s] -- Check for working C compiler: /usr/bin/cc - skipped
[3.073s] -- Detecting C compile features
[3.074s] -- Detecting C compile features - done
[3.196s] -- Detecting CXX compiler ABI info
[3.529s] -- Detecting CXX compiler ABI info - done
[3.541s] -- Check for working CXX compiler: /usr/bin/c++ - skipped
[3.541s] -- Detecting CXX compile features
[3.542s] -- Detecting CXX compile features - done
[3.546s] -- Found ament_cmake: 2.7.3 (/opt/ros/kilted/share/ament_cmake/cmake)
[3.724s] -- Found Python3: /usr/bin/python3 (found version "3.12.3") found components: Interpreter 
[3.858s] -- Found example_interfaces: 0.13.0 (/opt/ros/kilted/share/example_interfaces/cmake)
[4.205s] -- Found rosidl_generator_c: 4.9.5 (/opt/ros/kilted/share/rosidl_generator_c/cmake)
[4.221s] -- Found rosidl_generator_cpp: 4.9.5 (/opt/ros/kilted/share/rosidl_generator_cpp/cmake)
[4.240s] -- Using all available rosidl_typesupport_c: rosidl_typesupport_fastrtps_c;rosidl_typesupport_introspection_c
[4.259s] -- Using all available rosidl_typesupport_cpp: rosidl_typesupport_fastrtps_cpp;rosidl_typesupport_introspection_cpp
[4.375s] -- Found rclcpp: 29.5.2 (/opt/ros/kilted/share/rclcpp/cmake)
[4.434s] -- Found rmw_implementation_cmake: 7.8.2 (/opt/ros/kilted/share/rmw_implementation_cmake/cmake)
[4.437s] -- Found rmw_fastrtps_cpp: 9.3.2 (/opt/ros/kilted/share/rmw_fastrtps_cpp/cmake)
[4.542s] -- Found OpenSSL: /usr/lib/x86_64-linux-gnu/libcrypto.so (found version "3.0.13")  
[4.551s] -- Using RMW implementation 'rmw_fastrtps_cpp' as default
[4.838s] -- Found rclcpp_action: 29.5.2 (/opt/ros/kilted/share/rclcpp_action/cmake)
[4.862s] -- Found ament_lint_auto: 0.19.2 (/opt/ros/kilted/share/ament_lint_auto/cmake)
[5.037s] -- Added test 'copyright' to check source files copyright and LICENSE
[5.037s] -- Added test 'cppcheck' to perform static code analysis on C / C++ code
[5.038s] -- Configured cppcheck include dirs: 
[5.038s] -- Configured cppcheck exclude dirs and/or files: 
[5.040s] -- Added test 'cpplint' to check C / C++ code against the Google style
[5.040s] -- Configured cpplint exclude dirs and/or files: 
[5.041s] -- Added test 'lint_cmake' to check CMake code style
[5.041s] -- Added test 'uncrustify' to check C / C++ code style
[5.041s] -- Configured uncrustify additional arguments: 
[5.042s] -- Added test 'xmllint' to check XML markup files
[5.047s] -- Configuring done (4.8s)
[5.059s] -- Generating done (0.0s)
[5.065s] -- Build files have been written to: /home/ishaan/eboat_src/build/examples_rclcpp_minimal_action_server
[7.499s] Invoked command in '/home/ishaan/eboat_src/build/examples_rclcpp_minimal_action_server' returned '0': CMAKE_PREFIX_PATH=${CMAKE_PREFIX_PATH}:/opt/ros/kilted /usr/bin/cmake /home/ishaan/eboat_src/ros_ws/src/examples/rclcpp/actions/minimal_action_server -DCMAKE_INSTALL_PREFIX=/home/ishaan/eboat_src/install/examples_rclcpp_minimal_action_server
[7.501s] Invoking command in '/home/ishaan/eboat_src/build/examples_rclcpp_minimal_action_server': CMAKE_PREFIX_PATH=${CMAKE_PREFIX_PATH}:/opt/ros/kilted /usr/bin/cmake --build /home/ishaan/eboat_src/build/examples_rclcpp_minimal_action_server -- -j16 -l16
[22.399s] [ 25%] [32mBuilding CXX object CMakeFiles/action_server_not_composable.dir/not_composable.cpp.o[0m
[22.402s] [ 50%] [32mBuilding CXX object CMakeFiles/action_server_member_functions.dir/member_functions.cpp.o[0m
[22.402s] gmake[2]: *** [CMakeFiles/action_server_not_composable.dir/build.make:76: CMakeFiles/action_server_not_composable.dir/not_composable.cpp.o] Interrupt
[22.402s] gmake[1]: *** [CMakeFiles/Makefile2:165: CMakeFiles/action_server_not_composable.dir/all] Interrupt
[22.402s] gmake[2]: *** [CMakeFiles/action_server_member_functions.dir/build.make:76: CMakeFiles/action_server_member_functions.dir/member_functions.cpp.o] Interrupt
[22.402s] gmake[1]: *** [CMakeFiles/Makefile2:139: CMakeFiles/action_server_member_functions.dir/all] Interrupt
[22.402s] gmake: *** [Makefile:146: all] Interrupt
