[7.858s] Invoking command in '/home/ishaan/eboat_src/ros_ws/src/examples/rclpy/actions/minimal_action_server': PYTHONPATH=/home/ishaan/eboat_src/build/examples_rclpy_minimal_action_server/prefix_override:/usr/lib/python3/dist-packages/colcon_core/task/python/colcon_distutils_commands:/home/ishaan/eboat_src/install/examples_rclpy_minimal_action_server/lib/python3.12/site-packages:${PYTHONPATH} /usr/bin/python3 -W ignore:setup.py install is deprecated -W ignore:easy_install command is deprecated setup.py egg_info --egg-base ../../../../../../build/examples_rclpy_minimal_action_server build --build-base /home/ishaan/eboat_src/build/examples_rclpy_minimal_action_server/build install --record /home/ishaan/eboat_src/build/examples_rclpy_minimal_action_server/install.log --single-version-externally-managed install_data
[17.481s] running egg_info
[17.486s] creating ../../../../../../build/examples_rclpy_minimal_action_server/examples_rclpy_minimal_action_server.egg-info
[17.487s] writing ../../../../../../build/examples_rclpy_minimal_action_server/examples_rclpy_minimal_action_server.egg-info/PKG-INFO
[17.487s] writing dependency_links to ../../../../../../build/examples_rclpy_minimal_action_server/examples_rclpy_minimal_action_server.egg-info/dependency_links.txt
[17.487s] writing entry points to ../../../../../../build/examples_rclpy_minimal_action_server/examples_rclpy_minimal_action_server.egg-info/entry_points.txt
[17.487s] writing requirements to ../../../../../../build/examples_rclpy_minimal_action_server/examples_rclpy_minimal_action_server.egg-info/requires.txt
[17.487s] writing top-level names to ../../../../../../build/examples_rclpy_minimal_action_server/examples_rclpy_minimal_action_server.egg-info/top_level.txt
[17.487s] writing manifest file '../../../../../../build/examples_rclpy_minimal_action_server/examples_rclpy_minimal_action_server.egg-info/SOURCES.txt'
[17.487s] reading manifest file '../../../../../../build/examples_rclpy_minimal_action_server/examples_rclpy_minimal_action_server.egg-info/SOURCES.txt'
[17.487s] writing manifest file '../../../../../../build/examples_rclpy_minimal_action_server/examples_rclpy_minimal_action_server.egg-info/SOURCES.txt'
[17.487s] running build
[17.487s] running build_py
[17.487s] creating /home/ishaan/eboat_src/build/examples_rclpy_minimal_action_server/build
[17.487s] creating /home/ishaan/eboat_src/build/examples_rclpy_minimal_action_server/build/lib
[17.487s] creating /home/ishaan/eboat_src/build/examples_rclpy_minimal_action_server/build/lib/examples_rclpy_minimal_action_server
[17.487s] copying examples_rclpy_minimal_action_server/server_not_composable.py -> /home/ishaan/eboat_src/build/examples_rclpy_minimal_action_server/build/lib/examples_rclpy_minimal_action_server
[17.487s] copying examples_rclpy_minimal_action_server/server.py -> /home/ishaan/eboat_src/build/examples_rclpy_minimal_action_server/build/lib/examples_rclpy_minimal_action_server
[17.487s] copying examples_rclpy_minimal_action_server/server_queue_goals.py -> /home/ishaan/eboat_src/build/examples_rclpy_minimal_action_server/build/lib/examples_rclpy_minimal_action_server
[17.487s] copying examples_rclpy_minimal_action_server/server_single_goal.py -> /home/ishaan/eboat_src/build/examples_rclpy_minimal_action_server/build/lib/examples_rclpy_minimal_action_server
[17.488s] copying examples_rclpy_minimal_action_server/server_defer.py -> /home/ishaan/eboat_src/build/examples_rclpy_minimal_action_server/build/lib/examples_rclpy_minimal_action_server
[17.488s] copying examples_rclpy_minimal_action_server/__init__.py -> /home/ishaan/eboat_src/build/examples_rclpy_minimal_action_server/build/lib/examples_rclpy_minimal_action_server
[17.488s] running install
[17.488s] running install_lib
[17.488s] creating /home/ishaan/eboat_src/install/examples_rclpy_minimal_action_server/lib/python3.12/site-packages/examples_rclpy_minimal_action_server
[17.488s] copying /home/ishaan/eboat_src/build/examples_rclpy_minimal_action_server/build/lib/examples_rclpy_minimal_action_server/server_not_composable.py -> /home/ishaan/eboat_src/install/examples_rclpy_minimal_action_server/lib/python3.12/site-packages/examples_rclpy_minimal_action_server
[17.488s] copying /home/ishaan/eboat_src/build/examples_rclpy_minimal_action_server/build/lib/examples_rclpy_minimal_action_server/server.py -> /home/ishaan/eboat_src/install/examples_rclpy_minimal_action_server/lib/python3.12/site-packages/examples_rclpy_minimal_action_server
[17.488s] copying /home/ishaan/eboat_src/build/examples_rclpy_minimal_action_server/build/lib/examples_rclpy_minimal_action_server/server_queue_goals.py -> /home/ishaan/eboat_src/install/examples_rclpy_minimal_action_server/lib/python3.12/site-packages/examples_rclpy_minimal_action_server
[17.493s] copying /home/ishaan/eboat_src/build/examples_rclpy_minimal_action_server/build/lib/examples_rclpy_minimal_action_server/server_single_goal.py -> /home/ishaan/eboat_src/install/examples_rclpy_minimal_action_server/lib/python3.12/site-packages/examples_rclpy_minimal_action_server
[17.509s] copying /home/ishaan/eboat_src/build/examples_rclpy_minimal_action_server/build/lib/examples_rclpy_minimal_action_server/server_defer.py -> /home/ishaan/eboat_src/install/examples_rclpy_minimal_action_server/lib/python3.12/site-packages/examples_rclpy_minimal_action_server
[17.509s] copying /home/ishaan/eboat_src/build/examples_rclpy_minimal_action_server/build/lib/examples_rclpy_minimal_action_server/__init__.py -> /home/ishaan/eboat_src/install/examples_rclpy_minimal_action_server/lib/python3.12/site-packages/examples_rclpy_minimal_action_server
[17.510s] byte-compiling /home/ishaan/eboat_src/install/examples_rclpy_minimal_action_server/lib/python3.12/site-packages/examples_rclpy_minimal_action_server/server_not_composable.py to server_not_composable.cpython-312.pyc
[17.510s] byte-compiling /home/ishaan/eboat_src/install/examples_rclpy_minimal_action_server/lib/python3.12/site-packages/examples_rclpy_minimal_action_server/server.py to server.cpython-312.pyc
[17.510s] byte-compiling /home/ishaan/eboat_src/install/examples_rclpy_minimal_action_server/lib/python3.12/site-packages/examples_rclpy_minimal_action_server/server_queue_goals.py to server_queue_goals.cpython-312.pyc
[17.510s] byte-compiling /home/ishaan/eboat_src/install/examples_rclpy_minimal_action_server/lib/python3.12/site-packages/examples_rclpy_minimal_action_server/server_single_goal.py to server_single_goal.cpython-312.pyc
[17.510s] byte-compiling /home/ishaan/eboat_src/install/examples_rclpy_minimal_action_server/lib/python3.12/site-packages/examples_rclpy_minimal_action_server/server_defer.py to server_defer.cpython-312.pyc
[17.513s] byte-compiling /home/ishaan/eboat_src/install/examples_rclpy_minimal_action_server/lib/python3.12/site-packages/examples_rclpy_minimal_action_server/__init__.py to __init__.cpython-312.pyc
[17.513s] running install_data
[17.515s] creating /home/ishaan/eboat_src/install/examples_rclpy_minimal_action_server/share/ament_index
[17.515s] creating /home/ishaan/eboat_src/install/examples_rclpy_minimal_action_server/share/ament_index/resource_index
[17.515s] creating /home/ishaan/eboat_src/install/examples_rclpy_minimal_action_server/share/ament_index/resource_index/packages
[17.516s] copying resource/examples_rclpy_minimal_action_server -> /home/ishaan/eboat_src/install/examples_rclpy_minimal_action_server/share/ament_index/resource_index/packages
[17.516s] copying package.xml -> /home/ishaan/eboat_src/install/examples_rclpy_minimal_action_server/share/examples_rclpy_minimal_action_server
[17.516s] running install_egg_info
[17.516s] Copying ../../../../../../build/examples_rclpy_minimal_action_server/examples_rclpy_minimal_action_server.egg-info to /home/ishaan/eboat_src/install/examples_rclpy_minimal_action_server/lib/python3.12/site-packages/examples_rclpy_minimal_action_server-0.20.5-py3.12.egg-info
[17.516s] running install_scripts
[17.516s] Installing server script to /home/ishaan/eboat_src/install/examples_rclpy_minimal_action_server/lib/examples_rclpy_minimal_action_server
[17.516s] Installing server_defer script to /home/ishaan/eboat_src/install/examples_rclpy_minimal_action_server/lib/examples_rclpy_minimal_action_server
[17.516s] Installing server_not_composable script to /home/ishaan/eboat_src/install/examples_rclpy_minimal_action_server/lib/examples_rclpy_minimal_action_server
[17.516s] Installing server_queue_goals script to /home/ishaan/eboat_src/install/examples_rclpy_minimal_action_server/lib/examples_rclpy_minimal_action_server
[17.516s] Installing server_single_goal script to /home/ishaan/eboat_src/install/examples_rclpy_minimal_action_server/lib/examples_rclpy_minimal_action_server
[17.516s] writing list of installed files to '/home/ishaan/eboat_src/build/examples_rclpy_minimal_action_server/install.log'
