[1.563s] Invoking command in '/home/ishaan/eboat_src/ros_ws/src/examples/rclpy/executors': PYTHONPATH=/home/ishaan/eboat_src/build/examples_rclpy_executors/prefix_override:/usr/lib/python3/dist-packages/colcon_core/task/python/colcon_distutils_commands:/home/ishaan/eboat_src/install/examples_rclpy_executors/lib/python3.12/site-packages:${PYTHONPATH} /usr/bin/python3 -W ignore:setup.py install is deprecated -W ignore:easy_install command is deprecated setup.py egg_info --egg-base ../../../../../build/examples_rclpy_executors build --build-base /home/ishaan/eboat_src/build/examples_rclpy_executors/build install --record /home/ishaan/eboat_src/build/examples_rclpy_executors/install.log --single-version-externally-managed install_data
[4.861s] running egg_info
[4.861s] creating ../../../../../build/examples_rclpy_executors/examples_rclpy_executors.egg-info
[4.861s] writing ../../../../../build/examples_rclpy_executors/examples_rclpy_executors.egg-info/PKG-INFO
[4.862s] writing dependency_links to ../../../../../build/examples_rclpy_executors/examples_rclpy_executors.egg-info/dependency_links.txt
[4.862s] writing entry points to ../../../../../build/examples_rclpy_executors/examples_rclpy_executors.egg-info/entry_points.txt
[4.862s] writing requirements to ../../../../../build/examples_rclpy_executors/examples_rclpy_executors.egg-info/requires.txt
[4.862s] writing top-level names to ../../../../../build/examples_rclpy_executors/examples_rclpy_executors.egg-info/top_level.txt
[4.863s] writing manifest file '../../../../../build/examples_rclpy_executors/examples_rclpy_executors.egg-info/SOURCES.txt'
[4.863s] reading manifest file '../../../../../build/examples_rclpy_executors/examples_rclpy_executors.egg-info/SOURCES.txt'
[4.863s] writing manifest file '../../../../../build/examples_rclpy_executors/examples_rclpy_executors.egg-info/SOURCES.txt'
[4.863s] running build
[4.863s] running build_py
[4.863s] creating /home/ishaan/eboat_src/build/examples_rclpy_executors/build
[4.863s] creating /home/ishaan/eboat_src/build/examples_rclpy_executors/build/lib
[4.863s] creating /home/ishaan/eboat_src/build/examples_rclpy_executors/build/lib/examples_rclpy_executors
[4.863s] copying examples_rclpy_executors/composed.py -> /home/ishaan/eboat_src/build/examples_rclpy_executors/build/lib/examples_rclpy_executors
[4.863s] copying examples_rclpy_executors/listener.py -> /home/ishaan/eboat_src/build/examples_rclpy_executors/build/lib/examples_rclpy_executors
[4.863s] copying examples_rclpy_executors/custom_executor.py -> /home/ishaan/eboat_src/build/examples_rclpy_executors/build/lib/examples_rclpy_executors
[4.863s] copying examples_rclpy_executors/callback_group.py -> /home/ishaan/eboat_src/build/examples_rclpy_executors/build/lib/examples_rclpy_executors
[4.863s] copying examples_rclpy_executors/talker.py -> /home/ishaan/eboat_src/build/examples_rclpy_executors/build/lib/examples_rclpy_executors
[4.863s] copying examples_rclpy_executors/custom_callback_group.py -> /home/ishaan/eboat_src/build/examples_rclpy_executors/build/lib/examples_rclpy_executors
[4.863s] copying examples_rclpy_executors/__init__.py -> /home/ishaan/eboat_src/build/examples_rclpy_executors/build/lib/examples_rclpy_executors
[4.863s] running install
[4.863s] running install_lib
[4.864s] creating /home/ishaan/eboat_src/install/examples_rclpy_executors/lib/python3.12/site-packages/examples_rclpy_executors
[4.864s] copying /home/ishaan/eboat_src/build/examples_rclpy_executors/build/lib/examples_rclpy_executors/composed.py -> /home/ishaan/eboat_src/install/examples_rclpy_executors/lib/python3.12/site-packages/examples_rclpy_executors
[4.864s] copying /home/ishaan/eboat_src/build/examples_rclpy_executors/build/lib/examples_rclpy_executors/listener.py -> /home/ishaan/eboat_src/install/examples_rclpy_executors/lib/python3.12/site-packages/examples_rclpy_executors
[4.864s] copying /home/ishaan/eboat_src/build/examples_rclpy_executors/build/lib/examples_rclpy_executors/custom_executor.py -> /home/ishaan/eboat_src/install/examples_rclpy_executors/lib/python3.12/site-packages/examples_rclpy_executors
[4.864s] copying /home/ishaan/eboat_src/build/examples_rclpy_executors/build/lib/examples_rclpy_executors/callback_group.py -> /home/ishaan/eboat_src/install/examples_rclpy_executors/lib/python3.12/site-packages/examples_rclpy_executors
[4.864s] copying /home/ishaan/eboat_src/build/examples_rclpy_executors/build/lib/examples_rclpy_executors/talker.py -> /home/ishaan/eboat_src/install/examples_rclpy_executors/lib/python3.12/site-packages/examples_rclpy_executors
[4.864s] copying /home/ishaan/eboat_src/build/examples_rclpy_executors/build/lib/examples_rclpy_executors/custom_callback_group.py -> /home/ishaan/eboat_src/install/examples_rclpy_executors/lib/python3.12/site-packages/examples_rclpy_executors
[4.864s] copying /home/ishaan/eboat_src/build/examples_rclpy_executors/build/lib/examples_rclpy_executors/__init__.py -> /home/ishaan/eboat_src/install/examples_rclpy_executors/lib/python3.12/site-packages/examples_rclpy_executors
[4.864s] byte-compiling /home/ishaan/eboat_src/install/examples_rclpy_executors/lib/python3.12/site-packages/examples_rclpy_executors/composed.py to composed.cpython-312.pyc
[4.864s] byte-compiling /home/ishaan/eboat_src/install/examples_rclpy_executors/lib/python3.12/site-packages/examples_rclpy_executors/listener.py to listener.cpython-312.pyc
[4.864s] byte-compiling /home/ishaan/eboat_src/install/examples_rclpy_executors/lib/python3.12/site-packages/examples_rclpy_executors/custom_executor.py to custom_executor.cpython-312.pyc
[4.865s] byte-compiling /home/ishaan/eboat_src/install/examples_rclpy_executors/lib/python3.12/site-packages/examples_rclpy_executors/callback_group.py to callback_group.cpython-312.pyc
[4.865s] byte-compiling /home/ishaan/eboat_src/install/examples_rclpy_executors/lib/python3.12/site-packages/examples_rclpy_executors/talker.py to talker.cpython-312.pyc
[4.865s] byte-compiling /home/ishaan/eboat_src/install/examples_rclpy_executors/lib/python3.12/site-packages/examples_rclpy_executors/custom_callback_group.py to custom_callback_group.cpython-312.pyc
[4.865s] byte-compiling /home/ishaan/eboat_src/install/examples_rclpy_executors/lib/python3.12/site-packages/examples_rclpy_executors/__init__.py to __init__.cpython-312.pyc
[4.865s] running install_data
[4.865s] creating /home/ishaan/eboat_src/install/examples_rclpy_executors/share/ament_index
[4.865s] creating /home/ishaan/eboat_src/install/examples_rclpy_executors/share/ament_index/resource_index
[4.865s] creating /home/ishaan/eboat_src/install/examples_rclpy_executors/share/ament_index/resource_index/packages
[4.865s] copying resource/examples_rclpy_executors -> /home/ishaan/eboat_src/install/examples_rclpy_executors/share/ament_index/resource_index/packages
[4.865s] copying package.xml -> /home/ishaan/eboat_src/install/examples_rclpy_executors/share/examples_rclpy_executors
[4.865s] running install_egg_info
[4.865s] Copying ../../../../../build/examples_rclpy_executors/examples_rclpy_executors.egg-info to /home/ishaan/eboat_src/install/examples_rclpy_executors/lib/python3.12/site-packages/examples_rclpy_executors-0.20.5-py3.12.egg-info
[4.865s] running install_scripts
[4.865s] Installing callback_group script to /home/ishaan/eboat_src/install/examples_rclpy_executors/lib/examples_rclpy_executors
[4.865s] Installing composed script to /home/ishaan/eboat_src/install/examples_rclpy_executors/lib/examples_rclpy_executors
[4.865s] Installing custom_callback_group script to /home/ishaan/eboat_src/install/examples_rclpy_executors/lib/examples_rclpy_executors
[4.869s] Installing custom_executor script to /home/ishaan/eboat_src/install/examples_rclpy_executors/lib/examples_rclpy_executors
[4.869s] Installing listener script to /home/ishaan/eboat_src/install/examples_rclpy_executors/lib/examples_rclpy_executors
[4.869s] Installing talker script to /home/ishaan/eboat_src/install/examples_rclpy_executors/lib/examples_rclpy_executors
[4.869s] writing list of installed files to '/home/ishaan/eboat_src/build/examples_rclpy_executors/install.log'
[4.972s] Invoked command in '/home/ishaan/eboat_src/ros_ws/src/examples/rclpy/executors' returned '0': PYTHONPATH=/home/ishaan/eboat_src/build/examples_rclpy_executors/prefix_override:/usr/lib/python3/dist-packages/colcon_core/task/python/colcon_distutils_commands:/home/ishaan/eboat_src/install/examples_rclpy_executors/lib/python3.12/site-packages:${PYTHONPATH} /usr/bin/python3 -W ignore:setup.py install is deprecated -W ignore:easy_install command is deprecated setup.py egg_info --egg-base ../../../../../build/examples_rclpy_executors build --build-base /home/ishaan/eboat_src/build/examples_rclpy_executors/build install --record /home/ishaan/eboat_src/build/examples_rclpy_executors/install.log --single-version-externally-managed install_data
