-- Found ament_cmake: 2.7.3 (/opt/ros/kilted/share/ament_cmake/cmake)
-- Found Python3: /usr/bin/python3 (found version "3.12.3") found components: Interpreter 
-- Found ament_lint_auto: 0.19.2 (/opt/ros/kilted/share/ament_lint_auto/cmake)
-- Found builtin_interfaces: 2.3.0 (/opt/ros/kilted/share/builtin_interfaces/cmake)
-- Found rosidl_generator_c: 4.9.5 (/opt/ros/kilted/share/rosidl_generator_c/cmake)
-- Found rosidl_generator_cpp: 4.9.5 (/opt/ros/kilted/share/rosidl_generator_cpp/cmake)
-- Using all available rosidl_typesupport_c: rosidl_typesupport_fastrtps_c;rosidl_typesupport_introspection_c
-- Using all available rosidl_typesupport_cpp: rosidl_typesupport_fastrtps_cpp;rosidl_typesupport_introspection_cpp
-- Found rosidl_default_generators: 1.7.1 (/opt/ros/kilted/share/rosidl_default_generators/cmake)
-- Found rosidl_adapter: 4.9.5 (/opt/ros/kilted/share/rosidl_adapter/cmake)
-- Found ament_cmake_ros_core: 0.14.3 (/opt/ros/kilted/share/ament_cmake_ros_core/cmake)
-- Using all available rosidl_typesupport_c: rosidl_typesupport_fastrtps_c;rosidl_typesupport_introspection_c
-- Using all available rosidl_typesupport_cpp: rosidl_typesupport_fastrtps_cpp;rosidl_typesupport_introspection_cpp
-- Found Python3: /usr/bin/python3 (found version "3.12.3") found components: Interpreter Development NumPy Development.Module Development.Embed 
-- Added test 'lint_cmake' to check CMake code style
-- Added test 'xmllint' to check XML markup files
-- Configuring done (1.5s)
-- Generating done (0.1s)
-- Build files have been written to: /home/ishaan/eboat_src/build/boat_data_interfaces
[  1%] [34m[1mGenerating type hashes for ROS interfaces[0m
[  1%] Built target ament_cmake_python_copy_boat_data_interfaces
running egg_info
writing boat_data_interfaces.egg-info/PKG-INFO
writing dependency_links to boat_data_interfaces.egg-info/dependency_links.txt
writing top-level names to boat_data_interfaces.egg-info/top_level.txt
[  1%] Built target boat_data_interfaces__rosidl_generator_type_description
[  2%] [34m[1mGenerating C code for ROS interfaces[0m
[  4%] [34m[1mGenerating C++ code for ROS interfaces[0m
reading manifest file 'boat_data_interfaces.egg-info/SOURCES.txt'
writing manifest file 'boat_data_interfaces.egg-info/SOURCES.txt'
[  4%] Built target ament_cmake_python_build_boat_data_interfaces_egg
[  4%] Built target boat_data_interfaces__cpp
[  5%] [32mBuilding C object CMakeFiles/boat_data_interfaces__rosidl_generator_c.dir/rosidl_generator_c/boat_data_interfaces/msg/detail/electrical_data__description.c.o[0m
[  6%] [32mBuilding C object CMakeFiles/boat_data_interfaces__rosidl_generator_c.dir/rosidl_generator_c/boat_data_interfaces/msg/detail/gpio_data__description.c.o[0m
[  9%] [32mBuilding C object CMakeFiles/boat_data_interfaces__rosidl_generator_c.dir/rosidl_generator_c/boat_data_interfaces/msg/detail/electrical_data__type_support.c.o[0m
[  9%] [32mBuilding C object CMakeFiles/boat_data_interfaces__rosidl_generator_c.dir/rosidl_generator_c/boat_data_interfaces/msg/detail/motion_data__functions.c.o[0m
[ 10%] [32mBuilding C object CMakeFiles/boat_data_interfaces__rosidl_generator_c.dir/rosidl_generator_c/boat_data_interfaces/msg/detail/motor_data__functions.c.o[0m
[ 12%] [32mBuilding C object CMakeFiles/boat_data_interfaces__rosidl_generator_c.dir/rosidl_generator_c/boat_data_interfaces/msg/detail/gpio_data__type_support.c.o[0m
[ 13%] [32mBuilding C object CMakeFiles/boat_data_interfaces__rosidl_generator_c.dir/rosidl_generator_c/boat_data_interfaces/msg/detail/electrical_data__functions.c.o[0m
[ 14%] [32mBuilding C object CMakeFiles/boat_data_interfaces__rosidl_generator_c.dir/rosidl_generator_c/boat_data_interfaces/msg/detail/boat_alarm__description.c.o[0m
[ 17%] [32mBuilding C object CMakeFiles/boat_data_interfaces__rosidl_generator_c.dir/rosidl_generator_c/boat_data_interfaces/msg/detail/gpio_data__functions.c.o[0m
[ 17%] [32mBuilding C object CMakeFiles/boat_data_interfaces__rosidl_generator_c.dir/rosidl_generator_c/boat_data_interfaces/msg/detail/boat_alarm__functions.c.o[0m
[ 20%] [32mBuilding C object CMakeFiles/boat_data_interfaces__rosidl_generator_c.dir/rosidl_generator_c/boat_data_interfaces/msg/detail/motion_data__type_support.c.o[0m
[ 21%] [32mBuilding C object CMakeFiles/boat_data_interfaces__rosidl_generator_c.dir/rosidl_generator_c/boat_data_interfaces/msg/detail/motor_data__description.c.o[0m
[ 21%] [32mBuilding C object CMakeFiles/boat_data_interfaces__rosidl_generator_c.dir/rosidl_generator_c/boat_data_interfaces/msg/detail/motor_data__type_support.c.o[0m
[ 22%] [32mBuilding C object CMakeFiles/boat_data_interfaces__rosidl_generator_c.dir/rosidl_generator_c/boat_data_interfaces/msg/detail/motion_data__description.c.o[0m
[ 24%] [32mBuilding C object CMakeFiles/boat_data_interfaces__rosidl_generator_c.dir/rosidl_generator_c/boat_data_interfaces/msg/detail/boat_alarm__type_support.c.o[0m
[ 25%] [32m[1mLinking C shared library libboat_data_interfaces__rosidl_generator_c.so[0m
[ 25%] Built target boat_data_interfaces__rosidl_generator_c
[ 28%] [34m[1mGenerating C++ type support dispatch for ROS interfaces[0m
[ 28%] [34m[1mGenerating C introspection for ROS interfaces[0m
[ 29%] [34m[1mGenerating C++ type support for eProsima Fast-RTPS[0m
[ 31%] [34m[1mGenerating C type support for eProsima Fast-RTPS[0m
[ 32%] [34m[1mGenerating C type support dispatch for ROS interfaces[0m
[ 33%] [34m[1mGenerating C++ introspection for ROS interfaces[0m
[ 35%] [32mBuilding CXX object CMakeFiles/boat_data_interfaces__rosidl_typesupport_c.dir/rosidl_typesupport_c/boat_data_interfaces/msg/motion_data__type_support.cpp.o[0m
[ 36%] [32mBuilding CXX object CMakeFiles/boat_data_interfaces__rosidl_typesupport_c.dir/rosidl_typesupport_c/boat_data_interfaces/msg/boat_alarm__type_support.cpp.o[0m
[ 37%] [32mBuilding CXX object CMakeFiles/boat_data_interfaces__rosidl_typesupport_c.dir/rosidl_typesupport_c/boat_data_interfaces/msg/gpio_data__type_support.cpp.o[0m
[ 39%] [32mBuilding CXX object CMakeFiles/boat_data_interfaces__rosidl_typesupport_c.dir/rosidl_typesupport_c/boat_data_interfaces/msg/motor_data__type_support.cpp.o[0m
[ 40%] [32mBuilding CXX object CMakeFiles/boat_data_interfaces__rosidl_typesupport_c.dir/rosidl_typesupport_c/boat_data_interfaces/msg/electrical_data__type_support.cpp.o[0m
[ 41%] [32mBuilding CXX object CMakeFiles/boat_data_interfaces__rosidl_typesupport_cpp.dir/rosidl_typesupport_cpp/boat_data_interfaces/msg/gpio_data__type_support.cpp.o[0m
[ 43%] [32mBuilding CXX object CMakeFiles/boat_data_interfaces__rosidl_typesupport_cpp.dir/rosidl_typesupport_cpp/boat_data_interfaces/msg/motion_data__type_support.cpp.o[0m
[ 44%] [32mBuilding CXX object CMakeFiles/boat_data_interfaces__rosidl_typesupport_cpp.dir/rosidl_typesupport_cpp/boat_data_interfaces/msg/electrical_data__type_support.cpp.o[0m
[ 45%] [32mBuilding CXX object CMakeFiles/boat_data_interfaces__rosidl_typesupport_cpp.dir/rosidl_typesupport_cpp/boat_data_interfaces/msg/motor_data__type_support.cpp.o[0m
[ 47%] [32mBuilding CXX object CMakeFiles/boat_data_interfaces__rosidl_typesupport_cpp.dir/rosidl_typesupport_cpp/boat_data_interfaces/msg/boat_alarm__type_support.cpp.o[0m
[ 48%] [32mBuilding CXX object CMakeFiles/boat_data_interfaces__rosidl_typesupport_introspection_cpp.dir/rosidl_typesupport_introspection_cpp/boat_data_interfaces/msg/detail/motion_data__type_support.cpp.o[0m
[ 50%] [32mBuilding CXX object CMakeFiles/boat_data_interfaces__rosidl_typesupport_introspection_cpp.dir/rosidl_typesupport_introspection_cpp/boat_data_interfaces/msg/detail/gpio_data__type_support.cpp.o[0m
[ 51%] [32mBuilding CXX object CMakeFiles/boat_data_interfaces__rosidl_typesupport_introspection_cpp.dir/rosidl_typesupport_introspection_cpp/boat_data_interfaces/msg/detail/electrical_data__type_support.cpp.o[0m
[ 54%] [32m[1mLinking CXX shared library libboat_data_interfaces__rosidl_typesupport_c.so[0m
[ 54%] [32mBuilding CXX object CMakeFiles/boat_data_interfaces__rosidl_typesupport_introspection_cpp.dir/rosidl_typesupport_introspection_cpp/boat_data_interfaces/msg/detail/motor_data__type_support.cpp.o[0m
[ 55%] [32mBuilding CXX object CMakeFiles/boat_data_interfaces__rosidl_typesupport_introspection_cpp.dir/rosidl_typesupport_introspection_cpp/boat_data_interfaces/msg/detail/boat_alarm__type_support.cpp.o[0m
[ 56%] [32mBuilding C object CMakeFiles/boat_data_interfaces__rosidl_typesupport_introspection_c.dir/rosidl_typesupport_introspection_c/boat_data_interfaces/msg/detail/electrical_data__type_support.c.o[0m
[ 58%] [32mBuilding C object CMakeFiles/boat_data_interfaces__rosidl_typesupport_introspection_c.dir/rosidl_typesupport_introspection_c/boat_data_interfaces/msg/detail/gpio_data__type_support.c.o[0m
[ 59%] [32mBuilding C object CMakeFiles/boat_data_interfaces__rosidl_typesupport_introspection_c.dir/rosidl_typesupport_introspection_c/boat_data_interfaces/msg/detail/motion_data__type_support.c.o[0m
[ 60%] [32mBuilding C object CMakeFiles/boat_data_interfaces__rosidl_typesupport_introspection_c.dir/rosidl_typesupport_introspection_c/boat_data_interfaces/msg/detail/motor_data__type_support.c.o[0m
[ 62%] [32mBuilding C object CMakeFiles/boat_data_interfaces__rosidl_typesupport_introspection_c.dir/rosidl_typesupport_introspection_c/boat_data_interfaces/msg/detail/boat_alarm__type_support.c.o[0m
[ 63%] [32mBuilding CXX object CMakeFiles/boat_data_interfaces__rosidl_typesupport_fastrtps_c.dir/rosidl_typesupport_fastrtps_c/boat_data_interfaces/msg/detail/gpio_data__type_support_c.cpp.o[0m
[ 64%] [32mBuilding CXX object CMakeFiles/boat_data_interfaces__rosidl_typesupport_fastrtps_cpp.dir/rosidl_typesupport_fastrtps_cpp/boat_data_interfaces/msg/detail/dds_fastrtps/electrical_data__type_support.cpp.o[0m
[ 66%] [32mBuilding CXX object CMakeFiles/boat_data_interfaces__rosidl_typesupport_fastrtps_c.dir/rosidl_typesupport_fastrtps_c/boat_data_interfaces/msg/detail/electrical_data__type_support_c.cpp.o[0m
[ 67%] [32mBuilding CXX object CMakeFiles/boat_data_interfaces__rosidl_typesupport_fastrtps_cpp.dir/rosidl_typesupport_fastrtps_cpp/boat_data_interfaces/msg/detail/dds_fastrtps/gpio_data__type_support.cpp.o[0m
[ 68%] [32m[1mLinking C shared library libboat_data_interfaces__rosidl_typesupport_introspection_c.so[0m
[ 68%] Built target boat_data_interfaces__rosidl_typesupport_c
[ 70%] [32mBuilding CXX object CMakeFiles/boat_data_interfaces__rosidl_typesupport_fastrtps_cpp.dir/rosidl_typesupport_fastrtps_cpp/boat_data_interfaces/msg/detail/dds_fastrtps/motion_data__type_support.cpp.o[0m
[ 71%] [32mBuilding CXX object CMakeFiles/boat_data_interfaces__rosidl_typesupport_fastrtps_cpp.dir/rosidl_typesupport_fastrtps_cpp/boat_data_interfaces/msg/detail/dds_fastrtps/motor_data__type_support.cpp.o[0m
[ 72%] [32mBuilding CXX object CMakeFiles/boat_data_interfaces__rosidl_typesupport_fastrtps_c.dir/rosidl_typesupport_fastrtps_c/boat_data_interfaces/msg/detail/motion_data__type_support_c.cpp.o[0m
[ 72%] Built target boat_data_interfaces__rosidl_typesupport_introspection_c
[ 74%] [32mBuilding CXX object CMakeFiles/boat_data_interfaces__rosidl_typesupport_fastrtps_c.dir/rosidl_typesupport_fastrtps_c/boat_data_interfaces/msg/detail/motor_data__type_support_c.cpp.o[0m
[ 75%] [32mBuilding CXX object CMakeFiles/boat_data_interfaces__rosidl_typesupport_fastrtps_cpp.dir/rosidl_typesupport_fastrtps_cpp/boat_data_interfaces/msg/detail/dds_fastrtps/boat_alarm__type_support.cpp.o[0m
[ 77%] [32mBuilding CXX object CMakeFiles/boat_data_interfaces__rosidl_typesupport_fastrtps_c.dir/rosidl_typesupport_fastrtps_c/boat_data_interfaces/msg/detail/boat_alarm__type_support_c.cpp.o[0m
[ 78%] [32m[1mLinking CXX shared library libboat_data_interfaces__rosidl_typesupport_cpp.so[0m
[ 79%] [32m[1mLinking CXX shared library libboat_data_interfaces__rosidl_typesupport_introspection_cpp.so[0m
[ 79%] Built target boat_data_interfaces__rosidl_typesupport_cpp
[ 79%] Built target boat_data_interfaces__rosidl_typesupport_introspection_cpp
[ 81%] [32m[1mLinking CXX shared library libboat_data_interfaces__rosidl_typesupport_fastrtps_c.so[0m
[ 82%] [32m[1mLinking CXX shared library libboat_data_interfaces__rosidl_typesupport_fastrtps_cpp.so[0m
[ 82%] Built target boat_data_interfaces__rosidl_typesupport_fastrtps_cpp
[ 82%] Built target boat_data_interfaces__rosidl_typesupport_fastrtps_c
[ 82%] Built target boat_data_interfaces
[ 83%] [34m[1mGenerating Python code for ROS interfaces[0m
[ 83%] Built target boat_data_interfaces__py
[ 87%] [32mBuilding C object CMakeFiles/boat_data_interfaces__rosidl_generator_py.dir/rosidl_generator_py/boat_data_interfaces/msg/_motion_data_s.c.o[0m
[ 87%] [32mBuilding C object CMakeFiles/boat_data_interfaces__rosidl_generator_py.dir/rosidl_generator_py/boat_data_interfaces/msg/_electrical_data_s.c.o[0m
[ 87%] [32mBuilding C object CMakeFiles/boat_data_interfaces__rosidl_generator_py.dir/rosidl_generator_py/boat_data_interfaces/msg/_motor_data_s.c.o[0m
[ 90%] [32mBuilding C object CMakeFiles/boat_data_interfaces__rosidl_generator_py.dir/rosidl_generator_py/boat_data_interfaces/msg/_gpio_data_s.c.o[0m
[ 90%] [32mBuilding C object CMakeFiles/boat_data_interfaces__rosidl_generator_py.dir/rosidl_generator_py/boat_data_interfaces/msg/_boat_alarm_s.c.o[0m
[ 91%] [32m[1mLinking C shared library libboat_data_interfaces__rosidl_generator_py.so[0m
[ 91%] Built target boat_data_interfaces__rosidl_generator_py
[ 95%] [32mBuilding C object CMakeFiles/boat_data_interfaces_s__rosidl_typesupport_c.dir/rosidl_generator_py/boat_data_interfaces/_boat_data_interfaces_s.ep.rosidl_typesupport_c.c.o[0m
[ 95%] [32mBuilding C object CMakeFiles/boat_data_interfaces_s__rosidl_typesupport_fastrtps_c.dir/rosidl_generator_py/boat_data_interfaces/_boat_data_interfaces_s.ep.rosidl_typesupport_fastrtps_c.c.o[0m
[ 95%] [32mBuilding C object CMakeFiles/boat_data_interfaces_s__rosidl_typesupport_introspection_c.dir/rosidl_generator_py/boat_data_interfaces/_boat_data_interfaces_s.ep.rosidl_typesupport_introspection_c.c.o[0m
[ 98%] [32m[1mLinking C shared module rosidl_generator_py/boat_data_interfaces/boat_data_interfaces_s__rosidl_typesupport_introspection_c.so[0m
[ 98%] [32m[1mLinking C shared module rosidl_generator_py/boat_data_interfaces/boat_data_interfaces_s__rosidl_typesupport_c.so[0m
[100%] [32m[1mLinking C shared module rosidl_generator_py/boat_data_interfaces/boat_data_interfaces_s__rosidl_typesupport_fastrtps_c.so[0m
[100%] Built target boat_data_interfaces_s__rosidl_typesupport_c
[100%] Built target boat_data_interfaces_s__rosidl_typesupport_introspection_c
[100%] Built target boat_data_interfaces_s__rosidl_typesupport_fastrtps_c
-- Install configuration: ""
-- Installing: /home/ishaan/eboat_src/install/boat_data_interfaces/share/ament_index/resource_index/rosidl_interfaces/boat_data_interfaces
-- Installing: /home/ishaan/eboat_src/install/boat_data_interfaces/share/boat_data_interfaces/msg/ElectricalData.json
-- Installing: /home/ishaan/eboat_src/install/boat_data_interfaces/share/boat_data_interfaces/msg/GPIOData.json
-- Installing: /home/ishaan/eboat_src/install/boat_data_interfaces/share/boat_data_interfaces/msg/MotionData.json
-- Installing: /home/ishaan/eboat_src/install/boat_data_interfaces/share/boat_data_interfaces/msg/MotorData.json
-- Installing: /home/ishaan/eboat_src/install/boat_data_interfaces/share/boat_data_interfaces/msg/BoatAlarm.json
-- Up-to-date: /home/ishaan/eboat_src/install/boat_data_interfaces/include/boat_data_interfaces/boat_data_interfaces
-- Up-to-date: /home/ishaan/eboat_src/install/boat_data_interfaces/include/boat_data_interfaces/boat_data_interfaces/msg
-- Installing: /home/ishaan/eboat_src/install/boat_data_interfaces/include/boat_data_interfaces/boat_data_interfaces/msg/electrical_data.h
-- Up-to-date: /home/ishaan/eboat_src/install/boat_data_interfaces/include/boat_data_interfaces/boat_data_interfaces/msg/detail
-- Installing: /home/ishaan/eboat_src/install/boat_data_interfaces/include/boat_data_interfaces/boat_data_interfaces/msg/detail/motion_data__struct.h
-- Installing: /home/ishaan/eboat_src/install/boat_data_interfaces/include/boat_data_interfaces/boat_data_interfaces/msg/detail/boat_alarm__description.c
-- Installing: /home/ishaan/eboat_src/install/boat_data_interfaces/include/boat_data_interfaces/boat_data_interfaces/msg/detail/electrical_data__type_support.c
-- Installing: /home/ishaan/eboat_src/install/boat_data_interfaces/include/boat_data_interfaces/boat_data_interfaces/msg/detail/boat_alarm__functions.c
-- Installing: /home/ishaan/eboat_src/install/boat_data_interfaces/include/boat_data_interfaces/boat_data_interfaces/msg/detail/gpio_data__type_support.c
-- Installing: /home/ishaan/eboat_src/install/boat_data_interfaces/include/boat_data_interfaces/boat_data_interfaces/msg/detail/motion_data__functions.h
-- Installing: /home/ishaan/eboat_src/install/boat_data_interfaces/include/boat_data_interfaces/boat_data_interfaces/msg/detail/electrical_data__struct.h
-- Installing: /home/ishaan/eboat_src/install/boat_data_interfaces/include/boat_data_interfaces/boat_data_interfaces/msg/detail/motor_data__description.c
-- Installing: /home/ishaan/eboat_src/install/boat_data_interfaces/include/boat_data_interfaces/boat_data_interfaces/msg/detail/gpio_data__functions.c
-- Installing: /home/ishaan/eboat_src/install/boat_data_interfaces/include/boat_data_interfaces/boat_data_interfaces/msg/detail/motor_data__functions.h
-- Installing: /home/ishaan/eboat_src/install/boat_data_interfaces/include/boat_data_interfaces/boat_data_interfaces/msg/detail/motor_data__type_support.h
-- Installing: /home/ishaan/eboat_src/install/boat_data_interfaces/include/boat_data_interfaces/boat_data_interfaces/msg/detail/motion_data__type_support.c
-- Installing: /home/ishaan/eboat_src/install/boat_data_interfaces/include/boat_data_interfaces/boat_data_interfaces/msg/detail/boat_alarm__type_support.c
-- Installing: /home/ishaan/eboat_src/install/boat_data_interfaces/include/boat_data_interfaces/boat_data_interfaces/msg/detail/boat_alarm__struct.h
-- Installing: /home/ishaan/eboat_src/install/boat_data_interfaces/include/boat_data_interfaces/boat_data_interfaces/msg/detail/gpio_data__struct.h
-- Installing: /home/ishaan/eboat_src/install/boat_data_interfaces/include/boat_data_interfaces/boat_data_interfaces/msg/detail/boat_alarm__functions.h
-- Installing: /home/ishaan/eboat_src/install/boat_data_interfaces/include/boat_data_interfaces/boat_data_interfaces/msg/detail/electrical_data__description.c
-- Installing: /home/ishaan/eboat_src/install/boat_data_interfaces/include/boat_data_interfaces/boat_data_interfaces/msg/detail/motion_data__description.c
-- Installing: /home/ishaan/eboat_src/install/boat_data_interfaces/include/boat_data_interfaces/boat_data_interfaces/msg/detail/electrical_data__functions.h
-- Installing: /home/ishaan/eboat_src/install/boat_data_interfaces/include/boat_data_interfaces/boat_data_interfaces/msg/detail/electrical_data__functions.c
-- Installing: /home/ishaan/eboat_src/install/boat_data_interfaces/include/boat_data_interfaces/boat_data_interfaces/msg/detail/motion_data__type_support.h
-- Installing: /home/ishaan/eboat_src/install/boat_data_interfaces/include/boat_data_interfaces/boat_data_interfaces/msg/detail/gpio_data__description.c
-- Installing: /home/ishaan/eboat_src/install/boat_data_interfaces/include/boat_data_interfaces/boat_data_interfaces/msg/detail/motion_data__functions.c
-- Installing: /home/ishaan/eboat_src/install/boat_data_interfaces/include/boat_data_interfaces/boat_data_interfaces/msg/detail/electrical_data__type_support.h
-- Installing: /home/ishaan/eboat_src/install/boat_data_interfaces/include/boat_data_interfaces/boat_data_interfaces/msg/detail/motor_data__functions.c
-- Installing: /home/ishaan/eboat_src/install/boat_data_interfaces/include/boat_data_interfaces/boat_data_interfaces/msg/detail/motor_data__type_support.c
-- Installing: /home/ishaan/eboat_src/install/boat_data_interfaces/include/boat_data_interfaces/boat_data_interfaces/msg/detail/boat_alarm__type_support.h
-- Installing: /home/ishaan/eboat_src/install/boat_data_interfaces/include/boat_data_interfaces/boat_data_interfaces/msg/detail/gpio_data__functions.h
-- Installing: /home/ishaan/eboat_src/install/boat_data_interfaces/include/boat_data_interfaces/boat_data_interfaces/msg/detail/gpio_data__type_support.h
-- Installing: /home/ishaan/eboat_src/install/boat_data_interfaces/include/boat_data_interfaces/boat_data_interfaces/msg/detail/motor_data__struct.h
-- Installing: /home/ishaan/eboat_src/install/boat_data_interfaces/include/boat_data_interfaces/boat_data_interfaces/msg/gpio_data.h
-- Up-to-date: /home/ishaan/eboat_src/install/boat_data_interfaces/include/boat_data_interfaces/boat_data_interfaces/msg/rosidl_generator_c__visibility_control.h
-- Installing: /home/ishaan/eboat_src/install/boat_data_interfaces/include/boat_data_interfaces/boat_data_interfaces/msg/boat_alarm.h
-- Installing: /home/ishaan/eboat_src/install/boat_data_interfaces/include/boat_data_interfaces/boat_data_interfaces/msg/motor_data.h
-- Installing: /home/ishaan/eboat_src/install/boat_data_interfaces/include/boat_data_interfaces/boat_data_interfaces/msg/motion_data.h
-- Up-to-date: /home/ishaan/eboat_src/install/boat_data_interfaces/share/boat_data_interfaces/environment/library_path.sh
-- Up-to-date: /home/ishaan/eboat_src/install/boat_data_interfaces/share/boat_data_interfaces/environment/library_path.dsv
-- Installing: /home/ishaan/eboat_src/install/boat_data_interfaces/lib/libboat_data_interfaces__rosidl_generator_c.so
-- Set non-toolchain portion of runtime path of "/home/ishaan/eboat_src/install/boat_data_interfaces/lib/libboat_data_interfaces__rosidl_generator_c.so" to ""
-- Up-to-date: /home/ishaan/eboat_src/install/boat_data_interfaces/include/boat_data_interfaces/boat_data_interfaces
-- Up-to-date: /home/ishaan/eboat_src/install/boat_data_interfaces/include/boat_data_interfaces/boat_data_interfaces/msg
-- Up-to-date: /home/ishaan/eboat_src/install/boat_data_interfaces/include/boat_data_interfaces/boat_data_interfaces/msg/rosidl_typesupport_fastrtps_c__visibility_control.h
-- Up-to-date: /home/ishaan/eboat_src/install/boat_data_interfaces/include/boat_data_interfaces/boat_data_interfaces/msg/detail
-- Installing: /home/ishaan/eboat_src/install/boat_data_interfaces/include/boat_data_interfaces/boat_data_interfaces/msg/detail/boat_alarm__rosidl_typesupport_fastrtps_c.h
-- Installing: /home/ishaan/eboat_src/install/boat_data_interfaces/include/boat_data_interfaces/boat_data_interfaces/msg/detail/gpio_data__rosidl_typesupport_fastrtps_c.h
-- Installing: /home/ishaan/eboat_src/install/boat_data_interfaces/include/boat_data_interfaces/boat_data_interfaces/msg/detail/motor_data__rosidl_typesupport_fastrtps_c.h
-- Installing: /home/ishaan/eboat_src/install/boat_data_interfaces/include/boat_data_interfaces/boat_data_interfaces/msg/detail/motion_data__rosidl_typesupport_fastrtps_c.h
-- Installing: /home/ishaan/eboat_src/install/boat_data_interfaces/include/boat_data_interfaces/boat_data_interfaces/msg/detail/electrical_data__rosidl_typesupport_fastrtps_c.h
-- Installing: /home/ishaan/eboat_src/install/boat_data_interfaces/lib/libboat_data_interfaces__rosidl_typesupport_fastrtps_c.so
-- Set non-toolchain portion of runtime path of "/home/ishaan/eboat_src/install/boat_data_interfaces/lib/libboat_data_interfaces__rosidl_typesupport_fastrtps_c.so" to ""
-- Up-to-date: /home/ishaan/eboat_src/install/boat_data_interfaces/include/boat_data_interfaces/boat_data_interfaces
-- Up-to-date: /home/ishaan/eboat_src/install/boat_data_interfaces/include/boat_data_interfaces/boat_data_interfaces/msg
-- Installing: /home/ishaan/eboat_src/install/boat_data_interfaces/include/boat_data_interfaces/boat_data_interfaces/msg/gpio_data.hpp
-- Installing: /home/ishaan/eboat_src/install/boat_data_interfaces/include/boat_data_interfaces/boat_data_interfaces/msg/boat_alarm.hpp
-- Installing: /home/ishaan/eboat_src/install/boat_data_interfaces/include/boat_data_interfaces/boat_data_interfaces/msg/electrical_data.hpp
-- Up-to-date: /home/ishaan/eboat_src/install/boat_data_interfaces/include/boat_data_interfaces/boat_data_interfaces/msg/detail
-- Installing: /home/ishaan/eboat_src/install/boat_data_interfaces/include/boat_data_interfaces/boat_data_interfaces/msg/detail/motion_data__traits.hpp
-- Installing: /home/ishaan/eboat_src/install/boat_data_interfaces/include/boat_data_interfaces/boat_data_interfaces/msg/detail/boat_alarm__traits.hpp
-- Installing: /home/ishaan/eboat_src/install/boat_data_interfaces/include/boat_data_interfaces/boat_data_interfaces/msg/detail/motor_data__traits.hpp
-- Installing: /home/ishaan/eboat_src/install/boat_data_interfaces/include/boat_data_interfaces/boat_data_interfaces/msg/detail/electrical_data__traits.hpp
-- Installing: /home/ishaan/eboat_src/install/boat_data_interfaces/include/boat_data_interfaces/boat_data_interfaces/msg/detail/electrical_data__builder.hpp
-- Installing: /home/ishaan/eboat_src/install/boat_data_interfaces/include/boat_data_interfaces/boat_data_interfaces/msg/detail/motion_data__type_support.hpp
-- Installing: /home/ishaan/eboat_src/install/boat_data_interfaces/include/boat_data_interfaces/boat_data_interfaces/msg/detail/motion_data__struct.hpp
-- Installing: /home/ishaan/eboat_src/install/boat_data_interfaces/include/boat_data_interfaces/boat_data_interfaces/msg/detail/electrical_data__struct.hpp
-- Installing: /home/ishaan/eboat_src/install/boat_data_interfaces/include/boat_data_interfaces/boat_data_interfaces/msg/detail/gpio_data__type_support.hpp
-- Installing: /home/ishaan/eboat_src/install/boat_data_interfaces/include/boat_data_interfaces/boat_data_interfaces/msg/detail/boat_alarm__struct.hpp
-- Installing: /home/ishaan/eboat_src/install/boat_data_interfaces/include/boat_data_interfaces/boat_data_interfaces/msg/detail/gpio_data__builder.hpp
-- Installing: /home/ishaan/eboat_src/install/boat_data_interfaces/include/boat_data_interfaces/boat_data_interfaces/msg/detail/boat_alarm__builder.hpp
-- Installing: /home/ishaan/eboat_src/install/boat_data_interfaces/include/boat_data_interfaces/boat_data_interfaces/msg/detail/motor_data__type_support.hpp
-- Installing: /home/ishaan/eboat_src/install/boat_data_interfaces/include/boat_data_interfaces/boat_data_interfaces/msg/detail/gpio_data__traits.hpp
-- Installing: /home/ishaan/eboat_src/install/boat_data_interfaces/include/boat_data_interfaces/boat_data_interfaces/msg/detail/boat_alarm__type_support.hpp
-- Installing: /home/ishaan/eboat_src/install/boat_data_interfaces/include/boat_data_interfaces/boat_data_interfaces/msg/detail/electrical_data__type_support.hpp
-- Installing: /home/ishaan/eboat_src/install/boat_data_interfaces/include/boat_data_interfaces/boat_data_interfaces/msg/detail/motion_data__builder.hpp
-- Installing: /home/ishaan/eboat_src/install/boat_data_interfaces/include/boat_data_interfaces/boat_data_interfaces/msg/detail/gpio_data__struct.hpp
-- Installing: /home/ishaan/eboat_src/install/boat_data_interfaces/include/boat_data_interfaces/boat_data_interfaces/msg/detail/motor_data__builder.hpp
-- Installing: /home/ishaan/eboat_src/install/boat_data_interfaces/include/boat_data_interfaces/boat_data_interfaces/msg/detail/motor_data__struct.hpp
-- Installing: /home/ishaan/eboat_src/install/boat_data_interfaces/include/boat_data_interfaces/boat_data_interfaces/msg/motor_data.hpp
-- Installing: /home/ishaan/eboat_src/install/boat_data_interfaces/include/boat_data_interfaces/boat_data_interfaces/msg/motion_data.hpp
-- Installing: /home/ishaan/eboat_src/install/boat_data_interfaces/include/boat_data_interfaces/boat_data_interfaces/msg/rosidl_generator_cpp__visibility_control.hpp
-- Up-to-date: /home/ishaan/eboat_src/install/boat_data_interfaces/include/boat_data_interfaces/boat_data_interfaces
-- Up-to-date: /home/ishaan/eboat_src/install/boat_data_interfaces/include/boat_data_interfaces/boat_data_interfaces/msg
-- Up-to-date: /home/ishaan/eboat_src/install/boat_data_interfaces/include/boat_data_interfaces/boat_data_interfaces/msg/detail
-- Installing: /home/ishaan/eboat_src/install/boat_data_interfaces/include/boat_data_interfaces/boat_data_interfaces/msg/detail/motion_data__rosidl_typesupport_fastrtps_cpp.hpp
-- Installing: /home/ishaan/eboat_src/install/boat_data_interfaces/include/boat_data_interfaces/boat_data_interfaces/msg/detail/motor_data__rosidl_typesupport_fastrtps_cpp.hpp
-- Installing: /home/ishaan/eboat_src/install/boat_data_interfaces/include/boat_data_interfaces/boat_data_interfaces/msg/detail/gpio_data__rosidl_typesupport_fastrtps_cpp.hpp
-- Up-to-date: /home/ishaan/eboat_src/install/boat_data_interfaces/include/boat_data_interfaces/boat_data_interfaces/msg/detail/dds_fastrtps
-- Installing: /home/ishaan/eboat_src/install/boat_data_interfaces/include/boat_data_interfaces/boat_data_interfaces/msg/detail/boat_alarm__rosidl_typesupport_fastrtps_cpp.hpp
-- Installing: /home/ishaan/eboat_src/install/boat_data_interfaces/include/boat_data_interfaces/boat_data_interfaces/msg/detail/electrical_data__rosidl_typesupport_fastrtps_cpp.hpp
-- Up-to-date: /home/ishaan/eboat_src/install/boat_data_interfaces/include/boat_data_interfaces/boat_data_interfaces/msg/rosidl_typesupport_fastrtps_cpp__visibility_control.h
-- Installing: /home/ishaan/eboat_src/install/boat_data_interfaces/lib/libboat_data_interfaces__rosidl_typesupport_fastrtps_cpp.so
-- Set non-toolchain portion of runtime path of "/home/ishaan/eboat_src/install/boat_data_interfaces/lib/libboat_data_interfaces__rosidl_typesupport_fastrtps_cpp.so" to ""
-- Up-to-date: /home/ishaan/eboat_src/install/boat_data_interfaces/include/boat_data_interfaces/boat_data_interfaces
-- Up-to-date: /home/ishaan/eboat_src/install/boat_data_interfaces/include/boat_data_interfaces/boat_data_interfaces/msg
-- Up-to-date: /home/ishaan/eboat_src/install/boat_data_interfaces/include/boat_data_interfaces/boat_data_interfaces/msg/rosidl_typesupport_introspection_c__visibility_control.h
-- Up-to-date: /home/ishaan/eboat_src/install/boat_data_interfaces/include/boat_data_interfaces/boat_data_interfaces/msg/detail
-- Installing: /home/ishaan/eboat_src/install/boat_data_interfaces/include/boat_data_interfaces/boat_data_interfaces/msg/detail/motor_data__rosidl_typesupport_introspection_c.h
-- Installing: /home/ishaan/eboat_src/install/boat_data_interfaces/include/boat_data_interfaces/boat_data_interfaces/msg/detail/electrical_data__type_support.c
-- Installing: /home/ishaan/eboat_src/install/boat_data_interfaces/include/boat_data_interfaces/boat_data_interfaces/msg/detail/gpio_data__type_support.c
-- Installing: /home/ishaan/eboat_src/install/boat_data_interfaces/include/boat_data_interfaces/boat_data_interfaces/msg/detail/motion_data__rosidl_typesupport_introspection_c.h
-- Installing: /home/ishaan/eboat_src/install/boat_data_interfaces/include/boat_data_interfaces/boat_data_interfaces/msg/detail/motion_data__type_support.c
-- Installing: /home/ishaan/eboat_src/install/boat_data_interfaces/include/boat_data_interfaces/boat_data_interfaces/msg/detail/boat_alarm__rosidl_typesupport_introspection_c.h
-- Installing: /home/ishaan/eboat_src/install/boat_data_interfaces/include/boat_data_interfaces/boat_data_interfaces/msg/detail/boat_alarm__type_support.c
-- Installing: /home/ishaan/eboat_src/install/boat_data_interfaces/include/boat_data_interfaces/boat_data_interfaces/msg/detail/electrical_data__rosidl_typesupport_introspection_c.h
-- Installing: /home/ishaan/eboat_src/install/boat_data_interfaces/include/boat_data_interfaces/boat_data_interfaces/msg/detail/gpio_data__rosidl_typesupport_introspection_c.h
-- Installing: /home/ishaan/eboat_src/install/boat_data_interfaces/include/boat_data_interfaces/boat_data_interfaces/msg/detail/motor_data__type_support.c
-- Installing: /home/ishaan/eboat_src/install/boat_data_interfaces/lib/libboat_data_interfaces__rosidl_typesupport_introspection_c.so
-- Set non-toolchain portion of runtime path of "/home/ishaan/eboat_src/install/boat_data_interfaces/lib/libboat_data_interfaces__rosidl_typesupport_introspection_c.so" to ""
-- Installing: /home/ishaan/eboat_src/install/boat_data_interfaces/lib/libboat_data_interfaces__rosidl_typesupport_c.so
-- Set non-toolchain portion of runtime path of "/home/ishaan/eboat_src/install/boat_data_interfaces/lib/libboat_data_interfaces__rosidl_typesupport_c.so" to ""
-- Up-to-date: /home/ishaan/eboat_src/install/boat_data_interfaces/include/boat_data_interfaces/boat_data_interfaces
-- Up-to-date: /home/ishaan/eboat_src/install/boat_data_interfaces/include/boat_data_interfaces/boat_data_interfaces/msg
-- Up-to-date: /home/ishaan/eboat_src/install/boat_data_interfaces/include/boat_data_interfaces/boat_data_interfaces/msg/detail
-- Installing: /home/ishaan/eboat_src/install/boat_data_interfaces/include/boat_data_interfaces/boat_data_interfaces/msg/detail/motion_data__type_support.cpp
-- Installing: /home/ishaan/eboat_src/install/boat_data_interfaces/include/boat_data_interfaces/boat_data_interfaces/msg/detail/motion_data__rosidl_typesupport_introspection_cpp.hpp
-- Installing: /home/ishaan/eboat_src/install/boat_data_interfaces/include/boat_data_interfaces/boat_data_interfaces/msg/detail/electrical_data__rosidl_typesupport_introspection_cpp.hpp
-- Installing: /home/ishaan/eboat_src/install/boat_data_interfaces/include/boat_data_interfaces/boat_data_interfaces/msg/detail/gpio_data__type_support.cpp
-- Installing: /home/ishaan/eboat_src/install/boat_data_interfaces/include/boat_data_interfaces/boat_data_interfaces/msg/detail/boat_alarm__rosidl_typesupport_introspection_cpp.hpp
-- Installing: /home/ishaan/eboat_src/install/boat_data_interfaces/include/boat_data_interfaces/boat_data_interfaces/msg/detail/boat_alarm__type_support.cpp
-- Installing: /home/ishaan/eboat_src/install/boat_data_interfaces/include/boat_data_interfaces/boat_data_interfaces/msg/detail/motor_data__rosidl_typesupport_introspection_cpp.hpp
-- Installing: /home/ishaan/eboat_src/install/boat_data_interfaces/include/boat_data_interfaces/boat_data_interfaces/msg/detail/motor_data__type_support.cpp
-- Installing: /home/ishaan/eboat_src/install/boat_data_interfaces/include/boat_data_interfaces/boat_data_interfaces/msg/detail/gpio_data__rosidl_typesupport_introspection_cpp.hpp
-- Installing: /home/ishaan/eboat_src/install/boat_data_interfaces/include/boat_data_interfaces/boat_data_interfaces/msg/detail/electrical_data__type_support.cpp
-- Installing: /home/ishaan/eboat_src/install/boat_data_interfaces/lib/libboat_data_interfaces__rosidl_typesupport_introspection_cpp.so
-- Set non-toolchain portion of runtime path of "/home/ishaan/eboat_src/install/boat_data_interfaces/lib/libboat_data_interfaces__rosidl_typesupport_introspection_cpp.so" to ""
-- Installing: /home/ishaan/eboat_src/install/boat_data_interfaces/lib/libboat_data_interfaces__rosidl_typesupport_cpp.so
-- Set non-toolchain portion of runtime path of "/home/ishaan/eboat_src/install/boat_data_interfaces/lib/libboat_data_interfaces__rosidl_typesupport_cpp.so" to ""
-- Up-to-date: /home/ishaan/eboat_src/install/boat_data_interfaces/share/boat_data_interfaces/environment/pythonpath.sh
-- Up-to-date: /home/ishaan/eboat_src/install/boat_data_interfaces/share/boat_data_interfaces/environment/pythonpath.dsv
-- Up-to-date: /home/ishaan/eboat_src/install/boat_data_interfaces/lib/python3.12/site-packages/boat_data_interfaces-0.0.0-py3.12.egg-info
-- Installing: /home/ishaan/eboat_src/install/boat_data_interfaces/lib/python3.12/site-packages/boat_data_interfaces-0.0.0-py3.12.egg-info/top_level.txt
-- Installing: /home/ishaan/eboat_src/install/boat_data_interfaces/lib/python3.12/site-packages/boat_data_interfaces-0.0.0-py3.12.egg-info/SOURCES.txt
-- Installing: /home/ishaan/eboat_src/install/boat_data_interfaces/lib/python3.12/site-packages/boat_data_interfaces-0.0.0-py3.12.egg-info/PKG-INFO
-- Installing: /home/ishaan/eboat_src/install/boat_data_interfaces/lib/python3.12/site-packages/boat_data_interfaces-0.0.0-py3.12.egg-info/dependency_links.txt
-- Up-to-date: /home/ishaan/eboat_src/install/boat_data_interfaces/lib/python3.12/site-packages/boat_data_interfaces
-- Installing: /home/ishaan/eboat_src/install/boat_data_interfaces/lib/python3.12/site-packages/boat_data_interfaces/boat_data_interfaces_s__rosidl_typesupport_fastrtps_c.so
-- Installing: /home/ishaan/eboat_src/install/boat_data_interfaces/lib/python3.12/site-packages/boat_data_interfaces/_boat_data_interfaces_s.ep.rosidl_typesupport_fastrtps_c.c
-- Installing: /home/ishaan/eboat_src/install/boat_data_interfaces/lib/python3.12/site-packages/boat_data_interfaces/boat_data_interfaces_s__rosidl_typesupport_introspection_c.so
-- Installing: /home/ishaan/eboat_src/install/boat_data_interfaces/lib/python3.12/site-packages/boat_data_interfaces/_boat_data_interfaces_s.ep.rosidl_typesupport_c.c
-- Up-to-date: /home/ishaan/eboat_src/install/boat_data_interfaces/lib/python3.12/site-packages/boat_data_interfaces/msg
-- Installing: /home/ishaan/eboat_src/install/boat_data_interfaces/lib/python3.12/site-packages/boat_data_interfaces/msg/_boat_alarm_s.c
-- Installing: /home/ishaan/eboat_src/install/boat_data_interfaces/lib/python3.12/site-packages/boat_data_interfaces/msg/_gpio_data_s.c
-- Installing: /home/ishaan/eboat_src/install/boat_data_interfaces/lib/python3.12/site-packages/boat_data_interfaces/msg/_gpio_data.py
-- Installing: /home/ishaan/eboat_src/install/boat_data_interfaces/lib/python3.12/site-packages/boat_data_interfaces/msg/_electrical_data.py
-- Installing: /home/ishaan/eboat_src/install/boat_data_interfaces/lib/python3.12/site-packages/boat_data_interfaces/msg/_electrical_data_s.c
-- Installing: /home/ishaan/eboat_src/install/boat_data_interfaces/lib/python3.12/site-packages/boat_data_interfaces/msg/_motion_data_s.c
-- Installing: /home/ishaan/eboat_src/install/boat_data_interfaces/lib/python3.12/site-packages/boat_data_interfaces/msg/__init__.py
-- Installing: /home/ishaan/eboat_src/install/boat_data_interfaces/lib/python3.12/site-packages/boat_data_interfaces/msg/_boat_alarm.py
-- Installing: /home/ishaan/eboat_src/install/boat_data_interfaces/lib/python3.12/site-packages/boat_data_interfaces/msg/_motor_data_s.c
-- Installing: /home/ishaan/eboat_src/install/boat_data_interfaces/lib/python3.12/site-packages/boat_data_interfaces/msg/_motor_data.py
-- Installing: /home/ishaan/eboat_src/install/boat_data_interfaces/lib/python3.12/site-packages/boat_data_interfaces/msg/_motion_data.py
-- Installing: /home/ishaan/eboat_src/install/boat_data_interfaces/lib/python3.12/site-packages/boat_data_interfaces/__init__.py
-- Installing: /home/ishaan/eboat_src/install/boat_data_interfaces/lib/python3.12/site-packages/boat_data_interfaces/_boat_data_interfaces_s.ep.rosidl_typesupport_introspection_c.c
-- Installing: /home/ishaan/eboat_src/install/boat_data_interfaces/lib/python3.12/site-packages/boat_data_interfaces/boat_data_interfaces_s__rosidl_typesupport_c.so
Listing '/home/ishaan/eboat_src/install/boat_data_interfaces/lib/python3.12/site-packages/boat_data_interfaces'...
Compiling '/home/ishaan/eboat_src/install/boat_data_interfaces/lib/python3.12/site-packages/boat_data_interfaces/__init__.py'...
Listing '/home/ishaan/eboat_src/install/boat_data_interfaces/lib/python3.12/site-packages/boat_data_interfaces/msg'...
Compiling '/home/ishaan/eboat_src/install/boat_data_interfaces/lib/python3.12/site-packages/boat_data_interfaces/msg/__init__.py'...
Compiling '/home/ishaan/eboat_src/install/boat_data_interfaces/lib/python3.12/site-packages/boat_data_interfaces/msg/_boat_alarm.py'...
Compiling '/home/ishaan/eboat_src/install/boat_data_interfaces/lib/python3.12/site-packages/boat_data_interfaces/msg/_electrical_data.py'...
Compiling '/home/ishaan/eboat_src/install/boat_data_interfaces/lib/python3.12/site-packages/boat_data_interfaces/msg/_gpio_data.py'...
Compiling '/home/ishaan/eboat_src/install/boat_data_interfaces/lib/python3.12/site-packages/boat_data_interfaces/msg/_motion_data.py'...
Compiling '/home/ishaan/eboat_src/install/boat_data_interfaces/lib/python3.12/site-packages/boat_data_interfaces/msg/_motor_data.py'...
-- Installing: /home/ishaan/eboat_src/install/boat_data_interfaces/lib/python3.12/site-packages/boat_data_interfaces/boat_data_interfaces_s__rosidl_typesupport_fastrtps_c.so
-- Set non-toolchain portion of runtime path of "/home/ishaan/eboat_src/install/boat_data_interfaces/lib/python3.12/site-packages/boat_data_interfaces/boat_data_interfaces_s__rosidl_typesupport_fastrtps_c.so" to ""
-- Installing: /home/ishaan/eboat_src/install/boat_data_interfaces/lib/python3.12/site-packages/boat_data_interfaces/boat_data_interfaces_s__rosidl_typesupport_introspection_c.so
-- Set non-toolchain portion of runtime path of "/home/ishaan/eboat_src/install/boat_data_interfaces/lib/python3.12/site-packages/boat_data_interfaces/boat_data_interfaces_s__rosidl_typesupport_introspection_c.so" to ""
-- Installing: /home/ishaan/eboat_src/install/boat_data_interfaces/lib/python3.12/site-packages/boat_data_interfaces/boat_data_interfaces_s__rosidl_typesupport_c.so
-- Set non-toolchain portion of runtime path of "/home/ishaan/eboat_src/install/boat_data_interfaces/lib/python3.12/site-packages/boat_data_interfaces/boat_data_interfaces_s__rosidl_typesupport_c.so" to ""
-- Installing: /home/ishaan/eboat_src/install/boat_data_interfaces/lib/libboat_data_interfaces__rosidl_generator_py.so
-- Set non-toolchain portion of runtime path of "/home/ishaan/eboat_src/install/boat_data_interfaces/lib/libboat_data_interfaces__rosidl_generator_py.so" to ""
-- Up-to-date: /home/ishaan/eboat_src/install/boat_data_interfaces/share/boat_data_interfaces/msg/ElectricalData.idl
-- Up-to-date: /home/ishaan/eboat_src/install/boat_data_interfaces/share/boat_data_interfaces/msg/GPIOData.idl
-- Up-to-date: /home/ishaan/eboat_src/install/boat_data_interfaces/share/boat_data_interfaces/msg/MotionData.idl
-- Up-to-date: /home/ishaan/eboat_src/install/boat_data_interfaces/share/boat_data_interfaces/msg/MotorData.idl
-- Installing: /home/ishaan/eboat_src/install/boat_data_interfaces/share/boat_data_interfaces/msg/BoatAlarm.idl
-- Up-to-date: /home/ishaan/eboat_src/install/boat_data_interfaces/share/boat_data_interfaces/msg/ElectricalData.msg
-- Up-to-date: /home/ishaan/eboat_src/install/boat_data_interfaces/share/boat_data_interfaces/msg/GPIOData.msg
-- Up-to-date: /home/ishaan/eboat_src/install/boat_data_interfaces/share/boat_data_interfaces/msg/MotionData.msg
-- Installing: /home/ishaan/eboat_src/install/boat_data_interfaces/share/boat_data_interfaces/msg/MotorData.msg
-- Installing: /home/ishaan/eboat_src/install/boat_data_interfaces/share/boat_data_interfaces/msg/BoatAlarm.msg
-- Installing: /home/ishaan/eboat_src/install/boat_data_interfaces/share/ament_index/resource_index/package_run_dependencies/boat_data_interfaces
-- Installing: /home/ishaan/eboat_src/install/boat_data_interfaces/share/ament_index/resource_index/parent_prefix_path/boat_data_interfaces
-- Up-to-date: /home/ishaan/eboat_src/install/boat_data_interfaces/share/boat_data_interfaces/environment/ament_prefix_path.sh
-- Up-to-date: /home/ishaan/eboat_src/install/boat_data_interfaces/share/boat_data_interfaces/environment/ament_prefix_path.dsv
-- Up-to-date: /home/ishaan/eboat_src/install/boat_data_interfaces/share/boat_data_interfaces/environment/path.sh
-- Up-to-date: /home/ishaan/eboat_src/install/boat_data_interfaces/share/boat_data_interfaces/environment/path.dsv
-- Up-to-date: /home/ishaan/eboat_src/install/boat_data_interfaces/share/boat_data_interfaces/local_setup.bash
-- Up-to-date: /home/ishaan/eboat_src/install/boat_data_interfaces/share/boat_data_interfaces/local_setup.sh
-- Up-to-date: /home/ishaan/eboat_src/install/boat_data_interfaces/share/boat_data_interfaces/local_setup.zsh
-- Up-to-date: /home/ishaan/eboat_src/install/boat_data_interfaces/share/boat_data_interfaces/local_setup.dsv
-- Installing: /home/ishaan/eboat_src/install/boat_data_interfaces/share/boat_data_interfaces/package.dsv
-- Up-to-date: /home/ishaan/eboat_src/install/boat_data_interfaces/share/ament_index/resource_index/packages/boat_data_interfaces
-- Old export file "/home/ishaan/eboat_src/install/boat_data_interfaces/share/boat_data_interfaces/cmake/export_boat_data_interfaces__rosidl_generator_cExport.cmake" will be replaced.  Removing files [/home/ishaan/eboat_src/install/boat_data_interfaces/share/boat_data_interfaces/cmake/export_boat_data_interfaces__rosidl_generator_cExport-noconfig.cmake].
-- Installing: /home/ishaan/eboat_src/install/boat_data_interfaces/share/boat_data_interfaces/cmake/export_boat_data_interfaces__rosidl_generator_cExport.cmake
-- Installing: /home/ishaan/eboat_src/install/boat_data_interfaces/share/boat_data_interfaces/cmake/export_boat_data_interfaces__rosidl_generator_cExport-noconfig.cmake
-- Old export file "/home/ishaan/eboat_src/install/boat_data_interfaces/share/boat_data_interfaces/cmake/export_boat_data_interfaces__rosidl_typesupport_fastrtps_cExport.cmake" will be replaced.  Removing files [/home/ishaan/eboat_src/install/boat_data_interfaces/share/boat_data_interfaces/cmake/export_boat_data_interfaces__rosidl_typesupport_fastrtps_cExport-noconfig.cmake].
-- Installing: /home/ishaan/eboat_src/install/boat_data_interfaces/share/boat_data_interfaces/cmake/export_boat_data_interfaces__rosidl_typesupport_fastrtps_cExport.cmake
-- Installing: /home/ishaan/eboat_src/install/boat_data_interfaces/share/boat_data_interfaces/cmake/export_boat_data_interfaces__rosidl_typesupport_fastrtps_cExport-noconfig.cmake
-- Installing: /home/ishaan/eboat_src/install/boat_data_interfaces/share/boat_data_interfaces/cmake/export_boat_data_interfaces__rosidl_generator_cppExport.cmake
-- Old export file "/home/ishaan/eboat_src/install/boat_data_interfaces/share/boat_data_interfaces/cmake/export_boat_data_interfaces__rosidl_typesupport_fastrtps_cppExport.cmake" will be replaced.  Removing files [/home/ishaan/eboat_src/install/boat_data_interfaces/share/boat_data_interfaces/cmake/export_boat_data_interfaces__rosidl_typesupport_fastrtps_cppExport-noconfig.cmake].
-- Installing: /home/ishaan/eboat_src/install/boat_data_interfaces/share/boat_data_interfaces/cmake/export_boat_data_interfaces__rosidl_typesupport_fastrtps_cppExport.cmake
-- Installing: /home/ishaan/eboat_src/install/boat_data_interfaces/share/boat_data_interfaces/cmake/export_boat_data_interfaces__rosidl_typesupport_fastrtps_cppExport-noconfig.cmake
-- Old export file "/home/ishaan/eboat_src/install/boat_data_interfaces/share/boat_data_interfaces/cmake/boat_data_interfaces__rosidl_typesupport_introspection_cExport.cmake" will be replaced.  Removing files [/home/ishaan/eboat_src/install/boat_data_interfaces/share/boat_data_interfaces/cmake/boat_data_interfaces__rosidl_typesupport_introspection_cExport-noconfig.cmake].
-- Installing: /home/ishaan/eboat_src/install/boat_data_interfaces/share/boat_data_interfaces/cmake/boat_data_interfaces__rosidl_typesupport_introspection_cExport.cmake
-- Installing: /home/ishaan/eboat_src/install/boat_data_interfaces/share/boat_data_interfaces/cmake/boat_data_interfaces__rosidl_typesupport_introspection_cExport-noconfig.cmake
-- Old export file "/home/ishaan/eboat_src/install/boat_data_interfaces/share/boat_data_interfaces/cmake/boat_data_interfaces__rosidl_typesupport_cExport.cmake" will be replaced.  Removing files [/home/ishaan/eboat_src/install/boat_data_interfaces/share/boat_data_interfaces/cmake/boat_data_interfaces__rosidl_typesupport_cExport-noconfig.cmake].
-- Installing: /home/ishaan/eboat_src/install/boat_data_interfaces/share/boat_data_interfaces/cmake/boat_data_interfaces__rosidl_typesupport_cExport.cmake
-- Installing: /home/ishaan/eboat_src/install/boat_data_interfaces/share/boat_data_interfaces/cmake/boat_data_interfaces__rosidl_typesupport_cExport-noconfig.cmake
-- Old export file "/home/ishaan/eboat_src/install/boat_data_interfaces/share/boat_data_interfaces/cmake/boat_data_interfaces__rosidl_typesupport_introspection_cppExport.cmake" will be replaced.  Removing files [/home/ishaan/eboat_src/install/boat_data_interfaces/share/boat_data_interfaces/cmake/boat_data_interfaces__rosidl_typesupport_introspection_cppExport-noconfig.cmake].
-- Installing: /home/ishaan/eboat_src/install/boat_data_interfaces/share/boat_data_interfaces/cmake/boat_data_interfaces__rosidl_typesupport_introspection_cppExport.cmake
-- Installing: /home/ishaan/eboat_src/install/boat_data_interfaces/share/boat_data_interfaces/cmake/boat_data_interfaces__rosidl_typesupport_introspection_cppExport-noconfig.cmake
-- Old export file "/home/ishaan/eboat_src/install/boat_data_interfaces/share/boat_data_interfaces/cmake/boat_data_interfaces__rosidl_typesupport_cppExport.cmake" will be replaced.  Removing files [/home/ishaan/eboat_src/install/boat_data_interfaces/share/boat_data_interfaces/cmake/boat_data_interfaces__rosidl_typesupport_cppExport-noconfig.cmake].
-- Installing: /home/ishaan/eboat_src/install/boat_data_interfaces/share/boat_data_interfaces/cmake/boat_data_interfaces__rosidl_typesupport_cppExport.cmake
-- Installing: /home/ishaan/eboat_src/install/boat_data_interfaces/share/boat_data_interfaces/cmake/boat_data_interfaces__rosidl_typesupport_cppExport-noconfig.cmake
-- Up-to-date: /home/ishaan/eboat_src/install/boat_data_interfaces/share/boat_data_interfaces/cmake/export_boat_data_interfaces__rosidl_generator_pyExport.cmake
-- Installing: /home/ishaan/eboat_src/install/boat_data_interfaces/share/boat_data_interfaces/cmake/export_boat_data_interfaces__rosidl_generator_pyExport-noconfig.cmake
-- Installing: /home/ishaan/eboat_src/install/boat_data_interfaces/share/boat_data_interfaces/cmake/rosidl_cmake-extras.cmake
-- Installing: /home/ishaan/eboat_src/install/boat_data_interfaces/share/boat_data_interfaces/cmake/ament_cmake_export_dependencies-extras.cmake
-- Up-to-date: /home/ishaan/eboat_src/install/boat_data_interfaces/share/boat_data_interfaces/cmake/ament_cmake_export_include_directories-extras.cmake
-- Up-to-date: /home/ishaan/eboat_src/install/boat_data_interfaces/share/boat_data_interfaces/cmake/ament_cmake_export_libraries-extras.cmake
-- Installing: /home/ishaan/eboat_src/install/boat_data_interfaces/share/boat_data_interfaces/cmake/ament_cmake_export_targets-extras.cmake
-- Installing: /home/ishaan/eboat_src/install/boat_data_interfaces/share/boat_data_interfaces/cmake/rosidl_cmake_export_typesupport_targets-extras.cmake
-- Up-to-date: /home/ishaan/eboat_src/install/boat_data_interfaces/share/boat_data_interfaces/cmake/rosidl_cmake_export_typesupport_libraries-extras.cmake
-- Installing: /home/ishaan/eboat_src/install/boat_data_interfaces/share/boat_data_interfaces/cmake/boat_data_interfacesConfig.cmake
-- Up-to-date: /home/ishaan/eboat_src/install/boat_data_interfaces/share/boat_data_interfaces/cmake/boat_data_interfacesConfig-version.cmake
-- Installing: /home/ishaan/eboat_src/install/boat_data_interfaces/share/boat_data_interfaces/package.xml
