[3.094s] Invoking command in '/home/ishaan/Stevens-Electric-Boatworks/ros_ws/build/examples_rclpy_executors': PYTHONPATH=/home/ishaan/Stevens-Electric-Boatworks/ros_ws/build/examples_rclpy_executors/prefix_override:/usr/lib/python3/dist-packages/colcon_core/task/python/colcon_distutils_commands:/home/ishaan/Stevens-Electric-Boatworks/ros_ws/install/examples_rclpy_executors/lib/python3.12/site-packages:${PYTHONPATH} /usr/bin/python3 -W ignore:setup.py install is deprecated -W ignore:easy_install command is deprecated setup.py develop --uninstall --editable --build-directory /home/ishaan/Stevens-Electric-Boatworks/ros_ws/build/examples_rclpy_executors/build
[3.358s] running develop
[3.560s] Removing /home/ishaan/Stevens-Electric-Boatworks/ros_ws/install/examples_rclpy_executors/lib/python3.12/site-packages/examples-rclpy-executors.egg-link (link to .)
[3.637s] Invoked command in '/home/ishaan/Stevens-Electric-Boatworks/ros_ws/build/examples_rclpy_executors' returned '0': PYTHONPATH=/home/ishaan/Stevens-Electric-Boatworks/ros_ws/build/examples_rclpy_executors/prefix_override:/usr/lib/python3/dist-packages/colcon_core/task/python/colcon_distutils_commands:/home/ishaan/Stevens-Electric-Boatworks/ros_ws/install/examples_rclpy_executors/lib/python3.12/site-packages:${PYTHONPATH} /usr/bin/python3 -W ignore:setup.py install is deprecated -W ignore:easy_install command is deprecated setup.py develop --uninstall --editable --build-directory /home/ishaan/Stevens-Electric-Boatworks/ros_ws/build/examples_rclpy_executors/build
[3.638s] Invoking command in '/home/ishaan/Stevens-Electric-Boatworks/ros_ws/src/examples/rclpy/executors': PYTHONPATH=/home/ishaan/Stevens-Electric-Boatworks/ros_ws/build/examples_rclpy_executors/prefix_override:/usr/lib/python3/dist-packages/colcon_core/task/python/colcon_distutils_commands:/home/ishaan/Stevens-Electric-Boatworks/ros_ws/install/examples_rclpy_executors/lib/python3.12/site-packages:${PYTHONPATH} /usr/bin/python3 -W ignore:setup.py install is deprecated -W ignore:easy_install command is deprecated setup.py egg_info --egg-base ../../../../build/examples_rclpy_executors build --build-base /home/ishaan/Stevens-Electric-Boatworks/ros_ws/build/examples_rclpy_executors/build install --record /home/ishaan/Stevens-Electric-Boatworks/ros_ws/build/examples_rclpy_executors/install.log --single-version-externally-managed install_data --force
[3.905s] running egg_info
[3.928s] writing ../../../../build/examples_rclpy_executors/examples_rclpy_executors.egg-info/PKG-INFO
[3.928s] writing dependency_links to ../../../../build/examples_rclpy_executors/examples_rclpy_executors.egg-info/dependency_links.txt
[3.929s] writing entry points to ../../../../build/examples_rclpy_executors/examples_rclpy_executors.egg-info/entry_points.txt
[3.929s] writing requirements to ../../../../build/examples_rclpy_executors/examples_rclpy_executors.egg-info/requires.txt
[3.929s] writing top-level names to ../../../../build/examples_rclpy_executors/examples_rclpy_executors.egg-info/top_level.txt
[3.966s] reading manifest file '../../../../build/examples_rclpy_executors/examples_rclpy_executors.egg-info/SOURCES.txt'
[3.966s] writing manifest file '../../../../build/examples_rclpy_executors/examples_rclpy_executors.egg-info/SOURCES.txt'
[3.967s] running build
[3.968s] running build_py
[3.968s] creating /home/ishaan/Stevens-Electric-Boatworks/ros_ws/build/examples_rclpy_executors/build
[3.968s] creating /home/ishaan/Stevens-Electric-Boatworks/ros_ws/build/examples_rclpy_executors/build/lib
[3.969s] creating /home/ishaan/Stevens-Electric-Boatworks/ros_ws/build/examples_rclpy_executors/build/lib/examples_rclpy_executors
[3.969s] copying examples_rclpy_executors/composed.py -> /home/ishaan/Stevens-Electric-Boatworks/ros_ws/build/examples_rclpy_executors/build/lib/examples_rclpy_executors
[3.969s] copying examples_rclpy_executors/listener.py -> /home/ishaan/Stevens-Electric-Boatworks/ros_ws/build/examples_rclpy_executors/build/lib/examples_rclpy_executors
[3.969s] copying examples_rclpy_executors/custom_executor.py -> /home/ishaan/Stevens-Electric-Boatworks/ros_ws/build/examples_rclpy_executors/build/lib/examples_rclpy_executors
[3.970s] copying examples_rclpy_executors/callback_group.py -> /home/ishaan/Stevens-Electric-Boatworks/ros_ws/build/examples_rclpy_executors/build/lib/examples_rclpy_executors
[3.970s] copying examples_rclpy_executors/talker.py -> /home/ishaan/Stevens-Electric-Boatworks/ros_ws/build/examples_rclpy_executors/build/lib/examples_rclpy_executors
[3.970s] copying examples_rclpy_executors/custom_callback_group.py -> /home/ishaan/Stevens-Electric-Boatworks/ros_ws/build/examples_rclpy_executors/build/lib/examples_rclpy_executors
[3.970s] copying examples_rclpy_executors/__init__.py -> /home/ishaan/Stevens-Electric-Boatworks/ros_ws/build/examples_rclpy_executors/build/lib/examples_rclpy_executors
[3.971s] running install
[3.977s] running install_lib
[3.997s] creating /home/ishaan/Stevens-Electric-Boatworks/ros_ws/install/examples_rclpy_executors/lib/python3.12/site-packages/examples_rclpy_executors
[3.998s] copying /home/ishaan/Stevens-Electric-Boatworks/ros_ws/build/examples_rclpy_executors/build/lib/examples_rclpy_executors/composed.py -> /home/ishaan/Stevens-Electric-Boatworks/ros_ws/install/examples_rclpy_executors/lib/python3.12/site-packages/examples_rclpy_executors
[3.998s] copying /home/ishaan/Stevens-Electric-Boatworks/ros_ws/build/examples_rclpy_executors/build/lib/examples_rclpy_executors/listener.py -> /home/ishaan/Stevens-Electric-Boatworks/ros_ws/install/examples_rclpy_executors/lib/python3.12/site-packages/examples_rclpy_executors
[3.998s] copying /home/ishaan/Stevens-Electric-Boatworks/ros_ws/build/examples_rclpy_executors/build/lib/examples_rclpy_executors/custom_executor.py -> /home/ishaan/Stevens-Electric-Boatworks/ros_ws/install/examples_rclpy_executors/lib/python3.12/site-packages/examples_rclpy_executors
[3.998s] copying /home/ishaan/Stevens-Electric-Boatworks/ros_ws/build/examples_rclpy_executors/build/lib/examples_rclpy_executors/callback_group.py -> /home/ishaan/Stevens-Electric-Boatworks/ros_ws/install/examples_rclpy_executors/lib/python3.12/site-packages/examples_rclpy_executors
[3.998s] copying /home/ishaan/Stevens-Electric-Boatworks/ros_ws/build/examples_rclpy_executors/build/lib/examples_rclpy_executors/talker.py -> /home/ishaan/Stevens-Electric-Boatworks/ros_ws/install/examples_rclpy_executors/lib/python3.12/site-packages/examples_rclpy_executors
[3.999s] copying /home/ishaan/Stevens-Electric-Boatworks/ros_ws/build/examples_rclpy_executors/build/lib/examples_rclpy_executors/custom_callback_group.py -> /home/ishaan/Stevens-Electric-Boatworks/ros_ws/install/examples_rclpy_executors/lib/python3.12/site-packages/examples_rclpy_executors
[3.999s] copying /home/ishaan/Stevens-Electric-Boatworks/ros_ws/build/examples_rclpy_executors/build/lib/examples_rclpy_executors/__init__.py -> /home/ishaan/Stevens-Electric-Boatworks/ros_ws/install/examples_rclpy_executors/lib/python3.12/site-packages/examples_rclpy_executors
[3.999s] byte-compiling /home/ishaan/Stevens-Electric-Boatworks/ros_ws/install/examples_rclpy_executors/lib/python3.12/site-packages/examples_rclpy_executors/composed.py to composed.cpython-312.pyc
[3.999s] byte-compiling /home/ishaan/Stevens-Electric-Boatworks/ros_ws/install/examples_rclpy_executors/lib/python3.12/site-packages/examples_rclpy_executors/listener.py to listener.cpython-312.pyc
[3.999s] byte-compiling /home/ishaan/Stevens-Electric-Boatworks/ros_ws/install/examples_rclpy_executors/lib/python3.12/site-packages/examples_rclpy_executors/custom_executor.py to custom_executor.cpython-312.pyc
[4.000s] byte-compiling /home/ishaan/Stevens-Electric-Boatworks/ros_ws/install/examples_rclpy_executors/lib/python3.12/site-packages/examples_rclpy_executors/callback_group.py to callback_group.cpython-312.pyc
[4.001s] byte-compiling /home/ishaan/Stevens-Electric-Boatworks/ros_ws/install/examples_rclpy_executors/lib/python3.12/site-packages/examples_rclpy_executors/talker.py to talker.cpython-312.pyc
[4.001s] byte-compiling /home/ishaan/Stevens-Electric-Boatworks/ros_ws/install/examples_rclpy_executors/lib/python3.12/site-packages/examples_rclpy_executors/custom_callback_group.py to custom_callback_group.cpython-312.pyc
[4.002s] byte-compiling /home/ishaan/Stevens-Electric-Boatworks/ros_ws/install/examples_rclpy_executors/lib/python3.12/site-packages/examples_rclpy_executors/__init__.py to __init__.cpython-312.pyc
[4.002s] running install_data
[4.002s] copying resource/examples_rclpy_executors -> /home/ishaan/Stevens-Electric-Boatworks/ros_ws/install/examples_rclpy_executors/share/ament_index/resource_index/packages
[4.003s] copying package.xml -> /home/ishaan/Stevens-Electric-Boatworks/ros_ws/install/examples_rclpy_executors/share/examples_rclpy_executors
[4.004s] running install_egg_info
[4.018s] Copying ../../../../build/examples_rclpy_executors/examples_rclpy_executors.egg-info to /home/ishaan/Stevens-Electric-Boatworks/ros_ws/install/examples_rclpy_executors/lib/python3.12/site-packages/examples_rclpy_executors-0.20.5-py3.12.egg-info
[4.019s] running install_scripts
[4.154s] Installing callback_group script to /home/ishaan/Stevens-Electric-Boatworks/ros_ws/install/examples_rclpy_executors/lib/examples_rclpy_executors
[4.155s] Installing composed script to /home/ishaan/Stevens-Electric-Boatworks/ros_ws/install/examples_rclpy_executors/lib/examples_rclpy_executors
[4.155s] Installing custom_callback_group script to /home/ishaan/Stevens-Electric-Boatworks/ros_ws/install/examples_rclpy_executors/lib/examples_rclpy_executors
[4.155s] Installing custom_executor script to /home/ishaan/Stevens-Electric-Boatworks/ros_ws/install/examples_rclpy_executors/lib/examples_rclpy_executors
[4.155s] Installing listener script to /home/ishaan/Stevens-Electric-Boatworks/ros_ws/install/examples_rclpy_executors/lib/examples_rclpy_executors
[4.155s] Installing talker script to /home/ishaan/Stevens-Electric-Boatworks/ros_ws/install/examples_rclpy_executors/lib/examples_rclpy_executors
[4.156s] writing list of installed files to '/home/ishaan/Stevens-Electric-Boatworks/ros_ws/build/examples_rclpy_executors/install.log'
[4.220s] Invoked command in '/home/ishaan/Stevens-Electric-Boatworks/ros_ws/src/examples/rclpy/executors' returned '0': PYTHONPATH=/home/ishaan/Stevens-Electric-Boatworks/ros_ws/build/examples_rclpy_executors/prefix_override:/usr/lib/python3/dist-packages/colcon_core/task/python/colcon_distutils_commands:/home/ishaan/Stevens-Electric-Boatworks/ros_ws/install/examples_rclpy_executors/lib/python3.12/site-packages:${PYTHONPATH} /usr/bin/python3 -W ignore:setup.py install is deprecated -W ignore:easy_install command is deprecated setup.py egg_info --egg-base ../../../../build/examples_rclpy_executors build --build-base /home/ishaan/Stevens-Electric-Boatworks/ros_ws/build/examples_rclpy_executors/build install --record /home/ishaan/Stevens-Electric-Boatworks/ros_ws/build/examples_rclpy_executors/install.log --single-version-externally-managed install_data --force
