[0.919s] Invoking command in '/home/ishaan/eboat_src/build/canopen_402_driver': AMENT_PREFIX_PATH=/home/ishaan/eboat_src/install/canopen_proxy_driver:/home/ishaan/eboat_src/install/canopen_base_driver:/home/ishaan/eboat_src/install/canopen_core:/home/ishaan/eboat_src/install/lely_core_libraries:/home/ishaan/eboat_src/install/canopen_interfaces:${AMENT_PREFIX_PATH} CMAKE_PREFIX_PATH=/home/ishaan/eboat_src/install/canopen_proxy_driver:/home/ishaan/eboat_src/install/canopen_base_driver:/home/ishaan/eboat_src/install/canopen_core:/home/ishaan/eboat_src/install/lely_core_libraries:/home/ishaan/eboat_src/install/canopen_interfaces:/home/ishaan/eboat_src/ros_ws/install/canopen_tests:/home/ishaan/eboat_src/ros_ws/install/canopen_ros2_controllers:/home/ishaan/eboat_src/ros_ws/install/canopen_ros2_control:/home/ishaan/eboat_src/ros_ws/install/canopen:/home/ishaan/eboat_src/ros_ws/install/canopen_402_driver:/home/ishaan/eboat_src/ros_ws/install/canopen_proxy_driver:/home/ishaan/eboat_src/ros_ws/install/canopen_master_driver:/home/ishaan/eboat_src/ros_ws/install/canopen_fake_slaves:/home/ishaan/eboat_src/ros_ws/install/canopen_base_driver:/home/ishaan/eboat_src/ros_ws/install/canopen_core:/home/ishaan/eboat_src/ros_ws/install/lely_core_libraries:/home/ishaan/eboat_src/ros_ws/install/canopen_interfaces:/home/ishaan/eboat_src/ros_ws/install/boat_data_interfaces:/opt/ros/kilted/opt/sdformat_vendor:/opt/ros/kilted/opt/gz_math_vendor:/opt/ros/kilted/opt/gz_utils_vendor:/opt/ros/kilted/opt/gz_tools_vendor:/opt/ros/kilted/opt/gz_cmake_vendor:/home/ishaan/eboat_src/ros_ws/install/shore_comms:/home/ishaan/eboat_src/ros_ws/install/motor_node_test:/home/ishaan/eboat_src/ros_ws/install/motor_node:/home/ishaan/eboat_src/ros_ws/install/motion_node_test:/home/ishaan/eboat_src/ros_ws/install/motion_node:/home/ishaan/eboat_src/ros_ws/install/electrical_node_test:/home/ishaan/eboat_src/ros_ws/install/electrical_node:/home/ishaan/eboat_src/ros_ws/install/canopen_utils:/home/ishaan/eboat_src/ros_ws/install/alarms_watchdog_node:/home/ishaan/eboat_src/ros_ws/install/GPIO_Test:/opt/ros/kilted LD_LIBRARY_PATH=/home/ishaan/eboat_src/install/canopen_proxy_driver/lib:/home/ishaan/eboat_src/install/canopen_base_driver/lib:/home/ishaan/eboat_src/install/canopen_core/lib:/home/ishaan/eboat_src/install/lely_core_libraries/lib:/home/ishaan/eboat_src/install/canopen_interfaces/lib:${LD_LIBRARY_PATH} PATH=/home/ishaan/eboat_src/install/lely_core_libraries/bin:${PATH} PYTHONPATH=/home/ishaan/eboat_src/install/lely_core_libraries/lib/python3.12/site-packages:/home/ishaan/eboat_src/install/canopen_interfaces/lib/python3.12/site-packages:${PYTHONPATH} /usr/bin/cmake /home/ishaan/eboat_src/ros_ws/src/ros2_canopen/canopen_402_driver -DCMAKE_INSTALL_PREFIX=/home/ishaan/eboat_src/install/canopen_402_driver
[1.091s] -- The C compiler identification is GNU 13.3.0
[2.002s] -- The CXX compiler identification is GNU 13.3.0
[2.897s] -- Detecting C compiler ABI info
[3.212s] -- Detecting C compiler ABI info - done
[3.218s] -- Check for working C compiler: /usr/bin/cc - skipped
[3.218s] -- Detecting C compile features
[3.218s] -- Detecting C compile features - done
[3.354s] -- Detecting CXX compiler ABI info
[3.679s] -- Detecting CXX compiler ABI info - done
[3.684s] -- Check for working CXX compiler: /usr/bin/c++ - skipped
[3.684s] -- Detecting CXX compile features
[3.685s] -- Detecting CXX compile features - done
[3.687s] -- Found ament_cmake: 2.7.3 (/opt/ros/kilted/share/ament_cmake/cmake)
[3.798s] -- Found Python3: /usr/bin/python3 (found version "3.12.3") found components: Interpreter 
[3.876s] -- Found ament_cmake_ros: 0.14.3 (/opt/ros/kilted/share/ament_cmake_ros/cmake)
[3.884s] -- Found canopen_base_driver: 0.3.1 (/home/ishaan/eboat_src/install/canopen_base_driver/share/canopen_base_driver/cmake)
[4.088s] -- Found Boost: /usr/lib/x86_64-linux-gnu/cmake/Boost-1.83.0/BoostConfig.cmake (found version "1.83.0") found components: system thread 
[4.284s] -- Found rosidl_generator_c: 4.9.5 (/opt/ros/kilted/share/rosidl_generator_c/cmake)
[4.293s] -- Found rosidl_generator_cpp: 4.9.5 (/opt/ros/kilted/share/rosidl_generator_cpp/cmake)
[4.304s] -- Using all available rosidl_typesupport_c: rosidl_typesupport_fastrtps_c;rosidl_typesupport_introspection_c
[4.317s] -- Using all available rosidl_typesupport_cpp: rosidl_typesupport_fastrtps_cpp;rosidl_typesupport_introspection_cpp
[4.403s] -- Found rmw_implementation_cmake: 7.8.2 (/opt/ros/kilted/share/rmw_implementation_cmake/cmake)
[4.405s] -- Found rmw_fastrtps_cpp: 9.3.2 (/opt/ros/kilted/share/rmw_fastrtps_cpp/cmake)
[4.473s] -- Found OpenSSL: /usr/lib/x86_64-linux-gnu/libcrypto.so (found version "3.0.13")  
[4.482s] -- Using RMW implementation 'rmw_fastrtps_cpp' as default
[4.757s] -- Setting yaml-cpp_DIR to: '/opt/ros/kilted/share/yaml_cpp_vendor/cmake/../../../opt/yaml_cpp_vendor/share/cmake/yaml-cpp'
[4.803s] -- Found canopen_proxy_driver: 0.3.1 (/home/ishaan/eboat_src/install/canopen_proxy_driver/share/canopen_proxy_driver/cmake)
[4.814s] -- Found sensor_msgs: 5.5.0 (/opt/ros/kilted/share/sensor_msgs/cmake)
[4.856s] [0mCMake Deprecation Warning at /opt/ros/kilted/share/ament_cmake_target_dependencies/cmake/ament_target_dependencies.cmake:87 (message):
[4.857s]   ament_target_dependencies() is deprecated.  Use target_link_libraries()
[4.857s]   with modern CMake targets instead.  Try replacing this call with:
[4.857s] 
[4.857s]     target_link_libraries(lely_motion_controller_bridge PUBLIC
[4.857s]       ${canopen_interfaces_TARGETS}
[4.857s]       ${sensor_msgs_TARGETS}
[4.857s]       ${std_srvs_TARGETS}
[4.857s]       canopen_base_driver::base_driver
[4.857s]       canopen_base_driver::lely_driver_bridge
[4.857s]       canopen_base_driver::lifecycle_base_driver
[4.857s]       canopen_base_driver::node_canopen_base_driver
[4.857s]       canopen_core::device_container
[4.857s]       canopen_core::node_canopen_driver
[4.857s]       canopen_core::node_canopen_master
[4.857s]       canopen_proxy_driver::lifecycle_proxy_driver
[4.857s]       canopen_proxy_driver::node_canopen_proxy_driver
[4.857s]       canopen_proxy_driver::proxy_driver
[4.857s]       rclcpp::rclcpp
[4.857s]       rclcpp_components::component
[4.857s]       rclcpp_components::component_manager
[4.857s]       rclcpp_lifecycle::rclcpp_lifecycle
[4.857s]       sensor_msgs::sensor_msgs_library
[4.857s]     )
[4.857s] 
[4.857s] Call Stack (most recent call first):
[4.857s]   CMakeLists.txt:45 (ament_target_dependencies)
[4.857s] 
[4.857s] [0m
[4.861s] [0mCMake Deprecation Warning at /opt/ros/kilted/share/ament_cmake_target_dependencies/cmake/ament_target_dependencies.cmake:87 (message):
[4.861s]   ament_target_dependencies() is deprecated.  Use target_link_libraries()
[4.861s]   with modern CMake targets instead.  Try replacing this call with:
[4.861s] 
[4.861s]     target_link_libraries(node_canopen_cia402_driver PUBLIC
[4.861s]       ${canopen_interfaces_TARGETS}
[4.861s]       ${sensor_msgs_TARGETS}
[4.861s]       ${std_srvs_TARGETS}
[4.861s]       canopen_base_driver::base_driver
[4.861s]       canopen_base_driver::lely_driver_bridge
[4.861s]       canopen_base_driver::lifecycle_base_driver
[4.861s]       canopen_base_driver::node_canopen_base_driver
[4.861s]       canopen_core::device_container
[4.861s]       canopen_core::node_canopen_driver
[4.861s]       canopen_core::node_canopen_master
[4.861s]       canopen_proxy_driver::lifecycle_proxy_driver
[4.861s]       canopen_proxy_driver::node_canopen_proxy_driver
[4.861s]       canopen_proxy_driver::proxy_driver
[4.861s]       rclcpp::rclcpp
[4.861s]       rclcpp_components::component
[4.861s]       rclcpp_components::component_manager
[4.861s]       rclcpp_lifecycle::rclcpp_lifecycle
[4.861s]       sensor_msgs::sensor_msgs_library
[4.861s]     )
[4.861s] 
[4.861s] Call Stack (most recent call first):
[4.861s]   CMakeLists.txt:62 (ament_target_dependencies)
[4.861s] 
[4.861s] [0m
[4.865s] [0mCMake Deprecation Warning at /opt/ros/kilted/share/ament_cmake_target_dependencies/cmake/ament_target_dependencies.cmake:87 (message):
[4.865s]   ament_target_dependencies() is deprecated.  Use target_link_libraries()
[4.865s]   with modern CMake targets instead.  Try replacing this call with:
[4.866s] 
[4.866s]     target_link_libraries(lifecycle_cia402_driver PUBLIC
[4.866s]       ${canopen_interfaces_TARGETS}
[4.866s]       ${sensor_msgs_TARGETS}
[4.866s]       ${std_srvs_TARGETS}
[4.866s]       canopen_base_driver::base_driver
[4.866s]       canopen_base_driver::lely_driver_bridge
[4.866s]       canopen_base_driver::lifecycle_base_driver
[4.866s]       canopen_base_driver::node_canopen_base_driver
[4.866s]       canopen_core::device_container
[4.866s]       canopen_core::node_canopen_driver
[4.866s]       canopen_core::node_canopen_master
[4.866s]       canopen_proxy_driver::lifecycle_proxy_driver
[4.866s]       canopen_proxy_driver::node_canopen_proxy_driver
[4.866s]       canopen_proxy_driver::proxy_driver
[4.866s]       rclcpp::rclcpp
[4.866s]       rclcpp_components::component
[4.866s]       rclcpp_components::component_manager
[4.866s]       rclcpp_lifecycle::rclcpp_lifecycle
[4.866s]       sensor_msgs::sensor_msgs_library
[4.866s]     )
[4.866s] 
[4.866s] Call Stack (most recent call first):
[4.866s]   CMakeLists.txt:81 (ament_target_dependencies)
[4.866s] 
[4.866s] [0m
[4.870s] [0mCMake Deprecation Warning at /opt/ros/kilted/share/ament_cmake_target_dependencies/cmake/ament_target_dependencies.cmake:87 (message):
[4.870s]   ament_target_dependencies() is deprecated.  Use target_link_libraries()
[4.870s]   with modern CMake targets instead.  Try replacing this call with:
[4.870s] 
[4.870s]     target_link_libraries(cia402_driver PUBLIC
[4.870s]       ${canopen_interfaces_TARGETS}
[4.870s]       ${sensor_msgs_TARGETS}
[4.870s]       ${std_srvs_TARGETS}
[4.870s]       canopen_base_driver::base_driver
[4.870s]       canopen_base_driver::lely_driver_bridge
[4.870s]       canopen_base_driver::lifecycle_base_driver
[4.870s]       canopen_base_driver::node_canopen_base_driver
[4.870s]       canopen_core::device_container
[4.870s]       canopen_core::node_canopen_driver
[4.870s]       canopen_core::node_canopen_master
[4.870s]       canopen_proxy_driver::lifecycle_proxy_driver
[4.870s]       canopen_proxy_driver::node_canopen_proxy_driver
[4.870s]       canopen_proxy_driver::proxy_driver
[4.870s]       rclcpp::rclcpp
[4.870s]       rclcpp_components::component
[4.870s]       rclcpp_components::component_manager
[4.870s]       rclcpp_lifecycle::rclcpp_lifecycle
[4.870s]       sensor_msgs::sensor_msgs_library
[4.870s]     )
[4.870s] 
[4.870s] Call Stack (most recent call first):
[4.870s]   CMakeLists.txt:108 (ament_target_dependencies)
[4.870s] 
[4.870s] [0m
[4.877s] -- Found gtest sources under '/opt/ros/kilted/src/gtest_vendor': C++ tests using 'Google Test' will be built
[4.878s] -- Found Threads: TRUE  
[4.879s] [0mCMake Deprecation Warning at /opt/ros/kilted/share/ament_cmake_target_dependencies/cmake/ament_target_dependencies.cmake:87 (message):
[4.879s]   ament_target_dependencies() is deprecated.  Use target_link_libraries()
[4.879s]   with modern CMake targets instead.  Try replacing this call with:
[4.879s] 
[4.879s]     target_link_libraries(test_driver_component PUBLIC
[4.879s]       ${canopen_interfaces_TARGETS}
[4.879s]       ${sensor_msgs_TARGETS}
[4.879s]       ${std_srvs_TARGETS}
[4.879s]       canopen_base_driver::base_driver
[4.879s]       canopen_base_driver::lely_driver_bridge
[4.879s]       canopen_base_driver::lifecycle_base_driver
[4.879s]       canopen_base_driver::node_canopen_base_driver
[4.879s]       canopen_core::device_container
[4.879s]       canopen_core::node_canopen_driver
[4.879s]       canopen_core::node_canopen_master
[4.879s]       canopen_proxy_driver::lifecycle_proxy_driver
[4.880s]       canopen_proxy_driver::node_canopen_proxy_driver
[4.880s]       canopen_proxy_driver::proxy_driver
[4.880s]       rclcpp::rclcpp
[4.880s]       rclcpp_components::component
[4.880s]       rclcpp_components::component_manager
[4.880s]       rclcpp_lifecycle::rclcpp_lifecycle
[4.880s]       sensor_msgs::sensor_msgs_library
[4.880s]     )
[4.880s] 
[4.880s] Call Stack (most recent call first):
[4.880s]   test/CMakeLists.txt:4 (ament_target_dependencies)
[4.880s] 
[4.880s] [0m
[4.944s] -- Configuring done (4.0s)
[4.978s] -- Generating done (0.0s)
[4.987s] -- Build files have been written to: /home/ishaan/eboat_src/build/canopen_402_driver
[4.998s] Invoked command in '/home/ishaan/eboat_src/build/canopen_402_driver' returned '0': AMENT_PREFIX_PATH=/home/ishaan/eboat_src/install/canopen_proxy_driver:/home/ishaan/eboat_src/install/canopen_base_driver:/home/ishaan/eboat_src/install/canopen_core:/home/ishaan/eboat_src/install/lely_core_libraries:/home/ishaan/eboat_src/install/canopen_interfaces:${AMENT_PREFIX_PATH} CMAKE_PREFIX_PATH=/home/ishaan/eboat_src/install/canopen_proxy_driver:/home/ishaan/eboat_src/install/canopen_base_driver:/home/ishaan/eboat_src/install/canopen_core:/home/ishaan/eboat_src/install/lely_core_libraries:/home/ishaan/eboat_src/install/canopen_interfaces:/home/ishaan/eboat_src/ros_ws/install/canopen_tests:/home/ishaan/eboat_src/ros_ws/install/canopen_ros2_controllers:/home/ishaan/eboat_src/ros_ws/install/canopen_ros2_control:/home/ishaan/eboat_src/ros_ws/install/canopen:/home/ishaan/eboat_src/ros_ws/install/canopen_402_driver:/home/ishaan/eboat_src/ros_ws/install/canopen_proxy_driver:/home/ishaan/eboat_src/ros_ws/install/canopen_master_driver:/home/ishaan/eboat_src/ros_ws/install/canopen_fake_slaves:/home/ishaan/eboat_src/ros_ws/install/canopen_base_driver:/home/ishaan/eboat_src/ros_ws/install/canopen_core:/home/ishaan/eboat_src/ros_ws/install/lely_core_libraries:/home/ishaan/eboat_src/ros_ws/install/canopen_interfaces:/home/ishaan/eboat_src/ros_ws/install/boat_data_interfaces:/opt/ros/kilted/opt/sdformat_vendor:/opt/ros/kilted/opt/gz_math_vendor:/opt/ros/kilted/opt/gz_utils_vendor:/opt/ros/kilted/opt/gz_tools_vendor:/opt/ros/kilted/opt/gz_cmake_vendor:/home/ishaan/eboat_src/ros_ws/install/shore_comms:/home/ishaan/eboat_src/ros_ws/install/motor_node_test:/home/ishaan/eboat_src/ros_ws/install/motor_node:/home/ishaan/eboat_src/ros_ws/install/motion_node_test:/home/ishaan/eboat_src/ros_ws/install/motion_node:/home/ishaan/eboat_src/ros_ws/install/electrical_node_test:/home/ishaan/eboat_src/ros_ws/install/electrical_node:/home/ishaan/eboat_src/ros_ws/install/canopen_utils:/home/ishaan/eboat_src/ros_ws/install/alarms_watchdog_node:/home/ishaan/eboat_src/ros_ws/install/GPIO_Test:/opt/ros/kilted LD_LIBRARY_PATH=/home/ishaan/eboat_src/install/canopen_proxy_driver/lib:/home/ishaan/eboat_src/install/canopen_base_driver/lib:/home/ishaan/eboat_src/install/canopen_core/lib:/home/ishaan/eboat_src/install/lely_core_libraries/lib:/home/ishaan/eboat_src/install/canopen_interfaces/lib:${LD_LIBRARY_PATH} PATH=/home/ishaan/eboat_src/install/lely_core_libraries/bin:${PATH} PYTHONPATH=/home/ishaan/eboat_src/install/lely_core_libraries/lib/python3.12/site-packages:/home/ishaan/eboat_src/install/canopen_interfaces/lib/python3.12/site-packages:${PYTHONPATH} /usr/bin/cmake /home/ishaan/eboat_src/ros_ws/src/ros2_canopen/canopen_402_driver -DCMAKE_INSTALL_PREFIX=/home/ishaan/eboat_src/install/canopen_402_driver
[4.999s] Invoking command in '/home/ishaan/eboat_src/build/canopen_402_driver': AMENT_PREFIX_PATH=/home/ishaan/eboat_src/install/canopen_proxy_driver:/home/ishaan/eboat_src/install/canopen_base_driver:/home/ishaan/eboat_src/install/canopen_core:/home/ishaan/eboat_src/install/lely_core_libraries:/home/ishaan/eboat_src/install/canopen_interfaces:${AMENT_PREFIX_PATH} CMAKE_PREFIX_PATH=/home/ishaan/eboat_src/install/canopen_proxy_driver:/home/ishaan/eboat_src/install/canopen_base_driver:/home/ishaan/eboat_src/install/canopen_core:/home/ishaan/eboat_src/install/lely_core_libraries:/home/ishaan/eboat_src/install/canopen_interfaces:/home/ishaan/eboat_src/ros_ws/install/canopen_tests:/home/ishaan/eboat_src/ros_ws/install/canopen_ros2_controllers:/home/ishaan/eboat_src/ros_ws/install/canopen_ros2_control:/home/ishaan/eboat_src/ros_ws/install/canopen:/home/ishaan/eboat_src/ros_ws/install/canopen_402_driver:/home/ishaan/eboat_src/ros_ws/install/canopen_proxy_driver:/home/ishaan/eboat_src/ros_ws/install/canopen_master_driver:/home/ishaan/eboat_src/ros_ws/install/canopen_fake_slaves:/home/ishaan/eboat_src/ros_ws/install/canopen_base_driver:/home/ishaan/eboat_src/ros_ws/install/canopen_core:/home/ishaan/eboat_src/ros_ws/install/lely_core_libraries:/home/ishaan/eboat_src/ros_ws/install/canopen_interfaces:/home/ishaan/eboat_src/ros_ws/install/boat_data_interfaces:/opt/ros/kilted/opt/sdformat_vendor:/opt/ros/kilted/opt/gz_math_vendor:/opt/ros/kilted/opt/gz_utils_vendor:/opt/ros/kilted/opt/gz_tools_vendor:/opt/ros/kilted/opt/gz_cmake_vendor:/home/ishaan/eboat_src/ros_ws/install/shore_comms:/home/ishaan/eboat_src/ros_ws/install/motor_node_test:/home/ishaan/eboat_src/ros_ws/install/motor_node:/home/ishaan/eboat_src/ros_ws/install/motion_node_test:/home/ishaan/eboat_src/ros_ws/install/motion_node:/home/ishaan/eboat_src/ros_ws/install/electrical_node_test:/home/ishaan/eboat_src/ros_ws/install/electrical_node:/home/ishaan/eboat_src/ros_ws/install/canopen_utils:/home/ishaan/eboat_src/ros_ws/install/alarms_watchdog_node:/home/ishaan/eboat_src/ros_ws/install/GPIO_Test:/opt/ros/kilted LD_LIBRARY_PATH=/home/ishaan/eboat_src/install/canopen_proxy_driver/lib:/home/ishaan/eboat_src/install/canopen_base_driver/lib:/home/ishaan/eboat_src/install/canopen_core/lib:/home/ishaan/eboat_src/install/lely_core_libraries/lib:/home/ishaan/eboat_src/install/canopen_interfaces/lib:${LD_LIBRARY_PATH} PATH=/home/ishaan/eboat_src/install/lely_core_libraries/bin:${PATH} PYTHONPATH=/home/ishaan/eboat_src/install/lely_core_libraries/lib/python3.12/site-packages:/home/ishaan/eboat_src/install/canopen_interfaces/lib/python3.12/site-packages:${PYTHONPATH} /usr/bin/cmake --build /home/ishaan/eboat_src/build/canopen_402_driver -- -j16 -l16
[5.037s] [  5%] [32mBuilding CXX object gtest/CMakeFiles/gtest.dir/src/gtest-all.cc.o[0m
[5.037s] [ 11%] [32mBuilding CXX object CMakeFiles/lely_motion_controller_bridge.dir/src/state.cpp.o[0m
[5.037s] [ 17%] [32mBuilding CXX object gtest/CMakeFiles/gtest_main.dir/src/gtest_main.cc.o[0m
[5.038s] [ 23%] [32mBuilding CXX object CMakeFiles/lely_motion_controller_bridge.dir/src/motor.cpp.o[0m
[5.038s] [ 29%] [32mBuilding CXX object CMakeFiles/lely_motion_controller_bridge.dir/src/command.cpp.o[0m
[5.038s] [ 35%] [32mBuilding CXX object CMakeFiles/lely_motion_controller_bridge.dir/src/default_homing_mode.cpp.o[0m
[5.663s] [ 41%] [32m[1mLinking CXX static library libgtest_main.a[0m
[5.691s] [ 41%] Built target gtest_main
[7.763s] [ 47%] [32m[1mLinking CXX static library libgtest.a[0m
[7.804s] [ 47%] Built target gtest
[7.821s] [ 52%] [32mBuilding CXX object test/CMakeFiles/test_driver_component.dir/test_driver_component.cpp.o[0m
[10.588s] [ 58%] [32m[1mLinking CXX shared library liblely_motion_controller_bridge.so[0m
[10.905s] [ 58%] Built target lely_motion_controller_bridge
[10.921s] [ 64%] [32mBuilding CXX object CMakeFiles/node_canopen_cia402_driver.dir/src/node_interfaces/node_canopen_402_driver.cpp.o[0m
[12.364s] [ 70%] [32m[1mLinking CXX executable test_driver_component[0m
[12.666s] [ 70%] Built target test_driver_component
[18.122s] [ 76%] [32m[1mLinking CXX shared library libnode_canopen_cia402_driver.so[0m
[18.616s] [ 76%] Built target node_canopen_cia402_driver
[18.632s] [ 88%] [32mBuilding CXX object CMakeFiles/lifecycle_cia402_driver.dir/src/lifecycle_cia402_driver.cpp.o[0m
[18.632s] [ 88%] [32mBuilding CXX object CMakeFiles/cia402_driver.dir/src/cia402_driver.cpp.o[0m
[23.686s] [ 94%] [32m[1mLinking CXX shared library libcia402_driver.so[0m
[23.727s] [100%] [32m[1mLinking CXX shared library liblifecycle_cia402_driver.so[0m
[24.015s] [100%] Built target cia402_driver
[24.046s] [100%] Built target lifecycle_cia402_driver
[24.055s] Invoked command in '/home/ishaan/eboat_src/build/canopen_402_driver' returned '0': AMENT_PREFIX_PATH=/home/ishaan/eboat_src/install/canopen_proxy_driver:/home/ishaan/eboat_src/install/canopen_base_driver:/home/ishaan/eboat_src/install/canopen_core:/home/ishaan/eboat_src/install/lely_core_libraries:/home/ishaan/eboat_src/install/canopen_interfaces:${AMENT_PREFIX_PATH} CMAKE_PREFIX_PATH=/home/ishaan/eboat_src/install/canopen_proxy_driver:/home/ishaan/eboat_src/install/canopen_base_driver:/home/ishaan/eboat_src/install/canopen_core:/home/ishaan/eboat_src/install/lely_core_libraries:/home/ishaan/eboat_src/install/canopen_interfaces:/home/ishaan/eboat_src/ros_ws/install/canopen_tests:/home/ishaan/eboat_src/ros_ws/install/canopen_ros2_controllers:/home/ishaan/eboat_src/ros_ws/install/canopen_ros2_control:/home/ishaan/eboat_src/ros_ws/install/canopen:/home/ishaan/eboat_src/ros_ws/install/canopen_402_driver:/home/ishaan/eboat_src/ros_ws/install/canopen_proxy_driver:/home/ishaan/eboat_src/ros_ws/install/canopen_master_driver:/home/ishaan/eboat_src/ros_ws/install/canopen_fake_slaves:/home/ishaan/eboat_src/ros_ws/install/canopen_base_driver:/home/ishaan/eboat_src/ros_ws/install/canopen_core:/home/ishaan/eboat_src/ros_ws/install/lely_core_libraries:/home/ishaan/eboat_src/ros_ws/install/canopen_interfaces:/home/ishaan/eboat_src/ros_ws/install/boat_data_interfaces:/opt/ros/kilted/opt/sdformat_vendor:/opt/ros/kilted/opt/gz_math_vendor:/opt/ros/kilted/opt/gz_utils_vendor:/opt/ros/kilted/opt/gz_tools_vendor:/opt/ros/kilted/opt/gz_cmake_vendor:/home/ishaan/eboat_src/ros_ws/install/shore_comms:/home/ishaan/eboat_src/ros_ws/install/motor_node_test:/home/ishaan/eboat_src/ros_ws/install/motor_node:/home/ishaan/eboat_src/ros_ws/install/motion_node_test:/home/ishaan/eboat_src/ros_ws/install/motion_node:/home/ishaan/eboat_src/ros_ws/install/electrical_node_test:/home/ishaan/eboat_src/ros_ws/install/electrical_node:/home/ishaan/eboat_src/ros_ws/install/canopen_utils:/home/ishaan/eboat_src/ros_ws/install/alarms_watchdog_node:/home/ishaan/eboat_src/ros_ws/install/GPIO_Test:/opt/ros/kilted LD_LIBRARY_PATH=/home/ishaan/eboat_src/install/canopen_proxy_driver/lib:/home/ishaan/eboat_src/install/canopen_base_driver/lib:/home/ishaan/eboat_src/install/canopen_core/lib:/home/ishaan/eboat_src/install/lely_core_libraries/lib:/home/ishaan/eboat_src/install/canopen_interfaces/lib:${LD_LIBRARY_PATH} PATH=/home/ishaan/eboat_src/install/lely_core_libraries/bin:${PATH} PYTHONPATH=/home/ishaan/eboat_src/install/lely_core_libraries/lib/python3.12/site-packages:/home/ishaan/eboat_src/install/canopen_interfaces/lib/python3.12/site-packages:${PYTHONPATH} /usr/bin/cmake --build /home/ishaan/eboat_src/build/canopen_402_driver -- -j16 -l16
[24.056s] Invoking command in '/home/ishaan/eboat_src/build/canopen_402_driver': AMENT_PREFIX_PATH=/home/ishaan/eboat_src/install/canopen_proxy_driver:/home/ishaan/eboat_src/install/canopen_base_driver:/home/ishaan/eboat_src/install/canopen_core:/home/ishaan/eboat_src/install/lely_core_libraries:/home/ishaan/eboat_src/install/canopen_interfaces:${AMENT_PREFIX_PATH} CMAKE_PREFIX_PATH=/home/ishaan/eboat_src/install/canopen_proxy_driver:/home/ishaan/eboat_src/install/canopen_base_driver:/home/ishaan/eboat_src/install/canopen_core:/home/ishaan/eboat_src/install/lely_core_libraries:/home/ishaan/eboat_src/install/canopen_interfaces:/home/ishaan/eboat_src/ros_ws/install/canopen_tests:/home/ishaan/eboat_src/ros_ws/install/canopen_ros2_controllers:/home/ishaan/eboat_src/ros_ws/install/canopen_ros2_control:/home/ishaan/eboat_src/ros_ws/install/canopen:/home/ishaan/eboat_src/ros_ws/install/canopen_402_driver:/home/ishaan/eboat_src/ros_ws/install/canopen_proxy_driver:/home/ishaan/eboat_src/ros_ws/install/canopen_master_driver:/home/ishaan/eboat_src/ros_ws/install/canopen_fake_slaves:/home/ishaan/eboat_src/ros_ws/install/canopen_base_driver:/home/ishaan/eboat_src/ros_ws/install/canopen_core:/home/ishaan/eboat_src/ros_ws/install/lely_core_libraries:/home/ishaan/eboat_src/ros_ws/install/canopen_interfaces:/home/ishaan/eboat_src/ros_ws/install/boat_data_interfaces:/opt/ros/kilted/opt/sdformat_vendor:/opt/ros/kilted/opt/gz_math_vendor:/opt/ros/kilted/opt/gz_utils_vendor:/opt/ros/kilted/opt/gz_tools_vendor:/opt/ros/kilted/opt/gz_cmake_vendor:/home/ishaan/eboat_src/ros_ws/install/shore_comms:/home/ishaan/eboat_src/ros_ws/install/motor_node_test:/home/ishaan/eboat_src/ros_ws/install/motor_node:/home/ishaan/eboat_src/ros_ws/install/motion_node_test:/home/ishaan/eboat_src/ros_ws/install/motion_node:/home/ishaan/eboat_src/ros_ws/install/electrical_node_test:/home/ishaan/eboat_src/ros_ws/install/electrical_node:/home/ishaan/eboat_src/ros_ws/install/canopen_utils:/home/ishaan/eboat_src/ros_ws/install/alarms_watchdog_node:/home/ishaan/eboat_src/ros_ws/install/GPIO_Test:/opt/ros/kilted LD_LIBRARY_PATH=/home/ishaan/eboat_src/install/canopen_proxy_driver/lib:/home/ishaan/eboat_src/install/canopen_base_driver/lib:/home/ishaan/eboat_src/install/canopen_core/lib:/home/ishaan/eboat_src/install/lely_core_libraries/lib:/home/ishaan/eboat_src/install/canopen_interfaces/lib:${LD_LIBRARY_PATH} PATH=/home/ishaan/eboat_src/install/lely_core_libraries/bin:${PATH} PYTHONPATH=/home/ishaan/eboat_src/install/lely_core_libraries/lib/python3.12/site-packages:/home/ishaan/eboat_src/install/canopen_interfaces/lib/python3.12/site-packages:${PYTHONPATH} /usr/bin/cmake --install /home/ishaan/eboat_src/build/canopen_402_driver
[24.062s] -- Install configuration: ""
[24.062s] -- Installing: /home/ishaan/eboat_src/install/canopen_402_driver/include
[24.062s] -- Installing: /home/ishaan/eboat_src/install/canopen_402_driver/include/canopen_402_driver
[24.062s] -- Installing: /home/ishaan/eboat_src/install/canopen_402_driver/include/canopen_402_driver/mode.hpp
[24.062s] -- Installing: /home/ishaan/eboat_src/install/canopen_402_driver/include/canopen_402_driver/command.hpp
[24.062s] -- Installing: /home/ishaan/eboat_src/install/canopen_402_driver/include/canopen_402_driver/mode_forward_helper.hpp
[24.063s] -- Installing: /home/ishaan/eboat_src/install/canopen_402_driver/include/canopen_402_driver/visibility_control.h
[24.063s] -- Installing: /home/ishaan/eboat_src/install/canopen_402_driver/include/canopen_402_driver/word_accessor.hpp
[24.063s] -- Installing: /home/ishaan/eboat_src/install/canopen_402_driver/include/canopen_402_driver/lifecycle_cia402_driver.hpp
[24.063s] -- Installing: /home/ishaan/eboat_src/install/canopen_402_driver/include/canopen_402_driver/base.hpp
[24.063s] -- Installing: /home/ishaan/eboat_src/install/canopen_402_driver/include/canopen_402_driver/state.hpp
[24.064s] -- Installing: /home/ishaan/eboat_src/install/canopen_402_driver/include/canopen_402_driver/homing_mode.hpp
[24.064s] -- Installing: /home/ishaan/eboat_src/install/canopen_402_driver/include/canopen_402_driver/motor.hpp
[24.064s] -- Installing: /home/ishaan/eboat_src/install/canopen_402_driver/include/canopen_402_driver/default_homing_mode.hpp
[24.064s] -- Installing: /home/ishaan/eboat_src/install/canopen_402_driver/include/canopen_402_driver/profiled_position_mode.hpp
[24.064s] -- Installing: /home/ishaan/eboat_src/install/canopen_402_driver/include/canopen_402_driver/mode_target_helper.hpp
[24.064s] -- Installing: /home/ishaan/eboat_src/install/canopen_402_driver/include/canopen_402_driver/cia402_driver.hpp
[24.064s] -- Installing: /home/ishaan/eboat_src/install/canopen_402_driver/include/canopen_402_driver/node_interfaces
[24.064s] -- Installing: /home/ishaan/eboat_src/install/canopen_402_driver/include/canopen_402_driver/node_interfaces/node_canopen_402_driver_impl.hpp
[24.064s] -- Installing: /home/ishaan/eboat_src/install/canopen_402_driver/include/canopen_402_driver/node_interfaces/node_canopen_402_driver.hpp
[24.064s] -- Installing: /home/ishaan/eboat_src/install/canopen_402_driver/lib/liblifecycle_cia402_driver.so
[24.065s] -- Set non-toolchain portion of runtime path of "/home/ishaan/eboat_src/install/canopen_402_driver/lib/liblifecycle_cia402_driver.so" to ""
[24.065s] -- Installing: /home/ishaan/eboat_src/install/canopen_402_driver/lib/libcia402_driver.so
[24.066s] -- Set non-toolchain portion of runtime path of "/home/ishaan/eboat_src/install/canopen_402_driver/lib/libcia402_driver.so" to ""
[24.066s] -- Installing: /home/ishaan/eboat_src/install/canopen_402_driver/lib/libnode_canopen_cia402_driver.so
[24.068s] -- Set non-toolchain portion of runtime path of "/home/ishaan/eboat_src/install/canopen_402_driver/lib/libnode_canopen_cia402_driver.so" to ""
[24.068s] -- Installing: /home/ishaan/eboat_src/install/canopen_402_driver/lib/liblely_motion_controller_bridge.so
[24.069s] -- Set non-toolchain portion of runtime path of "/home/ishaan/eboat_src/install/canopen_402_driver/lib/liblely_motion_controller_bridge.so" to ""
[24.069s] -- Installing: /home/ishaan/eboat_src/install/canopen_402_driver/share/canopen_402_driver/environment/library_path.sh
[24.069s] -- Installing: /home/ishaan/eboat_src/install/canopen_402_driver/share/canopen_402_driver/environment/library_path.dsv
[24.070s] -- Installing: /home/ishaan/eboat_src/install/canopen_402_driver/share/ament_index/resource_index/package_run_dependencies/canopen_402_driver
[24.070s] -- Installing: /home/ishaan/eboat_src/install/canopen_402_driver/share/ament_index/resource_index/parent_prefix_path/canopen_402_driver
[24.070s] -- Installing: /home/ishaan/eboat_src/install/canopen_402_driver/share/canopen_402_driver/environment/ament_prefix_path.sh
[24.070s] -- Installing: /home/ishaan/eboat_src/install/canopen_402_driver/share/canopen_402_driver/environment/ament_prefix_path.dsv
[24.070s] -- Installing: /home/ishaan/eboat_src/install/canopen_402_driver/share/canopen_402_driver/environment/path.sh
[24.070s] -- Installing: /home/ishaan/eboat_src/install/canopen_402_driver/share/canopen_402_driver/environment/path.dsv
[24.071s] -- Installing: /home/ishaan/eboat_src/install/canopen_402_driver/share/canopen_402_driver/local_setup.bash
[24.071s] -- Installing: /home/ishaan/eboat_src/install/canopen_402_driver/share/canopen_402_driver/local_setup.sh
[24.071s] -- Installing: /home/ishaan/eboat_src/install/canopen_402_driver/share/canopen_402_driver/local_setup.zsh
[24.071s] -- Installing: /home/ishaan/eboat_src/install/canopen_402_driver/share/canopen_402_driver/local_setup.dsv
[24.071s] -- Installing: /home/ishaan/eboat_src/install/canopen_402_driver/share/canopen_402_driver/package.dsv
[24.071s] -- Installing: /home/ishaan/eboat_src/install/canopen_402_driver/share/ament_index/resource_index/packages/canopen_402_driver
[24.072s] -- Installing: /home/ishaan/eboat_src/install/canopen_402_driver/share/ament_index/resource_index/rclcpp_components/canopen_402_driver
[24.072s] -- Installing: /home/ishaan/eboat_src/install/canopen_402_driver/share/canopen_402_driver/cmake/export_canopen_402_driverExport.cmake
[24.072s] -- Installing: /home/ishaan/eboat_src/install/canopen_402_driver/share/canopen_402_driver/cmake/export_canopen_402_driverExport-noconfig.cmake
[24.072s] -- Installing: /home/ishaan/eboat_src/install/canopen_402_driver/share/canopen_402_driver/cmake/ament_cmake_export_include_directories-extras.cmake
[24.072s] -- Installing: /home/ishaan/eboat_src/install/canopen_402_driver/share/canopen_402_driver/cmake/ament_cmake_export_libraries-extras.cmake
[24.072s] -- Installing: /home/ishaan/eboat_src/install/canopen_402_driver/share/canopen_402_driver/cmake/ament_cmake_export_targets-extras.cmake
[24.072s] -- Installing: /home/ishaan/eboat_src/install/canopen_402_driver/share/canopen_402_driver/cmake/ament_cmake_export_dependencies-extras.cmake
[24.073s] -- Installing: /home/ishaan/eboat_src/install/canopen_402_driver/share/canopen_402_driver/cmake/canopen_402_driverConfig.cmake
[24.073s] -- Installing: /home/ishaan/eboat_src/install/canopen_402_driver/share/canopen_402_driver/cmake/canopen_402_driverConfig-version.cmake
[24.073s] -- Installing: /home/ishaan/eboat_src/install/canopen_402_driver/share/canopen_402_driver/package.xml
[24.075s] Invoked command in '/home/ishaan/eboat_src/build/canopen_402_driver' returned '0': AMENT_PREFIX_PATH=/home/ishaan/eboat_src/install/canopen_proxy_driver:/home/ishaan/eboat_src/install/canopen_base_driver:/home/ishaan/eboat_src/install/canopen_core:/home/ishaan/eboat_src/install/lely_core_libraries:/home/ishaan/eboat_src/install/canopen_interfaces:${AMENT_PREFIX_PATH} CMAKE_PREFIX_PATH=/home/ishaan/eboat_src/install/canopen_proxy_driver:/home/ishaan/eboat_src/install/canopen_base_driver:/home/ishaan/eboat_src/install/canopen_core:/home/ishaan/eboat_src/install/lely_core_libraries:/home/ishaan/eboat_src/install/canopen_interfaces:/home/ishaan/eboat_src/ros_ws/install/canopen_tests:/home/ishaan/eboat_src/ros_ws/install/canopen_ros2_controllers:/home/ishaan/eboat_src/ros_ws/install/canopen_ros2_control:/home/ishaan/eboat_src/ros_ws/install/canopen:/home/ishaan/eboat_src/ros_ws/install/canopen_402_driver:/home/ishaan/eboat_src/ros_ws/install/canopen_proxy_driver:/home/ishaan/eboat_src/ros_ws/install/canopen_master_driver:/home/ishaan/eboat_src/ros_ws/install/canopen_fake_slaves:/home/ishaan/eboat_src/ros_ws/install/canopen_base_driver:/home/ishaan/eboat_src/ros_ws/install/canopen_core:/home/ishaan/eboat_src/ros_ws/install/lely_core_libraries:/home/ishaan/eboat_src/ros_ws/install/canopen_interfaces:/home/ishaan/eboat_src/ros_ws/install/boat_data_interfaces:/opt/ros/kilted/opt/sdformat_vendor:/opt/ros/kilted/opt/gz_math_vendor:/opt/ros/kilted/opt/gz_utils_vendor:/opt/ros/kilted/opt/gz_tools_vendor:/opt/ros/kilted/opt/gz_cmake_vendor:/home/ishaan/eboat_src/ros_ws/install/shore_comms:/home/ishaan/eboat_src/ros_ws/install/motor_node_test:/home/ishaan/eboat_src/ros_ws/install/motor_node:/home/ishaan/eboat_src/ros_ws/install/motion_node_test:/home/ishaan/eboat_src/ros_ws/install/motion_node:/home/ishaan/eboat_src/ros_ws/install/electrical_node_test:/home/ishaan/eboat_src/ros_ws/install/electrical_node:/home/ishaan/eboat_src/ros_ws/install/canopen_utils:/home/ishaan/eboat_src/ros_ws/install/alarms_watchdog_node:/home/ishaan/eboat_src/ros_ws/install/GPIO_Test:/opt/ros/kilted LD_LIBRARY_PATH=/home/ishaan/eboat_src/install/canopen_proxy_driver/lib:/home/ishaan/eboat_src/install/canopen_base_driver/lib:/home/ishaan/eboat_src/install/canopen_core/lib:/home/ishaan/eboat_src/install/lely_core_libraries/lib:/home/ishaan/eboat_src/install/canopen_interfaces/lib:${LD_LIBRARY_PATH} PATH=/home/ishaan/eboat_src/install/lely_core_libraries/bin:${PATH} PYTHONPATH=/home/ishaan/eboat_src/install/lely_core_libraries/lib/python3.12/site-packages:/home/ishaan/eboat_src/install/canopen_interfaces/lib/python3.12/site-packages:${PYTHONPATH} /usr/bin/cmake --install /home/ishaan/eboat_src/build/canopen_402_driver
