[31mCMake Error at /opt/ros/kilted/share/rosidl_adapter/cmake/rosidl_adapt_interfaces.cmake:57 (message):
  execute_process(/usr/bin/python3 -m rosidl_adapter --package-name
  boat_data_interfaces --arguments-file
  /home/ishaan/eboat_src/build/boat_data_interfaces/rosidl_adapter__arguments__boat_data_interfaces.json
  --output-dir
  /home/ishaan/eboat_src/build/boat_data_interfaces/rosidl_adapter/boat_data_interfaces
  --output-file
  /home/ishaan/eboat_src/build/boat_data_interfaces/rosidl_adapter/boat_data_interfaces.idls)
  returned error code 1:

  Error processing 'float32 vBat' of 'boat_data_interfaces/ElectricalData':
  ''vBat' is an invalid field name.  It should have the pattern
  '^(?!.*__)(?!.*_$)[a-z][a-z0-9_]*$''

  Traceback (most recent call last):

    File "<frozen runpy>", line 198, in _run_module_as_main
    File "<frozen runpy>", line 88, in _run_code
    File "/opt/ros/kilted/lib/python3.12/site-packages/rosidl_adapter/__main__.py", line 19, in <module>
      main()
    File "/opt/ros/kilted/lib/python3.12/site-packages/rosidl_adapter/main.py", line 54, in main
      abs_idl_file = convert_to_idl(
                     ^^^^^^^^^^^^^^^
    File "/opt/ros/kilted/lib/python3.12/site-packages/rosidl_adapter/__init__.py", line 22, in convert_to_idl
      return convert_msg_to_idl(
             ^^^^^^^^^^^^^^^^^^^
    File "/opt/ros/kilted/lib/python3.12/site-packages/rosidl_adapter/msg/__init__.py", line 32, in convert_msg_to_idl
      msg = parse_message_string(package_name, input_file.stem, content)
            ^^^^^^^^^^^^^^^^^^^^^^^^^^^^^^^^^^^^^^^^^^^^^^^^^^^^^^^^^^^^
    File "/opt/ros/kilted/lib/python3.12/site-packages/rosidl_adapter/parser.py", line 538, in parse_message_string
      fields.append(Field(
                    ^^^^^^
    File "/opt/ros/kilted/lib/python3.12/site-packages/rosidl_adapter/parser.py", line 371, in __init__
      raise NameError(

  NameError: 'vBat' is an invalid field name.  It should have the pattern
  '^(?!.*__)(?!.*_$)[a-z][a-z0-9_]*$'

Call Stack (most recent call first):
  /opt/ros/kilted/share/rosidl_cmake/cmake/rosidl_generate_interfaces.cmake:132 (rosidl_adapt_interfaces)
  CMakeLists.txt:29 (rosidl_generate_interfaces)

[0m
