[0.011s] Invoking command in '/home/ishaan/eboat_src/build/boat_data_interfaces': CMAKE_PREFIX_PATH=${CMAKE_PREFIX_PATH}:/opt/ros/kilted /usr/bin/cmake /home/ishaan/eboat_src/ros_ws/src/boat_data_interfaces -DCMAKE_INSTALL_PREFIX=/home/ishaan/eboat_src/install/boat_data_interfaces
[0.235s] -- The C compiler identification is GNU 13.3.0
[1.061s] -- The CXX compiler identification is GNU 13.3.0
[1.813s] -- Detecting C compiler ABI info
[2.104s] -- Detecting C compiler ABI info - done
[2.110s] -- Check for working C compiler: /usr/bin/cc - skipped
[2.111s] -- Detecting C compile features
[2.112s] -- Detecting C compile features - done
[2.232s] -- Detecting CXX compiler ABI info
[2.515s] -- Detecting CXX compiler ABI info - done
[2.521s] -- Check for working CXX compiler: /usr/bin/c++ - skipped
[2.521s] -- Detecting CXX compile features
[2.521s] -- Detecting CXX compile features - done
[2.538s] -- Found ament_cmake: 2.7.3 (/opt/ros/kilted/share/ament_cmake/cmake)
[2.637s] -- Found Python3: /usr/bin/python3 (found version "3.12.3") found components: Interpreter 
[2.737s] -- Found ament_lint_auto: 0.19.2 (/opt/ros/kilted/share/ament_lint_auto/cmake)
[2.820s] -- Found rosidl_default_generators: 1.7.1 (/opt/ros/kilted/share/rosidl_default_generators/cmake)
[2.827s] -- Using all available rosidl_typesupport_c: rosidl_typesupport_fastrtps_c;rosidl_typesupport_introspection_c
[3.039s] -- Using all available rosidl_typesupport_cpp: rosidl_typesupport_fastrtps_cpp;rosidl_typesupport_introspection_cpp
[3.086s] -- Found rosidl_adapter: 4.9.5 (/opt/ros/kilted/share/rosidl_adapter/cmake)
[3.294s] [31mCMake Error at /opt/ros/kilted/share/rosidl_adapter/cmake/rosidl_adapt_interfaces.cmake:57 (message):
[3.294s]   execute_process(/usr/bin/python3 -m rosidl_adapter --package-name
[3.294s]   boat_data_interfaces --arguments-file
[3.294s]   /home/ishaan/eboat_src/build/boat_data_interfaces/rosidl_adapter__arguments__boat_data_interfaces.json
[3.294s]   --output-dir
[3.294s]   /home/ishaan/eboat_src/build/boat_data_interfaces/rosidl_adapter/boat_data_interfaces
[3.294s]   --output-file
[3.294s]   /home/ishaan/eboat_src/build/boat_data_interfaces/rosidl_adapter/boat_data_interfaces.idls)
[3.294s]   returned error code 1:
[3.294s] 
[3.294s]   Error processing 'float32 vBat' of 'boat_data_interfaces/ElectricalData':
[3.294s]   ''vBat' is an invalid field name.  It should have the pattern
[3.294s]   '^(?!.*__)(?!.*_$)[a-z][a-z0-9_]*$''
[3.294s] 
[3.294s]   Traceback (most recent call last):
[3.294s] 
[3.294s]     File "<frozen runpy>", line 198, in _run_module_as_main
[3.294s]     File "<frozen runpy>", line 88, in _run_code
[3.294s]     File "/opt/ros/kilted/lib/python3.12/site-packages/rosidl_adapter/__main__.py", line 19, in <module>
[3.294s]       main()
[3.294s]     File "/opt/ros/kilted/lib/python3.12/site-packages/rosidl_adapter/main.py", line 54, in main
[3.294s]       abs_idl_file = convert_to_idl(
[3.294s]                      ^^^^^^^^^^^^^^^
[3.294s]     File "/opt/ros/kilted/lib/python3.12/site-packages/rosidl_adapter/__init__.py", line 22, in convert_to_idl
[3.294s]       return convert_msg_to_idl(
[3.295s]              ^^^^^^^^^^^^^^^^^^^
[3.295s]     File "/opt/ros/kilted/lib/python3.12/site-packages/rosidl_adapter/msg/__init__.py", line 32, in convert_msg_to_idl
[3.295s]       msg = parse_message_string(package_name, input_file.stem, content)
[3.295s]             ^^^^^^^^^^^^^^^^^^^^^^^^^^^^^^^^^^^^^^^^^^^^^^^^^^^^^^^^^^^^
[3.295s]     File "/opt/ros/kilted/lib/python3.12/site-packages/rosidl_adapter/parser.py", line 538, in parse_message_string
[3.295s]       fields.append(Field(
[3.295s]                     ^^^^^^
[3.295s]     File "/opt/ros/kilted/lib/python3.12/site-packages/rosidl_adapter/parser.py", line 371, in __init__
[3.295s]       raise NameError(
[3.295s] 
[3.295s]   NameError: 'vBat' is an invalid field name.  It should have the pattern
[3.295s]   '^(?!.*__)(?!.*_$)[a-z][a-z0-9_]*$'
[3.295s] 
[3.295s] Call Stack (most recent call first):
[3.295s]   /opt/ros/kilted/share/rosidl_cmake/cmake/rosidl_generate_interfaces.cmake:132 (rosidl_adapt_interfaces)
[3.295s]   CMakeLists.txt:29 (rosidl_generate_interfaces)
[3.295s] 
[3.295s] [0m
[3.295s] -- Configuring incomplete, errors occurred!
[3.300s] Invoked command in '/home/ishaan/eboat_src/build/boat_data_interfaces' returned '1': CMAKE_PREFIX_PATH=${CMAKE_PREFIX_PATH}:/opt/ros/kilted /usr/bin/cmake /home/ishaan/eboat_src/ros_ws/src/boat_data_interfaces -DCMAKE_INSTALL_PREFIX=/home/ishaan/eboat_src/install/boat_data_interfaces
