[0.169s] Invoking command in '/home/ishaan/eboat_src/build/examples_rclcpp_minimal_composition': CMAKE_PREFIX_PATH=${CMAKE_PREFIX_PATH}:/opt/ros/kilted /usr/bin/cmake /home/ishaan/eboat_src/ros_ws/src/examples/rclcpp/composition/minimal_composition -DCMAKE_INSTALL_PREFIX=/home/ishaan/eboat_src/install/examples_rclcpp_minimal_composition
[0.546s] -- The C compiler identification is GNU 13.3.0
[1.535s] -- The CXX compiler identification is GNU 13.3.0
[2.608s] -- Detecting C compiler ABI info
[2.999s] -- Detecting C compiler ABI info - done
[3.009s] -- Check for working C compiler: /usr/bin/cc - skipped
[3.010s] -- Detecting C compile features
[3.011s] -- Detecting C compile features - done
[3.144s] -- Detecting CXX compiler ABI info
[3.520s] -- Detecting CXX compiler ABI info - done
[3.532s] -- Check for working CXX compiler: /usr/bin/c++ - skipped
[3.534s] -- Detecting CXX compile features
[3.534s] -- Detecting CXX compile features - done
[3.536s] -- Found ament_cmake: 2.7.3 (/opt/ros/kilted/share/ament_cmake/cmake)
[3.707s] -- Found Python3: /usr/bin/python3 (found version "3.12.3") found components: Interpreter 
[3.847s] -- Found rclcpp: 29.5.2 (/opt/ros/kilted/share/rclcpp/cmake)
[4.078s] -- Found rosidl_generator_c: 4.9.5 (/opt/ros/kilted/share/rosidl_generator_c/cmake)
[4.093s] -- Found rosidl_generator_cpp: 4.9.5 (/opt/ros/kilted/share/rosidl_generator_cpp/cmake)
[4.110s] -- Using all available rosidl_typesupport_c: rosidl_typesupport_fastrtps_c;rosidl_typesupport_introspection_c
[4.129s] -- Using all available rosidl_typesupport_cpp: rosidl_typesupport_fastrtps_cpp;rosidl_typesupport_introspection_cpp
[4.220s] -- Found rmw_implementation_cmake: 7.8.2 (/opt/ros/kilted/share/rmw_implementation_cmake/cmake)
[4.223s] -- Found rmw_fastrtps_cpp: 9.3.2 (/opt/ros/kilted/share/rmw_fastrtps_cpp/cmake)
[4.342s] -- Found OpenSSL: /usr/lib/x86_64-linux-gnu/libcrypto.so (found version "3.0.13")  
[4.360s] -- Using RMW implementation 'rmw_fastrtps_cpp' as default
[4.692s] -- Found rclcpp_components: 29.5.2 (/opt/ros/kilted/share/rclcpp_components/cmake)
[4.732s] -- Found std_msgs: 5.5.0 (/opt/ros/kilted/share/std_msgs/cmake)
[4.753s] -- Found ament_lint_auto: 0.19.2 (/opt/ros/kilted/share/ament_lint_auto/cmake)
[4.934s] -- Added test 'copyright' to check source files copyright and LICENSE
[4.935s] -- Added test 'cppcheck' to perform static code analysis on C / C++ code
[4.937s] -- Configured cppcheck include dirs: /home/ishaan/eboat_src/ros_ws/src/examples/rclcpp/composition/minimal_composition/include
[4.938s] -- Configured cppcheck exclude dirs and/or files: 
[4.942s] -- Added test 'cpplint' to check C / C++ code against the Google style
[4.942s] -- Configured cpplint exclude dirs and/or files: 
[4.942s] -- Added test 'lint_cmake' to check CMake code style
[4.952s] -- Added test 'uncrustify' to check C / C++ code style
[4.952s] -- Configured uncrustify additional arguments: 
[4.952s] -- Added test 'xmllint' to check XML markup files
[4.952s] -- Configuring done (4.7s)
[4.972s] -- Generating done (0.0s)
[4.982s] -- Build files have been written to: /home/ishaan/eboat_src/build/examples_rclcpp_minimal_composition
[5.042s] Invoked command in '/home/ishaan/eboat_src/build/examples_rclcpp_minimal_composition' returned '0': CMAKE_PREFIX_PATH=${CMAKE_PREFIX_PATH}:/opt/ros/kilted /usr/bin/cmake /home/ishaan/eboat_src/ros_ws/src/examples/rclcpp/composition/minimal_composition -DCMAKE_INSTALL_PREFIX=/home/ishaan/eboat_src/install/examples_rclcpp_minimal_composition
[5.043s] Invoking command in '/home/ishaan/eboat_src/build/examples_rclcpp_minimal_composition': CMAKE_PREFIX_PATH=${CMAKE_PREFIX_PATH}:/opt/ros/kilted /usr/bin/cmake --build /home/ishaan/eboat_src/build/examples_rclcpp_minimal_composition -- -j16 -l16
[5.962s] [ 11%] [32mBuilding CXX object CMakeFiles/composition_nodes.dir/src/publisher_node.cpp.o[0m
[5.962s] [ 22%] [32mBuilding CXX object CMakeFiles/composition_nodes.dir/src/subscriber_node.cpp.o[0m
[22.308s] gmake[2]: *** [CMakeFiles/composition_nodes.dir/build.make:76: CMakeFiles/composition_nodes.dir/src/publisher_node.cpp.o] Interrupt
[22.308s] gmake[2]: *** [CMakeFiles/composition_nodes.dir/build.make:90: CMakeFiles/composition_nodes.dir/src/subscriber_node.cpp.o] Interrupt
[22.308s] gmake[1]: *** [CMakeFiles/Makefile2:143: CMakeFiles/composition_nodes.dir/all] Interrupt
[22.308s] gmake: *** [Makefile:146: all] Interrupt
