[2.185s] Invoking command in '/home/ishaan/eboat_src/ros_ws/src/alarms_watchdog_node': PYTHONPATH=/home/ishaan/eboat_src/build/alarms_watchdog_node/prefix_override:/usr/lib/python3/dist-packages/colcon_core/task/python/colcon_distutils_commands:/home/ishaan/eboat_src/install/alarms_watchdog_node/lib/python3.12/site-packages:${PYTHONPATH} /usr/bin/python3 -W ignore:setup.py install is deprecated -W ignore:easy_install command is deprecated setup.py egg_info --egg-base ../../../build/alarms_watchdog_node build --build-base /home/ishaan/eboat_src/build/alarms_watchdog_node/build install --record /home/ishaan/eboat_src/build/alarms_watchdog_node/install.log --single-version-externally-managed install_data
[2.551s] running egg_info
[2.552s] creating ../../../build/alarms_watchdog_node/alarms_watchdog_node.egg-info
[2.594s] writing ../../../build/alarms_watchdog_node/alarms_watchdog_node.egg-info/PKG-INFO
[2.595s] writing dependency_links to ../../../build/alarms_watchdog_node/alarms_watchdog_node.egg-info/dependency_links.txt
[2.595s] writing entry points to ../../../build/alarms_watchdog_node/alarms_watchdog_node.egg-info/entry_points.txt
[2.595s] writing requirements to ../../../build/alarms_watchdog_node/alarms_watchdog_node.egg-info/requires.txt
[2.595s] writing top-level names to ../../../build/alarms_watchdog_node/alarms_watchdog_node.egg-info/top_level.txt
[2.595s] writing manifest file '../../../build/alarms_watchdog_node/alarms_watchdog_node.egg-info/SOURCES.txt'
[2.653s] reading manifest file '../../../build/alarms_watchdog_node/alarms_watchdog_node.egg-info/SOURCES.txt'
[2.654s] adding license file 'LICENSE'
[2.654s] writing manifest file '../../../build/alarms_watchdog_node/alarms_watchdog_node.egg-info/SOURCES.txt'
[2.654s] running build
[2.655s] running build_py
[2.655s] creating /home/ishaan/eboat_src/build/alarms_watchdog_node/build
[2.655s] creating /home/ishaan/eboat_src/build/alarms_watchdog_node/build/lib
[2.656s] creating /home/ishaan/eboat_src/build/alarms_watchdog_node/build/lib/alarms_watchdog_node
[2.656s] copying alarms_watchdog_node/watchdog_node.py -> /home/ishaan/eboat_src/build/alarms_watchdog_node/build/lib/alarms_watchdog_node
[2.657s] copying alarms_watchdog_node/__init__.py -> /home/ishaan/eboat_src/build/alarms_watchdog_node/build/lib/alarms_watchdog_node
[2.657s] running install
[2.665s] running install_lib
[2.688s] creating /home/ishaan/eboat_src/install/alarms_watchdog_node/lib/python3.12/site-packages/alarms_watchdog_node
[2.688s] copying /home/ishaan/eboat_src/build/alarms_watchdog_node/build/lib/alarms_watchdog_node/watchdog_node.py -> /home/ishaan/eboat_src/install/alarms_watchdog_node/lib/python3.12/site-packages/alarms_watchdog_node
[2.688s] copying /home/ishaan/eboat_src/build/alarms_watchdog_node/build/lib/alarms_watchdog_node/__init__.py -> /home/ishaan/eboat_src/install/alarms_watchdog_node/lib/python3.12/site-packages/alarms_watchdog_node
[2.689s] byte-compiling /home/ishaan/eboat_src/install/alarms_watchdog_node/lib/python3.12/site-packages/alarms_watchdog_node/watchdog_node.py to watchdog_node.cpython-312.pyc
[2.690s] byte-compiling /home/ishaan/eboat_src/install/alarms_watchdog_node/lib/python3.12/site-packages/alarms_watchdog_node/__init__.py to __init__.cpython-312.pyc
[2.690s] running install_data
[2.691s] creating /home/ishaan/eboat_src/install/alarms_watchdog_node/share/ament_index
[2.691s] creating /home/ishaan/eboat_src/install/alarms_watchdog_node/share/ament_index/resource_index
[2.691s] creating /home/ishaan/eboat_src/install/alarms_watchdog_node/share/ament_index/resource_index/packages
[2.691s] copying resource/alarms_watchdog_node -> /home/ishaan/eboat_src/install/alarms_watchdog_node/share/ament_index/resource_index/packages
[2.692s] copying package.xml -> /home/ishaan/eboat_src/install/alarms_watchdog_node/share/alarms_watchdog_node
[2.692s] running install_egg_info
[2.720s] Copying ../../../build/alarms_watchdog_node/alarms_watchdog_node.egg-info to /home/ishaan/eboat_src/install/alarms_watchdog_node/lib/python3.12/site-packages/alarms_watchdog_node-0.0.0-py3.12.egg-info
[2.721s] running install_scripts
[2.886s] Installing main script to /home/ishaan/eboat_src/install/alarms_watchdog_node/lib/alarms_watchdog_node
[2.886s] writing list of installed files to '/home/ishaan/eboat_src/build/alarms_watchdog_node/install.log'
[2.973s] Invoked command in '/home/ishaan/eboat_src/ros_ws/src/alarms_watchdog_node' returned '0': PYTHONPATH=/home/ishaan/eboat_src/build/alarms_watchdog_node/prefix_override:/usr/lib/python3/dist-packages/colcon_core/task/python/colcon_distutils_commands:/home/ishaan/eboat_src/install/alarms_watchdog_node/lib/python3.12/site-packages:${PYTHONPATH} /usr/bin/python3 -W ignore:setup.py install is deprecated -W ignore:easy_install command is deprecated setup.py egg_info --egg-base ../../../build/alarms_watchdog_node build --build-base /home/ishaan/eboat_src/build/alarms_watchdog_node/build install --record /home/ishaan/eboat_src/build/alarms_watchdog_node/install.log --single-version-externally-managed install_data
