[0.929s] Invoking command in '/home/ishaan/eboat_src/ros_ws/src/shore_comms': PYTHONPATH=/home/ishaan/eboat_src/ros_ws/src/build/shore_comms/prefix_override:/usr/lib/python3/dist-packages/colcon_core/task/python/colcon_distutils_commands:/home/ishaan/eboat_src/ros_ws/src/install/shore_comms/lib/python3.12/site-packages:${PYTHONPATH} /usr/bin/python3 -W ignore:setup.py install is deprecated -W ignore:easy_install command is deprecated setup.py egg_info --egg-base ../build/shore_comms build --build-base /home/ishaan/eboat_src/ros_ws/src/build/shore_comms/build install --record /home/ishaan/eboat_src/ros_ws/src/build/shore_comms/install.log --single-version-externally-managed install_data
[1.216s] running egg_info
[1.232s] writing ../build/shore_comms/shore_comms.egg-info/PKG-INFO
[1.233s] writing dependency_links to ../build/shore_comms/shore_comms.egg-info/dependency_links.txt
[1.233s] writing entry points to ../build/shore_comms/shore_comms.egg-info/entry_points.txt
[1.233s] writing requirements to ../build/shore_comms/shore_comms.egg-info/requires.txt
[1.235s] writing top-level names to ../build/shore_comms/shore_comms.egg-info/top_level.txt
[1.266s] reading manifest file '../build/shore_comms/shore_comms.egg-info/SOURCES.txt'
[1.266s] adding license file 'LICENSE'
[1.266s] writing manifest file '../build/shore_comms/shore_comms.egg-info/SOURCES.txt'
[1.267s] running build
[1.267s] running build_py
[1.267s] copying shore_comms/main.py -> /home/ishaan/eboat_src/ros_ws/src/build/shore_comms/build/lib/shore_comms
[1.268s] running install
[1.273s] running install_lib
[1.288s] copying /home/ishaan/eboat_src/ros_ws/src/build/shore_comms/build/lib/shore_comms/main.py -> /home/ishaan/eboat_src/ros_ws/src/install/shore_comms/lib/python3.12/site-packages/shore_comms
[1.289s] byte-compiling /home/ishaan/eboat_src/ros_ws/src/install/shore_comms/lib/python3.12/site-packages/shore_comms/main.py to main.cpython-312.pyc
[1.291s] running install_data
[1.291s] running install_egg_info
[1.308s] removing '/home/ishaan/eboat_src/ros_ws/src/install/shore_comms/lib/python3.12/site-packages/shore_comms-0.0.0-py3.12.egg-info' (and everything under it)
[1.309s] Copying ../build/shore_comms/shore_comms.egg-info to /home/ishaan/eboat_src/ros_ws/src/install/shore_comms/lib/python3.12/site-packages/shore_comms-0.0.0-py3.12.egg-info
[1.309s] running install_scripts
[1.418s] Installing shore script to /home/ishaan/eboat_src/ros_ws/src/install/shore_comms/lib/shore_comms
[1.419s] writing list of installed files to '/home/ishaan/eboat_src/ros_ws/src/build/shore_comms/install.log'
[1.460s] Invoked command in '/home/ishaan/eboat_src/ros_ws/src/shore_comms' returned '0': PYTHONPATH=/home/ishaan/eboat_src/ros_ws/src/build/shore_comms/prefix_override:/usr/lib/python3/dist-packages/colcon_core/task/python/colcon_distutils_commands:/home/ishaan/eboat_src/ros_ws/src/install/shore_comms/lib/python3.12/site-packages:${PYTHONPATH} /usr/bin/python3 -W ignore:setup.py install is deprecated -W ignore:easy_install command is deprecated setup.py egg_info --egg-base ../build/shore_comms build --build-base /home/ishaan/eboat_src/ros_ws/src/build/shore_comms/build install --record /home/ishaan/eboat_src/ros_ws/src/build/shore_comms/install.log --single-version-externally-managed install_data
