[0.101s] Invoking command in '/home/ishaan/Stevens-Electric-Boatworks/ros_ws/build/examples_rclcpp_minimal_action_server': CMAKE_PREFIX_PATH=${CMAKE_PREFIX_PATH}:/home/ishaan/Stevens-Electric-Boatworks/ros_ws/install/launch_testing_examples:/home/ishaan/Stevens-Electric-Boatworks/ros_ws/install/examples_rclpy_pointcloud_publisher:/home/ishaan/Stevens-Electric-Boatworks/ros_ws/install/examples_rclpy_minimal_subscriber:/home/ishaan/Stevens-Electric-Boatworks/ros_ws/install/examples_rclpy_minimal_service:/home/ishaan/Stevens-Electric-Boatworks/ros_ws/install/examples_rclpy_minimal_publisher:/home/ishaan/Stevens-Electric-Boatworks/ros_ws/install/examples_rclpy_minimal_client:/home/ishaan/Stevens-Electric-Boatworks/ros_ws/install/examples_rclpy_minimal_action_server:/home/ishaan/Stevens-Electric-Boatworks/ros_ws/install/examples_rclpy_minimal_action_client:/home/ishaan/Stevens-Electric-Boatworks/ros_ws/install/examples_rclpy_guard_conditions:/home/ishaan/Stevens-Electric-Boatworks/ros_ws/install/examples_rclpy_executors:/opt/ros/kilted /usr/bin/cmake /home/ishaan/Stevens-Electric-Boatworks/ros_ws/src/examples/rclcpp/actions/minimal_action_server -DCMAKE_INSTALL_PREFIX=/home/ishaan/Stevens-Electric-Boatworks/ros_ws/install/examples_rclcpp_minimal_action_server
[1.255s] -- Found ament_cmake: 2.7.3 (/opt/ros/kilted/share/ament_cmake/cmake)
[1.257s] -- Override CMake install command with custom implementation using symlinks instead of copying resources
[1.257s] -- Found example_interfaces: 0.13.0 (/opt/ros/kilted/share/example_interfaces/cmake)
[1.257s] -- Found rosidl_generator_c: 4.9.5 (/opt/ros/kilted/share/rosidl_generator_c/cmake)
[1.258s] -- Found rosidl_generator_cpp: 4.9.5 (/opt/ros/kilted/share/rosidl_generator_cpp/cmake)
[1.258s] -- Using all available rosidl_typesupport_c: rosidl_typesupport_fastrtps_c;rosidl_typesupport_introspection_c
[1.259s] -- Using all available rosidl_typesupport_cpp: rosidl_typesupport_fastrtps_cpp;rosidl_typesupport_introspection_cpp
[1.259s] -- Found rclcpp: 29.5.2 (/opt/ros/kilted/share/rclcpp/cmake)
[1.260s] -- Found rmw_implementation_cmake: 7.8.2 (/opt/ros/kilted/share/rmw_implementation_cmake/cmake)
[1.260s] -- Found rmw_fastrtps_cpp: 9.3.2 (/opt/ros/kilted/share/rmw_fastrtps_cpp/cmake)
[1.261s] -- Using RMW implementation 'rmw_fastrtps_cpp' as default
[1.736s] -- Found rclcpp_action: 29.5.2 (/opt/ros/kilted/share/rclcpp_action/cmake)
[1.754s] -- Found ament_lint_auto: 0.19.2 (/opt/ros/kilted/share/ament_lint_auto/cmake)
[1.934s] -- Added test 'copyright' to check source files copyright and LICENSE
[1.935s] -- Added test 'cppcheck' to perform static code analysis on C / C++ code
[1.935s] -- Configured cppcheck include dirs: 
[1.936s] -- Configured cppcheck exclude dirs and/or files: 
[1.936s] -- Added test 'cpplint' to check C / C++ code against the Google style
[1.936s] -- Configured cpplint exclude dirs and/or files: 
[1.936s] -- Added test 'lint_cmake' to check CMake code style
[1.936s] -- Added test 'uncrustify' to check C / C++ code style
[1.937s] -- Configured uncrustify additional arguments: 
[1.937s] -- Added test 'xmllint' to check XML markup files
[1.937s] -- Configuring done (1.8s)
[1.980s] -- Generating done (0.0s)
[1.995s] -- Build files have been written to: /home/ishaan/Stevens-Electric-Boatworks/ros_ws/build/examples_rclcpp_minimal_action_server
[2.014s] Invoked command in '/home/ishaan/Stevens-Electric-Boatworks/ros_ws/build/examples_rclcpp_minimal_action_server' returned '0': CMAKE_PREFIX_PATH=${CMAKE_PREFIX_PATH}:/home/ishaan/Stevens-Electric-Boatworks/ros_ws/install/launch_testing_examples:/home/ishaan/Stevens-Electric-Boatworks/ros_ws/install/examples_rclpy_pointcloud_publisher:/home/ishaan/Stevens-Electric-Boatworks/ros_ws/install/examples_rclpy_minimal_subscriber:/home/ishaan/Stevens-Electric-Boatworks/ros_ws/install/examples_rclpy_minimal_service:/home/ishaan/Stevens-Electric-Boatworks/ros_ws/install/examples_rclpy_minimal_publisher:/home/ishaan/Stevens-Electric-Boatworks/ros_ws/install/examples_rclpy_minimal_client:/home/ishaan/Stevens-Electric-Boatworks/ros_ws/install/examples_rclpy_minimal_action_server:/home/ishaan/Stevens-Electric-Boatworks/ros_ws/install/examples_rclpy_minimal_action_client:/home/ishaan/Stevens-Electric-Boatworks/ros_ws/install/examples_rclpy_guard_conditions:/home/ishaan/Stevens-Electric-Boatworks/ros_ws/install/examples_rclpy_executors:/opt/ros/kilted /usr/bin/cmake /home/ishaan/Stevens-Electric-Boatworks/ros_ws/src/examples/rclcpp/actions/minimal_action_server -DCMAKE_INSTALL_PREFIX=/home/ishaan/Stevens-Electric-Boatworks/ros_ws/install/examples_rclcpp_minimal_action_server
[2.015s] Invoking command in '/home/ishaan/Stevens-Electric-Boatworks/ros_ws/build/examples_rclcpp_minimal_action_server': CMAKE_PREFIX_PATH=${CMAKE_PREFIX_PATH}:/home/ishaan/Stevens-Electric-Boatworks/ros_ws/install/launch_testing_examples:/home/ishaan/Stevens-Electric-Boatworks/ros_ws/install/examples_rclpy_pointcloud_publisher:/home/ishaan/Stevens-Electric-Boatworks/ros_ws/install/examples_rclpy_minimal_subscriber:/home/ishaan/Stevens-Electric-Boatworks/ros_ws/install/examples_rclpy_minimal_service:/home/ishaan/Stevens-Electric-Boatworks/ros_ws/install/examples_rclpy_minimal_publisher:/home/ishaan/Stevens-Electric-Boatworks/ros_ws/install/examples_rclpy_minimal_client:/home/ishaan/Stevens-Electric-Boatworks/ros_ws/install/examples_rclpy_minimal_action_server:/home/ishaan/Stevens-Electric-Boatworks/ros_ws/install/examples_rclpy_minimal_action_client:/home/ishaan/Stevens-Electric-Boatworks/ros_ws/install/examples_rclpy_guard_conditions:/home/ishaan/Stevens-Electric-Boatworks/ros_ws/install/examples_rclpy_executors:/opt/ros/kilted /usr/bin/cmake --build /home/ishaan/Stevens-Electric-Boatworks/ros_ws/build/examples_rclcpp_minimal_action_server -- -j16 -l16
[2.114s] [ 50%] Built target action_server_member_functions
[2.115s] [100%] Built target action_server_not_composable
[2.283s] Invoked command in '/home/ishaan/Stevens-Electric-Boatworks/ros_ws/build/examples_rclcpp_minimal_action_server' returned '0': CMAKE_PREFIX_PATH=${CMAKE_PREFIX_PATH}:/home/ishaan/Stevens-Electric-Boatworks/ros_ws/install/launch_testing_examples:/home/ishaan/Stevens-Electric-Boatworks/ros_ws/install/examples_rclpy_pointcloud_publisher:/home/ishaan/Stevens-Electric-Boatworks/ros_ws/install/examples_rclpy_minimal_subscriber:/home/ishaan/Stevens-Electric-Boatworks/ros_ws/install/examples_rclpy_minimal_service:/home/ishaan/Stevens-Electric-Boatworks/ros_ws/install/examples_rclpy_minimal_publisher:/home/ishaan/Stevens-Electric-Boatworks/ros_ws/install/examples_rclpy_minimal_client:/home/ishaan/Stevens-Electric-Boatworks/ros_ws/install/examples_rclpy_minimal_action_server:/home/ishaan/Stevens-Electric-Boatworks/ros_ws/install/examples_rclpy_minimal_action_client:/home/ishaan/Stevens-Electric-Boatworks/ros_ws/install/examples_rclpy_guard_conditions:/home/ishaan/Stevens-Electric-Boatworks/ros_ws/install/examples_rclpy_executors:/opt/ros/kilted /usr/bin/cmake --build /home/ishaan/Stevens-Electric-Boatworks/ros_ws/build/examples_rclcpp_minimal_action_server -- -j16 -l16
[2.284s] Invoking command in '/home/ishaan/Stevens-Electric-Boatworks/ros_ws/build/examples_rclcpp_minimal_action_server': CMAKE_PREFIX_PATH=${CMAKE_PREFIX_PATH}:/home/ishaan/Stevens-Electric-Boatworks/ros_ws/install/launch_testing_examples:/home/ishaan/Stevens-Electric-Boatworks/ros_ws/install/examples_rclpy_pointcloud_publisher:/home/ishaan/Stevens-Electric-Boatworks/ros_ws/install/examples_rclpy_minimal_subscriber:/home/ishaan/Stevens-Electric-Boatworks/ros_ws/install/examples_rclpy_minimal_service:/home/ishaan/Stevens-Electric-Boatworks/ros_ws/install/examples_rclpy_minimal_publisher:/home/ishaan/Stevens-Electric-Boatworks/ros_ws/install/examples_rclpy_minimal_client:/home/ishaan/Stevens-Electric-Boatworks/ros_ws/install/examples_rclpy_minimal_action_server:/home/ishaan/Stevens-Electric-Boatworks/ros_ws/install/examples_rclpy_minimal_action_client:/home/ishaan/Stevens-Electric-Boatworks/ros_ws/install/examples_rclpy_guard_conditions:/home/ishaan/Stevens-Electric-Boatworks/ros_ws/install/examples_rclpy_executors:/opt/ros/kilted /usr/bin/cmake --install /home/ishaan/Stevens-Electric-Boatworks/ros_ws/build/examples_rclcpp_minimal_action_server
[2.314s] -- Install configuration: ""
[2.315s] -- Execute custom install script
[2.315s] -- Up-to-date symlink: /home/ishaan/Stevens-Electric-Boatworks/ros_ws/install/examples_rclcpp_minimal_action_server/lib/examples_rclcpp_minimal_action_server/action_server_not_composable
[2.315s] -- Up-to-date symlink: /home/ishaan/Stevens-Electric-Boatworks/ros_ws/install/examples_rclcpp_minimal_action_server/lib/examples_rclcpp_minimal_action_server/action_server_member_functions
[2.315s] -- Up-to-date symlink: /home/ishaan/Stevens-Electric-Boatworks/ros_ws/install/examples_rclcpp_minimal_action_server/share/ament_index/resource_index/package_run_dependencies/examples_rclcpp_minimal_action_server
[2.315s] -- Up-to-date symlink: /home/ishaan/Stevens-Electric-Boatworks/ros_ws/install/examples_rclcpp_minimal_action_server/share/ament_index/resource_index/parent_prefix_path/examples_rclcpp_minimal_action_server
[2.316s] -- Up-to-date symlink: /home/ishaan/Stevens-Electric-Boatworks/ros_ws/install/examples_rclcpp_minimal_action_server/share/examples_rclcpp_minimal_action_server/environment/ament_prefix_path.sh
[2.316s] -- Up-to-date symlink: /home/ishaan/Stevens-Electric-Boatworks/ros_ws/install/examples_rclcpp_minimal_action_server/share/examples_rclcpp_minimal_action_server/environment/ament_prefix_path.dsv
[2.316s] -- Up-to-date symlink: /home/ishaan/Stevens-Electric-Boatworks/ros_ws/install/examples_rclcpp_minimal_action_server/share/examples_rclcpp_minimal_action_server/environment/path.sh
[2.317s] -- Up-to-date symlink: /home/ishaan/Stevens-Electric-Boatworks/ros_ws/install/examples_rclcpp_minimal_action_server/share/examples_rclcpp_minimal_action_server/environment/path.dsv
[2.317s] -- Up-to-date symlink: /home/ishaan/Stevens-Electric-Boatworks/ros_ws/install/examples_rclcpp_minimal_action_server/share/examples_rclcpp_minimal_action_server/local_setup.bash
[2.317s] -- Up-to-date symlink: /home/ishaan/Stevens-Electric-Boatworks/ros_ws/install/examples_rclcpp_minimal_action_server/share/examples_rclcpp_minimal_action_server/local_setup.sh
[2.317s] -- Up-to-date symlink: /home/ishaan/Stevens-Electric-Boatworks/ros_ws/install/examples_rclcpp_minimal_action_server/share/examples_rclcpp_minimal_action_server/local_setup.zsh
[2.318s] -- Up-to-date symlink: /home/ishaan/Stevens-Electric-Boatworks/ros_ws/install/examples_rclcpp_minimal_action_server/share/examples_rclcpp_minimal_action_server/local_setup.dsv
[2.318s] -- Symlinking: /home/ishaan/Stevens-Electric-Boatworks/ros_ws/install/examples_rclcpp_minimal_action_server/share/examples_rclcpp_minimal_action_server/package.dsv
[2.318s] -- Up-to-date symlink: /home/ishaan/Stevens-Electric-Boatworks/ros_ws/install/examples_rclcpp_minimal_action_server/share/ament_index/resource_index/packages/examples_rclcpp_minimal_action_server
[2.318s] -- Up-to-date symlink: /home/ishaan/Stevens-Electric-Boatworks/ros_ws/install/examples_rclcpp_minimal_action_server/share/examples_rclcpp_minimal_action_server/cmake/examples_rclcpp_minimal_action_serverConfig.cmake
[2.319s] -- Up-to-date symlink: /home/ishaan/Stevens-Electric-Boatworks/ros_ws/install/examples_rclcpp_minimal_action_server/share/examples_rclcpp_minimal_action_server/cmake/examples_rclcpp_minimal_action_serverConfig-version.cmake
[2.319s] -- Up-to-date symlink: /home/ishaan/Stevens-Electric-Boatworks/ros_ws/install/examples_rclcpp_minimal_action_server/share/examples_rclcpp_minimal_action_server/package.xml
[2.556s] Invoked command in '/home/ishaan/Stevens-Electric-Boatworks/ros_ws/build/examples_rclcpp_minimal_action_server' returned '0': CMAKE_PREFIX_PATH=${CMAKE_PREFIX_PATH}:/home/ishaan/Stevens-Electric-Boatworks/ros_ws/install/launch_testing_examples:/home/ishaan/Stevens-Electric-Boatworks/ros_ws/install/examples_rclpy_pointcloud_publisher:/home/ishaan/Stevens-Electric-Boatworks/ros_ws/install/examples_rclpy_minimal_subscriber:/home/ishaan/Stevens-Electric-Boatworks/ros_ws/install/examples_rclpy_minimal_service:/home/ishaan/Stevens-Electric-Boatworks/ros_ws/install/examples_rclpy_minimal_publisher:/home/ishaan/Stevens-Electric-Boatworks/ros_ws/install/examples_rclpy_minimal_client:/home/ishaan/Stevens-Electric-Boatworks/ros_ws/install/examples_rclpy_minimal_action_server:/home/ishaan/Stevens-Electric-Boatworks/ros_ws/install/examples_rclpy_minimal_action_client:/home/ishaan/Stevens-Electric-Boatworks/ros_ws/install/examples_rclpy_guard_conditions:/home/ishaan/Stevens-Electric-Boatworks/ros_ws/install/examples_rclpy_executors:/opt/ros/kilted /usr/bin/cmake --install /home/ishaan/Stevens-Electric-Boatworks/ros_ws/build/examples_rclcpp_minimal_action_server
