[0.175s] Invoking command in '/home/ishaan/eboat_src/build/examples_rclcpp_async_client': CMAKE_PREFIX_PATH=${CMAKE_PREFIX_PATH}:/opt/ros/kilted /usr/bin/cmake /home/ishaan/eboat_src/ros_ws/src/examples/rclcpp/services/async_client -DAMENT_CMAKE_SYMLINK_INSTALL=1 -DCMAKE_INSTALL_PREFIX=/home/ishaan/eboat_src/install/examples_rclcpp_async_client
[0.905s] -- Found ament_cmake: 2.7.3 (/opt/ros/kilted/share/ament_cmake/cmake)
[0.905s] -- Override CMake install command with custom implementation using symlinks instead of copying resources
[0.905s] -- Found example_interfaces: 0.13.0 (/opt/ros/kilted/share/example_interfaces/cmake)
[0.905s] -- Found rosidl_generator_c: 4.9.5 (/opt/ros/kilted/share/rosidl_generator_c/cmake)
[0.906s] -- Found rosidl_generator_cpp: 4.9.5 (/opt/ros/kilted/share/rosidl_generator_cpp/cmake)
[0.906s] -- Using all available rosidl_typesupport_c: rosidl_typesupport_fastrtps_c;rosidl_typesupport_introspection_c
[0.906s] -- Using all available rosidl_typesupport_cpp: rosidl_typesupport_fastrtps_cpp;rosidl_typesupport_introspection_cpp
[0.918s] -- Found rclcpp: 29.5.2 (/opt/ros/kilted/share/rclcpp/cmake)
[0.971s] -- Found rmw_implementation_cmake: 7.8.2 (/opt/ros/kilted/share/rmw_implementation_cmake/cmake)
[0.971s] -- Found rmw_fastrtps_cpp: 9.3.2 (/opt/ros/kilted/share/rmw_fastrtps_cpp/cmake)
[1.024s] -- Using RMW implementation 'rmw_fastrtps_cpp' as default
[1.338s] -- Found ament_lint_auto: 0.19.2 (/opt/ros/kilted/share/ament_lint_auto/cmake)
[1.560s] -- Added test 'copyright' to check source files copyright and LICENSE
[1.564s] -- Added test 'cppcheck' to perform static code analysis on C / C++ code
[1.564s] -- Configured cppcheck include dirs: 
[1.564s] -- Configured cppcheck exclude dirs and/or files: 
[1.564s] -- Added test 'cpplint' to check C / C++ code against the Google style
[1.566s] -- Configured cpplint exclude dirs and/or files: 
[1.566s] -- Added test 'lint_cmake' to check CMake code style
[1.566s] -- Added test 'uncrustify' to check C / C++ code style
[1.566s] -- Configured uncrustify additional arguments: 
[1.566s] -- Added test 'xmllint' to check XML markup files
[1.567s] -- Configuring done (1.3s)
[1.591s] -- Generating done (0.0s)
[1.604s] -- Build files have been written to: /home/ishaan/eboat_src/build/examples_rclcpp_async_client
[1.631s] Invoked command in '/home/ishaan/eboat_src/build/examples_rclcpp_async_client' returned '0': CMAKE_PREFIX_PATH=${CMAKE_PREFIX_PATH}:/opt/ros/kilted /usr/bin/cmake /home/ishaan/eboat_src/ros_ws/src/examples/rclcpp/services/async_client -DAMENT_CMAKE_SYMLINK_INSTALL=1 -DCMAKE_INSTALL_PREFIX=/home/ishaan/eboat_src/install/examples_rclcpp_async_client
[1.632s] Invoking command in '/home/ishaan/eboat_src/build/examples_rclcpp_async_client': CMAKE_PREFIX_PATH=${CMAKE_PREFIX_PATH}:/opt/ros/kilted /usr/bin/cmake --build /home/ishaan/eboat_src/build/examples_rclcpp_async_client -- -j16 -l16
[1.774s] [ 50%] [32mBuilding CXX object CMakeFiles/client_main.dir/main.cpp.o[0m
[6.078s] gmake[2]: *** wait: No child processes.  Stop.
[6.078s] gmake[2]: *** Waiting for unfinished jobs....
[6.078s] gmake[2]: *** wait: No child processes.  Stop.
[6.078s] gmake[1]: *** [CMakeFiles/Makefile2:137: CMakeFiles/client_main.dir/all] Error 2
[6.078s] gmake: *** [Makefile:146: all] Interrupt
