running egg_info
creating ../../../build/alarms_watchdog_node/alarms_watchdog_node.egg-info
writing ../../../build/alarms_watchdog_node/alarms_watchdog_node.egg-info/PKG-INFO
writing dependency_links to ../../../build/alarms_watchdog_node/alarms_watchdog_node.egg-info/dependency_links.txt
writing entry points to ../../../build/alarms_watchdog_node/alarms_watchdog_node.egg-info/entry_points.txt
writing requirements to ../../../build/alarms_watchdog_node/alarms_watchdog_node.egg-info/requires.txt
writing top-level names to ../../../build/alarms_watchdog_node/alarms_watchdog_node.egg-info/top_level.txt
writing manifest file '../../../build/alarms_watchdog_node/alarms_watchdog_node.egg-info/SOURCES.txt'
reading manifest file '../../../build/alarms_watchdog_node/alarms_watchdog_node.egg-info/SOURCES.txt'
adding license file 'LICENSE'
writing manifest file '../../../build/alarms_watchdog_node/alarms_watchdog_node.egg-info/SOURCES.txt'
running build
running build_py
creating /home/ishaan/eboat_src/build/alarms_watchdog_node/build
creating /home/ishaan/eboat_src/build/alarms_watchdog_node/build/lib
creating /home/ishaan/eboat_src/build/alarms_watchdog_node/build/lib/alarms_watchdog_node
copying alarms_watchdog_node/watchdog_node.py -> /home/ishaan/eboat_src/build/alarms_watchdog_node/build/lib/alarms_watchdog_node
copying alarms_watchdog_node/__init__.py -> /home/ishaan/eboat_src/build/alarms_watchdog_node/build/lib/alarms_watchdog_node
running install
running install_lib
creating /home/ishaan/eboat_src/install/alarms_watchdog_node/lib/python3.12/site-packages/alarms_watchdog_node
copying /home/ishaan/eboat_src/build/alarms_watchdog_node/build/lib/alarms_watchdog_node/watchdog_node.py -> /home/ishaan/eboat_src/install/alarms_watchdog_node/lib/python3.12/site-packages/alarms_watchdog_node
copying /home/ishaan/eboat_src/build/alarms_watchdog_node/build/lib/alarms_watchdog_node/__init__.py -> /home/ishaan/eboat_src/install/alarms_watchdog_node/lib/python3.12/site-packages/alarms_watchdog_node
byte-compiling /home/ishaan/eboat_src/install/alarms_watchdog_node/lib/python3.12/site-packages/alarms_watchdog_node/watchdog_node.py to watchdog_node.cpython-312.pyc
byte-compiling /home/ishaan/eboat_src/install/alarms_watchdog_node/lib/python3.12/site-packages/alarms_watchdog_node/__init__.py to __init__.cpython-312.pyc
running install_data
creating /home/ishaan/eboat_src/install/alarms_watchdog_node/share/ament_index
creating /home/ishaan/eboat_src/install/alarms_watchdog_node/share/ament_index/resource_index
creating /home/ishaan/eboat_src/install/alarms_watchdog_node/share/ament_index/resource_index/packages
copying resource/alarms_watchdog_node -> /home/ishaan/eboat_src/install/alarms_watchdog_node/share/ament_index/resource_index/packages
copying package.xml -> /home/ishaan/eboat_src/install/alarms_watchdog_node/share/alarms_watchdog_node
running install_egg_info
Copying ../../../build/alarms_watchdog_node/alarms_watchdog_node.egg-info to /home/ishaan/eboat_src/install/alarms_watchdog_node/lib/python3.12/site-packages/alarms_watchdog_node-0.0.0-py3.12.egg-info
running install_scripts
Installing main script to /home/ishaan/eboat_src/install/alarms_watchdog_node/lib/alarms_watchdog_node
writing list of installed files to '/home/ishaan/eboat_src/build/alarms_watchdog_node/install.log'
