[0.175s] Invoking command in '/home/ishaan/eboat_src/build/examples_rclcpp_minimal_composition': CMAKE_PREFIX_PATH=${CMAKE_PREFIX_PATH}:/opt/ros/kilted /usr/bin/cmake /home/ishaan/eboat_src/ros_ws/src/examples/rclcpp/composition/minimal_composition -DAMENT_CMAKE_SYMLINK_INSTALL=1 -DCMAKE_INSTALL_PREFIX=/home/ishaan/eboat_src/install/examples_rclcpp_minimal_composition
[0.911s] -- Found ament_cmake: 2.7.3 (/opt/ros/kilted/share/ament_cmake/cmake)
[0.912s] -- Override CMake install command with custom implementation using symlinks instead of copying resources
[0.912s] -- Found rclcpp: 29.5.2 (/opt/ros/kilted/share/rclcpp/cmake)
[0.912s] -- Found rosidl_generator_c: 4.9.5 (/opt/ros/kilted/share/rosidl_generator_c/cmake)
[0.912s] -- Found rosidl_generator_cpp: 4.9.5 (/opt/ros/kilted/share/rosidl_generator_cpp/cmake)
[0.913s] -- Using all available rosidl_typesupport_c: rosidl_typesupport_fastrtps_c;rosidl_typesupport_introspection_c
[0.913s] -- Using all available rosidl_typesupport_cpp: rosidl_typesupport_fastrtps_cpp;rosidl_typesupport_introspection_cpp
[0.913s] -- Found rmw_implementation_cmake: 7.8.2 (/opt/ros/kilted/share/rmw_implementation_cmake/cmake)
[0.913s] -- Found rmw_fastrtps_cpp: 9.3.2 (/opt/ros/kilted/share/rmw_fastrtps_cpp/cmake)
[0.953s] -- Using RMW implementation 'rmw_fastrtps_cpp' as default
[1.247s] -- Found rclcpp_components: 29.5.2 (/opt/ros/kilted/share/rclcpp_components/cmake)
[1.284s] -- Found std_msgs: 5.5.0 (/opt/ros/kilted/share/std_msgs/cmake)
[1.305s] -- Found ament_lint_auto: 0.19.2 (/opt/ros/kilted/share/ament_lint_auto/cmake)
[1.494s] -- Added test 'copyright' to check source files copyright and LICENSE
[1.498s] -- Added test 'cppcheck' to perform static code analysis on C / C++ code
[1.501s] -- Configured cppcheck include dirs: /home/ishaan/eboat_src/ros_ws/src/examples/rclcpp/composition/minimal_composition/include
[1.501s] -- Configured cppcheck exclude dirs and/or files: 
[1.502s] -- Added test 'cpplint' to check C / C++ code against the Google style
[1.502s] -- Configured cpplint exclude dirs and/or files: 
[1.502s] -- Added test 'lint_cmake' to check CMake code style
[1.502s] -- Added test 'uncrustify' to check C / C++ code style
[1.502s] -- Configured uncrustify additional arguments: 
[1.502s] -- Added test 'xmllint' to check XML markup files
[1.503s] -- Configuring done (1.3s)
[1.563s] -- Generating done (0.0s)
[1.572s] -- Build files have been written to: /home/ishaan/eboat_src/build/examples_rclcpp_minimal_composition
[1.592s] Invoked command in '/home/ishaan/eboat_src/build/examples_rclcpp_minimal_composition' returned '0': CMAKE_PREFIX_PATH=${CMAKE_PREFIX_PATH}:/opt/ros/kilted /usr/bin/cmake /home/ishaan/eboat_src/ros_ws/src/examples/rclcpp/composition/minimal_composition -DAMENT_CMAKE_SYMLINK_INSTALL=1 -DCMAKE_INSTALL_PREFIX=/home/ishaan/eboat_src/install/examples_rclcpp_minimal_composition
[1.592s] Invoking command in '/home/ishaan/eboat_src/build/examples_rclcpp_minimal_composition': CMAKE_PREFIX_PATH=${CMAKE_PREFIX_PATH}:/opt/ros/kilted /usr/bin/cmake --build /home/ishaan/eboat_src/build/examples_rclcpp_minimal_composition -- -j16 -l16
[1.731s] [ 11%] [32mBuilding CXX object CMakeFiles/composition_nodes.dir/src/publisher_node.cpp.o[0m
[1.736s] [ 22%] [32mBuilding CXX object CMakeFiles/composition_nodes.dir/src/subscriber_node.cpp.o[0m
[6.044s] gmake[2]: *** [CMakeFiles/composition_nodes.dir/build.make:76: CMakeFiles/composition_nodes.dir/src/publisher_node.cpp.o] Interrupt
[6.067s] gmake[2]: *** [CMakeFiles/composition_nodes.dir/build.make:90: CMakeFiles/composition_nodes.dir/src/subscriber_node.cpp.o] Interrupt
[6.067s] gmake[1]: *** [CMakeFiles/Makefile2:143: CMakeFiles/composition_nodes.dir/all] Interrupt
[6.067s] gmake: *** [Makefile:146: all] Interrupt
