[0.048s] Invoking command in '/home/ishaan/eboat_src/build/canopen_interfaces': CMAKE_PREFIX_PATH=${CMAKE_PREFIX_PATH}:/home/ishaan/eboat_src/ros_ws/install/canopen_utils:/home/ishaan/eboat_src/ros_ws/install/shore_comms:/home/ishaan/eboat_src/ros_ws/install/motor_node_test:/home/ishaan/eboat_src/ros_ws/install/motor_node:/home/ishaan/eboat_src/ros_ws/install/motion_node_test:/home/ishaan/eboat_src/ros_ws/install/motion_node:/home/ishaan/eboat_src/ros_ws/install/electrical_node_test:/home/ishaan/eboat_src/ros_ws/install/electrical_node:/home/ishaan/eboat_src/ros_ws/install/alarms_watchdog_node:/home/ishaan/eboat_src/ros_ws/install/GPIO_Test:/opt/ros/kilted /usr/bin/cmake /home/ishaan/eboat_src/ros_ws/src/ros2_canopen/canopen_interfaces -DCMAKE_INSTALL_PREFIX=/home/ishaan/eboat_src/install/canopen_interfaces
[0.996s] -- The C compiler identification is GNU 13.3.0
[1.475s] -- The CXX compiler identification is GNU 13.3.0
[2.774s] -- Detecting C compiler ABI info
[3.338s] -- Detecting C compiler ABI info - done
[3.346s] -- Check for working C compiler: /usr/bin/cc - skipped
[3.346s] -- Detecting C compile features
[3.347s] -- Detecting C compile features - done
[3.484s] -- Detecting CXX compiler ABI info
[4.409s] -- Detecting CXX compiler ABI info - done
[4.482s] -- Check for working CXX compiler: /usr/bin/c++ - skipped
[4.483s] -- Detecting CXX compile features
[4.484s] -- Detecting CXX compile features - done
[4.498s] -- Found ament_cmake: 2.7.3 (/opt/ros/kilted/share/ament_cmake/cmake)
[5.020s] -- Found Python3: /usr/bin/python3 (found version "3.12.3") found components: Interpreter 
[5.209s] -- Found rosidl_default_generators: 1.7.1 (/opt/ros/kilted/share/rosidl_default_generators/cmake)
[5.217s] -- Using all available rosidl_typesupport_c: rosidl_typesupport_fastrtps_c;rosidl_typesupport_introspection_c
[5.491s] -- Using all available rosidl_typesupport_cpp: rosidl_typesupport_fastrtps_cpp;rosidl_typesupport_introspection_cpp
[5.532s] -- Found rosidl_adapter: 4.9.5 (/opt/ros/kilted/share/rosidl_adapter/cmake)
[6.079s] -- Found ament_cmake_ros_core: 0.14.3 (/opt/ros/kilted/share/ament_cmake_ros_core/cmake)
[6.409s] -- Using all available rosidl_typesupport_c: rosidl_typesupport_fastrtps_c;rosidl_typesupport_introspection_c
[6.859s] -- Using all available rosidl_typesupport_cpp: rosidl_typesupport_fastrtps_cpp;rosidl_typesupport_introspection_cpp
[7.201s] -- Found Python3: /usr/bin/python3 (found version "3.12.3") found components: Interpreter Development NumPy Development.Module Development.Embed 
[7.228s] -- Found ament_lint_auto: 0.19.2 (/opt/ros/kilted/share/ament_lint_auto/cmake)
[7.254s] -- Added test 'copyright' to check source files copyright and LICENSE
[7.256s] -- Added test 'lint_cmake' to check CMake code style
[7.257s] -- Added test 'xmllint' to check XML markup files
[7.259s] -- Configuring done (7.2s)
[7.292s] -- Generating done (0.0s)
[7.299s] -- Build files have been written to: /home/ishaan/eboat_src/build/canopen_interfaces
[7.307s] Invoked command in '/home/ishaan/eboat_src/build/canopen_interfaces' returned '0': CMAKE_PREFIX_PATH=${CMAKE_PREFIX_PATH}:/home/ishaan/eboat_src/ros_ws/install/canopen_utils:/home/ishaan/eboat_src/ros_ws/install/shore_comms:/home/ishaan/eboat_src/ros_ws/install/motor_node_test:/home/ishaan/eboat_src/ros_ws/install/motor_node:/home/ishaan/eboat_src/ros_ws/install/motion_node_test:/home/ishaan/eboat_src/ros_ws/install/motion_node:/home/ishaan/eboat_src/ros_ws/install/electrical_node_test:/home/ishaan/eboat_src/ros_ws/install/electrical_node:/home/ishaan/eboat_src/ros_ws/install/alarms_watchdog_node:/home/ishaan/eboat_src/ros_ws/install/GPIO_Test:/opt/ros/kilted /usr/bin/cmake /home/ishaan/eboat_src/ros_ws/src/ros2_canopen/canopen_interfaces -DCMAKE_INSTALL_PREFIX=/home/ishaan/eboat_src/install/canopen_interfaces
[7.308s] Invoking command in '/home/ishaan/eboat_src/build/canopen_interfaces': CMAKE_PREFIX_PATH=${CMAKE_PREFIX_PATH}:/home/ishaan/eboat_src/ros_ws/install/canopen_utils:/home/ishaan/eboat_src/ros_ws/install/shore_comms:/home/ishaan/eboat_src/ros_ws/install/motor_node_test:/home/ishaan/eboat_src/ros_ws/install/motor_node:/home/ishaan/eboat_src/ros_ws/install/motion_node_test:/home/ishaan/eboat_src/ros_ws/install/motion_node:/home/ishaan/eboat_src/ros_ws/install/electrical_node_test:/home/ishaan/eboat_src/ros_ws/install/electrical_node:/home/ishaan/eboat_src/ros_ws/install/alarms_watchdog_node:/home/ishaan/eboat_src/ros_ws/install/GPIO_Test:/opt/ros/kilted /usr/bin/cmake --build /home/ishaan/eboat_src/build/canopen_interfaces -- -j16 -l16
[7.346s] [  1%] [34m[1mGenerating type hashes for ROS interfaces[0m
[7.352s] [  1%] Built target ament_cmake_python_copy_canopen_interfaces
[7.487s] running egg_info
[7.487s] creating canopen_interfaces.egg-info
[7.497s] writing canopen_interfaces.egg-info/PKG-INFO
[7.498s] writing dependency_links to canopen_interfaces.egg-info/dependency_links.txt
[7.498s] writing top-level names to canopen_interfaces.egg-info/top_level.txt
[7.498s] writing manifest file 'canopen_interfaces.egg-info/SOURCES.txt'
[7.530s] reading manifest file 'canopen_interfaces.egg-info/SOURCES.txt'
[7.531s] writing manifest file 'canopen_interfaces.egg-info/SOURCES.txt'
[7.554s] [  1%] Built target canopen_interfaces__rosidl_generator_type_description
[7.560s] [  1%] Built target ament_cmake_python_build_canopen_interfaces_egg
[7.562s] [  2%] [34m[1mGenerating C code for ROS interfaces[0m
[7.569s] [  2%] [34m[1mGenerating C++ code for ROS interfaces[0m
[8.104s] [  2%] Built target canopen_interfaces__cpp
[8.197s] [  5%] [32mBuilding C object CMakeFiles/canopen_interfaces__rosidl_generator_c.dir/rosidl_generator_c/canopen_interfaces/srv/detail/co_heartbeat_id__functions.c.o[0m
[8.201s] [  5%] [32mBuilding C object CMakeFiles/canopen_interfaces__rosidl_generator_c.dir/rosidl_generator_c/canopen_interfaces/srv/detail/co_heartbeat_id__description.c.o[0m
[8.201s] [  5%] [32mBuilding C object CMakeFiles/canopen_interfaces__rosidl_generator_c.dir/rosidl_generator_c/canopen_interfaces/srv/detail/co_nmt_id__description.c.o[0m
[8.202s] [  6%] [32mBuilding C object CMakeFiles/canopen_interfaces__rosidl_generator_c.dir/rosidl_generator_c/canopen_interfaces/srv/detail/co_heartbeat_id__type_support.c.o[0m
[8.202s] [  6%] [32mBuilding C object CMakeFiles/canopen_interfaces__rosidl_generator_c.dir/rosidl_generator_c/canopen_interfaces/srv/detail/co_nmt_id__type_support.c.o[0m
[8.202s] [  7%] [32mBuilding C object CMakeFiles/canopen_interfaces__rosidl_generator_c.dir/rosidl_generator_c/canopen_interfaces/srv/detail/co_read__description.c.o[0m
[8.202s] [  9%] [32mBuilding C object CMakeFiles/canopen_interfaces__rosidl_generator_c.dir/rosidl_generator_c/canopen_interfaces/srv/detail/co_nmt_id__functions.c.o[0m
[8.202s] [  9%] [32mBuilding C object CMakeFiles/canopen_interfaces__rosidl_generator_c.dir/rosidl_generator_c/canopen_interfaces/srv/detail/co_read_id__description.c.o[0m
[8.202s] [ 10%] [32mBuilding C object CMakeFiles/canopen_interfaces__rosidl_generator_c.dir/rosidl_generator_c/canopen_interfaces/srv/detail/co_read__functions.c.o[0m
[8.203s] [ 11%] [32mBuilding C object CMakeFiles/canopen_interfaces__rosidl_generator_c.dir/rosidl_generator_c/canopen_interfaces/srv/detail/co_read__type_support.c.o[0m
[8.204s] [ 12%] [32mBuilding C object CMakeFiles/canopen_interfaces__rosidl_generator_c.dir/rosidl_generator_c/canopen_interfaces/srv/detail/co_read_id__type_support.c.o[0m
[8.204s] [ 13%] [32mBuilding C object CMakeFiles/canopen_interfaces__rosidl_generator_c.dir/rosidl_generator_c/canopen_interfaces/srv/detail/co_read_id__functions.c.o[0m
[8.204s] [ 14%] [32mBuilding C object CMakeFiles/canopen_interfaces__rosidl_generator_c.dir/rosidl_generator_c/canopen_interfaces/srv/detail/co_write__description.c.o[0m
[8.204s] [ 14%] [32mBuilding C object CMakeFiles/canopen_interfaces__rosidl_generator_c.dir/rosidl_generator_c/canopen_interfaces/srv/detail/co_write__functions.c.o[0m
[8.205s] [ 15%] [32mBuilding C object CMakeFiles/canopen_interfaces__rosidl_generator_c.dir/rosidl_generator_c/canopen_interfaces/srv/detail/co_write__type_support.c.o[0m
[8.210s] [ 16%] [32mBuilding C object CMakeFiles/canopen_interfaces__rosidl_generator_c.dir/rosidl_generator_c/canopen_interfaces/srv/detail/co_write_id__description.c.o[0m
[8.248s] [ 18%] [32mBuilding C object CMakeFiles/canopen_interfaces__rosidl_generator_c.dir/rosidl_generator_c/canopen_interfaces/srv/detail/co_target_double__type_support.c.o[0m
[8.248s] [ 18%] [32mBuilding C object CMakeFiles/canopen_interfaces__rosidl_generator_c.dir/rosidl_generator_c/canopen_interfaces/srv/detail/co_write_id__type_support.c.o[0m
[8.248s] [ 19%] [32mBuilding C object CMakeFiles/canopen_interfaces__rosidl_generator_c.dir/rosidl_generator_c/canopen_interfaces/srv/detail/co_target_double__functions.c.o[0m
[8.249s] [ 19%] [32mBuilding C object CMakeFiles/canopen_interfaces__rosidl_generator_c.dir/rosidl_generator_c/canopen_interfaces/srv/detail/co_node__description.c.o[0m
[8.249s] [ 20%] [32mBuilding C object CMakeFiles/canopen_interfaces__rosidl_generator_c.dir/rosidl_generator_c/canopen_interfaces/srv/detail/co_node__type_support.c.o[0m
[8.249s] [ 21%] [32mBuilding C object CMakeFiles/canopen_interfaces__rosidl_generator_c.dir/rosidl_generator_c/canopen_interfaces/srv/detail/co_write_id__functions.c.o[0m
[8.250s] [ 22%] [32mBuilding C object CMakeFiles/canopen_interfaces__rosidl_generator_c.dir/rosidl_generator_c/canopen_interfaces/srv/detail/co_target_double__description.c.o[0m
[8.251s] [ 23%] [32mBuilding C object CMakeFiles/canopen_interfaces__rosidl_generator_c.dir/rosidl_generator_c/canopen_interfaces/msg/detail/co_data__description.c.o[0m
[8.254s] [ 24%] [32mBuilding C object CMakeFiles/canopen_interfaces__rosidl_generator_c.dir/rosidl_generator_c/canopen_interfaces/srv/detail/co_node__functions.c.o[0m
[8.275s] [ 25%] [32mBuilding C object CMakeFiles/canopen_interfaces__rosidl_generator_c.dir/rosidl_generator_c/canopen_interfaces/msg/detail/co_data__type_support.c.o[0m
[8.281s] [ 26%] [32mBuilding C object CMakeFiles/canopen_interfaces__rosidl_generator_c.dir/rosidl_generator_c/canopen_interfaces/msg/detail/co_data__functions.c.o[0m
[8.321s] [ 27%] [32m[1mLinking C shared library libcanopen_interfaces__rosidl_generator_c.so[0m
[8.491s] [ 27%] Built target canopen_interfaces__rosidl_generator_c
[8.501s] [ 30%] [34m[1mGenerating C++ type support dispatch for ROS interfaces[0m
[8.501s] [ 30%] [34m[1mGenerating C type support for eProsima Fast-RTPS[0m
[8.501s] [ 30%] [34m[1mGenerating C introspection for ROS interfaces[0m
[8.501s] [ 31%] [34m[1mGenerating C++ type support for eProsima Fast-RTPS[0m
[8.501s] [ 32%] [34m[1mGenerating C type support dispatch for ROS interfaces[0m
[8.501s] [ 32%] [34m[1mGenerating C++ introspection for ROS interfaces[0m
[8.934s] [ 33%] [32mBuilding CXX object CMakeFiles/canopen_interfaces__rosidl_typesupport_c.dir/rosidl_typesupport_c/canopen_interfaces/srv/co_heartbeat_id__type_support.cpp.o[0m
[8.937s] [ 34%] [32mBuilding CXX object CMakeFiles/canopen_interfaces__rosidl_typesupport_c.dir/rosidl_typesupport_c/canopen_interfaces/srv/co_nmt_id__type_support.cpp.o[0m
[8.937s] [ 35%] [32mBuilding CXX object CMakeFiles/canopen_interfaces__rosidl_typesupport_c.dir/rosidl_typesupport_c/canopen_interfaces/srv/co_read__type_support.cpp.o[0m
[8.937s] [ 36%] [32mBuilding CXX object CMakeFiles/canopen_interfaces__rosidl_typesupport_c.dir/rosidl_typesupport_c/canopen_interfaces/srv/co_read_id__type_support.cpp.o[0m
[8.937s] [ 37%] [32mBuilding CXX object CMakeFiles/canopen_interfaces__rosidl_typesupport_c.dir/rosidl_typesupport_c/canopen_interfaces/srv/co_write__type_support.cpp.o[0m
[8.947s] [ 37%] [32mBuilding CXX object CMakeFiles/canopen_interfaces__rosidl_typesupport_c.dir/rosidl_typesupport_c/canopen_interfaces/srv/co_write_id__type_support.cpp.o[0m
[8.947s] [ 38%] [32mBuilding CXX object CMakeFiles/canopen_interfaces__rosidl_typesupport_c.dir/rosidl_typesupport_c/canopen_interfaces/srv/co_target_double__type_support.cpp.o[0m
[8.947s] [ 39%] [32mBuilding CXX object CMakeFiles/canopen_interfaces__rosidl_typesupport_c.dir/rosidl_typesupport_c/canopen_interfaces/srv/co_node__type_support.cpp.o[0m
[8.949s] [ 40%] [32mBuilding CXX object CMakeFiles/canopen_interfaces__rosidl_typesupport_c.dir/rosidl_typesupport_c/canopen_interfaces/msg/co_data__type_support.cpp.o[0m
[8.977s] [ 41%] [32mBuilding CXX object CMakeFiles/canopen_interfaces__rosidl_typesupport_cpp.dir/rosidl_typesupport_cpp/canopen_interfaces/srv/co_nmt_id__type_support.cpp.o[0m
[8.977s] [ 42%] [32mBuilding CXX object CMakeFiles/canopen_interfaces__rosidl_typesupport_cpp.dir/rosidl_typesupport_cpp/canopen_interfaces/srv/co_heartbeat_id__type_support.cpp.o[0m
[8.979s] [ 43%] [32mBuilding CXX object CMakeFiles/canopen_interfaces__rosidl_typesupport_cpp.dir/rosidl_typesupport_cpp/canopen_interfaces/srv/co_read__type_support.cpp.o[0m
[8.999s] [ 44%] [32mBuilding CXX object CMakeFiles/canopen_interfaces__rosidl_typesupport_cpp.dir/rosidl_typesupport_cpp/canopen_interfaces/srv/co_write__type_support.cpp.o[0m
[8.999s] [ 44%] [32mBuilding CXX object CMakeFiles/canopen_interfaces__rosidl_typesupport_cpp.dir/rosidl_typesupport_cpp/canopen_interfaces/srv/co_read_id__type_support.cpp.o[0m
[9.000s] [ 45%] [32mBuilding CXX object CMakeFiles/canopen_interfaces__rosidl_typesupport_cpp.dir/rosidl_typesupport_cpp/canopen_interfaces/srv/co_write_id__type_support.cpp.o[0m
[9.001s] [ 47%] [32mBuilding CXX object CMakeFiles/canopen_interfaces__rosidl_typesupport_cpp.dir/rosidl_typesupport_cpp/canopen_interfaces/srv/co_target_double__type_support.cpp.o[0m
[9.001s] [ 47%] [32mBuilding CXX object CMakeFiles/canopen_interfaces__rosidl_typesupport_cpp.dir/rosidl_typesupport_cpp/canopen_interfaces/srv/co_node__type_support.cpp.o[0m
[9.007s] [ 48%] [32mBuilding CXX object CMakeFiles/canopen_interfaces__rosidl_typesupport_cpp.dir/rosidl_typesupport_cpp/canopen_interfaces/msg/co_data__type_support.cpp.o[0m
[9.011s] [ 49%] [32m[1mLinking CXX shared library libcanopen_interfaces__rosidl_typesupport_c.so[0m
[9.227s] [ 50%] [32mBuilding CXX object CMakeFiles/canopen_interfaces__rosidl_typesupport_introspection_cpp.dir/rosidl_typesupport_introspection_cpp/canopen_interfaces/srv/detail/co_heartbeat_id__type_support.cpp.o[0m
[9.238s] [ 51%] [32mBuilding CXX object CMakeFiles/canopen_interfaces__rosidl_typesupport_introspection_cpp.dir/rosidl_typesupport_introspection_cpp/canopen_interfaces/srv/detail/co_nmt_id__type_support.cpp.o[0m
[9.247s] [ 52%] [32mBuilding CXX object CMakeFiles/canopen_interfaces__rosidl_typesupport_introspection_cpp.dir/rosidl_typesupport_introspection_cpp/canopen_interfaces/srv/detail/co_read__type_support.cpp.o[0m
[9.373s] [ 53%] [32mBuilding C object CMakeFiles/canopen_interfaces__rosidl_typesupport_introspection_c.dir/rosidl_typesupport_introspection_c/canopen_interfaces/srv/detail/co_heartbeat_id__type_support.c.o[0m
[9.468s] [ 53%] Built target canopen_interfaces__rosidl_typesupport_c
[9.472s] [ 54%] [32mBuilding C object CMakeFiles/canopen_interfaces__rosidl_typesupport_introspection_c.dir/rosidl_typesupport_introspection_c/canopen_interfaces/srv/detail/co_nmt_id__type_support.c.o[0m
[9.489s] [ 55%] [32mBuilding CXX object CMakeFiles/canopen_interfaces__rosidl_typesupport_introspection_cpp.dir/rosidl_typesupport_introspection_cpp/canopen_interfaces/srv/detail/co_read_id__type_support.cpp.o[0m
[9.544s] [ 56%] [32mBuilding C object CMakeFiles/canopen_interfaces__rosidl_typesupport_introspection_c.dir/rosidl_typesupport_introspection_c/canopen_interfaces/srv/detail/co_read__type_support.c.o[0m
[9.544s] [ 56%] [32mBuilding CXX object CMakeFiles/canopen_interfaces__rosidl_typesupport_introspection_cpp.dir/rosidl_typesupport_introspection_cpp/canopen_interfaces/srv/detail/co_write__type_support.cpp.o[0m
[9.563s] [ 57%] [32mBuilding CXX object CMakeFiles/canopen_interfaces__rosidl_typesupport_introspection_cpp.dir/rosidl_typesupport_introspection_cpp/canopen_interfaces/srv/detail/co_write_id__type_support.cpp.o[0m
[9.587s] [ 58%] [32mBuilding C object CMakeFiles/canopen_interfaces__rosidl_typesupport_introspection_c.dir/rosidl_typesupport_introspection_c/canopen_interfaces/srv/detail/co_read_id__type_support.c.o[0m
[9.591s] [ 59%] [32mBuilding C object CMakeFiles/canopen_interfaces__rosidl_typesupport_introspection_c.dir/rosidl_typesupport_introspection_c/canopen_interfaces/srv/detail/co_write_id__type_support.c.o[0m
[9.595s] [ 60%] [32mBuilding C object CMakeFiles/canopen_interfaces__rosidl_typesupport_introspection_c.dir/rosidl_typesupport_introspection_c/canopen_interfaces/srv/detail/co_write__type_support.c.o[0m
[9.607s] [ 61%] [32mBuilding CXX object CMakeFiles/canopen_interfaces__rosidl_typesupport_introspection_cpp.dir/rosidl_typesupport_introspection_cpp/canopen_interfaces/srv/detail/co_target_double__type_support.cpp.o[0m
[9.617s] [ 61%] [32mBuilding CXX object CMakeFiles/canopen_interfaces__rosidl_typesupport_introspection_cpp.dir/rosidl_typesupport_introspection_cpp/canopen_interfaces/srv/detail/co_node__type_support.cpp.o[0m
[9.636s] [ 62%] [32m[1mLinking CXX shared library libcanopen_interfaces__rosidl_typesupport_cpp.so[0m
[9.637s] [ 63%] [32mBuilding C object CMakeFiles/canopen_interfaces__rosidl_typesupport_introspection_c.dir/rosidl_typesupport_introspection_c/canopen_interfaces/srv/detail/co_target_double__type_support.c.o[0m
[9.643s] [ 64%] [32mBuilding CXX object CMakeFiles/canopen_interfaces__rosidl_typesupport_introspection_cpp.dir/rosidl_typesupport_introspection_cpp/canopen_interfaces/msg/detail/co_data__type_support.cpp.o[0m
[9.668s] [ 65%] [32mBuilding C object CMakeFiles/canopen_interfaces__rosidl_typesupport_introspection_c.dir/rosidl_typesupport_introspection_c/canopen_interfaces/srv/detail/co_node__type_support.c.o[0m
[9.677s] [ 66%] [32mBuilding C object CMakeFiles/canopen_interfaces__rosidl_typesupport_introspection_c.dir/rosidl_typesupport_introspection_c/canopen_interfaces/msg/detail/co_data__type_support.c.o[0m
[9.735s] [ 67%] [32m[1mLinking C shared library libcanopen_interfaces__rosidl_typesupport_introspection_c.so[0m
[9.754s] [ 69%] [32mBuilding CXX object CMakeFiles/canopen_interfaces__rosidl_typesupport_fastrtps_cpp.dir/rosidl_typesupport_fastrtps_cpp/canopen_interfaces/srv/detail/dds_fastrtps/co_read__type_support.cpp.o[0m
[9.754s] [ 69%] [32mBuilding CXX object CMakeFiles/canopen_interfaces__rosidl_typesupport_fastrtps_cpp.dir/rosidl_typesupport_fastrtps_cpp/canopen_interfaces/srv/detail/dds_fastrtps/co_read_id__type_support.cpp.o[0m
[9.755s] [ 70%] [32mBuilding CXX object CMakeFiles/canopen_interfaces__rosidl_typesupport_fastrtps_cpp.dir/rosidl_typesupport_fastrtps_cpp/canopen_interfaces/srv/detail/dds_fastrtps/co_heartbeat_id__type_support.cpp.o[0m
[9.757s] [ 71%] [32mBuilding CXX object CMakeFiles/canopen_interfaces__rosidl_typesupport_fastrtps_cpp.dir/rosidl_typesupport_fastrtps_cpp/canopen_interfaces/srv/detail/dds_fastrtps/co_nmt_id__type_support.cpp.o[0m
[9.784s] [ 72%] [32mBuilding CXX object CMakeFiles/canopen_interfaces__rosidl_typesupport_fastrtps_c.dir/rosidl_typesupport_fastrtps_c/canopen_interfaces/srv/detail/co_nmt_id__type_support_c.cpp.o[0m
[9.784s] [ 72%] [32mBuilding CXX object CMakeFiles/canopen_interfaces__rosidl_typesupport_fastrtps_c.dir/rosidl_typesupport_fastrtps_c/canopen_interfaces/srv/detail/co_heartbeat_id__type_support_c.cpp.o[0m
[9.851s] [ 73%] [32mBuilding CXX object CMakeFiles/canopen_interfaces__rosidl_typesupport_fastrtps_c.dir/rosidl_typesupport_fastrtps_c/canopen_interfaces/srv/detail/co_read__type_support_c.cpp.o[0m
[9.906s] [ 74%] [32mBuilding CXX object CMakeFiles/canopen_interfaces__rosidl_typesupport_fastrtps_c.dir/rosidl_typesupport_fastrtps_c/canopen_interfaces/srv/detail/co_read_id__type_support_c.cpp.o[0m
[10.063s] [ 75%] [32mBuilding CXX object CMakeFiles/canopen_interfaces__rosidl_typesupport_fastrtps_c.dir/rosidl_typesupport_fastrtps_c/canopen_interfaces/srv/detail/co_write__type_support_c.cpp.o[0m
[10.072s] [ 75%] Built target canopen_interfaces__rosidl_typesupport_introspection_c
[10.073s] [ 76%] [32mBuilding CXX object CMakeFiles/canopen_interfaces__rosidl_typesupport_fastrtps_c.dir/rosidl_typesupport_fastrtps_c/canopen_interfaces/srv/detail/co_write_id__type_support_c.cpp.o[0m
[10.084s] [ 77%] [32mBuilding CXX object CMakeFiles/canopen_interfaces__rosidl_typesupport_fastrtps_c.dir/rosidl_typesupport_fastrtps_c/canopen_interfaces/srv/detail/co_target_double__type_support_c.cpp.o[0m
[10.120s] [ 77%] Built target canopen_interfaces__rosidl_typesupport_cpp
[10.132s] [ 78%] [32mBuilding CXX object CMakeFiles/canopen_interfaces__rosidl_typesupport_fastrtps_c.dir/rosidl_typesupport_fastrtps_c/canopen_interfaces/srv/detail/co_node__type_support_c.cpp.o[0m
[10.146s] [ 79%] [32mBuilding CXX object CMakeFiles/canopen_interfaces__rosidl_typesupport_fastrtps_cpp.dir/rosidl_typesupport_fastrtps_cpp/canopen_interfaces/srv/detail/dds_fastrtps/co_write__type_support.cpp.o[0m
[10.160s] [ 79%] [32mBuilding CXX object CMakeFiles/canopen_interfaces__rosidl_typesupport_fastrtps_c.dir/rosidl_typesupport_fastrtps_c/canopen_interfaces/msg/detail/co_data__type_support_c.cpp.o[0m
[10.169s] [ 79%] [32mBuilding CXX object CMakeFiles/canopen_interfaces__rosidl_typesupport_fastrtps_cpp.dir/rosidl_typesupport_fastrtps_cpp/canopen_interfaces/srv/detail/dds_fastrtps/co_write_id__type_support.cpp.o[0m
[10.210s] [ 80%] [32m[1mLinking CXX shared library libcanopen_interfaces__rosidl_typesupport_introspection_cpp.so[0m
[10.447s] [ 81%] [32mBuilding CXX object CMakeFiles/canopen_interfaces__rosidl_typesupport_fastrtps_cpp.dir/rosidl_typesupport_fastrtps_cpp/canopen_interfaces/srv/detail/dds_fastrtps/co_target_double__type_support.cpp.o[0m
[10.615s] [ 82%] [32mBuilding CXX object CMakeFiles/canopen_interfaces__rosidl_typesupport_fastrtps_cpp.dir/rosidl_typesupport_fastrtps_cpp/canopen_interfaces/msg/detail/dds_fastrtps/co_data__type_support.cpp.o[0m
[10.616s] [ 83%] [32mBuilding CXX object CMakeFiles/canopen_interfaces__rosidl_typesupport_fastrtps_cpp.dir/rosidl_typesupport_fastrtps_cpp/canopen_interfaces/srv/detail/dds_fastrtps/co_node__type_support.cpp.o[0m
[10.707s] [ 83%] Built target canopen_interfaces__rosidl_typesupport_introspection_cpp
[10.855s] [ 84%] [32m[1mLinking CXX shared library libcanopen_interfaces__rosidl_typesupport_fastrtps_c.so[0m
[11.079s] [ 84%] Built target canopen_interfaces__rosidl_typesupport_fastrtps_c
[11.096s] [ 85%] [32m[1mLinking CXX shared library libcanopen_interfaces__rosidl_typesupport_fastrtps_cpp.so[0m
[11.287s] [ 85%] Built target canopen_interfaces__rosidl_typesupport_fastrtps_cpp
[11.302s] [ 85%] Built target canopen_interfaces
[11.319s] [ 86%] [34m[1mGenerating Python code for ROS interfaces[0m
[12.177s] [ 86%] Built target canopen_interfaces__py
[12.195s] [ 88%] [32mBuilding C object CMakeFiles/canopen_interfaces__rosidl_generator_py.dir/rosidl_generator_py/canopen_interfaces/srv/_co_read_id_s.c.o[0m
[12.195s] [ 88%] [32mBuilding C object CMakeFiles/canopen_interfaces__rosidl_generator_py.dir/rosidl_generator_py/canopen_interfaces/srv/_co_heartbeat_id_s.c.o[0m
[12.195s] [ 90%] [32mBuilding C object CMakeFiles/canopen_interfaces__rosidl_generator_py.dir/rosidl_generator_py/canopen_interfaces/srv/_co_write_s.c.o[0m
[12.196s] [ 90%] [32mBuilding C object CMakeFiles/canopen_interfaces__rosidl_generator_py.dir/rosidl_generator_py/canopen_interfaces/srv/_co_write_id_s.c.o[0m
[12.196s] [ 90%] [32mBuilding C object CMakeFiles/canopen_interfaces__rosidl_generator_py.dir/rosidl_generator_py/canopen_interfaces/srv/_co_nmt_id_s.c.o[0m
[12.196s] [ 91%] [32mBuilding C object CMakeFiles/canopen_interfaces__rosidl_generator_py.dir/rosidl_generator_py/canopen_interfaces/srv/_co_target_double_s.c.o[0m
[12.196s] [ 92%] [32mBuilding C object CMakeFiles/canopen_interfaces__rosidl_generator_py.dir/rosidl_generator_py/canopen_interfaces/msg/_co_data_s.c.o[0m
[12.197s] [ 93%] [32mBuilding C object CMakeFiles/canopen_interfaces__rosidl_generator_py.dir/rosidl_generator_py/canopen_interfaces/srv/_co_node_s.c.o[0m
[12.197s] [ 94%] [32mBuilding C object CMakeFiles/canopen_interfaces__rosidl_generator_py.dir/rosidl_generator_py/canopen_interfaces/srv/_co_read_s.c.o[0m
[12.330s] [ 94%] [32m[1mLinking C shared library libcanopen_interfaces__rosidl_generator_py.so[0m
[12.501s] [ 94%] Built target canopen_interfaces__rosidl_generator_py
[12.517s] [ 95%] [32mBuilding C object CMakeFiles/canopen_interfaces_s__rosidl_typesupport_c.dir/rosidl_generator_py/canopen_interfaces/_canopen_interfaces_s.ep.rosidl_typesupport_c.c.o[0m
[12.517s] [ 97%] [32mBuilding C object CMakeFiles/canopen_interfaces_s__rosidl_typesupport_introspection_c.dir/rosidl_generator_py/canopen_interfaces/_canopen_interfaces_s.ep.rosidl_typesupport_introspection_c.c.o[0m
[12.517s] [ 97%] [32mBuilding C object CMakeFiles/canopen_interfaces_s__rosidl_typesupport_fastrtps_c.dir/rosidl_generator_py/canopen_interfaces/_canopen_interfaces_s.ep.rosidl_typesupport_fastrtps_c.c.o[0m
[12.626s] [ 98%] [32m[1mLinking C shared module rosidl_generator_py/canopen_interfaces/canopen_interfaces_s__rosidl_typesupport_introspection_c.so[0m
[12.628s] [ 99%] [32m[1mLinking C shared module rosidl_generator_py/canopen_interfaces/canopen_interfaces_s__rosidl_typesupport_fastrtps_c.so[0m
[12.632s] [100%] [32m[1mLinking C shared module rosidl_generator_py/canopen_interfaces/canopen_interfaces_s__rosidl_typesupport_c.so[0m
[12.729s] [100%] Built target canopen_interfaces_s__rosidl_typesupport_fastrtps_c
[12.730s] [100%] Built target canopen_interfaces_s__rosidl_typesupport_introspection_c
[12.793s] [100%] Built target canopen_interfaces_s__rosidl_typesupport_c
[12.803s] Invoked command in '/home/ishaan/eboat_src/build/canopen_interfaces' returned '0': CMAKE_PREFIX_PATH=${CMAKE_PREFIX_PATH}:/home/ishaan/eboat_src/ros_ws/install/canopen_utils:/home/ishaan/eboat_src/ros_ws/install/shore_comms:/home/ishaan/eboat_src/ros_ws/install/motor_node_test:/home/ishaan/eboat_src/ros_ws/install/motor_node:/home/ishaan/eboat_src/ros_ws/install/motion_node_test:/home/ishaan/eboat_src/ros_ws/install/motion_node:/home/ishaan/eboat_src/ros_ws/install/electrical_node_test:/home/ishaan/eboat_src/ros_ws/install/electrical_node:/home/ishaan/eboat_src/ros_ws/install/alarms_watchdog_node:/home/ishaan/eboat_src/ros_ws/install/GPIO_Test:/opt/ros/kilted /usr/bin/cmake --build /home/ishaan/eboat_src/build/canopen_interfaces -- -j16 -l16
[12.804s] Invoking command in '/home/ishaan/eboat_src/build/canopen_interfaces': CMAKE_PREFIX_PATH=${CMAKE_PREFIX_PATH}:/home/ishaan/eboat_src/ros_ws/install/canopen_utils:/home/ishaan/eboat_src/ros_ws/install/shore_comms:/home/ishaan/eboat_src/ros_ws/install/motor_node_test:/home/ishaan/eboat_src/ros_ws/install/motor_node:/home/ishaan/eboat_src/ros_ws/install/motion_node_test:/home/ishaan/eboat_src/ros_ws/install/motion_node:/home/ishaan/eboat_src/ros_ws/install/electrical_node_test:/home/ishaan/eboat_src/ros_ws/install/electrical_node:/home/ishaan/eboat_src/ros_ws/install/alarms_watchdog_node:/home/ishaan/eboat_src/ros_ws/install/GPIO_Test:/opt/ros/kilted /usr/bin/cmake --install /home/ishaan/eboat_src/build/canopen_interfaces
[12.811s] -- Install configuration: ""
[12.811s] -- Installing: /home/ishaan/eboat_src/install/canopen_interfaces/share/ament_index/resource_index/rosidl_interfaces/canopen_interfaces
[12.812s] -- Installing: /home/ishaan/eboat_src/install/canopen_interfaces/share/canopen_interfaces/srv/COHeartbeatID.json
[12.812s] -- Installing: /home/ishaan/eboat_src/install/canopen_interfaces/share/canopen_interfaces/srv/CONmtID.json
[12.813s] -- Installing: /home/ishaan/eboat_src/install/canopen_interfaces/share/canopen_interfaces/srv/CORead.json
[12.813s] -- Installing: /home/ishaan/eboat_src/install/canopen_interfaces/share/canopen_interfaces/srv/COReadID.json
[12.813s] -- Installing: /home/ishaan/eboat_src/install/canopen_interfaces/share/canopen_interfaces/srv/COWrite.json
[12.813s] -- Installing: /home/ishaan/eboat_src/install/canopen_interfaces/share/canopen_interfaces/srv/COWriteID.json
[12.813s] -- Installing: /home/ishaan/eboat_src/install/canopen_interfaces/share/canopen_interfaces/srv/COTargetDouble.json
[12.813s] -- Installing: /home/ishaan/eboat_src/install/canopen_interfaces/share/canopen_interfaces/srv/CONode.json
[12.813s] -- Installing: /home/ishaan/eboat_src/install/canopen_interfaces/share/canopen_interfaces/msg/COData.json
[12.813s] -- Installing: /home/ishaan/eboat_src/install/canopen_interfaces/include/canopen_interfaces/canopen_interfaces
[12.814s] -- Installing: /home/ishaan/eboat_src/install/canopen_interfaces/include/canopen_interfaces/canopen_interfaces/srv
[12.814s] -- Installing: /home/ishaan/eboat_src/install/canopen_interfaces/include/canopen_interfaces/canopen_interfaces/srv/co_nmt_id.h
[12.814s] -- Installing: /home/ishaan/eboat_src/install/canopen_interfaces/include/canopen_interfaces/canopen_interfaces/srv/co_node.h
[12.814s] -- Installing: /home/ishaan/eboat_src/install/canopen_interfaces/include/canopen_interfaces/canopen_interfaces/srv/detail
[12.815s] -- Installing: /home/ishaan/eboat_src/install/canopen_interfaces/include/canopen_interfaces/canopen_interfaces/srv/detail/co_nmt_id__description.c
[12.815s] -- Installing: /home/ishaan/eboat_src/install/canopen_interfaces/include/canopen_interfaces/canopen_interfaces/srv/detail/co_write__description.c
[12.815s] -- Installing: /home/ishaan/eboat_src/install/canopen_interfaces/include/canopen_interfaces/canopen_interfaces/srv/detail/co_write__type_support.h
[12.815s] -- Installing: /home/ishaan/eboat_src/install/canopen_interfaces/include/canopen_interfaces/canopen_interfaces/srv/detail/co_read_id__type_support.h
[12.815s] -- Installing: /home/ishaan/eboat_src/install/canopen_interfaces/include/canopen_interfaces/canopen_interfaces/srv/detail/co_node__struct.h
[12.815s] -- Installing: /home/ishaan/eboat_src/install/canopen_interfaces/include/canopen_interfaces/canopen_interfaces/srv/detail/co_nmt_id__functions.c
[12.816s] -- Installing: /home/ishaan/eboat_src/install/canopen_interfaces/include/canopen_interfaces/canopen_interfaces/srv/detail/co_write__functions.h
[12.816s] -- Installing: /home/ishaan/eboat_src/install/canopen_interfaces/include/canopen_interfaces/canopen_interfaces/srv/detail/co_target_double__struct.h
[12.816s] -- Installing: /home/ishaan/eboat_src/install/canopen_interfaces/include/canopen_interfaces/canopen_interfaces/srv/detail/co_target_double__description.c
[12.816s] -- Installing: /home/ishaan/eboat_src/install/canopen_interfaces/include/canopen_interfaces/canopen_interfaces/srv/detail/co_read__type_support.c
[12.817s] -- Installing: /home/ishaan/eboat_src/install/canopen_interfaces/include/canopen_interfaces/canopen_interfaces/srv/detail/co_heartbeat_id__functions.c
[12.817s] -- Installing: /home/ishaan/eboat_src/install/canopen_interfaces/include/canopen_interfaces/canopen_interfaces/srv/detail/co_target_double__functions.c
[12.817s] -- Installing: /home/ishaan/eboat_src/install/canopen_interfaces/include/canopen_interfaces/canopen_interfaces/srv/detail/co_read__functions.c
[12.817s] -- Installing: /home/ishaan/eboat_src/install/canopen_interfaces/include/canopen_interfaces/canopen_interfaces/srv/detail/co_write_id__type_support.c
[12.817s] -- Installing: /home/ishaan/eboat_src/install/canopen_interfaces/include/canopen_interfaces/canopen_interfaces/srv/detail/co_write__struct.h
[12.818s] -- Installing: /home/ishaan/eboat_src/install/canopen_interfaces/include/canopen_interfaces/canopen_interfaces/srv/detail/co_read_id__struct.h
[12.818s] -- Installing: /home/ishaan/eboat_src/install/canopen_interfaces/include/canopen_interfaces/canopen_interfaces/srv/detail/co_read_id__type_support.c
[12.818s] -- Installing: /home/ishaan/eboat_src/install/canopen_interfaces/include/canopen_interfaces/canopen_interfaces/srv/detail/co_read_id__functions.h
[12.818s] -- Installing: /home/ishaan/eboat_src/install/canopen_interfaces/include/canopen_interfaces/canopen_interfaces/srv/detail/co_read_id__functions.c
[12.818s] -- Installing: /home/ishaan/eboat_src/install/canopen_interfaces/include/canopen_interfaces/canopen_interfaces/srv/detail/co_node__type_support.c
[12.819s] -- Installing: /home/ishaan/eboat_src/install/canopen_interfaces/include/canopen_interfaces/canopen_interfaces/srv/detail/co_write_id__functions.c
[12.819s] -- Installing: /home/ishaan/eboat_src/install/canopen_interfaces/include/canopen_interfaces/canopen_interfaces/srv/detail/co_write_id__struct.h
[12.819s] -- Installing: /home/ishaan/eboat_src/install/canopen_interfaces/include/canopen_interfaces/canopen_interfaces/srv/detail/co_nmt_id__type_support.h
[12.819s] -- Installing: /home/ishaan/eboat_src/install/canopen_interfaces/include/canopen_interfaces/canopen_interfaces/srv/detail/co_write_id__description.c
[12.820s] -- Installing: /home/ishaan/eboat_src/install/canopen_interfaces/include/canopen_interfaces/canopen_interfaces/srv/detail/co_node__functions.c
[12.820s] -- Installing: /home/ishaan/eboat_src/install/canopen_interfaces/include/canopen_interfaces/canopen_interfaces/srv/detail/co_write__type_support.c
[12.820s] -- Installing: /home/ishaan/eboat_src/install/canopen_interfaces/include/canopen_interfaces/canopen_interfaces/srv/detail/co_node__functions.h
[12.820s] -- Installing: /home/ishaan/eboat_src/install/canopen_interfaces/include/canopen_interfaces/canopen_interfaces/srv/detail/co_target_double__functions.h
[12.820s] -- Installing: /home/ishaan/eboat_src/install/canopen_interfaces/include/canopen_interfaces/canopen_interfaces/srv/detail/co_read__type_support.h
[12.821s] -- Installing: /home/ishaan/eboat_src/install/canopen_interfaces/include/canopen_interfaces/canopen_interfaces/srv/detail/co_read__functions.h
[12.821s] -- Installing: /home/ishaan/eboat_src/install/canopen_interfaces/include/canopen_interfaces/canopen_interfaces/srv/detail/co_heartbeat_id__struct.h
[12.821s] -- Installing: /home/ishaan/eboat_src/install/canopen_interfaces/include/canopen_interfaces/canopen_interfaces/srv/detail/co_heartbeat_id__functions.h
[12.821s] -- Installing: /home/ishaan/eboat_src/install/canopen_interfaces/include/canopen_interfaces/canopen_interfaces/srv/detail/co_nmt_id__functions.h
[12.821s] -- Installing: /home/ishaan/eboat_src/install/canopen_interfaces/include/canopen_interfaces/canopen_interfaces/srv/detail/co_heartbeat_id__type_support.c
[12.821s] -- Installing: /home/ishaan/eboat_src/install/canopen_interfaces/include/canopen_interfaces/canopen_interfaces/srv/detail/co_read_id__description.c
[12.822s] -- Installing: /home/ishaan/eboat_src/install/canopen_interfaces/include/canopen_interfaces/canopen_interfaces/srv/detail/co_target_double__type_support.c
[12.822s] -- Installing: /home/ishaan/eboat_src/install/canopen_interfaces/include/canopen_interfaces/canopen_interfaces/srv/detail/co_nmt_id__struct.h
[12.822s] -- Installing: /home/ishaan/eboat_src/install/canopen_interfaces/include/canopen_interfaces/canopen_interfaces/srv/detail/co_node__description.c
[12.822s] -- Installing: /home/ishaan/eboat_src/install/canopen_interfaces/include/canopen_interfaces/canopen_interfaces/srv/detail/co_target_double__type_support.h
[12.822s] -- Installing: /home/ishaan/eboat_src/install/canopen_interfaces/include/canopen_interfaces/canopen_interfaces/srv/detail/co_read__struct.h
[12.822s] -- Installing: /home/ishaan/eboat_src/install/canopen_interfaces/include/canopen_interfaces/canopen_interfaces/srv/detail/co_write_id__type_support.h
[12.823s] -- Installing: /home/ishaan/eboat_src/install/canopen_interfaces/include/canopen_interfaces/canopen_interfaces/srv/detail/co_read__description.c
[12.823s] -- Installing: /home/ishaan/eboat_src/install/canopen_interfaces/include/canopen_interfaces/canopen_interfaces/srv/detail/co_write_id__functions.h
[12.823s] -- Installing: /home/ishaan/eboat_src/install/canopen_interfaces/include/canopen_interfaces/canopen_interfaces/srv/detail/co_nmt_id__type_support.c
[12.823s] -- Installing: /home/ishaan/eboat_src/install/canopen_interfaces/include/canopen_interfaces/canopen_interfaces/srv/detail/co_heartbeat_id__type_support.h
[12.823s] -- Installing: /home/ishaan/eboat_src/install/canopen_interfaces/include/canopen_interfaces/canopen_interfaces/srv/detail/co_write__functions.c
[12.823s] -- Installing: /home/ishaan/eboat_src/install/canopen_interfaces/include/canopen_interfaces/canopen_interfaces/srv/detail/co_heartbeat_id__description.c
[12.823s] -- Installing: /home/ishaan/eboat_src/install/canopen_interfaces/include/canopen_interfaces/canopen_interfaces/srv/detail/co_node__type_support.h
[12.823s] -- Installing: /home/ishaan/eboat_src/install/canopen_interfaces/include/canopen_interfaces/canopen_interfaces/srv/co_target_double.h
[12.823s] -- Installing: /home/ishaan/eboat_src/install/canopen_interfaces/include/canopen_interfaces/canopen_interfaces/srv/co_write_id.h
[12.823s] -- Installing: /home/ishaan/eboat_src/install/canopen_interfaces/include/canopen_interfaces/canopen_interfaces/srv/co_read_id.h
[12.824s] -- Installing: /home/ishaan/eboat_src/install/canopen_interfaces/include/canopen_interfaces/canopen_interfaces/srv/co_read.h
[12.824s] -- Installing: /home/ishaan/eboat_src/install/canopen_interfaces/include/canopen_interfaces/canopen_interfaces/srv/co_heartbeat_id.h
[12.824s] -- Installing: /home/ishaan/eboat_src/install/canopen_interfaces/include/canopen_interfaces/canopen_interfaces/srv/co_write.h
[12.824s] -- Installing: /home/ishaan/eboat_src/install/canopen_interfaces/include/canopen_interfaces/canopen_interfaces/msg
[12.825s] -- Installing: /home/ishaan/eboat_src/install/canopen_interfaces/include/canopen_interfaces/canopen_interfaces/msg/detail
[12.825s] -- Installing: /home/ishaan/eboat_src/install/canopen_interfaces/include/canopen_interfaces/canopen_interfaces/msg/detail/co_data__type_support.h
[12.825s] -- Installing: /home/ishaan/eboat_src/install/canopen_interfaces/include/canopen_interfaces/canopen_interfaces/msg/detail/co_data__struct.h
[12.825s] -- Installing: /home/ishaan/eboat_src/install/canopen_interfaces/include/canopen_interfaces/canopen_interfaces/msg/detail/co_data__type_support.c
[12.825s] -- Installing: /home/ishaan/eboat_src/install/canopen_interfaces/include/canopen_interfaces/canopen_interfaces/msg/detail/co_data__functions.h
[12.825s] -- Installing: /home/ishaan/eboat_src/install/canopen_interfaces/include/canopen_interfaces/canopen_interfaces/msg/detail/co_data__description.c
[12.826s] -- Installing: /home/ishaan/eboat_src/install/canopen_interfaces/include/canopen_interfaces/canopen_interfaces/msg/detail/co_data__functions.c
[12.826s] -- Installing: /home/ishaan/eboat_src/install/canopen_interfaces/include/canopen_interfaces/canopen_interfaces/msg/co_data.h
[12.826s] -- Installing: /home/ishaan/eboat_src/install/canopen_interfaces/include/canopen_interfaces/canopen_interfaces/msg/rosidl_generator_c__visibility_control.h
[12.826s] -- Installing: /home/ishaan/eboat_src/install/canopen_interfaces/share/canopen_interfaces/environment/library_path.sh
[12.826s] -- Installing: /home/ishaan/eboat_src/install/canopen_interfaces/share/canopen_interfaces/environment/library_path.dsv
[12.827s] -- Installing: /home/ishaan/eboat_src/install/canopen_interfaces/lib/libcanopen_interfaces__rosidl_generator_c.so
[12.827s] -- Set non-toolchain portion of runtime path of "/home/ishaan/eboat_src/install/canopen_interfaces/lib/libcanopen_interfaces__rosidl_generator_c.so" to ""
[12.827s] -- Up-to-date: /home/ishaan/eboat_src/install/canopen_interfaces/include/canopen_interfaces/canopen_interfaces
[12.827s] -- Up-to-date: /home/ishaan/eboat_src/install/canopen_interfaces/include/canopen_interfaces/canopen_interfaces/srv
[12.827s] -- Up-to-date: /home/ishaan/eboat_src/install/canopen_interfaces/include/canopen_interfaces/canopen_interfaces/srv/detail
[12.828s] -- Installing: /home/ishaan/eboat_src/install/canopen_interfaces/include/canopen_interfaces/canopen_interfaces/srv/detail/co_nmt_id__rosidl_typesupport_fastrtps_c.h
[12.828s] -- Installing: /home/ishaan/eboat_src/install/canopen_interfaces/include/canopen_interfaces/canopen_interfaces/srv/detail/co_heartbeat_id__rosidl_typesupport_fastrtps_c.h
[12.828s] -- Installing: /home/ishaan/eboat_src/install/canopen_interfaces/include/canopen_interfaces/canopen_interfaces/srv/detail/co_node__rosidl_typesupport_fastrtps_c.h
[12.828s] -- Installing: /home/ishaan/eboat_src/install/canopen_interfaces/include/canopen_interfaces/canopen_interfaces/srv/detail/co_read_id__rosidl_typesupport_fastrtps_c.h
[12.828s] -- Installing: /home/ishaan/eboat_src/install/canopen_interfaces/include/canopen_interfaces/canopen_interfaces/srv/detail/co_write__rosidl_typesupport_fastrtps_c.h
[12.828s] -- Installing: /home/ishaan/eboat_src/install/canopen_interfaces/include/canopen_interfaces/canopen_interfaces/srv/detail/co_read__rosidl_typesupport_fastrtps_c.h
[12.828s] -- Installing: /home/ishaan/eboat_src/install/canopen_interfaces/include/canopen_interfaces/canopen_interfaces/srv/detail/co_target_double__rosidl_typesupport_fastrtps_c.h
[12.828s] -- Installing: /home/ishaan/eboat_src/install/canopen_interfaces/include/canopen_interfaces/canopen_interfaces/srv/detail/co_write_id__rosidl_typesupport_fastrtps_c.h
[12.828s] -- Up-to-date: /home/ishaan/eboat_src/install/canopen_interfaces/include/canopen_interfaces/canopen_interfaces/msg
[12.828s] -- Installing: /home/ishaan/eboat_src/install/canopen_interfaces/include/canopen_interfaces/canopen_interfaces/msg/rosidl_typesupport_fastrtps_c__visibility_control.h
[12.829s] -- Up-to-date: /home/ishaan/eboat_src/install/canopen_interfaces/include/canopen_interfaces/canopen_interfaces/msg/detail
[12.829s] -- Installing: /home/ishaan/eboat_src/install/canopen_interfaces/include/canopen_interfaces/canopen_interfaces/msg/detail/co_data__rosidl_typesupport_fastrtps_c.h
[12.829s] -- Installing: /home/ishaan/eboat_src/install/canopen_interfaces/lib/libcanopen_interfaces__rosidl_typesupport_fastrtps_c.so
[12.829s] -- Set non-toolchain portion of runtime path of "/home/ishaan/eboat_src/install/canopen_interfaces/lib/libcanopen_interfaces__rosidl_typesupport_fastrtps_c.so" to ""
[12.829s] -- Up-to-date: /home/ishaan/eboat_src/install/canopen_interfaces/include/canopen_interfaces/canopen_interfaces
[12.830s] -- Up-to-date: /home/ishaan/eboat_src/install/canopen_interfaces/include/canopen_interfaces/canopen_interfaces/srv
[12.830s] -- Up-to-date: /home/ishaan/eboat_src/install/canopen_interfaces/include/canopen_interfaces/canopen_interfaces/srv/detail
[12.830s] -- Installing: /home/ishaan/eboat_src/install/canopen_interfaces/include/canopen_interfaces/canopen_interfaces/srv/detail/co_write_id__rosidl_typesupport_introspection_c.h
[12.830s] -- Installing: /home/ishaan/eboat_src/install/canopen_interfaces/include/canopen_interfaces/canopen_interfaces/srv/detail/co_read__type_support.c
[12.830s] -- Installing: /home/ishaan/eboat_src/install/canopen_interfaces/include/canopen_interfaces/canopen_interfaces/srv/detail/co_write_id__type_support.c
[12.831s] -- Installing: /home/ishaan/eboat_src/install/canopen_interfaces/include/canopen_interfaces/canopen_interfaces/srv/detail/co_read_id__rosidl_typesupport_introspection_c.h
[12.831s] -- Installing: /home/ishaan/eboat_src/install/canopen_interfaces/include/canopen_interfaces/canopen_interfaces/srv/detail/co_read_id__type_support.c
[12.831s] -- Installing: /home/ishaan/eboat_src/install/canopen_interfaces/include/canopen_interfaces/canopen_interfaces/srv/detail/co_nmt_id__rosidl_typesupport_introspection_c.h
[12.831s] -- Installing: /home/ishaan/eboat_src/install/canopen_interfaces/include/canopen_interfaces/canopen_interfaces/srv/detail/co_node__type_support.c
[12.831s] -- Installing: /home/ishaan/eboat_src/install/canopen_interfaces/include/canopen_interfaces/canopen_interfaces/srv/detail/co_read__rosidl_typesupport_introspection_c.h
[12.832s] -- Installing: /home/ishaan/eboat_src/install/canopen_interfaces/include/canopen_interfaces/canopen_interfaces/srv/detail/co_write__rosidl_typesupport_introspection_c.h
[12.832s] -- Installing: /home/ishaan/eboat_src/install/canopen_interfaces/include/canopen_interfaces/canopen_interfaces/srv/detail/co_write__type_support.c
[12.832s] -- Installing: /home/ishaan/eboat_src/install/canopen_interfaces/include/canopen_interfaces/canopen_interfaces/srv/detail/co_heartbeat_id__rosidl_typesupport_introspection_c.h
[12.832s] -- Installing: /home/ishaan/eboat_src/install/canopen_interfaces/include/canopen_interfaces/canopen_interfaces/srv/detail/co_node__rosidl_typesupport_introspection_c.h
[12.832s] -- Installing: /home/ishaan/eboat_src/install/canopen_interfaces/include/canopen_interfaces/canopen_interfaces/srv/detail/co_heartbeat_id__type_support.c
[12.832s] -- Installing: /home/ishaan/eboat_src/install/canopen_interfaces/include/canopen_interfaces/canopen_interfaces/srv/detail/co_target_double__rosidl_typesupport_introspection_c.h
[12.832s] -- Installing: /home/ishaan/eboat_src/install/canopen_interfaces/include/canopen_interfaces/canopen_interfaces/srv/detail/co_target_double__type_support.c
[12.833s] -- Installing: /home/ishaan/eboat_src/install/canopen_interfaces/include/canopen_interfaces/canopen_interfaces/srv/detail/co_nmt_id__type_support.c
[12.833s] -- Up-to-date: /home/ishaan/eboat_src/install/canopen_interfaces/include/canopen_interfaces/canopen_interfaces/msg
[12.833s] -- Installing: /home/ishaan/eboat_src/install/canopen_interfaces/include/canopen_interfaces/canopen_interfaces/msg/rosidl_typesupport_introspection_c__visibility_control.h
[12.833s] -- Up-to-date: /home/ishaan/eboat_src/install/canopen_interfaces/include/canopen_interfaces/canopen_interfaces/msg/detail
[12.833s] -- Installing: /home/ishaan/eboat_src/install/canopen_interfaces/include/canopen_interfaces/canopen_interfaces/msg/detail/co_data__type_support.c
[12.833s] -- Installing: /home/ishaan/eboat_src/install/canopen_interfaces/include/canopen_interfaces/canopen_interfaces/msg/detail/co_data__rosidl_typesupport_introspection_c.h
[12.834s] -- Installing: /home/ishaan/eboat_src/install/canopen_interfaces/lib/libcanopen_interfaces__rosidl_typesupport_introspection_c.so
[12.834s] -- Set non-toolchain portion of runtime path of "/home/ishaan/eboat_src/install/canopen_interfaces/lib/libcanopen_interfaces__rosidl_typesupport_introspection_c.so" to ""
[12.834s] -- Installing: /home/ishaan/eboat_src/install/canopen_interfaces/lib/libcanopen_interfaces__rosidl_typesupport_c.so
[12.834s] -- Set non-toolchain portion of runtime path of "/home/ishaan/eboat_src/install/canopen_interfaces/lib/libcanopen_interfaces__rosidl_typesupport_c.so" to ""
[12.834s] -- Up-to-date: /home/ishaan/eboat_src/install/canopen_interfaces/include/canopen_interfaces/canopen_interfaces
[12.835s] -- Up-to-date: /home/ishaan/eboat_src/install/canopen_interfaces/include/canopen_interfaces/canopen_interfaces/srv
[12.835s] -- Installing: /home/ishaan/eboat_src/install/canopen_interfaces/include/canopen_interfaces/canopen_interfaces/srv/co_heartbeat_id.hpp
[12.835s] -- Up-to-date: /home/ishaan/eboat_src/install/canopen_interfaces/include/canopen_interfaces/canopen_interfaces/srv/detail
[12.835s] -- Installing: /home/ishaan/eboat_src/install/canopen_interfaces/include/canopen_interfaces/canopen_interfaces/srv/detail/co_heartbeat_id__type_support.hpp
[12.835s] -- Installing: /home/ishaan/eboat_src/install/canopen_interfaces/include/canopen_interfaces/canopen_interfaces/srv/detail/co_target_double__type_support.hpp
[12.836s] -- Installing: /home/ishaan/eboat_src/install/canopen_interfaces/include/canopen_interfaces/canopen_interfaces/srv/detail/co_read_id__struct.hpp
[12.836s] -- Installing: /home/ishaan/eboat_src/install/canopen_interfaces/include/canopen_interfaces/canopen_interfaces/srv/detail/co_nmt_id__traits.hpp
[12.836s] -- Installing: /home/ishaan/eboat_src/install/canopen_interfaces/include/canopen_interfaces/canopen_interfaces/srv/detail/co_write_id__struct.hpp
[12.836s] -- Installing: /home/ishaan/eboat_src/install/canopen_interfaces/include/canopen_interfaces/canopen_interfaces/srv/detail/co_read__type_support.hpp
[12.836s] -- Installing: /home/ishaan/eboat_src/install/canopen_interfaces/include/canopen_interfaces/canopen_interfaces/srv/detail/co_read__builder.hpp
[12.836s] -- Installing: /home/ishaan/eboat_src/install/canopen_interfaces/include/canopen_interfaces/canopen_interfaces/srv/detail/co_read_id__builder.hpp
[12.836s] -- Installing: /home/ishaan/eboat_src/install/canopen_interfaces/include/canopen_interfaces/canopen_interfaces/srv/detail/co_read__traits.hpp
[12.836s] -- Installing: /home/ishaan/eboat_src/install/canopen_interfaces/include/canopen_interfaces/canopen_interfaces/srv/detail/co_read_id__traits.hpp
[12.836s] -- Installing: /home/ishaan/eboat_src/install/canopen_interfaces/include/canopen_interfaces/canopen_interfaces/srv/detail/co_write_id__builder.hpp
[12.836s] -- Installing: /home/ishaan/eboat_src/install/canopen_interfaces/include/canopen_interfaces/canopen_interfaces/srv/detail/co_node__traits.hpp
[12.836s] -- Installing: /home/ishaan/eboat_src/install/canopen_interfaces/include/canopen_interfaces/canopen_interfaces/srv/detail/co_write__traits.hpp
[12.836s] -- Installing: /home/ishaan/eboat_src/install/canopen_interfaces/include/canopen_interfaces/canopen_interfaces/srv/detail/co_write__builder.hpp
[12.836s] -- Installing: /home/ishaan/eboat_src/install/canopen_interfaces/include/canopen_interfaces/canopen_interfaces/srv/detail/co_target_double__traits.hpp
[12.837s] -- Installing: /home/ishaan/eboat_src/install/canopen_interfaces/include/canopen_interfaces/canopen_interfaces/srv/detail/co_write__type_support.hpp
[12.837s] -- Installing: /home/ishaan/eboat_src/install/canopen_interfaces/include/canopen_interfaces/canopen_interfaces/srv/detail/co_write__struct.hpp
[12.837s] -- Installing: /home/ishaan/eboat_src/install/canopen_interfaces/include/canopen_interfaces/canopen_interfaces/srv/detail/co_nmt_id__type_support.hpp
[12.837s] -- Installing: /home/ishaan/eboat_src/install/canopen_interfaces/include/canopen_interfaces/canopen_interfaces/srv/detail/co_node__type_support.hpp
[12.837s] -- Installing: /home/ishaan/eboat_src/install/canopen_interfaces/include/canopen_interfaces/canopen_interfaces/srv/detail/co_write_id__traits.hpp
[12.838s] -- Installing: /home/ishaan/eboat_src/install/canopen_interfaces/include/canopen_interfaces/canopen_interfaces/srv/detail/co_read__struct.hpp
[12.838s] -- Installing: /home/ishaan/eboat_src/install/canopen_interfaces/include/canopen_interfaces/canopen_interfaces/srv/detail/co_nmt_id__struct.hpp
[12.838s] -- Installing: /home/ishaan/eboat_src/install/canopen_interfaces/include/canopen_interfaces/canopen_interfaces/srv/detail/co_write_id__type_support.hpp
[12.838s] -- Installing: /home/ishaan/eboat_src/install/canopen_interfaces/include/canopen_interfaces/canopen_interfaces/srv/detail/co_target_double__builder.hpp
[12.838s] -- Installing: /home/ishaan/eboat_src/install/canopen_interfaces/include/canopen_interfaces/canopen_interfaces/srv/detail/co_node__builder.hpp
[12.839s] -- Installing: /home/ishaan/eboat_src/install/canopen_interfaces/include/canopen_interfaces/canopen_interfaces/srv/detail/co_node__struct.hpp
[12.839s] -- Installing: /home/ishaan/eboat_src/install/canopen_interfaces/include/canopen_interfaces/canopen_interfaces/srv/detail/co_heartbeat_id__builder.hpp
[12.839s] -- Installing: /home/ishaan/eboat_src/install/canopen_interfaces/include/canopen_interfaces/canopen_interfaces/srv/detail/co_heartbeat_id__struct.hpp
[12.839s] -- Installing: /home/ishaan/eboat_src/install/canopen_interfaces/include/canopen_interfaces/canopen_interfaces/srv/detail/co_read_id__type_support.hpp
[12.839s] -- Installing: /home/ishaan/eboat_src/install/canopen_interfaces/include/canopen_interfaces/canopen_interfaces/srv/detail/co_nmt_id__builder.hpp
[12.839s] -- Installing: /home/ishaan/eboat_src/install/canopen_interfaces/include/canopen_interfaces/canopen_interfaces/srv/detail/co_target_double__struct.hpp
[12.840s] -- Installing: /home/ishaan/eboat_src/install/canopen_interfaces/include/canopen_interfaces/canopen_interfaces/srv/detail/co_heartbeat_id__traits.hpp
[12.840s] -- Installing: /home/ishaan/eboat_src/install/canopen_interfaces/include/canopen_interfaces/canopen_interfaces/srv/co_target_double.hpp
[12.840s] -- Installing: /home/ishaan/eboat_src/install/canopen_interfaces/include/canopen_interfaces/canopen_interfaces/srv/co_read.hpp
[12.840s] -- Installing: /home/ishaan/eboat_src/install/canopen_interfaces/include/canopen_interfaces/canopen_interfaces/srv/co_node.hpp
[12.840s] -- Installing: /home/ishaan/eboat_src/install/canopen_interfaces/include/canopen_interfaces/canopen_interfaces/srv/co_read_id.hpp
[12.841s] -- Installing: /home/ishaan/eboat_src/install/canopen_interfaces/include/canopen_interfaces/canopen_interfaces/srv/co_write.hpp
[12.841s] -- Installing: /home/ishaan/eboat_src/install/canopen_interfaces/include/canopen_interfaces/canopen_interfaces/srv/co_write_id.hpp
[12.841s] -- Installing: /home/ishaan/eboat_src/install/canopen_interfaces/include/canopen_interfaces/canopen_interfaces/srv/co_nmt_id.hpp
[12.841s] -- Up-to-date: /home/ishaan/eboat_src/install/canopen_interfaces/include/canopen_interfaces/canopen_interfaces/msg
[12.841s] -- Installing: /home/ishaan/eboat_src/install/canopen_interfaces/include/canopen_interfaces/canopen_interfaces/msg/co_data.hpp
[12.842s] -- Up-to-date: /home/ishaan/eboat_src/install/canopen_interfaces/include/canopen_interfaces/canopen_interfaces/msg/detail
[12.842s] -- Installing: /home/ishaan/eboat_src/install/canopen_interfaces/include/canopen_interfaces/canopen_interfaces/msg/detail/co_data__builder.hpp
[12.842s] -- Installing: /home/ishaan/eboat_src/install/canopen_interfaces/include/canopen_interfaces/canopen_interfaces/msg/detail/co_data__traits.hpp
[12.842s] -- Installing: /home/ishaan/eboat_src/install/canopen_interfaces/include/canopen_interfaces/canopen_interfaces/msg/detail/co_data__struct.hpp
[12.842s] -- Installing: /home/ishaan/eboat_src/install/canopen_interfaces/include/canopen_interfaces/canopen_interfaces/msg/detail/co_data__type_support.hpp
[12.842s] -- Installing: /home/ishaan/eboat_src/install/canopen_interfaces/include/canopen_interfaces/canopen_interfaces/msg/rosidl_generator_cpp__visibility_control.hpp
[12.843s] -- Up-to-date: /home/ishaan/eboat_src/install/canopen_interfaces/include/canopen_interfaces/canopen_interfaces
[12.843s] -- Up-to-date: /home/ishaan/eboat_src/install/canopen_interfaces/include/canopen_interfaces/canopen_interfaces/srv
[12.843s] -- Up-to-date: /home/ishaan/eboat_src/install/canopen_interfaces/include/canopen_interfaces/canopen_interfaces/srv/detail
[12.843s] -- Installing: /home/ishaan/eboat_src/install/canopen_interfaces/include/canopen_interfaces/canopen_interfaces/srv/detail/co_node__rosidl_typesupport_fastrtps_cpp.hpp
[12.843s] -- Installing: /home/ishaan/eboat_src/install/canopen_interfaces/include/canopen_interfaces/canopen_interfaces/srv/detail/co_read__rosidl_typesupport_fastrtps_cpp.hpp
[12.843s] -- Installing: /home/ishaan/eboat_src/install/canopen_interfaces/include/canopen_interfaces/canopen_interfaces/srv/detail/co_write_id__rosidl_typesupport_fastrtps_cpp.hpp
[12.844s] -- Installing: /home/ishaan/eboat_src/install/canopen_interfaces/include/canopen_interfaces/canopen_interfaces/srv/detail/co_write__rosidl_typesupport_fastrtps_cpp.hpp
[12.844s] -- Installing: /home/ishaan/eboat_src/install/canopen_interfaces/include/canopen_interfaces/canopen_interfaces/srv/detail/co_nmt_id__rosidl_typesupport_fastrtps_cpp.hpp
[12.844s] -- Installing: /home/ishaan/eboat_src/install/canopen_interfaces/include/canopen_interfaces/canopen_interfaces/srv/detail/dds_fastrtps
[12.844s] -- Installing: /home/ishaan/eboat_src/install/canopen_interfaces/include/canopen_interfaces/canopen_interfaces/srv/detail/co_target_double__rosidl_typesupport_fastrtps_cpp.hpp
[12.844s] -- Installing: /home/ishaan/eboat_src/install/canopen_interfaces/include/canopen_interfaces/canopen_interfaces/srv/detail/co_heartbeat_id__rosidl_typesupport_fastrtps_cpp.hpp
[12.844s] -- Installing: /home/ishaan/eboat_src/install/canopen_interfaces/include/canopen_interfaces/canopen_interfaces/srv/detail/co_read_id__rosidl_typesupport_fastrtps_cpp.hpp
[12.845s] -- Up-to-date: /home/ishaan/eboat_src/install/canopen_interfaces/include/canopen_interfaces/canopen_interfaces/msg
[12.845s] -- Up-to-date: /home/ishaan/eboat_src/install/canopen_interfaces/include/canopen_interfaces/canopen_interfaces/msg/detail
[12.845s] -- Installing: /home/ishaan/eboat_src/install/canopen_interfaces/include/canopen_interfaces/canopen_interfaces/msg/detail/co_data__rosidl_typesupport_fastrtps_cpp.hpp
[12.845s] -- Installing: /home/ishaan/eboat_src/install/canopen_interfaces/include/canopen_interfaces/canopen_interfaces/msg/detail/dds_fastrtps
[12.845s] -- Installing: /home/ishaan/eboat_src/install/canopen_interfaces/include/canopen_interfaces/canopen_interfaces/msg/rosidl_typesupport_fastrtps_cpp__visibility_control.h
[12.845s] -- Installing: /home/ishaan/eboat_src/install/canopen_interfaces/lib/libcanopen_interfaces__rosidl_typesupport_fastrtps_cpp.so
[12.846s] -- Set non-toolchain portion of runtime path of "/home/ishaan/eboat_src/install/canopen_interfaces/lib/libcanopen_interfaces__rosidl_typesupport_fastrtps_cpp.so" to ""
[12.846s] -- Up-to-date: /home/ishaan/eboat_src/install/canopen_interfaces/include/canopen_interfaces/canopen_interfaces
[12.846s] -- Up-to-date: /home/ishaan/eboat_src/install/canopen_interfaces/include/canopen_interfaces/canopen_interfaces/srv
[12.846s] -- Up-to-date: /home/ishaan/eboat_src/install/canopen_interfaces/include/canopen_interfaces/canopen_interfaces/srv/detail
[12.846s] -- Installing: /home/ishaan/eboat_src/install/canopen_interfaces/include/canopen_interfaces/canopen_interfaces/srv/detail/co_write__type_support.cpp
[12.846s] -- Installing: /home/ishaan/eboat_src/install/canopen_interfaces/include/canopen_interfaces/canopen_interfaces/srv/detail/co_read_id__type_support.cpp
[12.846s] -- Installing: /home/ishaan/eboat_src/install/canopen_interfaces/include/canopen_interfaces/canopen_interfaces/srv/detail/co_nmt_id__type_support.cpp
[12.847s] -- Installing: /home/ishaan/eboat_src/install/canopen_interfaces/include/canopen_interfaces/canopen_interfaces/srv/detail/co_heartbeat_id__rosidl_typesupport_introspection_cpp.hpp
[12.847s] -- Installing: /home/ishaan/eboat_src/install/canopen_interfaces/include/canopen_interfaces/canopen_interfaces/srv/detail/co_nmt_id__rosidl_typesupport_introspection_cpp.hpp
[12.847s] -- Installing: /home/ishaan/eboat_src/install/canopen_interfaces/include/canopen_interfaces/canopen_interfaces/srv/detail/co_target_double__rosidl_typesupport_introspection_cpp.hpp
[12.847s] -- Installing: /home/ishaan/eboat_src/install/canopen_interfaces/include/canopen_interfaces/canopen_interfaces/srv/detail/co_target_double__type_support.cpp
[12.847s] -- Installing: /home/ishaan/eboat_src/install/canopen_interfaces/include/canopen_interfaces/canopen_interfaces/srv/detail/co_write__rosidl_typesupport_introspection_cpp.hpp
[12.847s] -- Installing: /home/ishaan/eboat_src/install/canopen_interfaces/include/canopen_interfaces/canopen_interfaces/srv/detail/co_node__type_support.cpp
[12.847s] -- Installing: /home/ishaan/eboat_src/install/canopen_interfaces/include/canopen_interfaces/canopen_interfaces/srv/detail/co_write_id__rosidl_typesupport_introspection_cpp.hpp
[12.847s] -- Installing: /home/ishaan/eboat_src/install/canopen_interfaces/include/canopen_interfaces/canopen_interfaces/srv/detail/co_read__rosidl_typesupport_introspection_cpp.hpp
[12.847s] -- Installing: /home/ishaan/eboat_src/install/canopen_interfaces/include/canopen_interfaces/canopen_interfaces/srv/detail/co_read_id__rosidl_typesupport_introspection_cpp.hpp
[12.847s] -- Installing: /home/ishaan/eboat_src/install/canopen_interfaces/include/canopen_interfaces/canopen_interfaces/srv/detail/co_write_id__type_support.cpp
[12.847s] -- Installing: /home/ishaan/eboat_src/install/canopen_interfaces/include/canopen_interfaces/canopen_interfaces/srv/detail/co_read__type_support.cpp
[12.847s] -- Installing: /home/ishaan/eboat_src/install/canopen_interfaces/include/canopen_interfaces/canopen_interfaces/srv/detail/co_heartbeat_id__type_support.cpp
[12.847s] -- Installing: /home/ishaan/eboat_src/install/canopen_interfaces/include/canopen_interfaces/canopen_interfaces/srv/detail/co_node__rosidl_typesupport_introspection_cpp.hpp
[12.847s] -- Up-to-date: /home/ishaan/eboat_src/install/canopen_interfaces/include/canopen_interfaces/canopen_interfaces/msg
[12.847s] -- Up-to-date: /home/ishaan/eboat_src/install/canopen_interfaces/include/canopen_interfaces/canopen_interfaces/msg/detail
[12.847s] -- Installing: /home/ishaan/eboat_src/install/canopen_interfaces/include/canopen_interfaces/canopen_interfaces/msg/detail/co_data__type_support.cpp
[12.848s] -- Installing: /home/ishaan/eboat_src/install/canopen_interfaces/include/canopen_interfaces/canopen_interfaces/msg/detail/co_data__rosidl_typesupport_introspection_cpp.hpp
[12.848s] -- Installing: /home/ishaan/eboat_src/install/canopen_interfaces/lib/libcanopen_interfaces__rosidl_typesupport_introspection_cpp.so
[12.848s] -- Set non-toolchain portion of runtime path of "/home/ishaan/eboat_src/install/canopen_interfaces/lib/libcanopen_interfaces__rosidl_typesupport_introspection_cpp.so" to ""
[12.848s] -- Installing: /home/ishaan/eboat_src/install/canopen_interfaces/lib/libcanopen_interfaces__rosidl_typesupport_cpp.so
[12.848s] -- Set non-toolchain portion of runtime path of "/home/ishaan/eboat_src/install/canopen_interfaces/lib/libcanopen_interfaces__rosidl_typesupport_cpp.so" to ""
[12.848s] -- Installing: /home/ishaan/eboat_src/install/canopen_interfaces/share/canopen_interfaces/environment/pythonpath.sh
[12.848s] -- Installing: /home/ishaan/eboat_src/install/canopen_interfaces/share/canopen_interfaces/environment/pythonpath.dsv
[12.848s] -- Installing: /home/ishaan/eboat_src/install/canopen_interfaces/lib/python3.12/site-packages/canopen_interfaces-0.3.1-py3.12.egg-info
[12.848s] -- Installing: /home/ishaan/eboat_src/install/canopen_interfaces/lib/python3.12/site-packages/canopen_interfaces-0.3.1-py3.12.egg-info/top_level.txt
[12.848s] -- Installing: /home/ishaan/eboat_src/install/canopen_interfaces/lib/python3.12/site-packages/canopen_interfaces-0.3.1-py3.12.egg-info/SOURCES.txt
[12.848s] -- Installing: /home/ishaan/eboat_src/install/canopen_interfaces/lib/python3.12/site-packages/canopen_interfaces-0.3.1-py3.12.egg-info/PKG-INFO
[12.848s] -- Installing: /home/ishaan/eboat_src/install/canopen_interfaces/lib/python3.12/site-packages/canopen_interfaces-0.3.1-py3.12.egg-info/dependency_links.txt
[12.848s] -- Installing: /home/ishaan/eboat_src/install/canopen_interfaces/lib/python3.12/site-packages/canopen_interfaces
[12.848s] -- Installing: /home/ishaan/eboat_src/install/canopen_interfaces/lib/python3.12/site-packages/canopen_interfaces/canopen_interfaces_s__rosidl_typesupport_c.so
[12.848s] -- Installing: /home/ishaan/eboat_src/install/canopen_interfaces/lib/python3.12/site-packages/canopen_interfaces/_canopen_interfaces_s.ep.rosidl_typesupport_c.c
[12.848s] -- Installing: /home/ishaan/eboat_src/install/canopen_interfaces/lib/python3.12/site-packages/canopen_interfaces/_canopen_interfaces_s.ep.rosidl_typesupport_fastrtps_c.c
[12.848s] -- Installing: /home/ishaan/eboat_src/install/canopen_interfaces/lib/python3.12/site-packages/canopen_interfaces/_canopen_interfaces_s.ep.rosidl_typesupport_introspection_c.c
[12.848s] -- Installing: /home/ishaan/eboat_src/install/canopen_interfaces/lib/python3.12/site-packages/canopen_interfaces/canopen_interfaces_s__rosidl_typesupport_fastrtps_c.so
[12.848s] -- Installing: /home/ishaan/eboat_src/install/canopen_interfaces/lib/python3.12/site-packages/canopen_interfaces/srv
[12.848s] -- Installing: /home/ishaan/eboat_src/install/canopen_interfaces/lib/python3.12/site-packages/canopen_interfaces/srv/_co_heartbeat_id_s.c
[12.848s] -- Installing: /home/ishaan/eboat_src/install/canopen_interfaces/lib/python3.12/site-packages/canopen_interfaces/srv/_co_read_id.py
[12.848s] -- Installing: /home/ishaan/eboat_src/install/canopen_interfaces/lib/python3.12/site-packages/canopen_interfaces/srv/_co_write_id.py
[12.848s] -- Installing: /home/ishaan/eboat_src/install/canopen_interfaces/lib/python3.12/site-packages/canopen_interfaces/srv/_co_write_id_s.c
[12.848s] -- Installing: /home/ishaan/eboat_src/install/canopen_interfaces/lib/python3.12/site-packages/canopen_interfaces/srv/_co_target_double.py
[12.848s] -- Installing: /home/ishaan/eboat_src/install/canopen_interfaces/lib/python3.12/site-packages/canopen_interfaces/srv/_co_nmt_id_s.c
[12.848s] -- Installing: /home/ishaan/eboat_src/install/canopen_interfaces/lib/python3.12/site-packages/canopen_interfaces/srv/_co_node.py
[12.848s] -- Installing: /home/ishaan/eboat_src/install/canopen_interfaces/lib/python3.12/site-packages/canopen_interfaces/srv/_co_read_s.c
[12.848s] -- Installing: /home/ishaan/eboat_src/install/canopen_interfaces/lib/python3.12/site-packages/canopen_interfaces/srv/_co_read_id_s.c
[12.848s] -- Installing: /home/ishaan/eboat_src/install/canopen_interfaces/lib/python3.12/site-packages/canopen_interfaces/srv/_co_read.py
[12.848s] -- Installing: /home/ishaan/eboat_src/install/canopen_interfaces/lib/python3.12/site-packages/canopen_interfaces/srv/_co_write_s.c
[12.848s] -- Installing: /home/ishaan/eboat_src/install/canopen_interfaces/lib/python3.12/site-packages/canopen_interfaces/srv/_co_node_s.c
[12.848s] -- Installing: /home/ishaan/eboat_src/install/canopen_interfaces/lib/python3.12/site-packages/canopen_interfaces/srv/_co_heartbeat_id.py
[12.848s] -- Installing: /home/ishaan/eboat_src/install/canopen_interfaces/lib/python3.12/site-packages/canopen_interfaces/srv/_co_nmt_id.py
[12.848s] -- Installing: /home/ishaan/eboat_src/install/canopen_interfaces/lib/python3.12/site-packages/canopen_interfaces/srv/_co_write.py
[12.848s] -- Installing: /home/ishaan/eboat_src/install/canopen_interfaces/lib/python3.12/site-packages/canopen_interfaces/srv/__init__.py
[12.848s] -- Installing: /home/ishaan/eboat_src/install/canopen_interfaces/lib/python3.12/site-packages/canopen_interfaces/srv/_co_target_double_s.c
[12.848s] -- Installing: /home/ishaan/eboat_src/install/canopen_interfaces/lib/python3.12/site-packages/canopen_interfaces/msg
[12.848s] -- Installing: /home/ishaan/eboat_src/install/canopen_interfaces/lib/python3.12/site-packages/canopen_interfaces/msg/_co_data.py
[12.848s] -- Installing: /home/ishaan/eboat_src/install/canopen_interfaces/lib/python3.12/site-packages/canopen_interfaces/msg/_co_data_s.c
[12.849s] -- Installing: /home/ishaan/eboat_src/install/canopen_interfaces/lib/python3.12/site-packages/canopen_interfaces/msg/__init__.py
[12.849s] -- Installing: /home/ishaan/eboat_src/install/canopen_interfaces/lib/python3.12/site-packages/canopen_interfaces/__init__.py
[12.849s] -- Installing: /home/ishaan/eboat_src/install/canopen_interfaces/lib/python3.12/site-packages/canopen_interfaces/canopen_interfaces_s__rosidl_typesupport_introspection_c.so
[12.890s] Listing '/home/ishaan/eboat_src/install/canopen_interfaces/lib/python3.12/site-packages/canopen_interfaces'...
[12.890s] Compiling '/home/ishaan/eboat_src/install/canopen_interfaces/lib/python3.12/site-packages/canopen_interfaces/__init__.py'...
[12.890s] Listing '/home/ishaan/eboat_src/install/canopen_interfaces/lib/python3.12/site-packages/canopen_interfaces/msg'...
[12.891s] Compiling '/home/ishaan/eboat_src/install/canopen_interfaces/lib/python3.12/site-packages/canopen_interfaces/msg/__init__.py'...
[12.891s] Compiling '/home/ishaan/eboat_src/install/canopen_interfaces/lib/python3.12/site-packages/canopen_interfaces/msg/_co_data.py'...
[12.891s] Listing '/home/ishaan/eboat_src/install/canopen_interfaces/lib/python3.12/site-packages/canopen_interfaces/srv'...
[12.891s] Compiling '/home/ishaan/eboat_src/install/canopen_interfaces/lib/python3.12/site-packages/canopen_interfaces/srv/__init__.py'...
[12.891s] Compiling '/home/ishaan/eboat_src/install/canopen_interfaces/lib/python3.12/site-packages/canopen_interfaces/srv/_co_heartbeat_id.py'...
[12.891s] Compiling '/home/ishaan/eboat_src/install/canopen_interfaces/lib/python3.12/site-packages/canopen_interfaces/srv/_co_nmt_id.py'...
[12.891s] Compiling '/home/ishaan/eboat_src/install/canopen_interfaces/lib/python3.12/site-packages/canopen_interfaces/srv/_co_node.py'...
[12.891s] Compiling '/home/ishaan/eboat_src/install/canopen_interfaces/lib/python3.12/site-packages/canopen_interfaces/srv/_co_read.py'...
[12.891s] Compiling '/home/ishaan/eboat_src/install/canopen_interfaces/lib/python3.12/site-packages/canopen_interfaces/srv/_co_read_id.py'...
[12.891s] Compiling '/home/ishaan/eboat_src/install/canopen_interfaces/lib/python3.12/site-packages/canopen_interfaces/srv/_co_target_double.py'...
[12.891s] Compiling '/home/ishaan/eboat_src/install/canopen_interfaces/lib/python3.12/site-packages/canopen_interfaces/srv/_co_write.py'...
[12.891s] Compiling '/home/ishaan/eboat_src/install/canopen_interfaces/lib/python3.12/site-packages/canopen_interfaces/srv/_co_write_id.py'...
[12.896s] -- Installing: /home/ishaan/eboat_src/install/canopen_interfaces/lib/python3.12/site-packages/canopen_interfaces/canopen_interfaces_s__rosidl_typesupport_fastrtps_c.so
[12.896s] -- Set non-toolchain portion of runtime path of "/home/ishaan/eboat_src/install/canopen_interfaces/lib/python3.12/site-packages/canopen_interfaces/canopen_interfaces_s__rosidl_typesupport_fastrtps_c.so" to ""
[12.897s] -- Installing: /home/ishaan/eboat_src/install/canopen_interfaces/lib/python3.12/site-packages/canopen_interfaces/canopen_interfaces_s__rosidl_typesupport_introspection_c.so
[12.897s] -- Set non-toolchain portion of runtime path of "/home/ishaan/eboat_src/install/canopen_interfaces/lib/python3.12/site-packages/canopen_interfaces/canopen_interfaces_s__rosidl_typesupport_introspection_c.so" to ""
[12.897s] -- Installing: /home/ishaan/eboat_src/install/canopen_interfaces/lib/python3.12/site-packages/canopen_interfaces/canopen_interfaces_s__rosidl_typesupport_c.so
[12.897s] -- Set non-toolchain portion of runtime path of "/home/ishaan/eboat_src/install/canopen_interfaces/lib/python3.12/site-packages/canopen_interfaces/canopen_interfaces_s__rosidl_typesupport_c.so" to ""
[12.897s] -- Installing: /home/ishaan/eboat_src/install/canopen_interfaces/lib/libcanopen_interfaces__rosidl_generator_py.so
[12.898s] -- Set non-toolchain portion of runtime path of "/home/ishaan/eboat_src/install/canopen_interfaces/lib/libcanopen_interfaces__rosidl_generator_py.so" to ""
[12.898s] -- Installing: /home/ishaan/eboat_src/install/canopen_interfaces/share/canopen_interfaces/srv/COHeartbeatID.idl
[12.898s] -- Installing: /home/ishaan/eboat_src/install/canopen_interfaces/share/canopen_interfaces/srv/CONmtID.idl
[12.898s] -- Installing: /home/ishaan/eboat_src/install/canopen_interfaces/share/canopen_interfaces/srv/CORead.idl
[12.898s] -- Installing: /home/ishaan/eboat_src/install/canopen_interfaces/share/canopen_interfaces/srv/COReadID.idl
[12.899s] -- Installing: /home/ishaan/eboat_src/install/canopen_interfaces/share/canopen_interfaces/srv/COWrite.idl
[12.899s] -- Installing: /home/ishaan/eboat_src/install/canopen_interfaces/share/canopen_interfaces/srv/COWriteID.idl
[12.899s] -- Installing: /home/ishaan/eboat_src/install/canopen_interfaces/share/canopen_interfaces/srv/COTargetDouble.idl
[12.899s] -- Installing: /home/ishaan/eboat_src/install/canopen_interfaces/share/canopen_interfaces/srv/CONode.idl
[12.899s] -- Installing: /home/ishaan/eboat_src/install/canopen_interfaces/share/canopen_interfaces/msg/COData.idl
[12.900s] -- Installing: /home/ishaan/eboat_src/install/canopen_interfaces/share/canopen_interfaces/srv/COHeartbeatID.srv
[12.900s] -- Installing: /home/ishaan/eboat_src/install/canopen_interfaces/share/canopen_interfaces/srv/CONmtID.srv
[12.900s] -- Installing: /home/ishaan/eboat_src/install/canopen_interfaces/share/canopen_interfaces/srv/CORead.srv
[12.900s] -- Installing: /home/ishaan/eboat_src/install/canopen_interfaces/share/canopen_interfaces/srv/COReadID.srv
[12.900s] -- Installing: /home/ishaan/eboat_src/install/canopen_interfaces/share/canopen_interfaces/srv/COWrite.srv
[12.901s] -- Installing: /home/ishaan/eboat_src/install/canopen_interfaces/share/canopen_interfaces/srv/COWriteID.srv
[12.901s] -- Installing: /home/ishaan/eboat_src/install/canopen_interfaces/share/canopen_interfaces/srv/COTargetDouble.srv
[12.901s] -- Installing: /home/ishaan/eboat_src/install/canopen_interfaces/share/canopen_interfaces/srv/CONode.srv
[12.901s] -- Installing: /home/ishaan/eboat_src/install/canopen_interfaces/share/canopen_interfaces/msg/COData.msg
[12.901s] -- Installing: /home/ishaan/eboat_src/install/canopen_interfaces/share/ament_index/resource_index/package_run_dependencies/canopen_interfaces
[12.901s] -- Installing: /home/ishaan/eboat_src/install/canopen_interfaces/share/ament_index/resource_index/parent_prefix_path/canopen_interfaces
[12.902s] -- Installing: /home/ishaan/eboat_src/install/canopen_interfaces/share/canopen_interfaces/environment/ament_prefix_path.sh
[12.902s] -- Installing: /home/ishaan/eboat_src/install/canopen_interfaces/share/canopen_interfaces/environment/ament_prefix_path.dsv
[12.902s] -- Installing: /home/ishaan/eboat_src/install/canopen_interfaces/share/canopen_interfaces/environment/path.sh
[12.902s] -- Installing: /home/ishaan/eboat_src/install/canopen_interfaces/share/canopen_interfaces/environment/path.dsv
[12.902s] -- Installing: /home/ishaan/eboat_src/install/canopen_interfaces/share/canopen_interfaces/local_setup.bash
[12.902s] -- Installing: /home/ishaan/eboat_src/install/canopen_interfaces/share/canopen_interfaces/local_setup.sh
[12.902s] -- Installing: /home/ishaan/eboat_src/install/canopen_interfaces/share/canopen_interfaces/local_setup.zsh
[12.903s] -- Installing: /home/ishaan/eboat_src/install/canopen_interfaces/share/canopen_interfaces/local_setup.dsv
[12.903s] -- Installing: /home/ishaan/eboat_src/install/canopen_interfaces/share/canopen_interfaces/package.dsv
[12.903s] -- Installing: /home/ishaan/eboat_src/install/canopen_interfaces/share/ament_index/resource_index/packages/canopen_interfaces
[12.903s] -- Installing: /home/ishaan/eboat_src/install/canopen_interfaces/share/canopen_interfaces/cmake/export_canopen_interfaces__rosidl_generator_cExport.cmake
[12.904s] -- Installing: /home/ishaan/eboat_src/install/canopen_interfaces/share/canopen_interfaces/cmake/export_canopen_interfaces__rosidl_generator_cExport-noconfig.cmake
[12.904s] -- Installing: /home/ishaan/eboat_src/install/canopen_interfaces/share/canopen_interfaces/cmake/export_canopen_interfaces__rosidl_typesupport_fastrtps_cExport.cmake
[12.904s] -- Installing: /home/ishaan/eboat_src/install/canopen_interfaces/share/canopen_interfaces/cmake/export_canopen_interfaces__rosidl_typesupport_fastrtps_cExport-noconfig.cmake
[12.904s] -- Installing: /home/ishaan/eboat_src/install/canopen_interfaces/share/canopen_interfaces/cmake/canopen_interfaces__rosidl_typesupport_introspection_cExport.cmake
[12.905s] -- Installing: /home/ishaan/eboat_src/install/canopen_interfaces/share/canopen_interfaces/cmake/canopen_interfaces__rosidl_typesupport_introspection_cExport-noconfig.cmake
[12.905s] -- Installing: /home/ishaan/eboat_src/install/canopen_interfaces/share/canopen_interfaces/cmake/canopen_interfaces__rosidl_typesupport_cExport.cmake
[12.905s] -- Installing: /home/ishaan/eboat_src/install/canopen_interfaces/share/canopen_interfaces/cmake/canopen_interfaces__rosidl_typesupport_cExport-noconfig.cmake
[12.905s] -- Installing: /home/ishaan/eboat_src/install/canopen_interfaces/share/canopen_interfaces/cmake/export_canopen_interfaces__rosidl_generator_cppExport.cmake
[12.905s] -- Installing: /home/ishaan/eboat_src/install/canopen_interfaces/share/canopen_interfaces/cmake/export_canopen_interfaces__rosidl_typesupport_fastrtps_cppExport.cmake
[12.906s] -- Installing: /home/ishaan/eboat_src/install/canopen_interfaces/share/canopen_interfaces/cmake/export_canopen_interfaces__rosidl_typesupport_fastrtps_cppExport-noconfig.cmake
[12.906s] -- Installing: /home/ishaan/eboat_src/install/canopen_interfaces/share/canopen_interfaces/cmake/canopen_interfaces__rosidl_typesupport_introspection_cppExport.cmake
[12.906s] -- Installing: /home/ishaan/eboat_src/install/canopen_interfaces/share/canopen_interfaces/cmake/canopen_interfaces__rosidl_typesupport_introspection_cppExport-noconfig.cmake
[12.906s] -- Installing: /home/ishaan/eboat_src/install/canopen_interfaces/share/canopen_interfaces/cmake/canopen_interfaces__rosidl_typesupport_cppExport.cmake
[12.906s] -- Installing: /home/ishaan/eboat_src/install/canopen_interfaces/share/canopen_interfaces/cmake/canopen_interfaces__rosidl_typesupport_cppExport-noconfig.cmake
[12.906s] -- Installing: /home/ishaan/eboat_src/install/canopen_interfaces/share/canopen_interfaces/cmake/export_canopen_interfaces__rosidl_generator_pyExport.cmake
[12.906s] -- Installing: /home/ishaan/eboat_src/install/canopen_interfaces/share/canopen_interfaces/cmake/export_canopen_interfaces__rosidl_generator_pyExport-noconfig.cmake
[12.906s] -- Installing: /home/ishaan/eboat_src/install/canopen_interfaces/share/canopen_interfaces/cmake/rosidl_cmake-extras.cmake
[12.906s] -- Installing: /home/ishaan/eboat_src/install/canopen_interfaces/share/canopen_interfaces/cmake/ament_cmake_export_dependencies-extras.cmake
[12.906s] -- Installing: /home/ishaan/eboat_src/install/canopen_interfaces/share/canopen_interfaces/cmake/ament_cmake_export_include_directories-extras.cmake
[12.906s] -- Installing: /home/ishaan/eboat_src/install/canopen_interfaces/share/canopen_interfaces/cmake/ament_cmake_export_libraries-extras.cmake
[12.906s] -- Installing: /home/ishaan/eboat_src/install/canopen_interfaces/share/canopen_interfaces/cmake/ament_cmake_export_targets-extras.cmake
[12.907s] -- Installing: /home/ishaan/eboat_src/install/canopen_interfaces/share/canopen_interfaces/cmake/rosidl_cmake_export_typesupport_targets-extras.cmake
[12.907s] -- Installing: /home/ishaan/eboat_src/install/canopen_interfaces/share/canopen_interfaces/cmake/rosidl_cmake_export_typesupport_libraries-extras.cmake
[12.907s] -- Installing: /home/ishaan/eboat_src/install/canopen_interfaces/share/canopen_interfaces/cmake/canopen_interfacesConfig.cmake
[12.907s] -- Installing: /home/ishaan/eboat_src/install/canopen_interfaces/share/canopen_interfaces/cmake/canopen_interfacesConfig-version.cmake
[12.907s] -- Installing: /home/ishaan/eboat_src/install/canopen_interfaces/share/canopen_interfaces/package.xml
[12.909s] Invoked command in '/home/ishaan/eboat_src/build/canopen_interfaces' returned '0': CMAKE_PREFIX_PATH=${CMAKE_PREFIX_PATH}:/home/ishaan/eboat_src/ros_ws/install/canopen_utils:/home/ishaan/eboat_src/ros_ws/install/shore_comms:/home/ishaan/eboat_src/ros_ws/install/motor_node_test:/home/ishaan/eboat_src/ros_ws/install/motor_node:/home/ishaan/eboat_src/ros_ws/install/motion_node_test:/home/ishaan/eboat_src/ros_ws/install/motion_node:/home/ishaan/eboat_src/ros_ws/install/electrical_node_test:/home/ishaan/eboat_src/ros_ws/install/electrical_node:/home/ishaan/eboat_src/ros_ws/install/alarms_watchdog_node:/home/ishaan/eboat_src/ros_ws/install/GPIO_Test:/opt/ros/kilted /usr/bin/cmake --install /home/ishaan/eboat_src/build/canopen_interfaces
