[0.143s] Invoking command in '/home/ishaan/eboat_src/build/gpio_interfaces': CMAKE_PREFIX_PATH=${CMAKE_PREFIX_PATH}:/home/ishaan/eboat_src/install/shore_comms:/home/ishaan/eboat_src/install/examples_rclpy_minimal_action_client:/home/ishaan/eboat_src/install/examples_rclpy_guard_conditions:/home/ishaan/eboat_src/install/examples_rclpy_executors:/home/ishaan/eboat_src/install/GPIO_Test:/opt/ros/kilted /usr/bin/cmake /home/ishaan/eboat_src/ros_ws/src/gpio_interfaces -DCMAKE_INSTALL_PREFIX=/home/ishaan/eboat_src/install/gpio_interfaces
[0.152s] -- Found ament_cmake: 2.7.3 (/opt/ros/kilted/share/ament_cmake/cmake)
[0.312s] -- Found ament_lint_auto: 0.19.2 (/opt/ros/kilted/share/ament_lint_auto/cmake)
[0.381s] -- Found rosidl_default_generators: 1.7.1 (/opt/ros/kilted/share/rosidl_default_generators/cmake)
[0.382s] -- Using all available rosidl_typesupport_c: rosidl_typesupport_fastrtps_c;rosidl_typesupport_introspection_c
[0.561s] -- Using all available rosidl_typesupport_cpp: rosidl_typesupport_fastrtps_cpp;rosidl_typesupport_introspection_cpp
[0.578s] -- Found rosidl_adapter: 4.9.5 (/opt/ros/kilted/share/rosidl_adapter/cmake)
[0.968s] -- Found ament_cmake_ros_core: 0.14.3 (/opt/ros/kilted/share/ament_cmake_ros_core/cmake)
[1.265s] -- Using all available rosidl_typesupport_c: rosidl_typesupport_fastrtps_c;rosidl_typesupport_introspection_c
[1.658s] -- Using all available rosidl_typesupport_cpp: rosidl_typesupport_fastrtps_cpp;rosidl_typesupport_introspection_cpp
[2.056s] -- Found Python3: /usr/bin/python3 (found version "3.12.3") found components: Interpreter Development NumPy Development.Module Development.Embed 
[2.084s] -- Added test 'lint_cmake' to check CMake code style
[2.085s] -- Added test 'xmllint' to check XML markup files
[2.094s] -- Configuring done (1.9s)
[2.119s] -- Generating done (0.0s)
[2.126s] -- Build files have been written to: /home/ishaan/eboat_src/build/gpio_interfaces
[2.134s] Invoked command in '/home/ishaan/eboat_src/build/gpio_interfaces' returned '0': CMAKE_PREFIX_PATH=${CMAKE_PREFIX_PATH}:/home/ishaan/eboat_src/install/shore_comms:/home/ishaan/eboat_src/install/examples_rclpy_minimal_action_client:/home/ishaan/eboat_src/install/examples_rclpy_guard_conditions:/home/ishaan/eboat_src/install/examples_rclpy_executors:/home/ishaan/eboat_src/install/GPIO_Test:/opt/ros/kilted /usr/bin/cmake /home/ishaan/eboat_src/ros_ws/src/gpio_interfaces -DCMAKE_INSTALL_PREFIX=/home/ishaan/eboat_src/install/gpio_interfaces
[2.134s] Invoking command in '/home/ishaan/eboat_src/build/gpio_interfaces': CMAKE_PREFIX_PATH=${CMAKE_PREFIX_PATH}:/home/ishaan/eboat_src/install/shore_comms:/home/ishaan/eboat_src/install/examples_rclpy_minimal_action_client:/home/ishaan/eboat_src/install/examples_rclpy_guard_conditions:/home/ishaan/eboat_src/install/examples_rclpy_executors:/home/ishaan/eboat_src/install/GPIO_Test:/opt/ros/kilted /usr/bin/cmake --build /home/ishaan/eboat_src/build/gpio_interfaces -- -j16 -l16
[2.170s] [  2%] [34m[1mGenerating type hashes for ROS interfaces[0m
[2.176s] [  2%] Built target ament_cmake_python_copy_gpio_interfaces
[2.327s] running egg_info
[2.328s] creating gpio_interfaces.egg-info
[2.345s] writing gpio_interfaces.egg-info/PKG-INFO
[2.345s] writing dependency_links to gpio_interfaces.egg-info/dependency_links.txt
[2.346s] writing top-level names to gpio_interfaces.egg-info/top_level.txt
[2.346s] writing manifest file 'gpio_interfaces.egg-info/SOURCES.txt'
[2.357s] [  2%] Built target gpio_interfaces__rosidl_generator_type_description
[2.365s] [  5%] [34m[1mGenerating C code for ROS interfaces[0m
[2.374s] [  8%] [34m[1mGenerating C++ code for ROS interfaces[0m
[2.388s] reading manifest file 'gpio_interfaces.egg-info/SOURCES.txt'
[2.388s] writing manifest file 'gpio_interfaces.egg-info/SOURCES.txt'
[2.415s] [  8%] Built target ament_cmake_python_build_gpio_interfaces_egg
[2.549s] [  8%] Built target gpio_interfaces__cpp
[2.582s] [ 11%] [32mBuilding C object CMakeFiles/gpio_interfaces__rosidl_generator_c.dir/rosidl_generator_c/gpio_interfaces/msg/detail/gpio_result__functions.c.o[0m
[2.584s] [ 14%] [32mBuilding C object CMakeFiles/gpio_interfaces__rosidl_generator_c.dir/rosidl_generator_c/gpio_interfaces/msg/detail/gpio_result__type_support.c.o[0m
[2.586s] [ 17%] [32mBuilding C object CMakeFiles/gpio_interfaces__rosidl_generator_c.dir/rosidl_generator_c/gpio_interfaces/msg/detail/gpio_result__description.c.o[0m
[2.651s] [ 20%] [32m[1mLinking C shared library libgpio_interfaces__rosidl_generator_c.so[0m
[2.794s] [ 20%] Built target gpio_interfaces__rosidl_generator_c
[2.803s] [ 26%] [34m[1mGenerating C++ introspection for ROS interfaces[0m
[2.803s] [ 26%] [34m[1mGenerating C type support for eProsima Fast-RTPS[0m
[2.803s] [ 32%] [34m[1mGenerating C++ type support for eProsima Fast-RTPS[0m
[2.803s] [ 32%] [34m[1mGenerating C introspection for ROS interfaces[0m
[2.803s] [ 35%] [34m[1mGenerating C++ type support dispatch for ROS interfaces[0m
[2.803s] [ 38%] [34m[1mGenerating C type support dispatch for ROS interfaces[0m
[3.020s] [ 44%] [32mBuilding CXX object CMakeFiles/gpio_interfaces__rosidl_typesupport_c.dir/rosidl_typesupport_c/gpio_interfaces/msg/gpio_result__type_support.cpp.o[0m
[3.020s] [ 44%] [32mBuilding CXX object CMakeFiles/gpio_interfaces__rosidl_typesupport_cpp.dir/rosidl_typesupport_cpp/gpio_interfaces/msg/gpio_result__type_support.cpp.o[0m
[3.027s] [ 47%] [32mBuilding CXX object CMakeFiles/gpio_interfaces__rosidl_typesupport_fastrtps_cpp.dir/rosidl_typesupport_fastrtps_cpp/gpio_interfaces/msg/detail/dds_fastrtps/gpio_result__type_support.cpp.o[0m
[3.030s] [ 50%] [32mBuilding CXX object CMakeFiles/gpio_interfaces__rosidl_typesupport_introspection_cpp.dir/rosidl_typesupport_introspection_cpp/gpio_interfaces/msg/detail/gpio_result__type_support.cpp.o[0m
[3.033s] [ 52%] [32mBuilding C object CMakeFiles/gpio_interfaces__rosidl_typesupport_introspection_c.dir/rosidl_typesupport_introspection_c/gpio_interfaces/msg/detail/gpio_result__type_support.c.o[0m
[3.050s] [ 55%] [32mBuilding CXX object CMakeFiles/gpio_interfaces__rosidl_typesupport_fastrtps_c.dir/rosidl_typesupport_fastrtps_c/gpio_interfaces/msg/detail/gpio_result__type_support_c.cpp.o[0m
[3.060s] [ 58%] [32m[1mLinking CXX shared library libgpio_interfaces__rosidl_typesupport_c.so[0m
[3.065s] [ 61%] [32m[1mLinking C shared library libgpio_interfaces__rosidl_typesupport_introspection_c.so[0m
[3.242s] [ 61%] Built target gpio_interfaces__rosidl_typesupport_introspection_c
[3.245s] [ 61%] Built target gpio_interfaces__rosidl_typesupport_c
[3.318s] [ 64%] [32m[1mLinking CXX shared library libgpio_interfaces__rosidl_typesupport_cpp.so[0m
[3.325s] [ 67%] [32m[1mLinking CXX shared library libgpio_interfaces__rosidl_typesupport_introspection_cpp.so[0m
[3.431s] [ 73%] [32m[1mLinking CXX shared library libgpio_interfaces__rosidl_typesupport_fastrtps_c.so[0m
[3.431s] [ 73%] [32m[1mLinking CXX shared library libgpio_interfaces__rosidl_typesupport_fastrtps_cpp.so[0m
[3.469s] [ 73%] Built target gpio_interfaces__rosidl_typesupport_cpp
[3.478s] [ 73%] Built target gpio_interfaces__rosidl_typesupport_introspection_cpp
[3.543s] [ 73%] Built target gpio_interfaces__rosidl_typesupport_fastrtps_c
[3.543s] [ 73%] Built target gpio_interfaces__rosidl_typesupport_fastrtps_cpp
[3.558s] [ 73%] Built target gpio_interfaces
[3.571s] [ 76%] [34m[1mGenerating Python code for ROS interfaces[0m
[3.753s] [ 76%] Built target gpio_interfaces__py
[3.769s] [ 79%] [32mBuilding C object CMakeFiles/gpio_interfaces__rosidl_generator_py.dir/rosidl_generator_py/gpio_interfaces/msg/_gpio_result_s.c.o[0m
[3.885s] [ 82%] [32m[1mLinking C shared library libgpio_interfaces__rosidl_generator_py.so[0m
[4.021s] [ 82%] Built target gpio_interfaces__rosidl_generator_py
[4.036s] [ 91%] [32mBuilding C object CMakeFiles/gpio_interfaces_s__rosidl_typesupport_c.dir/rosidl_generator_py/gpio_interfaces/_gpio_interfaces_s.ep.rosidl_typesupport_c.c.o[0m
[4.036s] [ 91%] [32mBuilding C object CMakeFiles/gpio_interfaces_s__rosidl_typesupport_introspection_c.dir/rosidl_generator_py/gpio_interfaces/_gpio_interfaces_s.ep.rosidl_typesupport_introspection_c.c.o[0m
[4.037s] [ 91%] [32mBuilding C object CMakeFiles/gpio_interfaces_s__rosidl_typesupport_fastrtps_c.dir/rosidl_generator_py/gpio_interfaces/_gpio_interfaces_s.ep.rosidl_typesupport_fastrtps_c.c.o[0m
[4.093s] [ 97%] [32m[1mLinking C shared module rosidl_generator_py/gpio_interfaces/gpio_interfaces_s__rosidl_typesupport_introspection_c.so[0m
[4.093s] [ 97%] [32m[1mLinking C shared module rosidl_generator_py/gpio_interfaces/gpio_interfaces_s__rosidl_typesupport_c.so[0m
[4.097s] [100%] [32m[1mLinking C shared module rosidl_generator_py/gpio_interfaces/gpio_interfaces_s__rosidl_typesupport_fastrtps_c.so[0m
[4.188s] [100%] Built target gpio_interfaces_s__rosidl_typesupport_c
[4.188s] [100%] Built target gpio_interfaces_s__rosidl_typesupport_introspection_c
[4.235s] [100%] Built target gpio_interfaces_s__rosidl_typesupport_fastrtps_c
[4.245s] Invoked command in '/home/ishaan/eboat_src/build/gpio_interfaces' returned '0': CMAKE_PREFIX_PATH=${CMAKE_PREFIX_PATH}:/home/ishaan/eboat_src/install/shore_comms:/home/ishaan/eboat_src/install/examples_rclpy_minimal_action_client:/home/ishaan/eboat_src/install/examples_rclpy_guard_conditions:/home/ishaan/eboat_src/install/examples_rclpy_executors:/home/ishaan/eboat_src/install/GPIO_Test:/opt/ros/kilted /usr/bin/cmake --build /home/ishaan/eboat_src/build/gpio_interfaces -- -j16 -l16
[4.253s] Invoking command in '/home/ishaan/eboat_src/build/gpio_interfaces': CMAKE_PREFIX_PATH=${CMAKE_PREFIX_PATH}:/home/ishaan/eboat_src/install/shore_comms:/home/ishaan/eboat_src/install/examples_rclpy_minimal_action_client:/home/ishaan/eboat_src/install/examples_rclpy_guard_conditions:/home/ishaan/eboat_src/install/examples_rclpy_executors:/home/ishaan/eboat_src/install/GPIO_Test:/opt/ros/kilted /usr/bin/cmake --install /home/ishaan/eboat_src/build/gpio_interfaces
[4.260s] -- Install configuration: ""
[4.260s] -- Installing: /home/ishaan/eboat_src/install/gpio_interfaces/share/ament_index/resource_index/rosidl_interfaces/gpio_interfaces
[4.260s] -- Installing: /home/ishaan/eboat_src/install/gpio_interfaces/share/gpio_interfaces/msg/GPIOResult.json
[4.260s] -- Installing: /home/ishaan/eboat_src/install/gpio_interfaces/include/gpio_interfaces/gpio_interfaces
[4.261s] -- Installing: /home/ishaan/eboat_src/install/gpio_interfaces/include/gpio_interfaces/gpio_interfaces/msg
[4.261s] -- Installing: /home/ishaan/eboat_src/install/gpio_interfaces/include/gpio_interfaces/gpio_interfaces/msg/detail
[4.261s] -- Installing: /home/ishaan/eboat_src/install/gpio_interfaces/include/gpio_interfaces/gpio_interfaces/msg/detail/gpio_result__type_support.c
[4.261s] -- Installing: /home/ishaan/eboat_src/install/gpio_interfaces/include/gpio_interfaces/gpio_interfaces/msg/detail/gpio_result__functions.c
[4.261s] -- Installing: /home/ishaan/eboat_src/install/gpio_interfaces/include/gpio_interfaces/gpio_interfaces/msg/detail/gpio_result__type_support.h
[4.262s] -- Installing: /home/ishaan/eboat_src/install/gpio_interfaces/include/gpio_interfaces/gpio_interfaces/msg/detail/gpio_result__description.c
[4.262s] -- Installing: /home/ishaan/eboat_src/install/gpio_interfaces/include/gpio_interfaces/gpio_interfaces/msg/detail/gpio_result__struct.h
[4.262s] -- Installing: /home/ishaan/eboat_src/install/gpio_interfaces/include/gpio_interfaces/gpio_interfaces/msg/detail/gpio_result__functions.h
[4.262s] -- Installing: /home/ishaan/eboat_src/install/gpio_interfaces/include/gpio_interfaces/gpio_interfaces/msg/gpio_result.h
[4.262s] -- Installing: /home/ishaan/eboat_src/install/gpio_interfaces/include/gpio_interfaces/gpio_interfaces/msg/rosidl_generator_c__visibility_control.h
[4.262s] -- Installing: /home/ishaan/eboat_src/install/gpio_interfaces/share/gpio_interfaces/environment/library_path.sh
[4.262s] -- Installing: /home/ishaan/eboat_src/install/gpio_interfaces/share/gpio_interfaces/environment/library_path.dsv
[4.263s] -- Installing: /home/ishaan/eboat_src/install/gpio_interfaces/lib/libgpio_interfaces__rosidl_generator_c.so
[4.263s] -- Set non-toolchain portion of runtime path of "/home/ishaan/eboat_src/install/gpio_interfaces/lib/libgpio_interfaces__rosidl_generator_c.so" to ""
[4.263s] -- Up-to-date: /home/ishaan/eboat_src/install/gpio_interfaces/include/gpio_interfaces/gpio_interfaces
[4.264s] -- Up-to-date: /home/ishaan/eboat_src/install/gpio_interfaces/include/gpio_interfaces/gpio_interfaces/msg
[4.264s] -- Installing: /home/ishaan/eboat_src/install/gpio_interfaces/include/gpio_interfaces/gpio_interfaces/msg/rosidl_typesupport_fastrtps_c__visibility_control.h
[4.264s] -- Up-to-date: /home/ishaan/eboat_src/install/gpio_interfaces/include/gpio_interfaces/gpio_interfaces/msg/detail
[4.264s] -- Installing: /home/ishaan/eboat_src/install/gpio_interfaces/include/gpio_interfaces/gpio_interfaces/msg/detail/gpio_result__rosidl_typesupport_fastrtps_c.h
[4.264s] -- Installing: /home/ishaan/eboat_src/install/gpio_interfaces/lib/libgpio_interfaces__rosidl_typesupport_fastrtps_c.so
[4.265s] -- Set non-toolchain portion of runtime path of "/home/ishaan/eboat_src/install/gpio_interfaces/lib/libgpio_interfaces__rosidl_typesupport_fastrtps_c.so" to ""
[4.265s] -- Up-to-date: /home/ishaan/eboat_src/install/gpio_interfaces/include/gpio_interfaces/gpio_interfaces
[4.265s] -- Up-to-date: /home/ishaan/eboat_src/install/gpio_interfaces/include/gpio_interfaces/gpio_interfaces/msg
[4.265s] -- Installing: /home/ishaan/eboat_src/install/gpio_interfaces/include/gpio_interfaces/gpio_interfaces/msg/rosidl_typesupport_introspection_c__visibility_control.h
[4.266s] -- Up-to-date: /home/ishaan/eboat_src/install/gpio_interfaces/include/gpio_interfaces/gpio_interfaces/msg/detail
[4.266s] -- Up-to-date: /home/ishaan/eboat_src/install/gpio_interfaces/include/gpio_interfaces/gpio_interfaces/msg/detail/gpio_result__type_support.c
[4.266s] -- Installing: /home/ishaan/eboat_src/install/gpio_interfaces/include/gpio_interfaces/gpio_interfaces/msg/detail/gpio_result__rosidl_typesupport_introspection_c.h
[4.266s] -- Installing: /home/ishaan/eboat_src/install/gpio_interfaces/lib/libgpio_interfaces__rosidl_typesupport_introspection_c.so
[4.267s] -- Set non-toolchain portion of runtime path of "/home/ishaan/eboat_src/install/gpio_interfaces/lib/libgpio_interfaces__rosidl_typesupport_introspection_c.so" to ""
[4.267s] -- Installing: /home/ishaan/eboat_src/install/gpio_interfaces/lib/libgpio_interfaces__rosidl_typesupport_c.so
[4.267s] -- Set non-toolchain portion of runtime path of "/home/ishaan/eboat_src/install/gpio_interfaces/lib/libgpio_interfaces__rosidl_typesupport_c.so" to ""
[4.267s] -- Up-to-date: /home/ishaan/eboat_src/install/gpio_interfaces/include/gpio_interfaces/gpio_interfaces
[4.267s] -- Up-to-date: /home/ishaan/eboat_src/install/gpio_interfaces/include/gpio_interfaces/gpio_interfaces/msg
[4.268s] -- Up-to-date: /home/ishaan/eboat_src/install/gpio_interfaces/include/gpio_interfaces/gpio_interfaces/msg/detail
[4.268s] -- Installing: /home/ishaan/eboat_src/install/gpio_interfaces/include/gpio_interfaces/gpio_interfaces/msg/detail/gpio_result__struct.hpp
[4.268s] -- Installing: /home/ishaan/eboat_src/install/gpio_interfaces/include/gpio_interfaces/gpio_interfaces/msg/detail/gpio_result__type_support.hpp
[4.268s] -- Installing: /home/ishaan/eboat_src/install/gpio_interfaces/include/gpio_interfaces/gpio_interfaces/msg/detail/gpio_result__traits.hpp
[4.268s] -- Installing: /home/ishaan/eboat_src/install/gpio_interfaces/include/gpio_interfaces/gpio_interfaces/msg/detail/gpio_result__builder.hpp
[4.269s] -- Installing: /home/ishaan/eboat_src/install/gpio_interfaces/include/gpio_interfaces/gpio_interfaces/msg/rosidl_generator_cpp__visibility_control.hpp
[4.269s] -- Installing: /home/ishaan/eboat_src/install/gpio_interfaces/include/gpio_interfaces/gpio_interfaces/msg/gpio_result.hpp
[4.269s] -- Up-to-date: /home/ishaan/eboat_src/install/gpio_interfaces/include/gpio_interfaces/gpio_interfaces
[4.269s] -- Up-to-date: /home/ishaan/eboat_src/install/gpio_interfaces/include/gpio_interfaces/gpio_interfaces/msg
[4.270s] -- Up-to-date: /home/ishaan/eboat_src/install/gpio_interfaces/include/gpio_interfaces/gpio_interfaces/msg/detail
[4.270s] -- Installing: /home/ishaan/eboat_src/install/gpio_interfaces/include/gpio_interfaces/gpio_interfaces/msg/detail/gpio_result__rosidl_typesupport_fastrtps_cpp.hpp
[4.270s] -- Installing: /home/ishaan/eboat_src/install/gpio_interfaces/include/gpio_interfaces/gpio_interfaces/msg/detail/dds_fastrtps
[4.270s] -- Installing: /home/ishaan/eboat_src/install/gpio_interfaces/include/gpio_interfaces/gpio_interfaces/msg/rosidl_typesupport_fastrtps_cpp__visibility_control.h
[4.270s] -- Installing: /home/ishaan/eboat_src/install/gpio_interfaces/lib/libgpio_interfaces__rosidl_typesupport_fastrtps_cpp.so
[4.270s] -- Set non-toolchain portion of runtime path of "/home/ishaan/eboat_src/install/gpio_interfaces/lib/libgpio_interfaces__rosidl_typesupport_fastrtps_cpp.so" to ""
[4.271s] -- Up-to-date: /home/ishaan/eboat_src/install/gpio_interfaces/include/gpio_interfaces/gpio_interfaces
[4.271s] -- Up-to-date: /home/ishaan/eboat_src/install/gpio_interfaces/include/gpio_interfaces/gpio_interfaces/msg
[4.271s] -- Up-to-date: /home/ishaan/eboat_src/install/gpio_interfaces/include/gpio_interfaces/gpio_interfaces/msg/detail
[4.271s] -- Installing: /home/ishaan/eboat_src/install/gpio_interfaces/include/gpio_interfaces/gpio_interfaces/msg/detail/gpio_result__type_support.cpp
[4.271s] -- Installing: /home/ishaan/eboat_src/install/gpio_interfaces/include/gpio_interfaces/gpio_interfaces/msg/detail/gpio_result__rosidl_typesupport_introspection_cpp.hpp
[4.271s] -- Installing: /home/ishaan/eboat_src/install/gpio_interfaces/lib/libgpio_interfaces__rosidl_typesupport_introspection_cpp.so
[4.271s] -- Set non-toolchain portion of runtime path of "/home/ishaan/eboat_src/install/gpio_interfaces/lib/libgpio_interfaces__rosidl_typesupport_introspection_cpp.so" to ""
[4.271s] -- Installing: /home/ishaan/eboat_src/install/gpio_interfaces/lib/libgpio_interfaces__rosidl_typesupport_cpp.so
[4.271s] -- Set non-toolchain portion of runtime path of "/home/ishaan/eboat_src/install/gpio_interfaces/lib/libgpio_interfaces__rosidl_typesupport_cpp.so" to ""
[4.271s] -- Installing: /home/ishaan/eboat_src/install/gpio_interfaces/share/gpio_interfaces/environment/pythonpath.sh
[4.271s] -- Installing: /home/ishaan/eboat_src/install/gpio_interfaces/share/gpio_interfaces/environment/pythonpath.dsv
[4.271s] -- Installing: /home/ishaan/eboat_src/install/gpio_interfaces/lib/python3.12/site-packages/gpio_interfaces-0.0.0-py3.12.egg-info
[4.272s] -- Installing: /home/ishaan/eboat_src/install/gpio_interfaces/lib/python3.12/site-packages/gpio_interfaces-0.0.0-py3.12.egg-info/top_level.txt
[4.272s] -- Installing: /home/ishaan/eboat_src/install/gpio_interfaces/lib/python3.12/site-packages/gpio_interfaces-0.0.0-py3.12.egg-info/SOURCES.txt
[4.272s] -- Installing: /home/ishaan/eboat_src/install/gpio_interfaces/lib/python3.12/site-packages/gpio_interfaces-0.0.0-py3.12.egg-info/PKG-INFO
[4.272s] -- Installing: /home/ishaan/eboat_src/install/gpio_interfaces/lib/python3.12/site-packages/gpio_interfaces-0.0.0-py3.12.egg-info/dependency_links.txt
[4.272s] -- Installing: /home/ishaan/eboat_src/install/gpio_interfaces/lib/python3.12/site-packages/gpio_interfaces
[4.272s] -- Installing: /home/ishaan/eboat_src/install/gpio_interfaces/lib/python3.12/site-packages/gpio_interfaces/_gpio_interfaces_s.ep.rosidl_typesupport_c.c
[4.272s] -- Installing: /home/ishaan/eboat_src/install/gpio_interfaces/lib/python3.12/site-packages/gpio_interfaces/gpio_interfaces_s__rosidl_typesupport_fastrtps_c.so
[4.272s] -- Installing: /home/ishaan/eboat_src/install/gpio_interfaces/lib/python3.12/site-packages/gpio_interfaces/gpio_interfaces_s__rosidl_typesupport_c.so
[4.272s] -- Installing: /home/ishaan/eboat_src/install/gpio_interfaces/lib/python3.12/site-packages/gpio_interfaces/_gpio_interfaces_s.ep.rosidl_typesupport_fastrtps_c.c
[4.272s] -- Installing: /home/ishaan/eboat_src/install/gpio_interfaces/lib/python3.12/site-packages/gpio_interfaces/gpio_interfaces_s__rosidl_typesupport_introspection_c.so
[4.272s] -- Installing: /home/ishaan/eboat_src/install/gpio_interfaces/lib/python3.12/site-packages/gpio_interfaces/msg
[4.272s] -- Installing: /home/ishaan/eboat_src/install/gpio_interfaces/lib/python3.12/site-packages/gpio_interfaces/msg/_gpio_result.py
[4.272s] -- Installing: /home/ishaan/eboat_src/install/gpio_interfaces/lib/python3.12/site-packages/gpio_interfaces/msg/_gpio_result_s.c
[4.272s] -- Installing: /home/ishaan/eboat_src/install/gpio_interfaces/lib/python3.12/site-packages/gpio_interfaces/msg/__init__.py
[4.272s] -- Installing: /home/ishaan/eboat_src/install/gpio_interfaces/lib/python3.12/site-packages/gpio_interfaces/__init__.py
[4.272s] -- Installing: /home/ishaan/eboat_src/install/gpio_interfaces/lib/python3.12/site-packages/gpio_interfaces/_gpio_interfaces_s.ep.rosidl_typesupport_introspection_c.c
[4.300s] Listing '/home/ishaan/eboat_src/install/gpio_interfaces/lib/python3.12/site-packages/gpio_interfaces'...
[4.300s] Compiling '/home/ishaan/eboat_src/install/gpio_interfaces/lib/python3.12/site-packages/gpio_interfaces/__init__.py'...
[4.300s] Listing '/home/ishaan/eboat_src/install/gpio_interfaces/lib/python3.12/site-packages/gpio_interfaces/msg'...
[4.300s] Compiling '/home/ishaan/eboat_src/install/gpio_interfaces/lib/python3.12/site-packages/gpio_interfaces/msg/__init__.py'...
[4.300s] Compiling '/home/ishaan/eboat_src/install/gpio_interfaces/lib/python3.12/site-packages/gpio_interfaces/msg/_gpio_result.py'...
[4.304s] -- Installing: /home/ishaan/eboat_src/install/gpio_interfaces/lib/python3.12/site-packages/gpio_interfaces/gpio_interfaces_s__rosidl_typesupport_fastrtps_c.so
[4.305s] -- Set non-toolchain portion of runtime path of "/home/ishaan/eboat_src/install/gpio_interfaces/lib/python3.12/site-packages/gpio_interfaces/gpio_interfaces_s__rosidl_typesupport_fastrtps_c.so" to ""
[4.305s] -- Installing: /home/ishaan/eboat_src/install/gpio_interfaces/lib/python3.12/site-packages/gpio_interfaces/gpio_interfaces_s__rosidl_typesupport_introspection_c.so
[4.305s] -- Set non-toolchain portion of runtime path of "/home/ishaan/eboat_src/install/gpio_interfaces/lib/python3.12/site-packages/gpio_interfaces/gpio_interfaces_s__rosidl_typesupport_introspection_c.so" to ""
[4.305s] -- Installing: /home/ishaan/eboat_src/install/gpio_interfaces/lib/python3.12/site-packages/gpio_interfaces/gpio_interfaces_s__rosidl_typesupport_c.so
[4.305s] -- Set non-toolchain portion of runtime path of "/home/ishaan/eboat_src/install/gpio_interfaces/lib/python3.12/site-packages/gpio_interfaces/gpio_interfaces_s__rosidl_typesupport_c.so" to ""
[4.306s] -- Installing: /home/ishaan/eboat_src/install/gpio_interfaces/lib/libgpio_interfaces__rosidl_generator_py.so
[4.306s] -- Set non-toolchain portion of runtime path of "/home/ishaan/eboat_src/install/gpio_interfaces/lib/libgpio_interfaces__rosidl_generator_py.so" to ""
[4.306s] -- Installing: /home/ishaan/eboat_src/install/gpio_interfaces/share/gpio_interfaces/msg/GPIOResult.idl
[4.306s] -- Installing: /home/ishaan/eboat_src/install/gpio_interfaces/share/gpio_interfaces/msg/GPIOResult.msg
[4.306s] -- Installing: /home/ishaan/eboat_src/install/gpio_interfaces/share/ament_index/resource_index/package_run_dependencies/gpio_interfaces
[4.306s] -- Installing: /home/ishaan/eboat_src/install/gpio_interfaces/share/ament_index/resource_index/parent_prefix_path/gpio_interfaces
[4.306s] -- Installing: /home/ishaan/eboat_src/install/gpio_interfaces/share/gpio_interfaces/environment/ament_prefix_path.sh
[4.306s] -- Installing: /home/ishaan/eboat_src/install/gpio_interfaces/share/gpio_interfaces/environment/ament_prefix_path.dsv
[4.307s] -- Installing: /home/ishaan/eboat_src/install/gpio_interfaces/share/gpio_interfaces/environment/path.sh
[4.307s] -- Installing: /home/ishaan/eboat_src/install/gpio_interfaces/share/gpio_interfaces/environment/path.dsv
[4.307s] -- Installing: /home/ishaan/eboat_src/install/gpio_interfaces/share/gpio_interfaces/local_setup.bash
[4.307s] -- Installing: /home/ishaan/eboat_src/install/gpio_interfaces/share/gpio_interfaces/local_setup.sh
[4.307s] -- Installing: /home/ishaan/eboat_src/install/gpio_interfaces/share/gpio_interfaces/local_setup.zsh
[4.307s] -- Installing: /home/ishaan/eboat_src/install/gpio_interfaces/share/gpio_interfaces/local_setup.dsv
[4.308s] -- Installing: /home/ishaan/eboat_src/install/gpio_interfaces/share/gpio_interfaces/package.dsv
[4.308s] -- Installing: /home/ishaan/eboat_src/install/gpio_interfaces/share/ament_index/resource_index/packages/gpio_interfaces
[4.308s] -- Installing: /home/ishaan/eboat_src/install/gpio_interfaces/share/gpio_interfaces/cmake/export_gpio_interfaces__rosidl_generator_cExport.cmake
[4.308s] -- Installing: /home/ishaan/eboat_src/install/gpio_interfaces/share/gpio_interfaces/cmake/export_gpio_interfaces__rosidl_generator_cExport-noconfig.cmake
[4.308s] -- Installing: /home/ishaan/eboat_src/install/gpio_interfaces/share/gpio_interfaces/cmake/export_gpio_interfaces__rosidl_typesupport_fastrtps_cExport.cmake
[4.308s] -- Installing: /home/ishaan/eboat_src/install/gpio_interfaces/share/gpio_interfaces/cmake/export_gpio_interfaces__rosidl_typesupport_fastrtps_cExport-noconfig.cmake
[4.308s] -- Installing: /home/ishaan/eboat_src/install/gpio_interfaces/share/gpio_interfaces/cmake/gpio_interfaces__rosidl_typesupport_introspection_cExport.cmake
[4.308s] -- Installing: /home/ishaan/eboat_src/install/gpio_interfaces/share/gpio_interfaces/cmake/gpio_interfaces__rosidl_typesupport_introspection_cExport-noconfig.cmake
[4.309s] -- Installing: /home/ishaan/eboat_src/install/gpio_interfaces/share/gpio_interfaces/cmake/gpio_interfaces__rosidl_typesupport_cExport.cmake
[4.309s] -- Installing: /home/ishaan/eboat_src/install/gpio_interfaces/share/gpio_interfaces/cmake/gpio_interfaces__rosidl_typesupport_cExport-noconfig.cmake
[4.309s] -- Installing: /home/ishaan/eboat_src/install/gpio_interfaces/share/gpio_interfaces/cmake/export_gpio_interfaces__rosidl_generator_cppExport.cmake
[4.309s] -- Installing: /home/ishaan/eboat_src/install/gpio_interfaces/share/gpio_interfaces/cmake/export_gpio_interfaces__rosidl_typesupport_fastrtps_cppExport.cmake
[4.309s] -- Installing: /home/ishaan/eboat_src/install/gpio_interfaces/share/gpio_interfaces/cmake/export_gpio_interfaces__rosidl_typesupport_fastrtps_cppExport-noconfig.cmake
[4.309s] -- Installing: /home/ishaan/eboat_src/install/gpio_interfaces/share/gpio_interfaces/cmake/gpio_interfaces__rosidl_typesupport_introspection_cppExport.cmake
[4.310s] -- Installing: /home/ishaan/eboat_src/install/gpio_interfaces/share/gpio_interfaces/cmake/gpio_interfaces__rosidl_typesupport_introspection_cppExport-noconfig.cmake
[4.310s] -- Installing: /home/ishaan/eboat_src/install/gpio_interfaces/share/gpio_interfaces/cmake/gpio_interfaces__rosidl_typesupport_cppExport.cmake
[4.310s] -- Installing: /home/ishaan/eboat_src/install/gpio_interfaces/share/gpio_interfaces/cmake/gpio_interfaces__rosidl_typesupport_cppExport-noconfig.cmake
[4.310s] -- Installing: /home/ishaan/eboat_src/install/gpio_interfaces/share/gpio_interfaces/cmake/export_gpio_interfaces__rosidl_generator_pyExport.cmake
[4.311s] -- Installing: /home/ishaan/eboat_src/install/gpio_interfaces/share/gpio_interfaces/cmake/export_gpio_interfaces__rosidl_generator_pyExport-noconfig.cmake
[4.311s] -- Installing: /home/ishaan/eboat_src/install/gpio_interfaces/share/gpio_interfaces/cmake/rosidl_cmake-extras.cmake
[4.311s] -- Installing: /home/ishaan/eboat_src/install/gpio_interfaces/share/gpio_interfaces/cmake/ament_cmake_export_include_directories-extras.cmake
[4.311s] -- Installing: /home/ishaan/eboat_src/install/gpio_interfaces/share/gpio_interfaces/cmake/ament_cmake_export_libraries-extras.cmake
[4.311s] -- Installing: /home/ishaan/eboat_src/install/gpio_interfaces/share/gpio_interfaces/cmake/ament_cmake_export_targets-extras.cmake
[4.311s] -- Installing: /home/ishaan/eboat_src/install/gpio_interfaces/share/gpio_interfaces/cmake/rosidl_cmake_export_typesupport_targets-extras.cmake
[4.311s] -- Installing: /home/ishaan/eboat_src/install/gpio_interfaces/share/gpio_interfaces/cmake/ament_cmake_export_dependencies-extras.cmake
[4.311s] -- Installing: /home/ishaan/eboat_src/install/gpio_interfaces/share/gpio_interfaces/cmake/rosidl_cmake_export_typesupport_libraries-extras.cmake
[4.312s] -- Installing: /home/ishaan/eboat_src/install/gpio_interfaces/share/gpio_interfaces/cmake/gpio_interfacesConfig.cmake
[4.312s] -- Installing: /home/ishaan/eboat_src/install/gpio_interfaces/share/gpio_interfaces/cmake/gpio_interfacesConfig-version.cmake
[4.312s] -- Installing: /home/ishaan/eboat_src/install/gpio_interfaces/share/gpio_interfaces/package.xml
[4.314s] Invoked command in '/home/ishaan/eboat_src/build/gpio_interfaces' returned '0': CMAKE_PREFIX_PATH=${CMAKE_PREFIX_PATH}:/home/ishaan/eboat_src/install/shore_comms:/home/ishaan/eboat_src/install/examples_rclpy_minimal_action_client:/home/ishaan/eboat_src/install/examples_rclpy_guard_conditions:/home/ishaan/eboat_src/install/examples_rclpy_executors:/home/ishaan/eboat_src/install/GPIO_Test:/opt/ros/kilted /usr/bin/cmake --install /home/ishaan/eboat_src/build/gpio_interfaces
