[2.098s] Invoking command in '/home/ishaan/eboat_src/ros_ws/src/motor_node': PYTHONPATH=/home/ishaan/eboat_src/build/motor_node/prefix_override:/usr/lib/python3/dist-packages/colcon_core/task/python/colcon_distutils_commands:/home/ishaan/eboat_src/install/motor_node/lib/python3.12/site-packages:${PYTHONPATH} /usr/bin/python3 -W ignore:setup.py install is deprecated -W ignore:easy_install command is deprecated setup.py egg_info --egg-base ../../../build/motor_node build --build-base /home/ishaan/eboat_src/build/motor_node/build install --record /home/ishaan/eboat_src/build/motor_node/install.log --single-version-externally-managed install_data
[2.392s] running egg_info
[2.392s] creating ../../../build/motor_node/motor_node.egg-info
[2.407s] writing ../../../build/motor_node/motor_node.egg-info/PKG-INFO
[2.407s] writing dependency_links to ../../../build/motor_node/motor_node.egg-info/dependency_links.txt
[2.407s] writing entry points to ../../../build/motor_node/motor_node.egg-info/entry_points.txt
[2.408s] writing requirements to ../../../build/motor_node/motor_node.egg-info/requires.txt
[2.408s] writing top-level names to ../../../build/motor_node/motor_node.egg-info/top_level.txt
[2.408s] writing manifest file '../../../build/motor_node/motor_node.egg-info/SOURCES.txt'
[2.449s] reading manifest file '../../../build/motor_node/motor_node.egg-info/SOURCES.txt'
[2.449s] adding license file 'LICENSE'
[2.450s] writing manifest file '../../../build/motor_node/motor_node.egg-info/SOURCES.txt'
[2.450s] running build
[2.451s] running build_py
[2.451s] creating /home/ishaan/eboat_src/build/motor_node/build
[2.452s] creating /home/ishaan/eboat_src/build/motor_node/build/lib
[2.452s] creating /home/ishaan/eboat_src/build/motor_node/build/lib/motor_node
[2.452s] copying motor_node/motor_node_test.py -> /home/ishaan/eboat_src/build/motor_node/build/lib/motor_node
[2.452s] copying motor_node/canopen_test.py -> /home/ishaan/eboat_src/build/motor_node/build/lib/motor_node
[2.452s] copying motor_node/__init__.py -> /home/ishaan/eboat_src/build/motor_node/build/lib/motor_node
[2.452s] running install
[2.457s] running install_lib
[2.480s] creating /home/ishaan/eboat_src/install/motor_node/lib/python3.12/site-packages/motor_node
[2.480s] copying /home/ishaan/eboat_src/build/motor_node/build/lib/motor_node/motor_node_test.py -> /home/ishaan/eboat_src/install/motor_node/lib/python3.12/site-packages/motor_node
[2.480s] copying /home/ishaan/eboat_src/build/motor_node/build/lib/motor_node/canopen_test.py -> /home/ishaan/eboat_src/install/motor_node/lib/python3.12/site-packages/motor_node
[2.480s] copying /home/ishaan/eboat_src/build/motor_node/build/lib/motor_node/__init__.py -> /home/ishaan/eboat_src/install/motor_node/lib/python3.12/site-packages/motor_node
[2.481s] byte-compiling /home/ishaan/eboat_src/install/motor_node/lib/python3.12/site-packages/motor_node/motor_node_test.py to motor_node_test.cpython-312.pyc
[2.482s] byte-compiling /home/ishaan/eboat_src/install/motor_node/lib/python3.12/site-packages/motor_node/canopen_test.py to canopen_test.cpython-312.pyc
[2.482s] byte-compiling /home/ishaan/eboat_src/install/motor_node/lib/python3.12/site-packages/motor_node/__init__.py to __init__.cpython-312.pyc
[2.482s] running install_data
[2.483s] creating /home/ishaan/eboat_src/install/motor_node/share/ament_index
[2.483s] creating /home/ishaan/eboat_src/install/motor_node/share/ament_index/resource_index
[2.483s] creating /home/ishaan/eboat_src/install/motor_node/share/ament_index/resource_index/packages
[2.484s] copying resource/motor_node -> /home/ishaan/eboat_src/install/motor_node/share/ament_index/resource_index/packages
[2.484s] copying package.xml -> /home/ishaan/eboat_src/install/motor_node/share/motor_node
[2.484s] running install_egg_info
[2.503s] Copying ../../../build/motor_node/motor_node.egg-info to /home/ishaan/eboat_src/install/motor_node/lib/python3.12/site-packages/motor_node-0.0.0-py3.12.egg-info
[2.504s] running install_scripts
[2.676s] Installing test script to /home/ishaan/eboat_src/install/motor_node/lib/motor_node
[2.676s] writing list of installed files to '/home/ishaan/eboat_src/build/motor_node/install.log'
[2.813s] Invoked command in '/home/ishaan/eboat_src/ros_ws/src/motor_node' returned '0': PYTHONPATH=/home/ishaan/eboat_src/build/motor_node/prefix_override:/usr/lib/python3/dist-packages/colcon_core/task/python/colcon_distutils_commands:/home/ishaan/eboat_src/install/motor_node/lib/python3.12/site-packages:${PYTHONPATH} /usr/bin/python3 -W ignore:setup.py install is deprecated -W ignore:easy_install command is deprecated setup.py egg_info --egg-base ../../../build/motor_node build --build-base /home/ishaan/eboat_src/build/motor_node/build install --record /home/ishaan/eboat_src/build/motor_node/install.log --single-version-externally-managed install_data
