[1.677s] Invoking command in '/home/ishaan/Stevens-Electric-Boatworks/ros_ws/build/examples_rclpy_minimal_service': PYTHONPATH=/home/ishaan/Stevens-Electric-Boatworks/ros_ws/build/examples_rclpy_minimal_service/prefix_override:/usr/lib/python3/dist-packages/colcon_core/task/python/colcon_distutils_commands:/home/ishaan/Stevens-Electric-Boatworks/ros_ws/install/examples_rclpy_minimal_service/lib/python3.12/site-packages:${PYTHONPATH} /usr/bin/python3 -W ignore:setup.py install is deprecated -W ignore:easy_install command is deprecated setup.py develop --uninstall --editable --build-directory /home/ishaan/Stevens-Electric-Boatworks/ros_ws/build/examples_rclpy_minimal_service/build
[1.961s] running develop
[2.112s] Removing /home/ishaan/Stevens-Electric-Boatworks/ros_ws/install/examples_rclpy_minimal_service/lib/python3.12/site-packages/examples-rclpy-minimal-service.egg-link (link to .)
[2.164s] Invoked command in '/home/ishaan/Stevens-Electric-Boatworks/ros_ws/build/examples_rclpy_minimal_service' returned '0': PYTHONPATH=/home/ishaan/Stevens-Electric-Boatworks/ros_ws/build/examples_rclpy_minimal_service/prefix_override:/usr/lib/python3/dist-packages/colcon_core/task/python/colcon_distutils_commands:/home/ishaan/Stevens-Electric-Boatworks/ros_ws/install/examples_rclpy_minimal_service/lib/python3.12/site-packages:${PYTHONPATH} /usr/bin/python3 -W ignore:setup.py install is deprecated -W ignore:easy_install command is deprecated setup.py develop --uninstall --editable --build-directory /home/ishaan/Stevens-Electric-Boatworks/ros_ws/build/examples_rclpy_minimal_service/build
[2.166s] Invoking command in '/home/ishaan/Stevens-Electric-Boatworks/ros_ws/src/examples/rclpy/services/minimal_service': PYTHONPATH=/home/ishaan/Stevens-Electric-Boatworks/ros_ws/build/examples_rclpy_minimal_service/prefix_override:/usr/lib/python3/dist-packages/colcon_core/task/python/colcon_distutils_commands:/home/ishaan/Stevens-Electric-Boatworks/ros_ws/install/examples_rclpy_minimal_service/lib/python3.12/site-packages:${PYTHONPATH} /usr/bin/python3 -W ignore:setup.py install is deprecated -W ignore:easy_install command is deprecated setup.py egg_info --egg-base ../../../../../build/examples_rclpy_minimal_service build --build-base /home/ishaan/Stevens-Electric-Boatworks/ros_ws/build/examples_rclpy_minimal_service/build install --record /home/ishaan/Stevens-Electric-Boatworks/ros_ws/build/examples_rclpy_minimal_service/install.log --single-version-externally-managed install_data --force
[2.352s] running egg_info
[2.363s] writing ../../../../../build/examples_rclpy_minimal_service/examples_rclpy_minimal_service.egg-info/PKG-INFO
[2.363s] writing dependency_links to ../../../../../build/examples_rclpy_minimal_service/examples_rclpy_minimal_service.egg-info/dependency_links.txt
[2.364s] writing entry points to ../../../../../build/examples_rclpy_minimal_service/examples_rclpy_minimal_service.egg-info/entry_points.txt
[2.364s] writing requirements to ../../../../../build/examples_rclpy_minimal_service/examples_rclpy_minimal_service.egg-info/requires.txt
[2.364s] writing top-level names to ../../../../../build/examples_rclpy_minimal_service/examples_rclpy_minimal_service.egg-info/top_level.txt
[2.397s] reading manifest file '../../../../../build/examples_rclpy_minimal_service/examples_rclpy_minimal_service.egg-info/SOURCES.txt'
[2.399s] writing manifest file '../../../../../build/examples_rclpy_minimal_service/examples_rclpy_minimal_service.egg-info/SOURCES.txt'
[2.399s] running build
[2.399s] running build_py
[2.399s] creating /home/ishaan/Stevens-Electric-Boatworks/ros_ws/build/examples_rclpy_minimal_service/build
[2.400s] creating /home/ishaan/Stevens-Electric-Boatworks/ros_ws/build/examples_rclpy_minimal_service/build/lib
[2.400s] creating /home/ishaan/Stevens-Electric-Boatworks/ros_ws/build/examples_rclpy_minimal_service/build/lib/examples_rclpy_minimal_service
[2.400s] copying examples_rclpy_minimal_service/service_member_function.py -> /home/ishaan/Stevens-Electric-Boatworks/ros_ws/build/examples_rclpy_minimal_service/build/lib/examples_rclpy_minimal_service
[2.400s] copying examples_rclpy_minimal_service/service.py -> /home/ishaan/Stevens-Electric-Boatworks/ros_ws/build/examples_rclpy_minimal_service/build/lib/examples_rclpy_minimal_service
[2.400s] copying examples_rclpy_minimal_service/__init__.py -> /home/ishaan/Stevens-Electric-Boatworks/ros_ws/build/examples_rclpy_minimal_service/build/lib/examples_rclpy_minimal_service
[2.401s] running install
[2.404s] running install_lib
[2.419s] creating /home/ishaan/Stevens-Electric-Boatworks/ros_ws/install/examples_rclpy_minimal_service/lib/python3.12/site-packages/examples_rclpy_minimal_service
[2.421s] copying /home/ishaan/Stevens-Electric-Boatworks/ros_ws/build/examples_rclpy_minimal_service/build/lib/examples_rclpy_minimal_service/service_member_function.py -> /home/ishaan/Stevens-Electric-Boatworks/ros_ws/install/examples_rclpy_minimal_service/lib/python3.12/site-packages/examples_rclpy_minimal_service
[2.421s] copying /home/ishaan/Stevens-Electric-Boatworks/ros_ws/build/examples_rclpy_minimal_service/build/lib/examples_rclpy_minimal_service/service.py -> /home/ishaan/Stevens-Electric-Boatworks/ros_ws/install/examples_rclpy_minimal_service/lib/python3.12/site-packages/examples_rclpy_minimal_service
[2.422s] copying /home/ishaan/Stevens-Electric-Boatworks/ros_ws/build/examples_rclpy_minimal_service/build/lib/examples_rclpy_minimal_service/__init__.py -> /home/ishaan/Stevens-Electric-Boatworks/ros_ws/install/examples_rclpy_minimal_service/lib/python3.12/site-packages/examples_rclpy_minimal_service
[2.423s] byte-compiling /home/ishaan/Stevens-Electric-Boatworks/ros_ws/install/examples_rclpy_minimal_service/lib/python3.12/site-packages/examples_rclpy_minimal_service/service_member_function.py to service_member_function.cpython-312.pyc
[2.425s] byte-compiling /home/ishaan/Stevens-Electric-Boatworks/ros_ws/install/examples_rclpy_minimal_service/lib/python3.12/site-packages/examples_rclpy_minimal_service/service.py to service.cpython-312.pyc
[2.426s] byte-compiling /home/ishaan/Stevens-Electric-Boatworks/ros_ws/install/examples_rclpy_minimal_service/lib/python3.12/site-packages/examples_rclpy_minimal_service/__init__.py to __init__.cpython-312.pyc
[2.426s] running install_data
[2.426s] copying resource/examples_rclpy_minimal_service -> /home/ishaan/Stevens-Electric-Boatworks/ros_ws/install/examples_rclpy_minimal_service/share/ament_index/resource_index/packages
[2.426s] copying package.xml -> /home/ishaan/Stevens-Electric-Boatworks/ros_ws/install/examples_rclpy_minimal_service/share/examples_rclpy_minimal_service
[2.427s] running install_egg_info
[2.436s] Copying ../../../../../build/examples_rclpy_minimal_service/examples_rclpy_minimal_service.egg-info to /home/ishaan/Stevens-Electric-Boatworks/ros_ws/install/examples_rclpy_minimal_service/lib/python3.12/site-packages/examples_rclpy_minimal_service-0.20.5-py3.12.egg-info
[2.437s] running install_scripts
[2.515s] Installing service script to /home/ishaan/Stevens-Electric-Boatworks/ros_ws/install/examples_rclpy_minimal_service/lib/examples_rclpy_minimal_service
[2.516s] Installing service_member_function script to /home/ishaan/Stevens-Electric-Boatworks/ros_ws/install/examples_rclpy_minimal_service/lib/examples_rclpy_minimal_service
[2.516s] writing list of installed files to '/home/ishaan/Stevens-Electric-Boatworks/ros_ws/build/examples_rclpy_minimal_service/install.log'
[2.569s] Invoked command in '/home/ishaan/Stevens-Electric-Boatworks/ros_ws/src/examples/rclpy/services/minimal_service' returned '0': PYTHONPATH=/home/ishaan/Stevens-Electric-Boatworks/ros_ws/build/examples_rclpy_minimal_service/prefix_override:/usr/lib/python3/dist-packages/colcon_core/task/python/colcon_distutils_commands:/home/ishaan/Stevens-Electric-Boatworks/ros_ws/install/examples_rclpy_minimal_service/lib/python3.12/site-packages:${PYTHONPATH} /usr/bin/python3 -W ignore:setup.py install is deprecated -W ignore:easy_install command is deprecated setup.py egg_info --egg-base ../../../../../build/examples_rclpy_minimal_service build --build-base /home/ishaan/Stevens-Electric-Boatworks/ros_ws/build/examples_rclpy_minimal_service/build install --record /home/ishaan/Stevens-Electric-Boatworks/ros_ws/build/examples_rclpy_minimal_service/install.log --single-version-externally-managed install_data --force
