[0.853s] Invoking command in '/home/ishaan/eboat_src/ros_ws/src/shore_comms': PYTHONPATH=/home/ishaan/eboat_src/ros_ws/src/build/shore_comms/prefix_override:/usr/lib/python3/dist-packages/colcon_core/task/python/colcon_distutils_commands:/home/ishaan/eboat_src/ros_ws/src/install/shore_comms/lib/python3.12/site-packages:${PYTHONPATH} /usr/bin/python3 -W ignore:setup.py install is deprecated -W ignore:easy_install command is deprecated setup.py egg_info --egg-base ../build/shore_comms build --build-base /home/ishaan/eboat_src/ros_ws/src/build/shore_comms/build install --record /home/ishaan/eboat_src/ros_ws/src/build/shore_comms/install.log --single-version-externally-managed install_data
[1.075s] running egg_info
[1.089s] writing ../build/shore_comms/shore_comms.egg-info/PKG-INFO
[1.089s] writing dependency_links to ../build/shore_comms/shore_comms.egg-info/dependency_links.txt
[1.089s] writing entry points to ../build/shore_comms/shore_comms.egg-info/entry_points.txt
[1.090s] writing requirements to ../build/shore_comms/shore_comms.egg-info/requires.txt
[1.090s] writing top-level names to ../build/shore_comms/shore_comms.egg-info/top_level.txt
[1.122s] reading manifest file '../build/shore_comms/shore_comms.egg-info/SOURCES.txt'
[1.123s] adding license file 'LICENSE'
[1.124s] writing manifest file '../build/shore_comms/shore_comms.egg-info/SOURCES.txt'
[1.125s] running build
[1.125s] running build_py
[1.125s] copying shore_comms/main.py -> /home/ishaan/eboat_src/ros_ws/src/build/shore_comms/build/lib/shore_comms
[1.125s] running install
[1.132s] running install_lib
[1.152s] copying /home/ishaan/eboat_src/ros_ws/src/build/shore_comms/build/lib/shore_comms/main.py -> /home/ishaan/eboat_src/ros_ws/src/install/shore_comms/lib/python3.12/site-packages/shore_comms
[1.153s] byte-compiling /home/ishaan/eboat_src/ros_ws/src/install/shore_comms/lib/python3.12/site-packages/shore_comms/main.py to main.cpython-312.pyc
[1.155s] running install_data
[1.155s] running install_egg_info
[1.173s] removing '/home/ishaan/eboat_src/ros_ws/src/install/shore_comms/lib/python3.12/site-packages/shore_comms-0.0.0-py3.12.egg-info' (and everything under it)
[1.173s] Copying ../build/shore_comms/shore_comms.egg-info to /home/ishaan/eboat_src/ros_ws/src/install/shore_comms/lib/python3.12/site-packages/shore_comms-0.0.0-py3.12.egg-info
[1.174s] running install_scripts
[1.272s] Installing shore script to /home/ishaan/eboat_src/ros_ws/src/install/shore_comms/lib/shore_comms
[1.272s] writing list of installed files to '/home/ishaan/eboat_src/ros_ws/src/build/shore_comms/install.log'
[1.298s] Invoked command in '/home/ishaan/eboat_src/ros_ws/src/shore_comms' returned '0': PYTHONPATH=/home/ishaan/eboat_src/ros_ws/src/build/shore_comms/prefix_override:/usr/lib/python3/dist-packages/colcon_core/task/python/colcon_distutils_commands:/home/ishaan/eboat_src/ros_ws/src/install/shore_comms/lib/python3.12/site-packages:${PYTHONPATH} /usr/bin/python3 -W ignore:setup.py install is deprecated -W ignore:easy_install command is deprecated setup.py egg_info --egg-base ../build/shore_comms build --build-base /home/ishaan/eboat_src/ros_ws/src/build/shore_comms/build install --record /home/ishaan/eboat_src/ros_ws/src/build/shore_comms/install.log --single-version-externally-managed install_data
