-- The C compiler identification is GNU 13.3.0
-- The CXX compiler identification is GNU 13.3.0
-- Detecting C compiler ABI info
-- Detecting C compiler ABI info - done
-- Check for working C compiler: /usr/bin/cc - skipped
-- Detecting C compile features
-- Detecting C compile features - done
-- Detecting CXX compiler ABI info
-- Detecting CXX compiler ABI info - done
-- Check for working CXX compiler: /usr/bin/c++ - skipped
-- Detecting CXX compile features
-- Detecting CXX compile features - done
-- Found ament_cmake: 2.7.3 (/opt/ros/kilted/share/ament_cmake/cmake)
-- Found Python3: /usr/bin/python3 (found version "3.12.3") found components: Interpreter 
-- Found lely_core_libraries: 0.3.1 (/home/ishaan/eboat_src/install/lely_core_libraries/share/lely_core_libraries/cmake)
-- Found lifecycle_msgs: 2.3.0 (/opt/ros/kilted/share/lifecycle_msgs/cmake)
-- Found rosidl_generator_c: 4.9.5 (/opt/ros/kilted/share/rosidl_generator_c/cmake)
-- Found rosidl_generator_cpp: 4.9.5 (/opt/ros/kilted/share/rosidl_generator_cpp/cmake)
-- Using all available rosidl_typesupport_c: rosidl_typesupport_fastrtps_c;rosidl_typesupport_introspection_c
-- Using all available rosidl_typesupport_cpp: rosidl_typesupport_fastrtps_cpp;rosidl_typesupport_introspection_cpp
-- Found rclcpp: 29.5.2 (/opt/ros/kilted/share/rclcpp/cmake)
-- Found rmw_implementation_cmake: 7.8.2 (/opt/ros/kilted/share/rmw_implementation_cmake/cmake)
-- Found rmw_fastrtps_cpp: 9.3.2 (/opt/ros/kilted/share/rmw_fastrtps_cpp/cmake)
-- Found OpenSSL: /usr/lib/x86_64-linux-gnu/libcrypto.so (found version "3.0.13")  
-- Using RMW implementation 'rmw_fastrtps_cpp' as default
-- Found rclcpp_lifecycle: 29.5.2 (/opt/ros/kilted/share/rclcpp_lifecycle/cmake)
[0mCMake Deprecation Warning at /opt/ros/kilted/share/ament_cmake_target_dependencies/cmake/ament_target_dependencies.cmake:87 (message):
  ament_target_dependencies() is deprecated.  Use target_link_libraries()
  with modern CMake targets instead.  Try replacing this call with:

    target_link_libraries(basic_slave_node PUBLIC
      ${lifecycle_msgs_TARGETS}
      rclcpp::rclcpp
      rclcpp_lifecycle::rclcpp_lifecycle
    )

Call Stack (most recent call first):
  CMakeLists.txt:32 (ament_target_dependencies)

[0m
[0mCMake Deprecation Warning at /opt/ros/kilted/share/ament_cmake_target_dependencies/cmake/ament_target_dependencies.cmake:87 (message):
  ament_target_dependencies() is deprecated.  Use target_link_libraries()
  with modern CMake targets instead.  Try replacing this call with:

    target_link_libraries(cia402_slave_node PUBLIC
      ${lifecycle_msgs_TARGETS}
      rclcpp::rclcpp
      rclcpp_lifecycle::rclcpp_lifecycle
    )

Call Stack (most recent call first):
  CMakeLists.txt:48 (ament_target_dependencies)

[0m
-- Found ament_lint_auto: 0.19.2 (/opt/ros/kilted/share/ament_lint_auto/cmake)
-- Configuring done (3.3s)
-- Generating done (0.0s)
-- Build files have been written to: /home/ishaan/eboat_src/build/canopen_fake_slaves
[ 60%] [32mBuilding CXX object CMakeFiles/basic_slave_node.dir/src/basic_slave.cpp.o[0m
[ 60%] [32mBuilding CXX object CMakeFiles/cia402_slave_node.dir/src/motion_generator.cpp.o[0m
[ 60%] [32mBuilding CXX object CMakeFiles/cia402_slave_node.dir/src/cia402_slave.cpp.o[0m
[ 80%] [32m[1mLinking CXX executable basic_slave_node[0m
[100%] [32m[1mLinking CXX executable cia402_slave_node[0m
[100%] Built target basic_slave_node
[100%] Built target cia402_slave_node
-- Install configuration: ""
-- Installing: /home/ishaan/eboat_src/install/canopen_fake_slaves/lib/canopen_fake_slaves/basic_slave_node
-- Set non-toolchain portion of runtime path of "/home/ishaan/eboat_src/install/canopen_fake_slaves/lib/canopen_fake_slaves/basic_slave_node" to ""
-- Installing: /home/ishaan/eboat_src/install/canopen_fake_slaves/lib/canopen_fake_slaves/cia402_slave_node
-- Set non-toolchain portion of runtime path of "/home/ishaan/eboat_src/install/canopen_fake_slaves/lib/canopen_fake_slaves/cia402_slave_node" to ""
-- Installing: /home/ishaan/eboat_src/install/canopen_fake_slaves/share/canopen_fake_slaves/launch/
-- Installing: /home/ishaan/eboat_src/install/canopen_fake_slaves/share/canopen_fake_slaves/launch//cia402_slave.launch.py
-- Installing: /home/ishaan/eboat_src/install/canopen_fake_slaves/share/canopen_fake_slaves/launch//basic_slave.launch.py
-- Installing: /home/ishaan/eboat_src/install/canopen_fake_slaves/share/canopen_fake_slaves/config/
-- Installing: /home/ishaan/eboat_src/install/canopen_fake_slaves/share/canopen_fake_slaves/config//cia402_slave.eds
-- Installing: /home/ishaan/eboat_src/install/canopen_fake_slaves/share/canopen_fake_slaves/config//simple_slave.eds
-- Installing: /home/ishaan/eboat_src/install/canopen_fake_slaves/include
-- Installing: /home/ishaan/eboat_src/install/canopen_fake_slaves/include/canopen_fake_slaves
-- Installing: /home/ishaan/eboat_src/install/canopen_fake_slaves/include/canopen_fake_slaves/base_slave.hpp
-- Installing: /home/ishaan/eboat_src/install/canopen_fake_slaves/include/canopen_fake_slaves/basic_slave.hpp
-- Installing: /home/ishaan/eboat_src/install/canopen_fake_slaves/include/canopen_fake_slaves/cia402_slave.hpp
-- Installing: /home/ishaan/eboat_src/install/canopen_fake_slaves/include/canopen_fake_slaves/motion_generator.hpp
-- Installing: /home/ishaan/eboat_src/install/canopen_fake_slaves/share/ament_index/resource_index/package_run_dependencies/canopen_fake_slaves
-- Installing: /home/ishaan/eboat_src/install/canopen_fake_slaves/share/ament_index/resource_index/parent_prefix_path/canopen_fake_slaves
-- Installing: /home/ishaan/eboat_src/install/canopen_fake_slaves/share/canopen_fake_slaves/environment/ament_prefix_path.sh
-- Installing: /home/ishaan/eboat_src/install/canopen_fake_slaves/share/canopen_fake_slaves/environment/ament_prefix_path.dsv
-- Installing: /home/ishaan/eboat_src/install/canopen_fake_slaves/share/canopen_fake_slaves/environment/path.sh
-- Installing: /home/ishaan/eboat_src/install/canopen_fake_slaves/share/canopen_fake_slaves/environment/path.dsv
-- Installing: /home/ishaan/eboat_src/install/canopen_fake_slaves/share/canopen_fake_slaves/local_setup.bash
-- Installing: /home/ishaan/eboat_src/install/canopen_fake_slaves/share/canopen_fake_slaves/local_setup.sh
-- Installing: /home/ishaan/eboat_src/install/canopen_fake_slaves/share/canopen_fake_slaves/local_setup.zsh
-- Installing: /home/ishaan/eboat_src/install/canopen_fake_slaves/share/canopen_fake_slaves/local_setup.dsv
-- Installing: /home/ishaan/eboat_src/install/canopen_fake_slaves/share/canopen_fake_slaves/package.dsv
-- Installing: /home/ishaan/eboat_src/install/canopen_fake_slaves/share/ament_index/resource_index/packages/canopen_fake_slaves
-- Installing: /home/ishaan/eboat_src/install/canopen_fake_slaves/share/canopen_fake_slaves/cmake/ament_cmake_export_include_directories-extras.cmake
-- Installing: /home/ishaan/eboat_src/install/canopen_fake_slaves/share/canopen_fake_slaves/cmake/ament_cmake_export_dependencies-extras.cmake
-- Installing: /home/ishaan/eboat_src/install/canopen_fake_slaves/share/canopen_fake_slaves/cmake/canopen_fake_slavesConfig.cmake
-- Installing: /home/ishaan/eboat_src/install/canopen_fake_slaves/share/canopen_fake_slaves/cmake/canopen_fake_slavesConfig-version.cmake
-- Installing: /home/ishaan/eboat_src/install/canopen_fake_slaves/share/canopen_fake_slaves/package.xml
