[0.183s] Invoking command in '/home/ishaan/eboat_src/build/canopen_fake_slaves': AMENT_PREFIX_PATH=/home/ishaan/eboat_src/install/lely_core_libraries:${AMENT_PREFIX_PATH} CMAKE_PREFIX_PATH=/home/ishaan/eboat_src/install/lely_core_libraries:/home/ishaan/eboat_src/ros_ws/install/canopen_tests:/home/ishaan/eboat_src/ros_ws/install/canopen_ros2_controllers:/home/ishaan/eboat_src/ros_ws/install/canopen_ros2_control:/home/ishaan/eboat_src/ros_ws/install/canopen:/home/ishaan/eboat_src/ros_ws/install/canopen_402_driver:/home/ishaan/eboat_src/ros_ws/install/canopen_proxy_driver:/home/ishaan/eboat_src/ros_ws/install/canopen_master_driver:/home/ishaan/eboat_src/ros_ws/install/canopen_fake_slaves:/home/ishaan/eboat_src/ros_ws/install/canopen_base_driver:/home/ishaan/eboat_src/ros_ws/install/canopen_core:/home/ishaan/eboat_src/ros_ws/install/lely_core_libraries:/home/ishaan/eboat_src/ros_ws/install/canopen_interfaces:/home/ishaan/eboat_src/ros_ws/install/boat_data_interfaces:/opt/ros/kilted/opt/sdformat_vendor:/opt/ros/kilted/opt/gz_math_vendor:/opt/ros/kilted/opt/gz_utils_vendor:/opt/ros/kilted/opt/gz_tools_vendor:/opt/ros/kilted/opt/gz_cmake_vendor:/home/ishaan/eboat_src/ros_ws/install/canopen_utils:/home/ishaan/eboat_src/ros_ws/install/shore_comms:/home/ishaan/eboat_src/ros_ws/install/motor_node_test:/home/ishaan/eboat_src/ros_ws/install/motor_node:/home/ishaan/eboat_src/ros_ws/install/motion_node_test:/home/ishaan/eboat_src/ros_ws/install/motion_node:/home/ishaan/eboat_src/ros_ws/install/electrical_node_test:/home/ishaan/eboat_src/ros_ws/install/electrical_node:/home/ishaan/eboat_src/ros_ws/install/alarms_watchdog_node:/home/ishaan/eboat_src/ros_ws/install/GPIO_Test:/opt/ros/kilted LD_LIBRARY_PATH=/home/ishaan/eboat_src/install/lely_core_libraries/lib:${LD_LIBRARY_PATH} PATH=/home/ishaan/eboat_src/install/lely_core_libraries/bin:${PATH} PYTHONPATH=/home/ishaan/eboat_src/install/lely_core_libraries/lib/python3.12/site-packages:${PYTHONPATH} /usr/bin/cmake /home/ishaan/eboat_src/ros_ws/src/ros2_canopen/canopen_fake_slaves -DCMAKE_INSTALL_PREFIX=/home/ishaan/eboat_src/install/canopen_fake_slaves
[0.361s] -- The C compiler identification is GNU 13.3.0
[0.864s] -- The CXX compiler identification is GNU 13.3.0
[1.762s] -- Detecting C compiler ABI info
[2.038s] -- Detecting C compiler ABI info - done
[2.043s] -- Check for working C compiler: /usr/bin/cc - skipped
[2.043s] -- Detecting C compile features
[2.044s] -- Detecting C compile features - done
[2.178s] -- Detecting CXX compiler ABI info
[2.454s] -- Detecting CXX compiler ABI info - done
[2.459s] -- Check for working CXX compiler: /usr/bin/c++ - skipped
[2.459s] -- Detecting CXX compile features
[2.459s] -- Detecting CXX compile features - done
[2.464s] -- Found ament_cmake: 2.7.3 (/opt/ros/kilted/share/ament_cmake/cmake)
[2.582s] -- Found Python3: /usr/bin/python3 (found version "3.12.3") found components: Interpreter 
[2.667s] -- Found lely_core_libraries: 0.3.1 (/home/ishaan/eboat_src/install/lely_core_libraries/share/lely_core_libraries/cmake)
[2.673s] -- Found lifecycle_msgs: 2.3.0 (/opt/ros/kilted/share/lifecycle_msgs/cmake)
[2.869s] -- Found rosidl_generator_c: 4.9.5 (/opt/ros/kilted/share/rosidl_generator_c/cmake)
[2.879s] -- Found rosidl_generator_cpp: 4.9.5 (/opt/ros/kilted/share/rosidl_generator_cpp/cmake)
[2.893s] -- Using all available rosidl_typesupport_c: rosidl_typesupport_fastrtps_c;rosidl_typesupport_introspection_c
[2.907s] -- Using all available rosidl_typesupport_cpp: rosidl_typesupport_fastrtps_cpp;rosidl_typesupport_introspection_cpp
[2.955s] -- Found rclcpp: 29.5.2 (/opt/ros/kilted/share/rclcpp/cmake)
[3.013s] -- Found rmw_implementation_cmake: 7.8.2 (/opt/ros/kilted/share/rmw_implementation_cmake/cmake)
[3.018s] -- Found rmw_fastrtps_cpp: 9.3.2 (/opt/ros/kilted/share/rmw_fastrtps_cpp/cmake)
[3.102s] -- Found OpenSSL: /usr/lib/x86_64-linux-gnu/libcrypto.so (found version "3.0.13")  
[3.112s] -- Using RMW implementation 'rmw_fastrtps_cpp' as default
[3.401s] -- Found rclcpp_lifecycle: 29.5.2 (/opt/ros/kilted/share/rclcpp_lifecycle/cmake)
[3.414s] [0mCMake Deprecation Warning at /opt/ros/kilted/share/ament_cmake_target_dependencies/cmake/ament_target_dependencies.cmake:87 (message):
[3.414s]   ament_target_dependencies() is deprecated.  Use target_link_libraries()
[3.414s]   with modern CMake targets instead.  Try replacing this call with:
[3.414s] 
[3.414s]     target_link_libraries(basic_slave_node PUBLIC
[3.414s]       ${lifecycle_msgs_TARGETS}
[3.414s]       rclcpp::rclcpp
[3.414s]       rclcpp_lifecycle::rclcpp_lifecycle
[3.414s]     )
[3.414s] 
[3.414s] Call Stack (most recent call first):
[3.414s]   CMakeLists.txt:32 (ament_target_dependencies)
[3.414s] 
[3.414s] [0m
[3.416s] [0mCMake Deprecation Warning at /opt/ros/kilted/share/ament_cmake_target_dependencies/cmake/ament_target_dependencies.cmake:87 (message):
[3.416s]   ament_target_dependencies() is deprecated.  Use target_link_libraries()
[3.416s]   with modern CMake targets instead.  Try replacing this call with:
[3.416s] 
[3.416s]     target_link_libraries(cia402_slave_node PUBLIC
[3.416s]       ${lifecycle_msgs_TARGETS}
[3.416s]       rclcpp::rclcpp
[3.416s]       rclcpp_lifecycle::rclcpp_lifecycle
[3.416s]     )
[3.416s] 
[3.416s] Call Stack (most recent call first):
[3.416s]   CMakeLists.txt:48 (ament_target_dependencies)
[3.416s] 
[3.416s] [0m
[3.419s] -- Found ament_lint_auto: 0.19.2 (/opt/ros/kilted/share/ament_lint_auto/cmake)
[3.488s] -- Configuring done (3.3s)
[3.500s] -- Generating done (0.0s)
[3.503s] -- Build files have been written to: /home/ishaan/eboat_src/build/canopen_fake_slaves
[3.514s] Invoked command in '/home/ishaan/eboat_src/build/canopen_fake_slaves' returned '0': AMENT_PREFIX_PATH=/home/ishaan/eboat_src/install/lely_core_libraries:${AMENT_PREFIX_PATH} CMAKE_PREFIX_PATH=/home/ishaan/eboat_src/install/lely_core_libraries:/home/ishaan/eboat_src/ros_ws/install/canopen_tests:/home/ishaan/eboat_src/ros_ws/install/canopen_ros2_controllers:/home/ishaan/eboat_src/ros_ws/install/canopen_ros2_control:/home/ishaan/eboat_src/ros_ws/install/canopen:/home/ishaan/eboat_src/ros_ws/install/canopen_402_driver:/home/ishaan/eboat_src/ros_ws/install/canopen_proxy_driver:/home/ishaan/eboat_src/ros_ws/install/canopen_master_driver:/home/ishaan/eboat_src/ros_ws/install/canopen_fake_slaves:/home/ishaan/eboat_src/ros_ws/install/canopen_base_driver:/home/ishaan/eboat_src/ros_ws/install/canopen_core:/home/ishaan/eboat_src/ros_ws/install/lely_core_libraries:/home/ishaan/eboat_src/ros_ws/install/canopen_interfaces:/home/ishaan/eboat_src/ros_ws/install/boat_data_interfaces:/opt/ros/kilted/opt/sdformat_vendor:/opt/ros/kilted/opt/gz_math_vendor:/opt/ros/kilted/opt/gz_utils_vendor:/opt/ros/kilted/opt/gz_tools_vendor:/opt/ros/kilted/opt/gz_cmake_vendor:/home/ishaan/eboat_src/ros_ws/install/canopen_utils:/home/ishaan/eboat_src/ros_ws/install/shore_comms:/home/ishaan/eboat_src/ros_ws/install/motor_node_test:/home/ishaan/eboat_src/ros_ws/install/motor_node:/home/ishaan/eboat_src/ros_ws/install/motion_node_test:/home/ishaan/eboat_src/ros_ws/install/motion_node:/home/ishaan/eboat_src/ros_ws/install/electrical_node_test:/home/ishaan/eboat_src/ros_ws/install/electrical_node:/home/ishaan/eboat_src/ros_ws/install/alarms_watchdog_node:/home/ishaan/eboat_src/ros_ws/install/GPIO_Test:/opt/ros/kilted LD_LIBRARY_PATH=/home/ishaan/eboat_src/install/lely_core_libraries/lib:${LD_LIBRARY_PATH} PATH=/home/ishaan/eboat_src/install/lely_core_libraries/bin:${PATH} PYTHONPATH=/home/ishaan/eboat_src/install/lely_core_libraries/lib/python3.12/site-packages:${PYTHONPATH} /usr/bin/cmake /home/ishaan/eboat_src/ros_ws/src/ros2_canopen/canopen_fake_slaves -DCMAKE_INSTALL_PREFIX=/home/ishaan/eboat_src/install/canopen_fake_slaves
[3.515s] Invoking command in '/home/ishaan/eboat_src/build/canopen_fake_slaves': AMENT_PREFIX_PATH=/home/ishaan/eboat_src/install/lely_core_libraries:${AMENT_PREFIX_PATH} CMAKE_PREFIX_PATH=/home/ishaan/eboat_src/install/lely_core_libraries:/home/ishaan/eboat_src/ros_ws/install/canopen_tests:/home/ishaan/eboat_src/ros_ws/install/canopen_ros2_controllers:/home/ishaan/eboat_src/ros_ws/install/canopen_ros2_control:/home/ishaan/eboat_src/ros_ws/install/canopen:/home/ishaan/eboat_src/ros_ws/install/canopen_402_driver:/home/ishaan/eboat_src/ros_ws/install/canopen_proxy_driver:/home/ishaan/eboat_src/ros_ws/install/canopen_master_driver:/home/ishaan/eboat_src/ros_ws/install/canopen_fake_slaves:/home/ishaan/eboat_src/ros_ws/install/canopen_base_driver:/home/ishaan/eboat_src/ros_ws/install/canopen_core:/home/ishaan/eboat_src/ros_ws/install/lely_core_libraries:/home/ishaan/eboat_src/ros_ws/install/canopen_interfaces:/home/ishaan/eboat_src/ros_ws/install/boat_data_interfaces:/opt/ros/kilted/opt/sdformat_vendor:/opt/ros/kilted/opt/gz_math_vendor:/opt/ros/kilted/opt/gz_utils_vendor:/opt/ros/kilted/opt/gz_tools_vendor:/opt/ros/kilted/opt/gz_cmake_vendor:/home/ishaan/eboat_src/ros_ws/install/canopen_utils:/home/ishaan/eboat_src/ros_ws/install/shore_comms:/home/ishaan/eboat_src/ros_ws/install/motor_node_test:/home/ishaan/eboat_src/ros_ws/install/motor_node:/home/ishaan/eboat_src/ros_ws/install/motion_node_test:/home/ishaan/eboat_src/ros_ws/install/motion_node:/home/ishaan/eboat_src/ros_ws/install/electrical_node_test:/home/ishaan/eboat_src/ros_ws/install/electrical_node:/home/ishaan/eboat_src/ros_ws/install/alarms_watchdog_node:/home/ishaan/eboat_src/ros_ws/install/GPIO_Test:/opt/ros/kilted LD_LIBRARY_PATH=/home/ishaan/eboat_src/install/lely_core_libraries/lib:${LD_LIBRARY_PATH} PATH=/home/ishaan/eboat_src/install/lely_core_libraries/bin:${PATH} PYTHONPATH=/home/ishaan/eboat_src/install/lely_core_libraries/lib/python3.12/site-packages:${PYTHONPATH} /usr/bin/cmake --build /home/ishaan/eboat_src/build/canopen_fake_slaves -- -j16 -l16
[3.552s] [ 60%] [32mBuilding CXX object CMakeFiles/basic_slave_node.dir/src/basic_slave.cpp.o[0m
[3.553s] [ 60%] [32mBuilding CXX object CMakeFiles/cia402_slave_node.dir/src/motion_generator.cpp.o[0m
[3.553s] [ 60%] [32mBuilding CXX object CMakeFiles/cia402_slave_node.dir/src/cia402_slave.cpp.o[0m
[7.626s] [ 80%] [32m[1mLinking CXX executable basic_slave_node[0m
[7.823s] [100%] [32m[1mLinking CXX executable cia402_slave_node[0m
[8.089s] [100%] Built target basic_slave_node
[8.191s] [100%] Built target cia402_slave_node
[8.203s] Invoked command in '/home/ishaan/eboat_src/build/canopen_fake_slaves' returned '0': AMENT_PREFIX_PATH=/home/ishaan/eboat_src/install/lely_core_libraries:${AMENT_PREFIX_PATH} CMAKE_PREFIX_PATH=/home/ishaan/eboat_src/install/lely_core_libraries:/home/ishaan/eboat_src/ros_ws/install/canopen_tests:/home/ishaan/eboat_src/ros_ws/install/canopen_ros2_controllers:/home/ishaan/eboat_src/ros_ws/install/canopen_ros2_control:/home/ishaan/eboat_src/ros_ws/install/canopen:/home/ishaan/eboat_src/ros_ws/install/canopen_402_driver:/home/ishaan/eboat_src/ros_ws/install/canopen_proxy_driver:/home/ishaan/eboat_src/ros_ws/install/canopen_master_driver:/home/ishaan/eboat_src/ros_ws/install/canopen_fake_slaves:/home/ishaan/eboat_src/ros_ws/install/canopen_base_driver:/home/ishaan/eboat_src/ros_ws/install/canopen_core:/home/ishaan/eboat_src/ros_ws/install/lely_core_libraries:/home/ishaan/eboat_src/ros_ws/install/canopen_interfaces:/home/ishaan/eboat_src/ros_ws/install/boat_data_interfaces:/opt/ros/kilted/opt/sdformat_vendor:/opt/ros/kilted/opt/gz_math_vendor:/opt/ros/kilted/opt/gz_utils_vendor:/opt/ros/kilted/opt/gz_tools_vendor:/opt/ros/kilted/opt/gz_cmake_vendor:/home/ishaan/eboat_src/ros_ws/install/canopen_utils:/home/ishaan/eboat_src/ros_ws/install/shore_comms:/home/ishaan/eboat_src/ros_ws/install/motor_node_test:/home/ishaan/eboat_src/ros_ws/install/motor_node:/home/ishaan/eboat_src/ros_ws/install/motion_node_test:/home/ishaan/eboat_src/ros_ws/install/motion_node:/home/ishaan/eboat_src/ros_ws/install/electrical_node_test:/home/ishaan/eboat_src/ros_ws/install/electrical_node:/home/ishaan/eboat_src/ros_ws/install/alarms_watchdog_node:/home/ishaan/eboat_src/ros_ws/install/GPIO_Test:/opt/ros/kilted LD_LIBRARY_PATH=/home/ishaan/eboat_src/install/lely_core_libraries/lib:${LD_LIBRARY_PATH} PATH=/home/ishaan/eboat_src/install/lely_core_libraries/bin:${PATH} PYTHONPATH=/home/ishaan/eboat_src/install/lely_core_libraries/lib/python3.12/site-packages:${PYTHONPATH} /usr/bin/cmake --build /home/ishaan/eboat_src/build/canopen_fake_slaves -- -j16 -l16
[8.204s] Invoking command in '/home/ishaan/eboat_src/build/canopen_fake_slaves': AMENT_PREFIX_PATH=/home/ishaan/eboat_src/install/lely_core_libraries:${AMENT_PREFIX_PATH} CMAKE_PREFIX_PATH=/home/ishaan/eboat_src/install/lely_core_libraries:/home/ishaan/eboat_src/ros_ws/install/canopen_tests:/home/ishaan/eboat_src/ros_ws/install/canopen_ros2_controllers:/home/ishaan/eboat_src/ros_ws/install/canopen_ros2_control:/home/ishaan/eboat_src/ros_ws/install/canopen:/home/ishaan/eboat_src/ros_ws/install/canopen_402_driver:/home/ishaan/eboat_src/ros_ws/install/canopen_proxy_driver:/home/ishaan/eboat_src/ros_ws/install/canopen_master_driver:/home/ishaan/eboat_src/ros_ws/install/canopen_fake_slaves:/home/ishaan/eboat_src/ros_ws/install/canopen_base_driver:/home/ishaan/eboat_src/ros_ws/install/canopen_core:/home/ishaan/eboat_src/ros_ws/install/lely_core_libraries:/home/ishaan/eboat_src/ros_ws/install/canopen_interfaces:/home/ishaan/eboat_src/ros_ws/install/boat_data_interfaces:/opt/ros/kilted/opt/sdformat_vendor:/opt/ros/kilted/opt/gz_math_vendor:/opt/ros/kilted/opt/gz_utils_vendor:/opt/ros/kilted/opt/gz_tools_vendor:/opt/ros/kilted/opt/gz_cmake_vendor:/home/ishaan/eboat_src/ros_ws/install/canopen_utils:/home/ishaan/eboat_src/ros_ws/install/shore_comms:/home/ishaan/eboat_src/ros_ws/install/motor_node_test:/home/ishaan/eboat_src/ros_ws/install/motor_node:/home/ishaan/eboat_src/ros_ws/install/motion_node_test:/home/ishaan/eboat_src/ros_ws/install/motion_node:/home/ishaan/eboat_src/ros_ws/install/electrical_node_test:/home/ishaan/eboat_src/ros_ws/install/electrical_node:/home/ishaan/eboat_src/ros_ws/install/alarms_watchdog_node:/home/ishaan/eboat_src/ros_ws/install/GPIO_Test:/opt/ros/kilted LD_LIBRARY_PATH=/home/ishaan/eboat_src/install/lely_core_libraries/lib:${LD_LIBRARY_PATH} PATH=/home/ishaan/eboat_src/install/lely_core_libraries/bin:${PATH} PYTHONPATH=/home/ishaan/eboat_src/install/lely_core_libraries/lib/python3.12/site-packages:${PYTHONPATH} /usr/bin/cmake --install /home/ishaan/eboat_src/build/canopen_fake_slaves
[8.214s] -- Install configuration: ""
[8.215s] -- Installing: /home/ishaan/eboat_src/install/canopen_fake_slaves/lib/canopen_fake_slaves/basic_slave_node
[8.215s] -- Set non-toolchain portion of runtime path of "/home/ishaan/eboat_src/install/canopen_fake_slaves/lib/canopen_fake_slaves/basic_slave_node" to ""
[8.215s] -- Installing: /home/ishaan/eboat_src/install/canopen_fake_slaves/lib/canopen_fake_slaves/cia402_slave_node
[8.216s] -- Set non-toolchain portion of runtime path of "/home/ishaan/eboat_src/install/canopen_fake_slaves/lib/canopen_fake_slaves/cia402_slave_node" to ""
[8.216s] -- Installing: /home/ishaan/eboat_src/install/canopen_fake_slaves/share/canopen_fake_slaves/launch/
[8.216s] -- Installing: /home/ishaan/eboat_src/install/canopen_fake_slaves/share/canopen_fake_slaves/launch//cia402_slave.launch.py
[8.216s] -- Installing: /home/ishaan/eboat_src/install/canopen_fake_slaves/share/canopen_fake_slaves/launch//basic_slave.launch.py
[8.216s] -- Installing: /home/ishaan/eboat_src/install/canopen_fake_slaves/share/canopen_fake_slaves/config/
[8.216s] -- Installing: /home/ishaan/eboat_src/install/canopen_fake_slaves/share/canopen_fake_slaves/config//cia402_slave.eds
[8.217s] -- Installing: /home/ishaan/eboat_src/install/canopen_fake_slaves/share/canopen_fake_slaves/config//simple_slave.eds
[8.217s] -- Installing: /home/ishaan/eboat_src/install/canopen_fake_slaves/include
[8.217s] -- Installing: /home/ishaan/eboat_src/install/canopen_fake_slaves/include/canopen_fake_slaves
[8.217s] -- Installing: /home/ishaan/eboat_src/install/canopen_fake_slaves/include/canopen_fake_slaves/base_slave.hpp
[8.217s] -- Installing: /home/ishaan/eboat_src/install/canopen_fake_slaves/include/canopen_fake_slaves/basic_slave.hpp
[8.217s] -- Installing: /home/ishaan/eboat_src/install/canopen_fake_slaves/include/canopen_fake_slaves/cia402_slave.hpp
[8.218s] -- Installing: /home/ishaan/eboat_src/install/canopen_fake_slaves/include/canopen_fake_slaves/motion_generator.hpp
[8.218s] -- Installing: /home/ishaan/eboat_src/install/canopen_fake_slaves/share/ament_index/resource_index/package_run_dependencies/canopen_fake_slaves
[8.218s] -- Installing: /home/ishaan/eboat_src/install/canopen_fake_slaves/share/ament_index/resource_index/parent_prefix_path/canopen_fake_slaves
[8.218s] -- Installing: /home/ishaan/eboat_src/install/canopen_fake_slaves/share/canopen_fake_slaves/environment/ament_prefix_path.sh
[8.219s] -- Installing: /home/ishaan/eboat_src/install/canopen_fake_slaves/share/canopen_fake_slaves/environment/ament_prefix_path.dsv
[8.219s] -- Installing: /home/ishaan/eboat_src/install/canopen_fake_slaves/share/canopen_fake_slaves/environment/path.sh
[8.219s] -- Installing: /home/ishaan/eboat_src/install/canopen_fake_slaves/share/canopen_fake_slaves/environment/path.dsv
[8.219s] -- Installing: /home/ishaan/eboat_src/install/canopen_fake_slaves/share/canopen_fake_slaves/local_setup.bash
[8.220s] -- Installing: /home/ishaan/eboat_src/install/canopen_fake_slaves/share/canopen_fake_slaves/local_setup.sh
[8.220s] -- Installing: /home/ishaan/eboat_src/install/canopen_fake_slaves/share/canopen_fake_slaves/local_setup.zsh
[8.220s] -- Installing: /home/ishaan/eboat_src/install/canopen_fake_slaves/share/canopen_fake_slaves/local_setup.dsv
[8.220s] -- Installing: /home/ishaan/eboat_src/install/canopen_fake_slaves/share/canopen_fake_slaves/package.dsv
[8.220s] -- Installing: /home/ishaan/eboat_src/install/canopen_fake_slaves/share/ament_index/resource_index/packages/canopen_fake_slaves
[8.220s] -- Installing: /home/ishaan/eboat_src/install/canopen_fake_slaves/share/canopen_fake_slaves/cmake/ament_cmake_export_include_directories-extras.cmake
[8.221s] -- Installing: /home/ishaan/eboat_src/install/canopen_fake_slaves/share/canopen_fake_slaves/cmake/ament_cmake_export_dependencies-extras.cmake
[8.221s] -- Installing: /home/ishaan/eboat_src/install/canopen_fake_slaves/share/canopen_fake_slaves/cmake/canopen_fake_slavesConfig.cmake
[8.221s] -- Installing: /home/ishaan/eboat_src/install/canopen_fake_slaves/share/canopen_fake_slaves/cmake/canopen_fake_slavesConfig-version.cmake
[8.221s] -- Installing: /home/ishaan/eboat_src/install/canopen_fake_slaves/share/canopen_fake_slaves/package.xml
[8.224s] Invoked command in '/home/ishaan/eboat_src/build/canopen_fake_slaves' returned '0': AMENT_PREFIX_PATH=/home/ishaan/eboat_src/install/lely_core_libraries:${AMENT_PREFIX_PATH} CMAKE_PREFIX_PATH=/home/ishaan/eboat_src/install/lely_core_libraries:/home/ishaan/eboat_src/ros_ws/install/canopen_tests:/home/ishaan/eboat_src/ros_ws/install/canopen_ros2_controllers:/home/ishaan/eboat_src/ros_ws/install/canopen_ros2_control:/home/ishaan/eboat_src/ros_ws/install/canopen:/home/ishaan/eboat_src/ros_ws/install/canopen_402_driver:/home/ishaan/eboat_src/ros_ws/install/canopen_proxy_driver:/home/ishaan/eboat_src/ros_ws/install/canopen_master_driver:/home/ishaan/eboat_src/ros_ws/install/canopen_fake_slaves:/home/ishaan/eboat_src/ros_ws/install/canopen_base_driver:/home/ishaan/eboat_src/ros_ws/install/canopen_core:/home/ishaan/eboat_src/ros_ws/install/lely_core_libraries:/home/ishaan/eboat_src/ros_ws/install/canopen_interfaces:/home/ishaan/eboat_src/ros_ws/install/boat_data_interfaces:/opt/ros/kilted/opt/sdformat_vendor:/opt/ros/kilted/opt/gz_math_vendor:/opt/ros/kilted/opt/gz_utils_vendor:/opt/ros/kilted/opt/gz_tools_vendor:/opt/ros/kilted/opt/gz_cmake_vendor:/home/ishaan/eboat_src/ros_ws/install/canopen_utils:/home/ishaan/eboat_src/ros_ws/install/shore_comms:/home/ishaan/eboat_src/ros_ws/install/motor_node_test:/home/ishaan/eboat_src/ros_ws/install/motor_node:/home/ishaan/eboat_src/ros_ws/install/motion_node_test:/home/ishaan/eboat_src/ros_ws/install/motion_node:/home/ishaan/eboat_src/ros_ws/install/electrical_node_test:/home/ishaan/eboat_src/ros_ws/install/electrical_node:/home/ishaan/eboat_src/ros_ws/install/alarms_watchdog_node:/home/ishaan/eboat_src/ros_ws/install/GPIO_Test:/opt/ros/kilted LD_LIBRARY_PATH=/home/ishaan/eboat_src/install/lely_core_libraries/lib:${LD_LIBRARY_PATH} PATH=/home/ishaan/eboat_src/install/lely_core_libraries/bin:${PATH} PYTHONPATH=/home/ishaan/eboat_src/install/lely_core_libraries/lib/python3.12/site-packages:${PYTHONPATH} /usr/bin/cmake --install /home/ishaan/eboat_src/build/canopen_fake_slaves
