[0.691s] Invoking command in '/home/ishaan/eboat_src/ros_ws/src/shore_comms': PYTHONPATH=/home/ishaan/eboat_src/build/shore_comms/prefix_override:/usr/lib/python3/dist-packages/colcon_core/task/python/colcon_distutils_commands:/home/ishaan/eboat_src/install/shore_comms/lib/python3.12/site-packages:${PYTHONPATH} /usr/bin/python3 -W ignore:setup.py install is deprecated -W ignore:easy_install command is deprecated setup.py egg_info --egg-base ../../../build/shore_comms build --build-base /home/ishaan/eboat_src/build/shore_comms/build install --record /home/ishaan/eboat_src/build/shore_comms/install.log --single-version-externally-managed install_data
[0.840s] running egg_info
[0.840s] creating ../../../build/shore_comms/shore_comms.egg-info
[0.850s] writing ../../../build/shore_comms/shore_comms.egg-info/PKG-INFO
[0.850s] writing dependency_links to ../../../build/shore_comms/shore_comms.egg-info/dependency_links.txt
[0.851s] writing entry points to ../../../build/shore_comms/shore_comms.egg-info/entry_points.txt
[0.851s] writing requirements to ../../../build/shore_comms/shore_comms.egg-info/requires.txt
[0.851s] writing top-level names to ../../../build/shore_comms/shore_comms.egg-info/top_level.txt
[0.851s] writing manifest file '../../../build/shore_comms/shore_comms.egg-info/SOURCES.txt'
[0.871s] reading manifest file '../../../build/shore_comms/shore_comms.egg-info/SOURCES.txt'
[0.872s] adding license file 'LICENSE'
[0.872s] writing manifest file '../../../build/shore_comms/shore_comms.egg-info/SOURCES.txt'
[0.872s] running build
[0.872s] running build_py
[0.873s] creating /home/ishaan/eboat_src/build/shore_comms/build
[0.873s] creating /home/ishaan/eboat_src/build/shore_comms/build/lib
[0.873s] creating /home/ishaan/eboat_src/build/shore_comms/build/lib/shore_comms
[0.873s] copying shore_comms/main.py -> /home/ishaan/eboat_src/build/shore_comms/build/lib/shore_comms
[0.873s] copying shore_comms/__init__.py -> /home/ishaan/eboat_src/build/shore_comms/build/lib/shore_comms
[0.874s] running install
[0.877s] running install_lib
[0.887s] creating /home/ishaan/eboat_src/install/shore_comms/lib/python3.12/site-packages/shore_comms
[0.888s] copying /home/ishaan/eboat_src/build/shore_comms/build/lib/shore_comms/main.py -> /home/ishaan/eboat_src/install/shore_comms/lib/python3.12/site-packages/shore_comms
[0.888s] copying /home/ishaan/eboat_src/build/shore_comms/build/lib/shore_comms/__init__.py -> /home/ishaan/eboat_src/install/shore_comms/lib/python3.12/site-packages/shore_comms
[0.888s] byte-compiling /home/ishaan/eboat_src/install/shore_comms/lib/python3.12/site-packages/shore_comms/main.py to main.cpython-312.pyc
[0.888s] byte-compiling /home/ishaan/eboat_src/install/shore_comms/lib/python3.12/site-packages/shore_comms/__init__.py to __init__.cpython-312.pyc
[0.889s] running install_data
[0.889s] creating /home/ishaan/eboat_src/install/shore_comms/share/ament_index
[0.889s] creating /home/ishaan/eboat_src/install/shore_comms/share/ament_index/resource_index
[0.889s] creating /home/ishaan/eboat_src/install/shore_comms/share/ament_index/resource_index/packages
[0.889s] copying resource/shore_comms -> /home/ishaan/eboat_src/install/shore_comms/share/ament_index/resource_index/packages
[0.889s] copying package.xml -> /home/ishaan/eboat_src/install/shore_comms/share/shore_comms
[0.889s] running install_egg_info
[0.906s] Copying ../../../build/shore_comms/shore_comms.egg-info to /home/ishaan/eboat_src/install/shore_comms/lib/python3.12/site-packages/shore_comms-0.0.0-py3.12.egg-info
[0.907s] running install_scripts
[0.979s] Installing shore script to /home/ishaan/eboat_src/install/shore_comms/lib/shore_comms
[0.979s] writing list of installed files to '/home/ishaan/eboat_src/build/shore_comms/install.log'
[1.006s] Invoked command in '/home/ishaan/eboat_src/ros_ws/src/shore_comms' returned '0': PYTHONPATH=/home/ishaan/eboat_src/build/shore_comms/prefix_override:/usr/lib/python3/dist-packages/colcon_core/task/python/colcon_distutils_commands:/home/ishaan/eboat_src/install/shore_comms/lib/python3.12/site-packages:${PYTHONPATH} /usr/bin/python3 -W ignore:setup.py install is deprecated -W ignore:easy_install command is deprecated setup.py egg_info --egg-base ../../../build/shore_comms build --build-base /home/ishaan/eboat_src/build/shore_comms/build install --record /home/ishaan/eboat_src/build/shore_comms/install.log --single-version-externally-managed install_data
