[0mCMake Deprecation Warning at /opt/ros/kilted/share/ament_cmake_target_dependencies/cmake/ament_target_dependencies.cmake:87 (message):
  ament_target_dependencies() is deprecated.  Use target_link_libraries()
  with modern CMake targets instead.  Try replacing this call with:

    target_link_libraries(lely_driver_bridge PUBLIC
      ${canopen_interfaces_TARGETS}
      ${std_msgs_TARGETS}
      ${std_srvs_TARGETS}
      canopen_core::device_container
      canopen_core::node_canopen_driver
      canopen_core::node_canopen_master
      diagnostic_updater::diagnostic_updater
      rclcpp::rclcpp
      rclcpp_components::component
      rclcpp_components::component_manager
      rclcpp_lifecycle::rclcpp_lifecycle
    )

Call Stack (most recent call first):
  CMakeLists.txt:43 (ament_target_dependencies)

[0m
[0mCMake Deprecation Warning at /opt/ros/kilted/share/ament_cmake_target_dependencies/cmake/ament_target_dependencies.cmake:87 (message):
  ament_target_dependencies() is deprecated.  Use target_link_libraries()
  with modern CMake targets instead.  Try replacing this call with:

    target_link_libraries(node_canopen_base_driver PUBLIC
      ${canopen_interfaces_TARGETS}
      ${std_msgs_TARGETS}
      ${std_srvs_TARGETS}
      canopen_core::device_container
      canopen_core::node_canopen_driver
      canopen_core::node_canopen_master
      diagnostic_updater::diagnostic_updater
      rclcpp::rclcpp
      rclcpp_components::component
      rclcpp_components::component_manager
      rclcpp_lifecycle::rclcpp_lifecycle
    )

Call Stack (most recent call first):
  CMakeLists.txt:62 (ament_target_dependencies)

[0m
[0mCMake Deprecation Warning at /opt/ros/kilted/share/ament_cmake_target_dependencies/cmake/ament_target_dependencies.cmake:87 (message):
  ament_target_dependencies() is deprecated.  Use target_link_libraries()
  with modern CMake targets instead.  Try replacing this call with:

    target_link_libraries(lifecycle_base_driver PUBLIC
      ${canopen_interfaces_TARGETS}
      ${std_msgs_TARGETS}
      ${std_srvs_TARGETS}
      canopen_core::device_container
      canopen_core::node_canopen_driver
      canopen_core::node_canopen_master
      diagnostic_updater::diagnostic_updater
      rclcpp::rclcpp
      rclcpp_components::component
      rclcpp_components::component_manager
      rclcpp_lifecycle::rclcpp_lifecycle
    )

Call Stack (most recent call first):
  CMakeLists.txt:81 (ament_target_dependencies)

[0m
[0mCMake Deprecation Warning at /opt/ros/kilted/share/ament_cmake_target_dependencies/cmake/ament_target_dependencies.cmake:87 (message):
  ament_target_dependencies() is deprecated.  Use target_link_libraries()
  with modern CMake targets instead.  Try replacing this call with:

    target_link_libraries(base_driver PUBLIC
      ${canopen_interfaces_TARGETS}
      ${std_msgs_TARGETS}
      ${std_srvs_TARGETS}
      canopen_core::device_container
      canopen_core::node_canopen_driver
      canopen_core::node_canopen_master
      diagnostic_updater::diagnostic_updater
      rclcpp::rclcpp
      rclcpp_components::component
      rclcpp_components::component_manager
      rclcpp_lifecycle::rclcpp_lifecycle
    )

Call Stack (most recent call first):
  CMakeLists.txt:108 (ament_target_dependencies)

[0m
[0mCMake Deprecation Warning at /opt/ros/kilted/share/ament_cmake_target_dependencies/cmake/ament_target_dependencies.cmake:87 (message):
  ament_target_dependencies() is deprecated.  Use target_link_libraries()
  with modern CMake targets instead.  Try replacing this call with:

    target_link_libraries(test_node_canopen_base_driver_ros PUBLIC
      ${canopen_interfaces_TARGETS}
      ${std_msgs_TARGETS}
      ${std_srvs_TARGETS}
      canopen_core::device_container
      canopen_core::node_canopen_driver
      canopen_core::node_canopen_master
      diagnostic_updater::diagnostic_updater
      rclcpp::rclcpp
      rclcpp_components::component
      rclcpp_components::component_manager
      rclcpp_lifecycle::rclcpp_lifecycle
    )

Call Stack (most recent call first):
  test/CMakeLists.txt:4 (ament_target_dependencies)

[0m
[0mCMake Deprecation Warning at /opt/ros/kilted/share/ament_cmake_target_dependencies/cmake/ament_target_dependencies.cmake:87 (message):
  ament_target_dependencies() is deprecated.  Use target_link_libraries()
  with modern CMake targets instead.  Try replacing this call with:

    target_link_libraries(test_base_driver_component PUBLIC
      ${canopen_interfaces_TARGETS}
      ${std_msgs_TARGETS}
      ${std_srvs_TARGETS}
      canopen_core::device_container
      canopen_core::node_canopen_driver
      canopen_core::node_canopen_master
      diagnostic_updater::diagnostic_updater
      rclcpp::rclcpp
      rclcpp_components::component
      rclcpp_components::component_manager
      rclcpp_lifecycle::rclcpp_lifecycle
    )

Call Stack (most recent call first):
  test/CMakeLists.txt:20 (ament_target_dependencies)

[0m
