[0.511s] Invoking command in '/home/ishaan/eboat_src/build/canopen_base_driver': AMENT_PREFIX_PATH=/home/ishaan/eboat_src/install/canopen_core:/home/ishaan/eboat_src/install/lely_core_libraries:/home/ishaan/eboat_src/install/canopen_interfaces:${AMENT_PREFIX_PATH} CMAKE_PREFIX_PATH=/home/ishaan/eboat_src/install/canopen_core:/home/ishaan/eboat_src/install/lely_core_libraries:/home/ishaan/eboat_src/install/canopen_interfaces:/home/ishaan/eboat_src/ros_ws/install/canopen_tests:/home/ishaan/eboat_src/ros_ws/install/canopen_ros2_controllers:/home/ishaan/eboat_src/ros_ws/install/canopen_ros2_control:/home/ishaan/eboat_src/ros_ws/install/canopen:/home/ishaan/eboat_src/ros_ws/install/canopen_402_driver:/home/ishaan/eboat_src/ros_ws/install/canopen_proxy_driver:/home/ishaan/eboat_src/ros_ws/install/canopen_master_driver:/home/ishaan/eboat_src/ros_ws/install/canopen_fake_slaves:/home/ishaan/eboat_src/ros_ws/install/canopen_base_driver:/home/ishaan/eboat_src/ros_ws/install/canopen_core:/home/ishaan/eboat_src/ros_ws/install/lely_core_libraries:/home/ishaan/eboat_src/ros_ws/install/canopen_interfaces:/home/ishaan/eboat_src/ros_ws/install/boat_data_interfaces:/opt/ros/kilted/opt/sdformat_vendor:/opt/ros/kilted/opt/gz_math_vendor:/opt/ros/kilted/opt/gz_utils_vendor:/opt/ros/kilted/opt/gz_tools_vendor:/opt/ros/kilted/opt/gz_cmake_vendor:/home/ishaan/eboat_src/ros_ws/install/shore_comms:/home/ishaan/eboat_src/ros_ws/install/motor_node_test:/home/ishaan/eboat_src/ros_ws/install/motor_node:/home/ishaan/eboat_src/ros_ws/install/motion_node_test:/home/ishaan/eboat_src/ros_ws/install/motion_node:/home/ishaan/eboat_src/ros_ws/install/electrical_node_test:/home/ishaan/eboat_src/ros_ws/install/electrical_node:/home/ishaan/eboat_src/ros_ws/install/canopen_utils:/home/ishaan/eboat_src/ros_ws/install/alarms_watchdog_node:/home/ishaan/eboat_src/ros_ws/install/GPIO_Test:/opt/ros/kilted LD_LIBRARY_PATH=/home/ishaan/eboat_src/install/canopen_core/lib:/home/ishaan/eboat_src/install/lely_core_libraries/lib:/home/ishaan/eboat_src/install/canopen_interfaces/lib:${LD_LIBRARY_PATH} PATH=/home/ishaan/eboat_src/install/lely_core_libraries/bin:${PATH} PYTHONPATH=/home/ishaan/eboat_src/install/lely_core_libraries/lib/python3.12/site-packages:/home/ishaan/eboat_src/install/canopen_interfaces/lib/python3.12/site-packages:${PYTHONPATH} /usr/bin/cmake /home/ishaan/eboat_src/ros_ws/src/ros2_canopen/canopen_base_driver -DCMAKE_INSTALL_PREFIX=/home/ishaan/eboat_src/install/canopen_base_driver
[0.667s] -- The C compiler identification is GNU 13.3.0
[1.566s] -- The CXX compiler identification is GNU 13.3.0
[2.424s] -- Detecting C compiler ABI info
[2.771s] -- Detecting C compiler ABI info - done
[2.776s] -- Check for working C compiler: /usr/bin/cc - skipped
[2.777s] -- Detecting C compile features
[2.777s] -- Detecting C compile features - done
[2.924s] -- Detecting CXX compiler ABI info
[3.276s] -- Detecting CXX compiler ABI info - done
[3.281s] -- Check for working CXX compiler: /usr/bin/c++ - skipped
[3.281s] -- Detecting CXX compile features
[3.282s] -- Detecting CXX compile features - done
[3.284s] -- Found ament_cmake: 2.7.3 (/opt/ros/kilted/share/ament_cmake/cmake)
[3.405s] -- Found Python3: /usr/bin/python3 (found version "3.12.3") found components: Interpreter 
[3.495s] -- Found ament_cmake_ros: 0.14.3 (/opt/ros/kilted/share/ament_cmake_ros/cmake)
[3.506s] -- Found canopen_core: 0.3.1 (/home/ishaan/eboat_src/install/canopen_core/share/canopen_core/cmake)
[3.694s] -- Found Boost: /usr/lib/x86_64-linux-gnu/cmake/Boost-1.83.0/BoostConfig.cmake (found version "1.83.0") found components: system thread 
[3.830s] -- Found rosidl_generator_c: 4.9.5 (/opt/ros/kilted/share/rosidl_generator_c/cmake)
[3.839s] -- Found rosidl_generator_cpp: 4.9.5 (/opt/ros/kilted/share/rosidl_generator_cpp/cmake)
[3.850s] -- Using all available rosidl_typesupport_c: rosidl_typesupport_fastrtps_c;rosidl_typesupport_introspection_c
[3.862s] -- Using all available rosidl_typesupport_cpp: rosidl_typesupport_fastrtps_cpp;rosidl_typesupport_introspection_cpp
[3.948s] -- Found rmw_implementation_cmake: 7.8.2 (/opt/ros/kilted/share/rmw_implementation_cmake/cmake)
[3.950s] -- Found rmw_fastrtps_cpp: 9.3.2 (/opt/ros/kilted/share/rmw_fastrtps_cpp/cmake)
[4.010s] -- Found OpenSSL: /usr/lib/x86_64-linux-gnu/libcrypto.so (found version "3.0.13")  
[4.018s] -- Using RMW implementation 'rmw_fastrtps_cpp' as default
[4.237s] -- Setting yaml-cpp_DIR to: '/opt/ros/kilted/share/yaml_cpp_vendor/cmake/../../../opt/yaml_cpp_vendor/share/cmake/yaml-cpp'
[4.243s] -- Found std_msgs: 5.5.0 (/opt/ros/kilted/share/std_msgs/cmake)
[4.260s] -- Found std_srvs: 5.5.0 (/opt/ros/kilted/share/std_srvs/cmake)
[4.280s] -- Found diagnostic_updater: 4.3.6 (/opt/ros/kilted/share/diagnostic_updater/cmake)
[4.312s] [0mCMake Deprecation Warning at /opt/ros/kilted/share/ament_cmake_target_dependencies/cmake/ament_target_dependencies.cmake:87 (message):
[4.312s]   ament_target_dependencies() is deprecated.  Use target_link_libraries()
[4.312s]   with modern CMake targets instead.  Try replacing this call with:
[4.312s] 
[4.312s]     target_link_libraries(lely_driver_bridge PUBLIC
[4.312s]       ${canopen_interfaces_TARGETS}
[4.312s]       ${std_msgs_TARGETS}
[4.312s]       ${std_srvs_TARGETS}
[4.312s]       canopen_core::device_container
[4.312s]       canopen_core::node_canopen_driver
[4.312s]       canopen_core::node_canopen_master
[4.312s]       diagnostic_updater::diagnostic_updater
[4.312s]       rclcpp::rclcpp
[4.312s]       rclcpp_components::component
[4.312s]       rclcpp_components::component_manager
[4.312s]       rclcpp_lifecycle::rclcpp_lifecycle
[4.312s]     )
[4.312s] 
[4.312s] Call Stack (most recent call first):
[4.312s]   CMakeLists.txt:43 (ament_target_dependencies)
[4.312s] 
[4.312s] [0m
[4.315s] [0mCMake Deprecation Warning at /opt/ros/kilted/share/ament_cmake_target_dependencies/cmake/ament_target_dependencies.cmake:87 (message):
[4.316s]   ament_target_dependencies() is deprecated.  Use target_link_libraries()
[4.316s]   with modern CMake targets instead.  Try replacing this call with:
[4.316s] 
[4.316s]     target_link_libraries(node_canopen_base_driver PUBLIC
[4.316s]       ${canopen_interfaces_TARGETS}
[4.316s]       ${std_msgs_TARGETS}
[4.316s]       ${std_srvs_TARGETS}
[4.316s]       canopen_core::device_container
[4.316s]       canopen_core::node_canopen_driver
[4.316s]       canopen_core::node_canopen_master
[4.316s]       diagnostic_updater::diagnostic_updater
[4.316s]       rclcpp::rclcpp
[4.316s]       rclcpp_components::component
[4.316s]       rclcpp_components::component_manager
[4.316s]       rclcpp_lifecycle::rclcpp_lifecycle
[4.316s]     )
[4.316s] 
[4.316s] Call Stack (most recent call first):
[4.316s]   CMakeLists.txt:62 (ament_target_dependencies)
[4.316s] 
[4.316s] [0m
[4.319s] -- node_canopen_base_driver: /home/ishaan/eboat_src/install/lely_core_libraries/lib/liblely-can.so;/home/ishaan/eboat_src/install/lely_core_libraries/lib/liblely-co.so;/home/ishaan/eboat_src/install/lely_core_libraries/lib/liblely-coapp.so;/home/ishaan/eboat_src/install/lely_core_libraries/lib/liblely-ev.so;/home/ishaan/eboat_src/install/lely_core_libraries/lib/liblely-io2.so;/home/ishaan/eboat_src/install/lely_core_libraries/lib/liblely-libc.so;/home/ishaan/eboat_src/install/lely_core_libraries/lib/liblely-tap.so;/home/ishaan/eboat_src/install/lely_core_libraries/lib/liblely-util.so
[4.319s] [0mCMake Deprecation Warning at /opt/ros/kilted/share/ament_cmake_target_dependencies/cmake/ament_target_dependencies.cmake:87 (message):
[4.319s]   ament_target_dependencies() is deprecated.  Use target_link_libraries()
[4.319s]   with modern CMake targets instead.  Try replacing this call with:
[4.319s] 
[4.319s]     target_link_libraries(lifecycle_base_driver PUBLIC
[4.320s]       ${canopen_interfaces_TARGETS}
[4.320s]       ${std_msgs_TARGETS}
[4.320s]       ${std_srvs_TARGETS}
[4.320s]       canopen_core::device_container
[4.320s]       canopen_core::node_canopen_driver
[4.320s]       canopen_core::node_canopen_master
[4.320s]       diagnostic_updater::diagnostic_updater
[4.320s]       rclcpp::rclcpp
[4.320s]       rclcpp_components::component
[4.320s]       rclcpp_components::component_manager
[4.320s]       rclcpp_lifecycle::rclcpp_lifecycle
[4.320s]     )
[4.320s] 
[4.320s] Call Stack (most recent call first):
[4.320s]   CMakeLists.txt:81 (ament_target_dependencies)
[4.320s] 
[4.320s] [0m
[4.324s] [0mCMake Deprecation Warning at /opt/ros/kilted/share/ament_cmake_target_dependencies/cmake/ament_target_dependencies.cmake:87 (message):
[4.324s]   ament_target_dependencies() is deprecated.  Use target_link_libraries()
[4.324s]   with modern CMake targets instead.  Try replacing this call with:
[4.324s] 
[4.324s]     target_link_libraries(base_driver PUBLIC
[4.324s]       ${canopen_interfaces_TARGETS}
[4.324s]       ${std_msgs_TARGETS}
[4.324s]       ${std_srvs_TARGETS}
[4.324s]       canopen_core::device_container
[4.324s]       canopen_core::node_canopen_driver
[4.324s]       canopen_core::node_canopen_master
[4.324s]       diagnostic_updater::diagnostic_updater
[4.324s]       rclcpp::rclcpp
[4.324s]       rclcpp_components::component
[4.324s]       rclcpp_components::component_manager
[4.324s]       rclcpp_lifecycle::rclcpp_lifecycle
[4.324s]     )
[4.324s] 
[4.324s] Call Stack (most recent call first):
[4.324s]   CMakeLists.txt:108 (ament_target_dependencies)
[4.324s] 
[4.324s] [0m
[4.331s] -- Found gtest sources under '/opt/ros/kilted/src/gtest_vendor': C++ tests using 'Google Test' will be built
[4.333s] -- Found Threads: TRUE  
[4.333s] [0mCMake Deprecation Warning at /opt/ros/kilted/share/ament_cmake_target_dependencies/cmake/ament_target_dependencies.cmake:87 (message):
[4.333s]   ament_target_dependencies() is deprecated.  Use target_link_libraries()
[4.333s]   with modern CMake targets instead.  Try replacing this call with:
[4.333s] 
[4.333s]     target_link_libraries(test_node_canopen_base_driver_ros PUBLIC
[4.333s]       ${canopen_interfaces_TARGETS}
[4.333s]       ${std_msgs_TARGETS}
[4.333s]       ${std_srvs_TARGETS}
[4.334s]       canopen_core::device_container
[4.334s]       canopen_core::node_canopen_driver
[4.334s]       canopen_core::node_canopen_master
[4.334s]       diagnostic_updater::diagnostic_updater
[4.334s]       rclcpp::rclcpp
[4.334s]       rclcpp_components::component
[4.334s]       rclcpp_components::component_manager
[4.334s]       rclcpp_lifecycle::rclcpp_lifecycle
[4.334s]     )
[4.334s] 
[4.334s] Call Stack (most recent call first):
[4.334s]   test/CMakeLists.txt:4 (ament_target_dependencies)
[4.334s] 
[4.334s] [0m
[4.338s] [0mCMake Deprecation Warning at /opt/ros/kilted/share/ament_cmake_target_dependencies/cmake/ament_target_dependencies.cmake:87 (message):
[4.338s]   ament_target_dependencies() is deprecated.  Use target_link_libraries()
[4.338s]   with modern CMake targets instead.  Try replacing this call with:
[4.338s] 
[4.338s]     target_link_libraries(test_base_driver_component PUBLIC
[4.339s]       ${canopen_interfaces_TARGETS}
[4.339s]       ${std_msgs_TARGETS}
[4.339s]       ${std_srvs_TARGETS}
[4.339s]       canopen_core::device_container
[4.339s]       canopen_core::node_canopen_driver
[4.339s]       canopen_core::node_canopen_master
[4.339s]       diagnostic_updater::diagnostic_updater
[4.339s]       rclcpp::rclcpp
[4.339s]       rclcpp_components::component
[4.339s]       rclcpp_components::component_manager
[4.339s]       rclcpp_lifecycle::rclcpp_lifecycle
[4.339s]     )
[4.339s] 
[4.339s] Call Stack (most recent call first):
[4.339s]   test/CMakeLists.txt:20 (ament_target_dependencies)
[4.339s] 
[4.339s] [0m
[4.410s] -- Configuring done (3.9s)
[4.449s] -- Generating done (0.0s)
[4.461s] -- Build files have been written to: /home/ishaan/eboat_src/build/canopen_base_driver
[4.481s] Invoked command in '/home/ishaan/eboat_src/build/canopen_base_driver' returned '0': AMENT_PREFIX_PATH=/home/ishaan/eboat_src/install/canopen_core:/home/ishaan/eboat_src/install/lely_core_libraries:/home/ishaan/eboat_src/install/canopen_interfaces:${AMENT_PREFIX_PATH} CMAKE_PREFIX_PATH=/home/ishaan/eboat_src/install/canopen_core:/home/ishaan/eboat_src/install/lely_core_libraries:/home/ishaan/eboat_src/install/canopen_interfaces:/home/ishaan/eboat_src/ros_ws/install/canopen_tests:/home/ishaan/eboat_src/ros_ws/install/canopen_ros2_controllers:/home/ishaan/eboat_src/ros_ws/install/canopen_ros2_control:/home/ishaan/eboat_src/ros_ws/install/canopen:/home/ishaan/eboat_src/ros_ws/install/canopen_402_driver:/home/ishaan/eboat_src/ros_ws/install/canopen_proxy_driver:/home/ishaan/eboat_src/ros_ws/install/canopen_master_driver:/home/ishaan/eboat_src/ros_ws/install/canopen_fake_slaves:/home/ishaan/eboat_src/ros_ws/install/canopen_base_driver:/home/ishaan/eboat_src/ros_ws/install/canopen_core:/home/ishaan/eboat_src/ros_ws/install/lely_core_libraries:/home/ishaan/eboat_src/ros_ws/install/canopen_interfaces:/home/ishaan/eboat_src/ros_ws/install/boat_data_interfaces:/opt/ros/kilted/opt/sdformat_vendor:/opt/ros/kilted/opt/gz_math_vendor:/opt/ros/kilted/opt/gz_utils_vendor:/opt/ros/kilted/opt/gz_tools_vendor:/opt/ros/kilted/opt/gz_cmake_vendor:/home/ishaan/eboat_src/ros_ws/install/shore_comms:/home/ishaan/eboat_src/ros_ws/install/motor_node_test:/home/ishaan/eboat_src/ros_ws/install/motor_node:/home/ishaan/eboat_src/ros_ws/install/motion_node_test:/home/ishaan/eboat_src/ros_ws/install/motion_node:/home/ishaan/eboat_src/ros_ws/install/electrical_node_test:/home/ishaan/eboat_src/ros_ws/install/electrical_node:/home/ishaan/eboat_src/ros_ws/install/canopen_utils:/home/ishaan/eboat_src/ros_ws/install/alarms_watchdog_node:/home/ishaan/eboat_src/ros_ws/install/GPIO_Test:/opt/ros/kilted LD_LIBRARY_PATH=/home/ishaan/eboat_src/install/canopen_core/lib:/home/ishaan/eboat_src/install/lely_core_libraries/lib:/home/ishaan/eboat_src/install/canopen_interfaces/lib:${LD_LIBRARY_PATH} PATH=/home/ishaan/eboat_src/install/lely_core_libraries/bin:${PATH} PYTHONPATH=/home/ishaan/eboat_src/install/lely_core_libraries/lib/python3.12/site-packages:/home/ishaan/eboat_src/install/canopen_interfaces/lib/python3.12/site-packages:${PYTHONPATH} /usr/bin/cmake /home/ishaan/eboat_src/ros_ws/src/ros2_canopen/canopen_base_driver -DCMAKE_INSTALL_PREFIX=/home/ishaan/eboat_src/install/canopen_base_driver
[4.482s] Invoking command in '/home/ishaan/eboat_src/build/canopen_base_driver': AMENT_PREFIX_PATH=/home/ishaan/eboat_src/install/canopen_core:/home/ishaan/eboat_src/install/lely_core_libraries:/home/ishaan/eboat_src/install/canopen_interfaces:${AMENT_PREFIX_PATH} CMAKE_PREFIX_PATH=/home/ishaan/eboat_src/install/canopen_core:/home/ishaan/eboat_src/install/lely_core_libraries:/home/ishaan/eboat_src/install/canopen_interfaces:/home/ishaan/eboat_src/ros_ws/install/canopen_tests:/home/ishaan/eboat_src/ros_ws/install/canopen_ros2_controllers:/home/ishaan/eboat_src/ros_ws/install/canopen_ros2_control:/home/ishaan/eboat_src/ros_ws/install/canopen:/home/ishaan/eboat_src/ros_ws/install/canopen_402_driver:/home/ishaan/eboat_src/ros_ws/install/canopen_proxy_driver:/home/ishaan/eboat_src/ros_ws/install/canopen_master_driver:/home/ishaan/eboat_src/ros_ws/install/canopen_fake_slaves:/home/ishaan/eboat_src/ros_ws/install/canopen_base_driver:/home/ishaan/eboat_src/ros_ws/install/canopen_core:/home/ishaan/eboat_src/ros_ws/install/lely_core_libraries:/home/ishaan/eboat_src/ros_ws/install/canopen_interfaces:/home/ishaan/eboat_src/ros_ws/install/boat_data_interfaces:/opt/ros/kilted/opt/sdformat_vendor:/opt/ros/kilted/opt/gz_math_vendor:/opt/ros/kilted/opt/gz_utils_vendor:/opt/ros/kilted/opt/gz_tools_vendor:/opt/ros/kilted/opt/gz_cmake_vendor:/home/ishaan/eboat_src/ros_ws/install/shore_comms:/home/ishaan/eboat_src/ros_ws/install/motor_node_test:/home/ishaan/eboat_src/ros_ws/install/motor_node:/home/ishaan/eboat_src/ros_ws/install/motion_node_test:/home/ishaan/eboat_src/ros_ws/install/motion_node:/home/ishaan/eboat_src/ros_ws/install/electrical_node_test:/home/ishaan/eboat_src/ros_ws/install/electrical_node:/home/ishaan/eboat_src/ros_ws/install/canopen_utils:/home/ishaan/eboat_src/ros_ws/install/alarms_watchdog_node:/home/ishaan/eboat_src/ros_ws/install/GPIO_Test:/opt/ros/kilted LD_LIBRARY_PATH=/home/ishaan/eboat_src/install/canopen_core/lib:/home/ishaan/eboat_src/install/lely_core_libraries/lib:/home/ishaan/eboat_src/install/canopen_interfaces/lib:${LD_LIBRARY_PATH} PATH=/home/ishaan/eboat_src/install/lely_core_libraries/bin:${PATH} PYTHONPATH=/home/ishaan/eboat_src/install/lely_core_libraries/lib/python3.12/site-packages:/home/ishaan/eboat_src/install/canopen_interfaces/lib/python3.12/site-packages:${PYTHONPATH} /usr/bin/cmake --build /home/ishaan/eboat_src/build/canopen_base_driver -- -j16 -l16
[4.525s] [  6%] [32mBuilding CXX object CMakeFiles/lely_driver_bridge.dir/src/lely_driver_bridge.cpp.o[0m
[4.526s] [ 18%] [32mBuilding CXX object gtest/CMakeFiles/gtest.dir/src/gtest-all.cc.o[0m
[4.526s] [ 18%] [32mBuilding CXX object gtest/CMakeFiles/gtest_main.dir/src/gtest_main.cc.o[0m
[5.179s] [ 25%] [32m[1mLinking CXX static library libgtest_main.a[0m
[5.208s] [ 25%] Built target gtest_main
[7.513s] [ 31%] [32m[1mLinking CXX static library libgtest.a[0m
[7.563s] [ 31%] Built target gtest
[7.581s] [ 37%] [32mBuilding CXX object test/CMakeFiles/test_base_driver_component.dir/test_base_driver_component.cpp.o[0m
[9.594s] [ 43%] [32m[1mLinking CXX shared library liblely_driver_bridge.so[0m
[9.891s] [ 43%] Built target lely_driver_bridge
[9.909s] [ 50%] [32mBuilding CXX object CMakeFiles/node_canopen_base_driver.dir/src/node_interfaces/node_canopen_base_driver.cpp.o[0m
[12.733s] [ 56%] [32m[1mLinking CXX executable test_base_driver_component[0m
[13.027s] [ 56%] Built target test_base_driver_component
[15.757s] [ 62%] [32m[1mLinking CXX shared library libnode_canopen_base_driver.so[0m
[16.109s] [ 62%] Built target node_canopen_base_driver
[16.125s] [ 75%] [32mBuilding CXX object test/CMakeFiles/test_node_canopen_base_driver_ros.dir/test_node_canopen_base_driver_ros.cpp.o[0m
[16.125s] [ 75%] [32mBuilding CXX object CMakeFiles/lifecycle_base_driver.dir/src/lifecycle_base_driver.cpp.o[0m
[16.126s] [ 81%] [32mBuilding CXX object CMakeFiles/base_driver.dir/src/base_driver.cpp.o[0m
[21.661s] [ 87%] [32m[1mLinking CXX executable test_node_canopen_base_driver_ros[0m
[21.838s] [ 93%] [32m[1mLinking CXX shared library liblifecycle_base_driver.so[0m
[21.930s] [100%] [32m[1mLinking CXX shared library libbase_driver.so[0m
[22.106s] [100%] Built target test_node_canopen_base_driver_ros
[22.161s] [100%] Built target lifecycle_base_driver
[22.254s] [100%] Built target base_driver
[22.265s] Invoked command in '/home/ishaan/eboat_src/build/canopen_base_driver' returned '0': AMENT_PREFIX_PATH=/home/ishaan/eboat_src/install/canopen_core:/home/ishaan/eboat_src/install/lely_core_libraries:/home/ishaan/eboat_src/install/canopen_interfaces:${AMENT_PREFIX_PATH} CMAKE_PREFIX_PATH=/home/ishaan/eboat_src/install/canopen_core:/home/ishaan/eboat_src/install/lely_core_libraries:/home/ishaan/eboat_src/install/canopen_interfaces:/home/ishaan/eboat_src/ros_ws/install/canopen_tests:/home/ishaan/eboat_src/ros_ws/install/canopen_ros2_controllers:/home/ishaan/eboat_src/ros_ws/install/canopen_ros2_control:/home/ishaan/eboat_src/ros_ws/install/canopen:/home/ishaan/eboat_src/ros_ws/install/canopen_402_driver:/home/ishaan/eboat_src/ros_ws/install/canopen_proxy_driver:/home/ishaan/eboat_src/ros_ws/install/canopen_master_driver:/home/ishaan/eboat_src/ros_ws/install/canopen_fake_slaves:/home/ishaan/eboat_src/ros_ws/install/canopen_base_driver:/home/ishaan/eboat_src/ros_ws/install/canopen_core:/home/ishaan/eboat_src/ros_ws/install/lely_core_libraries:/home/ishaan/eboat_src/ros_ws/install/canopen_interfaces:/home/ishaan/eboat_src/ros_ws/install/boat_data_interfaces:/opt/ros/kilted/opt/sdformat_vendor:/opt/ros/kilted/opt/gz_math_vendor:/opt/ros/kilted/opt/gz_utils_vendor:/opt/ros/kilted/opt/gz_tools_vendor:/opt/ros/kilted/opt/gz_cmake_vendor:/home/ishaan/eboat_src/ros_ws/install/shore_comms:/home/ishaan/eboat_src/ros_ws/install/motor_node_test:/home/ishaan/eboat_src/ros_ws/install/motor_node:/home/ishaan/eboat_src/ros_ws/install/motion_node_test:/home/ishaan/eboat_src/ros_ws/install/motion_node:/home/ishaan/eboat_src/ros_ws/install/electrical_node_test:/home/ishaan/eboat_src/ros_ws/install/electrical_node:/home/ishaan/eboat_src/ros_ws/install/canopen_utils:/home/ishaan/eboat_src/ros_ws/install/alarms_watchdog_node:/home/ishaan/eboat_src/ros_ws/install/GPIO_Test:/opt/ros/kilted LD_LIBRARY_PATH=/home/ishaan/eboat_src/install/canopen_core/lib:/home/ishaan/eboat_src/install/lely_core_libraries/lib:/home/ishaan/eboat_src/install/canopen_interfaces/lib:${LD_LIBRARY_PATH} PATH=/home/ishaan/eboat_src/install/lely_core_libraries/bin:${PATH} PYTHONPATH=/home/ishaan/eboat_src/install/lely_core_libraries/lib/python3.12/site-packages:/home/ishaan/eboat_src/install/canopen_interfaces/lib/python3.12/site-packages:${PYTHONPATH} /usr/bin/cmake --build /home/ishaan/eboat_src/build/canopen_base_driver -- -j16 -l16
[22.266s] Invoking command in '/home/ishaan/eboat_src/build/canopen_base_driver': AMENT_PREFIX_PATH=/home/ishaan/eboat_src/install/canopen_core:/home/ishaan/eboat_src/install/lely_core_libraries:/home/ishaan/eboat_src/install/canopen_interfaces:${AMENT_PREFIX_PATH} CMAKE_PREFIX_PATH=/home/ishaan/eboat_src/install/canopen_core:/home/ishaan/eboat_src/install/lely_core_libraries:/home/ishaan/eboat_src/install/canopen_interfaces:/home/ishaan/eboat_src/ros_ws/install/canopen_tests:/home/ishaan/eboat_src/ros_ws/install/canopen_ros2_controllers:/home/ishaan/eboat_src/ros_ws/install/canopen_ros2_control:/home/ishaan/eboat_src/ros_ws/install/canopen:/home/ishaan/eboat_src/ros_ws/install/canopen_402_driver:/home/ishaan/eboat_src/ros_ws/install/canopen_proxy_driver:/home/ishaan/eboat_src/ros_ws/install/canopen_master_driver:/home/ishaan/eboat_src/ros_ws/install/canopen_fake_slaves:/home/ishaan/eboat_src/ros_ws/install/canopen_base_driver:/home/ishaan/eboat_src/ros_ws/install/canopen_core:/home/ishaan/eboat_src/ros_ws/install/lely_core_libraries:/home/ishaan/eboat_src/ros_ws/install/canopen_interfaces:/home/ishaan/eboat_src/ros_ws/install/boat_data_interfaces:/opt/ros/kilted/opt/sdformat_vendor:/opt/ros/kilted/opt/gz_math_vendor:/opt/ros/kilted/opt/gz_utils_vendor:/opt/ros/kilted/opt/gz_tools_vendor:/opt/ros/kilted/opt/gz_cmake_vendor:/home/ishaan/eboat_src/ros_ws/install/shore_comms:/home/ishaan/eboat_src/ros_ws/install/motor_node_test:/home/ishaan/eboat_src/ros_ws/install/motor_node:/home/ishaan/eboat_src/ros_ws/install/motion_node_test:/home/ishaan/eboat_src/ros_ws/install/motion_node:/home/ishaan/eboat_src/ros_ws/install/electrical_node_test:/home/ishaan/eboat_src/ros_ws/install/electrical_node:/home/ishaan/eboat_src/ros_ws/install/canopen_utils:/home/ishaan/eboat_src/ros_ws/install/alarms_watchdog_node:/home/ishaan/eboat_src/ros_ws/install/GPIO_Test:/opt/ros/kilted LD_LIBRARY_PATH=/home/ishaan/eboat_src/install/canopen_core/lib:/home/ishaan/eboat_src/install/lely_core_libraries/lib:/home/ishaan/eboat_src/install/canopen_interfaces/lib:${LD_LIBRARY_PATH} PATH=/home/ishaan/eboat_src/install/lely_core_libraries/bin:${PATH} PYTHONPATH=/home/ishaan/eboat_src/install/lely_core_libraries/lib/python3.12/site-packages:/home/ishaan/eboat_src/install/canopen_interfaces/lib/python3.12/site-packages:${PYTHONPATH} /usr/bin/cmake --install /home/ishaan/eboat_src/build/canopen_base_driver
[22.273s] -- Install configuration: ""
[22.274s] -- Installing: /home/ishaan/eboat_src/install/canopen_base_driver/include
[22.274s] -- Installing: /home/ishaan/eboat_src/install/canopen_base_driver/include/canopen_base_driver
[22.274s] -- Installing: /home/ishaan/eboat_src/install/canopen_base_driver/include/canopen_base_driver/visibility_control.h
[22.274s] -- Installing: /home/ishaan/eboat_src/install/canopen_base_driver/include/canopen_base_driver/lely_driver_bridge.hpp
[22.274s] -- Installing: /home/ishaan/eboat_src/install/canopen_base_driver/include/canopen_base_driver/lifecycle_base_driver.hpp
[22.275s] -- Installing: /home/ishaan/eboat_src/install/canopen_base_driver/include/canopen_base_driver/base_driver.hpp
[22.275s] -- Installing: /home/ishaan/eboat_src/install/canopen_base_driver/include/canopen_base_driver/diagnostic_collector.hpp
[22.275s] -- Installing: /home/ishaan/eboat_src/install/canopen_base_driver/include/canopen_base_driver/node_interfaces
[22.275s] -- Installing: /home/ishaan/eboat_src/install/canopen_base_driver/include/canopen_base_driver/node_interfaces/node_canopen_base_driver.hpp
[22.275s] -- Installing: /home/ishaan/eboat_src/install/canopen_base_driver/include/canopen_base_driver/node_interfaces/node_canopen_base_driver_impl.hpp
[22.276s] -- Installing: /home/ishaan/eboat_src/install/canopen_base_driver/lib/liblifecycle_base_driver.so
[22.276s] -- Set non-toolchain portion of runtime path of "/home/ishaan/eboat_src/install/canopen_base_driver/lib/liblifecycle_base_driver.so" to ""
[22.276s] -- Installing: /home/ishaan/eboat_src/install/canopen_base_driver/lib/libbase_driver.so
[22.277s] -- Set non-toolchain portion of runtime path of "/home/ishaan/eboat_src/install/canopen_base_driver/lib/libbase_driver.so" to ""
[22.277s] -- Installing: /home/ishaan/eboat_src/install/canopen_base_driver/lib/libnode_canopen_base_driver.so
[22.278s] -- Set non-toolchain portion of runtime path of "/home/ishaan/eboat_src/install/canopen_base_driver/lib/libnode_canopen_base_driver.so" to ""
[22.278s] -- Installing: /home/ishaan/eboat_src/install/canopen_base_driver/lib/liblely_driver_bridge.so
[22.279s] -- Set non-toolchain portion of runtime path of "/home/ishaan/eboat_src/install/canopen_base_driver/lib/liblely_driver_bridge.so" to ""
[22.279s] -- Installing: /home/ishaan/eboat_src/install/canopen_base_driver/share/canopen_base_driver/environment/library_path.sh
[22.279s] -- Installing: /home/ishaan/eboat_src/install/canopen_base_driver/share/canopen_base_driver/environment/library_path.dsv
[22.280s] -- Installing: /home/ishaan/eboat_src/install/canopen_base_driver/share/ament_index/resource_index/package_run_dependencies/canopen_base_driver
[22.280s] -- Installing: /home/ishaan/eboat_src/install/canopen_base_driver/share/ament_index/resource_index/parent_prefix_path/canopen_base_driver
[22.280s] -- Installing: /home/ishaan/eboat_src/install/canopen_base_driver/share/canopen_base_driver/environment/ament_prefix_path.sh
[22.280s] -- Installing: /home/ishaan/eboat_src/install/canopen_base_driver/share/canopen_base_driver/environment/ament_prefix_path.dsv
[22.281s] -- Installing: /home/ishaan/eboat_src/install/canopen_base_driver/share/canopen_base_driver/environment/path.sh
[22.281s] -- Installing: /home/ishaan/eboat_src/install/canopen_base_driver/share/canopen_base_driver/environment/path.dsv
[22.281s] -- Installing: /home/ishaan/eboat_src/install/canopen_base_driver/share/canopen_base_driver/local_setup.bash
[22.282s] -- Installing: /home/ishaan/eboat_src/install/canopen_base_driver/share/canopen_base_driver/local_setup.sh
[22.282s] -- Installing: /home/ishaan/eboat_src/install/canopen_base_driver/share/canopen_base_driver/local_setup.zsh
[22.282s] -- Installing: /home/ishaan/eboat_src/install/canopen_base_driver/share/canopen_base_driver/local_setup.dsv
[22.282s] -- Installing: /home/ishaan/eboat_src/install/canopen_base_driver/share/canopen_base_driver/package.dsv
[22.282s] -- Installing: /home/ishaan/eboat_src/install/canopen_base_driver/share/ament_index/resource_index/packages/canopen_base_driver
[22.283s] -- Installing: /home/ishaan/eboat_src/install/canopen_base_driver/share/ament_index/resource_index/rclcpp_components/canopen_base_driver
[22.283s] -- Installing: /home/ishaan/eboat_src/install/canopen_base_driver/share/canopen_base_driver/cmake/export_canopen_base_driverExport.cmake
[22.283s] -- Installing: /home/ishaan/eboat_src/install/canopen_base_driver/share/canopen_base_driver/cmake/export_canopen_base_driverExport-noconfig.cmake
[22.283s] -- Installing: /home/ishaan/eboat_src/install/canopen_base_driver/share/canopen_base_driver/cmake/ament_cmake_export_include_directories-extras.cmake
[22.283s] -- Installing: /home/ishaan/eboat_src/install/canopen_base_driver/share/canopen_base_driver/cmake/ament_cmake_export_libraries-extras.cmake
[22.283s] -- Installing: /home/ishaan/eboat_src/install/canopen_base_driver/share/canopen_base_driver/cmake/ament_cmake_export_targets-extras.cmake
[22.283s] -- Installing: /home/ishaan/eboat_src/install/canopen_base_driver/share/canopen_base_driver/cmake/ament_cmake_export_dependencies-extras.cmake
[22.283s] -- Installing: /home/ishaan/eboat_src/install/canopen_base_driver/share/canopen_base_driver/cmake/canopen_base_driverConfig.cmake
[22.283s] -- Installing: /home/ishaan/eboat_src/install/canopen_base_driver/share/canopen_base_driver/cmake/canopen_base_driverConfig-version.cmake
[22.283s] -- Installing: /home/ishaan/eboat_src/install/canopen_base_driver/share/canopen_base_driver/package.xml
[22.286s] Invoked command in '/home/ishaan/eboat_src/build/canopen_base_driver' returned '0': AMENT_PREFIX_PATH=/home/ishaan/eboat_src/install/canopen_core:/home/ishaan/eboat_src/install/lely_core_libraries:/home/ishaan/eboat_src/install/canopen_interfaces:${AMENT_PREFIX_PATH} CMAKE_PREFIX_PATH=/home/ishaan/eboat_src/install/canopen_core:/home/ishaan/eboat_src/install/lely_core_libraries:/home/ishaan/eboat_src/install/canopen_interfaces:/home/ishaan/eboat_src/ros_ws/install/canopen_tests:/home/ishaan/eboat_src/ros_ws/install/canopen_ros2_controllers:/home/ishaan/eboat_src/ros_ws/install/canopen_ros2_control:/home/ishaan/eboat_src/ros_ws/install/canopen:/home/ishaan/eboat_src/ros_ws/install/canopen_402_driver:/home/ishaan/eboat_src/ros_ws/install/canopen_proxy_driver:/home/ishaan/eboat_src/ros_ws/install/canopen_master_driver:/home/ishaan/eboat_src/ros_ws/install/canopen_fake_slaves:/home/ishaan/eboat_src/ros_ws/install/canopen_base_driver:/home/ishaan/eboat_src/ros_ws/install/canopen_core:/home/ishaan/eboat_src/ros_ws/install/lely_core_libraries:/home/ishaan/eboat_src/ros_ws/install/canopen_interfaces:/home/ishaan/eboat_src/ros_ws/install/boat_data_interfaces:/opt/ros/kilted/opt/sdformat_vendor:/opt/ros/kilted/opt/gz_math_vendor:/opt/ros/kilted/opt/gz_utils_vendor:/opt/ros/kilted/opt/gz_tools_vendor:/opt/ros/kilted/opt/gz_cmake_vendor:/home/ishaan/eboat_src/ros_ws/install/shore_comms:/home/ishaan/eboat_src/ros_ws/install/motor_node_test:/home/ishaan/eboat_src/ros_ws/install/motor_node:/home/ishaan/eboat_src/ros_ws/install/motion_node_test:/home/ishaan/eboat_src/ros_ws/install/motion_node:/home/ishaan/eboat_src/ros_ws/install/electrical_node_test:/home/ishaan/eboat_src/ros_ws/install/electrical_node:/home/ishaan/eboat_src/ros_ws/install/canopen_utils:/home/ishaan/eboat_src/ros_ws/install/alarms_watchdog_node:/home/ishaan/eboat_src/ros_ws/install/GPIO_Test:/opt/ros/kilted LD_LIBRARY_PATH=/home/ishaan/eboat_src/install/canopen_core/lib:/home/ishaan/eboat_src/install/lely_core_libraries/lib:/home/ishaan/eboat_src/install/canopen_interfaces/lib:${LD_LIBRARY_PATH} PATH=/home/ishaan/eboat_src/install/lely_core_libraries/bin:${PATH} PYTHONPATH=/home/ishaan/eboat_src/install/lely_core_libraries/lib/python3.12/site-packages:/home/ishaan/eboat_src/install/canopen_interfaces/lib/python3.12/site-packages:${PYTHONPATH} /usr/bin/cmake --install /home/ishaan/eboat_src/build/canopen_base_driver
