[0.170s] Invoking command in '/home/ishaan/eboat_src/build/examples_rclcpp_async_client': CMAKE_PREFIX_PATH=${CMAKE_PREFIX_PATH}:/opt/ros/kilted /usr/bin/cmake /home/ishaan/eboat_src/ros_ws/src/examples/rclcpp/services/async_client -DCMAKE_INSTALL_PREFIX=/home/ishaan/eboat_src/install/examples_rclcpp_async_client
[0.550s] -- The C compiler identification is GNU 13.3.0
[1.459s] -- The CXX compiler identification is GNU 13.3.0
[2.524s] -- Detecting C compiler ABI info
[2.940s] -- Detecting C compiler ABI info - done
[2.947s] -- Check for working C compiler: /usr/bin/cc - skipped
[2.947s] -- Detecting C compile features
[2.948s] -- Detecting C compile features - done
[3.091s] -- Detecting CXX compiler ABI info
[3.514s] -- Detecting CXX compiler ABI info - done
[3.524s] -- Check for working CXX compiler: /usr/bin/c++ - skipped
[3.524s] -- Detecting CXX compile features
[3.525s] -- Detecting CXX compile features - done
[3.527s] -- Found ament_cmake: 2.7.3 (/opt/ros/kilted/share/ament_cmake/cmake)
[3.703s] -- Found Python3: /usr/bin/python3 (found version "3.12.3") found components: Interpreter 
[3.847s] -- Found example_interfaces: 0.13.0 (/opt/ros/kilted/share/example_interfaces/cmake)
[4.080s] -- Found rosidl_generator_c: 4.9.5 (/opt/ros/kilted/share/rosidl_generator_c/cmake)
[4.092s] -- Found rosidl_generator_cpp: 4.9.5 (/opt/ros/kilted/share/rosidl_generator_cpp/cmake)
[4.108s] -- Using all available rosidl_typesupport_c: rosidl_typesupport_fastrtps_c;rosidl_typesupport_introspection_c
[4.124s] -- Using all available rosidl_typesupport_cpp: rosidl_typesupport_fastrtps_cpp;rosidl_typesupport_introspection_cpp
[4.223s] -- Found rclcpp: 29.5.2 (/opt/ros/kilted/share/rclcpp/cmake)
[4.288s] -- Found rmw_implementation_cmake: 7.8.2 (/opt/ros/kilted/share/rmw_implementation_cmake/cmake)
[4.293s] -- Found rmw_fastrtps_cpp: 9.3.2 (/opt/ros/kilted/share/rmw_fastrtps_cpp/cmake)
[4.416s] -- Found OpenSSL: /usr/lib/x86_64-linux-gnu/libcrypto.so (found version "3.0.13")  
[4.437s] -- Using RMW implementation 'rmw_fastrtps_cpp' as default
[4.754s] -- Found ament_lint_auto: 0.19.2 (/opt/ros/kilted/share/ament_lint_auto/cmake)
[4.912s] -- Added test 'copyright' to check source files copyright and LICENSE
[4.913s] -- Added test 'cppcheck' to perform static code analysis on C / C++ code
[4.913s] -- Configured cppcheck include dirs: 
[4.913s] -- Configured cppcheck exclude dirs and/or files: 
[4.916s] -- Added test 'cpplint' to check C / C++ code against the Google style
[4.921s] -- Configured cpplint exclude dirs and/or files: 
[4.930s] -- Added test 'lint_cmake' to check CMake code style
[4.936s] -- Added test 'uncrustify' to check C / C++ code style
[4.936s] -- Configured uncrustify additional arguments: 
[4.936s] -- Added test 'xmllint' to check XML markup files
[4.936s] -- Configuring done (4.7s)
[4.964s] -- Generating done (0.0s)
[4.970s] -- Build files have been written to: /home/ishaan/eboat_src/build/examples_rclcpp_async_client
[5.050s] Invoked command in '/home/ishaan/eboat_src/build/examples_rclcpp_async_client' returned '0': CMAKE_PREFIX_PATH=${CMAKE_PREFIX_PATH}:/opt/ros/kilted /usr/bin/cmake /home/ishaan/eboat_src/ros_ws/src/examples/rclcpp/services/async_client -DCMAKE_INSTALL_PREFIX=/home/ishaan/eboat_src/install/examples_rclcpp_async_client
[5.051s] Invoking command in '/home/ishaan/eboat_src/build/examples_rclcpp_async_client': CMAKE_PREFIX_PATH=${CMAKE_PREFIX_PATH}:/opt/ros/kilted /usr/bin/cmake --build /home/ishaan/eboat_src/build/examples_rclcpp_async_client -- -j16 -l16
[5.972s] [ 50%] [32mBuilding CXX object CMakeFiles/client_main.dir/main.cpp.o[0m
[22.297s] gmake[2]: *** [CMakeFiles/client_main.dir/build.make:76: CMakeFiles/client_main.dir/main.cpp.o] Interrupt
[22.298s] gmake[1]: *** wait: No child processes.  Stop.
[22.298s] gmake[1]: *** Waiting for unfinished jobs....
[22.298s] gmake[1]: *** wait: No child processes.  Stop.
[22.318s] gmake: *** [Makefile:146: all] Error 2
