[0.175s] Invoking command in '/home/ishaan/eboat_src/build/examples_rclcpp_cbg_executor': CMAKE_PREFIX_PATH=${CMAKE_PREFIX_PATH}:/opt/ros/kilted /usr/bin/cmake /home/ishaan/eboat_src/ros_ws/src/examples/rclcpp/executors/cbg_executor -DAMENT_CMAKE_SYMLINK_INSTALL=1 -DCMAKE_INSTALL_PREFIX=/home/ishaan/eboat_src/install/examples_rclcpp_cbg_executor
[0.904s] -- Found ament_cmake: 2.7.3 (/opt/ros/kilted/share/ament_cmake/cmake)
[0.904s] -- Override CMake install command with custom implementation using symlinks instead of copying resources
[0.904s] -- Found rclcpp: 29.5.2 (/opt/ros/kilted/share/rclcpp/cmake)
[0.905s] -- Found rosidl_generator_c: 4.9.5 (/opt/ros/kilted/share/rosidl_generator_c/cmake)
[0.905s] -- Found rosidl_generator_cpp: 4.9.5 (/opt/ros/kilted/share/rosidl_generator_cpp/cmake)
[0.905s] -- Using all available rosidl_typesupport_c: rosidl_typesupport_fastrtps_c;rosidl_typesupport_introspection_c
[0.906s] -- Using all available rosidl_typesupport_cpp: rosidl_typesupport_fastrtps_cpp;rosidl_typesupport_introspection_cpp
[0.906s] -- Found rmw_implementation_cmake: 7.8.2 (/opt/ros/kilted/share/rmw_implementation_cmake/cmake)
[0.907s] -- Found rmw_fastrtps_cpp: 9.3.2 (/opt/ros/kilted/share/rmw_fastrtps_cpp/cmake)
[0.961s] -- Using RMW implementation 'rmw_fastrtps_cpp' as default
[1.256s] -- Found std_msgs: 5.5.0 (/opt/ros/kilted/share/std_msgs/cmake)
[1.272s] -- Found ament_lint_auto: 0.19.2 (/opt/ros/kilted/share/ament_lint_auto/cmake)
[1.443s] -- Added test 'copyright' to check source files copyright and LICENSE
[1.443s] -- Added test 'cppcheck' to perform static code analysis on C / C++ code
[1.444s] -- Configured cppcheck include dirs: /home/ishaan/eboat_src/ros_ws/src/examples/rclcpp/executors/cbg_executor/include
[1.444s] -- Configured cppcheck exclude dirs and/or files: 
[1.446s] -- Added test 'cpplint' to check C / C++ code against the Google style
[1.446s] -- Configured cpplint exclude dirs and/or files: 
[1.448s] -- Added test 'lint_cmake' to check CMake code style
[1.452s] -- Added test 'uncrustify' to check C / C++ code style
[1.453s] -- Configured uncrustify additional arguments: 
[1.454s] -- Added test 'xmllint' to check XML markup files
[1.459s] -- Configuring done (1.2s)
[1.492s] -- Generating done (0.0s)
[1.512s] -- Build files have been written to: /home/ishaan/eboat_src/build/examples_rclcpp_cbg_executor
[1.550s] Invoked command in '/home/ishaan/eboat_src/build/examples_rclcpp_cbg_executor' returned '0': CMAKE_PREFIX_PATH=${CMAKE_PREFIX_PATH}:/opt/ros/kilted /usr/bin/cmake /home/ishaan/eboat_src/ros_ws/src/examples/rclcpp/executors/cbg_executor -DAMENT_CMAKE_SYMLINK_INSTALL=1 -DCMAKE_INSTALL_PREFIX=/home/ishaan/eboat_src/install/examples_rclcpp_cbg_executor
[1.556s] Invoking command in '/home/ishaan/eboat_src/build/examples_rclcpp_cbg_executor': CMAKE_PREFIX_PATH=${CMAKE_PREFIX_PATH}:/opt/ros/kilted /usr/bin/cmake --build /home/ishaan/eboat_src/build/examples_rclcpp_cbg_executor -- -j16 -l16
[1.654s] [ 10%] [32mBuilding CXX object CMakeFiles/ping.dir/src/examples_rclcpp_cbg_executor/ping_node.cpp.o[0m
[1.657s] [ 20%] [32mBuilding CXX object CMakeFiles/ping_pong.dir/src/ping_pong.cpp.o[0m
[1.657s] [ 30%] [32mBuilding CXX object CMakeFiles/ping_pong.dir/src/examples_rclcpp_cbg_executor/ping_node.cpp.o[0m
[1.659s] [ 40%] [32mBuilding CXX object CMakeFiles/ping.dir/src/ping.cpp.o[0m
[1.664s] [ 50%] [32mBuilding CXX object CMakeFiles/ping_pong.dir/src/examples_rclcpp_cbg_executor/pong_node.cpp.o[0m
[1.676s] [ 60%] [32mBuilding CXX object CMakeFiles/pong.dir/src/examples_rclcpp_cbg_executor/pong_node.cpp.o[0m
[1.677s] [ 70%] [32mBuilding CXX object CMakeFiles/pong.dir/src/pong.cpp.o[0m
[6.074s] gmake[2]: *** [CMakeFiles/ping_pong.dir/build.make:90: CMakeFiles/ping_pong.dir/src/examples_rclcpp_cbg_executor/ping_node.cpp.o] Interrupt
[6.074s] gmake[2]: *** [CMakeFiles/ping_pong.dir/build.make:76: CMakeFiles/ping_pong.dir/src/ping_pong.cpp.o] Interrupt
[6.074s] gmake[2]: *** [CMakeFiles/pong.dir/build.make:76: CMakeFiles/pong.dir/src/pong.cpp.o] Interrupt
[6.074s] gmake[2]: *** wait: No child processes.  Stop.
[6.075s] gmake[2]: *** Waiting for unfinished jobs....
[6.075s] gmake[2]: *** wait: No child processes.  Stop.
[6.075s] gmake[1]: *** [CMakeFiles/Makefile2:167: CMakeFiles/pong.dir/all] Error 2
[6.075s] gmake[2]: *** [CMakeFiles/ping.dir/build.make:76: CMakeFiles/ping.dir/src/ping.cpp.o] Interrupt
[6.075s] gmake[2]: *** wait: No child processes.  Stop.
[6.075s] gmake[2]: *** Waiting for unfinished jobs....
[6.075s] gmake[2]: *** wait: No child processes.  Stop.
[6.077s] gmake[1]: *** [CMakeFiles/Makefile2:141: CMakeFiles/ping.dir/all] Error 2
[6.077s] gmake[2]: *** [CMakeFiles/ping_pong.dir/build.make:104: CMakeFiles/ping_pong.dir/src/examples_rclcpp_cbg_executor/pong_node.cpp.o] Interrupt
[6.077s] gmake[1]: *** [CMakeFiles/Makefile2:193: CMakeFiles/ping_pong.dir/all] Interrupt
[6.077s] gmake: *** [Makefile:146: all] Interrupt
