[1.514s] Invoking command in '/home/ishaan/Stevens-Electric-Boatworks/ros_ws/build/examples_rclpy_minimal_client': PYTHONPATH=/home/ishaan/Stevens-Electric-Boatworks/ros_ws/build/examples_rclpy_minimal_client/prefix_override:/usr/lib/python3/dist-packages/colcon_core/task/python/colcon_distutils_commands:/home/ishaan/Stevens-Electric-Boatworks/ros_ws/install/examples_rclpy_minimal_client/lib/python3.12/site-packages:${PYTHONPATH} /usr/bin/python3 -W ignore:setup.py install is deprecated -W ignore:easy_install command is deprecated setup.py develop --uninstall --editable --build-directory /home/ishaan/Stevens-Electric-Boatworks/ros_ws/build/examples_rclpy_minimal_client/build
[1.838s] running develop
[2.013s] Removing /home/ishaan/Stevens-Electric-Boatworks/ros_ws/install/examples_rclpy_minimal_client/lib/python3.12/site-packages/examples-rclpy-minimal-client.egg-link (link to .)
[2.097s] Invoked command in '/home/ishaan/Stevens-Electric-Boatworks/ros_ws/build/examples_rclpy_minimal_client' returned '0': PYTHONPATH=/home/ishaan/Stevens-Electric-Boatworks/ros_ws/build/examples_rclpy_minimal_client/prefix_override:/usr/lib/python3/dist-packages/colcon_core/task/python/colcon_distutils_commands:/home/ishaan/Stevens-Electric-Boatworks/ros_ws/install/examples_rclpy_minimal_client/lib/python3.12/site-packages:${PYTHONPATH} /usr/bin/python3 -W ignore:setup.py install is deprecated -W ignore:easy_install command is deprecated setup.py develop --uninstall --editable --build-directory /home/ishaan/Stevens-Electric-Boatworks/ros_ws/build/examples_rclpy_minimal_client/build
[2.098s] Invoking command in '/home/ishaan/Stevens-Electric-Boatworks/ros_ws/src/examples/rclpy/services/minimal_client': PYTHONPATH=/home/ishaan/Stevens-Electric-Boatworks/ros_ws/build/examples_rclpy_minimal_client/prefix_override:/usr/lib/python3/dist-packages/colcon_core/task/python/colcon_distutils_commands:/home/ishaan/Stevens-Electric-Boatworks/ros_ws/install/examples_rclpy_minimal_client/lib/python3.12/site-packages:${PYTHONPATH} /usr/bin/python3 -W ignore:setup.py install is deprecated -W ignore:easy_install command is deprecated setup.py egg_info --egg-base ../../../../../build/examples_rclpy_minimal_client build --build-base /home/ishaan/Stevens-Electric-Boatworks/ros_ws/build/examples_rclpy_minimal_client/build install --record /home/ishaan/Stevens-Electric-Boatworks/ros_ws/build/examples_rclpy_minimal_client/install.log --single-version-externally-managed install_data --force
[2.304s] running egg_info
[2.314s] writing ../../../../../build/examples_rclpy_minimal_client/examples_rclpy_minimal_client.egg-info/PKG-INFO
[2.314s] writing dependency_links to ../../../../../build/examples_rclpy_minimal_client/examples_rclpy_minimal_client.egg-info/dependency_links.txt
[2.314s] writing entry points to ../../../../../build/examples_rclpy_minimal_client/examples_rclpy_minimal_client.egg-info/entry_points.txt
[2.315s] writing requirements to ../../../../../build/examples_rclpy_minimal_client/examples_rclpy_minimal_client.egg-info/requires.txt
[2.315s] writing top-level names to ../../../../../build/examples_rclpy_minimal_client/examples_rclpy_minimal_client.egg-info/top_level.txt
[2.338s] reading manifest file '../../../../../build/examples_rclpy_minimal_client/examples_rclpy_minimal_client.egg-info/SOURCES.txt'
[2.340s] writing manifest file '../../../../../build/examples_rclpy_minimal_client/examples_rclpy_minimal_client.egg-info/SOURCES.txt'
[2.340s] running build
[2.340s] running build_py
[2.340s] creating /home/ishaan/Stevens-Electric-Boatworks/ros_ws/build/examples_rclpy_minimal_client/build
[2.341s] creating /home/ishaan/Stevens-Electric-Boatworks/ros_ws/build/examples_rclpy_minimal_client/build/lib
[2.341s] creating /home/ishaan/Stevens-Electric-Boatworks/ros_ws/build/examples_rclpy_minimal_client/build/lib/examples_rclpy_minimal_client
[2.341s] copying examples_rclpy_minimal_client/client_async_callback.py -> /home/ishaan/Stevens-Electric-Boatworks/ros_ws/build/examples_rclpy_minimal_client/build/lib/examples_rclpy_minimal_client
[2.341s] copying examples_rclpy_minimal_client/client_async_member_function.py -> /home/ishaan/Stevens-Electric-Boatworks/ros_ws/build/examples_rclpy_minimal_client/build/lib/examples_rclpy_minimal_client
[2.342s] copying examples_rclpy_minimal_client/client_async.py -> /home/ishaan/Stevens-Electric-Boatworks/ros_ws/build/examples_rclpy_minimal_client/build/lib/examples_rclpy_minimal_client
[2.342s] copying examples_rclpy_minimal_client/client.py -> /home/ishaan/Stevens-Electric-Boatworks/ros_ws/build/examples_rclpy_minimal_client/build/lib/examples_rclpy_minimal_client
[2.343s] copying examples_rclpy_minimal_client/__init__.py -> /home/ishaan/Stevens-Electric-Boatworks/ros_ws/build/examples_rclpy_minimal_client/build/lib/examples_rclpy_minimal_client
[2.343s] running install
[2.349s] running install_lib
[2.365s] creating /home/ishaan/Stevens-Electric-Boatworks/ros_ws/install/examples_rclpy_minimal_client/lib/python3.12/site-packages/examples_rclpy_minimal_client
[2.365s] copying /home/ishaan/Stevens-Electric-Boatworks/ros_ws/build/examples_rclpy_minimal_client/build/lib/examples_rclpy_minimal_client/client_async_callback.py -> /home/ishaan/Stevens-Electric-Boatworks/ros_ws/install/examples_rclpy_minimal_client/lib/python3.12/site-packages/examples_rclpy_minimal_client
[2.365s] copying /home/ishaan/Stevens-Electric-Boatworks/ros_ws/build/examples_rclpy_minimal_client/build/lib/examples_rclpy_minimal_client/client_async_member_function.py -> /home/ishaan/Stevens-Electric-Boatworks/ros_ws/install/examples_rclpy_minimal_client/lib/python3.12/site-packages/examples_rclpy_minimal_client
[2.365s] copying /home/ishaan/Stevens-Electric-Boatworks/ros_ws/build/examples_rclpy_minimal_client/build/lib/examples_rclpy_minimal_client/client_async.py -> /home/ishaan/Stevens-Electric-Boatworks/ros_ws/install/examples_rclpy_minimal_client/lib/python3.12/site-packages/examples_rclpy_minimal_client
[2.365s] copying /home/ishaan/Stevens-Electric-Boatworks/ros_ws/build/examples_rclpy_minimal_client/build/lib/examples_rclpy_minimal_client/client.py -> /home/ishaan/Stevens-Electric-Boatworks/ros_ws/install/examples_rclpy_minimal_client/lib/python3.12/site-packages/examples_rclpy_minimal_client
[2.365s] copying /home/ishaan/Stevens-Electric-Boatworks/ros_ws/build/examples_rclpy_minimal_client/build/lib/examples_rclpy_minimal_client/__init__.py -> /home/ishaan/Stevens-Electric-Boatworks/ros_ws/install/examples_rclpy_minimal_client/lib/python3.12/site-packages/examples_rclpy_minimal_client
[2.366s] byte-compiling /home/ishaan/Stevens-Electric-Boatworks/ros_ws/install/examples_rclpy_minimal_client/lib/python3.12/site-packages/examples_rclpy_minimal_client/client_async_callback.py to client_async_callback.cpython-312.pyc
[2.367s] byte-compiling /home/ishaan/Stevens-Electric-Boatworks/ros_ws/install/examples_rclpy_minimal_client/lib/python3.12/site-packages/examples_rclpy_minimal_client/client_async_member_function.py to client_async_member_function.cpython-312.pyc
[2.367s] byte-compiling /home/ishaan/Stevens-Electric-Boatworks/ros_ws/install/examples_rclpy_minimal_client/lib/python3.12/site-packages/examples_rclpy_minimal_client/client_async.py to client_async.cpython-312.pyc
[2.368s] byte-compiling /home/ishaan/Stevens-Electric-Boatworks/ros_ws/install/examples_rclpy_minimal_client/lib/python3.12/site-packages/examples_rclpy_minimal_client/client.py to client.cpython-312.pyc
[2.368s] byte-compiling /home/ishaan/Stevens-Electric-Boatworks/ros_ws/install/examples_rclpy_minimal_client/lib/python3.12/site-packages/examples_rclpy_minimal_client/__init__.py to __init__.cpython-312.pyc
[2.368s] running install_data
[2.368s] copying resource/examples_rclpy_minimal_client -> /home/ishaan/Stevens-Electric-Boatworks/ros_ws/install/examples_rclpy_minimal_client/share/ament_index/resource_index/packages
[2.369s] copying package.xml -> /home/ishaan/Stevens-Electric-Boatworks/ros_ws/install/examples_rclpy_minimal_client/share/examples_rclpy_minimal_client
[2.370s] running install_egg_info
[2.386s] Copying ../../../../../build/examples_rclpy_minimal_client/examples_rclpy_minimal_client.egg-info to /home/ishaan/Stevens-Electric-Boatworks/ros_ws/install/examples_rclpy_minimal_client/lib/python3.12/site-packages/examples_rclpy_minimal_client-0.20.5-py3.12.egg-info
[2.387s] running install_scripts
[2.473s] Installing client script to /home/ishaan/Stevens-Electric-Boatworks/ros_ws/install/examples_rclpy_minimal_client/lib/examples_rclpy_minimal_client
[2.474s] Installing client_async script to /home/ishaan/Stevens-Electric-Boatworks/ros_ws/install/examples_rclpy_minimal_client/lib/examples_rclpy_minimal_client
[2.475s] Installing client_async_callback script to /home/ishaan/Stevens-Electric-Boatworks/ros_ws/install/examples_rclpy_minimal_client/lib/examples_rclpy_minimal_client
[2.475s] Installing client_async_member_function script to /home/ishaan/Stevens-Electric-Boatworks/ros_ws/install/examples_rclpy_minimal_client/lib/examples_rclpy_minimal_client
[2.475s] writing list of installed files to '/home/ishaan/Stevens-Electric-Boatworks/ros_ws/build/examples_rclpy_minimal_client/install.log'
[2.510s] Invoked command in '/home/ishaan/Stevens-Electric-Boatworks/ros_ws/src/examples/rclpy/services/minimal_client' returned '0': PYTHONPATH=/home/ishaan/Stevens-Electric-Boatworks/ros_ws/build/examples_rclpy_minimal_client/prefix_override:/usr/lib/python3/dist-packages/colcon_core/task/python/colcon_distutils_commands:/home/ishaan/Stevens-Electric-Boatworks/ros_ws/install/examples_rclpy_minimal_client/lib/python3.12/site-packages:${PYTHONPATH} /usr/bin/python3 -W ignore:setup.py install is deprecated -W ignore:easy_install command is deprecated setup.py egg_info --egg-base ../../../../../build/examples_rclpy_minimal_client build --build-base /home/ishaan/Stevens-Electric-Boatworks/ros_ws/build/examples_rclpy_minimal_client/build install --record /home/ishaan/Stevens-Electric-Boatworks/ros_ws/build/examples_rclpy_minimal_client/install.log --single-version-externally-managed install_data --force
