[0.473s] DEBUG:colcon:Command line arguments: ['/usr/bin/colcon', 'build', '--packages-select', 'shore_comms']
[0.473s] DEBUG:colcon:Parsed command line arguments: Namespace(log_base=None, log_level=None, verb_name='build', build_base='build', install_base='install', merge_install=False, symlink_install=False, test_result_base=None, continue_on_error=False, executor='parallel', parallel_workers=16, event_handlers=None, ignore_user_meta=False, metas=['./colcon.meta'], base_paths=['.'], packages_ignore=None, packages_ignore_regex=None, paths=None, packages_up_to=None, packages_up_to_regex=None, packages_above=None, packages_above_and_dependencies=None, packages_above_depth=None, packages_select_by_dep=None, packages_skip_by_dep=None, packages_skip_up_to=None, packages_select_build_failed=False, packages_skip_build_finished=False, packages_select_test_failures=False, packages_skip_test_passed=False, packages_select=['shore_comms'], packages_skip=None, packages_select_regex=None, packages_skip_regex=None, packages_start=None, packages_end=None, allow_overriding=[], cmake_args=None, cmake_target=None, cmake_target_skip_unavailable=False, cmake_clean_cache=False, cmake_clean_first=False, cmake_force_configure=False, ament_cmake_args=None, catkin_cmake_args=None, catkin_skip_building_tests=False, mixin_files=None, mixin=None, verb_parser=<colcon_mixin.mixin.mixin_argument.MixinArgumentDecorator object at 0x79c643dc8f50>, verb_extension=<colcon_core.verb.build.BuildVerb object at 0x79c643dc86e0>, main=<bound method BuildVerb.main of <colcon_core.verb.build.BuildVerb object at 0x79c643dc86e0>>, mixin_verb=('build',))
[0.545s] Level 1:colcon.colcon_core.package_discovery:discover_packages(colcon_meta) check parameters
[0.546s] Level 1:colcon.colcon_core.package_discovery:discover_packages(recursive) check parameters
[0.546s] Level 1:colcon.colcon_core.package_discovery:discover_packages(ignore) check parameters
[0.546s] Level 1:colcon.colcon_core.package_discovery:discover_packages(path) check parameters
[0.546s] Level 1:colcon.colcon_core.package_discovery:discover_packages(colcon_meta) discover
[0.546s] Level 1:colcon.colcon_core.package_discovery:discover_packages(recursive) discover
[0.546s] INFO:colcon.colcon_core.package_discovery:Crawling recursively for packages in '/home/ishaan/eboat_src/ros_ws/src'
[0.546s] Level 1:colcon.colcon_core.package_identification:_identify(.) by extensions ['ignore', 'ignore_ament_install']
[0.547s] Level 1:colcon.colcon_core.package_identification:_identify(.) by extension 'ignore'
[0.547s] Level 1:colcon.colcon_core.package_identification:_identify(.) by extension 'ignore_ament_install'
[0.547s] Level 1:colcon.colcon_core.package_identification:_identify(.) by extensions ['colcon_pkg']
[0.547s] Level 1:colcon.colcon_core.package_identification:_identify(.) by extension 'colcon_pkg'
[0.547s] Level 1:colcon.colcon_core.package_identification:_identify(.) by extensions ['colcon_meta']
[0.547s] Level 1:colcon.colcon_core.package_identification:_identify(.) by extension 'colcon_meta'
[0.547s] Level 1:colcon.colcon_core.package_identification:_identify(.) by extensions ['ros']
[0.547s] Level 1:colcon.colcon_core.package_identification:_identify(.) by extension 'ros'
[0.602s] Level 1:colcon.colcon_core.package_identification:_identify(.) by extensions ['cmake', 'python']
[0.603s] Level 1:colcon.colcon_core.package_identification:_identify(.) by extension 'cmake'
[0.604s] Level 1:colcon.colcon_core.package_identification:_identify(.) by extension 'python'
[0.604s] Level 1:colcon.colcon_core.package_identification:_identify(.) by extensions ['python_setup_py']
[0.604s] Level 1:colcon.colcon_core.package_identification:_identify(.) by extension 'python_setup_py'
[0.605s] Level 1:colcon.colcon_core.package_identification:_identify(GPIO_Test) by extensions ['ignore', 'ignore_ament_install']
[0.605s] Level 1:colcon.colcon_core.package_identification:_identify(GPIO_Test) by extension 'ignore'
[0.606s] Level 1:colcon.colcon_core.package_identification:_identify(GPIO_Test) by extension 'ignore_ament_install'
[0.606s] Level 1:colcon.colcon_core.package_identification:_identify(GPIO_Test) by extensions ['colcon_pkg']
[0.606s] Level 1:colcon.colcon_core.package_identification:_identify(GPIO_Test) by extension 'colcon_pkg'
[0.607s] Level 1:colcon.colcon_core.package_identification:_identify(GPIO_Test) by extensions ['colcon_meta']
[0.607s] Level 1:colcon.colcon_core.package_identification:_identify(GPIO_Test) by extension 'colcon_meta'
[0.607s] Level 1:colcon.colcon_core.package_identification:_identify(GPIO_Test) by extensions ['ros']
[0.607s] Level 1:colcon.colcon_core.package_identification:_identify(GPIO_Test) by extension 'ros'
[0.611s] DEBUG:colcon.colcon_core.package_identification:Package 'GPIO_Test' with type 'ros.ament_python' and name 'GPIO_Test'
[0.611s] Level 1:colcon.colcon_core.package_identification:_identify(boat_data_interfaces) by extensions ['ignore', 'ignore_ament_install']
[0.612s] Level 1:colcon.colcon_core.package_identification:_identify(boat_data_interfaces) by extension 'ignore'
[0.612s] Level 1:colcon.colcon_core.package_identification:_identify(boat_data_interfaces) by extension 'ignore_ament_install'
[0.612s] Level 1:colcon.colcon_core.package_identification:_identify(boat_data_interfaces) by extensions ['colcon_pkg']
[0.612s] Level 1:colcon.colcon_core.package_identification:_identify(boat_data_interfaces) by extension 'colcon_pkg'
[0.612s] Level 1:colcon.colcon_core.package_identification:_identify(boat_data_interfaces) by extensions ['colcon_meta']
[0.612s] Level 1:colcon.colcon_core.package_identification:_identify(boat_data_interfaces) by extension 'colcon_meta'
[0.612s] Level 1:colcon.colcon_core.package_identification:_identify(boat_data_interfaces) by extensions ['ros']
[0.612s] Level 1:colcon.colcon_core.package_identification:_identify(boat_data_interfaces) by extension 'ros'
[0.613s] DEBUG:colcon.colcon_core.package_identification:Package 'boat_data_interfaces' with type 'ros.ament_cmake' and name 'boat_data_interfaces'
[0.613s] Level 1:colcon.colcon_core.package_identification:_identify(build) by extensions ['ignore', 'ignore_ament_install']
[0.614s] Level 1:colcon.colcon_core.package_identification:_identify(build) by extension 'ignore'
[0.614s] Level 1:colcon.colcon_core.package_identification:_identify(build) ignored
[0.614s] Level 1:colcon.colcon_core.package_identification:_identify(electrical_node_test) by extensions ['ignore', 'ignore_ament_install']
[0.614s] Level 1:colcon.colcon_core.package_identification:_identify(electrical_node_test) by extension 'ignore'
[0.615s] Level 1:colcon.colcon_core.package_identification:_identify(electrical_node_test) by extension 'ignore_ament_install'
[0.615s] Level 1:colcon.colcon_core.package_identification:_identify(electrical_node_test) by extensions ['colcon_pkg']
[0.615s] Level 1:colcon.colcon_core.package_identification:_identify(electrical_node_test) by extension 'colcon_pkg'
[0.615s] Level 1:colcon.colcon_core.package_identification:_identify(electrical_node_test) by extensions ['colcon_meta']
[0.615s] Level 1:colcon.colcon_core.package_identification:_identify(electrical_node_test) by extension 'colcon_meta'
[0.615s] Level 1:colcon.colcon_core.package_identification:_identify(electrical_node_test) by extensions ['ros']
[0.615s] Level 1:colcon.colcon_core.package_identification:_identify(electrical_node_test) by extension 'ros'
[0.616s] DEBUG:colcon.colcon_core.package_identification:Package 'electrical_node_test' with type 'ros.ament_python' and name 'electrical_node_test'
[0.616s] Level 1:colcon.colcon_core.package_identification:_identify(install) by extensions ['ignore', 'ignore_ament_install']
[0.617s] Level 1:colcon.colcon_core.package_identification:_identify(install) by extension 'ignore'
[0.617s] Level 1:colcon.colcon_core.package_identification:_identify(install) ignored
[0.617s] Level 1:colcon.colcon_core.package_identification:_identify(log) by extensions ['ignore', 'ignore_ament_install']
[0.617s] Level 1:colcon.colcon_core.package_identification:_identify(log) by extension 'ignore'
[0.617s] Level 1:colcon.colcon_core.package_identification:_identify(log) ignored
[0.617s] Level 1:colcon.colcon_core.package_identification:_identify(motion_node_test) by extensions ['ignore', 'ignore_ament_install']
[0.618s] Level 1:colcon.colcon_core.package_identification:_identify(motion_node_test) by extension 'ignore'
[0.618s] Level 1:colcon.colcon_core.package_identification:_identify(motion_node_test) by extension 'ignore_ament_install'
[0.618s] Level 1:colcon.colcon_core.package_identification:_identify(motion_node_test) by extensions ['colcon_pkg']
[0.618s] Level 1:colcon.colcon_core.package_identification:_identify(motion_node_test) by extension 'colcon_pkg'
[0.618s] Level 1:colcon.colcon_core.package_identification:_identify(motion_node_test) by extensions ['colcon_meta']
[0.619s] Level 1:colcon.colcon_core.package_identification:_identify(motion_node_test) by extension 'colcon_meta'
[0.619s] Level 1:colcon.colcon_core.package_identification:_identify(motion_node_test) by extensions ['ros']
[0.619s] Level 1:colcon.colcon_core.package_identification:_identify(motion_node_test) by extension 'ros'
[0.620s] DEBUG:colcon.colcon_core.package_identification:Package 'motion_node_test' with type 'ros.ament_python' and name 'motion_node_test'
[0.621s] Level 1:colcon.colcon_core.package_identification:_identify(motor_node_test) by extensions ['ignore', 'ignore_ament_install']
[0.622s] Level 1:colcon.colcon_core.package_identification:_identify(motor_node_test) by extension 'ignore'
[0.623s] Level 1:colcon.colcon_core.package_identification:_identify(motor_node_test) by extension 'ignore_ament_install'
[0.623s] Level 1:colcon.colcon_core.package_identification:_identify(motor_node_test) by extensions ['colcon_pkg']
[0.623s] Level 1:colcon.colcon_core.package_identification:_identify(motor_node_test) by extension 'colcon_pkg'
[0.623s] Level 1:colcon.colcon_core.package_identification:_identify(motor_node_test) by extensions ['colcon_meta']
[0.623s] Level 1:colcon.colcon_core.package_identification:_identify(motor_node_test) by extension 'colcon_meta'
[0.623s] Level 1:colcon.colcon_core.package_identification:_identify(motor_node_test) by extensions ['ros']
[0.623s] Level 1:colcon.colcon_core.package_identification:_identify(motor_node_test) by extension 'ros'
[0.625s] DEBUG:colcon.colcon_core.package_identification:Package 'motor_node_test' with type 'ros.ament_python' and name 'motor_node_test'
[0.625s] Level 1:colcon.colcon_core.package_identification:_identify(ros2_canopen) by extensions ['ignore', 'ignore_ament_install']
[0.625s] Level 1:colcon.colcon_core.package_identification:_identify(ros2_canopen) by extension 'ignore'
[0.626s] Level 1:colcon.colcon_core.package_identification:_identify(ros2_canopen) by extension 'ignore_ament_install'
[0.626s] Level 1:colcon.colcon_core.package_identification:_identify(ros2_canopen) by extensions ['colcon_pkg']
[0.626s] Level 1:colcon.colcon_core.package_identification:_identify(ros2_canopen) by extension 'colcon_pkg'
[0.627s] Level 1:colcon.colcon_core.package_identification:_identify(ros2_canopen) by extensions ['colcon_meta']
[0.627s] Level 1:colcon.colcon_core.package_identification:_identify(ros2_canopen) by extension 'colcon_meta'
[0.627s] Level 1:colcon.colcon_core.package_identification:_identify(ros2_canopen) by extensions ['ros']
[0.627s] Level 1:colcon.colcon_core.package_identification:_identify(ros2_canopen) by extension 'ros'
[0.627s] Level 1:colcon.colcon_core.package_identification:_identify(ros2_canopen) by extensions ['cmake', 'python']
[0.627s] Level 1:colcon.colcon_core.package_identification:_identify(ros2_canopen) by extension 'cmake'
[0.627s] Level 1:colcon.colcon_core.package_identification:_identify(ros2_canopen) by extension 'python'
[0.627s] Level 1:colcon.colcon_core.package_identification:_identify(ros2_canopen) by extensions ['python_setup_py']
[0.627s] Level 1:colcon.colcon_core.package_identification:_identify(ros2_canopen) by extension 'python_setup_py'
[0.627s] Level 1:colcon.colcon_core.package_identification:_identify(shore_comms) by extensions ['ignore', 'ignore_ament_install']
[0.628s] Level 1:colcon.colcon_core.package_identification:_identify(shore_comms) by extension 'ignore'
[0.628s] Level 1:colcon.colcon_core.package_identification:_identify(shore_comms) by extension 'ignore_ament_install'
[0.628s] Level 1:colcon.colcon_core.package_identification:_identify(shore_comms) by extensions ['colcon_pkg']
[0.628s] Level 1:colcon.colcon_core.package_identification:_identify(shore_comms) by extension 'colcon_pkg'
[0.628s] Level 1:colcon.colcon_core.package_identification:_identify(shore_comms) by extensions ['colcon_meta']
[0.628s] Level 1:colcon.colcon_core.package_identification:_identify(shore_comms) by extension 'colcon_meta'
[0.628s] Level 1:colcon.colcon_core.package_identification:_identify(shore_comms) by extensions ['ros']
[0.628s] Level 1:colcon.colcon_core.package_identification:_identify(shore_comms) by extension 'ros'
[0.630s] DEBUG:colcon.colcon_core.package_identification:Package 'shore_comms' with type 'ros.ament_python' and name 'shore_comms'
[0.630s] Level 1:colcon.colcon_core.package_discovery:discover_packages(recursive) using defaults
[0.630s] Level 1:colcon.colcon_core.package_discovery:discover_packages(ignore) discover
[0.630s] Level 1:colcon.colcon_core.package_discovery:discover_packages(ignore) using defaults
[0.630s] Level 1:colcon.colcon_core.package_discovery:discover_packages(path) discover
[0.630s] Level 1:colcon.colcon_core.package_discovery:discover_packages(path) using defaults
[0.662s] INFO:colcon.colcon_core.package_selection:Skipping not selected package 'GPIO_Test' in 'GPIO_Test'
[0.662s] INFO:colcon.colcon_core.package_selection:Skipping not selected package 'boat_data_interfaces' in 'boat_data_interfaces'
[0.662s] INFO:colcon.colcon_core.package_selection:Skipping not selected package 'electrical_node_test' in 'electrical_node_test'
[0.662s] INFO:colcon.colcon_core.package_selection:Skipping not selected package 'motion_node_test' in 'motion_node_test'
[0.662s] INFO:colcon.colcon_core.package_selection:Skipping not selected package 'motor_node_test' in 'motor_node_test'
[0.663s] Level 1:colcon.colcon_core.package_discovery:discover_packages(prefix_path) check parameters
[0.663s] Level 1:colcon.colcon_core.package_discovery:discover_packages(prefix_path) discover
[0.668s] DEBUG:colcon.colcon_installed_package_information.package_discovery:Found 42 installed packages in /home/ishaan/eboat_src/ros_ws/install
[0.671s] DEBUG:colcon.colcon_installed_package_information.package_discovery:Found 347 installed packages in /opt/ros/kilted
[0.675s] Level 1:colcon.colcon_core.package_discovery:discover_packages(prefix_path) using defaults
[0.779s] Level 5:colcon.colcon_core.verb:set package 'shore_comms' build argument 'cmake_args' from command line to 'None'
[0.779s] Level 5:colcon.colcon_core.verb:set package 'shore_comms' build argument 'cmake_target' from command line to 'None'
[0.779s] Level 5:colcon.colcon_core.verb:set package 'shore_comms' build argument 'cmake_target_skip_unavailable' from command line to 'False'
[0.779s] Level 5:colcon.colcon_core.verb:set package 'shore_comms' build argument 'cmake_clean_cache' from command line to 'False'
[0.779s] Level 5:colcon.colcon_core.verb:set package 'shore_comms' build argument 'cmake_clean_first' from command line to 'False'
[0.779s] Level 5:colcon.colcon_core.verb:set package 'shore_comms' build argument 'cmake_force_configure' from command line to 'False'
[0.779s] Level 5:colcon.colcon_core.verb:set package 'shore_comms' build argument 'ament_cmake_args' from command line to 'None'
[0.779s] Level 5:colcon.colcon_core.verb:set package 'shore_comms' build argument 'catkin_cmake_args' from command line to 'None'
[0.779s] Level 5:colcon.colcon_core.verb:set package 'shore_comms' build argument 'catkin_skip_building_tests' from command line to 'False'
[0.779s] DEBUG:colcon.colcon_core.verb:Building package 'shore_comms' with the following arguments: {'ament_cmake_args': None, 'build_base': '/home/ishaan/eboat_src/ros_ws/src/build/shore_comms', 'catkin_cmake_args': None, 'catkin_skip_building_tests': False, 'cmake_args': None, 'cmake_clean_cache': False, 'cmake_clean_first': False, 'cmake_force_configure': False, 'cmake_target': None, 'cmake_target_skip_unavailable': False, 'install_base': '/home/ishaan/eboat_src/ros_ws/src/install/shore_comms', 'merge_install': False, 'path': '/home/ishaan/eboat_src/ros_ws/src/shore_comms', 'symlink_install': False, 'test_result_base': None}
[0.780s] INFO:colcon.colcon_core.executor:Executing jobs using 'parallel' executor
[0.782s] DEBUG:colcon.colcon_parallel_executor.executor.parallel:run_until_complete
[0.783s] INFO:colcon.colcon_ros.task.ament_python.build:Building ROS package in '/home/ishaan/eboat_src/ros_ws/src/shore_comms' with build type 'ament_python'
[0.783s] Level 1:colcon.colcon_core.shell:create_environment_hook('shore_comms', 'ament_prefix_path')
[0.788s] INFO:colcon.colcon_core.plugin_system:Skipping extension 'colcon_core.shell.bat': Not used on non-Windows systems
[0.788s] INFO:colcon.colcon_core.shell:Creating environment hook '/home/ishaan/eboat_src/ros_ws/src/install/shore_comms/share/shore_comms/hook/ament_prefix_path.ps1'
[0.791s] INFO:colcon.colcon_core.shell:Creating environment descriptor '/home/ishaan/eboat_src/ros_ws/src/install/shore_comms/share/shore_comms/hook/ament_prefix_path.dsv'
[0.795s] INFO:colcon.colcon_core.shell:Creating environment hook '/home/ishaan/eboat_src/ros_ws/src/install/shore_comms/share/shore_comms/hook/ament_prefix_path.sh'
[0.797s] INFO:colcon.colcon_core.shell:Skip shell extension 'powershell' for command environment: Not usable outside of PowerShell
[0.797s] DEBUG:colcon.colcon_core.shell:Skip shell extension 'dsv' for command environment
[1.310s] INFO:colcon.colcon_core.task.python.build:Building Python package in '/home/ishaan/eboat_src/ros_ws/src/shore_comms'
[1.311s] INFO:colcon.colcon_core.shell:Skip shell extension 'powershell' for command environment: Not usable outside of PowerShell
[1.311s] DEBUG:colcon.colcon_core.shell:Skip shell extension 'dsv' for command environment
[2.380s] DEBUG:colcon.colcon_core.event_handler.log_command:Invoking command in '/home/ishaan/eboat_src/ros_ws/src/shore_comms': PYTHONPATH=/home/ishaan/eboat_src/ros_ws/src/build/shore_comms/prefix_override:/usr/lib/python3/dist-packages/colcon_core/task/python/colcon_distutils_commands:/home/ishaan/eboat_src/ros_ws/src/install/shore_comms/lib/python3.12/site-packages:${PYTHONPATH} /usr/bin/python3 -W ignore:setup.py install is deprecated -W ignore:easy_install command is deprecated setup.py egg_info --egg-base ../build/shore_comms build --build-base /home/ishaan/eboat_src/ros_ws/src/build/shore_comms/build install --record /home/ishaan/eboat_src/ros_ws/src/build/shore_comms/install.log --single-version-externally-managed install_data
[3.324s] DEBUG:colcon.colcon_core.event_handler.log_command:Invoked command in '/home/ishaan/eboat_src/ros_ws/src/shore_comms' returned '0': PYTHONPATH=/home/ishaan/eboat_src/ros_ws/src/build/shore_comms/prefix_override:/usr/lib/python3/dist-packages/colcon_core/task/python/colcon_distutils_commands:/home/ishaan/eboat_src/ros_ws/src/install/shore_comms/lib/python3.12/site-packages:${PYTHONPATH} /usr/bin/python3 -W ignore:setup.py install is deprecated -W ignore:easy_install command is deprecated setup.py egg_info --egg-base ../build/shore_comms build --build-base /home/ishaan/eboat_src/ros_ws/src/build/shore_comms/build install --record /home/ishaan/eboat_src/ros_ws/src/build/shore_comms/install.log --single-version-externally-managed install_data
[3.327s] Level 1:colcon.colcon_core.environment:checking '/home/ishaan/eboat_src/ros_ws/src/install/shore_comms' for CMake module files
[3.328s] Level 1:colcon.colcon_core.environment:checking '/home/ishaan/eboat_src/ros_ws/src/install/shore_comms' for CMake config files
[3.329s] Level 1:colcon.colcon_core.environment:checking '/home/ishaan/eboat_src/ros_ws/src/install/shore_comms/lib'
[3.330s] Level 1:colcon.colcon_core.environment:checking '/home/ishaan/eboat_src/ros_ws/src/install/shore_comms/bin'
[3.330s] Level 1:colcon.colcon_core.environment:checking '/home/ishaan/eboat_src/ros_ws/src/install/shore_comms/lib/pkgconfig/shore_comms.pc'
[3.330s] Level 1:colcon.colcon_core.environment:checking '/home/ishaan/eboat_src/ros_ws/src/install/shore_comms/lib/python3.12/site-packages'
[3.331s] Level 1:colcon.colcon_core.shell:create_environment_hook('shore_comms', 'pythonpath')
[3.331s] INFO:colcon.colcon_core.shell:Creating environment hook '/home/ishaan/eboat_src/ros_ws/src/install/shore_comms/share/shore_comms/hook/pythonpath.ps1'
[3.332s] INFO:colcon.colcon_core.shell:Creating environment descriptor '/home/ishaan/eboat_src/ros_ws/src/install/shore_comms/share/shore_comms/hook/pythonpath.dsv'
[3.334s] INFO:colcon.colcon_core.shell:Creating environment hook '/home/ishaan/eboat_src/ros_ws/src/install/shore_comms/share/shore_comms/hook/pythonpath.sh'
[3.336s] Level 1:colcon.colcon_core.environment:checking '/home/ishaan/eboat_src/ros_ws/src/install/shore_comms/bin'
[3.336s] Level 1:colcon.colcon_core.environment:create_environment_scripts_only(shore_comms)
[3.337s] INFO:colcon.colcon_core.shell:Creating package script '/home/ishaan/eboat_src/ros_ws/src/install/shore_comms/share/shore_comms/package.ps1'
[3.338s] INFO:colcon.colcon_core.shell:Creating package descriptor '/home/ishaan/eboat_src/ros_ws/src/install/shore_comms/share/shore_comms/package.dsv'
[3.339s] INFO:colcon.colcon_core.shell:Creating package script '/home/ishaan/eboat_src/ros_ws/src/install/shore_comms/share/shore_comms/package.sh'
[3.341s] INFO:colcon.colcon_core.shell:Creating package script '/home/ishaan/eboat_src/ros_ws/src/install/shore_comms/share/shore_comms/package.bash'
[3.342s] INFO:colcon.colcon_core.shell:Creating package script '/home/ishaan/eboat_src/ros_ws/src/install/shore_comms/share/shore_comms/package.zsh'
[3.343s] Level 1:colcon.colcon_core.environment:create_file_with_runtime_dependencies(/home/ishaan/eboat_src/ros_ws/src/install/shore_comms/share/colcon-core/packages/shore_comms)
[3.344s] DEBUG:colcon.colcon_parallel_executor.executor.parallel:closing loop
[3.346s] DEBUG:colcon.colcon_parallel_executor.executor.parallel:loop closed
[3.347s] DEBUG:colcon.colcon_parallel_executor.executor.parallel:run_until_complete finished with '0'
[3.348s] DEBUG:colcon.colcon_core.event_reactor:joining thread
[3.518s] INFO:colcon.colcon_core.plugin_system:Skipping extension 'colcon_notification.desktop_notification.notify_send': Could not find 'notify-send'
[3.518s] INFO:colcon.colcon_core.plugin_system:Skipping extension 'colcon_notification.desktop_notification.terminal_notifier': Not used on non-Darwin systems
[3.519s] INFO:colcon.colcon_core.plugin_system:Skipping extension 'colcon_notification.desktop_notification.win32': Not used on non-Windows systems
[3.519s] INFO:colcon.colcon_notification.desktop_notification:Sending desktop notification using 'notify2'
[3.521s] DEBUG:colcon.colcon_notification.desktop_notification.notify2:Failed to initialize notify2: org.freedesktop.DBus.Error.ServiceUnknown: The name org.freedesktop.Notifications was not provided by any .service files
[3.522s] DEBUG:colcon.colcon_core.event_reactor:joined thread
[3.522s] INFO:colcon.colcon_core.shell:Creating prefix script '/home/ishaan/eboat_src/ros_ws/src/install/local_setup.ps1'
[3.524s] INFO:colcon.colcon_core.shell:Creating prefix util module '/home/ishaan/eboat_src/ros_ws/src/install/_local_setup_util_ps1.py'
[3.526s] INFO:colcon.colcon_core.shell:Creating prefix chain script '/home/ishaan/eboat_src/ros_ws/src/install/setup.ps1'
[3.529s] INFO:colcon.colcon_core.shell:Creating prefix script '/home/ishaan/eboat_src/ros_ws/src/install/local_setup.sh'
[3.530s] INFO:colcon.colcon_core.shell:Creating prefix util module '/home/ishaan/eboat_src/ros_ws/src/install/_local_setup_util_sh.py'
[3.531s] INFO:colcon.colcon_core.shell:Creating prefix chain script '/home/ishaan/eboat_src/ros_ws/src/install/setup.sh'
[3.534s] INFO:colcon.colcon_core.shell:Creating prefix script '/home/ishaan/eboat_src/ros_ws/src/install/local_setup.bash'
[3.535s] INFO:colcon.colcon_core.shell:Creating prefix chain script '/home/ishaan/eboat_src/ros_ws/src/install/setup.bash'
[3.539s] INFO:colcon.colcon_core.shell:Creating prefix script '/home/ishaan/eboat_src/ros_ws/src/install/local_setup.zsh'
[3.540s] INFO:colcon.colcon_core.shell:Creating prefix chain script '/home/ishaan/eboat_src/ros_ws/src/install/setup.zsh'
