[0mCMake Deprecation Warning at /opt/ros/kilted/share/ament_cmake_target_dependencies/cmake/ament_target_dependencies.cmake:87 (message):
  ament_target_dependencies() is deprecated.  Use target_link_libraries()
  with modern CMake targets instead.  Try replacing this call with:

    target_link_libraries(lely_master_bridge PUBLIC
      ${canopen_interfaces_TARGETS}
      canopen_core::device_container
      canopen_core::node_canopen_driver
      canopen_core::node_canopen_master
      rclcpp::rclcpp
      rclcpp_components::component
      rclcpp_components::component_manager
      rclcpp_lifecycle::rclcpp_lifecycle
    )

Call Stack (most recent call first):
  CMakeLists.txt:36 (ament_target_dependencies)

[0m
[0mCMake Deprecation Warning at /opt/ros/kilted/share/ament_cmake_target_dependencies/cmake/ament_target_dependencies.cmake:87 (message):
  ament_target_dependencies() is deprecated.  Use target_link_libraries()
  with modern CMake targets instead.  Try replacing this call with:

    target_link_libraries(node_canopen_basic_master PUBLIC
      ${canopen_interfaces_TARGETS}
      canopen_core::device_container
      canopen_core::node_canopen_driver
      canopen_core::node_canopen_master
      rclcpp::rclcpp
      rclcpp_components::component
      rclcpp_components::component_manager
      rclcpp_lifecycle::rclcpp_lifecycle
    )

Call Stack (most recent call first):
  CMakeLists.txt:56 (ament_target_dependencies)

[0m
[0mCMake Deprecation Warning at /opt/ros/kilted/share/ament_cmake_target_dependencies/cmake/ament_target_dependencies.cmake:87 (message):
  ament_target_dependencies() is deprecated.  Use target_link_libraries()
  with modern CMake targets instead.  Try replacing this call with:

    target_link_libraries(lifecycle_master_driver PUBLIC
      ${canopen_interfaces_TARGETS}
      canopen_core::device_container
      canopen_core::node_canopen_driver
      canopen_core::node_canopen_master
      rclcpp::rclcpp
      rclcpp_components::component
      rclcpp_components::component_manager
      rclcpp_lifecycle::rclcpp_lifecycle
    )

Call Stack (most recent call first):
  CMakeLists.txt:77 (ament_target_dependencies)

[0m
[0mCMake Deprecation Warning at /opt/ros/kilted/share/ament_cmake_target_dependencies/cmake/ament_target_dependencies.cmake:87 (message):
  ament_target_dependencies() is deprecated.  Use target_link_libraries()
  with modern CMake targets instead.  Try replacing this call with:

    target_link_libraries(master_driver PUBLIC
      ${canopen_interfaces_TARGETS}
      canopen_core::device_container
      canopen_core::node_canopen_driver
      canopen_core::node_canopen_master
      rclcpp::rclcpp
      rclcpp_components::component
      rclcpp_components::component_manager
      rclcpp_lifecycle::rclcpp_lifecycle
    )

Call Stack (most recent call first):
  CMakeLists.txt:105 (ament_target_dependencies)

[0m
[0mCMake Deprecation Warning at /opt/ros/kilted/share/ament_cmake_target_dependencies/cmake/ament_target_dependencies.cmake:87 (message):
  ament_target_dependencies() is deprecated.  Use target_link_libraries()
  with modern CMake targets instead.  Try replacing this call with:

    target_link_libraries(test_node_canopen_basic_driver PUBLIC
      ${canopen_interfaces_TARGETS}
      canopen_core::device_container
      canopen_core::node_canopen_driver
      canopen_core::node_canopen_master
      rclcpp::rclcpp
      rclcpp_components::component
      rclcpp_components::component_manager
      rclcpp_lifecycle::rclcpp_lifecycle
    )

Call Stack (most recent call first):
  test/CMakeLists.txt:4 (ament_target_dependencies)

[0m
[0mCMake Deprecation Warning at /opt/ros/kilted/share/ament_cmake_target_dependencies/cmake/ament_target_dependencies.cmake:87 (message):
  ament_target_dependencies() is deprecated.  Use target_link_libraries()
  with modern CMake targets instead.  Try replacing this call with:

    target_link_libraries(test_node_canopen_basic_driver_ros PUBLIC
      ${canopen_interfaces_TARGETS}
      canopen_core::device_container
      canopen_core::node_canopen_driver
      canopen_core::node_canopen_master
      rclcpp::rclcpp
      rclcpp_components::component
      rclcpp_components::component_manager
      rclcpp_lifecycle::rclcpp_lifecycle
    )

Call Stack (most recent call first):
  test/CMakeLists.txt:19 (ament_target_dependencies)

[0m
[0mCMake Deprecation Warning at /opt/ros/kilted/share/ament_cmake_target_dependencies/cmake/ament_target_dependencies.cmake:87 (message):
  ament_target_dependencies() is deprecated.  Use target_link_libraries()
  with modern CMake targets instead.  Try replacing this call with:

    target_link_libraries(test_master_driver_component PUBLIC
      ${canopen_interfaces_TARGETS}
      canopen_core::device_container
      canopen_core::node_canopen_driver
      canopen_core::node_canopen_master
      rclcpp::rclcpp
      rclcpp_components::component
      rclcpp_components::component_manager
      rclcpp_lifecycle::rclcpp_lifecycle
    )

Call Stack (most recent call first):
  test/CMakeLists.txt:34 (ament_target_dependencies)

[0m
