[0.517s] Invoking command in '/home/ishaan/eboat_src/build/canopen_master_driver': AMENT_PREFIX_PATH=/home/ishaan/eboat_src/install/canopen_core:/home/ishaan/eboat_src/install/lely_core_libraries:/home/ishaan/eboat_src/install/canopen_interfaces:${AMENT_PREFIX_PATH} CMAKE_PREFIX_PATH=/home/ishaan/eboat_src/install/canopen_core:/home/ishaan/eboat_src/install/lely_core_libraries:/home/ishaan/eboat_src/install/canopen_interfaces:/home/ishaan/eboat_src/ros_ws/install/canopen_tests:/home/ishaan/eboat_src/ros_ws/install/canopen_ros2_controllers:/home/ishaan/eboat_src/ros_ws/install/canopen_ros2_control:/home/ishaan/eboat_src/ros_ws/install/canopen:/home/ishaan/eboat_src/ros_ws/install/canopen_402_driver:/home/ishaan/eboat_src/ros_ws/install/canopen_proxy_driver:/home/ishaan/eboat_src/ros_ws/install/canopen_master_driver:/home/ishaan/eboat_src/ros_ws/install/canopen_fake_slaves:/home/ishaan/eboat_src/ros_ws/install/canopen_base_driver:/home/ishaan/eboat_src/ros_ws/install/canopen_core:/home/ishaan/eboat_src/ros_ws/install/lely_core_libraries:/home/ishaan/eboat_src/ros_ws/install/canopen_interfaces:/home/ishaan/eboat_src/ros_ws/install/boat_data_interfaces:/opt/ros/kilted/opt/sdformat_vendor:/opt/ros/kilted/opt/gz_math_vendor:/opt/ros/kilted/opt/gz_utils_vendor:/opt/ros/kilted/opt/gz_tools_vendor:/opt/ros/kilted/opt/gz_cmake_vendor:/home/ishaan/eboat_src/ros_ws/install/shore_comms:/home/ishaan/eboat_src/ros_ws/install/motor_node_test:/home/ishaan/eboat_src/ros_ws/install/motor_node:/home/ishaan/eboat_src/ros_ws/install/motion_node_test:/home/ishaan/eboat_src/ros_ws/install/motion_node:/home/ishaan/eboat_src/ros_ws/install/electrical_node_test:/home/ishaan/eboat_src/ros_ws/install/electrical_node:/home/ishaan/eboat_src/ros_ws/install/canopen_utils:/home/ishaan/eboat_src/ros_ws/install/alarms_watchdog_node:/home/ishaan/eboat_src/ros_ws/install/GPIO_Test:/opt/ros/kilted LD_LIBRARY_PATH=/home/ishaan/eboat_src/install/canopen_core/lib:/home/ishaan/eboat_src/install/lely_core_libraries/lib:/home/ishaan/eboat_src/install/canopen_interfaces/lib:${LD_LIBRARY_PATH} PATH=/home/ishaan/eboat_src/install/lely_core_libraries/bin:${PATH} PYTHONPATH=/home/ishaan/eboat_src/install/lely_core_libraries/lib/python3.12/site-packages:/home/ishaan/eboat_src/install/canopen_interfaces/lib/python3.12/site-packages:${PYTHONPATH} /usr/bin/cmake /home/ishaan/eboat_src/ros_ws/src/ros2_canopen/canopen_master_driver -DCMAKE_INSTALL_PREFIX=/home/ishaan/eboat_src/install/canopen_master_driver
[0.658s] -- The C compiler identification is GNU 13.3.0
[1.577s] -- The CXX compiler identification is GNU 13.3.0
[2.446s] -- Detecting C compiler ABI info
[2.786s] -- Detecting C compiler ABI info - done
[2.791s] -- Check for working C compiler: /usr/bin/cc - skipped
[2.792s] -- Detecting C compile features
[2.792s] -- Detecting C compile features - done
[2.940s] -- Detecting CXX compiler ABI info
[3.289s] -- Detecting CXX compiler ABI info - done
[3.294s] -- Check for working CXX compiler: /usr/bin/c++ - skipped
[3.294s] -- Detecting CXX compile features
[3.295s] -- Detecting CXX compile features - done
[3.297s] -- Found ament_cmake: 2.7.3 (/opt/ros/kilted/share/ament_cmake/cmake)
[3.419s] -- Found Python3: /usr/bin/python3 (found version "3.12.3") found components: Interpreter 
[3.504s] -- Found ament_cmake_ros: 0.14.3 (/opt/ros/kilted/share/ament_cmake_ros/cmake)
[3.512s] -- Found canopen_core: 0.3.1 (/home/ishaan/eboat_src/install/canopen_core/share/canopen_core/cmake)
[3.696s] -- Found Boost: /usr/lib/x86_64-linux-gnu/cmake/Boost-1.83.0/BoostConfig.cmake (found version "1.83.0") found components: system thread 
[3.827s] -- Found rosidl_generator_c: 4.9.5 (/opt/ros/kilted/share/rosidl_generator_c/cmake)
[3.836s] -- Found rosidl_generator_cpp: 4.9.5 (/opt/ros/kilted/share/rosidl_generator_cpp/cmake)
[3.847s] -- Using all available rosidl_typesupport_c: rosidl_typesupport_fastrtps_c;rosidl_typesupport_introspection_c
[3.860s] -- Using all available rosidl_typesupport_cpp: rosidl_typesupport_fastrtps_cpp;rosidl_typesupport_introspection_cpp
[3.944s] -- Found rmw_implementation_cmake: 7.8.2 (/opt/ros/kilted/share/rmw_implementation_cmake/cmake)
[3.946s] -- Found rmw_fastrtps_cpp: 9.3.2 (/opt/ros/kilted/share/rmw_fastrtps_cpp/cmake)
[4.006s] -- Found OpenSSL: /usr/lib/x86_64-linux-gnu/libcrypto.so (found version "3.0.13")  
[4.014s] -- Using RMW implementation 'rmw_fastrtps_cpp' as default
[4.229s] -- Setting yaml-cpp_DIR to: '/opt/ros/kilted/share/yaml_cpp_vendor/cmake/../../../opt/yaml_cpp_vendor/share/cmake/yaml-cpp'
[4.231s] [0mCMake Deprecation Warning at /opt/ros/kilted/share/ament_cmake_target_dependencies/cmake/ament_target_dependencies.cmake:87 (message):
[4.231s]   ament_target_dependencies() is deprecated.  Use target_link_libraries()
[4.231s]   with modern CMake targets instead.  Try replacing this call with:
[4.231s] 
[4.231s]     target_link_libraries(lely_master_bridge PUBLIC
[4.231s]       ${canopen_interfaces_TARGETS}
[4.231s]       canopen_core::device_container
[4.231s]       canopen_core::node_canopen_driver
[4.231s]       canopen_core::node_canopen_master
[4.231s]       rclcpp::rclcpp
[4.231s]       rclcpp_components::component
[4.231s]       rclcpp_components::component_manager
[4.231s]       rclcpp_lifecycle::rclcpp_lifecycle
[4.231s]     )
[4.231s] 
[4.231s] Call Stack (most recent call first):
[4.231s]   CMakeLists.txt:36 (ament_target_dependencies)
[4.231s] 
[4.231s] [0m
[4.233s] [0mCMake Deprecation Warning at /opt/ros/kilted/share/ament_cmake_target_dependencies/cmake/ament_target_dependencies.cmake:87 (message):
[4.233s]   ament_target_dependencies() is deprecated.  Use target_link_libraries()
[4.234s]   with modern CMake targets instead.  Try replacing this call with:
[4.234s] 
[4.234s]     target_link_libraries(node_canopen_basic_master PUBLIC
[4.234s]       ${canopen_interfaces_TARGETS}
[4.234s]       canopen_core::device_container
[4.234s]       canopen_core::node_canopen_driver
[4.234s]       canopen_core::node_canopen_master
[4.234s]       rclcpp::rclcpp
[4.234s]       rclcpp_components::component
[4.234s]       rclcpp_components::component_manager
[4.234s]       rclcpp_lifecycle::rclcpp_lifecycle
[4.234s]     )
[4.234s] 
[4.234s] Call Stack (most recent call first):
[4.234s]   CMakeLists.txt:56 (ament_target_dependencies)
[4.234s] 
[4.234s] [0m
[4.236s] [0mCMake Deprecation Warning at /opt/ros/kilted/share/ament_cmake_target_dependencies/cmake/ament_target_dependencies.cmake:87 (message):
[4.236s]   ament_target_dependencies() is deprecated.  Use target_link_libraries()
[4.236s]   with modern CMake targets instead.  Try replacing this call with:
[4.236s] 
[4.236s]     target_link_libraries(lifecycle_master_driver PUBLIC
[4.236s]       ${canopen_interfaces_TARGETS}
[4.236s]       canopen_core::device_container
[4.236s]       canopen_core::node_canopen_driver
[4.236s]       canopen_core::node_canopen_master
[4.236s]       rclcpp::rclcpp
[4.236s]       rclcpp_components::component
[4.236s]       rclcpp_components::component_manager
[4.236s]       rclcpp_lifecycle::rclcpp_lifecycle
[4.236s]     )
[4.236s] 
[4.236s] Call Stack (most recent call first):
[4.236s]   CMakeLists.txt:77 (ament_target_dependencies)
[4.236s] 
[4.236s] [0m
[4.239s] [0mCMake Deprecation Warning at /opt/ros/kilted/share/ament_cmake_target_dependencies/cmake/ament_target_dependencies.cmake:87 (message):
[4.239s]   ament_target_dependencies() is deprecated.  Use target_link_libraries()
[4.239s]   with modern CMake targets instead.  Try replacing this call with:
[4.239s] 
[4.239s]     target_link_libraries(master_driver PUBLIC
[4.239s]       ${canopen_interfaces_TARGETS}
[4.239s]       canopen_core::device_container
[4.239s]       canopen_core::node_canopen_driver
[4.239s]       canopen_core::node_canopen_master
[4.239s]       rclcpp::rclcpp
[4.239s]       rclcpp_components::component
[4.239s]       rclcpp_components::component_manager
[4.239s]       rclcpp_lifecycle::rclcpp_lifecycle
[4.239s]     )
[4.239s] 
[4.239s] Call Stack (most recent call first):
[4.239s]   CMakeLists.txt:105 (ament_target_dependencies)
[4.239s] 
[4.239s] [0m
[4.244s] -- Found gtest sources under '/opt/ros/kilted/src/gtest_vendor': C++ tests using 'Google Test' will be built
[4.246s] -- Found Threads: TRUE  
[4.246s] [0mCMake Deprecation Warning at /opt/ros/kilted/share/ament_cmake_target_dependencies/cmake/ament_target_dependencies.cmake:87 (message):
[4.246s]   ament_target_dependencies() is deprecated.  Use target_link_libraries()
[4.246s]   with modern CMake targets instead.  Try replacing this call with:
[4.246s] 
[4.246s]     target_link_libraries(test_node_canopen_basic_driver PUBLIC
[4.246s]       ${canopen_interfaces_TARGETS}
[4.246s]       canopen_core::device_container
[4.247s]       canopen_core::node_canopen_driver
[4.247s]       canopen_core::node_canopen_master
[4.247s]       rclcpp::rclcpp
[4.247s]       rclcpp_components::component
[4.247s]       rclcpp_components::component_manager
[4.247s]       rclcpp_lifecycle::rclcpp_lifecycle
[4.247s]     )
[4.247s] 
[4.247s] Call Stack (most recent call first):
[4.247s]   test/CMakeLists.txt:4 (ament_target_dependencies)
[4.247s] 
[4.247s] [0m
[4.250s] [0mCMake Deprecation Warning at /opt/ros/kilted/share/ament_cmake_target_dependencies/cmake/ament_target_dependencies.cmake:87 (message):
[4.250s]   ament_target_dependencies() is deprecated.  Use target_link_libraries()
[4.250s]   with modern CMake targets instead.  Try replacing this call with:
[4.250s] 
[4.250s]     target_link_libraries(test_node_canopen_basic_driver_ros PUBLIC
[4.250s]       ${canopen_interfaces_TARGETS}
[4.250s]       canopen_core::device_container
[4.250s]       canopen_core::node_canopen_driver
[4.250s]       canopen_core::node_canopen_master
[4.250s]       rclcpp::rclcpp
[4.250s]       rclcpp_components::component
[4.250s]       rclcpp_components::component_manager
[4.250s]       rclcpp_lifecycle::rclcpp_lifecycle
[4.250s]     )
[4.250s] 
[4.250s] Call Stack (most recent call first):
[4.250s]   test/CMakeLists.txt:19 (ament_target_dependencies)
[4.250s] 
[4.250s] [0m
[4.254s] [0mCMake Deprecation Warning at /opt/ros/kilted/share/ament_cmake_target_dependencies/cmake/ament_target_dependencies.cmake:87 (message):
[4.254s]   ament_target_dependencies() is deprecated.  Use target_link_libraries()
[4.254s]   with modern CMake targets instead.  Try replacing this call with:
[4.254s] 
[4.254s]     target_link_libraries(test_master_driver_component PUBLIC
[4.254s]       ${canopen_interfaces_TARGETS}
[4.254s]       canopen_core::device_container
[4.254s]       canopen_core::node_canopen_driver
[4.254s]       canopen_core::node_canopen_master
[4.254s]       rclcpp::rclcpp
[4.254s]       rclcpp_components::component
[4.254s]       rclcpp_components::component_manager
[4.254s]       rclcpp_lifecycle::rclcpp_lifecycle
[4.254s]     )
[4.254s] 
[4.254s] Call Stack (most recent call first):
[4.254s]   test/CMakeLists.txt:34 (ament_target_dependencies)
[4.254s] 
[4.254s] [0m
[4.323s] -- Configuring done (3.8s)
[4.360s] -- Generating done (0.0s)
[4.370s] -- Build files have been written to: /home/ishaan/eboat_src/build/canopen_master_driver
[4.382s] Invoked command in '/home/ishaan/eboat_src/build/canopen_master_driver' returned '0': AMENT_PREFIX_PATH=/home/ishaan/eboat_src/install/canopen_core:/home/ishaan/eboat_src/install/lely_core_libraries:/home/ishaan/eboat_src/install/canopen_interfaces:${AMENT_PREFIX_PATH} CMAKE_PREFIX_PATH=/home/ishaan/eboat_src/install/canopen_core:/home/ishaan/eboat_src/install/lely_core_libraries:/home/ishaan/eboat_src/install/canopen_interfaces:/home/ishaan/eboat_src/ros_ws/install/canopen_tests:/home/ishaan/eboat_src/ros_ws/install/canopen_ros2_controllers:/home/ishaan/eboat_src/ros_ws/install/canopen_ros2_control:/home/ishaan/eboat_src/ros_ws/install/canopen:/home/ishaan/eboat_src/ros_ws/install/canopen_402_driver:/home/ishaan/eboat_src/ros_ws/install/canopen_proxy_driver:/home/ishaan/eboat_src/ros_ws/install/canopen_master_driver:/home/ishaan/eboat_src/ros_ws/install/canopen_fake_slaves:/home/ishaan/eboat_src/ros_ws/install/canopen_base_driver:/home/ishaan/eboat_src/ros_ws/install/canopen_core:/home/ishaan/eboat_src/ros_ws/install/lely_core_libraries:/home/ishaan/eboat_src/ros_ws/install/canopen_interfaces:/home/ishaan/eboat_src/ros_ws/install/boat_data_interfaces:/opt/ros/kilted/opt/sdformat_vendor:/opt/ros/kilted/opt/gz_math_vendor:/opt/ros/kilted/opt/gz_utils_vendor:/opt/ros/kilted/opt/gz_tools_vendor:/opt/ros/kilted/opt/gz_cmake_vendor:/home/ishaan/eboat_src/ros_ws/install/shore_comms:/home/ishaan/eboat_src/ros_ws/install/motor_node_test:/home/ishaan/eboat_src/ros_ws/install/motor_node:/home/ishaan/eboat_src/ros_ws/install/motion_node_test:/home/ishaan/eboat_src/ros_ws/install/motion_node:/home/ishaan/eboat_src/ros_ws/install/electrical_node_test:/home/ishaan/eboat_src/ros_ws/install/electrical_node:/home/ishaan/eboat_src/ros_ws/install/canopen_utils:/home/ishaan/eboat_src/ros_ws/install/alarms_watchdog_node:/home/ishaan/eboat_src/ros_ws/install/GPIO_Test:/opt/ros/kilted LD_LIBRARY_PATH=/home/ishaan/eboat_src/install/canopen_core/lib:/home/ishaan/eboat_src/install/lely_core_libraries/lib:/home/ishaan/eboat_src/install/canopen_interfaces/lib:${LD_LIBRARY_PATH} PATH=/home/ishaan/eboat_src/install/lely_core_libraries/bin:${PATH} PYTHONPATH=/home/ishaan/eboat_src/install/lely_core_libraries/lib/python3.12/site-packages:/home/ishaan/eboat_src/install/canopen_interfaces/lib/python3.12/site-packages:${PYTHONPATH} /usr/bin/cmake /home/ishaan/eboat_src/ros_ws/src/ros2_canopen/canopen_master_driver -DCMAKE_INSTALL_PREFIX=/home/ishaan/eboat_src/install/canopen_master_driver
[4.383s] Invoking command in '/home/ishaan/eboat_src/build/canopen_master_driver': AMENT_PREFIX_PATH=/home/ishaan/eboat_src/install/canopen_core:/home/ishaan/eboat_src/install/lely_core_libraries:/home/ishaan/eboat_src/install/canopen_interfaces:${AMENT_PREFIX_PATH} CMAKE_PREFIX_PATH=/home/ishaan/eboat_src/install/canopen_core:/home/ishaan/eboat_src/install/lely_core_libraries:/home/ishaan/eboat_src/install/canopen_interfaces:/home/ishaan/eboat_src/ros_ws/install/canopen_tests:/home/ishaan/eboat_src/ros_ws/install/canopen_ros2_controllers:/home/ishaan/eboat_src/ros_ws/install/canopen_ros2_control:/home/ishaan/eboat_src/ros_ws/install/canopen:/home/ishaan/eboat_src/ros_ws/install/canopen_402_driver:/home/ishaan/eboat_src/ros_ws/install/canopen_proxy_driver:/home/ishaan/eboat_src/ros_ws/install/canopen_master_driver:/home/ishaan/eboat_src/ros_ws/install/canopen_fake_slaves:/home/ishaan/eboat_src/ros_ws/install/canopen_base_driver:/home/ishaan/eboat_src/ros_ws/install/canopen_core:/home/ishaan/eboat_src/ros_ws/install/lely_core_libraries:/home/ishaan/eboat_src/ros_ws/install/canopen_interfaces:/home/ishaan/eboat_src/ros_ws/install/boat_data_interfaces:/opt/ros/kilted/opt/sdformat_vendor:/opt/ros/kilted/opt/gz_math_vendor:/opt/ros/kilted/opt/gz_utils_vendor:/opt/ros/kilted/opt/gz_tools_vendor:/opt/ros/kilted/opt/gz_cmake_vendor:/home/ishaan/eboat_src/ros_ws/install/shore_comms:/home/ishaan/eboat_src/ros_ws/install/motor_node_test:/home/ishaan/eboat_src/ros_ws/install/motor_node:/home/ishaan/eboat_src/ros_ws/install/motion_node_test:/home/ishaan/eboat_src/ros_ws/install/motion_node:/home/ishaan/eboat_src/ros_ws/install/electrical_node_test:/home/ishaan/eboat_src/ros_ws/install/electrical_node:/home/ishaan/eboat_src/ros_ws/install/canopen_utils:/home/ishaan/eboat_src/ros_ws/install/alarms_watchdog_node:/home/ishaan/eboat_src/ros_ws/install/GPIO_Test:/opt/ros/kilted LD_LIBRARY_PATH=/home/ishaan/eboat_src/install/canopen_core/lib:/home/ishaan/eboat_src/install/lely_core_libraries/lib:/home/ishaan/eboat_src/install/canopen_interfaces/lib:${LD_LIBRARY_PATH} PATH=/home/ishaan/eboat_src/install/lely_core_libraries/bin:${PATH} PYTHONPATH=/home/ishaan/eboat_src/install/lely_core_libraries/lib/python3.12/site-packages:/home/ishaan/eboat_src/install/canopen_interfaces/lib/python3.12/site-packages:${PYTHONPATH} /usr/bin/cmake --build /home/ishaan/eboat_src/build/canopen_master_driver -- -j16 -l16
[4.422s] [  5%] [32mBuilding CXX object gtest/CMakeFiles/gtest_main.dir/src/gtest_main.cc.o[0m
[4.422s] [ 16%] [32mBuilding CXX object gtest/CMakeFiles/gtest.dir/src/gtest-all.cc.o[0m
[4.422s] [ 16%] [32mBuilding CXX object CMakeFiles/lely_master_bridge.dir/src/lely_master_bridge.cpp.o[0m
[5.109s] [ 22%] [32m[1mLinking CXX static library libgtest_main.a[0m
[5.143s] [ 22%] Built target gtest_main
[7.316s] [ 27%] [32m[1mLinking CXX shared library liblely_master_bridge.so[0m
[7.486s] [ 33%] [32m[1mLinking CXX static library libgtest.a[0m
[7.533s] [ 33%] Built target gtest
[7.584s] [ 33%] Built target lely_master_bridge
[7.602s] [ 38%] [32mBuilding CXX object CMakeFiles/node_canopen_basic_master.dir/src/node_interfaces/node_canopen_basic_master.cpp.o[0m
[13.357s] [ 44%] [32m[1mLinking CXX shared library libnode_canopen_basic_master.so[0m
[13.649s] [ 44%] Built target node_canopen_basic_master
[13.665s] [ 55%] [32mBuilding CXX object CMakeFiles/master_driver.dir/src/master_driver.cpp.o[0m
[13.665s] [ 55%] [32mBuilding CXX object CMakeFiles/lifecycle_master_driver.dir/src/lifecycle_master_driver.cpp.o[0m
[18.674s] [ 61%] [32m[1mLinking CXX shared library liblifecycle_master_driver.so[0m
[18.719s] [ 66%] [32m[1mLinking CXX shared library libmaster_driver.so[0m
[19.002s] [ 66%] Built target lifecycle_master_driver
[19.069s] [ 66%] Built target master_driver
[19.086s] [ 72%] [32mBuilding CXX object test/CMakeFiles/test_node_canopen_basic_driver.dir/test_node_canopen_basic_master.cpp.o[0m
[19.088s] [ 77%] [32mBuilding CXX object test/CMakeFiles/test_node_canopen_basic_driver_ros.dir/test_node_canopen_basic_master_ros.cpp.o[0m
[19.088s] [ 83%] [32mBuilding CXX object test/CMakeFiles/test_master_driver_component.dir/test_master_driver_component.cpp.o[0m
[24.107s] [ 88%] [32m[1mLinking CXX executable test_master_driver_component[0m
[24.318s] [ 94%] [32m[1mLinking CXX executable test_node_canopen_basic_driver[0m
[24.378s] [100%] [32m[1mLinking CXX executable test_node_canopen_basic_driver_ros[0m
[24.380s] [100%] Built target test_master_driver_component
[24.590s] [100%] Built target test_node_canopen_basic_driver
[24.705s] [100%] Built target test_node_canopen_basic_driver_ros
[24.714s] Invoked command in '/home/ishaan/eboat_src/build/canopen_master_driver' returned '0': AMENT_PREFIX_PATH=/home/ishaan/eboat_src/install/canopen_core:/home/ishaan/eboat_src/install/lely_core_libraries:/home/ishaan/eboat_src/install/canopen_interfaces:${AMENT_PREFIX_PATH} CMAKE_PREFIX_PATH=/home/ishaan/eboat_src/install/canopen_core:/home/ishaan/eboat_src/install/lely_core_libraries:/home/ishaan/eboat_src/install/canopen_interfaces:/home/ishaan/eboat_src/ros_ws/install/canopen_tests:/home/ishaan/eboat_src/ros_ws/install/canopen_ros2_controllers:/home/ishaan/eboat_src/ros_ws/install/canopen_ros2_control:/home/ishaan/eboat_src/ros_ws/install/canopen:/home/ishaan/eboat_src/ros_ws/install/canopen_402_driver:/home/ishaan/eboat_src/ros_ws/install/canopen_proxy_driver:/home/ishaan/eboat_src/ros_ws/install/canopen_master_driver:/home/ishaan/eboat_src/ros_ws/install/canopen_fake_slaves:/home/ishaan/eboat_src/ros_ws/install/canopen_base_driver:/home/ishaan/eboat_src/ros_ws/install/canopen_core:/home/ishaan/eboat_src/ros_ws/install/lely_core_libraries:/home/ishaan/eboat_src/ros_ws/install/canopen_interfaces:/home/ishaan/eboat_src/ros_ws/install/boat_data_interfaces:/opt/ros/kilted/opt/sdformat_vendor:/opt/ros/kilted/opt/gz_math_vendor:/opt/ros/kilted/opt/gz_utils_vendor:/opt/ros/kilted/opt/gz_tools_vendor:/opt/ros/kilted/opt/gz_cmake_vendor:/home/ishaan/eboat_src/ros_ws/install/shore_comms:/home/ishaan/eboat_src/ros_ws/install/motor_node_test:/home/ishaan/eboat_src/ros_ws/install/motor_node:/home/ishaan/eboat_src/ros_ws/install/motion_node_test:/home/ishaan/eboat_src/ros_ws/install/motion_node:/home/ishaan/eboat_src/ros_ws/install/electrical_node_test:/home/ishaan/eboat_src/ros_ws/install/electrical_node:/home/ishaan/eboat_src/ros_ws/install/canopen_utils:/home/ishaan/eboat_src/ros_ws/install/alarms_watchdog_node:/home/ishaan/eboat_src/ros_ws/install/GPIO_Test:/opt/ros/kilted LD_LIBRARY_PATH=/home/ishaan/eboat_src/install/canopen_core/lib:/home/ishaan/eboat_src/install/lely_core_libraries/lib:/home/ishaan/eboat_src/install/canopen_interfaces/lib:${LD_LIBRARY_PATH} PATH=/home/ishaan/eboat_src/install/lely_core_libraries/bin:${PATH} PYTHONPATH=/home/ishaan/eboat_src/install/lely_core_libraries/lib/python3.12/site-packages:/home/ishaan/eboat_src/install/canopen_interfaces/lib/python3.12/site-packages:${PYTHONPATH} /usr/bin/cmake --build /home/ishaan/eboat_src/build/canopen_master_driver -- -j16 -l16
[24.716s] Invoking command in '/home/ishaan/eboat_src/build/canopen_master_driver': AMENT_PREFIX_PATH=/home/ishaan/eboat_src/install/canopen_core:/home/ishaan/eboat_src/install/lely_core_libraries:/home/ishaan/eboat_src/install/canopen_interfaces:${AMENT_PREFIX_PATH} CMAKE_PREFIX_PATH=/home/ishaan/eboat_src/install/canopen_core:/home/ishaan/eboat_src/install/lely_core_libraries:/home/ishaan/eboat_src/install/canopen_interfaces:/home/ishaan/eboat_src/ros_ws/install/canopen_tests:/home/ishaan/eboat_src/ros_ws/install/canopen_ros2_controllers:/home/ishaan/eboat_src/ros_ws/install/canopen_ros2_control:/home/ishaan/eboat_src/ros_ws/install/canopen:/home/ishaan/eboat_src/ros_ws/install/canopen_402_driver:/home/ishaan/eboat_src/ros_ws/install/canopen_proxy_driver:/home/ishaan/eboat_src/ros_ws/install/canopen_master_driver:/home/ishaan/eboat_src/ros_ws/install/canopen_fake_slaves:/home/ishaan/eboat_src/ros_ws/install/canopen_base_driver:/home/ishaan/eboat_src/ros_ws/install/canopen_core:/home/ishaan/eboat_src/ros_ws/install/lely_core_libraries:/home/ishaan/eboat_src/ros_ws/install/canopen_interfaces:/home/ishaan/eboat_src/ros_ws/install/boat_data_interfaces:/opt/ros/kilted/opt/sdformat_vendor:/opt/ros/kilted/opt/gz_math_vendor:/opt/ros/kilted/opt/gz_utils_vendor:/opt/ros/kilted/opt/gz_tools_vendor:/opt/ros/kilted/opt/gz_cmake_vendor:/home/ishaan/eboat_src/ros_ws/install/shore_comms:/home/ishaan/eboat_src/ros_ws/install/motor_node_test:/home/ishaan/eboat_src/ros_ws/install/motor_node:/home/ishaan/eboat_src/ros_ws/install/motion_node_test:/home/ishaan/eboat_src/ros_ws/install/motion_node:/home/ishaan/eboat_src/ros_ws/install/electrical_node_test:/home/ishaan/eboat_src/ros_ws/install/electrical_node:/home/ishaan/eboat_src/ros_ws/install/canopen_utils:/home/ishaan/eboat_src/ros_ws/install/alarms_watchdog_node:/home/ishaan/eboat_src/ros_ws/install/GPIO_Test:/opt/ros/kilted LD_LIBRARY_PATH=/home/ishaan/eboat_src/install/canopen_core/lib:/home/ishaan/eboat_src/install/lely_core_libraries/lib:/home/ishaan/eboat_src/install/canopen_interfaces/lib:${LD_LIBRARY_PATH} PATH=/home/ishaan/eboat_src/install/lely_core_libraries/bin:${PATH} PYTHONPATH=/home/ishaan/eboat_src/install/lely_core_libraries/lib/python3.12/site-packages:/home/ishaan/eboat_src/install/canopen_interfaces/lib/python3.12/site-packages:${PYTHONPATH} /usr/bin/cmake --install /home/ishaan/eboat_src/build/canopen_master_driver
[24.721s] -- Install configuration: ""
[24.721s] -- Installing: /home/ishaan/eboat_src/install/canopen_master_driver/include
[24.721s] -- Installing: /home/ishaan/eboat_src/install/canopen_master_driver/include/canopen_master_driver
[24.721s] -- Installing: /home/ishaan/eboat_src/install/canopen_master_driver/include/canopen_master_driver/visibility_control.h
[24.721s] -- Installing: /home/ishaan/eboat_src/install/canopen_master_driver/include/canopen_master_driver/lifecycle_master_driver.hpp
[24.722s] -- Installing: /home/ishaan/eboat_src/install/canopen_master_driver/include/canopen_master_driver/lely_master_bridge.hpp
[24.722s] -- Installing: /home/ishaan/eboat_src/install/canopen_master_driver/include/canopen_master_driver/master_driver.hpp
[24.722s] -- Installing: /home/ishaan/eboat_src/install/canopen_master_driver/include/canopen_master_driver/node_interfaces
[24.722s] -- Installing: /home/ishaan/eboat_src/install/canopen_master_driver/include/canopen_master_driver/node_interfaces/node_canopen_basic_master.hpp
[24.722s] -- Installing: /home/ishaan/eboat_src/install/canopen_master_driver/include/canopen_master_driver/node_interfaces/node_canopen_basic_master_impl.hpp
[24.722s] -- Installing: /home/ishaan/eboat_src/install/canopen_master_driver/lib/liblifecycle_master_driver.so
[24.723s] -- Set non-toolchain portion of runtime path of "/home/ishaan/eboat_src/install/canopen_master_driver/lib/liblifecycle_master_driver.so" to ""
[24.723s] -- Installing: /home/ishaan/eboat_src/install/canopen_master_driver/lib/libmaster_driver.so
[24.724s] -- Set non-toolchain portion of runtime path of "/home/ishaan/eboat_src/install/canopen_master_driver/lib/libmaster_driver.so" to ""
[24.724s] -- Installing: /home/ishaan/eboat_src/install/canopen_master_driver/lib/libnode_canopen_basic_master.so
[24.725s] -- Set non-toolchain portion of runtime path of "/home/ishaan/eboat_src/install/canopen_master_driver/lib/libnode_canopen_basic_master.so" to ""
[24.725s] -- Installing: /home/ishaan/eboat_src/install/canopen_master_driver/lib/liblely_master_bridge.so
[24.725s] -- Set non-toolchain portion of runtime path of "/home/ishaan/eboat_src/install/canopen_master_driver/lib/liblely_master_bridge.so" to ""
[24.726s] -- Installing: /home/ishaan/eboat_src/install/canopen_master_driver/share/canopen_master_driver/environment/library_path.sh
[24.726s] -- Installing: /home/ishaan/eboat_src/install/canopen_master_driver/share/canopen_master_driver/environment/library_path.dsv
[24.726s] -- Installing: /home/ishaan/eboat_src/install/canopen_master_driver/share/ament_index/resource_index/package_run_dependencies/canopen_master_driver
[24.726s] -- Installing: /home/ishaan/eboat_src/install/canopen_master_driver/share/ament_index/resource_index/parent_prefix_path/canopen_master_driver
[24.726s] -- Installing: /home/ishaan/eboat_src/install/canopen_master_driver/share/canopen_master_driver/environment/ament_prefix_path.sh
[24.726s] -- Installing: /home/ishaan/eboat_src/install/canopen_master_driver/share/canopen_master_driver/environment/ament_prefix_path.dsv
[24.727s] -- Installing: /home/ishaan/eboat_src/install/canopen_master_driver/share/canopen_master_driver/environment/path.sh
[24.727s] -- Installing: /home/ishaan/eboat_src/install/canopen_master_driver/share/canopen_master_driver/environment/path.dsv
[24.727s] -- Installing: /home/ishaan/eboat_src/install/canopen_master_driver/share/canopen_master_driver/local_setup.bash
[24.727s] -- Installing: /home/ishaan/eboat_src/install/canopen_master_driver/share/canopen_master_driver/local_setup.sh
[24.728s] -- Installing: /home/ishaan/eboat_src/install/canopen_master_driver/share/canopen_master_driver/local_setup.zsh
[24.728s] -- Installing: /home/ishaan/eboat_src/install/canopen_master_driver/share/canopen_master_driver/local_setup.dsv
[24.728s] -- Installing: /home/ishaan/eboat_src/install/canopen_master_driver/share/canopen_master_driver/package.dsv
[24.728s] -- Installing: /home/ishaan/eboat_src/install/canopen_master_driver/share/ament_index/resource_index/packages/canopen_master_driver
[24.728s] -- Installing: /home/ishaan/eboat_src/install/canopen_master_driver/share/ament_index/resource_index/rclcpp_components/canopen_master_driver
[24.729s] -- Installing: /home/ishaan/eboat_src/install/canopen_master_driver/share/canopen_master_driver/cmake/export_canopen_master_driverExport.cmake
[24.729s] -- Installing: /home/ishaan/eboat_src/install/canopen_master_driver/share/canopen_master_driver/cmake/export_canopen_master_driverExport-noconfig.cmake
[24.729s] -- Installing: /home/ishaan/eboat_src/install/canopen_master_driver/share/canopen_master_driver/cmake/ament_cmake_export_include_directories-extras.cmake
[24.729s] -- Installing: /home/ishaan/eboat_src/install/canopen_master_driver/share/canopen_master_driver/cmake/ament_cmake_export_libraries-extras.cmake
[24.729s] -- Installing: /home/ishaan/eboat_src/install/canopen_master_driver/share/canopen_master_driver/cmake/ament_cmake_export_targets-extras.cmake
[24.729s] -- Installing: /home/ishaan/eboat_src/install/canopen_master_driver/share/canopen_master_driver/cmake/ament_cmake_export_dependencies-extras.cmake
[24.729s] -- Installing: /home/ishaan/eboat_src/install/canopen_master_driver/share/canopen_master_driver/cmake/canopen_master_driverConfig.cmake
[24.729s] -- Installing: /home/ishaan/eboat_src/install/canopen_master_driver/share/canopen_master_driver/cmake/canopen_master_driverConfig-version.cmake
[24.729s] -- Installing: /home/ishaan/eboat_src/install/canopen_master_driver/share/canopen_master_driver/package.xml
[24.731s] Invoked command in '/home/ishaan/eboat_src/build/canopen_master_driver' returned '0': AMENT_PREFIX_PATH=/home/ishaan/eboat_src/install/canopen_core:/home/ishaan/eboat_src/install/lely_core_libraries:/home/ishaan/eboat_src/install/canopen_interfaces:${AMENT_PREFIX_PATH} CMAKE_PREFIX_PATH=/home/ishaan/eboat_src/install/canopen_core:/home/ishaan/eboat_src/install/lely_core_libraries:/home/ishaan/eboat_src/install/canopen_interfaces:/home/ishaan/eboat_src/ros_ws/install/canopen_tests:/home/ishaan/eboat_src/ros_ws/install/canopen_ros2_controllers:/home/ishaan/eboat_src/ros_ws/install/canopen_ros2_control:/home/ishaan/eboat_src/ros_ws/install/canopen:/home/ishaan/eboat_src/ros_ws/install/canopen_402_driver:/home/ishaan/eboat_src/ros_ws/install/canopen_proxy_driver:/home/ishaan/eboat_src/ros_ws/install/canopen_master_driver:/home/ishaan/eboat_src/ros_ws/install/canopen_fake_slaves:/home/ishaan/eboat_src/ros_ws/install/canopen_base_driver:/home/ishaan/eboat_src/ros_ws/install/canopen_core:/home/ishaan/eboat_src/ros_ws/install/lely_core_libraries:/home/ishaan/eboat_src/ros_ws/install/canopen_interfaces:/home/ishaan/eboat_src/ros_ws/install/boat_data_interfaces:/opt/ros/kilted/opt/sdformat_vendor:/opt/ros/kilted/opt/gz_math_vendor:/opt/ros/kilted/opt/gz_utils_vendor:/opt/ros/kilted/opt/gz_tools_vendor:/opt/ros/kilted/opt/gz_cmake_vendor:/home/ishaan/eboat_src/ros_ws/install/shore_comms:/home/ishaan/eboat_src/ros_ws/install/motor_node_test:/home/ishaan/eboat_src/ros_ws/install/motor_node:/home/ishaan/eboat_src/ros_ws/install/motion_node_test:/home/ishaan/eboat_src/ros_ws/install/motion_node:/home/ishaan/eboat_src/ros_ws/install/electrical_node_test:/home/ishaan/eboat_src/ros_ws/install/electrical_node:/home/ishaan/eboat_src/ros_ws/install/canopen_utils:/home/ishaan/eboat_src/ros_ws/install/alarms_watchdog_node:/home/ishaan/eboat_src/ros_ws/install/GPIO_Test:/opt/ros/kilted LD_LIBRARY_PATH=/home/ishaan/eboat_src/install/canopen_core/lib:/home/ishaan/eboat_src/install/lely_core_libraries/lib:/home/ishaan/eboat_src/install/canopen_interfaces/lib:${LD_LIBRARY_PATH} PATH=/home/ishaan/eboat_src/install/lely_core_libraries/bin:${PATH} PYTHONPATH=/home/ishaan/eboat_src/install/lely_core_libraries/lib/python3.12/site-packages:/home/ishaan/eboat_src/install/canopen_interfaces/lib/python3.12/site-packages:${PYTHONPATH} /usr/bin/cmake --install /home/ishaan/eboat_src/build/canopen_master_driver
