[1.553s] Invoking command in '/home/ishaan/eboat_src/ros_ws/src/examples/rclpy/guard_conditions': PYTHONPATH=/home/ishaan/eboat_src/build/examples_rclpy_guard_conditions/prefix_override:/usr/lib/python3/dist-packages/colcon_core/task/python/colcon_distutils_commands:/home/ishaan/eboat_src/install/examples_rclpy_guard_conditions/lib/python3.12/site-packages:${PYTHONPATH} /usr/bin/python3 -W ignore:setup.py install is deprecated -W ignore:easy_install command is deprecated setup.py egg_info --egg-base ../../../../../build/examples_rclpy_guard_conditions build --build-base /home/ishaan/eboat_src/build/examples_rclpy_guard_conditions/build install --record /home/ishaan/eboat_src/build/examples_rclpy_guard_conditions/install.log --single-version-externally-managed install_data
[4.850s] running egg_info
[4.851s] creating ../../../../../build/examples_rclpy_guard_conditions/examples_rclpy_guard_conditions.egg-info
[4.851s] writing ../../../../../build/examples_rclpy_guard_conditions/examples_rclpy_guard_conditions.egg-info/PKG-INFO
[4.851s] writing dependency_links to ../../../../../build/examples_rclpy_guard_conditions/examples_rclpy_guard_conditions.egg-info/dependency_links.txt
[4.851s] writing entry points to ../../../../../build/examples_rclpy_guard_conditions/examples_rclpy_guard_conditions.egg-info/entry_points.txt
[4.851s] writing requirements to ../../../../../build/examples_rclpy_guard_conditions/examples_rclpy_guard_conditions.egg-info/requires.txt
[4.851s] writing top-level names to ../../../../../build/examples_rclpy_guard_conditions/examples_rclpy_guard_conditions.egg-info/top_level.txt
[4.851s] writing manifest file '../../../../../build/examples_rclpy_guard_conditions/examples_rclpy_guard_conditions.egg-info/SOURCES.txt'
[4.851s] reading manifest file '../../../../../build/examples_rclpy_guard_conditions/examples_rclpy_guard_conditions.egg-info/SOURCES.txt'
[4.851s] writing manifest file '../../../../../build/examples_rclpy_guard_conditions/examples_rclpy_guard_conditions.egg-info/SOURCES.txt'
[4.851s] running build
[4.851s] running build_py
[4.851s] creating /home/ishaan/eboat_src/build/examples_rclpy_guard_conditions/build
[4.851s] creating /home/ishaan/eboat_src/build/examples_rclpy_guard_conditions/build/lib
[4.851s] creating /home/ishaan/eboat_src/build/examples_rclpy_guard_conditions/build/lib/examples_rclpy_guard_conditions
[4.851s] copying examples_rclpy_guard_conditions/trigger_guard_condition.py -> /home/ishaan/eboat_src/build/examples_rclpy_guard_conditions/build/lib/examples_rclpy_guard_conditions
[4.851s] copying examples_rclpy_guard_conditions/__init__.py -> /home/ishaan/eboat_src/build/examples_rclpy_guard_conditions/build/lib/examples_rclpy_guard_conditions
[4.851s] running install
[4.851s] running install_lib
[4.851s] creating /home/ishaan/eboat_src/install/examples_rclpy_guard_conditions/lib/python3.12/site-packages/examples_rclpy_guard_conditions
[4.851s] copying /home/ishaan/eboat_src/build/examples_rclpy_guard_conditions/build/lib/examples_rclpy_guard_conditions/trigger_guard_condition.py -> /home/ishaan/eboat_src/install/examples_rclpy_guard_conditions/lib/python3.12/site-packages/examples_rclpy_guard_conditions
[4.851s] copying /home/ishaan/eboat_src/build/examples_rclpy_guard_conditions/build/lib/examples_rclpy_guard_conditions/__init__.py -> /home/ishaan/eboat_src/install/examples_rclpy_guard_conditions/lib/python3.12/site-packages/examples_rclpy_guard_conditions
[4.851s] byte-compiling /home/ishaan/eboat_src/install/examples_rclpy_guard_conditions/lib/python3.12/site-packages/examples_rclpy_guard_conditions/trigger_guard_condition.py to trigger_guard_condition.cpython-312.pyc
[4.851s] byte-compiling /home/ishaan/eboat_src/install/examples_rclpy_guard_conditions/lib/python3.12/site-packages/examples_rclpy_guard_conditions/__init__.py to __init__.cpython-312.pyc
[4.852s] running install_data
[4.852s] creating /home/ishaan/eboat_src/install/examples_rclpy_guard_conditions/share/ament_index
[4.852s] creating /home/ishaan/eboat_src/install/examples_rclpy_guard_conditions/share/ament_index/resource_index
[4.852s] creating /home/ishaan/eboat_src/install/examples_rclpy_guard_conditions/share/ament_index/resource_index/packages
[4.852s] copying resource/examples_rclpy_guard_conditions -> /home/ishaan/eboat_src/install/examples_rclpy_guard_conditions/share/ament_index/resource_index/packages
[4.852s] copying package.xml -> /home/ishaan/eboat_src/install/examples_rclpy_guard_conditions/share/examples_rclpy_guard_conditions
[4.852s] running install_egg_info
[4.852s] Copying ../../../../../build/examples_rclpy_guard_conditions/examples_rclpy_guard_conditions.egg-info to /home/ishaan/eboat_src/install/examples_rclpy_guard_conditions/lib/python3.12/site-packages/examples_rclpy_guard_conditions-0.20.5-py3.12.egg-info
[4.852s] running install_scripts
[4.852s] Installing trigger_guard_condition script to /home/ishaan/eboat_src/install/examples_rclpy_guard_conditions/lib/examples_rclpy_guard_conditions
[4.852s] writing list of installed files to '/home/ishaan/eboat_src/build/examples_rclpy_guard_conditions/install.log'
[4.857s] Invoked command in '/home/ishaan/eboat_src/ros_ws/src/examples/rclpy/guard_conditions' returned '0': PYTHONPATH=/home/ishaan/eboat_src/build/examples_rclpy_guard_conditions/prefix_override:/usr/lib/python3/dist-packages/colcon_core/task/python/colcon_distutils_commands:/home/ishaan/eboat_src/install/examples_rclpy_guard_conditions/lib/python3.12/site-packages:${PYTHONPATH} /usr/bin/python3 -W ignore:setup.py install is deprecated -W ignore:easy_install command is deprecated setup.py egg_info --egg-base ../../../../../build/examples_rclpy_guard_conditions build --build-base /home/ishaan/eboat_src/build/examples_rclpy_guard_conditions/build install --record /home/ishaan/eboat_src/build/examples_rclpy_guard_conditions/install.log --single-version-externally-managed install_data
