-- The C compiler identification is GNU 13.3.0
-- The CXX compiler identification is GNU 13.3.0
-- Detecting C compiler ABI info
-- Detecting C compiler ABI info - done
-- Check for working C compiler: /usr/bin/cc - skipped
-- Detecting C compile features
-- Detecting C compile features - done
-- Detecting CXX compiler ABI info
-- Detecting CXX compiler ABI info - done
-- Check for working CXX compiler: /usr/bin/c++ - skipped
-- Detecting CXX compile features
-- Detecting CXX compile features - done
-- Found ament_cmake: 2.7.3 (/opt/ros/kilted/share/ament_cmake/cmake)
-- Found Python3: /usr/bin/python3 (found version "3.12.3") found components: Interpreter 
-- Found rosidl_default_generators: 1.7.1 (/opt/ros/kilted/share/rosidl_default_generators/cmake)
-- Using all available rosidl_typesupport_c: rosidl_typesupport_fastrtps_c;rosidl_typesupport_introspection_c
-- Using all available rosidl_typesupport_cpp: rosidl_typesupport_fastrtps_cpp;rosidl_typesupport_introspection_cpp
-- Found rosidl_adapter: 4.9.5 (/opt/ros/kilted/share/rosidl_adapter/cmake)
-- Found ament_cmake_ros_core: 0.14.3 (/opt/ros/kilted/share/ament_cmake_ros_core/cmake)
-- Using all available rosidl_typesupport_c: rosidl_typesupport_fastrtps_c;rosidl_typesupport_introspection_c
-- Using all available rosidl_typesupport_cpp: rosidl_typesupport_fastrtps_cpp;rosidl_typesupport_introspection_cpp
-- Found Python3: /usr/bin/python3 (found version "3.12.3") found components: Interpreter Development NumPy Development.Module Development.Embed 
-- Found ament_lint_auto: 0.19.2 (/opt/ros/kilted/share/ament_lint_auto/cmake)
-- Added test 'copyright' to check source files copyright and LICENSE
-- Added test 'lint_cmake' to check CMake code style
-- Added test 'xmllint' to check XML markup files
-- Configuring done (7.0s)
-- Generating done (0.0s)
-- Build files have been written to: /home/ishaan/eboat_src/build/canopen_interfaces
[  1%] [34m[1mGenerating type hashes for ROS interfaces[0m
[  1%] Built target ament_cmake_python_copy_canopen_interfaces
running egg_info
creating canopen_interfaces.egg-info
writing canopen_interfaces.egg-info/PKG-INFO
writing dependency_links to canopen_interfaces.egg-info/dependency_links.txt
writing top-level names to canopen_interfaces.egg-info/top_level.txt
writing manifest file 'canopen_interfaces.egg-info/SOURCES.txt'
reading manifest file 'canopen_interfaces.egg-info/SOURCES.txt'
writing manifest file 'canopen_interfaces.egg-info/SOURCES.txt'
[  1%] Built target ament_cmake_python_build_canopen_interfaces_egg
[  1%] Built target canopen_interfaces__rosidl_generator_type_description
[  2%] [34m[1mGenerating C code for ROS interfaces[0m
[  2%] [34m[1mGenerating C++ code for ROS interfaces[0m
[  2%] Built target canopen_interfaces__cpp
[  3%] [32mBuilding C object CMakeFiles/canopen_interfaces__rosidl_generator_c.dir/rosidl_generator_c/canopen_interfaces/srv/detail/co_heartbeat_id__description.c.o[0m
[  4%] [32mBuilding C object CMakeFiles/canopen_interfaces__rosidl_generator_c.dir/rosidl_generator_c/canopen_interfaces/srv/detail/co_heartbeat_id__functions.c.o[0m
[  4%] [32mBuilding C object CMakeFiles/canopen_interfaces__rosidl_generator_c.dir/rosidl_generator_c/canopen_interfaces/srv/detail/co_nmt_id__type_support.c.o[0m
[  6%] [32mBuilding C object CMakeFiles/canopen_interfaces__rosidl_generator_c.dir/rosidl_generator_c/canopen_interfaces/srv/detail/co_nmt_id__description.c.o[0m
[  6%] [32mBuilding C object CMakeFiles/canopen_interfaces__rosidl_generator_c.dir/rosidl_generator_c/canopen_interfaces/srv/detail/co_read__description.c.o[0m
[  7%] [32mBuilding C object CMakeFiles/canopen_interfaces__rosidl_generator_c.dir/rosidl_generator_c/canopen_interfaces/srv/detail/co_read_id__type_support.c.o[0m
[  8%] [32mBuilding C object CMakeFiles/canopen_interfaces__rosidl_generator_c.dir/rosidl_generator_c/canopen_interfaces/srv/detail/co_heartbeat_id__type_support.c.o[0m
[  9%] [32mBuilding C object CMakeFiles/canopen_interfaces__rosidl_generator_c.dir/rosidl_generator_c/canopen_interfaces/srv/detail/co_write__description.c.o[0m
[ 10%] [32mBuilding C object CMakeFiles/canopen_interfaces__rosidl_generator_c.dir/rosidl_generator_c/canopen_interfaces/srv/detail/co_nmt_id__functions.c.o[0m
[ 12%] [32mBuilding C object CMakeFiles/canopen_interfaces__rosidl_generator_c.dir/rosidl_generator_c/canopen_interfaces/srv/detail/co_read__functions.c.o[0m
[ 12%] [32mBuilding C object CMakeFiles/canopen_interfaces__rosidl_generator_c.dir/rosidl_generator_c/canopen_interfaces/srv/detail/co_read__type_support.c.o[0m
[ 13%] [32mBuilding C object CMakeFiles/canopen_interfaces__rosidl_generator_c.dir/rosidl_generator_c/canopen_interfaces/srv/detail/co_read_id__description.c.o[0m
[ 14%] [32mBuilding C object CMakeFiles/canopen_interfaces__rosidl_generator_c.dir/rosidl_generator_c/canopen_interfaces/srv/detail/co_read_id__functions.c.o[0m
[ 15%] [32mBuilding C object CMakeFiles/canopen_interfaces__rosidl_generator_c.dir/rosidl_generator_c/canopen_interfaces/srv/detail/co_write__functions.c.o[0m
[ 15%] [32mBuilding C object CMakeFiles/canopen_interfaces__rosidl_generator_c.dir/rosidl_generator_c/canopen_interfaces/srv/detail/co_write__type_support.c.o[0m
[ 16%] [32mBuilding C object CMakeFiles/canopen_interfaces__rosidl_generator_c.dir/rosidl_generator_c/canopen_interfaces/srv/detail/co_write_id__description.c.o[0m
[ 17%] [32mBuilding C object CMakeFiles/canopen_interfaces__rosidl_generator_c.dir/rosidl_generator_c/canopen_interfaces/srv/detail/co_write_id__type_support.c.o[0m
[ 18%] [32mBuilding C object CMakeFiles/canopen_interfaces__rosidl_generator_c.dir/rosidl_generator_c/canopen_interfaces/srv/detail/co_target_double__type_support.c.o[0m
[ 19%] [32mBuilding C object CMakeFiles/canopen_interfaces__rosidl_generator_c.dir/rosidl_generator_c/canopen_interfaces/srv/detail/co_write_id__functions.c.o[0m
[ 20%] [32mBuilding C object CMakeFiles/canopen_interfaces__rosidl_generator_c.dir/rosidl_generator_c/canopen_interfaces/srv/detail/co_node__functions.c.o[0m
[ 21%] [32mBuilding C object CMakeFiles/canopen_interfaces__rosidl_generator_c.dir/rosidl_generator_c/canopen_interfaces/srv/detail/co_node__description.c.o[0m
[ 21%] [32mBuilding C object CMakeFiles/canopen_interfaces__rosidl_generator_c.dir/rosidl_generator_c/canopen_interfaces/srv/detail/co_target_double__description.c.o[0m
[ 22%] [32mBuilding C object CMakeFiles/canopen_interfaces__rosidl_generator_c.dir/rosidl_generator_c/canopen_interfaces/srv/detail/co_target_double__functions.c.o[0m
[ 23%] [32mBuilding C object CMakeFiles/canopen_interfaces__rosidl_generator_c.dir/rosidl_generator_c/canopen_interfaces/srv/detail/co_node__type_support.c.o[0m
[ 24%] [32mBuilding C object CMakeFiles/canopen_interfaces__rosidl_generator_c.dir/rosidl_generator_c/canopen_interfaces/msg/detail/co_data__description.c.o[0m
[ 25%] [32mBuilding C object CMakeFiles/canopen_interfaces__rosidl_generator_c.dir/rosidl_generator_c/canopen_interfaces/msg/detail/co_data__functions.c.o[0m
[ 26%] [32mBuilding C object CMakeFiles/canopen_interfaces__rosidl_generator_c.dir/rosidl_generator_c/canopen_interfaces/msg/detail/co_data__type_support.c.o[0m
[ 27%] [32m[1mLinking C shared library libcanopen_interfaces__rosidl_generator_c.so[0m
[ 27%] Built target canopen_interfaces__rosidl_generator_c
[ 32%] [34m[1mGenerating C type support dispatch for ROS interfaces[0m
[ 32%] [34m[1mGenerating C type support for eProsima Fast-RTPS[0m
[ 32%] [34m[1mGenerating C++ type support for eProsima Fast-RTPS[0m
[ 32%] [34m[1mGenerating C++ type support dispatch for ROS interfaces[0m
[ 32%] [34m[1mGenerating C introspection for ROS interfaces[0m
[ 32%] [34m[1mGenerating C++ introspection for ROS interfaces[0m
[ 35%] [32mBuilding CXX object CMakeFiles/canopen_interfaces__rosidl_typesupport_c.dir/rosidl_typesupport_c/canopen_interfaces/srv/co_write__type_support.cpp.o[0m
[ 35%] [32mBuilding CXX object CMakeFiles/canopen_interfaces__rosidl_typesupport_c.dir/rosidl_typesupport_c/canopen_interfaces/srv/co_read__type_support.cpp.o[0m
[ 35%] [32mBuilding CXX object CMakeFiles/canopen_interfaces__rosidl_typesupport_cpp.dir/rosidl_typesupport_cpp/canopen_interfaces/srv/co_nmt_id__type_support.cpp.o[0m
[ 36%] [32mBuilding CXX object CMakeFiles/canopen_interfaces__rosidl_typesupport_c.dir/rosidl_typesupport_c/canopen_interfaces/srv/co_nmt_id__type_support.cpp.o[0m
[ 37%] [32mBuilding CXX object CMakeFiles/canopen_interfaces__rosidl_typesupport_cpp.dir/rosidl_typesupport_cpp/canopen_interfaces/srv/co_read_id__type_support.cpp.o[0m
[ 37%] [32mBuilding CXX object CMakeFiles/canopen_interfaces__rosidl_typesupport_cpp.dir/rosidl_typesupport_cpp/canopen_interfaces/srv/co_read__type_support.cpp.o[0m
[ 38%] [32mBuilding CXX object CMakeFiles/canopen_interfaces__rosidl_typesupport_cpp.dir/rosidl_typesupport_cpp/canopen_interfaces/srv/co_write__type_support.cpp.o[0m
[ 40%] [32mBuilding CXX object CMakeFiles/canopen_interfaces__rosidl_typesupport_c.dir/rosidl_typesupport_c/canopen_interfaces/srv/co_heartbeat_id__type_support.cpp.o[0m
[ 40%] [32mBuilding CXX object CMakeFiles/canopen_interfaces__rosidl_typesupport_c.dir/rosidl_typesupport_c/canopen_interfaces/srv/co_read_id__type_support.cpp.o[0m
[ 40%] [32mBuilding CXX object CMakeFiles/canopen_interfaces__rosidl_typesupport_c.dir/rosidl_typesupport_c/canopen_interfaces/srv/co_write_id__type_support.cpp.o[0m
[ 41%] [32mBuilding CXX object CMakeFiles/canopen_interfaces__rosidl_typesupport_cpp.dir/rosidl_typesupport_cpp/canopen_interfaces/srv/co_heartbeat_id__type_support.cpp.o[0m
[ 42%] [32mBuilding CXX object CMakeFiles/canopen_interfaces__rosidl_typesupport_cpp.dir/rosidl_typesupport_cpp/canopen_interfaces/srv/co_write_id__type_support.cpp.o[0m
[ 43%] [32mBuilding CXX object CMakeFiles/canopen_interfaces__rosidl_typesupport_cpp.dir/rosidl_typesupport_cpp/canopen_interfaces/srv/co_target_double__type_support.cpp.o[0m
[ 44%] [32mBuilding CXX object CMakeFiles/canopen_interfaces__rosidl_typesupport_c.dir/rosidl_typesupport_c/canopen_interfaces/srv/co_target_double__type_support.cpp.o[0m
[ 46%] [32mBuilding CXX object CMakeFiles/canopen_interfaces__rosidl_typesupport_c.dir/rosidl_typesupport_c/canopen_interfaces/srv/co_node__type_support.cpp.o[0m
[ 46%] [32mBuilding CXX object CMakeFiles/canopen_interfaces__rosidl_typesupport_cpp.dir/rosidl_typesupport_cpp/canopen_interfaces/srv/co_node__type_support.cpp.o[0m
[ 47%] [32mBuilding CXX object CMakeFiles/canopen_interfaces__rosidl_typesupport_c.dir/rosidl_typesupport_c/canopen_interfaces/msg/co_data__type_support.cpp.o[0m
[ 48%] [32mBuilding CXX object CMakeFiles/canopen_interfaces__rosidl_typesupport_cpp.dir/rosidl_typesupport_cpp/canopen_interfaces/msg/co_data__type_support.cpp.o[0m
[ 49%] [32m[1mLinking CXX shared library libcanopen_interfaces__rosidl_typesupport_c.so[0m
[ 51%] [32mBuilding CXX object CMakeFiles/canopen_interfaces__rosidl_typesupport_introspection_cpp.dir/rosidl_typesupport_introspection_cpp/canopen_interfaces/srv/detail/co_nmt_id__type_support.cpp.o[0m
[ 51%] [32mBuilding CXX object CMakeFiles/canopen_interfaces__rosidl_typesupport_introspection_cpp.dir/rosidl_typesupport_introspection_cpp/canopen_interfaces/srv/detail/co_heartbeat_id__type_support.cpp.o[0m
[ 52%] [32mBuilding CXX object CMakeFiles/canopen_interfaces__rosidl_typesupport_introspection_cpp.dir/rosidl_typesupport_introspection_cpp/canopen_interfaces/srv/detail/co_read__type_support.cpp.o[0m
[ 53%] [32mBuilding C object CMakeFiles/canopen_interfaces__rosidl_typesupport_introspection_c.dir/rosidl_typesupport_introspection_c/canopen_interfaces/srv/detail/co_heartbeat_id__type_support.c.o[0m
[ 54%] [32mBuilding CXX object CMakeFiles/canopen_interfaces__rosidl_typesupport_introspection_cpp.dir/rosidl_typesupport_introspection_cpp/canopen_interfaces/srv/detail/co_read_id__type_support.cpp.o[0m
[ 54%] Built target canopen_interfaces__rosidl_typesupport_c
[ 55%] [32mBuilding C object CMakeFiles/canopen_interfaces__rosidl_typesupport_introspection_c.dir/rosidl_typesupport_introspection_c/canopen_interfaces/srv/detail/co_nmt_id__type_support.c.o[0m
[ 55%] [32mBuilding C object CMakeFiles/canopen_interfaces__rosidl_typesupport_introspection_c.dir/rosidl_typesupport_introspection_c/canopen_interfaces/srv/detail/co_read__type_support.c.o[0m
[ 56%] [32mBuilding C object CMakeFiles/canopen_interfaces__rosidl_typesupport_introspection_c.dir/rosidl_typesupport_introspection_c/canopen_interfaces/srv/detail/co_read_id__type_support.c.o[0m
[ 57%] [32mBuilding CXX object CMakeFiles/canopen_interfaces__rosidl_typesupport_introspection_cpp.dir/rosidl_typesupport_introspection_cpp/canopen_interfaces/srv/detail/co_write__type_support.cpp.o[0m
[ 58%] [32mBuilding CXX object CMakeFiles/canopen_interfaces__rosidl_typesupport_introspection_cpp.dir/rosidl_typesupport_introspection_cpp/canopen_interfaces/srv/detail/co_write_id__type_support.cpp.o[0m
[ 59%] [32mBuilding CXX object CMakeFiles/canopen_interfaces__rosidl_typesupport_introspection_cpp.dir/rosidl_typesupport_introspection_cpp/canopen_interfaces/srv/detail/co_target_double__type_support.cpp.o[0m
[ 60%] [32mBuilding C object CMakeFiles/canopen_interfaces__rosidl_typesupport_introspection_c.dir/rosidl_typesupport_introspection_c/canopen_interfaces/srv/detail/co_write__type_support.c.o[0m
[ 61%] [32mBuilding C object CMakeFiles/canopen_interfaces__rosidl_typesupport_introspection_c.dir/rosidl_typesupport_introspection_c/canopen_interfaces/srv/detail/co_write_id__type_support.c.o[0m
[ 61%] [32mBuilding CXX object CMakeFiles/canopen_interfaces__rosidl_typesupport_introspection_cpp.dir/rosidl_typesupport_introspection_cpp/canopen_interfaces/srv/detail/co_node__type_support.cpp.o[0m
[ 62%] [32mBuilding C object CMakeFiles/canopen_interfaces__rosidl_typesupport_introspection_c.dir/rosidl_typesupport_introspection_c/canopen_interfaces/srv/detail/co_target_double__type_support.c.o[0m
[ 63%] [32mBuilding C object CMakeFiles/canopen_interfaces__rosidl_typesupport_introspection_c.dir/rosidl_typesupport_introspection_c/canopen_interfaces/srv/detail/co_node__type_support.c.o[0m
[ 64%] [32mBuilding CXX object CMakeFiles/canopen_interfaces__rosidl_typesupport_introspection_cpp.dir/rosidl_typesupport_introspection_cpp/canopen_interfaces/msg/detail/co_data__type_support.cpp.o[0m
[ 65%] [32mBuilding C object CMakeFiles/canopen_interfaces__rosidl_typesupport_introspection_c.dir/rosidl_typesupport_introspection_c/canopen_interfaces/msg/detail/co_data__type_support.c.o[0m
[ 65%] [32mBuilding CXX object CMakeFiles/canopen_interfaces__rosidl_typesupport_fastrtps_c.dir/rosidl_typesupport_fastrtps_c/canopen_interfaces/srv/detail/co_heartbeat_id__type_support_c.cpp.o[0m
[ 66%] [32m[1mLinking CXX shared library libcanopen_interfaces__rosidl_typesupport_cpp.so[0m
[ 67%] [32mBuilding CXX object CMakeFiles/canopen_interfaces__rosidl_typesupport_fastrtps_c.dir/rosidl_typesupport_fastrtps_c/canopen_interfaces/srv/detail/co_nmt_id__type_support_c.cpp.o[0m
[ 68%] [32mBuilding CXX object CMakeFiles/canopen_interfaces__rosidl_typesupport_fastrtps_c.dir/rosidl_typesupport_fastrtps_c/canopen_interfaces/srv/detail/co_read__type_support_c.cpp.o[0m
[ 69%] [32m[1mLinking C shared library libcanopen_interfaces__rosidl_typesupport_introspection_c.so[0m
[ 70%] [32mBuilding CXX object CMakeFiles/canopen_interfaces__rosidl_typesupport_fastrtps_c.dir/rosidl_typesupport_fastrtps_c/canopen_interfaces/srv/detail/co_read_id__type_support_c.cpp.o[0m
[ 71%] [32mBuilding CXX object CMakeFiles/canopen_interfaces__rosidl_typesupport_fastrtps_c.dir/rosidl_typesupport_fastrtps_c/canopen_interfaces/srv/detail/co_write__type_support_c.cpp.o[0m
[ 72%] [32mBuilding CXX object CMakeFiles/canopen_interfaces__rosidl_typesupport_fastrtps_cpp.dir/rosidl_typesupport_fastrtps_cpp/canopen_interfaces/srv/detail/dds_fastrtps/co_heartbeat_id__type_support.cpp.o[0m
[ 73%] [32mBuilding CXX object CMakeFiles/canopen_interfaces__rosidl_typesupport_fastrtps_c.dir/rosidl_typesupport_fastrtps_c/canopen_interfaces/srv/detail/co_write_id__type_support_c.cpp.o[0m
[ 74%] [32mBuilding CXX object CMakeFiles/canopen_interfaces__rosidl_typesupport_fastrtps_cpp.dir/rosidl_typesupport_fastrtps_cpp/canopen_interfaces/srv/detail/dds_fastrtps/co_nmt_id__type_support.cpp.o[0m
[ 75%] [32mBuilding CXX object CMakeFiles/canopen_interfaces__rosidl_typesupport_fastrtps_c.dir/rosidl_typesupport_fastrtps_c/canopen_interfaces/srv/detail/co_target_double__type_support_c.cpp.o[0m
[ 75%] [32mBuilding CXX object CMakeFiles/canopen_interfaces__rosidl_typesupport_fastrtps_c.dir/rosidl_typesupport_fastrtps_c/canopen_interfaces/msg/detail/co_data__type_support_c.cpp.o[0m
[ 76%] [32mBuilding CXX object CMakeFiles/canopen_interfaces__rosidl_typesupport_fastrtps_c.dir/rosidl_typesupport_fastrtps_c/canopen_interfaces/srv/detail/co_node__type_support_c.cpp.o[0m
[ 76%] Built target canopen_interfaces__rosidl_typesupport_introspection_c
[ 77%] [32mBuilding CXX object CMakeFiles/canopen_interfaces__rosidl_typesupport_fastrtps_cpp.dir/rosidl_typesupport_fastrtps_cpp/canopen_interfaces/srv/detail/dds_fastrtps/co_read__type_support.cpp.o[0m
[ 78%] [32mBuilding CXX object CMakeFiles/canopen_interfaces__rosidl_typesupport_fastrtps_cpp.dir/rosidl_typesupport_fastrtps_cpp/canopen_interfaces/srv/detail/dds_fastrtps/co_read_id__type_support.cpp.o[0m
[ 79%] [32mBuilding CXX object CMakeFiles/canopen_interfaces__rosidl_typesupport_fastrtps_cpp.dir/rosidl_typesupport_fastrtps_cpp/canopen_interfaces/srv/detail/dds_fastrtps/co_write__type_support.cpp.o[0m
[ 79%] Built target canopen_interfaces__rosidl_typesupport_cpp
[ 79%] [32mBuilding CXX object CMakeFiles/canopen_interfaces__rosidl_typesupport_fastrtps_cpp.dir/rosidl_typesupport_fastrtps_cpp/canopen_interfaces/srv/detail/dds_fastrtps/co_write_id__type_support.cpp.o[0m
[ 80%] [32m[1mLinking CXX shared library libcanopen_interfaces__rosidl_typesupport_introspection_cpp.so[0m
[ 81%] [32mBuilding CXX object CMakeFiles/canopen_interfaces__rosidl_typesupport_fastrtps_cpp.dir/rosidl_typesupport_fastrtps_cpp/canopen_interfaces/srv/detail/dds_fastrtps/co_target_double__type_support.cpp.o[0m
[ 82%] [32mBuilding CXX object CMakeFiles/canopen_interfaces__rosidl_typesupport_fastrtps_cpp.dir/rosidl_typesupport_fastrtps_cpp/canopen_interfaces/srv/detail/dds_fastrtps/co_node__type_support.cpp.o[0m
[ 83%] [32mBuilding CXX object CMakeFiles/canopen_interfaces__rosidl_typesupport_fastrtps_cpp.dir/rosidl_typesupport_fastrtps_cpp/canopen_interfaces/msg/detail/dds_fastrtps/co_data__type_support.cpp.o[0m
[ 83%] Built target canopen_interfaces__rosidl_typesupport_introspection_cpp
[ 84%] [32m[1mLinking CXX shared library libcanopen_interfaces__rosidl_typesupport_fastrtps_c.so[0m
[ 84%] Built target canopen_interfaces__rosidl_typesupport_fastrtps_c
[ 85%] [32m[1mLinking CXX shared library libcanopen_interfaces__rosidl_typesupport_fastrtps_cpp.so[0m
[ 85%] Built target canopen_interfaces__rosidl_typesupport_fastrtps_cpp
[ 85%] Built target canopen_interfaces
[ 86%] [34m[1mGenerating Python code for ROS interfaces[0m
[ 86%] Built target canopen_interfaces__py
[ 88%] [32mBuilding C object CMakeFiles/canopen_interfaces__rosidl_generator_py.dir/rosidl_generator_py/canopen_interfaces/srv/_co_read_id_s.c.o[0m
[ 88%] [32mBuilding C object CMakeFiles/canopen_interfaces__rosidl_generator_py.dir/rosidl_generator_py/canopen_interfaces/srv/_co_nmt_id_s.c.o[0m
[ 88%] [32mBuilding C object CMakeFiles/canopen_interfaces__rosidl_generator_py.dir/rosidl_generator_py/canopen_interfaces/srv/_co_write_id_s.c.o[0m
[ 89%] [32mBuilding C object CMakeFiles/canopen_interfaces__rosidl_generator_py.dir/rosidl_generator_py/canopen_interfaces/srv/_co_heartbeat_id_s.c.o[0m
[ 90%] [32mBuilding C object CMakeFiles/canopen_interfaces__rosidl_generator_py.dir/rosidl_generator_py/canopen_interfaces/srv/_co_write_s.c.o[0m
[ 91%] [32mBuilding C object CMakeFiles/canopen_interfaces__rosidl_generator_py.dir/rosidl_generator_py/canopen_interfaces/srv/_co_read_s.c.o[0m
[ 92%] [32mBuilding C object CMakeFiles/canopen_interfaces__rosidl_generator_py.dir/rosidl_generator_py/canopen_interfaces/msg/_co_data_s.c.o[0m
[ 94%] [32mBuilding C object CMakeFiles/canopen_interfaces__rosidl_generator_py.dir/rosidl_generator_py/canopen_interfaces/srv/_co_target_double_s.c.o[0m
[ 94%] [32mBuilding C object CMakeFiles/canopen_interfaces__rosidl_generator_py.dir/rosidl_generator_py/canopen_interfaces/srv/_co_node_s.c.o[0m
[ 94%] [32m[1mLinking C shared library libcanopen_interfaces__rosidl_generator_py.so[0m
[ 94%] Built target canopen_interfaces__rosidl_generator_py
[ 96%] [32mBuilding C object CMakeFiles/canopen_interfaces_s__rosidl_typesupport_introspection_c.dir/rosidl_generator_py/canopen_interfaces/_canopen_interfaces_s.ep.rosidl_typesupport_introspection_c.c.o[0m
[ 96%] [32mBuilding C object CMakeFiles/canopen_interfaces_s__rosidl_typesupport_c.dir/rosidl_generator_py/canopen_interfaces/_canopen_interfaces_s.ep.rosidl_typesupport_c.c.o[0m
[ 97%] [32mBuilding C object CMakeFiles/canopen_interfaces_s__rosidl_typesupport_fastrtps_c.dir/rosidl_generator_py/canopen_interfaces/_canopen_interfaces_s.ep.rosidl_typesupport_fastrtps_c.c.o[0m
[ 99%] [32m[1mLinking C shared module rosidl_generator_py/canopen_interfaces/canopen_interfaces_s__rosidl_typesupport_c.so[0m
[ 99%] [32m[1mLinking C shared module rosidl_generator_py/canopen_interfaces/canopen_interfaces_s__rosidl_typesupport_introspection_c.so[0m
[100%] [32m[1mLinking C shared module rosidl_generator_py/canopen_interfaces/canopen_interfaces_s__rosidl_typesupport_fastrtps_c.so[0m
[100%] Built target canopen_interfaces_s__rosidl_typesupport_c
[100%] Built target canopen_interfaces_s__rosidl_typesupport_fastrtps_c
[100%] Built target canopen_interfaces_s__rosidl_typesupport_introspection_c
-- Install configuration: ""
-- Installing: /home/ishaan/eboat_src/install/canopen_interfaces/share/ament_index/resource_index/rosidl_interfaces/canopen_interfaces
-- Installing: /home/ishaan/eboat_src/install/canopen_interfaces/share/canopen_interfaces/srv/COHeartbeatID.json
-- Installing: /home/ishaan/eboat_src/install/canopen_interfaces/share/canopen_interfaces/srv/CONmtID.json
-- Installing: /home/ishaan/eboat_src/install/canopen_interfaces/share/canopen_interfaces/srv/CORead.json
-- Installing: /home/ishaan/eboat_src/install/canopen_interfaces/share/canopen_interfaces/srv/COReadID.json
-- Installing: /home/ishaan/eboat_src/install/canopen_interfaces/share/canopen_interfaces/srv/COWrite.json
-- Installing: /home/ishaan/eboat_src/install/canopen_interfaces/share/canopen_interfaces/srv/COWriteID.json
-- Installing: /home/ishaan/eboat_src/install/canopen_interfaces/share/canopen_interfaces/srv/COTargetDouble.json
-- Installing: /home/ishaan/eboat_src/install/canopen_interfaces/share/canopen_interfaces/srv/CONode.json
-- Installing: /home/ishaan/eboat_src/install/canopen_interfaces/share/canopen_interfaces/msg/COData.json
-- Up-to-date: /home/ishaan/eboat_src/install/canopen_interfaces/include/canopen_interfaces/canopen_interfaces
-- Up-to-date: /home/ishaan/eboat_src/install/canopen_interfaces/include/canopen_interfaces/canopen_interfaces/srv
-- Installing: /home/ishaan/eboat_src/install/canopen_interfaces/include/canopen_interfaces/canopen_interfaces/srv/co_nmt_id.h
-- Installing: /home/ishaan/eboat_src/install/canopen_interfaces/include/canopen_interfaces/canopen_interfaces/srv/co_node.h
-- Up-to-date: /home/ishaan/eboat_src/install/canopen_interfaces/include/canopen_interfaces/canopen_interfaces/srv/detail
-- Installing: /home/ishaan/eboat_src/install/canopen_interfaces/include/canopen_interfaces/canopen_interfaces/srv/detail/co_nmt_id__description.c
-- Installing: /home/ishaan/eboat_src/install/canopen_interfaces/include/canopen_interfaces/canopen_interfaces/srv/detail/co_write__description.c
-- Installing: /home/ishaan/eboat_src/install/canopen_interfaces/include/canopen_interfaces/canopen_interfaces/srv/detail/co_write__type_support.h
-- Installing: /home/ishaan/eboat_src/install/canopen_interfaces/include/canopen_interfaces/canopen_interfaces/srv/detail/co_read_id__type_support.h
-- Installing: /home/ishaan/eboat_src/install/canopen_interfaces/include/canopen_interfaces/canopen_interfaces/srv/detail/co_node__struct.h
-- Installing: /home/ishaan/eboat_src/install/canopen_interfaces/include/canopen_interfaces/canopen_interfaces/srv/detail/co_nmt_id__functions.c
-- Installing: /home/ishaan/eboat_src/install/canopen_interfaces/include/canopen_interfaces/canopen_interfaces/srv/detail/co_write__functions.h
-- Installing: /home/ishaan/eboat_src/install/canopen_interfaces/include/canopen_interfaces/canopen_interfaces/srv/detail/co_target_double__struct.h
-- Installing: /home/ishaan/eboat_src/install/canopen_interfaces/include/canopen_interfaces/canopen_interfaces/srv/detail/co_target_double__description.c
-- Installing: /home/ishaan/eboat_src/install/canopen_interfaces/include/canopen_interfaces/canopen_interfaces/srv/detail/co_read__type_support.c
-- Installing: /home/ishaan/eboat_src/install/canopen_interfaces/include/canopen_interfaces/canopen_interfaces/srv/detail/co_heartbeat_id__functions.c
-- Installing: /home/ishaan/eboat_src/install/canopen_interfaces/include/canopen_interfaces/canopen_interfaces/srv/detail/co_target_double__functions.c
-- Installing: /home/ishaan/eboat_src/install/canopen_interfaces/include/canopen_interfaces/canopen_interfaces/srv/detail/co_read__functions.c
-- Installing: /home/ishaan/eboat_src/install/canopen_interfaces/include/canopen_interfaces/canopen_interfaces/srv/detail/co_write_id__type_support.c
-- Installing: /home/ishaan/eboat_src/install/canopen_interfaces/include/canopen_interfaces/canopen_interfaces/srv/detail/co_write__struct.h
-- Installing: /home/ishaan/eboat_src/install/canopen_interfaces/include/canopen_interfaces/canopen_interfaces/srv/detail/co_read_id__struct.h
-- Installing: /home/ishaan/eboat_src/install/canopen_interfaces/include/canopen_interfaces/canopen_interfaces/srv/detail/co_read_id__type_support.c
-- Installing: /home/ishaan/eboat_src/install/canopen_interfaces/include/canopen_interfaces/canopen_interfaces/srv/detail/co_read_id__functions.h
-- Installing: /home/ishaan/eboat_src/install/canopen_interfaces/include/canopen_interfaces/canopen_interfaces/srv/detail/co_read_id__functions.c
-- Installing: /home/ishaan/eboat_src/install/canopen_interfaces/include/canopen_interfaces/canopen_interfaces/srv/detail/co_node__type_support.c
-- Installing: /home/ishaan/eboat_src/install/canopen_interfaces/include/canopen_interfaces/canopen_interfaces/srv/detail/co_write_id__functions.c
-- Installing: /home/ishaan/eboat_src/install/canopen_interfaces/include/canopen_interfaces/canopen_interfaces/srv/detail/co_write_id__struct.h
-- Installing: /home/ishaan/eboat_src/install/canopen_interfaces/include/canopen_interfaces/canopen_interfaces/srv/detail/co_nmt_id__type_support.h
-- Installing: /home/ishaan/eboat_src/install/canopen_interfaces/include/canopen_interfaces/canopen_interfaces/srv/detail/co_write_id__description.c
-- Installing: /home/ishaan/eboat_src/install/canopen_interfaces/include/canopen_interfaces/canopen_interfaces/srv/detail/co_node__functions.c
-- Installing: /home/ishaan/eboat_src/install/canopen_interfaces/include/canopen_interfaces/canopen_interfaces/srv/detail/co_write__type_support.c
-- Installing: /home/ishaan/eboat_src/install/canopen_interfaces/include/canopen_interfaces/canopen_interfaces/srv/detail/co_node__functions.h
-- Installing: /home/ishaan/eboat_src/install/canopen_interfaces/include/canopen_interfaces/canopen_interfaces/srv/detail/co_target_double__functions.h
-- Installing: /home/ishaan/eboat_src/install/canopen_interfaces/include/canopen_interfaces/canopen_interfaces/srv/detail/co_read__type_support.h
-- Installing: /home/ishaan/eboat_src/install/canopen_interfaces/include/canopen_interfaces/canopen_interfaces/srv/detail/co_read__functions.h
-- Installing: /home/ishaan/eboat_src/install/canopen_interfaces/include/canopen_interfaces/canopen_interfaces/srv/detail/co_heartbeat_id__struct.h
-- Installing: /home/ishaan/eboat_src/install/canopen_interfaces/include/canopen_interfaces/canopen_interfaces/srv/detail/co_heartbeat_id__functions.h
-- Installing: /home/ishaan/eboat_src/install/canopen_interfaces/include/canopen_interfaces/canopen_interfaces/srv/detail/co_nmt_id__functions.h
-- Installing: /home/ishaan/eboat_src/install/canopen_interfaces/include/canopen_interfaces/canopen_interfaces/srv/detail/co_heartbeat_id__type_support.c
-- Installing: /home/ishaan/eboat_src/install/canopen_interfaces/include/canopen_interfaces/canopen_interfaces/srv/detail/co_read_id__description.c
-- Installing: /home/ishaan/eboat_src/install/canopen_interfaces/include/canopen_interfaces/canopen_interfaces/srv/detail/co_target_double__type_support.c
-- Installing: /home/ishaan/eboat_src/install/canopen_interfaces/include/canopen_interfaces/canopen_interfaces/srv/detail/co_nmt_id__struct.h
-- Installing: /home/ishaan/eboat_src/install/canopen_interfaces/include/canopen_interfaces/canopen_interfaces/srv/detail/co_node__description.c
-- Installing: /home/ishaan/eboat_src/install/canopen_interfaces/include/canopen_interfaces/canopen_interfaces/srv/detail/co_target_double__type_support.h
-- Installing: /home/ishaan/eboat_src/install/canopen_interfaces/include/canopen_interfaces/canopen_interfaces/srv/detail/co_read__struct.h
-- Installing: /home/ishaan/eboat_src/install/canopen_interfaces/include/canopen_interfaces/canopen_interfaces/srv/detail/co_write_id__type_support.h
-- Installing: /home/ishaan/eboat_src/install/canopen_interfaces/include/canopen_interfaces/canopen_interfaces/srv/detail/co_read__description.c
-- Installing: /home/ishaan/eboat_src/install/canopen_interfaces/include/canopen_interfaces/canopen_interfaces/srv/detail/co_write_id__functions.h
-- Installing: /home/ishaan/eboat_src/install/canopen_interfaces/include/canopen_interfaces/canopen_interfaces/srv/detail/co_nmt_id__type_support.c
-- Installing: /home/ishaan/eboat_src/install/canopen_interfaces/include/canopen_interfaces/canopen_interfaces/srv/detail/co_heartbeat_id__type_support.h
-- Installing: /home/ishaan/eboat_src/install/canopen_interfaces/include/canopen_interfaces/canopen_interfaces/srv/detail/co_write__functions.c
-- Installing: /home/ishaan/eboat_src/install/canopen_interfaces/include/canopen_interfaces/canopen_interfaces/srv/detail/co_heartbeat_id__description.c
-- Installing: /home/ishaan/eboat_src/install/canopen_interfaces/include/canopen_interfaces/canopen_interfaces/srv/detail/co_node__type_support.h
-- Installing: /home/ishaan/eboat_src/install/canopen_interfaces/include/canopen_interfaces/canopen_interfaces/srv/co_target_double.h
-- Installing: /home/ishaan/eboat_src/install/canopen_interfaces/include/canopen_interfaces/canopen_interfaces/srv/co_write_id.h
-- Installing: /home/ishaan/eboat_src/install/canopen_interfaces/include/canopen_interfaces/canopen_interfaces/srv/co_read_id.h
-- Installing: /home/ishaan/eboat_src/install/canopen_interfaces/include/canopen_interfaces/canopen_interfaces/srv/co_read.h
-- Installing: /home/ishaan/eboat_src/install/canopen_interfaces/include/canopen_interfaces/canopen_interfaces/srv/co_heartbeat_id.h
-- Installing: /home/ishaan/eboat_src/install/canopen_interfaces/include/canopen_interfaces/canopen_interfaces/srv/co_write.h
-- Up-to-date: /home/ishaan/eboat_src/install/canopen_interfaces/include/canopen_interfaces/canopen_interfaces/msg
-- Up-to-date: /home/ishaan/eboat_src/install/canopen_interfaces/include/canopen_interfaces/canopen_interfaces/msg/detail
-- Installing: /home/ishaan/eboat_src/install/canopen_interfaces/include/canopen_interfaces/canopen_interfaces/msg/detail/co_data__type_support.h
-- Installing: /home/ishaan/eboat_src/install/canopen_interfaces/include/canopen_interfaces/canopen_interfaces/msg/detail/co_data__struct.h
-- Installing: /home/ishaan/eboat_src/install/canopen_interfaces/include/canopen_interfaces/canopen_interfaces/msg/detail/co_data__type_support.c
-- Installing: /home/ishaan/eboat_src/install/canopen_interfaces/include/canopen_interfaces/canopen_interfaces/msg/detail/co_data__functions.h
-- Installing: /home/ishaan/eboat_src/install/canopen_interfaces/include/canopen_interfaces/canopen_interfaces/msg/detail/co_data__description.c
-- Installing: /home/ishaan/eboat_src/install/canopen_interfaces/include/canopen_interfaces/canopen_interfaces/msg/detail/co_data__functions.c
-- Installing: /home/ishaan/eboat_src/install/canopen_interfaces/include/canopen_interfaces/canopen_interfaces/msg/co_data.h
-- Installing: /home/ishaan/eboat_src/install/canopen_interfaces/include/canopen_interfaces/canopen_interfaces/msg/rosidl_generator_c__visibility_control.h
-- Installing: /home/ishaan/eboat_src/install/canopen_interfaces/share/canopen_interfaces/environment/library_path.sh
-- Installing: /home/ishaan/eboat_src/install/canopen_interfaces/share/canopen_interfaces/environment/library_path.dsv
-- Installing: /home/ishaan/eboat_src/install/canopen_interfaces/lib/libcanopen_interfaces__rosidl_generator_c.so
-- Set non-toolchain portion of runtime path of "/home/ishaan/eboat_src/install/canopen_interfaces/lib/libcanopen_interfaces__rosidl_generator_c.so" to ""
-- Up-to-date: /home/ishaan/eboat_src/install/canopen_interfaces/include/canopen_interfaces/canopen_interfaces
-- Up-to-date: /home/ishaan/eboat_src/install/canopen_interfaces/include/canopen_interfaces/canopen_interfaces/srv
-- Up-to-date: /home/ishaan/eboat_src/install/canopen_interfaces/include/canopen_interfaces/canopen_interfaces/srv/detail
-- Installing: /home/ishaan/eboat_src/install/canopen_interfaces/include/canopen_interfaces/canopen_interfaces/srv/detail/co_nmt_id__rosidl_typesupport_fastrtps_c.h
-- Installing: /home/ishaan/eboat_src/install/canopen_interfaces/include/canopen_interfaces/canopen_interfaces/srv/detail/co_heartbeat_id__rosidl_typesupport_fastrtps_c.h
-- Installing: /home/ishaan/eboat_src/install/canopen_interfaces/include/canopen_interfaces/canopen_interfaces/srv/detail/co_node__rosidl_typesupport_fastrtps_c.h
-- Installing: /home/ishaan/eboat_src/install/canopen_interfaces/include/canopen_interfaces/canopen_interfaces/srv/detail/co_read_id__rosidl_typesupport_fastrtps_c.h
-- Installing: /home/ishaan/eboat_src/install/canopen_interfaces/include/canopen_interfaces/canopen_interfaces/srv/detail/co_write__rosidl_typesupport_fastrtps_c.h
-- Installing: /home/ishaan/eboat_src/install/canopen_interfaces/include/canopen_interfaces/canopen_interfaces/srv/detail/co_read__rosidl_typesupport_fastrtps_c.h
-- Installing: /home/ishaan/eboat_src/install/canopen_interfaces/include/canopen_interfaces/canopen_interfaces/srv/detail/co_target_double__rosidl_typesupport_fastrtps_c.h
-- Installing: /home/ishaan/eboat_src/install/canopen_interfaces/include/canopen_interfaces/canopen_interfaces/srv/detail/co_write_id__rosidl_typesupport_fastrtps_c.h
-- Up-to-date: /home/ishaan/eboat_src/install/canopen_interfaces/include/canopen_interfaces/canopen_interfaces/msg
-- Installing: /home/ishaan/eboat_src/install/canopen_interfaces/include/canopen_interfaces/canopen_interfaces/msg/rosidl_typesupport_fastrtps_c__visibility_control.h
-- Up-to-date: /home/ishaan/eboat_src/install/canopen_interfaces/include/canopen_interfaces/canopen_interfaces/msg/detail
-- Installing: /home/ishaan/eboat_src/install/canopen_interfaces/include/canopen_interfaces/canopen_interfaces/msg/detail/co_data__rosidl_typesupport_fastrtps_c.h
-- Installing: /home/ishaan/eboat_src/install/canopen_interfaces/lib/libcanopen_interfaces__rosidl_typesupport_fastrtps_c.so
-- Set non-toolchain portion of runtime path of "/home/ishaan/eboat_src/install/canopen_interfaces/lib/libcanopen_interfaces__rosidl_typesupport_fastrtps_c.so" to ""
-- Up-to-date: /home/ishaan/eboat_src/install/canopen_interfaces/include/canopen_interfaces/canopen_interfaces
-- Up-to-date: /home/ishaan/eboat_src/install/canopen_interfaces/include/canopen_interfaces/canopen_interfaces/srv
-- Up-to-date: /home/ishaan/eboat_src/install/canopen_interfaces/include/canopen_interfaces/canopen_interfaces/srv/detail
-- Installing: /home/ishaan/eboat_src/install/canopen_interfaces/include/canopen_interfaces/canopen_interfaces/srv/detail/co_write_id__rosidl_typesupport_introspection_c.h
-- Installing: /home/ishaan/eboat_src/install/canopen_interfaces/include/canopen_interfaces/canopen_interfaces/srv/detail/co_read__type_support.c
-- Installing: /home/ishaan/eboat_src/install/canopen_interfaces/include/canopen_interfaces/canopen_interfaces/srv/detail/co_write_id__type_support.c
-- Installing: /home/ishaan/eboat_src/install/canopen_interfaces/include/canopen_interfaces/canopen_interfaces/srv/detail/co_read_id__rosidl_typesupport_introspection_c.h
-- Installing: /home/ishaan/eboat_src/install/canopen_interfaces/include/canopen_interfaces/canopen_interfaces/srv/detail/co_read_id__type_support.c
-- Installing: /home/ishaan/eboat_src/install/canopen_interfaces/include/canopen_interfaces/canopen_interfaces/srv/detail/co_nmt_id__rosidl_typesupport_introspection_c.h
-- Installing: /home/ishaan/eboat_src/install/canopen_interfaces/include/canopen_interfaces/canopen_interfaces/srv/detail/co_node__type_support.c
-- Installing: /home/ishaan/eboat_src/install/canopen_interfaces/include/canopen_interfaces/canopen_interfaces/srv/detail/co_read__rosidl_typesupport_introspection_c.h
-- Installing: /home/ishaan/eboat_src/install/canopen_interfaces/include/canopen_interfaces/canopen_interfaces/srv/detail/co_write__rosidl_typesupport_introspection_c.h
-- Installing: /home/ishaan/eboat_src/install/canopen_interfaces/include/canopen_interfaces/canopen_interfaces/srv/detail/co_write__type_support.c
-- Installing: /home/ishaan/eboat_src/install/canopen_interfaces/include/canopen_interfaces/canopen_interfaces/srv/detail/co_heartbeat_id__rosidl_typesupport_introspection_c.h
-- Installing: /home/ishaan/eboat_src/install/canopen_interfaces/include/canopen_interfaces/canopen_interfaces/srv/detail/co_node__rosidl_typesupport_introspection_c.h
-- Installing: /home/ishaan/eboat_src/install/canopen_interfaces/include/canopen_interfaces/canopen_interfaces/srv/detail/co_heartbeat_id__type_support.c
-- Installing: /home/ishaan/eboat_src/install/canopen_interfaces/include/canopen_interfaces/canopen_interfaces/srv/detail/co_target_double__rosidl_typesupport_introspection_c.h
-- Installing: /home/ishaan/eboat_src/install/canopen_interfaces/include/canopen_interfaces/canopen_interfaces/srv/detail/co_target_double__type_support.c
-- Installing: /home/ishaan/eboat_src/install/canopen_interfaces/include/canopen_interfaces/canopen_interfaces/srv/detail/co_nmt_id__type_support.c
-- Up-to-date: /home/ishaan/eboat_src/install/canopen_interfaces/include/canopen_interfaces/canopen_interfaces/msg
-- Installing: /home/ishaan/eboat_src/install/canopen_interfaces/include/canopen_interfaces/canopen_interfaces/msg/rosidl_typesupport_introspection_c__visibility_control.h
-- Up-to-date: /home/ishaan/eboat_src/install/canopen_interfaces/include/canopen_interfaces/canopen_interfaces/msg/detail
-- Installing: /home/ishaan/eboat_src/install/canopen_interfaces/include/canopen_interfaces/canopen_interfaces/msg/detail/co_data__type_support.c
-- Installing: /home/ishaan/eboat_src/install/canopen_interfaces/include/canopen_interfaces/canopen_interfaces/msg/detail/co_data__rosidl_typesupport_introspection_c.h
-- Installing: /home/ishaan/eboat_src/install/canopen_interfaces/lib/libcanopen_interfaces__rosidl_typesupport_introspection_c.so
-- Set non-toolchain portion of runtime path of "/home/ishaan/eboat_src/install/canopen_interfaces/lib/libcanopen_interfaces__rosidl_typesupport_introspection_c.so" to ""
-- Installing: /home/ishaan/eboat_src/install/canopen_interfaces/lib/libcanopen_interfaces__rosidl_typesupport_c.so
-- Set non-toolchain portion of runtime path of "/home/ishaan/eboat_src/install/canopen_interfaces/lib/libcanopen_interfaces__rosidl_typesupport_c.so" to ""
-- Up-to-date: /home/ishaan/eboat_src/install/canopen_interfaces/include/canopen_interfaces/canopen_interfaces
-- Up-to-date: /home/ishaan/eboat_src/install/canopen_interfaces/include/canopen_interfaces/canopen_interfaces/srv
-- Installing: /home/ishaan/eboat_src/install/canopen_interfaces/include/canopen_interfaces/canopen_interfaces/srv/co_heartbeat_id.hpp
-- Up-to-date: /home/ishaan/eboat_src/install/canopen_interfaces/include/canopen_interfaces/canopen_interfaces/srv/detail
-- Installing: /home/ishaan/eboat_src/install/canopen_interfaces/include/canopen_interfaces/canopen_interfaces/srv/detail/co_heartbeat_id__type_support.hpp
-- Installing: /home/ishaan/eboat_src/install/canopen_interfaces/include/canopen_interfaces/canopen_interfaces/srv/detail/co_target_double__type_support.hpp
-- Installing: /home/ishaan/eboat_src/install/canopen_interfaces/include/canopen_interfaces/canopen_interfaces/srv/detail/co_read_id__struct.hpp
-- Installing: /home/ishaan/eboat_src/install/canopen_interfaces/include/canopen_interfaces/canopen_interfaces/srv/detail/co_nmt_id__traits.hpp
-- Installing: /home/ishaan/eboat_src/install/canopen_interfaces/include/canopen_interfaces/canopen_interfaces/srv/detail/co_write_id__struct.hpp
-- Installing: /home/ishaan/eboat_src/install/canopen_interfaces/include/canopen_interfaces/canopen_interfaces/srv/detail/co_read__type_support.hpp
-- Installing: /home/ishaan/eboat_src/install/canopen_interfaces/include/canopen_interfaces/canopen_interfaces/srv/detail/co_read__builder.hpp
-- Installing: /home/ishaan/eboat_src/install/canopen_interfaces/include/canopen_interfaces/canopen_interfaces/srv/detail/co_read_id__builder.hpp
-- Installing: /home/ishaan/eboat_src/install/canopen_interfaces/include/canopen_interfaces/canopen_interfaces/srv/detail/co_read__traits.hpp
-- Installing: /home/ishaan/eboat_src/install/canopen_interfaces/include/canopen_interfaces/canopen_interfaces/srv/detail/co_read_id__traits.hpp
-- Installing: /home/ishaan/eboat_src/install/canopen_interfaces/include/canopen_interfaces/canopen_interfaces/srv/detail/co_write_id__builder.hpp
-- Installing: /home/ishaan/eboat_src/install/canopen_interfaces/include/canopen_interfaces/canopen_interfaces/srv/detail/co_node__traits.hpp
-- Installing: /home/ishaan/eboat_src/install/canopen_interfaces/include/canopen_interfaces/canopen_interfaces/srv/detail/co_write__traits.hpp
-- Installing: /home/ishaan/eboat_src/install/canopen_interfaces/include/canopen_interfaces/canopen_interfaces/srv/detail/co_write__builder.hpp
-- Installing: /home/ishaan/eboat_src/install/canopen_interfaces/include/canopen_interfaces/canopen_interfaces/srv/detail/co_target_double__traits.hpp
-- Installing: /home/ishaan/eboat_src/install/canopen_interfaces/include/canopen_interfaces/canopen_interfaces/srv/detail/co_write__type_support.hpp
-- Installing: /home/ishaan/eboat_src/install/canopen_interfaces/include/canopen_interfaces/canopen_interfaces/srv/detail/co_write__struct.hpp
-- Installing: /home/ishaan/eboat_src/install/canopen_interfaces/include/canopen_interfaces/canopen_interfaces/srv/detail/co_nmt_id__type_support.hpp
-- Installing: /home/ishaan/eboat_src/install/canopen_interfaces/include/canopen_interfaces/canopen_interfaces/srv/detail/co_node__type_support.hpp
-- Installing: /home/ishaan/eboat_src/install/canopen_interfaces/include/canopen_interfaces/canopen_interfaces/srv/detail/co_write_id__traits.hpp
-- Installing: /home/ishaan/eboat_src/install/canopen_interfaces/include/canopen_interfaces/canopen_interfaces/srv/detail/co_read__struct.hpp
-- Installing: /home/ishaan/eboat_src/install/canopen_interfaces/include/canopen_interfaces/canopen_interfaces/srv/detail/co_nmt_id__struct.hpp
-- Installing: /home/ishaan/eboat_src/install/canopen_interfaces/include/canopen_interfaces/canopen_interfaces/srv/detail/co_write_id__type_support.hpp
-- Installing: /home/ishaan/eboat_src/install/canopen_interfaces/include/canopen_interfaces/canopen_interfaces/srv/detail/co_target_double__builder.hpp
-- Installing: /home/ishaan/eboat_src/install/canopen_interfaces/include/canopen_interfaces/canopen_interfaces/srv/detail/co_node__builder.hpp
-- Installing: /home/ishaan/eboat_src/install/canopen_interfaces/include/canopen_interfaces/canopen_interfaces/srv/detail/co_node__struct.hpp
-- Installing: /home/ishaan/eboat_src/install/canopen_interfaces/include/canopen_interfaces/canopen_interfaces/srv/detail/co_heartbeat_id__builder.hpp
-- Installing: /home/ishaan/eboat_src/install/canopen_interfaces/include/canopen_interfaces/canopen_interfaces/srv/detail/co_heartbeat_id__struct.hpp
-- Installing: /home/ishaan/eboat_src/install/canopen_interfaces/include/canopen_interfaces/canopen_interfaces/srv/detail/co_read_id__type_support.hpp
-- Installing: /home/ishaan/eboat_src/install/canopen_interfaces/include/canopen_interfaces/canopen_interfaces/srv/detail/co_nmt_id__builder.hpp
-- Installing: /home/ishaan/eboat_src/install/canopen_interfaces/include/canopen_interfaces/canopen_interfaces/srv/detail/co_target_double__struct.hpp
-- Installing: /home/ishaan/eboat_src/install/canopen_interfaces/include/canopen_interfaces/canopen_interfaces/srv/detail/co_heartbeat_id__traits.hpp
-- Installing: /home/ishaan/eboat_src/install/canopen_interfaces/include/canopen_interfaces/canopen_interfaces/srv/co_target_double.hpp
-- Installing: /home/ishaan/eboat_src/install/canopen_interfaces/include/canopen_interfaces/canopen_interfaces/srv/co_read.hpp
-- Installing: /home/ishaan/eboat_src/install/canopen_interfaces/include/canopen_interfaces/canopen_interfaces/srv/co_node.hpp
-- Installing: /home/ishaan/eboat_src/install/canopen_interfaces/include/canopen_interfaces/canopen_interfaces/srv/co_read_id.hpp
-- Installing: /home/ishaan/eboat_src/install/canopen_interfaces/include/canopen_interfaces/canopen_interfaces/srv/co_write.hpp
-- Installing: /home/ishaan/eboat_src/install/canopen_interfaces/include/canopen_interfaces/canopen_interfaces/srv/co_write_id.hpp
-- Installing: /home/ishaan/eboat_src/install/canopen_interfaces/include/canopen_interfaces/canopen_interfaces/srv/co_nmt_id.hpp
-- Up-to-date: /home/ishaan/eboat_src/install/canopen_interfaces/include/canopen_interfaces/canopen_interfaces/msg
-- Installing: /home/ishaan/eboat_src/install/canopen_interfaces/include/canopen_interfaces/canopen_interfaces/msg/co_data.hpp
-- Up-to-date: /home/ishaan/eboat_src/install/canopen_interfaces/include/canopen_interfaces/canopen_interfaces/msg/detail
-- Installing: /home/ishaan/eboat_src/install/canopen_interfaces/include/canopen_interfaces/canopen_interfaces/msg/detail/co_data__builder.hpp
-- Installing: /home/ishaan/eboat_src/install/canopen_interfaces/include/canopen_interfaces/canopen_interfaces/msg/detail/co_data__traits.hpp
-- Installing: /home/ishaan/eboat_src/install/canopen_interfaces/include/canopen_interfaces/canopen_interfaces/msg/detail/co_data__struct.hpp
-- Installing: /home/ishaan/eboat_src/install/canopen_interfaces/include/canopen_interfaces/canopen_interfaces/msg/detail/co_data__type_support.hpp
-- Installing: /home/ishaan/eboat_src/install/canopen_interfaces/include/canopen_interfaces/canopen_interfaces/msg/rosidl_generator_cpp__visibility_control.hpp
-- Up-to-date: /home/ishaan/eboat_src/install/canopen_interfaces/include/canopen_interfaces/canopen_interfaces
-- Up-to-date: /home/ishaan/eboat_src/install/canopen_interfaces/include/canopen_interfaces/canopen_interfaces/srv
-- Up-to-date: /home/ishaan/eboat_src/install/canopen_interfaces/include/canopen_interfaces/canopen_interfaces/srv/detail
-- Installing: /home/ishaan/eboat_src/install/canopen_interfaces/include/canopen_interfaces/canopen_interfaces/srv/detail/co_node__rosidl_typesupport_fastrtps_cpp.hpp
-- Installing: /home/ishaan/eboat_src/install/canopen_interfaces/include/canopen_interfaces/canopen_interfaces/srv/detail/co_read__rosidl_typesupport_fastrtps_cpp.hpp
-- Installing: /home/ishaan/eboat_src/install/canopen_interfaces/include/canopen_interfaces/canopen_interfaces/srv/detail/co_write_id__rosidl_typesupport_fastrtps_cpp.hpp
-- Installing: /home/ishaan/eboat_src/install/canopen_interfaces/include/canopen_interfaces/canopen_interfaces/srv/detail/co_write__rosidl_typesupport_fastrtps_cpp.hpp
-- Installing: /home/ishaan/eboat_src/install/canopen_interfaces/include/canopen_interfaces/canopen_interfaces/srv/detail/co_nmt_id__rosidl_typesupport_fastrtps_cpp.hpp
-- Up-to-date: /home/ishaan/eboat_src/install/canopen_interfaces/include/canopen_interfaces/canopen_interfaces/srv/detail/dds_fastrtps
-- Installing: /home/ishaan/eboat_src/install/canopen_interfaces/include/canopen_interfaces/canopen_interfaces/srv/detail/co_target_double__rosidl_typesupport_fastrtps_cpp.hpp
-- Installing: /home/ishaan/eboat_src/install/canopen_interfaces/include/canopen_interfaces/canopen_interfaces/srv/detail/co_heartbeat_id__rosidl_typesupport_fastrtps_cpp.hpp
-- Installing: /home/ishaan/eboat_src/install/canopen_interfaces/include/canopen_interfaces/canopen_interfaces/srv/detail/co_read_id__rosidl_typesupport_fastrtps_cpp.hpp
-- Up-to-date: /home/ishaan/eboat_src/install/canopen_interfaces/include/canopen_interfaces/canopen_interfaces/msg
-- Up-to-date: /home/ishaan/eboat_src/install/canopen_interfaces/include/canopen_interfaces/canopen_interfaces/msg/detail
-- Installing: /home/ishaan/eboat_src/install/canopen_interfaces/include/canopen_interfaces/canopen_interfaces/msg/detail/co_data__rosidl_typesupport_fastrtps_cpp.hpp
-- Up-to-date: /home/ishaan/eboat_src/install/canopen_interfaces/include/canopen_interfaces/canopen_interfaces/msg/detail/dds_fastrtps
-- Installing: /home/ishaan/eboat_src/install/canopen_interfaces/include/canopen_interfaces/canopen_interfaces/msg/rosidl_typesupport_fastrtps_cpp__visibility_control.h
-- Installing: /home/ishaan/eboat_src/install/canopen_interfaces/lib/libcanopen_interfaces__rosidl_typesupport_fastrtps_cpp.so
-- Set non-toolchain portion of runtime path of "/home/ishaan/eboat_src/install/canopen_interfaces/lib/libcanopen_interfaces__rosidl_typesupport_fastrtps_cpp.so" to ""
-- Up-to-date: /home/ishaan/eboat_src/install/canopen_interfaces/include/canopen_interfaces/canopen_interfaces
-- Up-to-date: /home/ishaan/eboat_src/install/canopen_interfaces/include/canopen_interfaces/canopen_interfaces/srv
-- Up-to-date: /home/ishaan/eboat_src/install/canopen_interfaces/include/canopen_interfaces/canopen_interfaces/srv/detail
-- Installing: /home/ishaan/eboat_src/install/canopen_interfaces/include/canopen_interfaces/canopen_interfaces/srv/detail/co_write__type_support.cpp
-- Installing: /home/ishaan/eboat_src/install/canopen_interfaces/include/canopen_interfaces/canopen_interfaces/srv/detail/co_read_id__type_support.cpp
-- Installing: /home/ishaan/eboat_src/install/canopen_interfaces/include/canopen_interfaces/canopen_interfaces/srv/detail/co_nmt_id__type_support.cpp
-- Installing: /home/ishaan/eboat_src/install/canopen_interfaces/include/canopen_interfaces/canopen_interfaces/srv/detail/co_heartbeat_id__rosidl_typesupport_introspection_cpp.hpp
-- Installing: /home/ishaan/eboat_src/install/canopen_interfaces/include/canopen_interfaces/canopen_interfaces/srv/detail/co_nmt_id__rosidl_typesupport_introspection_cpp.hpp
-- Installing: /home/ishaan/eboat_src/install/canopen_interfaces/include/canopen_interfaces/canopen_interfaces/srv/detail/co_target_double__rosidl_typesupport_introspection_cpp.hpp
-- Installing: /home/ishaan/eboat_src/install/canopen_interfaces/include/canopen_interfaces/canopen_interfaces/srv/detail/co_target_double__type_support.cpp
-- Installing: /home/ishaan/eboat_src/install/canopen_interfaces/include/canopen_interfaces/canopen_interfaces/srv/detail/co_write__rosidl_typesupport_introspection_cpp.hpp
-- Installing: /home/ishaan/eboat_src/install/canopen_interfaces/include/canopen_interfaces/canopen_interfaces/srv/detail/co_node__type_support.cpp
-- Installing: /home/ishaan/eboat_src/install/canopen_interfaces/include/canopen_interfaces/canopen_interfaces/srv/detail/co_write_id__rosidl_typesupport_introspection_cpp.hpp
-- Installing: /home/ishaan/eboat_src/install/canopen_interfaces/include/canopen_interfaces/canopen_interfaces/srv/detail/co_read__rosidl_typesupport_introspection_cpp.hpp
-- Installing: /home/ishaan/eboat_src/install/canopen_interfaces/include/canopen_interfaces/canopen_interfaces/srv/detail/co_read_id__rosidl_typesupport_introspection_cpp.hpp
-- Installing: /home/ishaan/eboat_src/install/canopen_interfaces/include/canopen_interfaces/canopen_interfaces/srv/detail/co_write_id__type_support.cpp
-- Installing: /home/ishaan/eboat_src/install/canopen_interfaces/include/canopen_interfaces/canopen_interfaces/srv/detail/co_read__type_support.cpp
-- Installing: /home/ishaan/eboat_src/install/canopen_interfaces/include/canopen_interfaces/canopen_interfaces/srv/detail/co_heartbeat_id__type_support.cpp
-- Installing: /home/ishaan/eboat_src/install/canopen_interfaces/include/canopen_interfaces/canopen_interfaces/srv/detail/co_node__rosidl_typesupport_introspection_cpp.hpp
-- Up-to-date: /home/ishaan/eboat_src/install/canopen_interfaces/include/canopen_interfaces/canopen_interfaces/msg
-- Up-to-date: /home/ishaan/eboat_src/install/canopen_interfaces/include/canopen_interfaces/canopen_interfaces/msg/detail
-- Installing: /home/ishaan/eboat_src/install/canopen_interfaces/include/canopen_interfaces/canopen_interfaces/msg/detail/co_data__type_support.cpp
-- Installing: /home/ishaan/eboat_src/install/canopen_interfaces/include/canopen_interfaces/canopen_interfaces/msg/detail/co_data__rosidl_typesupport_introspection_cpp.hpp
-- Installing: /home/ishaan/eboat_src/install/canopen_interfaces/lib/libcanopen_interfaces__rosidl_typesupport_introspection_cpp.so
-- Set non-toolchain portion of runtime path of "/home/ishaan/eboat_src/install/canopen_interfaces/lib/libcanopen_interfaces__rosidl_typesupport_introspection_cpp.so" to ""
-- Installing: /home/ishaan/eboat_src/install/canopen_interfaces/lib/libcanopen_interfaces__rosidl_typesupport_cpp.so
-- Set non-toolchain portion of runtime path of "/home/ishaan/eboat_src/install/canopen_interfaces/lib/libcanopen_interfaces__rosidl_typesupport_cpp.so" to ""
-- Installing: /home/ishaan/eboat_src/install/canopen_interfaces/share/canopen_interfaces/environment/pythonpath.sh
-- Installing: /home/ishaan/eboat_src/install/canopen_interfaces/share/canopen_interfaces/environment/pythonpath.dsv
-- Installing: /home/ishaan/eboat_src/install/canopen_interfaces/lib/python3.12/site-packages/canopen_interfaces-0.3.1-py3.12.egg-info
-- Installing: /home/ishaan/eboat_src/install/canopen_interfaces/lib/python3.12/site-packages/canopen_interfaces-0.3.1-py3.12.egg-info/top_level.txt
-- Installing: /home/ishaan/eboat_src/install/canopen_interfaces/lib/python3.12/site-packages/canopen_interfaces-0.3.1-py3.12.egg-info/SOURCES.txt
-- Installing: /home/ishaan/eboat_src/install/canopen_interfaces/lib/python3.12/site-packages/canopen_interfaces-0.3.1-py3.12.egg-info/PKG-INFO
-- Installing: /home/ishaan/eboat_src/install/canopen_interfaces/lib/python3.12/site-packages/canopen_interfaces-0.3.1-py3.12.egg-info/dependency_links.txt
-- Installing: /home/ishaan/eboat_src/install/canopen_interfaces/lib/python3.12/site-packages/canopen_interfaces
-- Installing: /home/ishaan/eboat_src/install/canopen_interfaces/lib/python3.12/site-packages/canopen_interfaces/canopen_interfaces_s__rosidl_typesupport_c.so
-- Installing: /home/ishaan/eboat_src/install/canopen_interfaces/lib/python3.12/site-packages/canopen_interfaces/_canopen_interfaces_s.ep.rosidl_typesupport_c.c
-- Installing: /home/ishaan/eboat_src/install/canopen_interfaces/lib/python3.12/site-packages/canopen_interfaces/_canopen_interfaces_s.ep.rosidl_typesupport_fastrtps_c.c
-- Installing: /home/ishaan/eboat_src/install/canopen_interfaces/lib/python3.12/site-packages/canopen_interfaces/_canopen_interfaces_s.ep.rosidl_typesupport_introspection_c.c
-- Installing: /home/ishaan/eboat_src/install/canopen_interfaces/lib/python3.12/site-packages/canopen_interfaces/canopen_interfaces_s__rosidl_typesupport_fastrtps_c.so
-- Installing: /home/ishaan/eboat_src/install/canopen_interfaces/lib/python3.12/site-packages/canopen_interfaces/srv
-- Installing: /home/ishaan/eboat_src/install/canopen_interfaces/lib/python3.12/site-packages/canopen_interfaces/srv/_co_heartbeat_id_s.c
-- Installing: /home/ishaan/eboat_src/install/canopen_interfaces/lib/python3.12/site-packages/canopen_interfaces/srv/_co_read_id.py
-- Installing: /home/ishaan/eboat_src/install/canopen_interfaces/lib/python3.12/site-packages/canopen_interfaces/srv/_co_write_id.py
-- Installing: /home/ishaan/eboat_src/install/canopen_interfaces/lib/python3.12/site-packages/canopen_interfaces/srv/_co_write_id_s.c
-- Installing: /home/ishaan/eboat_src/install/canopen_interfaces/lib/python3.12/site-packages/canopen_interfaces/srv/_co_target_double.py
-- Installing: /home/ishaan/eboat_src/install/canopen_interfaces/lib/python3.12/site-packages/canopen_interfaces/srv/_co_nmt_id_s.c
-- Installing: /home/ishaan/eboat_src/install/canopen_interfaces/lib/python3.12/site-packages/canopen_interfaces/srv/_co_node.py
-- Installing: /home/ishaan/eboat_src/install/canopen_interfaces/lib/python3.12/site-packages/canopen_interfaces/srv/_co_read_s.c
-- Installing: /home/ishaan/eboat_src/install/canopen_interfaces/lib/python3.12/site-packages/canopen_interfaces/srv/_co_read_id_s.c
-- Installing: /home/ishaan/eboat_src/install/canopen_interfaces/lib/python3.12/site-packages/canopen_interfaces/srv/_co_read.py
-- Installing: /home/ishaan/eboat_src/install/canopen_interfaces/lib/python3.12/site-packages/canopen_interfaces/srv/_co_write_s.c
-- Installing: /home/ishaan/eboat_src/install/canopen_interfaces/lib/python3.12/site-packages/canopen_interfaces/srv/_co_node_s.c
-- Installing: /home/ishaan/eboat_src/install/canopen_interfaces/lib/python3.12/site-packages/canopen_interfaces/srv/_co_heartbeat_id.py
-- Installing: /home/ishaan/eboat_src/install/canopen_interfaces/lib/python3.12/site-packages/canopen_interfaces/srv/_co_nmt_id.py
-- Installing: /home/ishaan/eboat_src/install/canopen_interfaces/lib/python3.12/site-packages/canopen_interfaces/srv/_co_write.py
-- Installing: /home/ishaan/eboat_src/install/canopen_interfaces/lib/python3.12/site-packages/canopen_interfaces/srv/__init__.py
-- Installing: /home/ishaan/eboat_src/install/canopen_interfaces/lib/python3.12/site-packages/canopen_interfaces/srv/_co_target_double_s.c
-- Installing: /home/ishaan/eboat_src/install/canopen_interfaces/lib/python3.12/site-packages/canopen_interfaces/msg
-- Installing: /home/ishaan/eboat_src/install/canopen_interfaces/lib/python3.12/site-packages/canopen_interfaces/msg/_co_data.py
-- Installing: /home/ishaan/eboat_src/install/canopen_interfaces/lib/python3.12/site-packages/canopen_interfaces/msg/_co_data_s.c
-- Installing: /home/ishaan/eboat_src/install/canopen_interfaces/lib/python3.12/site-packages/canopen_interfaces/msg/__init__.py
-- Installing: /home/ishaan/eboat_src/install/canopen_interfaces/lib/python3.12/site-packages/canopen_interfaces/__init__.py
-- Installing: /home/ishaan/eboat_src/install/canopen_interfaces/lib/python3.12/site-packages/canopen_interfaces/canopen_interfaces_s__rosidl_typesupport_introspection_c.so
Listing '/home/ishaan/eboat_src/install/canopen_interfaces/lib/python3.12/site-packages/canopen_interfaces'...
Compiling '/home/ishaan/eboat_src/install/canopen_interfaces/lib/python3.12/site-packages/canopen_interfaces/__init__.py'...
Listing '/home/ishaan/eboat_src/install/canopen_interfaces/lib/python3.12/site-packages/canopen_interfaces/msg'...
Compiling '/home/ishaan/eboat_src/install/canopen_interfaces/lib/python3.12/site-packages/canopen_interfaces/msg/__init__.py'...
Compiling '/home/ishaan/eboat_src/install/canopen_interfaces/lib/python3.12/site-packages/canopen_interfaces/msg/_co_data.py'...
Listing '/home/ishaan/eboat_src/install/canopen_interfaces/lib/python3.12/site-packages/canopen_interfaces/srv'...
Compiling '/home/ishaan/eboat_src/install/canopen_interfaces/lib/python3.12/site-packages/canopen_interfaces/srv/__init__.py'...
Compiling '/home/ishaan/eboat_src/install/canopen_interfaces/lib/python3.12/site-packages/canopen_interfaces/srv/_co_heartbeat_id.py'...
Compiling '/home/ishaan/eboat_src/install/canopen_interfaces/lib/python3.12/site-packages/canopen_interfaces/srv/_co_nmt_id.py'...
Compiling '/home/ishaan/eboat_src/install/canopen_interfaces/lib/python3.12/site-packages/canopen_interfaces/srv/_co_node.py'...
Compiling '/home/ishaan/eboat_src/install/canopen_interfaces/lib/python3.12/site-packages/canopen_interfaces/srv/_co_read.py'...
Compiling '/home/ishaan/eboat_src/install/canopen_interfaces/lib/python3.12/site-packages/canopen_interfaces/srv/_co_read_id.py'...
Compiling '/home/ishaan/eboat_src/install/canopen_interfaces/lib/python3.12/site-packages/canopen_interfaces/srv/_co_target_double.py'...
Compiling '/home/ishaan/eboat_src/install/canopen_interfaces/lib/python3.12/site-packages/canopen_interfaces/srv/_co_write.py'...
Compiling '/home/ishaan/eboat_src/install/canopen_interfaces/lib/python3.12/site-packages/canopen_interfaces/srv/_co_write_id.py'...
-- Installing: /home/ishaan/eboat_src/install/canopen_interfaces/lib/python3.12/site-packages/canopen_interfaces/canopen_interfaces_s__rosidl_typesupport_fastrtps_c.so
-- Set non-toolchain portion of runtime path of "/home/ishaan/eboat_src/install/canopen_interfaces/lib/python3.12/site-packages/canopen_interfaces/canopen_interfaces_s__rosidl_typesupport_fastrtps_c.so" to ""
-- Installing: /home/ishaan/eboat_src/install/canopen_interfaces/lib/python3.12/site-packages/canopen_interfaces/canopen_interfaces_s__rosidl_typesupport_introspection_c.so
-- Set non-toolchain portion of runtime path of "/home/ishaan/eboat_src/install/canopen_interfaces/lib/python3.12/site-packages/canopen_interfaces/canopen_interfaces_s__rosidl_typesupport_introspection_c.so" to ""
-- Installing: /home/ishaan/eboat_src/install/canopen_interfaces/lib/python3.12/site-packages/canopen_interfaces/canopen_interfaces_s__rosidl_typesupport_c.so
-- Set non-toolchain portion of runtime path of "/home/ishaan/eboat_src/install/canopen_interfaces/lib/python3.12/site-packages/canopen_interfaces/canopen_interfaces_s__rosidl_typesupport_c.so" to ""
-- Installing: /home/ishaan/eboat_src/install/canopen_interfaces/lib/libcanopen_interfaces__rosidl_generator_py.so
-- Set non-toolchain portion of runtime path of "/home/ishaan/eboat_src/install/canopen_interfaces/lib/libcanopen_interfaces__rosidl_generator_py.so" to ""
-- Installing: /home/ishaan/eboat_src/install/canopen_interfaces/share/canopen_interfaces/srv/COHeartbeatID.idl
-- Installing: /home/ishaan/eboat_src/install/canopen_interfaces/share/canopen_interfaces/srv/CONmtID.idl
-- Installing: /home/ishaan/eboat_src/install/canopen_interfaces/share/canopen_interfaces/srv/CORead.idl
-- Installing: /home/ishaan/eboat_src/install/canopen_interfaces/share/canopen_interfaces/srv/COReadID.idl
-- Installing: /home/ishaan/eboat_src/install/canopen_interfaces/share/canopen_interfaces/srv/COWrite.idl
-- Installing: /home/ishaan/eboat_src/install/canopen_interfaces/share/canopen_interfaces/srv/COWriteID.idl
-- Installing: /home/ishaan/eboat_src/install/canopen_interfaces/share/canopen_interfaces/srv/COTargetDouble.idl
-- Installing: /home/ishaan/eboat_src/install/canopen_interfaces/share/canopen_interfaces/srv/CONode.idl
-- Installing: /home/ishaan/eboat_src/install/canopen_interfaces/share/canopen_interfaces/msg/COData.idl
-- Installing: /home/ishaan/eboat_src/install/canopen_interfaces/share/canopen_interfaces/srv/COHeartbeatID.srv
-- Installing: /home/ishaan/eboat_src/install/canopen_interfaces/share/canopen_interfaces/srv/CONmtID.srv
-- Installing: /home/ishaan/eboat_src/install/canopen_interfaces/share/canopen_interfaces/srv/CORead.srv
-- Installing: /home/ishaan/eboat_src/install/canopen_interfaces/share/canopen_interfaces/srv/COReadID.srv
-- Installing: /home/ishaan/eboat_src/install/canopen_interfaces/share/canopen_interfaces/srv/COWrite.srv
-- Installing: /home/ishaan/eboat_src/install/canopen_interfaces/share/canopen_interfaces/srv/COWriteID.srv
-- Installing: /home/ishaan/eboat_src/install/canopen_interfaces/share/canopen_interfaces/srv/COTargetDouble.srv
-- Installing: /home/ishaan/eboat_src/install/canopen_interfaces/share/canopen_interfaces/srv/CONode.srv
-- Installing: /home/ishaan/eboat_src/install/canopen_interfaces/share/canopen_interfaces/msg/COData.msg
-- Installing: /home/ishaan/eboat_src/install/canopen_interfaces/share/ament_index/resource_index/package_run_dependencies/canopen_interfaces
-- Installing: /home/ishaan/eboat_src/install/canopen_interfaces/share/ament_index/resource_index/parent_prefix_path/canopen_interfaces
-- Installing: /home/ishaan/eboat_src/install/canopen_interfaces/share/canopen_interfaces/environment/ament_prefix_path.sh
-- Installing: /home/ishaan/eboat_src/install/canopen_interfaces/share/canopen_interfaces/environment/ament_prefix_path.dsv
-- Installing: /home/ishaan/eboat_src/install/canopen_interfaces/share/canopen_interfaces/environment/path.sh
-- Installing: /home/ishaan/eboat_src/install/canopen_interfaces/share/canopen_interfaces/environment/path.dsv
-- Installing: /home/ishaan/eboat_src/install/canopen_interfaces/share/canopen_interfaces/local_setup.bash
-- Installing: /home/ishaan/eboat_src/install/canopen_interfaces/share/canopen_interfaces/local_setup.sh
-- Installing: /home/ishaan/eboat_src/install/canopen_interfaces/share/canopen_interfaces/local_setup.zsh
-- Installing: /home/ishaan/eboat_src/install/canopen_interfaces/share/canopen_interfaces/local_setup.dsv
-- Installing: /home/ishaan/eboat_src/install/canopen_interfaces/share/canopen_interfaces/package.dsv
-- Installing: /home/ishaan/eboat_src/install/canopen_interfaces/share/ament_index/resource_index/packages/canopen_interfaces
-- Installing: /home/ishaan/eboat_src/install/canopen_interfaces/share/canopen_interfaces/cmake/export_canopen_interfaces__rosidl_generator_cExport.cmake
-- Installing: /home/ishaan/eboat_src/install/canopen_interfaces/share/canopen_interfaces/cmake/export_canopen_interfaces__rosidl_generator_cExport-noconfig.cmake
-- Installing: /home/ishaan/eboat_src/install/canopen_interfaces/share/canopen_interfaces/cmake/export_canopen_interfaces__rosidl_typesupport_fastrtps_cExport.cmake
-- Installing: /home/ishaan/eboat_src/install/canopen_interfaces/share/canopen_interfaces/cmake/export_canopen_interfaces__rosidl_typesupport_fastrtps_cExport-noconfig.cmake
-- Installing: /home/ishaan/eboat_src/install/canopen_interfaces/share/canopen_interfaces/cmake/canopen_interfaces__rosidl_typesupport_introspection_cExport.cmake
-- Installing: /home/ishaan/eboat_src/install/canopen_interfaces/share/canopen_interfaces/cmake/canopen_interfaces__rosidl_typesupport_introspection_cExport-noconfig.cmake
-- Installing: /home/ishaan/eboat_src/install/canopen_interfaces/share/canopen_interfaces/cmake/canopen_interfaces__rosidl_typesupport_cExport.cmake
-- Installing: /home/ishaan/eboat_src/install/canopen_interfaces/share/canopen_interfaces/cmake/canopen_interfaces__rosidl_typesupport_cExport-noconfig.cmake
-- Installing: /home/ishaan/eboat_src/install/canopen_interfaces/share/canopen_interfaces/cmake/export_canopen_interfaces__rosidl_generator_cppExport.cmake
-- Installing: /home/ishaan/eboat_src/install/canopen_interfaces/share/canopen_interfaces/cmake/export_canopen_interfaces__rosidl_typesupport_fastrtps_cppExport.cmake
-- Installing: /home/ishaan/eboat_src/install/canopen_interfaces/share/canopen_interfaces/cmake/export_canopen_interfaces__rosidl_typesupport_fastrtps_cppExport-noconfig.cmake
-- Installing: /home/ishaan/eboat_src/install/canopen_interfaces/share/canopen_interfaces/cmake/canopen_interfaces__rosidl_typesupport_introspection_cppExport.cmake
-- Installing: /home/ishaan/eboat_src/install/canopen_interfaces/share/canopen_interfaces/cmake/canopen_interfaces__rosidl_typesupport_introspection_cppExport-noconfig.cmake
-- Installing: /home/ishaan/eboat_src/install/canopen_interfaces/share/canopen_interfaces/cmake/canopen_interfaces__rosidl_typesupport_cppExport.cmake
-- Installing: /home/ishaan/eboat_src/install/canopen_interfaces/share/canopen_interfaces/cmake/canopen_interfaces__rosidl_typesupport_cppExport-noconfig.cmake
-- Installing: /home/ishaan/eboat_src/install/canopen_interfaces/share/canopen_interfaces/cmake/export_canopen_interfaces__rosidl_generator_pyExport.cmake
-- Installing: /home/ishaan/eboat_src/install/canopen_interfaces/share/canopen_interfaces/cmake/export_canopen_interfaces__rosidl_generator_pyExport-noconfig.cmake
-- Installing: /home/ishaan/eboat_src/install/canopen_interfaces/share/canopen_interfaces/cmake/rosidl_cmake-extras.cmake
-- Installing: /home/ishaan/eboat_src/install/canopen_interfaces/share/canopen_interfaces/cmake/ament_cmake_export_dependencies-extras.cmake
-- Installing: /home/ishaan/eboat_src/install/canopen_interfaces/share/canopen_interfaces/cmake/ament_cmake_export_include_directories-extras.cmake
-- Installing: /home/ishaan/eboat_src/install/canopen_interfaces/share/canopen_interfaces/cmake/ament_cmake_export_libraries-extras.cmake
-- Installing: /home/ishaan/eboat_src/install/canopen_interfaces/share/canopen_interfaces/cmake/ament_cmake_export_targets-extras.cmake
-- Installing: /home/ishaan/eboat_src/install/canopen_interfaces/share/canopen_interfaces/cmake/rosidl_cmake_export_typesupport_targets-extras.cmake
-- Installing: /home/ishaan/eboat_src/install/canopen_interfaces/share/canopen_interfaces/cmake/rosidl_cmake_export_typesupport_libraries-extras.cmake
-- Installing: /home/ishaan/eboat_src/install/canopen_interfaces/share/canopen_interfaces/cmake/canopen_interfacesConfig.cmake
-- Installing: /home/ishaan/eboat_src/install/canopen_interfaces/share/canopen_interfaces/cmake/canopen_interfacesConfig-version.cmake
-- Installing: /home/ishaan/eboat_src/install/canopen_interfaces/share/canopen_interfaces/package.xml
