[0.047s] Invoking command in '/home/ishaan/eboat_src/build/canopen_interfaces': CMAKE_PREFIX_PATH=${CMAKE_PREFIX_PATH}:/home/ishaan/eboat_src/ros_ws/install/shore_comms:/home/ishaan/eboat_src/ros_ws/install/motor_node_test:/home/ishaan/eboat_src/ros_ws/install/motor_node:/home/ishaan/eboat_src/ros_ws/install/motion_node_test:/home/ishaan/eboat_src/ros_ws/install/motion_node:/home/ishaan/eboat_src/ros_ws/install/electrical_node_test:/home/ishaan/eboat_src/ros_ws/install/electrical_node:/home/ishaan/eboat_src/ros_ws/install/canopen_utils:/home/ishaan/eboat_src/ros_ws/install/alarms_watchdog_node:/home/ishaan/eboat_src/ros_ws/install/GPIO_Test:/opt/ros/kilted /usr/bin/cmake /home/ishaan/eboat_src/ros_ws/src/ros2_canopen/canopen_interfaces -DCMAKE_INSTALL_PREFIX=/home/ishaan/eboat_src/install/canopen_interfaces
[0.804s] -- The C compiler identification is GNU 13.3.0
[1.486s] -- The CXX compiler identification is GNU 13.3.0
[2.733s] -- Detecting C compiler ABI info
[3.220s] -- Detecting C compiler ABI info - done
[3.225s] -- Check for working C compiler: /usr/bin/cc - skipped
[3.225s] -- Detecting C compile features
[3.226s] -- Detecting C compile features - done
[3.412s] -- Detecting CXX compiler ABI info
[4.271s] -- Detecting CXX compiler ABI info - done
[4.287s] -- Check for working CXX compiler: /usr/bin/c++ - skipped
[4.292s] -- Detecting CXX compile features
[4.292s] -- Detecting CXX compile features - done
[4.292s] -- Found ament_cmake: 2.7.3 (/opt/ros/kilted/share/ament_cmake/cmake)
[4.591s] -- Found Python3: /usr/bin/python3 (found version "3.12.3") found components: Interpreter 
[4.770s] -- Found rosidl_default_generators: 1.7.1 (/opt/ros/kilted/share/rosidl_default_generators/cmake)
[4.778s] -- Using all available rosidl_typesupport_c: rosidl_typesupport_fastrtps_c;rosidl_typesupport_introspection_c
[5.077s] -- Using all available rosidl_typesupport_cpp: rosidl_typesupport_fastrtps_cpp;rosidl_typesupport_introspection_cpp
[5.113s] -- Found rosidl_adapter: 4.9.5 (/opt/ros/kilted/share/rosidl_adapter/cmake)
[5.821s] -- Found ament_cmake_ros_core: 0.14.3 (/opt/ros/kilted/share/ament_cmake_ros_core/cmake)
[6.171s] -- Using all available rosidl_typesupport_c: rosidl_typesupport_fastrtps_c;rosidl_typesupport_introspection_c
[6.714s] -- Using all available rosidl_typesupport_cpp: rosidl_typesupport_fastrtps_cpp;rosidl_typesupport_introspection_cpp
[7.038s] -- Found Python3: /usr/bin/python3 (found version "3.12.3") found components: Interpreter Development NumPy Development.Module Development.Embed 
[7.063s] -- Found ament_lint_auto: 0.19.2 (/opt/ros/kilted/share/ament_lint_auto/cmake)
[7.084s] -- Added test 'copyright' to check source files copyright and LICENSE
[7.086s] -- Added test 'lint_cmake' to check CMake code style
[7.087s] -- Added test 'xmllint' to check XML markup files
[7.089s] -- Configuring done (7.0s)
[7.122s] -- Generating done (0.0s)
[7.130s] -- Build files have been written to: /home/ishaan/eboat_src/build/canopen_interfaces
[7.138s] Invoked command in '/home/ishaan/eboat_src/build/canopen_interfaces' returned '0': CMAKE_PREFIX_PATH=${CMAKE_PREFIX_PATH}:/home/ishaan/eboat_src/ros_ws/install/shore_comms:/home/ishaan/eboat_src/ros_ws/install/motor_node_test:/home/ishaan/eboat_src/ros_ws/install/motor_node:/home/ishaan/eboat_src/ros_ws/install/motion_node_test:/home/ishaan/eboat_src/ros_ws/install/motion_node:/home/ishaan/eboat_src/ros_ws/install/electrical_node_test:/home/ishaan/eboat_src/ros_ws/install/electrical_node:/home/ishaan/eboat_src/ros_ws/install/canopen_utils:/home/ishaan/eboat_src/ros_ws/install/alarms_watchdog_node:/home/ishaan/eboat_src/ros_ws/install/GPIO_Test:/opt/ros/kilted /usr/bin/cmake /home/ishaan/eboat_src/ros_ws/src/ros2_canopen/canopen_interfaces -DCMAKE_INSTALL_PREFIX=/home/ishaan/eboat_src/install/canopen_interfaces
[7.139s] Invoking command in '/home/ishaan/eboat_src/build/canopen_interfaces': CMAKE_PREFIX_PATH=${CMAKE_PREFIX_PATH}:/home/ishaan/eboat_src/ros_ws/install/shore_comms:/home/ishaan/eboat_src/ros_ws/install/motor_node_test:/home/ishaan/eboat_src/ros_ws/install/motor_node:/home/ishaan/eboat_src/ros_ws/install/motion_node_test:/home/ishaan/eboat_src/ros_ws/install/motion_node:/home/ishaan/eboat_src/ros_ws/install/electrical_node_test:/home/ishaan/eboat_src/ros_ws/install/electrical_node:/home/ishaan/eboat_src/ros_ws/install/canopen_utils:/home/ishaan/eboat_src/ros_ws/install/alarms_watchdog_node:/home/ishaan/eboat_src/ros_ws/install/GPIO_Test:/opt/ros/kilted /usr/bin/cmake --build /home/ishaan/eboat_src/build/canopen_interfaces -- -j16 -l16
[7.177s] [  1%] [34m[1mGenerating type hashes for ROS interfaces[0m
[7.183s] [  1%] Built target ament_cmake_python_copy_canopen_interfaces
[7.331s] running egg_info
[7.331s] creating canopen_interfaces.egg-info
[7.342s] writing canopen_interfaces.egg-info/PKG-INFO
[7.343s] writing dependency_links to canopen_interfaces.egg-info/dependency_links.txt
[7.343s] writing top-level names to canopen_interfaces.egg-info/top_level.txt
[7.343s] writing manifest file 'canopen_interfaces.egg-info/SOURCES.txt'
[7.375s] reading manifest file 'canopen_interfaces.egg-info/SOURCES.txt'
[7.376s] writing manifest file 'canopen_interfaces.egg-info/SOURCES.txt'
[7.408s] [  1%] Built target ament_cmake_python_build_canopen_interfaces_egg
[7.410s] [  1%] Built target canopen_interfaces__rosidl_generator_type_description
[7.417s] [  2%] [34m[1mGenerating C code for ROS interfaces[0m
[7.427s] [  2%] [34m[1mGenerating C++ code for ROS interfaces[0m
[7.997s] [  2%] Built target canopen_interfaces__cpp
[8.110s] [  3%] [32mBuilding C object CMakeFiles/canopen_interfaces__rosidl_generator_c.dir/rosidl_generator_c/canopen_interfaces/srv/detail/co_heartbeat_id__description.c.o[0m
[8.111s] [  4%] [32mBuilding C object CMakeFiles/canopen_interfaces__rosidl_generator_c.dir/rosidl_generator_c/canopen_interfaces/srv/detail/co_heartbeat_id__functions.c.o[0m
[8.112s] [  4%] [32mBuilding C object CMakeFiles/canopen_interfaces__rosidl_generator_c.dir/rosidl_generator_c/canopen_interfaces/srv/detail/co_nmt_id__type_support.c.o[0m
[8.112s] [  6%] [32mBuilding C object CMakeFiles/canopen_interfaces__rosidl_generator_c.dir/rosidl_generator_c/canopen_interfaces/srv/detail/co_nmt_id__description.c.o[0m
[8.112s] [  6%] [32mBuilding C object CMakeFiles/canopen_interfaces__rosidl_generator_c.dir/rosidl_generator_c/canopen_interfaces/srv/detail/co_read__description.c.o[0m
[8.113s] [  7%] [32mBuilding C object CMakeFiles/canopen_interfaces__rosidl_generator_c.dir/rosidl_generator_c/canopen_interfaces/srv/detail/co_read_id__type_support.c.o[0m
[8.113s] [  8%] [32mBuilding C object CMakeFiles/canopen_interfaces__rosidl_generator_c.dir/rosidl_generator_c/canopen_interfaces/srv/detail/co_heartbeat_id__type_support.c.o[0m
[8.114s] [  9%] [32mBuilding C object CMakeFiles/canopen_interfaces__rosidl_generator_c.dir/rosidl_generator_c/canopen_interfaces/srv/detail/co_write__description.c.o[0m
[8.114s] [ 10%] [32mBuilding C object CMakeFiles/canopen_interfaces__rosidl_generator_c.dir/rosidl_generator_c/canopen_interfaces/srv/detail/co_nmt_id__functions.c.o[0m
[8.115s] [ 12%] [32mBuilding C object CMakeFiles/canopen_interfaces__rosidl_generator_c.dir/rosidl_generator_c/canopen_interfaces/srv/detail/co_read__functions.c.o[0m
[8.115s] [ 12%] [32mBuilding C object CMakeFiles/canopen_interfaces__rosidl_generator_c.dir/rosidl_generator_c/canopen_interfaces/srv/detail/co_read__type_support.c.o[0m
[8.115s] [ 13%] [32mBuilding C object CMakeFiles/canopen_interfaces__rosidl_generator_c.dir/rosidl_generator_c/canopen_interfaces/srv/detail/co_read_id__description.c.o[0m
[8.118s] [ 14%] [32mBuilding C object CMakeFiles/canopen_interfaces__rosidl_generator_c.dir/rosidl_generator_c/canopen_interfaces/srv/detail/co_read_id__functions.c.o[0m
[8.119s] [ 15%] [32mBuilding C object CMakeFiles/canopen_interfaces__rosidl_generator_c.dir/rosidl_generator_c/canopen_interfaces/srv/detail/co_write__functions.c.o[0m
[8.119s] [ 15%] [32mBuilding C object CMakeFiles/canopen_interfaces__rosidl_generator_c.dir/rosidl_generator_c/canopen_interfaces/srv/detail/co_write__type_support.c.o[0m
[8.122s] [ 16%] [32mBuilding C object CMakeFiles/canopen_interfaces__rosidl_generator_c.dir/rosidl_generator_c/canopen_interfaces/srv/detail/co_write_id__description.c.o[0m
[8.180s] [ 17%] [32mBuilding C object CMakeFiles/canopen_interfaces__rosidl_generator_c.dir/rosidl_generator_c/canopen_interfaces/srv/detail/co_write_id__type_support.c.o[0m
[8.182s] [ 18%] [32mBuilding C object CMakeFiles/canopen_interfaces__rosidl_generator_c.dir/rosidl_generator_c/canopen_interfaces/srv/detail/co_target_double__type_support.c.o[0m
[8.183s] [ 19%] [32mBuilding C object CMakeFiles/canopen_interfaces__rosidl_generator_c.dir/rosidl_generator_c/canopen_interfaces/srv/detail/co_write_id__functions.c.o[0m
[8.184s] [ 20%] [32mBuilding C object CMakeFiles/canopen_interfaces__rosidl_generator_c.dir/rosidl_generator_c/canopen_interfaces/srv/detail/co_node__functions.c.o[0m
[8.189s] [ 21%] [32mBuilding C object CMakeFiles/canopen_interfaces__rosidl_generator_c.dir/rosidl_generator_c/canopen_interfaces/srv/detail/co_node__description.c.o[0m
[8.189s] [ 21%] [32mBuilding C object CMakeFiles/canopen_interfaces__rosidl_generator_c.dir/rosidl_generator_c/canopen_interfaces/srv/detail/co_target_double__description.c.o[0m
[8.189s] [ 22%] [32mBuilding C object CMakeFiles/canopen_interfaces__rosidl_generator_c.dir/rosidl_generator_c/canopen_interfaces/srv/detail/co_target_double__functions.c.o[0m
[8.190s] [ 23%] [32mBuilding C object CMakeFiles/canopen_interfaces__rosidl_generator_c.dir/rosidl_generator_c/canopen_interfaces/srv/detail/co_node__type_support.c.o[0m
[8.191s] [ 24%] [32mBuilding C object CMakeFiles/canopen_interfaces__rosidl_generator_c.dir/rosidl_generator_c/canopen_interfaces/msg/detail/co_data__description.c.o[0m
[8.196s] [ 25%] [32mBuilding C object CMakeFiles/canopen_interfaces__rosidl_generator_c.dir/rosidl_generator_c/canopen_interfaces/msg/detail/co_data__functions.c.o[0m
[8.207s] [ 26%] [32mBuilding C object CMakeFiles/canopen_interfaces__rosidl_generator_c.dir/rosidl_generator_c/canopen_interfaces/msg/detail/co_data__type_support.c.o[0m
[8.265s] [ 27%] [32m[1mLinking C shared library libcanopen_interfaces__rosidl_generator_c.so[0m
[8.462s] [ 27%] Built target canopen_interfaces__rosidl_generator_c
[8.473s] [ 32%] [34m[1mGenerating C type support dispatch for ROS interfaces[0m
[8.473s] [ 32%] [34m[1mGenerating C type support for eProsima Fast-RTPS[0m
[8.473s] [ 32%] [34m[1mGenerating C++ type support for eProsima Fast-RTPS[0m
[8.473s] [ 32%] [34m[1mGenerating C++ type support dispatch for ROS interfaces[0m
[8.473s] [ 32%] [34m[1mGenerating C introspection for ROS interfaces[0m
[8.474s] [ 32%] [34m[1mGenerating C++ introspection for ROS interfaces[0m
[8.982s] [ 35%] [32mBuilding CXX object CMakeFiles/canopen_interfaces__rosidl_typesupport_c.dir/rosidl_typesupport_c/canopen_interfaces/srv/co_write__type_support.cpp.o[0m
[8.982s] [ 35%] [32mBuilding CXX object CMakeFiles/canopen_interfaces__rosidl_typesupport_c.dir/rosidl_typesupport_c/canopen_interfaces/srv/co_read__type_support.cpp.o[0m
[8.983s] [ 35%] [32mBuilding CXX object CMakeFiles/canopen_interfaces__rosidl_typesupport_cpp.dir/rosidl_typesupport_cpp/canopen_interfaces/srv/co_nmt_id__type_support.cpp.o[0m
[8.984s] [ 36%] [32mBuilding CXX object CMakeFiles/canopen_interfaces__rosidl_typesupport_c.dir/rosidl_typesupport_c/canopen_interfaces/srv/co_nmt_id__type_support.cpp.o[0m
[8.984s] [ 37%] [32mBuilding CXX object CMakeFiles/canopen_interfaces__rosidl_typesupport_cpp.dir/rosidl_typesupport_cpp/canopen_interfaces/srv/co_read_id__type_support.cpp.o[0m
[8.984s] [ 37%] [32mBuilding CXX object CMakeFiles/canopen_interfaces__rosidl_typesupport_cpp.dir/rosidl_typesupport_cpp/canopen_interfaces/srv/co_read__type_support.cpp.o[0m
[8.985s] [ 38%] [32mBuilding CXX object CMakeFiles/canopen_interfaces__rosidl_typesupport_cpp.dir/rosidl_typesupport_cpp/canopen_interfaces/srv/co_write__type_support.cpp.o[0m
[8.985s] [ 40%] [32mBuilding CXX object CMakeFiles/canopen_interfaces__rosidl_typesupport_c.dir/rosidl_typesupport_c/canopen_interfaces/srv/co_heartbeat_id__type_support.cpp.o[0m
[8.985s] [ 40%] [32mBuilding CXX object CMakeFiles/canopen_interfaces__rosidl_typesupport_c.dir/rosidl_typesupport_c/canopen_interfaces/srv/co_read_id__type_support.cpp.o[0m
[8.987s] [ 40%] [32mBuilding CXX object CMakeFiles/canopen_interfaces__rosidl_typesupport_c.dir/rosidl_typesupport_c/canopen_interfaces/srv/co_write_id__type_support.cpp.o[0m
[8.987s] [ 41%] [32mBuilding CXX object CMakeFiles/canopen_interfaces__rosidl_typesupport_cpp.dir/rosidl_typesupport_cpp/canopen_interfaces/srv/co_heartbeat_id__type_support.cpp.o[0m
[8.999s] [ 42%] [32mBuilding CXX object CMakeFiles/canopen_interfaces__rosidl_typesupport_cpp.dir/rosidl_typesupport_cpp/canopen_interfaces/srv/co_write_id__type_support.cpp.o[0m
[9.053s] [ 43%] [32mBuilding CXX object CMakeFiles/canopen_interfaces__rosidl_typesupport_cpp.dir/rosidl_typesupport_cpp/canopen_interfaces/srv/co_target_double__type_support.cpp.o[0m
[9.058s] [ 44%] [32mBuilding CXX object CMakeFiles/canopen_interfaces__rosidl_typesupport_c.dir/rosidl_typesupport_c/canopen_interfaces/srv/co_target_double__type_support.cpp.o[0m
[9.063s] [ 46%] [32mBuilding CXX object CMakeFiles/canopen_interfaces__rosidl_typesupport_c.dir/rosidl_typesupport_c/canopen_interfaces/srv/co_node__type_support.cpp.o[0m
[9.066s] [ 46%] [32mBuilding CXX object CMakeFiles/canopen_interfaces__rosidl_typesupport_cpp.dir/rosidl_typesupport_cpp/canopen_interfaces/srv/co_node__type_support.cpp.o[0m
[9.066s] [ 47%] [32mBuilding CXX object CMakeFiles/canopen_interfaces__rosidl_typesupport_c.dir/rosidl_typesupport_c/canopen_interfaces/msg/co_data__type_support.cpp.o[0m
[9.067s] [ 48%] [32mBuilding CXX object CMakeFiles/canopen_interfaces__rosidl_typesupport_cpp.dir/rosidl_typesupport_cpp/canopen_interfaces/msg/co_data__type_support.cpp.o[0m
[9.139s] [ 49%] [32m[1mLinking CXX shared library libcanopen_interfaces__rosidl_typesupport_c.so[0m
[9.247s] [ 51%] [32mBuilding CXX object CMakeFiles/canopen_interfaces__rosidl_typesupport_introspection_cpp.dir/rosidl_typesupport_introspection_cpp/canopen_interfaces/srv/detail/co_nmt_id__type_support.cpp.o[0m
[9.250s] [ 51%] [32mBuilding CXX object CMakeFiles/canopen_interfaces__rosidl_typesupport_introspection_cpp.dir/rosidl_typesupport_introspection_cpp/canopen_interfaces/srv/detail/co_heartbeat_id__type_support.cpp.o[0m
[9.287s] [ 52%] [32mBuilding CXX object CMakeFiles/canopen_interfaces__rosidl_typesupport_introspection_cpp.dir/rosidl_typesupport_introspection_cpp/canopen_interfaces/srv/detail/co_read__type_support.cpp.o[0m
[9.440s] [ 53%] [32mBuilding C object CMakeFiles/canopen_interfaces__rosidl_typesupport_introspection_c.dir/rosidl_typesupport_introspection_c/canopen_interfaces/srv/detail/co_heartbeat_id__type_support.c.o[0m
[9.545s] [ 54%] [32mBuilding CXX object CMakeFiles/canopen_interfaces__rosidl_typesupport_introspection_cpp.dir/rosidl_typesupport_introspection_cpp/canopen_interfaces/srv/detail/co_read_id__type_support.cpp.o[0m
[9.551s] [ 54%] Built target canopen_interfaces__rosidl_typesupport_c
[9.567s] [ 55%] [32mBuilding C object CMakeFiles/canopen_interfaces__rosidl_typesupport_introspection_c.dir/rosidl_typesupport_introspection_c/canopen_interfaces/srv/detail/co_nmt_id__type_support.c.o[0m
[9.579s] [ 55%] [32mBuilding C object CMakeFiles/canopen_interfaces__rosidl_typesupport_introspection_c.dir/rosidl_typesupport_introspection_c/canopen_interfaces/srv/detail/co_read__type_support.c.o[0m
[9.603s] [ 56%] [32mBuilding C object CMakeFiles/canopen_interfaces__rosidl_typesupport_introspection_c.dir/rosidl_typesupport_introspection_c/canopen_interfaces/srv/detail/co_read_id__type_support.c.o[0m
[9.641s] [ 57%] [32mBuilding CXX object CMakeFiles/canopen_interfaces__rosidl_typesupport_introspection_cpp.dir/rosidl_typesupport_introspection_cpp/canopen_interfaces/srv/detail/co_write__type_support.cpp.o[0m
[9.670s] [ 58%] [32mBuilding CXX object CMakeFiles/canopen_interfaces__rosidl_typesupport_introspection_cpp.dir/rosidl_typesupport_introspection_cpp/canopen_interfaces/srv/detail/co_write_id__type_support.cpp.o[0m
[9.672s] [ 59%] [32mBuilding CXX object CMakeFiles/canopen_interfaces__rosidl_typesupport_introspection_cpp.dir/rosidl_typesupport_introspection_cpp/canopen_interfaces/srv/detail/co_target_double__type_support.cpp.o[0m
[9.678s] [ 60%] [32mBuilding C object CMakeFiles/canopen_interfaces__rosidl_typesupport_introspection_c.dir/rosidl_typesupport_introspection_c/canopen_interfaces/srv/detail/co_write__type_support.c.o[0m
[9.696s] [ 61%] [32mBuilding C object CMakeFiles/canopen_interfaces__rosidl_typesupport_introspection_c.dir/rosidl_typesupport_introspection_c/canopen_interfaces/srv/detail/co_write_id__type_support.c.o[0m
[9.696s] [ 61%] [32mBuilding CXX object CMakeFiles/canopen_interfaces__rosidl_typesupport_introspection_cpp.dir/rosidl_typesupport_introspection_cpp/canopen_interfaces/srv/detail/co_node__type_support.cpp.o[0m
[9.766s] [ 62%] [32mBuilding C object CMakeFiles/canopen_interfaces__rosidl_typesupport_introspection_c.dir/rosidl_typesupport_introspection_c/canopen_interfaces/srv/detail/co_target_double__type_support.c.o[0m
[9.785s] [ 63%] [32mBuilding C object CMakeFiles/canopen_interfaces__rosidl_typesupport_introspection_c.dir/rosidl_typesupport_introspection_c/canopen_interfaces/srv/detail/co_node__type_support.c.o[0m
[9.802s] [ 64%] [32mBuilding CXX object CMakeFiles/canopen_interfaces__rosidl_typesupport_introspection_cpp.dir/rosidl_typesupport_introspection_cpp/canopen_interfaces/msg/detail/co_data__type_support.cpp.o[0m
[9.811s] [ 65%] [32mBuilding C object CMakeFiles/canopen_interfaces__rosidl_typesupport_introspection_c.dir/rosidl_typesupport_introspection_c/canopen_interfaces/msg/detail/co_data__type_support.c.o[0m
[9.868s] [ 65%] [32mBuilding CXX object CMakeFiles/canopen_interfaces__rosidl_typesupport_fastrtps_c.dir/rosidl_typesupport_fastrtps_c/canopen_interfaces/srv/detail/co_heartbeat_id__type_support_c.cpp.o[0m
[9.868s] [ 66%] [32m[1mLinking CXX shared library libcanopen_interfaces__rosidl_typesupport_cpp.so[0m
[9.882s] [ 67%] [32mBuilding CXX object CMakeFiles/canopen_interfaces__rosidl_typesupport_fastrtps_c.dir/rosidl_typesupport_fastrtps_c/canopen_interfaces/srv/detail/co_nmt_id__type_support_c.cpp.o[0m
[9.882s] [ 68%] [32mBuilding CXX object CMakeFiles/canopen_interfaces__rosidl_typesupport_fastrtps_c.dir/rosidl_typesupport_fastrtps_c/canopen_interfaces/srv/detail/co_read__type_support_c.cpp.o[0m
[9.882s] [ 69%] [32m[1mLinking C shared library libcanopen_interfaces__rosidl_typesupport_introspection_c.so[0m
[9.904s] [ 70%] [32mBuilding CXX object CMakeFiles/canopen_interfaces__rosidl_typesupport_fastrtps_c.dir/rosidl_typesupport_fastrtps_c/canopen_interfaces/srv/detail/co_read_id__type_support_c.cpp.o[0m
[9.939s] [ 71%] [32mBuilding CXX object CMakeFiles/canopen_interfaces__rosidl_typesupport_fastrtps_c.dir/rosidl_typesupport_fastrtps_c/canopen_interfaces/srv/detail/co_write__type_support_c.cpp.o[0m
[9.999s] [ 72%] [32mBuilding CXX object CMakeFiles/canopen_interfaces__rosidl_typesupport_fastrtps_cpp.dir/rosidl_typesupport_fastrtps_cpp/canopen_interfaces/srv/detail/dds_fastrtps/co_heartbeat_id__type_support.cpp.o[0m
[10.127s] [ 73%] [32mBuilding CXX object CMakeFiles/canopen_interfaces__rosidl_typesupport_fastrtps_c.dir/rosidl_typesupport_fastrtps_c/canopen_interfaces/srv/detail/co_write_id__type_support_c.cpp.o[0m
[10.176s] [ 74%] [32mBuilding CXX object CMakeFiles/canopen_interfaces__rosidl_typesupport_fastrtps_cpp.dir/rosidl_typesupport_fastrtps_cpp/canopen_interfaces/srv/detail/dds_fastrtps/co_nmt_id__type_support.cpp.o[0m
[10.198s] [ 75%] [32mBuilding CXX object CMakeFiles/canopen_interfaces__rosidl_typesupport_fastrtps_c.dir/rosidl_typesupport_fastrtps_c/canopen_interfaces/srv/detail/co_target_double__type_support_c.cpp.o[0m
[10.257s] [ 75%] [32mBuilding CXX object CMakeFiles/canopen_interfaces__rosidl_typesupport_fastrtps_c.dir/rosidl_typesupport_fastrtps_c/canopen_interfaces/msg/detail/co_data__type_support_c.cpp.o[0m
[10.262s] [ 76%] [32mBuilding CXX object CMakeFiles/canopen_interfaces__rosidl_typesupport_fastrtps_c.dir/rosidl_typesupport_fastrtps_c/canopen_interfaces/srv/detail/co_node__type_support_c.cpp.o[0m
[10.265s] [ 76%] Built target canopen_interfaces__rosidl_typesupport_introspection_c
[10.285s] [ 77%] [32mBuilding CXX object CMakeFiles/canopen_interfaces__rosidl_typesupport_fastrtps_cpp.dir/rosidl_typesupport_fastrtps_cpp/canopen_interfaces/srv/detail/dds_fastrtps/co_read__type_support.cpp.o[0m
[10.285s] [ 78%] [32mBuilding CXX object CMakeFiles/canopen_interfaces__rosidl_typesupport_fastrtps_cpp.dir/rosidl_typesupport_fastrtps_cpp/canopen_interfaces/srv/detail/dds_fastrtps/co_read_id__type_support.cpp.o[0m
[10.338s] [ 79%] [32mBuilding CXX object CMakeFiles/canopen_interfaces__rosidl_typesupport_fastrtps_cpp.dir/rosidl_typesupport_fastrtps_cpp/canopen_interfaces/srv/detail/dds_fastrtps/co_write__type_support.cpp.o[0m
[10.431s] [ 79%] Built target canopen_interfaces__rosidl_typesupport_cpp
[10.467s] [ 79%] [32mBuilding CXX object CMakeFiles/canopen_interfaces__rosidl_typesupport_fastrtps_cpp.dir/rosidl_typesupport_fastrtps_cpp/canopen_interfaces/srv/detail/dds_fastrtps/co_write_id__type_support.cpp.o[0m
[10.483s] [ 80%] [32m[1mLinking CXX shared library libcanopen_interfaces__rosidl_typesupport_introspection_cpp.so[0m
[10.682s] [ 81%] [32mBuilding CXX object CMakeFiles/canopen_interfaces__rosidl_typesupport_fastrtps_cpp.dir/rosidl_typesupport_fastrtps_cpp/canopen_interfaces/srv/detail/dds_fastrtps/co_target_double__type_support.cpp.o[0m
[10.709s] [ 82%] [32mBuilding CXX object CMakeFiles/canopen_interfaces__rosidl_typesupport_fastrtps_cpp.dir/rosidl_typesupport_fastrtps_cpp/canopen_interfaces/srv/detail/dds_fastrtps/co_node__type_support.cpp.o[0m
[10.726s] [ 83%] [32mBuilding CXX object CMakeFiles/canopen_interfaces__rosidl_typesupport_fastrtps_cpp.dir/rosidl_typesupport_fastrtps_cpp/canopen_interfaces/msg/detail/dds_fastrtps/co_data__type_support.cpp.o[0m
[11.094s] [ 83%] Built target canopen_interfaces__rosidl_typesupport_introspection_cpp
[11.138s] [ 84%] [32m[1mLinking CXX shared library libcanopen_interfaces__rosidl_typesupport_fastrtps_c.so[0m
[11.401s] [ 84%] Built target canopen_interfaces__rosidl_typesupport_fastrtps_c
[11.455s] [ 85%] [32m[1mLinking CXX shared library libcanopen_interfaces__rosidl_typesupport_fastrtps_cpp.so[0m
[11.676s] [ 85%] Built target canopen_interfaces__rosidl_typesupport_fastrtps_cpp
[11.691s] [ 85%] Built target canopen_interfaces
[11.709s] [ 86%] [34m[1mGenerating Python code for ROS interfaces[0m
[12.604s] [ 86%] Built target canopen_interfaces__py
[12.622s] [ 88%] [32mBuilding C object CMakeFiles/canopen_interfaces__rosidl_generator_py.dir/rosidl_generator_py/canopen_interfaces/srv/_co_read_id_s.c.o[0m
[12.622s] [ 88%] [32mBuilding C object CMakeFiles/canopen_interfaces__rosidl_generator_py.dir/rosidl_generator_py/canopen_interfaces/srv/_co_nmt_id_s.c.o[0m
[12.623s] [ 88%] [32mBuilding C object CMakeFiles/canopen_interfaces__rosidl_generator_py.dir/rosidl_generator_py/canopen_interfaces/srv/_co_write_id_s.c.o[0m
[12.623s] [ 89%] [32mBuilding C object CMakeFiles/canopen_interfaces__rosidl_generator_py.dir/rosidl_generator_py/canopen_interfaces/srv/_co_heartbeat_id_s.c.o[0m
[12.623s] [ 90%] [32mBuilding C object CMakeFiles/canopen_interfaces__rosidl_generator_py.dir/rosidl_generator_py/canopen_interfaces/srv/_co_write_s.c.o[0m
[12.623s] [ 91%] [32mBuilding C object CMakeFiles/canopen_interfaces__rosidl_generator_py.dir/rosidl_generator_py/canopen_interfaces/srv/_co_read_s.c.o[0m
[12.624s] [ 92%] [32mBuilding C object CMakeFiles/canopen_interfaces__rosidl_generator_py.dir/rosidl_generator_py/canopen_interfaces/msg/_co_data_s.c.o[0m
[12.624s] [ 94%] [32mBuilding C object CMakeFiles/canopen_interfaces__rosidl_generator_py.dir/rosidl_generator_py/canopen_interfaces/srv/_co_target_double_s.c.o[0m
[12.624s] [ 94%] [32mBuilding C object CMakeFiles/canopen_interfaces__rosidl_generator_py.dir/rosidl_generator_py/canopen_interfaces/srv/_co_node_s.c.o[0m
[12.793s] [ 94%] [32m[1mLinking C shared library libcanopen_interfaces__rosidl_generator_py.so[0m
[12.979s] [ 94%] Built target canopen_interfaces__rosidl_generator_py
[12.994s] [ 96%] [32mBuilding C object CMakeFiles/canopen_interfaces_s__rosidl_typesupport_introspection_c.dir/rosidl_generator_py/canopen_interfaces/_canopen_interfaces_s.ep.rosidl_typesupport_introspection_c.c.o[0m
[12.994s] [ 96%] [32mBuilding C object CMakeFiles/canopen_interfaces_s__rosidl_typesupport_c.dir/rosidl_generator_py/canopen_interfaces/_canopen_interfaces_s.ep.rosidl_typesupport_c.c.o[0m
[12.994s] [ 97%] [32mBuilding C object CMakeFiles/canopen_interfaces_s__rosidl_typesupport_fastrtps_c.dir/rosidl_generator_py/canopen_interfaces/_canopen_interfaces_s.ep.rosidl_typesupport_fastrtps_c.c.o[0m
[13.100s] [ 99%] [32m[1mLinking C shared module rosidl_generator_py/canopen_interfaces/canopen_interfaces_s__rosidl_typesupport_c.so[0m
[13.100s] [ 99%] [32m[1mLinking C shared module rosidl_generator_py/canopen_interfaces/canopen_interfaces_s__rosidl_typesupport_introspection_c.so[0m
[13.100s] [100%] [32m[1mLinking C shared module rosidl_generator_py/canopen_interfaces/canopen_interfaces_s__rosidl_typesupport_fastrtps_c.so[0m
[13.213s] [100%] Built target canopen_interfaces_s__rosidl_typesupport_c
[13.213s] [100%] Built target canopen_interfaces_s__rosidl_typesupport_fastrtps_c
[13.213s] [100%] Built target canopen_interfaces_s__rosidl_typesupport_introspection_c
[13.224s] Invoked command in '/home/ishaan/eboat_src/build/canopen_interfaces' returned '0': CMAKE_PREFIX_PATH=${CMAKE_PREFIX_PATH}:/home/ishaan/eboat_src/ros_ws/install/shore_comms:/home/ishaan/eboat_src/ros_ws/install/motor_node_test:/home/ishaan/eboat_src/ros_ws/install/motor_node:/home/ishaan/eboat_src/ros_ws/install/motion_node_test:/home/ishaan/eboat_src/ros_ws/install/motion_node:/home/ishaan/eboat_src/ros_ws/install/electrical_node_test:/home/ishaan/eboat_src/ros_ws/install/electrical_node:/home/ishaan/eboat_src/ros_ws/install/canopen_utils:/home/ishaan/eboat_src/ros_ws/install/alarms_watchdog_node:/home/ishaan/eboat_src/ros_ws/install/GPIO_Test:/opt/ros/kilted /usr/bin/cmake --build /home/ishaan/eboat_src/build/canopen_interfaces -- -j16 -l16
[13.226s] Invoking command in '/home/ishaan/eboat_src/build/canopen_interfaces': CMAKE_PREFIX_PATH=${CMAKE_PREFIX_PATH}:/home/ishaan/eboat_src/ros_ws/install/shore_comms:/home/ishaan/eboat_src/ros_ws/install/motor_node_test:/home/ishaan/eboat_src/ros_ws/install/motor_node:/home/ishaan/eboat_src/ros_ws/install/motion_node_test:/home/ishaan/eboat_src/ros_ws/install/motion_node:/home/ishaan/eboat_src/ros_ws/install/electrical_node_test:/home/ishaan/eboat_src/ros_ws/install/electrical_node:/home/ishaan/eboat_src/ros_ws/install/canopen_utils:/home/ishaan/eboat_src/ros_ws/install/alarms_watchdog_node:/home/ishaan/eboat_src/ros_ws/install/GPIO_Test:/opt/ros/kilted /usr/bin/cmake --install /home/ishaan/eboat_src/build/canopen_interfaces
[13.232s] -- Install configuration: ""
[13.232s] -- Installing: /home/ishaan/eboat_src/install/canopen_interfaces/share/ament_index/resource_index/rosidl_interfaces/canopen_interfaces
[13.233s] -- Installing: /home/ishaan/eboat_src/install/canopen_interfaces/share/canopen_interfaces/srv/COHeartbeatID.json
[13.233s] -- Installing: /home/ishaan/eboat_src/install/canopen_interfaces/share/canopen_interfaces/srv/CONmtID.json
[13.233s] -- Installing: /home/ishaan/eboat_src/install/canopen_interfaces/share/canopen_interfaces/srv/CORead.json
[13.233s] -- Installing: /home/ishaan/eboat_src/install/canopen_interfaces/share/canopen_interfaces/srv/COReadID.json
[13.233s] -- Installing: /home/ishaan/eboat_src/install/canopen_interfaces/share/canopen_interfaces/srv/COWrite.json
[13.233s] -- Installing: /home/ishaan/eboat_src/install/canopen_interfaces/share/canopen_interfaces/srv/COWriteID.json
[13.234s] -- Installing: /home/ishaan/eboat_src/install/canopen_interfaces/share/canopen_interfaces/srv/COTargetDouble.json
[13.234s] -- Installing: /home/ishaan/eboat_src/install/canopen_interfaces/share/canopen_interfaces/srv/CONode.json
[13.234s] -- Installing: /home/ishaan/eboat_src/install/canopen_interfaces/share/canopen_interfaces/msg/COData.json
[13.234s] -- Up-to-date: /home/ishaan/eboat_src/install/canopen_interfaces/include/canopen_interfaces/canopen_interfaces
[13.234s] -- Up-to-date: /home/ishaan/eboat_src/install/canopen_interfaces/include/canopen_interfaces/canopen_interfaces/srv
[13.234s] -- Installing: /home/ishaan/eboat_src/install/canopen_interfaces/include/canopen_interfaces/canopen_interfaces/srv/co_nmt_id.h
[13.234s] -- Installing: /home/ishaan/eboat_src/install/canopen_interfaces/include/canopen_interfaces/canopen_interfaces/srv/co_node.h
[13.235s] -- Up-to-date: /home/ishaan/eboat_src/install/canopen_interfaces/include/canopen_interfaces/canopen_interfaces/srv/detail
[13.235s] -- Installing: /home/ishaan/eboat_src/install/canopen_interfaces/include/canopen_interfaces/canopen_interfaces/srv/detail/co_nmt_id__description.c
[13.235s] -- Installing: /home/ishaan/eboat_src/install/canopen_interfaces/include/canopen_interfaces/canopen_interfaces/srv/detail/co_write__description.c
[13.235s] -- Installing: /home/ishaan/eboat_src/install/canopen_interfaces/include/canopen_interfaces/canopen_interfaces/srv/detail/co_write__type_support.h
[13.235s] -- Installing: /home/ishaan/eboat_src/install/canopen_interfaces/include/canopen_interfaces/canopen_interfaces/srv/detail/co_read_id__type_support.h
[13.235s] -- Installing: /home/ishaan/eboat_src/install/canopen_interfaces/include/canopen_interfaces/canopen_interfaces/srv/detail/co_node__struct.h
[13.236s] -- Installing: /home/ishaan/eboat_src/install/canopen_interfaces/include/canopen_interfaces/canopen_interfaces/srv/detail/co_nmt_id__functions.c
[13.236s] -- Installing: /home/ishaan/eboat_src/install/canopen_interfaces/include/canopen_interfaces/canopen_interfaces/srv/detail/co_write__functions.h
[13.236s] -- Installing: /home/ishaan/eboat_src/install/canopen_interfaces/include/canopen_interfaces/canopen_interfaces/srv/detail/co_target_double__struct.h
[13.236s] -- Installing: /home/ishaan/eboat_src/install/canopen_interfaces/include/canopen_interfaces/canopen_interfaces/srv/detail/co_target_double__description.c
[13.236s] -- Installing: /home/ishaan/eboat_src/install/canopen_interfaces/include/canopen_interfaces/canopen_interfaces/srv/detail/co_read__type_support.c
[13.237s] -- Installing: /home/ishaan/eboat_src/install/canopen_interfaces/include/canopen_interfaces/canopen_interfaces/srv/detail/co_heartbeat_id__functions.c
[13.237s] -- Installing: /home/ishaan/eboat_src/install/canopen_interfaces/include/canopen_interfaces/canopen_interfaces/srv/detail/co_target_double__functions.c
[13.237s] -- Installing: /home/ishaan/eboat_src/install/canopen_interfaces/include/canopen_interfaces/canopen_interfaces/srv/detail/co_read__functions.c
[13.237s] -- Installing: /home/ishaan/eboat_src/install/canopen_interfaces/include/canopen_interfaces/canopen_interfaces/srv/detail/co_write_id__type_support.c
[13.237s] -- Installing: /home/ishaan/eboat_src/install/canopen_interfaces/include/canopen_interfaces/canopen_interfaces/srv/detail/co_write__struct.h
[13.238s] -- Installing: /home/ishaan/eboat_src/install/canopen_interfaces/include/canopen_interfaces/canopen_interfaces/srv/detail/co_read_id__struct.h
[13.238s] -- Installing: /home/ishaan/eboat_src/install/canopen_interfaces/include/canopen_interfaces/canopen_interfaces/srv/detail/co_read_id__type_support.c
[13.238s] -- Installing: /home/ishaan/eboat_src/install/canopen_interfaces/include/canopen_interfaces/canopen_interfaces/srv/detail/co_read_id__functions.h
[13.238s] -- Installing: /home/ishaan/eboat_src/install/canopen_interfaces/include/canopen_interfaces/canopen_interfaces/srv/detail/co_read_id__functions.c
[13.238s] -- Installing: /home/ishaan/eboat_src/install/canopen_interfaces/include/canopen_interfaces/canopen_interfaces/srv/detail/co_node__type_support.c
[13.238s] -- Installing: /home/ishaan/eboat_src/install/canopen_interfaces/include/canopen_interfaces/canopen_interfaces/srv/detail/co_write_id__functions.c
[13.239s] -- Installing: /home/ishaan/eboat_src/install/canopen_interfaces/include/canopen_interfaces/canopen_interfaces/srv/detail/co_write_id__struct.h
[13.239s] -- Installing: /home/ishaan/eboat_src/install/canopen_interfaces/include/canopen_interfaces/canopen_interfaces/srv/detail/co_nmt_id__type_support.h
[13.239s] -- Installing: /home/ishaan/eboat_src/install/canopen_interfaces/include/canopen_interfaces/canopen_interfaces/srv/detail/co_write_id__description.c
[13.239s] -- Installing: /home/ishaan/eboat_src/install/canopen_interfaces/include/canopen_interfaces/canopen_interfaces/srv/detail/co_node__functions.c
[13.240s] -- Installing: /home/ishaan/eboat_src/install/canopen_interfaces/include/canopen_interfaces/canopen_interfaces/srv/detail/co_write__type_support.c
[13.240s] -- Installing: /home/ishaan/eboat_src/install/canopen_interfaces/include/canopen_interfaces/canopen_interfaces/srv/detail/co_node__functions.h
[13.240s] -- Installing: /home/ishaan/eboat_src/install/canopen_interfaces/include/canopen_interfaces/canopen_interfaces/srv/detail/co_target_double__functions.h
[13.240s] -- Installing: /home/ishaan/eboat_src/install/canopen_interfaces/include/canopen_interfaces/canopen_interfaces/srv/detail/co_read__type_support.h
[13.240s] -- Installing: /home/ishaan/eboat_src/install/canopen_interfaces/include/canopen_interfaces/canopen_interfaces/srv/detail/co_read__functions.h
[13.241s] -- Installing: /home/ishaan/eboat_src/install/canopen_interfaces/include/canopen_interfaces/canopen_interfaces/srv/detail/co_heartbeat_id__struct.h
[13.241s] -- Installing: /home/ishaan/eboat_src/install/canopen_interfaces/include/canopen_interfaces/canopen_interfaces/srv/detail/co_heartbeat_id__functions.h
[13.241s] -- Installing: /home/ishaan/eboat_src/install/canopen_interfaces/include/canopen_interfaces/canopen_interfaces/srv/detail/co_nmt_id__functions.h
[13.241s] -- Installing: /home/ishaan/eboat_src/install/canopen_interfaces/include/canopen_interfaces/canopen_interfaces/srv/detail/co_heartbeat_id__type_support.c
[13.241s] -- Installing: /home/ishaan/eboat_src/install/canopen_interfaces/include/canopen_interfaces/canopen_interfaces/srv/detail/co_read_id__description.c
[13.242s] -- Installing: /home/ishaan/eboat_src/install/canopen_interfaces/include/canopen_interfaces/canopen_interfaces/srv/detail/co_target_double__type_support.c
[13.242s] -- Installing: /home/ishaan/eboat_src/install/canopen_interfaces/include/canopen_interfaces/canopen_interfaces/srv/detail/co_nmt_id__struct.h
[13.242s] -- Installing: /home/ishaan/eboat_src/install/canopen_interfaces/include/canopen_interfaces/canopen_interfaces/srv/detail/co_node__description.c
[13.243s] -- Installing: /home/ishaan/eboat_src/install/canopen_interfaces/include/canopen_interfaces/canopen_interfaces/srv/detail/co_target_double__type_support.h
[13.243s] -- Installing: /home/ishaan/eboat_src/install/canopen_interfaces/include/canopen_interfaces/canopen_interfaces/srv/detail/co_read__struct.h
[13.243s] -- Installing: /home/ishaan/eboat_src/install/canopen_interfaces/include/canopen_interfaces/canopen_interfaces/srv/detail/co_write_id__type_support.h
[13.243s] -- Installing: /home/ishaan/eboat_src/install/canopen_interfaces/include/canopen_interfaces/canopen_interfaces/srv/detail/co_read__description.c
[13.244s] -- Installing: /home/ishaan/eboat_src/install/canopen_interfaces/include/canopen_interfaces/canopen_interfaces/srv/detail/co_write_id__functions.h
[13.244s] -- Installing: /home/ishaan/eboat_src/install/canopen_interfaces/include/canopen_interfaces/canopen_interfaces/srv/detail/co_nmt_id__type_support.c
[13.244s] -- Installing: /home/ishaan/eboat_src/install/canopen_interfaces/include/canopen_interfaces/canopen_interfaces/srv/detail/co_heartbeat_id__type_support.h
[13.244s] -- Installing: /home/ishaan/eboat_src/install/canopen_interfaces/include/canopen_interfaces/canopen_interfaces/srv/detail/co_write__functions.c
[13.244s] -- Installing: /home/ishaan/eboat_src/install/canopen_interfaces/include/canopen_interfaces/canopen_interfaces/srv/detail/co_heartbeat_id__description.c
[13.244s] -- Installing: /home/ishaan/eboat_src/install/canopen_interfaces/include/canopen_interfaces/canopen_interfaces/srv/detail/co_node__type_support.h
[13.245s] -- Installing: /home/ishaan/eboat_src/install/canopen_interfaces/include/canopen_interfaces/canopen_interfaces/srv/co_target_double.h
[13.245s] -- Installing: /home/ishaan/eboat_src/install/canopen_interfaces/include/canopen_interfaces/canopen_interfaces/srv/co_write_id.h
[13.245s] -- Installing: /home/ishaan/eboat_src/install/canopen_interfaces/include/canopen_interfaces/canopen_interfaces/srv/co_read_id.h
[13.245s] -- Installing: /home/ishaan/eboat_src/install/canopen_interfaces/include/canopen_interfaces/canopen_interfaces/srv/co_read.h
[13.245s] -- Installing: /home/ishaan/eboat_src/install/canopen_interfaces/include/canopen_interfaces/canopen_interfaces/srv/co_heartbeat_id.h
[13.245s] -- Installing: /home/ishaan/eboat_src/install/canopen_interfaces/include/canopen_interfaces/canopen_interfaces/srv/co_write.h
[13.245s] -- Up-to-date: /home/ishaan/eboat_src/install/canopen_interfaces/include/canopen_interfaces/canopen_interfaces/msg
[13.245s] -- Up-to-date: /home/ishaan/eboat_src/install/canopen_interfaces/include/canopen_interfaces/canopen_interfaces/msg/detail
[13.246s] -- Installing: /home/ishaan/eboat_src/install/canopen_interfaces/include/canopen_interfaces/canopen_interfaces/msg/detail/co_data__type_support.h
[13.246s] -- Installing: /home/ishaan/eboat_src/install/canopen_interfaces/include/canopen_interfaces/canopen_interfaces/msg/detail/co_data__struct.h
[13.246s] -- Installing: /home/ishaan/eboat_src/install/canopen_interfaces/include/canopen_interfaces/canopen_interfaces/msg/detail/co_data__type_support.c
[13.246s] -- Installing: /home/ishaan/eboat_src/install/canopen_interfaces/include/canopen_interfaces/canopen_interfaces/msg/detail/co_data__functions.h
[13.246s] -- Installing: /home/ishaan/eboat_src/install/canopen_interfaces/include/canopen_interfaces/canopen_interfaces/msg/detail/co_data__description.c
[13.247s] -- Installing: /home/ishaan/eboat_src/install/canopen_interfaces/include/canopen_interfaces/canopen_interfaces/msg/detail/co_data__functions.c
[13.247s] -- Installing: /home/ishaan/eboat_src/install/canopen_interfaces/include/canopen_interfaces/canopen_interfaces/msg/co_data.h
[13.247s] -- Installing: /home/ishaan/eboat_src/install/canopen_interfaces/include/canopen_interfaces/canopen_interfaces/msg/rosidl_generator_c__visibility_control.h
[13.247s] -- Installing: /home/ishaan/eboat_src/install/canopen_interfaces/share/canopen_interfaces/environment/library_path.sh
[13.247s] -- Installing: /home/ishaan/eboat_src/install/canopen_interfaces/share/canopen_interfaces/environment/library_path.dsv
[13.247s] -- Installing: /home/ishaan/eboat_src/install/canopen_interfaces/lib/libcanopen_interfaces__rosidl_generator_c.so
[13.247s] -- Set non-toolchain portion of runtime path of "/home/ishaan/eboat_src/install/canopen_interfaces/lib/libcanopen_interfaces__rosidl_generator_c.so" to ""
[13.248s] -- Up-to-date: /home/ishaan/eboat_src/install/canopen_interfaces/include/canopen_interfaces/canopen_interfaces
[13.248s] -- Up-to-date: /home/ishaan/eboat_src/install/canopen_interfaces/include/canopen_interfaces/canopen_interfaces/srv
[13.248s] -- Up-to-date: /home/ishaan/eboat_src/install/canopen_interfaces/include/canopen_interfaces/canopen_interfaces/srv/detail
[13.248s] -- Installing: /home/ishaan/eboat_src/install/canopen_interfaces/include/canopen_interfaces/canopen_interfaces/srv/detail/co_nmt_id__rosidl_typesupport_fastrtps_c.h
[13.249s] -- Installing: /home/ishaan/eboat_src/install/canopen_interfaces/include/canopen_interfaces/canopen_interfaces/srv/detail/co_heartbeat_id__rosidl_typesupport_fastrtps_c.h
[13.249s] -- Installing: /home/ishaan/eboat_src/install/canopen_interfaces/include/canopen_interfaces/canopen_interfaces/srv/detail/co_node__rosidl_typesupport_fastrtps_c.h
[13.249s] -- Installing: /home/ishaan/eboat_src/install/canopen_interfaces/include/canopen_interfaces/canopen_interfaces/srv/detail/co_read_id__rosidl_typesupport_fastrtps_c.h
[13.249s] -- Installing: /home/ishaan/eboat_src/install/canopen_interfaces/include/canopen_interfaces/canopen_interfaces/srv/detail/co_write__rosidl_typesupport_fastrtps_c.h
[13.250s] -- Installing: /home/ishaan/eboat_src/install/canopen_interfaces/include/canopen_interfaces/canopen_interfaces/srv/detail/co_read__rosidl_typesupport_fastrtps_c.h
[13.250s] -- Installing: /home/ishaan/eboat_src/install/canopen_interfaces/include/canopen_interfaces/canopen_interfaces/srv/detail/co_target_double__rosidl_typesupport_fastrtps_c.h
[13.250s] -- Installing: /home/ishaan/eboat_src/install/canopen_interfaces/include/canopen_interfaces/canopen_interfaces/srv/detail/co_write_id__rosidl_typesupport_fastrtps_c.h
[13.250s] -- Up-to-date: /home/ishaan/eboat_src/install/canopen_interfaces/include/canopen_interfaces/canopen_interfaces/msg
[13.250s] -- Installing: /home/ishaan/eboat_src/install/canopen_interfaces/include/canopen_interfaces/canopen_interfaces/msg/rosidl_typesupport_fastrtps_c__visibility_control.h
[13.250s] -- Up-to-date: /home/ishaan/eboat_src/install/canopen_interfaces/include/canopen_interfaces/canopen_interfaces/msg/detail
[13.250s] -- Installing: /home/ishaan/eboat_src/install/canopen_interfaces/include/canopen_interfaces/canopen_interfaces/msg/detail/co_data__rosidl_typesupport_fastrtps_c.h
[13.250s] -- Installing: /home/ishaan/eboat_src/install/canopen_interfaces/lib/libcanopen_interfaces__rosidl_typesupport_fastrtps_c.so
[13.250s] -- Set non-toolchain portion of runtime path of "/home/ishaan/eboat_src/install/canopen_interfaces/lib/libcanopen_interfaces__rosidl_typesupport_fastrtps_c.so" to ""
[13.250s] -- Up-to-date: /home/ishaan/eboat_src/install/canopen_interfaces/include/canopen_interfaces/canopen_interfaces
[13.250s] -- Up-to-date: /home/ishaan/eboat_src/install/canopen_interfaces/include/canopen_interfaces/canopen_interfaces/srv
[13.251s] -- Up-to-date: /home/ishaan/eboat_src/install/canopen_interfaces/include/canopen_interfaces/canopen_interfaces/srv/detail
[13.251s] -- Installing: /home/ishaan/eboat_src/install/canopen_interfaces/include/canopen_interfaces/canopen_interfaces/srv/detail/co_write_id__rosidl_typesupport_introspection_c.h
[13.251s] -- Installing: /home/ishaan/eboat_src/install/canopen_interfaces/include/canopen_interfaces/canopen_interfaces/srv/detail/co_read__type_support.c
[13.251s] -- Installing: /home/ishaan/eboat_src/install/canopen_interfaces/include/canopen_interfaces/canopen_interfaces/srv/detail/co_write_id__type_support.c
[13.252s] -- Installing: /home/ishaan/eboat_src/install/canopen_interfaces/include/canopen_interfaces/canopen_interfaces/srv/detail/co_read_id__rosidl_typesupport_introspection_c.h
[13.252s] -- Installing: /home/ishaan/eboat_src/install/canopen_interfaces/include/canopen_interfaces/canopen_interfaces/srv/detail/co_read_id__type_support.c
[13.252s] -- Installing: /home/ishaan/eboat_src/install/canopen_interfaces/include/canopen_interfaces/canopen_interfaces/srv/detail/co_nmt_id__rosidl_typesupport_introspection_c.h
[13.252s] -- Installing: /home/ishaan/eboat_src/install/canopen_interfaces/include/canopen_interfaces/canopen_interfaces/srv/detail/co_node__type_support.c
[13.252s] -- Installing: /home/ishaan/eboat_src/install/canopen_interfaces/include/canopen_interfaces/canopen_interfaces/srv/detail/co_read__rosidl_typesupport_introspection_c.h
[13.253s] -- Installing: /home/ishaan/eboat_src/install/canopen_interfaces/include/canopen_interfaces/canopen_interfaces/srv/detail/co_write__rosidl_typesupport_introspection_c.h
[13.253s] -- Installing: /home/ishaan/eboat_src/install/canopen_interfaces/include/canopen_interfaces/canopen_interfaces/srv/detail/co_write__type_support.c
[13.253s] -- Installing: /home/ishaan/eboat_src/install/canopen_interfaces/include/canopen_interfaces/canopen_interfaces/srv/detail/co_heartbeat_id__rosidl_typesupport_introspection_c.h
[13.253s] -- Installing: /home/ishaan/eboat_src/install/canopen_interfaces/include/canopen_interfaces/canopen_interfaces/srv/detail/co_node__rosidl_typesupport_introspection_c.h
[13.254s] -- Installing: /home/ishaan/eboat_src/install/canopen_interfaces/include/canopen_interfaces/canopen_interfaces/srv/detail/co_heartbeat_id__type_support.c
[13.254s] -- Installing: /home/ishaan/eboat_src/install/canopen_interfaces/include/canopen_interfaces/canopen_interfaces/srv/detail/co_target_double__rosidl_typesupport_introspection_c.h
[13.254s] -- Installing: /home/ishaan/eboat_src/install/canopen_interfaces/include/canopen_interfaces/canopen_interfaces/srv/detail/co_target_double__type_support.c
[13.255s] -- Installing: /home/ishaan/eboat_src/install/canopen_interfaces/include/canopen_interfaces/canopen_interfaces/srv/detail/co_nmt_id__type_support.c
[13.255s] -- Up-to-date: /home/ishaan/eboat_src/install/canopen_interfaces/include/canopen_interfaces/canopen_interfaces/msg
[13.255s] -- Installing: /home/ishaan/eboat_src/install/canopen_interfaces/include/canopen_interfaces/canopen_interfaces/msg/rosidl_typesupport_introspection_c__visibility_control.h
[13.255s] -- Up-to-date: /home/ishaan/eboat_src/install/canopen_interfaces/include/canopen_interfaces/canopen_interfaces/msg/detail
[13.255s] -- Installing: /home/ishaan/eboat_src/install/canopen_interfaces/include/canopen_interfaces/canopen_interfaces/msg/detail/co_data__type_support.c
[13.256s] -- Installing: /home/ishaan/eboat_src/install/canopen_interfaces/include/canopen_interfaces/canopen_interfaces/msg/detail/co_data__rosidl_typesupport_introspection_c.h
[13.256s] -- Installing: /home/ishaan/eboat_src/install/canopen_interfaces/lib/libcanopen_interfaces__rosidl_typesupport_introspection_c.so
[13.256s] -- Set non-toolchain portion of runtime path of "/home/ishaan/eboat_src/install/canopen_interfaces/lib/libcanopen_interfaces__rosidl_typesupport_introspection_c.so" to ""
[13.256s] -- Installing: /home/ishaan/eboat_src/install/canopen_interfaces/lib/libcanopen_interfaces__rosidl_typesupport_c.so
[13.257s] -- Set non-toolchain portion of runtime path of "/home/ishaan/eboat_src/install/canopen_interfaces/lib/libcanopen_interfaces__rosidl_typesupport_c.so" to ""
[13.257s] -- Up-to-date: /home/ishaan/eboat_src/install/canopen_interfaces/include/canopen_interfaces/canopen_interfaces
[13.257s] -- Up-to-date: /home/ishaan/eboat_src/install/canopen_interfaces/include/canopen_interfaces/canopen_interfaces/srv
[13.257s] -- Installing: /home/ishaan/eboat_src/install/canopen_interfaces/include/canopen_interfaces/canopen_interfaces/srv/co_heartbeat_id.hpp
[13.257s] -- Up-to-date: /home/ishaan/eboat_src/install/canopen_interfaces/include/canopen_interfaces/canopen_interfaces/srv/detail
[13.258s] -- Installing: /home/ishaan/eboat_src/install/canopen_interfaces/include/canopen_interfaces/canopen_interfaces/srv/detail/co_heartbeat_id__type_support.hpp
[13.258s] -- Installing: /home/ishaan/eboat_src/install/canopen_interfaces/include/canopen_interfaces/canopen_interfaces/srv/detail/co_target_double__type_support.hpp
[13.258s] -- Installing: /home/ishaan/eboat_src/install/canopen_interfaces/include/canopen_interfaces/canopen_interfaces/srv/detail/co_read_id__struct.hpp
[13.258s] -- Installing: /home/ishaan/eboat_src/install/canopen_interfaces/include/canopen_interfaces/canopen_interfaces/srv/detail/co_nmt_id__traits.hpp
[13.258s] -- Installing: /home/ishaan/eboat_src/install/canopen_interfaces/include/canopen_interfaces/canopen_interfaces/srv/detail/co_write_id__struct.hpp
[13.258s] -- Installing: /home/ishaan/eboat_src/install/canopen_interfaces/include/canopen_interfaces/canopen_interfaces/srv/detail/co_read__type_support.hpp
[13.258s] -- Installing: /home/ishaan/eboat_src/install/canopen_interfaces/include/canopen_interfaces/canopen_interfaces/srv/detail/co_read__builder.hpp
[13.259s] -- Installing: /home/ishaan/eboat_src/install/canopen_interfaces/include/canopen_interfaces/canopen_interfaces/srv/detail/co_read_id__builder.hpp
[13.259s] -- Installing: /home/ishaan/eboat_src/install/canopen_interfaces/include/canopen_interfaces/canopen_interfaces/srv/detail/co_read__traits.hpp
[13.259s] -- Installing: /home/ishaan/eboat_src/install/canopen_interfaces/include/canopen_interfaces/canopen_interfaces/srv/detail/co_read_id__traits.hpp
[13.259s] -- Installing: /home/ishaan/eboat_src/install/canopen_interfaces/include/canopen_interfaces/canopen_interfaces/srv/detail/co_write_id__builder.hpp
[13.259s] -- Installing: /home/ishaan/eboat_src/install/canopen_interfaces/include/canopen_interfaces/canopen_interfaces/srv/detail/co_node__traits.hpp
[13.259s] -- Installing: /home/ishaan/eboat_src/install/canopen_interfaces/include/canopen_interfaces/canopen_interfaces/srv/detail/co_write__traits.hpp
[13.260s] -- Installing: /home/ishaan/eboat_src/install/canopen_interfaces/include/canopen_interfaces/canopen_interfaces/srv/detail/co_write__builder.hpp
[13.260s] -- Installing: /home/ishaan/eboat_src/install/canopen_interfaces/include/canopen_interfaces/canopen_interfaces/srv/detail/co_target_double__traits.hpp
[13.260s] -- Installing: /home/ishaan/eboat_src/install/canopen_interfaces/include/canopen_interfaces/canopen_interfaces/srv/detail/co_write__type_support.hpp
[13.260s] -- Installing: /home/ishaan/eboat_src/install/canopen_interfaces/include/canopen_interfaces/canopen_interfaces/srv/detail/co_write__struct.hpp
[13.261s] -- Installing: /home/ishaan/eboat_src/install/canopen_interfaces/include/canopen_interfaces/canopen_interfaces/srv/detail/co_nmt_id__type_support.hpp
[13.261s] -- Installing: /home/ishaan/eboat_src/install/canopen_interfaces/include/canopen_interfaces/canopen_interfaces/srv/detail/co_node__type_support.hpp
[13.261s] -- Installing: /home/ishaan/eboat_src/install/canopen_interfaces/include/canopen_interfaces/canopen_interfaces/srv/detail/co_write_id__traits.hpp
[13.262s] -- Installing: /home/ishaan/eboat_src/install/canopen_interfaces/include/canopen_interfaces/canopen_interfaces/srv/detail/co_read__struct.hpp
[13.262s] -- Installing: /home/ishaan/eboat_src/install/canopen_interfaces/include/canopen_interfaces/canopen_interfaces/srv/detail/co_nmt_id__struct.hpp
[13.262s] -- Installing: /home/ishaan/eboat_src/install/canopen_interfaces/include/canopen_interfaces/canopen_interfaces/srv/detail/co_write_id__type_support.hpp
[13.262s] -- Installing: /home/ishaan/eboat_src/install/canopen_interfaces/include/canopen_interfaces/canopen_interfaces/srv/detail/co_target_double__builder.hpp
[13.262s] -- Installing: /home/ishaan/eboat_src/install/canopen_interfaces/include/canopen_interfaces/canopen_interfaces/srv/detail/co_node__builder.hpp
[13.262s] -- Installing: /home/ishaan/eboat_src/install/canopen_interfaces/include/canopen_interfaces/canopen_interfaces/srv/detail/co_node__struct.hpp
[13.263s] -- Installing: /home/ishaan/eboat_src/install/canopen_interfaces/include/canopen_interfaces/canopen_interfaces/srv/detail/co_heartbeat_id__builder.hpp
[13.263s] -- Installing: /home/ishaan/eboat_src/install/canopen_interfaces/include/canopen_interfaces/canopen_interfaces/srv/detail/co_heartbeat_id__struct.hpp
[13.263s] -- Installing: /home/ishaan/eboat_src/install/canopen_interfaces/include/canopen_interfaces/canopen_interfaces/srv/detail/co_read_id__type_support.hpp
[13.263s] -- Installing: /home/ishaan/eboat_src/install/canopen_interfaces/include/canopen_interfaces/canopen_interfaces/srv/detail/co_nmt_id__builder.hpp
[13.263s] -- Installing: /home/ishaan/eboat_src/install/canopen_interfaces/include/canopen_interfaces/canopen_interfaces/srv/detail/co_target_double__struct.hpp
[13.263s] -- Installing: /home/ishaan/eboat_src/install/canopen_interfaces/include/canopen_interfaces/canopen_interfaces/srv/detail/co_heartbeat_id__traits.hpp
[13.263s] -- Installing: /home/ishaan/eboat_src/install/canopen_interfaces/include/canopen_interfaces/canopen_interfaces/srv/co_target_double.hpp
[13.263s] -- Installing: /home/ishaan/eboat_src/install/canopen_interfaces/include/canopen_interfaces/canopen_interfaces/srv/co_read.hpp
[13.263s] -- Installing: /home/ishaan/eboat_src/install/canopen_interfaces/include/canopen_interfaces/canopen_interfaces/srv/co_node.hpp
[13.263s] -- Installing: /home/ishaan/eboat_src/install/canopen_interfaces/include/canopen_interfaces/canopen_interfaces/srv/co_read_id.hpp
[13.264s] -- Installing: /home/ishaan/eboat_src/install/canopen_interfaces/include/canopen_interfaces/canopen_interfaces/srv/co_write.hpp
[13.264s] -- Installing: /home/ishaan/eboat_src/install/canopen_interfaces/include/canopen_interfaces/canopen_interfaces/srv/co_write_id.hpp
[13.264s] -- Installing: /home/ishaan/eboat_src/install/canopen_interfaces/include/canopen_interfaces/canopen_interfaces/srv/co_nmt_id.hpp
[13.264s] -- Up-to-date: /home/ishaan/eboat_src/install/canopen_interfaces/include/canopen_interfaces/canopen_interfaces/msg
[13.264s] -- Installing: /home/ishaan/eboat_src/install/canopen_interfaces/include/canopen_interfaces/canopen_interfaces/msg/co_data.hpp
[13.264s] -- Up-to-date: /home/ishaan/eboat_src/install/canopen_interfaces/include/canopen_interfaces/canopen_interfaces/msg/detail
[13.264s] -- Installing: /home/ishaan/eboat_src/install/canopen_interfaces/include/canopen_interfaces/canopen_interfaces/msg/detail/co_data__builder.hpp
[13.264s] -- Installing: /home/ishaan/eboat_src/install/canopen_interfaces/include/canopen_interfaces/canopen_interfaces/msg/detail/co_data__traits.hpp
[13.265s] -- Installing: /home/ishaan/eboat_src/install/canopen_interfaces/include/canopen_interfaces/canopen_interfaces/msg/detail/co_data__struct.hpp
[13.265s] -- Installing: /home/ishaan/eboat_src/install/canopen_interfaces/include/canopen_interfaces/canopen_interfaces/msg/detail/co_data__type_support.hpp
[13.265s] -- Installing: /home/ishaan/eboat_src/install/canopen_interfaces/include/canopen_interfaces/canopen_interfaces/msg/rosidl_generator_cpp__visibility_control.hpp
[13.265s] -- Up-to-date: /home/ishaan/eboat_src/install/canopen_interfaces/include/canopen_interfaces/canopen_interfaces
[13.265s] -- Up-to-date: /home/ishaan/eboat_src/install/canopen_interfaces/include/canopen_interfaces/canopen_interfaces/srv
[13.265s] -- Up-to-date: /home/ishaan/eboat_src/install/canopen_interfaces/include/canopen_interfaces/canopen_interfaces/srv/detail
[13.266s] -- Installing: /home/ishaan/eboat_src/install/canopen_interfaces/include/canopen_interfaces/canopen_interfaces/srv/detail/co_node__rosidl_typesupport_fastrtps_cpp.hpp
[13.266s] -- Installing: /home/ishaan/eboat_src/install/canopen_interfaces/include/canopen_interfaces/canopen_interfaces/srv/detail/co_read__rosidl_typesupport_fastrtps_cpp.hpp
[13.266s] -- Installing: /home/ishaan/eboat_src/install/canopen_interfaces/include/canopen_interfaces/canopen_interfaces/srv/detail/co_write_id__rosidl_typesupport_fastrtps_cpp.hpp
[13.266s] -- Installing: /home/ishaan/eboat_src/install/canopen_interfaces/include/canopen_interfaces/canopen_interfaces/srv/detail/co_write__rosidl_typesupport_fastrtps_cpp.hpp
[13.266s] -- Installing: /home/ishaan/eboat_src/install/canopen_interfaces/include/canopen_interfaces/canopen_interfaces/srv/detail/co_nmt_id__rosidl_typesupport_fastrtps_cpp.hpp
[13.267s] -- Up-to-date: /home/ishaan/eboat_src/install/canopen_interfaces/include/canopen_interfaces/canopen_interfaces/srv/detail/dds_fastrtps
[13.267s] -- Installing: /home/ishaan/eboat_src/install/canopen_interfaces/include/canopen_interfaces/canopen_interfaces/srv/detail/co_target_double__rosidl_typesupport_fastrtps_cpp.hpp
[13.267s] -- Installing: /home/ishaan/eboat_src/install/canopen_interfaces/include/canopen_interfaces/canopen_interfaces/srv/detail/co_heartbeat_id__rosidl_typesupport_fastrtps_cpp.hpp
[13.268s] -- Installing: /home/ishaan/eboat_src/install/canopen_interfaces/include/canopen_interfaces/canopen_interfaces/srv/detail/co_read_id__rosidl_typesupport_fastrtps_cpp.hpp
[13.268s] -- Up-to-date: /home/ishaan/eboat_src/install/canopen_interfaces/include/canopen_interfaces/canopen_interfaces/msg
[13.268s] -- Up-to-date: /home/ishaan/eboat_src/install/canopen_interfaces/include/canopen_interfaces/canopen_interfaces/msg/detail
[13.268s] -- Installing: /home/ishaan/eboat_src/install/canopen_interfaces/include/canopen_interfaces/canopen_interfaces/msg/detail/co_data__rosidl_typesupport_fastrtps_cpp.hpp
[13.268s] -- Up-to-date: /home/ishaan/eboat_src/install/canopen_interfaces/include/canopen_interfaces/canopen_interfaces/msg/detail/dds_fastrtps
[13.269s] -- Installing: /home/ishaan/eboat_src/install/canopen_interfaces/include/canopen_interfaces/canopen_interfaces/msg/rosidl_typesupport_fastrtps_cpp__visibility_control.h
[13.269s] -- Installing: /home/ishaan/eboat_src/install/canopen_interfaces/lib/libcanopen_interfaces__rosidl_typesupport_fastrtps_cpp.so
[13.269s] -- Set non-toolchain portion of runtime path of "/home/ishaan/eboat_src/install/canopen_interfaces/lib/libcanopen_interfaces__rosidl_typesupport_fastrtps_cpp.so" to ""
[13.269s] -- Up-to-date: /home/ishaan/eboat_src/install/canopen_interfaces/include/canopen_interfaces/canopen_interfaces
[13.269s] -- Up-to-date: /home/ishaan/eboat_src/install/canopen_interfaces/include/canopen_interfaces/canopen_interfaces/srv
[13.270s] -- Up-to-date: /home/ishaan/eboat_src/install/canopen_interfaces/include/canopen_interfaces/canopen_interfaces/srv/detail
[13.270s] -- Installing: /home/ishaan/eboat_src/install/canopen_interfaces/include/canopen_interfaces/canopen_interfaces/srv/detail/co_write__type_support.cpp
[13.270s] -- Installing: /home/ishaan/eboat_src/install/canopen_interfaces/include/canopen_interfaces/canopen_interfaces/srv/detail/co_read_id__type_support.cpp
[13.270s] -- Installing: /home/ishaan/eboat_src/install/canopen_interfaces/include/canopen_interfaces/canopen_interfaces/srv/detail/co_nmt_id__type_support.cpp
[13.271s] -- Installing: /home/ishaan/eboat_src/install/canopen_interfaces/include/canopen_interfaces/canopen_interfaces/srv/detail/co_heartbeat_id__rosidl_typesupport_introspection_cpp.hpp
[13.271s] -- Installing: /home/ishaan/eboat_src/install/canopen_interfaces/include/canopen_interfaces/canopen_interfaces/srv/detail/co_nmt_id__rosidl_typesupport_introspection_cpp.hpp
[13.271s] -- Installing: /home/ishaan/eboat_src/install/canopen_interfaces/include/canopen_interfaces/canopen_interfaces/srv/detail/co_target_double__rosidl_typesupport_introspection_cpp.hpp
[13.271s] -- Installing: /home/ishaan/eboat_src/install/canopen_interfaces/include/canopen_interfaces/canopen_interfaces/srv/detail/co_target_double__type_support.cpp
[13.271s] -- Installing: /home/ishaan/eboat_src/install/canopen_interfaces/include/canopen_interfaces/canopen_interfaces/srv/detail/co_write__rosidl_typesupport_introspection_cpp.hpp
[13.272s] -- Installing: /home/ishaan/eboat_src/install/canopen_interfaces/include/canopen_interfaces/canopen_interfaces/srv/detail/co_node__type_support.cpp
[13.272s] -- Installing: /home/ishaan/eboat_src/install/canopen_interfaces/include/canopen_interfaces/canopen_interfaces/srv/detail/co_write_id__rosidl_typesupport_introspection_cpp.hpp
[13.272s] -- Installing: /home/ishaan/eboat_src/install/canopen_interfaces/include/canopen_interfaces/canopen_interfaces/srv/detail/co_read__rosidl_typesupport_introspection_cpp.hpp
[13.272s] -- Installing: /home/ishaan/eboat_src/install/canopen_interfaces/include/canopen_interfaces/canopen_interfaces/srv/detail/co_read_id__rosidl_typesupport_introspection_cpp.hpp
[13.273s] -- Installing: /home/ishaan/eboat_src/install/canopen_interfaces/include/canopen_interfaces/canopen_interfaces/srv/detail/co_write_id__type_support.cpp
[13.273s] -- Installing: /home/ishaan/eboat_src/install/canopen_interfaces/include/canopen_interfaces/canopen_interfaces/srv/detail/co_read__type_support.cpp
[13.273s] -- Installing: /home/ishaan/eboat_src/install/canopen_interfaces/include/canopen_interfaces/canopen_interfaces/srv/detail/co_heartbeat_id__type_support.cpp
[13.273s] -- Installing: /home/ishaan/eboat_src/install/canopen_interfaces/include/canopen_interfaces/canopen_interfaces/srv/detail/co_node__rosidl_typesupport_introspection_cpp.hpp
[13.274s] -- Up-to-date: /home/ishaan/eboat_src/install/canopen_interfaces/include/canopen_interfaces/canopen_interfaces/msg
[13.274s] -- Up-to-date: /home/ishaan/eboat_src/install/canopen_interfaces/include/canopen_interfaces/canopen_interfaces/msg/detail
[13.274s] -- Installing: /home/ishaan/eboat_src/install/canopen_interfaces/include/canopen_interfaces/canopen_interfaces/msg/detail/co_data__type_support.cpp
[13.274s] -- Installing: /home/ishaan/eboat_src/install/canopen_interfaces/include/canopen_interfaces/canopen_interfaces/msg/detail/co_data__rosidl_typesupport_introspection_cpp.hpp
[13.274s] -- Installing: /home/ishaan/eboat_src/install/canopen_interfaces/lib/libcanopen_interfaces__rosidl_typesupport_introspection_cpp.so
[13.275s] -- Set non-toolchain portion of runtime path of "/home/ishaan/eboat_src/install/canopen_interfaces/lib/libcanopen_interfaces__rosidl_typesupport_introspection_cpp.so" to ""
[13.275s] -- Installing: /home/ishaan/eboat_src/install/canopen_interfaces/lib/libcanopen_interfaces__rosidl_typesupport_cpp.so
[13.275s] -- Set non-toolchain portion of runtime path of "/home/ishaan/eboat_src/install/canopen_interfaces/lib/libcanopen_interfaces__rosidl_typesupport_cpp.so" to ""
[13.275s] -- Installing: /home/ishaan/eboat_src/install/canopen_interfaces/share/canopen_interfaces/environment/pythonpath.sh
[13.275s] -- Installing: /home/ishaan/eboat_src/install/canopen_interfaces/share/canopen_interfaces/environment/pythonpath.dsv
[13.275s] -- Installing: /home/ishaan/eboat_src/install/canopen_interfaces/lib/python3.12/site-packages/canopen_interfaces-0.3.1-py3.12.egg-info
[13.275s] -- Installing: /home/ishaan/eboat_src/install/canopen_interfaces/lib/python3.12/site-packages/canopen_interfaces-0.3.1-py3.12.egg-info/top_level.txt
[13.275s] -- Installing: /home/ishaan/eboat_src/install/canopen_interfaces/lib/python3.12/site-packages/canopen_interfaces-0.3.1-py3.12.egg-info/SOURCES.txt
[13.275s] -- Installing: /home/ishaan/eboat_src/install/canopen_interfaces/lib/python3.12/site-packages/canopen_interfaces-0.3.1-py3.12.egg-info/PKG-INFO
[13.275s] -- Installing: /home/ishaan/eboat_src/install/canopen_interfaces/lib/python3.12/site-packages/canopen_interfaces-0.3.1-py3.12.egg-info/dependency_links.txt
[13.275s] -- Installing: /home/ishaan/eboat_src/install/canopen_interfaces/lib/python3.12/site-packages/canopen_interfaces
[13.275s] -- Installing: /home/ishaan/eboat_src/install/canopen_interfaces/lib/python3.12/site-packages/canopen_interfaces/canopen_interfaces_s__rosidl_typesupport_c.so
[13.275s] -- Installing: /home/ishaan/eboat_src/install/canopen_interfaces/lib/python3.12/site-packages/canopen_interfaces/_canopen_interfaces_s.ep.rosidl_typesupport_c.c
[13.275s] -- Installing: /home/ishaan/eboat_src/install/canopen_interfaces/lib/python3.12/site-packages/canopen_interfaces/_canopen_interfaces_s.ep.rosidl_typesupport_fastrtps_c.c
[13.275s] -- Installing: /home/ishaan/eboat_src/install/canopen_interfaces/lib/python3.12/site-packages/canopen_interfaces/_canopen_interfaces_s.ep.rosidl_typesupport_introspection_c.c
[13.275s] -- Installing: /home/ishaan/eboat_src/install/canopen_interfaces/lib/python3.12/site-packages/canopen_interfaces/canopen_interfaces_s__rosidl_typesupport_fastrtps_c.so
[13.275s] -- Installing: /home/ishaan/eboat_src/install/canopen_interfaces/lib/python3.12/site-packages/canopen_interfaces/srv
[13.275s] -- Installing: /home/ishaan/eboat_src/install/canopen_interfaces/lib/python3.12/site-packages/canopen_interfaces/srv/_co_heartbeat_id_s.c
[13.276s] -- Installing: /home/ishaan/eboat_src/install/canopen_interfaces/lib/python3.12/site-packages/canopen_interfaces/srv/_co_read_id.py
[13.276s] -- Installing: /home/ishaan/eboat_src/install/canopen_interfaces/lib/python3.12/site-packages/canopen_interfaces/srv/_co_write_id.py
[13.276s] -- Installing: /home/ishaan/eboat_src/install/canopen_interfaces/lib/python3.12/site-packages/canopen_interfaces/srv/_co_write_id_s.c
[13.276s] -- Installing: /home/ishaan/eboat_src/install/canopen_interfaces/lib/python3.12/site-packages/canopen_interfaces/srv/_co_target_double.py
[13.276s] -- Installing: /home/ishaan/eboat_src/install/canopen_interfaces/lib/python3.12/site-packages/canopen_interfaces/srv/_co_nmt_id_s.c
[13.276s] -- Installing: /home/ishaan/eboat_src/install/canopen_interfaces/lib/python3.12/site-packages/canopen_interfaces/srv/_co_node.py
[13.276s] -- Installing: /home/ishaan/eboat_src/install/canopen_interfaces/lib/python3.12/site-packages/canopen_interfaces/srv/_co_read_s.c
[13.276s] -- Installing: /home/ishaan/eboat_src/install/canopen_interfaces/lib/python3.12/site-packages/canopen_interfaces/srv/_co_read_id_s.c
[13.276s] -- Installing: /home/ishaan/eboat_src/install/canopen_interfaces/lib/python3.12/site-packages/canopen_interfaces/srv/_co_read.py
[13.276s] -- Installing: /home/ishaan/eboat_src/install/canopen_interfaces/lib/python3.12/site-packages/canopen_interfaces/srv/_co_write_s.c
[13.276s] -- Installing: /home/ishaan/eboat_src/install/canopen_interfaces/lib/python3.12/site-packages/canopen_interfaces/srv/_co_node_s.c
[13.276s] -- Installing: /home/ishaan/eboat_src/install/canopen_interfaces/lib/python3.12/site-packages/canopen_interfaces/srv/_co_heartbeat_id.py
[13.276s] -- Installing: /home/ishaan/eboat_src/install/canopen_interfaces/lib/python3.12/site-packages/canopen_interfaces/srv/_co_nmt_id.py
[13.276s] -- Installing: /home/ishaan/eboat_src/install/canopen_interfaces/lib/python3.12/site-packages/canopen_interfaces/srv/_co_write.py
[13.276s] -- Installing: /home/ishaan/eboat_src/install/canopen_interfaces/lib/python3.12/site-packages/canopen_interfaces/srv/__init__.py
[13.276s] -- Installing: /home/ishaan/eboat_src/install/canopen_interfaces/lib/python3.12/site-packages/canopen_interfaces/srv/_co_target_double_s.c
[13.276s] -- Installing: /home/ishaan/eboat_src/install/canopen_interfaces/lib/python3.12/site-packages/canopen_interfaces/msg
[13.276s] -- Installing: /home/ishaan/eboat_src/install/canopen_interfaces/lib/python3.12/site-packages/canopen_interfaces/msg/_co_data.py
[13.276s] -- Installing: /home/ishaan/eboat_src/install/canopen_interfaces/lib/python3.12/site-packages/canopen_interfaces/msg/_co_data_s.c
[13.276s] -- Installing: /home/ishaan/eboat_src/install/canopen_interfaces/lib/python3.12/site-packages/canopen_interfaces/msg/__init__.py
[13.276s] -- Installing: /home/ishaan/eboat_src/install/canopen_interfaces/lib/python3.12/site-packages/canopen_interfaces/__init__.py
[13.276s] -- Installing: /home/ishaan/eboat_src/install/canopen_interfaces/lib/python3.12/site-packages/canopen_interfaces/canopen_interfaces_s__rosidl_typesupport_introspection_c.so
[13.324s] Listing '/home/ishaan/eboat_src/install/canopen_interfaces/lib/python3.12/site-packages/canopen_interfaces'...
[13.324s] Compiling '/home/ishaan/eboat_src/install/canopen_interfaces/lib/python3.12/site-packages/canopen_interfaces/__init__.py'...
[13.324s] Listing '/home/ishaan/eboat_src/install/canopen_interfaces/lib/python3.12/site-packages/canopen_interfaces/msg'...
[13.324s] Compiling '/home/ishaan/eboat_src/install/canopen_interfaces/lib/python3.12/site-packages/canopen_interfaces/msg/__init__.py'...
[13.324s] Compiling '/home/ishaan/eboat_src/install/canopen_interfaces/lib/python3.12/site-packages/canopen_interfaces/msg/_co_data.py'...
[13.324s] Listing '/home/ishaan/eboat_src/install/canopen_interfaces/lib/python3.12/site-packages/canopen_interfaces/srv'...
[13.324s] Compiling '/home/ishaan/eboat_src/install/canopen_interfaces/lib/python3.12/site-packages/canopen_interfaces/srv/__init__.py'...
[13.324s] Compiling '/home/ishaan/eboat_src/install/canopen_interfaces/lib/python3.12/site-packages/canopen_interfaces/srv/_co_heartbeat_id.py'...
[13.324s] Compiling '/home/ishaan/eboat_src/install/canopen_interfaces/lib/python3.12/site-packages/canopen_interfaces/srv/_co_nmt_id.py'...
[13.324s] Compiling '/home/ishaan/eboat_src/install/canopen_interfaces/lib/python3.12/site-packages/canopen_interfaces/srv/_co_node.py'...
[13.324s] Compiling '/home/ishaan/eboat_src/install/canopen_interfaces/lib/python3.12/site-packages/canopen_interfaces/srv/_co_read.py'...
[13.324s] Compiling '/home/ishaan/eboat_src/install/canopen_interfaces/lib/python3.12/site-packages/canopen_interfaces/srv/_co_read_id.py'...
[13.324s] Compiling '/home/ishaan/eboat_src/install/canopen_interfaces/lib/python3.12/site-packages/canopen_interfaces/srv/_co_target_double.py'...
[13.324s] Compiling '/home/ishaan/eboat_src/install/canopen_interfaces/lib/python3.12/site-packages/canopen_interfaces/srv/_co_write.py'...
[13.324s] Compiling '/home/ishaan/eboat_src/install/canopen_interfaces/lib/python3.12/site-packages/canopen_interfaces/srv/_co_write_id.py'...
[13.329s] -- Installing: /home/ishaan/eboat_src/install/canopen_interfaces/lib/python3.12/site-packages/canopen_interfaces/canopen_interfaces_s__rosidl_typesupport_fastrtps_c.so
[13.330s] -- Set non-toolchain portion of runtime path of "/home/ishaan/eboat_src/install/canopen_interfaces/lib/python3.12/site-packages/canopen_interfaces/canopen_interfaces_s__rosidl_typesupport_fastrtps_c.so" to ""
[13.330s] -- Installing: /home/ishaan/eboat_src/install/canopen_interfaces/lib/python3.12/site-packages/canopen_interfaces/canopen_interfaces_s__rosidl_typesupport_introspection_c.so
[13.330s] -- Set non-toolchain portion of runtime path of "/home/ishaan/eboat_src/install/canopen_interfaces/lib/python3.12/site-packages/canopen_interfaces/canopen_interfaces_s__rosidl_typesupport_introspection_c.so" to ""
[13.331s] -- Installing: /home/ishaan/eboat_src/install/canopen_interfaces/lib/python3.12/site-packages/canopen_interfaces/canopen_interfaces_s__rosidl_typesupport_c.so
[13.331s] -- Set non-toolchain portion of runtime path of "/home/ishaan/eboat_src/install/canopen_interfaces/lib/python3.12/site-packages/canopen_interfaces/canopen_interfaces_s__rosidl_typesupport_c.so" to ""
[13.331s] -- Installing: /home/ishaan/eboat_src/install/canopen_interfaces/lib/libcanopen_interfaces__rosidl_generator_py.so
[13.332s] -- Set non-toolchain portion of runtime path of "/home/ishaan/eboat_src/install/canopen_interfaces/lib/libcanopen_interfaces__rosidl_generator_py.so" to ""
[13.332s] -- Installing: /home/ishaan/eboat_src/install/canopen_interfaces/share/canopen_interfaces/srv/COHeartbeatID.idl
[13.332s] -- Installing: /home/ishaan/eboat_src/install/canopen_interfaces/share/canopen_interfaces/srv/CONmtID.idl
[13.332s] -- Installing: /home/ishaan/eboat_src/install/canopen_interfaces/share/canopen_interfaces/srv/CORead.idl
[13.332s] -- Installing: /home/ishaan/eboat_src/install/canopen_interfaces/share/canopen_interfaces/srv/COReadID.idl
[13.333s] -- Installing: /home/ishaan/eboat_src/install/canopen_interfaces/share/canopen_interfaces/srv/COWrite.idl
[13.333s] -- Installing: /home/ishaan/eboat_src/install/canopen_interfaces/share/canopen_interfaces/srv/COWriteID.idl
[13.333s] -- Installing: /home/ishaan/eboat_src/install/canopen_interfaces/share/canopen_interfaces/srv/COTargetDouble.idl
[13.333s] -- Installing: /home/ishaan/eboat_src/install/canopen_interfaces/share/canopen_interfaces/srv/CONode.idl
[13.333s] -- Installing: /home/ishaan/eboat_src/install/canopen_interfaces/share/canopen_interfaces/msg/COData.idl
[13.333s] -- Installing: /home/ishaan/eboat_src/install/canopen_interfaces/share/canopen_interfaces/srv/COHeartbeatID.srv
[13.334s] -- Installing: /home/ishaan/eboat_src/install/canopen_interfaces/share/canopen_interfaces/srv/CONmtID.srv
[13.334s] -- Installing: /home/ishaan/eboat_src/install/canopen_interfaces/share/canopen_interfaces/srv/CORead.srv
[13.334s] -- Installing: /home/ishaan/eboat_src/install/canopen_interfaces/share/canopen_interfaces/srv/COReadID.srv
[13.334s] -- Installing: /home/ishaan/eboat_src/install/canopen_interfaces/share/canopen_interfaces/srv/COWrite.srv
[13.335s] -- Installing: /home/ishaan/eboat_src/install/canopen_interfaces/share/canopen_interfaces/srv/COWriteID.srv
[13.335s] -- Installing: /home/ishaan/eboat_src/install/canopen_interfaces/share/canopen_interfaces/srv/COTargetDouble.srv
[13.335s] -- Installing: /home/ishaan/eboat_src/install/canopen_interfaces/share/canopen_interfaces/srv/CONode.srv
[13.335s] -- Installing: /home/ishaan/eboat_src/install/canopen_interfaces/share/canopen_interfaces/msg/COData.msg
[13.335s] -- Installing: /home/ishaan/eboat_src/install/canopen_interfaces/share/ament_index/resource_index/package_run_dependencies/canopen_interfaces
[13.336s] -- Installing: /home/ishaan/eboat_src/install/canopen_interfaces/share/ament_index/resource_index/parent_prefix_path/canopen_interfaces
[13.336s] -- Installing: /home/ishaan/eboat_src/install/canopen_interfaces/share/canopen_interfaces/environment/ament_prefix_path.sh
[13.336s] -- Installing: /home/ishaan/eboat_src/install/canopen_interfaces/share/canopen_interfaces/environment/ament_prefix_path.dsv
[13.336s] -- Installing: /home/ishaan/eboat_src/install/canopen_interfaces/share/canopen_interfaces/environment/path.sh
[13.336s] -- Installing: /home/ishaan/eboat_src/install/canopen_interfaces/share/canopen_interfaces/environment/path.dsv
[13.337s] -- Installing: /home/ishaan/eboat_src/install/canopen_interfaces/share/canopen_interfaces/local_setup.bash
[13.337s] -- Installing: /home/ishaan/eboat_src/install/canopen_interfaces/share/canopen_interfaces/local_setup.sh
[13.337s] -- Installing: /home/ishaan/eboat_src/install/canopen_interfaces/share/canopen_interfaces/local_setup.zsh
[13.337s] -- Installing: /home/ishaan/eboat_src/install/canopen_interfaces/share/canopen_interfaces/local_setup.dsv
[13.337s] -- Installing: /home/ishaan/eboat_src/install/canopen_interfaces/share/canopen_interfaces/package.dsv
[13.337s] -- Installing: /home/ishaan/eboat_src/install/canopen_interfaces/share/ament_index/resource_index/packages/canopen_interfaces
[13.338s] -- Installing: /home/ishaan/eboat_src/install/canopen_interfaces/share/canopen_interfaces/cmake/export_canopen_interfaces__rosidl_generator_cExport.cmake
[13.338s] -- Installing: /home/ishaan/eboat_src/install/canopen_interfaces/share/canopen_interfaces/cmake/export_canopen_interfaces__rosidl_generator_cExport-noconfig.cmake
[13.338s] -- Installing: /home/ishaan/eboat_src/install/canopen_interfaces/share/canopen_interfaces/cmake/export_canopen_interfaces__rosidl_typesupport_fastrtps_cExport.cmake
[13.338s] -- Installing: /home/ishaan/eboat_src/install/canopen_interfaces/share/canopen_interfaces/cmake/export_canopen_interfaces__rosidl_typesupport_fastrtps_cExport-noconfig.cmake
[13.338s] -- Installing: /home/ishaan/eboat_src/install/canopen_interfaces/share/canopen_interfaces/cmake/canopen_interfaces__rosidl_typesupport_introspection_cExport.cmake
[13.338s] -- Installing: /home/ishaan/eboat_src/install/canopen_interfaces/share/canopen_interfaces/cmake/canopen_interfaces__rosidl_typesupport_introspection_cExport-noconfig.cmake
[13.338s] -- Installing: /home/ishaan/eboat_src/install/canopen_interfaces/share/canopen_interfaces/cmake/canopen_interfaces__rosidl_typesupport_cExport.cmake
[13.339s] -- Installing: /home/ishaan/eboat_src/install/canopen_interfaces/share/canopen_interfaces/cmake/canopen_interfaces__rosidl_typesupport_cExport-noconfig.cmake
[13.339s] -- Installing: /home/ishaan/eboat_src/install/canopen_interfaces/share/canopen_interfaces/cmake/export_canopen_interfaces__rosidl_generator_cppExport.cmake
[13.339s] -- Installing: /home/ishaan/eboat_src/install/canopen_interfaces/share/canopen_interfaces/cmake/export_canopen_interfaces__rosidl_typesupport_fastrtps_cppExport.cmake
[13.339s] -- Installing: /home/ishaan/eboat_src/install/canopen_interfaces/share/canopen_interfaces/cmake/export_canopen_interfaces__rosidl_typesupport_fastrtps_cppExport-noconfig.cmake
[13.339s] -- Installing: /home/ishaan/eboat_src/install/canopen_interfaces/share/canopen_interfaces/cmake/canopen_interfaces__rosidl_typesupport_introspection_cppExport.cmake
[13.340s] -- Installing: /home/ishaan/eboat_src/install/canopen_interfaces/share/canopen_interfaces/cmake/canopen_interfaces__rosidl_typesupport_introspection_cppExport-noconfig.cmake
[13.340s] -- Installing: /home/ishaan/eboat_src/install/canopen_interfaces/share/canopen_interfaces/cmake/canopen_interfaces__rosidl_typesupport_cppExport.cmake
[13.340s] -- Installing: /home/ishaan/eboat_src/install/canopen_interfaces/share/canopen_interfaces/cmake/canopen_interfaces__rosidl_typesupport_cppExport-noconfig.cmake
[13.340s] -- Installing: /home/ishaan/eboat_src/install/canopen_interfaces/share/canopen_interfaces/cmake/export_canopen_interfaces__rosidl_generator_pyExport.cmake
[13.340s] -- Installing: /home/ishaan/eboat_src/install/canopen_interfaces/share/canopen_interfaces/cmake/export_canopen_interfaces__rosidl_generator_pyExport-noconfig.cmake
[13.341s] -- Installing: /home/ishaan/eboat_src/install/canopen_interfaces/share/canopen_interfaces/cmake/rosidl_cmake-extras.cmake
[13.341s] -- Installing: /home/ishaan/eboat_src/install/canopen_interfaces/share/canopen_interfaces/cmake/ament_cmake_export_dependencies-extras.cmake
[13.341s] -- Installing: /home/ishaan/eboat_src/install/canopen_interfaces/share/canopen_interfaces/cmake/ament_cmake_export_include_directories-extras.cmake
[13.341s] -- Installing: /home/ishaan/eboat_src/install/canopen_interfaces/share/canopen_interfaces/cmake/ament_cmake_export_libraries-extras.cmake
[13.341s] -- Installing: /home/ishaan/eboat_src/install/canopen_interfaces/share/canopen_interfaces/cmake/ament_cmake_export_targets-extras.cmake
[13.342s] -- Installing: /home/ishaan/eboat_src/install/canopen_interfaces/share/canopen_interfaces/cmake/rosidl_cmake_export_typesupport_targets-extras.cmake
[13.342s] -- Installing: /home/ishaan/eboat_src/install/canopen_interfaces/share/canopen_interfaces/cmake/rosidl_cmake_export_typesupport_libraries-extras.cmake
[13.342s] -- Installing: /home/ishaan/eboat_src/install/canopen_interfaces/share/canopen_interfaces/cmake/canopen_interfacesConfig.cmake
[13.342s] -- Installing: /home/ishaan/eboat_src/install/canopen_interfaces/share/canopen_interfaces/cmake/canopen_interfacesConfig-version.cmake
[13.342s] -- Installing: /home/ishaan/eboat_src/install/canopen_interfaces/share/canopen_interfaces/package.xml
[13.345s] Invoked command in '/home/ishaan/eboat_src/build/canopen_interfaces' returned '0': CMAKE_PREFIX_PATH=${CMAKE_PREFIX_PATH}:/home/ishaan/eboat_src/ros_ws/install/shore_comms:/home/ishaan/eboat_src/ros_ws/install/motor_node_test:/home/ishaan/eboat_src/ros_ws/install/motor_node:/home/ishaan/eboat_src/ros_ws/install/motion_node_test:/home/ishaan/eboat_src/ros_ws/install/motion_node:/home/ishaan/eboat_src/ros_ws/install/electrical_node_test:/home/ishaan/eboat_src/ros_ws/install/electrical_node:/home/ishaan/eboat_src/ros_ws/install/canopen_utils:/home/ishaan/eboat_src/ros_ws/install/alarms_watchdog_node:/home/ishaan/eboat_src/ros_ws/install/GPIO_Test:/opt/ros/kilted /usr/bin/cmake --install /home/ishaan/eboat_src/build/canopen_interfaces
