[2.162s] Invoking command in '/home/ishaan/eboat_src/ros_ws/src/electrical_node': PYTHONPATH=/home/ishaan/eboat_src/build/electrical_node/prefix_override:/usr/lib/python3/dist-packages/colcon_core/task/python/colcon_distutils_commands:/home/ishaan/eboat_src/install/electrical_node/lib/python3.12/site-packages:${PYTHONPATH} /usr/bin/python3 -W ignore:setup.py install is deprecated -W ignore:easy_install command is deprecated setup.py egg_info --egg-base ../../../build/electrical_node build --build-base /home/ishaan/eboat_src/build/electrical_node/build install --record /home/ishaan/eboat_src/build/electrical_node/install.log --single-version-externally-managed install_data
[2.487s] running egg_info
[2.487s] creating ../../../build/electrical_node/electrical_node.egg-info
[2.522s] writing ../../../build/electrical_node/electrical_node.egg-info/PKG-INFO
[2.522s] writing dependency_links to ../../../build/electrical_node/electrical_node.egg-info/dependency_links.txt
[2.523s] writing entry points to ../../../build/electrical_node/electrical_node.egg-info/entry_points.txt
[2.524s] writing requirements to ../../../build/electrical_node/electrical_node.egg-info/requires.txt
[2.525s] writing top-level names to ../../../build/electrical_node/electrical_node.egg-info/top_level.txt
[2.525s] writing manifest file '../../../build/electrical_node/electrical_node.egg-info/SOURCES.txt'
[2.589s] reading manifest file '../../../build/electrical_node/electrical_node.egg-info/SOURCES.txt'
[2.590s] adding license file 'LICENSE'
[2.591s] writing manifest file '../../../build/electrical_node/electrical_node.egg-info/SOURCES.txt'
[2.591s] running build
[2.591s] running build_py
[2.591s] creating /home/ishaan/eboat_src/build/electrical_node/build
[2.592s] creating /home/ishaan/eboat_src/build/electrical_node/build/lib
[2.592s] creating /home/ishaan/eboat_src/build/electrical_node/build/lib/electrical_node
[2.592s] copying electrical_node/electrical_node_test.py -> /home/ishaan/eboat_src/build/electrical_node/build/lib/electrical_node
[2.593s] copying electrical_node/__init__.py -> /home/ishaan/eboat_src/build/electrical_node/build/lib/electrical_node
[2.593s] running install
[2.603s] running install_lib
[2.627s] creating /home/ishaan/eboat_src/install/electrical_node/lib/python3.12/site-packages/electrical_node
[2.628s] copying /home/ishaan/eboat_src/build/electrical_node/build/lib/electrical_node/electrical_node_test.py -> /home/ishaan/eboat_src/install/electrical_node/lib/python3.12/site-packages/electrical_node
[2.628s] copying /home/ishaan/eboat_src/build/electrical_node/build/lib/electrical_node/__init__.py -> /home/ishaan/eboat_src/install/electrical_node/lib/python3.12/site-packages/electrical_node
[2.629s] byte-compiling /home/ishaan/eboat_src/install/electrical_node/lib/python3.12/site-packages/electrical_node/electrical_node_test.py to electrical_node_test.cpython-312.pyc
[2.629s] byte-compiling /home/ishaan/eboat_src/install/electrical_node/lib/python3.12/site-packages/electrical_node/__init__.py to __init__.cpython-312.pyc
[2.630s] running install_data
[2.630s] creating /home/ishaan/eboat_src/install/electrical_node/share/ament_index
[2.630s] creating /home/ishaan/eboat_src/install/electrical_node/share/ament_index/resource_index
[2.630s] creating /home/ishaan/eboat_src/install/electrical_node/share/ament_index/resource_index/packages
[2.631s] copying resource/electrical_node -> /home/ishaan/eboat_src/install/electrical_node/share/ament_index/resource_index/packages
[2.631s] copying package.xml -> /home/ishaan/eboat_src/install/electrical_node/share/electrical_node
[2.631s] running install_egg_info
[2.663s] Copying ../../../build/electrical_node/electrical_node.egg-info to /home/ishaan/eboat_src/install/electrical_node/lib/python3.12/site-packages/electrical_node-0.0.0-py3.12.egg-info
[2.663s] running install_scripts
[2.830s] Installing test script to /home/ishaan/eboat_src/install/electrical_node/lib/electrical_node
[2.831s] writing list of installed files to '/home/ishaan/eboat_src/build/electrical_node/install.log'
[2.943s] Invoked command in '/home/ishaan/eboat_src/ros_ws/src/electrical_node' returned '0': PYTHONPATH=/home/ishaan/eboat_src/build/electrical_node/prefix_override:/usr/lib/python3/dist-packages/colcon_core/task/python/colcon_distutils_commands:/home/ishaan/eboat_src/install/electrical_node/lib/python3.12/site-packages:${PYTHONPATH} /usr/bin/python3 -W ignore:setup.py install is deprecated -W ignore:easy_install command is deprecated setup.py egg_info --egg-base ../../../build/electrical_node build --build-base /home/ishaan/eboat_src/build/electrical_node/build install --record /home/ishaan/eboat_src/build/electrical_node/install.log --single-version-externally-managed install_data
