[1.729s] Invoking command in '/home/ishaan/Stevens-Electric-Boatworks/ros_ws/build/examples_rclpy_minimal_publisher': PYTHONPATH=/home/ishaan/Stevens-Electric-Boatworks/ros_ws/build/examples_rclpy_minimal_publisher/prefix_override:/usr/lib/python3/dist-packages/colcon_core/task/python/colcon_distutils_commands:/home/ishaan/Stevens-Electric-Boatworks/ros_ws/install/examples_rclpy_minimal_publisher/lib/python3.12/site-packages:${PYTHONPATH} /usr/bin/python3 -W ignore:setup.py install is deprecated -W ignore:easy_install command is deprecated setup.py develop --uninstall --editable --build-directory /home/ishaan/Stevens-Electric-Boatworks/ros_ws/build/examples_rclpy_minimal_publisher/build
[2.025s] running develop
[2.156s] Removing /home/ishaan/Stevens-Electric-Boatworks/ros_ws/install/examples_rclpy_minimal_publisher/lib/python3.12/site-packages/examples-rclpy-minimal-publisher.egg-link (link to .)
[2.211s] Invoked command in '/home/ishaan/Stevens-Electric-Boatworks/ros_ws/build/examples_rclpy_minimal_publisher' returned '0': PYTHONPATH=/home/ishaan/Stevens-Electric-Boatworks/ros_ws/build/examples_rclpy_minimal_publisher/prefix_override:/usr/lib/python3/dist-packages/colcon_core/task/python/colcon_distutils_commands:/home/ishaan/Stevens-Electric-Boatworks/ros_ws/install/examples_rclpy_minimal_publisher/lib/python3.12/site-packages:${PYTHONPATH} /usr/bin/python3 -W ignore:setup.py install is deprecated -W ignore:easy_install command is deprecated setup.py develop --uninstall --editable --build-directory /home/ishaan/Stevens-Electric-Boatworks/ros_ws/build/examples_rclpy_minimal_publisher/build
[2.212s] Invoking command in '/home/ishaan/Stevens-Electric-Boatworks/ros_ws/src/examples/rclpy/topics/minimal_publisher': PYTHONPATH=/home/ishaan/Stevens-Electric-Boatworks/ros_ws/build/examples_rclpy_minimal_publisher/prefix_override:/usr/lib/python3/dist-packages/colcon_core/task/python/colcon_distutils_commands:/home/ishaan/Stevens-Electric-Boatworks/ros_ws/install/examples_rclpy_minimal_publisher/lib/python3.12/site-packages:${PYTHONPATH} /usr/bin/python3 -W ignore:setup.py install is deprecated -W ignore:easy_install command is deprecated setup.py egg_info --egg-base ../../../../../build/examples_rclpy_minimal_publisher build --build-base /home/ishaan/Stevens-Electric-Boatworks/ros_ws/build/examples_rclpy_minimal_publisher/build install --record /home/ishaan/Stevens-Electric-Boatworks/ros_ws/build/examples_rclpy_minimal_publisher/install.log --single-version-externally-managed install_data --force
[2.398s] running egg_info
[2.414s] writing ../../../../../build/examples_rclpy_minimal_publisher/examples_rclpy_minimal_publisher.egg-info/PKG-INFO
[2.415s] writing dependency_links to ../../../../../build/examples_rclpy_minimal_publisher/examples_rclpy_minimal_publisher.egg-info/dependency_links.txt
[2.415s] writing entry points to ../../../../../build/examples_rclpy_minimal_publisher/examples_rclpy_minimal_publisher.egg-info/entry_points.txt
[2.416s] writing requirements to ../../../../../build/examples_rclpy_minimal_publisher/examples_rclpy_minimal_publisher.egg-info/requires.txt
[2.416s] writing top-level names to ../../../../../build/examples_rclpy_minimal_publisher/examples_rclpy_minimal_publisher.egg-info/top_level.txt
[2.442s] reading manifest file '../../../../../build/examples_rclpy_minimal_publisher/examples_rclpy_minimal_publisher.egg-info/SOURCES.txt'
[2.445s] writing manifest file '../../../../../build/examples_rclpy_minimal_publisher/examples_rclpy_minimal_publisher.egg-info/SOURCES.txt'
[2.445s] running build
[2.446s] running build_py
[2.447s] creating /home/ishaan/Stevens-Electric-Boatworks/ros_ws/build/examples_rclpy_minimal_publisher/build
[2.447s] creating /home/ishaan/Stevens-Electric-Boatworks/ros_ws/build/examples_rclpy_minimal_publisher/build/lib
[2.447s] creating /home/ishaan/Stevens-Electric-Boatworks/ros_ws/build/examples_rclpy_minimal_publisher/build/lib/examples_rclpy_minimal_publisher
[2.448s] copying examples_rclpy_minimal_publisher/publisher_old_school.py -> /home/ishaan/Stevens-Electric-Boatworks/ros_ws/build/examples_rclpy_minimal_publisher/build/lib/examples_rclpy_minimal_publisher
[2.449s] copying examples_rclpy_minimal_publisher/publisher_local_function.py -> /home/ishaan/Stevens-Electric-Boatworks/ros_ws/build/examples_rclpy_minimal_publisher/build/lib/examples_rclpy_minimal_publisher
[2.449s] copying examples_rclpy_minimal_publisher/publisher_member_function.py -> /home/ishaan/Stevens-Electric-Boatworks/ros_ws/build/examples_rclpy_minimal_publisher/build/lib/examples_rclpy_minimal_publisher
[2.450s] copying examples_rclpy_minimal_publisher/publisher_member_function_with_wait_for_all_acked.py -> /home/ishaan/Stevens-Electric-Boatworks/ros_ws/build/examples_rclpy_minimal_publisher/build/lib/examples_rclpy_minimal_publisher
[2.450s] copying examples_rclpy_minimal_publisher/__init__.py -> /home/ishaan/Stevens-Electric-Boatworks/ros_ws/build/examples_rclpy_minimal_publisher/build/lib/examples_rclpy_minimal_publisher
[2.450s] running install
[2.454s] running install_lib
[2.464s] creating /home/ishaan/Stevens-Electric-Boatworks/ros_ws/install/examples_rclpy_minimal_publisher/lib/python3.12/site-packages/examples_rclpy_minimal_publisher
[2.465s] copying /home/ishaan/Stevens-Electric-Boatworks/ros_ws/build/examples_rclpy_minimal_publisher/build/lib/examples_rclpy_minimal_publisher/publisher_old_school.py -> /home/ishaan/Stevens-Electric-Boatworks/ros_ws/install/examples_rclpy_minimal_publisher/lib/python3.12/site-packages/examples_rclpy_minimal_publisher
[2.465s] copying /home/ishaan/Stevens-Electric-Boatworks/ros_ws/build/examples_rclpy_minimal_publisher/build/lib/examples_rclpy_minimal_publisher/publisher_local_function.py -> /home/ishaan/Stevens-Electric-Boatworks/ros_ws/install/examples_rclpy_minimal_publisher/lib/python3.12/site-packages/examples_rclpy_minimal_publisher
[2.466s] copying /home/ishaan/Stevens-Electric-Boatworks/ros_ws/build/examples_rclpy_minimal_publisher/build/lib/examples_rclpy_minimal_publisher/publisher_member_function.py -> /home/ishaan/Stevens-Electric-Boatworks/ros_ws/install/examples_rclpy_minimal_publisher/lib/python3.12/site-packages/examples_rclpy_minimal_publisher
[2.466s] copying /home/ishaan/Stevens-Electric-Boatworks/ros_ws/build/examples_rclpy_minimal_publisher/build/lib/examples_rclpy_minimal_publisher/publisher_member_function_with_wait_for_all_acked.py -> /home/ishaan/Stevens-Electric-Boatworks/ros_ws/install/examples_rclpy_minimal_publisher/lib/python3.12/site-packages/examples_rclpy_minimal_publisher
[2.466s] copying /home/ishaan/Stevens-Electric-Boatworks/ros_ws/build/examples_rclpy_minimal_publisher/build/lib/examples_rclpy_minimal_publisher/__init__.py -> /home/ishaan/Stevens-Electric-Boatworks/ros_ws/install/examples_rclpy_minimal_publisher/lib/python3.12/site-packages/examples_rclpy_minimal_publisher
[2.466s] byte-compiling /home/ishaan/Stevens-Electric-Boatworks/ros_ws/install/examples_rclpy_minimal_publisher/lib/python3.12/site-packages/examples_rclpy_minimal_publisher/publisher_old_school.py to publisher_old_school.cpython-312.pyc
[2.467s] byte-compiling /home/ishaan/Stevens-Electric-Boatworks/ros_ws/install/examples_rclpy_minimal_publisher/lib/python3.12/site-packages/examples_rclpy_minimal_publisher/publisher_local_function.py to publisher_local_function.cpython-312.pyc
[2.467s] byte-compiling /home/ishaan/Stevens-Electric-Boatworks/ros_ws/install/examples_rclpy_minimal_publisher/lib/python3.12/site-packages/examples_rclpy_minimal_publisher/publisher_member_function.py to publisher_member_function.cpython-312.pyc
[2.467s] byte-compiling /home/ishaan/Stevens-Electric-Boatworks/ros_ws/install/examples_rclpy_minimal_publisher/lib/python3.12/site-packages/examples_rclpy_minimal_publisher/publisher_member_function_with_wait_for_all_acked.py to publisher_member_function_with_wait_for_all_acked.cpython-312.pyc
[2.468s] byte-compiling /home/ishaan/Stevens-Electric-Boatworks/ros_ws/install/examples_rclpy_minimal_publisher/lib/python3.12/site-packages/examples_rclpy_minimal_publisher/__init__.py to __init__.cpython-312.pyc
[2.468s] running install_data
[2.468s] copying resource/examples_rclpy_minimal_publisher -> /home/ishaan/Stevens-Electric-Boatworks/ros_ws/install/examples_rclpy_minimal_publisher/share/ament_index/resource_index/packages
[2.469s] copying package.xml -> /home/ishaan/Stevens-Electric-Boatworks/ros_ws/install/examples_rclpy_minimal_publisher/share/examples_rclpy_minimal_publisher
[2.470s] running install_egg_info
[2.487s] Copying ../../../../../build/examples_rclpy_minimal_publisher/examples_rclpy_minimal_publisher.egg-info to /home/ishaan/Stevens-Electric-Boatworks/ros_ws/install/examples_rclpy_minimal_publisher/lib/python3.12/site-packages/examples_rclpy_minimal_publisher-0.20.5-py3.12.egg-info
[2.489s] running install_scripts
[2.592s] Installing publisher_local_function script to /home/ishaan/Stevens-Electric-Boatworks/ros_ws/install/examples_rclpy_minimal_publisher/lib/examples_rclpy_minimal_publisher
[2.593s] Installing publisher_member_function script to /home/ishaan/Stevens-Electric-Boatworks/ros_ws/install/examples_rclpy_minimal_publisher/lib/examples_rclpy_minimal_publisher
[2.593s] Installing publisher_member_function_with_wait_for_all_acked script to /home/ishaan/Stevens-Electric-Boatworks/ros_ws/install/examples_rclpy_minimal_publisher/lib/examples_rclpy_minimal_publisher
[2.593s] Installing publisher_old_school script to /home/ishaan/Stevens-Electric-Boatworks/ros_ws/install/examples_rclpy_minimal_publisher/lib/examples_rclpy_minimal_publisher
[2.594s] writing list of installed files to '/home/ishaan/Stevens-Electric-Boatworks/ros_ws/build/examples_rclpy_minimal_publisher/install.log'
[2.634s] Invoked command in '/home/ishaan/Stevens-Electric-Boatworks/ros_ws/src/examples/rclpy/topics/minimal_publisher' returned '0': PYTHONPATH=/home/ishaan/Stevens-Electric-Boatworks/ros_ws/build/examples_rclpy_minimal_publisher/prefix_override:/usr/lib/python3/dist-packages/colcon_core/task/python/colcon_distutils_commands:/home/ishaan/Stevens-Electric-Boatworks/ros_ws/install/examples_rclpy_minimal_publisher/lib/python3.12/site-packages:${PYTHONPATH} /usr/bin/python3 -W ignore:setup.py install is deprecated -W ignore:easy_install command is deprecated setup.py egg_info --egg-base ../../../../../build/examples_rclpy_minimal_publisher build --build-base /home/ishaan/Stevens-Electric-Boatworks/ros_ws/build/examples_rclpy_minimal_publisher/build install --record /home/ishaan/Stevens-Electric-Boatworks/ros_ws/build/examples_rclpy_minimal_publisher/install.log --single-version-externally-managed install_data --force
