[0.170s] Invoking command in '/home/ishaan/eboat_src/build/examples_rclcpp_minimal_action_client': CMAKE_PREFIX_PATH=${CMAKE_PREFIX_PATH}:/opt/ros/kilted /usr/bin/cmake /home/ishaan/eboat_src/ros_ws/src/examples/rclcpp/actions/minimal_action_client -DCMAKE_INSTALL_PREFIX=/home/ishaan/eboat_src/install/examples_rclcpp_minimal_action_client
[0.547s] -- The C compiler identification is GNU 13.3.0
[1.629s] -- The CXX compiler identification is GNU 13.3.0
[2.632s] -- Detecting C compiler ABI info
[3.006s] -- Detecting C compiler ABI info - done
[3.018s] -- Check for working C compiler: /usr/bin/cc - skipped
[3.019s] -- Detecting C compile features
[3.021s] -- Detecting C compile features - done
[3.152s] -- Detecting CXX compiler ABI info
[3.526s] -- Detecting CXX compiler ABI info - done
[3.535s] -- Check for working CXX compiler: /usr/bin/c++ - skipped
[3.536s] -- Detecting CXX compile features
[3.536s] -- Detecting CXX compile features - done
[3.538s] -- Found ament_cmake: 2.7.3 (/opt/ros/kilted/share/ament_cmake/cmake)
[3.704s] -- Found Python3: /usr/bin/python3 (found version "3.12.3") found components: Interpreter 
[3.836s] -- Found example_interfaces: 0.13.0 (/opt/ros/kilted/share/example_interfaces/cmake)
[4.076s] -- Found rosidl_generator_c: 4.9.5 (/opt/ros/kilted/share/rosidl_generator_c/cmake)
[4.090s] -- Found rosidl_generator_cpp: 4.9.5 (/opt/ros/kilted/share/rosidl_generator_cpp/cmake)
[4.107s] -- Using all available rosidl_typesupport_c: rosidl_typesupport_fastrtps_c;rosidl_typesupport_introspection_c
[4.130s] -- Using all available rosidl_typesupport_cpp: rosidl_typesupport_fastrtps_cpp;rosidl_typesupport_introspection_cpp
[4.244s] -- Found rclcpp: 29.5.2 (/opt/ros/kilted/share/rclcpp/cmake)
[4.303s] -- Found rmw_implementation_cmake: 7.8.2 (/opt/ros/kilted/share/rmw_implementation_cmake/cmake)
[4.307s] -- Found rmw_fastrtps_cpp: 9.3.2 (/opt/ros/kilted/share/rmw_fastrtps_cpp/cmake)
[4.412s] -- Found OpenSSL: /usr/lib/x86_64-linux-gnu/libcrypto.so (found version "3.0.13")  
[4.432s] -- Using RMW implementation 'rmw_fastrtps_cpp' as default
[4.747s] -- Found rclcpp_action: 29.5.2 (/opt/ros/kilted/share/rclcpp_action/cmake)
[4.767s] -- Found ament_lint_auto: 0.19.2 (/opt/ros/kilted/share/ament_lint_auto/cmake)
[4.950s] -- Added test 'copyright' to check source files copyright and LICENSE
[4.950s] -- Added test 'cppcheck' to perform static code analysis on C / C++ code
[4.950s] -- Configured cppcheck include dirs: 
[4.950s] -- Configured cppcheck exclude dirs and/or files: 
[4.950s] -- Added test 'cpplint' to check C / C++ code against the Google style
[4.950s] -- Configured cpplint exclude dirs and/or files: 
[4.959s] -- Added test 'lint_cmake' to check CMake code style
[4.959s] -- Added test 'uncrustify' to check C / C++ code style
[4.959s] -- Configured uncrustify additional arguments: 
[4.959s] -- Added test 'xmllint' to check XML markup files
[4.959s] -- Configuring done (4.8s)
[4.985s] -- Generating done (0.0s)
[4.991s] -- Build files have been written to: /home/ishaan/eboat_src/build/examples_rclcpp_minimal_action_client
[5.967s] Invoked command in '/home/ishaan/eboat_src/build/examples_rclcpp_minimal_action_client' returned '0': CMAKE_PREFIX_PATH=${CMAKE_PREFIX_PATH}:/opt/ros/kilted /usr/bin/cmake /home/ishaan/eboat_src/ros_ws/src/examples/rclcpp/actions/minimal_action_client -DCMAKE_INSTALL_PREFIX=/home/ishaan/eboat_src/install/examples_rclcpp_minimal_action_client
[5.968s] Invoking command in '/home/ishaan/eboat_src/build/examples_rclcpp_minimal_action_client': CMAKE_PREFIX_PATH=${CMAKE_PREFIX_PATH}:/opt/ros/kilted /usr/bin/cmake --build /home/ishaan/eboat_src/build/examples_rclcpp_minimal_action_client -- -j16 -l16
[7.489s] [ 12%] [32mBuilding CXX object CMakeFiles/action_client_member_functions.dir/member_functions.cpp.o[0m
[7.490s] [ 25%] [32mBuilding CXX object CMakeFiles/action_client_not_composable_with_feedback.dir/not_composable_with_feedback.cpp.o[0m
[7.490s] [ 37%] [32mBuilding CXX object CMakeFiles/action_client_not_composable_with_cancel.dir/not_composable_with_cancel.cpp.o[0m
[7.490s] [ 50%] [32mBuilding CXX object CMakeFiles/action_client_not_composable.dir/not_composable.cpp.o[0m
[22.255s] gmake[2]: *** wait: No child processes.  Stop.
[22.278s] gmake[2]: *** wait: No child processes.  Stop.
[22.278s] gmake[2]: *** Waiting for unfinished jobs....
[22.279s] gmake[2]: *** wait: No child processes.  Stop.
[22.279s] gmake[2]: *** Waiting for unfinished jobs....
[22.279s] gmake[2]: *** wait: No child processes.  Stop.
[22.279s] gmake[2]: *** [CMakeFiles/action_client_not_composable_with_feedback.dir/build.make:76: CMakeFiles/action_client_not_composable_with_feedback.dir/not_composable_with_feedback.cpp.o] Interrupt
[22.279s] gmake[1]: *** [CMakeFiles/Makefile2:143: CMakeFiles/action_client_member_functions.dir/all] Error 2
[22.279s] gmake[2]: *** wait: No child processes.  Stop.
[22.279s] gmake[2]: *** Waiting for unfinished jobs....
[22.279s] gmake[2]: *** wait: No child processes.  Stop.
[22.279s] gmake[1]: *** [CMakeFiles/Makefile2:221: CMakeFiles/action_client_not_composable_with_feedback.dir/all] Interrupt
[22.279s] gmake[1]: *** [CMakeFiles/Makefile2:169: CMakeFiles/action_client_not_composable.dir/all] Error 2
[22.279s] gmake[1]: *** [CMakeFiles/Makefile2:195: CMakeFiles/action_client_not_composable_with_cancel.dir/all] Error 2
[22.279s] gmake: *** [Makefile:146: all] Interrupt
