[8.641s] Invoking command in '/home/ishaan/eboat_src/ros_ws/src/examples/rclpy/services/minimal_service': PYTHONPATH=/home/ishaan/eboat_src/build/examples_rclpy_minimal_service/prefix_override:/usr/lib/python3/dist-packages/colcon_core/task/python/colcon_distutils_commands:/home/ishaan/eboat_src/install/examples_rclpy_minimal_service/lib/python3.12/site-packages:${PYTHONPATH} /usr/bin/python3 -W ignore:setup.py install is deprecated -W ignore:easy_install command is deprecated setup.py egg_info --egg-base ../../../../../../build/examples_rclpy_minimal_service build --build-base /home/ishaan/eboat_src/build/examples_rclpy_minimal_service/build install --record /home/ishaan/eboat_src/build/examples_rclpy_minimal_service/install.log --single-version-externally-managed install_data
[17.440s] running egg_info
[17.450s] creating ../../../../../../build/examples_rclpy_minimal_service/examples_rclpy_minimal_service.egg-info
[17.450s] writing ../../../../../../build/examples_rclpy_minimal_service/examples_rclpy_minimal_service.egg-info/PKG-INFO
[17.450s] writing dependency_links to ../../../../../../build/examples_rclpy_minimal_service/examples_rclpy_minimal_service.egg-info/dependency_links.txt
[17.450s] writing entry points to ../../../../../../build/examples_rclpy_minimal_service/examples_rclpy_minimal_service.egg-info/entry_points.txt
[17.450s] writing requirements to ../../../../../../build/examples_rclpy_minimal_service/examples_rclpy_minimal_service.egg-info/requires.txt
[17.450s] writing top-level names to ../../../../../../build/examples_rclpy_minimal_service/examples_rclpy_minimal_service.egg-info/top_level.txt
[17.450s] writing manifest file '../../../../../../build/examples_rclpy_minimal_service/examples_rclpy_minimal_service.egg-info/SOURCES.txt'
[17.450s] reading manifest file '../../../../../../build/examples_rclpy_minimal_service/examples_rclpy_minimal_service.egg-info/SOURCES.txt'
[17.450s] writing manifest file '../../../../../../build/examples_rclpy_minimal_service/examples_rclpy_minimal_service.egg-info/SOURCES.txt'
[17.450s] running build
[17.450s] running build_py
[17.450s] creating /home/ishaan/eboat_src/build/examples_rclpy_minimal_service/build
[17.450s] creating /home/ishaan/eboat_src/build/examples_rclpy_minimal_service/build/lib
[17.450s] creating /home/ishaan/eboat_src/build/examples_rclpy_minimal_service/build/lib/examples_rclpy_minimal_service
[17.450s] copying examples_rclpy_minimal_service/service_member_function.py -> /home/ishaan/eboat_src/build/examples_rclpy_minimal_service/build/lib/examples_rclpy_minimal_service
[17.451s] copying examples_rclpy_minimal_service/service.py -> /home/ishaan/eboat_src/build/examples_rclpy_minimal_service/build/lib/examples_rclpy_minimal_service
[17.451s] copying examples_rclpy_minimal_service/__init__.py -> /home/ishaan/eboat_src/build/examples_rclpy_minimal_service/build/lib/examples_rclpy_minimal_service
[17.451s] running install
[17.451s] running install_lib
[17.451s] creating /home/ishaan/eboat_src/install/examples_rclpy_minimal_service/lib/python3.12/site-packages/examples_rclpy_minimal_service
[17.451s] copying /home/ishaan/eboat_src/build/examples_rclpy_minimal_service/build/lib/examples_rclpy_minimal_service/service_member_function.py -> /home/ishaan/eboat_src/install/examples_rclpy_minimal_service/lib/python3.12/site-packages/examples_rclpy_minimal_service
[17.451s] copying /home/ishaan/eboat_src/build/examples_rclpy_minimal_service/build/lib/examples_rclpy_minimal_service/service.py -> /home/ishaan/eboat_src/install/examples_rclpy_minimal_service/lib/python3.12/site-packages/examples_rclpy_minimal_service
[17.451s] copying /home/ishaan/eboat_src/build/examples_rclpy_minimal_service/build/lib/examples_rclpy_minimal_service/__init__.py -> /home/ishaan/eboat_src/install/examples_rclpy_minimal_service/lib/python3.12/site-packages/examples_rclpy_minimal_service
[17.452s] byte-compiling /home/ishaan/eboat_src/install/examples_rclpy_minimal_service/lib/python3.12/site-packages/examples_rclpy_minimal_service/service_member_function.py to service_member_function.cpython-312.pyc
[17.452s] byte-compiling /home/ishaan/eboat_src/install/examples_rclpy_minimal_service/lib/python3.12/site-packages/examples_rclpy_minimal_service/service.py to service.cpython-312.pyc
[17.452s] byte-compiling /home/ishaan/eboat_src/install/examples_rclpy_minimal_service/lib/python3.12/site-packages/examples_rclpy_minimal_service/__init__.py to __init__.cpython-312.pyc
[17.452s] running install_data
[17.452s] creating /home/ishaan/eboat_src/install/examples_rclpy_minimal_service/share/ament_index
[17.452s] creating /home/ishaan/eboat_src/install/examples_rclpy_minimal_service/share/ament_index/resource_index
[17.452s] creating /home/ishaan/eboat_src/install/examples_rclpy_minimal_service/share/ament_index/resource_index/packages
[17.452s] copying resource/examples_rclpy_minimal_service -> /home/ishaan/eboat_src/install/examples_rclpy_minimal_service/share/ament_index/resource_index/packages
[17.452s] copying package.xml -> /home/ishaan/eboat_src/install/examples_rclpy_minimal_service/share/examples_rclpy_minimal_service
[17.452s] running install_egg_info
[17.460s] Copying ../../../../../../build/examples_rclpy_minimal_service/examples_rclpy_minimal_service.egg-info to /home/ishaan/eboat_src/install/examples_rclpy_minimal_service/lib/python3.12/site-packages/examples_rclpy_minimal_service-0.20.5-py3.12.egg-info
[17.460s] running install_scripts
[17.460s] Installing service script to /home/ishaan/eboat_src/install/examples_rclpy_minimal_service/lib/examples_rclpy_minimal_service
[17.460s] Installing service_member_function script to /home/ishaan/eboat_src/install/examples_rclpy_minimal_service/lib/examples_rclpy_minimal_service
[17.460s] writing list of installed files to '/home/ishaan/eboat_src/build/examples_rclpy_minimal_service/install.log'
