/home/ishaan/eboat_src/install/canopen_utils/lib/python3.12/site-packages/canopen_utils/cyclic_tester.py
/home/ishaan/eboat_src/install/canopen_utils/lib/python3.12/site-packages/canopen_utils/simple_rpdo_tpdo_tester.py
/home/ishaan/eboat_src/install/canopen_utils/lib/python3.12/site-packages/canopen_utils/launch_test_node.py
/home/ishaan/eboat_src/install/canopen_utils/lib/python3.12/site-packages/canopen_utils/test_node.py
/home/ishaan/eboat_src/install/canopen_utils/lib/python3.12/site-packages/canopen_utils/__init__.py
/home/ishaan/eboat_src/install/canopen_utils/lib/python3.12/site-packages/canopen_utils/__pycache__/cyclic_tester.cpython-312.pyc
/home/ishaan/eboat_src/install/canopen_utils/lib/python3.12/site-packages/canopen_utils/__pycache__/simple_rpdo_tpdo_tester.cpython-312.pyc
/home/ishaan/eboat_src/install/canopen_utils/lib/python3.12/site-packages/canopen_utils/__pycache__/launch_test_node.cpython-312.pyc
/home/ishaan/eboat_src/install/canopen_utils/lib/python3.12/site-packages/canopen_utils/__pycache__/test_node.cpython-312.pyc
/home/ishaan/eboat_src/install/canopen_utils/lib/python3.12/site-packages/canopen_utils/__pycache__/__init__.cpython-312.pyc
/home/ishaan/eboat_src/install/canopen_utils/share/ament_index/resource_index/packages/canopen_utils
/home/ishaan/eboat_src/install/canopen_utils/share/canopen_utils/package.xml
/home/ishaan/eboat_src/install/canopen_utils/lib/python3.12/site-packages/canopen_utils-0.3.1-py3.12.egg-info/requires.txt
/home/ishaan/eboat_src/install/canopen_utils/lib/python3.12/site-packages/canopen_utils-0.3.1-py3.12.egg-info/top_level.txt
/home/ishaan/eboat_src/install/canopen_utils/lib/python3.12/site-packages/canopen_utils-0.3.1-py3.12.egg-info/SOURCES.txt
/home/ishaan/eboat_src/install/canopen_utils/lib/python3.12/site-packages/canopen_utils-0.3.1-py3.12.egg-info/entry_points.txt
/home/ishaan/eboat_src/install/canopen_utils/lib/python3.12/site-packages/canopen_utils-0.3.1-py3.12.egg-info/zip-safe
/home/ishaan/eboat_src/install/canopen_utils/lib/python3.12/site-packages/canopen_utils-0.3.1-py3.12.egg-info/PKG-INFO
/home/ishaan/eboat_src/install/canopen_utils/lib/python3.12/site-packages/canopen_utils-0.3.1-py3.12.egg-info/dependency_links.txt
/home/ishaan/eboat_src/install/canopen_utils/lib/canopen_utils/cyclic_tester
/home/ishaan/eboat_src/install/canopen_utils/lib/canopen_utils/simple_tester
