[0.008s] Invoking command in '/home/ishaan/eboat_src/build/boat_data_interfaces': CMAKE_PREFIX_PATH=${CMAKE_PREFIX_PATH}:/opt/ros/kilted /usr/bin/cmake /home/ishaan/eboat_src/ros_ws/src/boat_data_interfaces -DCMAKE_INSTALL_PREFIX=/home/ishaan/eboat_src/install/boat_data_interfaces
[0.017s] -- Found ament_cmake: 2.7.3 (/opt/ros/kilted/share/ament_cmake/cmake)
[0.156s] -- Found ament_lint_auto: 0.19.2 (/opt/ros/kilted/share/ament_lint_auto/cmake)
[0.214s] -- Found rosidl_default_generators: 1.7.1 (/opt/ros/kilted/share/rosidl_default_generators/cmake)
[0.215s] -- Using all available rosidl_typesupport_c: rosidl_typesupport_fastrtps_c;rosidl_typesupport_introspection_c
[0.381s] -- Using all available rosidl_typesupport_cpp: rosidl_typesupport_fastrtps_cpp;rosidl_typesupport_introspection_cpp
[0.397s] -- Found rosidl_adapter: 4.9.5 (/opt/ros/kilted/share/rosidl_adapter/cmake)
[0.727s] -- Found ament_cmake_ros_core: 0.14.3 (/opt/ros/kilted/share/ament_cmake_ros_core/cmake)
[1.002s] -- Using all available rosidl_typesupport_c: rosidl_typesupport_fastrtps_c;rosidl_typesupport_introspection_c
[1.376s] -- Using all available rosidl_typesupport_cpp: rosidl_typesupport_fastrtps_cpp;rosidl_typesupport_introspection_cpp
[1.663s] -- Found Python3: /usr/bin/python3 (found version "3.12.3") found components: Interpreter Development NumPy Development.Module Development.Embed 
[1.690s] -- Added test 'lint_cmake' to check CMake code style
[1.691s] -- Added test 'xmllint' to check XML markup files
[1.700s] -- Configuring done (1.7s)
[1.726s] -- Generating done (0.0s)
[1.733s] -- Build files have been written to: /home/ishaan/eboat_src/build/boat_data_interfaces
[1.739s] Invoked command in '/home/ishaan/eboat_src/build/boat_data_interfaces' returned '0': CMAKE_PREFIX_PATH=${CMAKE_PREFIX_PATH}:/opt/ros/kilted /usr/bin/cmake /home/ishaan/eboat_src/ros_ws/src/boat_data_interfaces -DCMAKE_INSTALL_PREFIX=/home/ishaan/eboat_src/install/boat_data_interfaces
[1.740s] Invoking command in '/home/ishaan/eboat_src/build/boat_data_interfaces': CMAKE_PREFIX_PATH=${CMAKE_PREFIX_PATH}:/opt/ros/kilted /usr/bin/cmake --build /home/ishaan/eboat_src/build/boat_data_interfaces -- -j16 -l16
[1.772s] [  1%] [34m[1mGenerating type hashes for ROS interfaces[0m
[1.778s] [  1%] Built target ament_cmake_python_copy_boat_data_interfaces
[1.915s] running egg_info
[1.915s] creating boat_data_interfaces.egg-info
[1.923s] [  1%] Built target boat_data_interfaces__rosidl_generator_type_description
[1.925s] writing boat_data_interfaces.egg-info/PKG-INFO
[1.926s] writing dependency_links to boat_data_interfaces.egg-info/dependency_links.txt
[1.926s] writing top-level names to boat_data_interfaces.egg-info/top_level.txt
[1.926s] writing manifest file 'boat_data_interfaces.egg-info/SOURCES.txt'
[1.931s] [  3%] [34m[1mGenerating C code for ROS interfaces[0m
[1.940s] [  4%] [34m[1mGenerating C++ code for ROS interfaces[0m
[1.967s] reading manifest file 'boat_data_interfaces.egg-info/SOURCES.txt'
[1.967s] writing manifest file 'boat_data_interfaces.egg-info/SOURCES.txt'
[1.999s] [  4%] Built target ament_cmake_python_build_boat_data_interfaces_egg
[2.169s] [  4%] Built target boat_data_interfaces__cpp
[2.216s] [  9%] [32mBuilding C object CMakeFiles/boat_data_interfaces__rosidl_generator_c.dir/rosidl_generator_c/boat_data_interfaces/msg/detail/electrical_data__type_support.c.o[0m
[2.216s] [  9%] [32mBuilding C object CMakeFiles/boat_data_interfaces__rosidl_generator_c.dir/rosidl_generator_c/boat_data_interfaces/msg/detail/electrical_data__description.c.o[0m
[2.217s] [  9%] [32mBuilding C object CMakeFiles/boat_data_interfaces__rosidl_generator_c.dir/rosidl_generator_c/boat_data_interfaces/msg/detail/electrical_data__functions.c.o[0m
[2.217s] [ 10%] [32mBuilding C object CMakeFiles/boat_data_interfaces__rosidl_generator_c.dir/rosidl_generator_c/boat_data_interfaces/msg/detail/gpio_data__description.c.o[0m
[2.217s] [ 14%] [32mBuilding C object CMakeFiles/boat_data_interfaces__rosidl_generator_c.dir/rosidl_generator_c/boat_data_interfaces/msg/detail/motion_data__description.c.o[0m
[2.217s] [ 14%] [32mBuilding C object CMakeFiles/boat_data_interfaces__rosidl_generator_c.dir/rosidl_generator_c/boat_data_interfaces/msg/detail/gpio_data__functions.c.o[0m
[2.218s] [ 17%] [32mBuilding C object CMakeFiles/boat_data_interfaces__rosidl_generator_c.dir/rosidl_generator_c/boat_data_interfaces/msg/detail/motion_data__functions.c.o[0m
[2.219s] [ 17%] [32mBuilding C object CMakeFiles/boat_data_interfaces__rosidl_generator_c.dir/rosidl_generator_c/boat_data_interfaces/msg/detail/motion_data__type_support.c.o[0m
[2.219s] [ 18%] [32mBuilding C object CMakeFiles/boat_data_interfaces__rosidl_generator_c.dir/rosidl_generator_c/boat_data_interfaces/msg/detail/gpio_data__type_support.c.o[0m
[2.220s] [ 20%] [32mBuilding C object CMakeFiles/boat_data_interfaces__rosidl_generator_c.dir/rosidl_generator_c/boat_data_interfaces/msg/detail/motor_data__functions.c.o[0m
[2.221s] [ 21%] [32mBuilding C object CMakeFiles/boat_data_interfaces__rosidl_generator_c.dir/rosidl_generator_c/boat_data_interfaces/msg/detail/motor_data__description.c.o[0m
[2.222s] [ 23%] [32mBuilding C object CMakeFiles/boat_data_interfaces__rosidl_generator_c.dir/rosidl_generator_c/boat_data_interfaces/msg/detail/motor_data__type_support.c.o[0m
[2.278s] [ 25%] [32m[1mLinking C shared library libboat_data_interfaces__rosidl_generator_c.so[0m
[2.405s] [ 25%] Built target boat_data_interfaces__rosidl_generator_c
[2.413s] [ 31%] [34m[1mGenerating C++ introspection for ROS interfaces[0m
[2.413s] [ 31%] [34m[1mGenerating C++ type support dispatch for ROS interfaces[0m
[2.414s] [ 31%] [34m[1mGenerating C++ type support for eProsima Fast-RTPS[0m
[2.414s] [ 31%] [34m[1mGenerating C type support for eProsima Fast-RTPS[0m
[2.414s] [ 32%] [34m[1mGenerating C introspection for ROS interfaces[0m
[2.414s] [ 34%] [34m[1mGenerating C type support dispatch for ROS interfaces[0m
[2.631s] [ 37%] [32mBuilding CXX object CMakeFiles/boat_data_interfaces__rosidl_typesupport_cpp.dir/rosidl_typesupport_cpp/boat_data_interfaces/msg/motor_data__type_support.cpp.o[0m
[2.631s] [ 37%] [32mBuilding CXX object CMakeFiles/boat_data_interfaces__rosidl_typesupport_cpp.dir/rosidl_typesupport_cpp/boat_data_interfaces/msg/motion_data__type_support.cpp.o[0m
[2.631s] [ 39%] [32mBuilding CXX object CMakeFiles/boat_data_interfaces__rosidl_typesupport_cpp.dir/rosidl_typesupport_cpp/boat_data_interfaces/msg/gpio_data__type_support.cpp.o[0m
[2.632s] [ 40%] [32mBuilding CXX object CMakeFiles/boat_data_interfaces__rosidl_typesupport_cpp.dir/rosidl_typesupport_cpp/boat_data_interfaces/msg/electrical_data__type_support.cpp.o[0m
[2.641s] [ 45%] [32mBuilding CXX object CMakeFiles/boat_data_interfaces__rosidl_typesupport_c.dir/rosidl_typesupport_c/boat_data_interfaces/msg/gpio_data__type_support.cpp.o[0m
[2.641s] [ 45%] [32mBuilding CXX object CMakeFiles/boat_data_interfaces__rosidl_typesupport_c.dir/rosidl_typesupport_c/boat_data_interfaces/msg/motion_data__type_support.cpp.o[0m
[2.641s] [ 45%] [32mBuilding CXX object CMakeFiles/boat_data_interfaces__rosidl_typesupport_c.dir/rosidl_typesupport_c/boat_data_interfaces/msg/electrical_data__type_support.cpp.o[0m
[2.641s] [ 46%] [32mBuilding CXX object CMakeFiles/boat_data_interfaces__rosidl_typesupport_c.dir/rosidl_typesupport_c/boat_data_interfaces/msg/motor_data__type_support.cpp.o[0m
[2.687s] [ 51%] [32mBuilding C object CMakeFiles/boat_data_interfaces__rosidl_typesupport_introspection_c.dir/rosidl_typesupport_introspection_c/boat_data_interfaces/msg/detail/gpio_data__type_support.c.o[0m
[2.687s] [ 51%] [32mBuilding C object CMakeFiles/boat_data_interfaces__rosidl_typesupport_introspection_c.dir/rosidl_typesupport_introspection_c/boat_data_interfaces/msg/detail/motion_data__type_support.c.o[0m
[2.687s] [ 51%] [32mBuilding C object CMakeFiles/boat_data_interfaces__rosidl_typesupport_introspection_c.dir/rosidl_typesupport_introspection_c/boat_data_interfaces/msg/detail/electrical_data__type_support.c.o[0m
[2.687s] [ 53%] [32mBuilding C object CMakeFiles/boat_data_interfaces__rosidl_typesupport_introspection_c.dir/rosidl_typesupport_introspection_c/boat_data_interfaces/msg/detail/motor_data__type_support.c.o[0m
[2.693s] [ 54%] [32m[1mLinking CXX shared library libboat_data_interfaces__rosidl_typesupport_c.so[0m
[2.698s] [ 56%] [32mBuilding CXX object CMakeFiles/boat_data_interfaces__rosidl_typesupport_introspection_cpp.dir/rosidl_typesupport_introspection_cpp/boat_data_interfaces/msg/detail/electrical_data__type_support.cpp.o[0m
[2.700s] [ 59%] [32mBuilding CXX object CMakeFiles/boat_data_interfaces__rosidl_typesupport_introspection_cpp.dir/rosidl_typesupport_introspection_cpp/boat_data_interfaces/msg/detail/motion_data__type_support.cpp.o[0m
[2.700s] [ 59%] [32mBuilding CXX object CMakeFiles/boat_data_interfaces__rosidl_typesupport_introspection_cpp.dir/rosidl_typesupport_introspection_cpp/boat_data_interfaces/msg/detail/motor_data__type_support.cpp.o[0m
[2.700s] [ 60%] [32mBuilding CXX object CMakeFiles/boat_data_interfaces__rosidl_typesupport_introspection_cpp.dir/rosidl_typesupport_introspection_cpp/boat_data_interfaces/msg/detail/gpio_data__type_support.cpp.o[0m
[2.725s] [ 62%] [32m[1mLinking C shared library libboat_data_interfaces__rosidl_typesupport_introspection_c.so[0m
[2.766s] [ 64%] [32mBuilding CXX object CMakeFiles/boat_data_interfaces__rosidl_typesupport_fastrtps_cpp.dir/rosidl_typesupport_fastrtps_cpp/boat_data_interfaces/msg/detail/dds_fastrtps/motor_data__type_support.cpp.o[0m
[2.767s] [ 65%] [32mBuilding CXX object CMakeFiles/boat_data_interfaces__rosidl_typesupport_fastrtps_cpp.dir/rosidl_typesupport_fastrtps_cpp/boat_data_interfaces/msg/detail/dds_fastrtps/gpio_data__type_support.cpp.o[0m
[2.768s] [ 67%] [32mBuilding CXX object CMakeFiles/boat_data_interfaces__rosidl_typesupport_fastrtps_cpp.dir/rosidl_typesupport_fastrtps_cpp/boat_data_interfaces/msg/detail/dds_fastrtps/electrical_data__type_support.cpp.o[0m
[2.768s] [ 68%] [32mBuilding CXX object CMakeFiles/boat_data_interfaces__rosidl_typesupport_fastrtps_cpp.dir/rosidl_typesupport_fastrtps_cpp/boat_data_interfaces/msg/detail/dds_fastrtps/motion_data__type_support.cpp.o[0m
[2.781s] [ 70%] [32mBuilding CXX object CMakeFiles/boat_data_interfaces__rosidl_typesupport_fastrtps_c.dir/rosidl_typesupport_fastrtps_c/boat_data_interfaces/msg/detail/electrical_data__type_support_c.cpp.o[0m
[2.782s] [ 71%] [32mBuilding CXX object CMakeFiles/boat_data_interfaces__rosidl_typesupport_fastrtps_c.dir/rosidl_typesupport_fastrtps_c/boat_data_interfaces/msg/detail/gpio_data__type_support_c.cpp.o[0m
[3.113s] [ 71%] Built target boat_data_interfaces__rosidl_typesupport_c
[3.124s] [ 73%] [32mBuilding CXX object CMakeFiles/boat_data_interfaces__rosidl_typesupport_fastrtps_c.dir/rosidl_typesupport_fastrtps_c/boat_data_interfaces/msg/detail/motion_data__type_support_c.cpp.o[0m
[3.132s] [ 75%] [32mBuilding CXX object CMakeFiles/boat_data_interfaces__rosidl_typesupport_fastrtps_c.dir/rosidl_typesupport_fastrtps_c/boat_data_interfaces/msg/detail/motor_data__type_support_c.cpp.o[0m
[3.178s] [ 76%] [32m[1mLinking CXX shared library libboat_data_interfaces__rosidl_typesupport_cpp.so[0m
[3.181s] [ 76%] Built target boat_data_interfaces__rosidl_typesupport_introspection_c
[3.200s] [ 78%] [32m[1mLinking CXX shared library libboat_data_interfaces__rosidl_typesupport_introspection_cpp.so[0m
[3.386s] [ 78%] Built target boat_data_interfaces__rosidl_typesupport_cpp
[3.417s] [ 78%] Built target boat_data_interfaces__rosidl_typesupport_introspection_cpp
[3.462s] [ 79%] [32m[1mLinking CXX shared library libboat_data_interfaces__rosidl_typesupport_fastrtps_cpp.so[0m
[3.531s] [ 81%] [32m[1mLinking CXX shared library libboat_data_interfaces__rosidl_typesupport_fastrtps_c.so[0m
[3.607s] [ 81%] Built target boat_data_interfaces__rosidl_typesupport_fastrtps_cpp
[3.672s] [ 81%] Built target boat_data_interfaces__rosidl_typesupport_fastrtps_c
[3.686s] [ 81%] Built target boat_data_interfaces
[3.701s] [ 82%] [34m[1mGenerating Python code for ROS interfaces[0m
[3.985s] [ 82%] Built target boat_data_interfaces__py
[3.999s] [ 89%] [32mBuilding C object CMakeFiles/boat_data_interfaces__rosidl_generator_py.dir/rosidl_generator_py/boat_data_interfaces/msg/_motor_data_s.c.o[0m
[3.999s] [ 89%] [32mBuilding C object CMakeFiles/boat_data_interfaces__rosidl_generator_py.dir/rosidl_generator_py/boat_data_interfaces/msg/_motion_data_s.c.o[0m
[3.999s] [ 89%] [32mBuilding C object CMakeFiles/boat_data_interfaces__rosidl_generator_py.dir/rosidl_generator_py/boat_data_interfaces/msg/_gpio_data_s.c.o[0m
[3.999s] [ 89%] [32mBuilding C object CMakeFiles/boat_data_interfaces__rosidl_generator_py.dir/rosidl_generator_py/boat_data_interfaces/msg/_electrical_data_s.c.o[0m
[4.120s] [ 90%] [32m[1mLinking C shared library libboat_data_interfaces__rosidl_generator_py.so[0m
[4.263s] [ 90%] Built target boat_data_interfaces__rosidl_generator_py
[4.278s] [ 95%] [32mBuilding C object CMakeFiles/boat_data_interfaces_s__rosidl_typesupport_introspection_c.dir/rosidl_generator_py/boat_data_interfaces/_boat_data_interfaces_s.ep.rosidl_typesupport_introspection_c.c.o[0m
[4.278s] [ 95%] [32mBuilding C object CMakeFiles/boat_data_interfaces_s__rosidl_typesupport_fastrtps_c.dir/rosidl_generator_py/boat_data_interfaces/_boat_data_interfaces_s.ep.rosidl_typesupport_fastrtps_c.c.o[0m
[4.278s] [ 95%] [32mBuilding C object CMakeFiles/boat_data_interfaces_s__rosidl_typesupport_c.dir/rosidl_generator_py/boat_data_interfaces/_boat_data_interfaces_s.ep.rosidl_typesupport_c.c.o[0m
[4.342s] [100%] [32m[1mLinking C shared module rosidl_generator_py/boat_data_interfaces/boat_data_interfaces_s__rosidl_typesupport_c.so[0m
[4.342s] [100%] [32m[1mLinking C shared module rosidl_generator_py/boat_data_interfaces/boat_data_interfaces_s__rosidl_typesupport_introspection_c.so[0m
[4.343s] [100%] [32m[1mLinking C shared module rosidl_generator_py/boat_data_interfaces/boat_data_interfaces_s__rosidl_typesupport_fastrtps_c.so[0m
[4.432s] [100%] Built target boat_data_interfaces_s__rosidl_typesupport_introspection_c
[4.432s] [100%] Built target boat_data_interfaces_s__rosidl_typesupport_fastrtps_c
[4.432s] [100%] Built target boat_data_interfaces_s__rosidl_typesupport_c
[4.443s] Invoked command in '/home/ishaan/eboat_src/build/boat_data_interfaces' returned '0': CMAKE_PREFIX_PATH=${CMAKE_PREFIX_PATH}:/opt/ros/kilted /usr/bin/cmake --build /home/ishaan/eboat_src/build/boat_data_interfaces -- -j16 -l16
[4.449s] Invoking command in '/home/ishaan/eboat_src/build/boat_data_interfaces': CMAKE_PREFIX_PATH=${CMAKE_PREFIX_PATH}:/opt/ros/kilted /usr/bin/cmake --install /home/ishaan/eboat_src/build/boat_data_interfaces
[4.455s] -- Install configuration: ""
[4.455s] -- Installing: /home/ishaan/eboat_src/install/boat_data_interfaces/share/ament_index/resource_index/rosidl_interfaces/boat_data_interfaces
[4.456s] -- Installing: /home/ishaan/eboat_src/install/boat_data_interfaces/share/boat_data_interfaces/msg/ElectricalData.json
[4.456s] -- Installing: /home/ishaan/eboat_src/install/boat_data_interfaces/share/boat_data_interfaces/msg/GPIOData.json
[4.456s] -- Installing: /home/ishaan/eboat_src/install/boat_data_interfaces/share/boat_data_interfaces/msg/MotionData.json
[4.456s] -- Installing: /home/ishaan/eboat_src/install/boat_data_interfaces/share/boat_data_interfaces/msg/MotorData.json
[4.456s] -- Installing: /home/ishaan/eboat_src/install/boat_data_interfaces/include/boat_data_interfaces/boat_data_interfaces
[4.456s] -- Installing: /home/ishaan/eboat_src/install/boat_data_interfaces/include/boat_data_interfaces/boat_data_interfaces/msg
[4.457s] -- Installing: /home/ishaan/eboat_src/install/boat_data_interfaces/include/boat_data_interfaces/boat_data_interfaces/msg/electrical_data.h
[4.457s] -- Installing: /home/ishaan/eboat_src/install/boat_data_interfaces/include/boat_data_interfaces/boat_data_interfaces/msg/detail
[4.457s] -- Installing: /home/ishaan/eboat_src/install/boat_data_interfaces/include/boat_data_interfaces/boat_data_interfaces/msg/detail/motion_data__struct.h
[4.458s] -- Installing: /home/ishaan/eboat_src/install/boat_data_interfaces/include/boat_data_interfaces/boat_data_interfaces/msg/detail/electrical_data__type_support.c
[4.458s] -- Installing: /home/ishaan/eboat_src/install/boat_data_interfaces/include/boat_data_interfaces/boat_data_interfaces/msg/detail/gpio_data__type_support.c
[4.458s] -- Installing: /home/ishaan/eboat_src/install/boat_data_interfaces/include/boat_data_interfaces/boat_data_interfaces/msg/detail/motion_data__functions.h
[4.458s] -- Installing: /home/ishaan/eboat_src/install/boat_data_interfaces/include/boat_data_interfaces/boat_data_interfaces/msg/detail/electrical_data__struct.h
[4.458s] -- Installing: /home/ishaan/eboat_src/install/boat_data_interfaces/include/boat_data_interfaces/boat_data_interfaces/msg/detail/motor_data__description.c
[4.458s] -- Installing: /home/ishaan/eboat_src/install/boat_data_interfaces/include/boat_data_interfaces/boat_data_interfaces/msg/detail/gpio_data__functions.c
[4.458s] -- Installing: /home/ishaan/eboat_src/install/boat_data_interfaces/include/boat_data_interfaces/boat_data_interfaces/msg/detail/motor_data__functions.h
[4.458s] -- Installing: /home/ishaan/eboat_src/install/boat_data_interfaces/include/boat_data_interfaces/boat_data_interfaces/msg/detail/motor_data__type_support.h
[4.458s] -- Installing: /home/ishaan/eboat_src/install/boat_data_interfaces/include/boat_data_interfaces/boat_data_interfaces/msg/detail/motion_data__type_support.c
[4.458s] -- Installing: /home/ishaan/eboat_src/install/boat_data_interfaces/include/boat_data_interfaces/boat_data_interfaces/msg/detail/gpio_data__struct.h
[4.458s] -- Installing: /home/ishaan/eboat_src/install/boat_data_interfaces/include/boat_data_interfaces/boat_data_interfaces/msg/detail/electrical_data__description.c
[4.458s] -- Installing: /home/ishaan/eboat_src/install/boat_data_interfaces/include/boat_data_interfaces/boat_data_interfaces/msg/detail/motion_data__description.c
[4.458s] -- Installing: /home/ishaan/eboat_src/install/boat_data_interfaces/include/boat_data_interfaces/boat_data_interfaces/msg/detail/electrical_data__functions.h
[4.458s] -- Installing: /home/ishaan/eboat_src/install/boat_data_interfaces/include/boat_data_interfaces/boat_data_interfaces/msg/detail/electrical_data__functions.c
[4.458s] -- Installing: /home/ishaan/eboat_src/install/boat_data_interfaces/include/boat_data_interfaces/boat_data_interfaces/msg/detail/motion_data__type_support.h
[4.459s] -- Installing: /home/ishaan/eboat_src/install/boat_data_interfaces/include/boat_data_interfaces/boat_data_interfaces/msg/detail/gpio_data__description.c
[4.459s] -- Installing: /home/ishaan/eboat_src/install/boat_data_interfaces/include/boat_data_interfaces/boat_data_interfaces/msg/detail/motion_data__functions.c
[4.459s] -- Installing: /home/ishaan/eboat_src/install/boat_data_interfaces/include/boat_data_interfaces/boat_data_interfaces/msg/detail/electrical_data__type_support.h
[4.459s] -- Installing: /home/ishaan/eboat_src/install/boat_data_interfaces/include/boat_data_interfaces/boat_data_interfaces/msg/detail/motor_data__functions.c
[4.459s] -- Installing: /home/ishaan/eboat_src/install/boat_data_interfaces/include/boat_data_interfaces/boat_data_interfaces/msg/detail/motor_data__type_support.c
[4.459s] -- Installing: /home/ishaan/eboat_src/install/boat_data_interfaces/include/boat_data_interfaces/boat_data_interfaces/msg/detail/gpio_data__functions.h
[4.459s] -- Installing: /home/ishaan/eboat_src/install/boat_data_interfaces/include/boat_data_interfaces/boat_data_interfaces/msg/detail/gpio_data__type_support.h
[4.459s] -- Installing: /home/ishaan/eboat_src/install/boat_data_interfaces/include/boat_data_interfaces/boat_data_interfaces/msg/detail/motor_data__struct.h
[4.460s] -- Installing: /home/ishaan/eboat_src/install/boat_data_interfaces/include/boat_data_interfaces/boat_data_interfaces/msg/gpio_data.h
[4.460s] -- Installing: /home/ishaan/eboat_src/install/boat_data_interfaces/include/boat_data_interfaces/boat_data_interfaces/msg/rosidl_generator_c__visibility_control.h
[4.460s] -- Installing: /home/ishaan/eboat_src/install/boat_data_interfaces/include/boat_data_interfaces/boat_data_interfaces/msg/motor_data.h
[4.460s] -- Installing: /home/ishaan/eboat_src/install/boat_data_interfaces/include/boat_data_interfaces/boat_data_interfaces/msg/motion_data.h
[4.460s] -- Installing: /home/ishaan/eboat_src/install/boat_data_interfaces/share/boat_data_interfaces/environment/library_path.sh
[4.460s] -- Installing: /home/ishaan/eboat_src/install/boat_data_interfaces/share/boat_data_interfaces/environment/library_path.dsv
[4.461s] -- Installing: /home/ishaan/eboat_src/install/boat_data_interfaces/lib/libboat_data_interfaces__rosidl_generator_c.so
[4.461s] -- Set non-toolchain portion of runtime path of "/home/ishaan/eboat_src/install/boat_data_interfaces/lib/libboat_data_interfaces__rosidl_generator_c.so" to ""
[4.461s] -- Up-to-date: /home/ishaan/eboat_src/install/boat_data_interfaces/include/boat_data_interfaces/boat_data_interfaces
[4.461s] -- Up-to-date: /home/ishaan/eboat_src/install/boat_data_interfaces/include/boat_data_interfaces/boat_data_interfaces/msg
[4.462s] -- Installing: /home/ishaan/eboat_src/install/boat_data_interfaces/include/boat_data_interfaces/boat_data_interfaces/msg/rosidl_typesupport_fastrtps_c__visibility_control.h
[4.462s] -- Up-to-date: /home/ishaan/eboat_src/install/boat_data_interfaces/include/boat_data_interfaces/boat_data_interfaces/msg/detail
[4.462s] -- Installing: /home/ishaan/eboat_src/install/boat_data_interfaces/include/boat_data_interfaces/boat_data_interfaces/msg/detail/gpio_data__rosidl_typesupport_fastrtps_c.h
[4.462s] -- Installing: /home/ishaan/eboat_src/install/boat_data_interfaces/include/boat_data_interfaces/boat_data_interfaces/msg/detail/motor_data__rosidl_typesupport_fastrtps_c.h
[4.462s] -- Installing: /home/ishaan/eboat_src/install/boat_data_interfaces/include/boat_data_interfaces/boat_data_interfaces/msg/detail/motion_data__rosidl_typesupport_fastrtps_c.h
[4.462s] -- Installing: /home/ishaan/eboat_src/install/boat_data_interfaces/include/boat_data_interfaces/boat_data_interfaces/msg/detail/electrical_data__rosidl_typesupport_fastrtps_c.h
[4.463s] -- Installing: /home/ishaan/eboat_src/install/boat_data_interfaces/lib/libboat_data_interfaces__rosidl_typesupport_fastrtps_c.so
[4.463s] -- Set non-toolchain portion of runtime path of "/home/ishaan/eboat_src/install/boat_data_interfaces/lib/libboat_data_interfaces__rosidl_typesupport_fastrtps_c.so" to ""
[4.463s] -- Up-to-date: /home/ishaan/eboat_src/install/boat_data_interfaces/include/boat_data_interfaces/boat_data_interfaces
[4.463s] -- Up-to-date: /home/ishaan/eboat_src/install/boat_data_interfaces/include/boat_data_interfaces/boat_data_interfaces/msg
[4.464s] -- Installing: /home/ishaan/eboat_src/install/boat_data_interfaces/include/boat_data_interfaces/boat_data_interfaces/msg/rosidl_typesupport_introspection_c__visibility_control.h
[4.464s] -- Up-to-date: /home/ishaan/eboat_src/install/boat_data_interfaces/include/boat_data_interfaces/boat_data_interfaces/msg/detail
[4.464s] -- Installing: /home/ishaan/eboat_src/install/boat_data_interfaces/include/boat_data_interfaces/boat_data_interfaces/msg/detail/motor_data__rosidl_typesupport_introspection_c.h
[4.464s] -- Installing: /home/ishaan/eboat_src/install/boat_data_interfaces/include/boat_data_interfaces/boat_data_interfaces/msg/detail/electrical_data__type_support.c
[4.464s] -- Installing: /home/ishaan/eboat_src/install/boat_data_interfaces/include/boat_data_interfaces/boat_data_interfaces/msg/detail/gpio_data__type_support.c
[4.465s] -- Installing: /home/ishaan/eboat_src/install/boat_data_interfaces/include/boat_data_interfaces/boat_data_interfaces/msg/detail/motion_data__rosidl_typesupport_introspection_c.h
[4.465s] -- Installing: /home/ishaan/eboat_src/install/boat_data_interfaces/include/boat_data_interfaces/boat_data_interfaces/msg/detail/motion_data__type_support.c
[4.465s] -- Installing: /home/ishaan/eboat_src/install/boat_data_interfaces/include/boat_data_interfaces/boat_data_interfaces/msg/detail/electrical_data__rosidl_typesupport_introspection_c.h
[4.465s] -- Installing: /home/ishaan/eboat_src/install/boat_data_interfaces/include/boat_data_interfaces/boat_data_interfaces/msg/detail/gpio_data__rosidl_typesupport_introspection_c.h
[4.466s] -- Installing: /home/ishaan/eboat_src/install/boat_data_interfaces/include/boat_data_interfaces/boat_data_interfaces/msg/detail/motor_data__type_support.c
[4.466s] -- Installing: /home/ishaan/eboat_src/install/boat_data_interfaces/lib/libboat_data_interfaces__rosidl_typesupport_introspection_c.so
[4.466s] -- Set non-toolchain portion of runtime path of "/home/ishaan/eboat_src/install/boat_data_interfaces/lib/libboat_data_interfaces__rosidl_typesupport_introspection_c.so" to ""
[4.466s] -- Installing: /home/ishaan/eboat_src/install/boat_data_interfaces/lib/libboat_data_interfaces__rosidl_typesupport_c.so
[4.467s] -- Set non-toolchain portion of runtime path of "/home/ishaan/eboat_src/install/boat_data_interfaces/lib/libboat_data_interfaces__rosidl_typesupport_c.so" to ""
[4.467s] -- Up-to-date: /home/ishaan/eboat_src/install/boat_data_interfaces/include/boat_data_interfaces/boat_data_interfaces
[4.467s] -- Up-to-date: /home/ishaan/eboat_src/install/boat_data_interfaces/include/boat_data_interfaces/boat_data_interfaces/msg
[4.467s] -- Installing: /home/ishaan/eboat_src/install/boat_data_interfaces/include/boat_data_interfaces/boat_data_interfaces/msg/gpio_data.hpp
[4.467s] -- Installing: /home/ishaan/eboat_src/install/boat_data_interfaces/include/boat_data_interfaces/boat_data_interfaces/msg/electrical_data.hpp
[4.468s] -- Up-to-date: /home/ishaan/eboat_src/install/boat_data_interfaces/include/boat_data_interfaces/boat_data_interfaces/msg/detail
[4.468s] -- Installing: /home/ishaan/eboat_src/install/boat_data_interfaces/include/boat_data_interfaces/boat_data_interfaces/msg/detail/motion_data__traits.hpp
[4.468s] -- Installing: /home/ishaan/eboat_src/install/boat_data_interfaces/include/boat_data_interfaces/boat_data_interfaces/msg/detail/motor_data__traits.hpp
[4.468s] -- Installing: /home/ishaan/eboat_src/install/boat_data_interfaces/include/boat_data_interfaces/boat_data_interfaces/msg/detail/electrical_data__traits.hpp
[4.468s] -- Installing: /home/ishaan/eboat_src/install/boat_data_interfaces/include/boat_data_interfaces/boat_data_interfaces/msg/detail/electrical_data__builder.hpp
[4.468s] -- Installing: /home/ishaan/eboat_src/install/boat_data_interfaces/include/boat_data_interfaces/boat_data_interfaces/msg/detail/motion_data__type_support.hpp
[4.468s] -- Installing: /home/ishaan/eboat_src/install/boat_data_interfaces/include/boat_data_interfaces/boat_data_interfaces/msg/detail/motion_data__struct.hpp
[4.468s] -- Installing: /home/ishaan/eboat_src/install/boat_data_interfaces/include/boat_data_interfaces/boat_data_interfaces/msg/detail/electrical_data__struct.hpp
[4.468s] -- Installing: /home/ishaan/eboat_src/install/boat_data_interfaces/include/boat_data_interfaces/boat_data_interfaces/msg/detail/gpio_data__type_support.hpp
[4.468s] -- Installing: /home/ishaan/eboat_src/install/boat_data_interfaces/include/boat_data_interfaces/boat_data_interfaces/msg/detail/gpio_data__builder.hpp
[4.468s] -- Installing: /home/ishaan/eboat_src/install/boat_data_interfaces/include/boat_data_interfaces/boat_data_interfaces/msg/detail/motor_data__type_support.hpp
[4.468s] -- Installing: /home/ishaan/eboat_src/install/boat_data_interfaces/include/boat_data_interfaces/boat_data_interfaces/msg/detail/gpio_data__traits.hpp
[4.469s] -- Installing: /home/ishaan/eboat_src/install/boat_data_interfaces/include/boat_data_interfaces/boat_data_interfaces/msg/detail/electrical_data__type_support.hpp
[4.469s] -- Installing: /home/ishaan/eboat_src/install/boat_data_interfaces/include/boat_data_interfaces/boat_data_interfaces/msg/detail/motion_data__builder.hpp
[4.469s] -- Installing: /home/ishaan/eboat_src/install/boat_data_interfaces/include/boat_data_interfaces/boat_data_interfaces/msg/detail/gpio_data__struct.hpp
[4.469s] -- Installing: /home/ishaan/eboat_src/install/boat_data_interfaces/include/boat_data_interfaces/boat_data_interfaces/msg/detail/motor_data__builder.hpp
[4.470s] -- Installing: /home/ishaan/eboat_src/install/boat_data_interfaces/include/boat_data_interfaces/boat_data_interfaces/msg/detail/motor_data__struct.hpp
[4.470s] -- Installing: /home/ishaan/eboat_src/install/boat_data_interfaces/include/boat_data_interfaces/boat_data_interfaces/msg/motor_data.hpp
[4.470s] -- Installing: /home/ishaan/eboat_src/install/boat_data_interfaces/include/boat_data_interfaces/boat_data_interfaces/msg/motion_data.hpp
[4.470s] -- Installing: /home/ishaan/eboat_src/install/boat_data_interfaces/include/boat_data_interfaces/boat_data_interfaces/msg/rosidl_generator_cpp__visibility_control.hpp
[4.471s] -- Up-to-date: /home/ishaan/eboat_src/install/boat_data_interfaces/include/boat_data_interfaces/boat_data_interfaces
[4.471s] -- Up-to-date: /home/ishaan/eboat_src/install/boat_data_interfaces/include/boat_data_interfaces/boat_data_interfaces/msg
[4.471s] -- Up-to-date: /home/ishaan/eboat_src/install/boat_data_interfaces/include/boat_data_interfaces/boat_data_interfaces/msg/detail
[4.471s] -- Installing: /home/ishaan/eboat_src/install/boat_data_interfaces/include/boat_data_interfaces/boat_data_interfaces/msg/detail/motion_data__rosidl_typesupport_fastrtps_cpp.hpp
[4.471s] -- Installing: /home/ishaan/eboat_src/install/boat_data_interfaces/include/boat_data_interfaces/boat_data_interfaces/msg/detail/motor_data__rosidl_typesupport_fastrtps_cpp.hpp
[4.472s] -- Installing: /home/ishaan/eboat_src/install/boat_data_interfaces/include/boat_data_interfaces/boat_data_interfaces/msg/detail/gpio_data__rosidl_typesupport_fastrtps_cpp.hpp
[4.472s] -- Installing: /home/ishaan/eboat_src/install/boat_data_interfaces/include/boat_data_interfaces/boat_data_interfaces/msg/detail/dds_fastrtps
[4.472s] -- Installing: /home/ishaan/eboat_src/install/boat_data_interfaces/include/boat_data_interfaces/boat_data_interfaces/msg/detail/electrical_data__rosidl_typesupport_fastrtps_cpp.hpp
[4.472s] -- Installing: /home/ishaan/eboat_src/install/boat_data_interfaces/include/boat_data_interfaces/boat_data_interfaces/msg/rosidl_typesupport_fastrtps_cpp__visibility_control.h
[4.472s] -- Installing: /home/ishaan/eboat_src/install/boat_data_interfaces/lib/libboat_data_interfaces__rosidl_typesupport_fastrtps_cpp.so
[4.472s] -- Set non-toolchain portion of runtime path of "/home/ishaan/eboat_src/install/boat_data_interfaces/lib/libboat_data_interfaces__rosidl_typesupport_fastrtps_cpp.so" to ""
[4.472s] -- Up-to-date: /home/ishaan/eboat_src/install/boat_data_interfaces/include/boat_data_interfaces/boat_data_interfaces
[4.472s] -- Up-to-date: /home/ishaan/eboat_src/install/boat_data_interfaces/include/boat_data_interfaces/boat_data_interfaces/msg
[4.472s] -- Up-to-date: /home/ishaan/eboat_src/install/boat_data_interfaces/include/boat_data_interfaces/boat_data_interfaces/msg/detail
[4.472s] -- Installing: /home/ishaan/eboat_src/install/boat_data_interfaces/include/boat_data_interfaces/boat_data_interfaces/msg/detail/motion_data__type_support.cpp
[4.472s] -- Installing: /home/ishaan/eboat_src/install/boat_data_interfaces/include/boat_data_interfaces/boat_data_interfaces/msg/detail/motion_data__rosidl_typesupport_introspection_cpp.hpp
[4.472s] -- Installing: /home/ishaan/eboat_src/install/boat_data_interfaces/include/boat_data_interfaces/boat_data_interfaces/msg/detail/electrical_data__rosidl_typesupport_introspection_cpp.hpp
[4.472s] -- Installing: /home/ishaan/eboat_src/install/boat_data_interfaces/include/boat_data_interfaces/boat_data_interfaces/msg/detail/gpio_data__type_support.cpp
[4.472s] -- Installing: /home/ishaan/eboat_src/install/boat_data_interfaces/include/boat_data_interfaces/boat_data_interfaces/msg/detail/motor_data__rosidl_typesupport_introspection_cpp.hpp
[4.472s] -- Installing: /home/ishaan/eboat_src/install/boat_data_interfaces/include/boat_data_interfaces/boat_data_interfaces/msg/detail/motor_data__type_support.cpp
[4.472s] -- Installing: /home/ishaan/eboat_src/install/boat_data_interfaces/include/boat_data_interfaces/boat_data_interfaces/msg/detail/gpio_data__rosidl_typesupport_introspection_cpp.hpp
[4.472s] -- Installing: /home/ishaan/eboat_src/install/boat_data_interfaces/include/boat_data_interfaces/boat_data_interfaces/msg/detail/electrical_data__type_support.cpp
[4.472s] -- Installing: /home/ishaan/eboat_src/install/boat_data_interfaces/lib/libboat_data_interfaces__rosidl_typesupport_introspection_cpp.so
[4.472s] -- Set non-toolchain portion of runtime path of "/home/ishaan/eboat_src/install/boat_data_interfaces/lib/libboat_data_interfaces__rosidl_typesupport_introspection_cpp.so" to ""
[4.472s] -- Installing: /home/ishaan/eboat_src/install/boat_data_interfaces/lib/libboat_data_interfaces__rosidl_typesupport_cpp.so
[4.472s] -- Set non-toolchain portion of runtime path of "/home/ishaan/eboat_src/install/boat_data_interfaces/lib/libboat_data_interfaces__rosidl_typesupport_cpp.so" to ""
[4.472s] -- Installing: /home/ishaan/eboat_src/install/boat_data_interfaces/share/boat_data_interfaces/environment/pythonpath.sh
[4.472s] -- Installing: /home/ishaan/eboat_src/install/boat_data_interfaces/share/boat_data_interfaces/environment/pythonpath.dsv
[4.472s] -- Installing: /home/ishaan/eboat_src/install/boat_data_interfaces/lib/python3.12/site-packages/boat_data_interfaces-0.0.0-py3.12.egg-info
[4.472s] -- Installing: /home/ishaan/eboat_src/install/boat_data_interfaces/lib/python3.12/site-packages/boat_data_interfaces-0.0.0-py3.12.egg-info/top_level.txt
[4.472s] -- Installing: /home/ishaan/eboat_src/install/boat_data_interfaces/lib/python3.12/site-packages/boat_data_interfaces-0.0.0-py3.12.egg-info/SOURCES.txt
[4.472s] -- Installing: /home/ishaan/eboat_src/install/boat_data_interfaces/lib/python3.12/site-packages/boat_data_interfaces-0.0.0-py3.12.egg-info/PKG-INFO
[4.472s] -- Installing: /home/ishaan/eboat_src/install/boat_data_interfaces/lib/python3.12/site-packages/boat_data_interfaces-0.0.0-py3.12.egg-info/dependency_links.txt
[4.472s] -- Installing: /home/ishaan/eboat_src/install/boat_data_interfaces/lib/python3.12/site-packages/boat_data_interfaces
[4.472s] -- Installing: /home/ishaan/eboat_src/install/boat_data_interfaces/lib/python3.12/site-packages/boat_data_interfaces/boat_data_interfaces_s__rosidl_typesupport_fastrtps_c.so
[4.472s] -- Installing: /home/ishaan/eboat_src/install/boat_data_interfaces/lib/python3.12/site-packages/boat_data_interfaces/_boat_data_interfaces_s.ep.rosidl_typesupport_fastrtps_c.c
[4.473s] -- Installing: /home/ishaan/eboat_src/install/boat_data_interfaces/lib/python3.12/site-packages/boat_data_interfaces/boat_data_interfaces_s__rosidl_typesupport_introspection_c.so
[4.473s] -- Installing: /home/ishaan/eboat_src/install/boat_data_interfaces/lib/python3.12/site-packages/boat_data_interfaces/_boat_data_interfaces_s.ep.rosidl_typesupport_c.c
[4.473s] -- Installing: /home/ishaan/eboat_src/install/boat_data_interfaces/lib/python3.12/site-packages/boat_data_interfaces/msg
[4.473s] -- Installing: /home/ishaan/eboat_src/install/boat_data_interfaces/lib/python3.12/site-packages/boat_data_interfaces/msg/_gpio_data_s.c
[4.473s] -- Installing: /home/ishaan/eboat_src/install/boat_data_interfaces/lib/python3.12/site-packages/boat_data_interfaces/msg/_gpio_data.py
[4.473s] -- Installing: /home/ishaan/eboat_src/install/boat_data_interfaces/lib/python3.12/site-packages/boat_data_interfaces/msg/_electrical_data.py
[4.473s] -- Installing: /home/ishaan/eboat_src/install/boat_data_interfaces/lib/python3.12/site-packages/boat_data_interfaces/msg/_electrical_data_s.c
[4.473s] -- Installing: /home/ishaan/eboat_src/install/boat_data_interfaces/lib/python3.12/site-packages/boat_data_interfaces/msg/_motion_data_s.c
[4.473s] -- Installing: /home/ishaan/eboat_src/install/boat_data_interfaces/lib/python3.12/site-packages/boat_data_interfaces/msg/__init__.py
[4.473s] -- Installing: /home/ishaan/eboat_src/install/boat_data_interfaces/lib/python3.12/site-packages/boat_data_interfaces/msg/_motor_data_s.c
[4.473s] -- Installing: /home/ishaan/eboat_src/install/boat_data_interfaces/lib/python3.12/site-packages/boat_data_interfaces/msg/_motor_data.py
[4.473s] -- Installing: /home/ishaan/eboat_src/install/boat_data_interfaces/lib/python3.12/site-packages/boat_data_interfaces/msg/_motion_data.py
[4.473s] -- Installing: /home/ishaan/eboat_src/install/boat_data_interfaces/lib/python3.12/site-packages/boat_data_interfaces/__init__.py
[4.473s] -- Installing: /home/ishaan/eboat_src/install/boat_data_interfaces/lib/python3.12/site-packages/boat_data_interfaces/_boat_data_interfaces_s.ep.rosidl_typesupport_introspection_c.c
[4.473s] -- Installing: /home/ishaan/eboat_src/install/boat_data_interfaces/lib/python3.12/site-packages/boat_data_interfaces/boat_data_interfaces_s__rosidl_typesupport_c.so
[4.502s] Listing '/home/ishaan/eboat_src/install/boat_data_interfaces/lib/python3.12/site-packages/boat_data_interfaces'...
[4.502s] Compiling '/home/ishaan/eboat_src/install/boat_data_interfaces/lib/python3.12/site-packages/boat_data_interfaces/__init__.py'...
[4.502s] Listing '/home/ishaan/eboat_src/install/boat_data_interfaces/lib/python3.12/site-packages/boat_data_interfaces/msg'...
[4.502s] Compiling '/home/ishaan/eboat_src/install/boat_data_interfaces/lib/python3.12/site-packages/boat_data_interfaces/msg/__init__.py'...
[4.502s] Compiling '/home/ishaan/eboat_src/install/boat_data_interfaces/lib/python3.12/site-packages/boat_data_interfaces/msg/_electrical_data.py'...
[4.502s] Compiling '/home/ishaan/eboat_src/install/boat_data_interfaces/lib/python3.12/site-packages/boat_data_interfaces/msg/_gpio_data.py'...
[4.502s] Compiling '/home/ishaan/eboat_src/install/boat_data_interfaces/lib/python3.12/site-packages/boat_data_interfaces/msg/_motion_data.py'...
[4.502s] Compiling '/home/ishaan/eboat_src/install/boat_data_interfaces/lib/python3.12/site-packages/boat_data_interfaces/msg/_motor_data.py'...
[4.507s] -- Installing: /home/ishaan/eboat_src/install/boat_data_interfaces/lib/python3.12/site-packages/boat_data_interfaces/boat_data_interfaces_s__rosidl_typesupport_fastrtps_c.so
[4.507s] -- Set non-toolchain portion of runtime path of "/home/ishaan/eboat_src/install/boat_data_interfaces/lib/python3.12/site-packages/boat_data_interfaces/boat_data_interfaces_s__rosidl_typesupport_fastrtps_c.so" to ""
[4.507s] -- Installing: /home/ishaan/eboat_src/install/boat_data_interfaces/lib/python3.12/site-packages/boat_data_interfaces/boat_data_interfaces_s__rosidl_typesupport_introspection_c.so
[4.507s] -- Set non-toolchain portion of runtime path of "/home/ishaan/eboat_src/install/boat_data_interfaces/lib/python3.12/site-packages/boat_data_interfaces/boat_data_interfaces_s__rosidl_typesupport_introspection_c.so" to ""
[4.507s] -- Installing: /home/ishaan/eboat_src/install/boat_data_interfaces/lib/python3.12/site-packages/boat_data_interfaces/boat_data_interfaces_s__rosidl_typesupport_c.so
[4.507s] -- Set non-toolchain portion of runtime path of "/home/ishaan/eboat_src/install/boat_data_interfaces/lib/python3.12/site-packages/boat_data_interfaces/boat_data_interfaces_s__rosidl_typesupport_c.so" to ""
[4.508s] -- Installing: /home/ishaan/eboat_src/install/boat_data_interfaces/lib/libboat_data_interfaces__rosidl_generator_py.so
[4.508s] -- Set non-toolchain portion of runtime path of "/home/ishaan/eboat_src/install/boat_data_interfaces/lib/libboat_data_interfaces__rosidl_generator_py.so" to ""
[4.508s] -- Installing: /home/ishaan/eboat_src/install/boat_data_interfaces/share/boat_data_interfaces/msg/ElectricalData.idl
[4.508s] -- Installing: /home/ishaan/eboat_src/install/boat_data_interfaces/share/boat_data_interfaces/msg/GPIOData.idl
[4.508s] -- Installing: /home/ishaan/eboat_src/install/boat_data_interfaces/share/boat_data_interfaces/msg/MotionData.idl
[4.509s] -- Installing: /home/ishaan/eboat_src/install/boat_data_interfaces/share/boat_data_interfaces/msg/MotorData.idl
[4.509s] -- Installing: /home/ishaan/eboat_src/install/boat_data_interfaces/share/boat_data_interfaces/msg/ElectricalData.msg
[4.509s] -- Installing: /home/ishaan/eboat_src/install/boat_data_interfaces/share/boat_data_interfaces/msg/GPIOData.msg
[4.509s] -- Installing: /home/ishaan/eboat_src/install/boat_data_interfaces/share/boat_data_interfaces/msg/MotionData.msg
[4.509s] -- Installing: /home/ishaan/eboat_src/install/boat_data_interfaces/share/boat_data_interfaces/msg/MotorData.msg
[4.509s] -- Installing: /home/ishaan/eboat_src/install/boat_data_interfaces/share/ament_index/resource_index/package_run_dependencies/boat_data_interfaces
[4.510s] -- Installing: /home/ishaan/eboat_src/install/boat_data_interfaces/share/ament_index/resource_index/parent_prefix_path/boat_data_interfaces
[4.510s] -- Installing: /home/ishaan/eboat_src/install/boat_data_interfaces/share/boat_data_interfaces/environment/ament_prefix_path.sh
[4.510s] -- Installing: /home/ishaan/eboat_src/install/boat_data_interfaces/share/boat_data_interfaces/environment/ament_prefix_path.dsv
[4.510s] -- Installing: /home/ishaan/eboat_src/install/boat_data_interfaces/share/boat_data_interfaces/environment/path.sh
[4.510s] -- Installing: /home/ishaan/eboat_src/install/boat_data_interfaces/share/boat_data_interfaces/environment/path.dsv
[4.511s] -- Installing: /home/ishaan/eboat_src/install/boat_data_interfaces/share/boat_data_interfaces/local_setup.bash
[4.511s] -- Installing: /home/ishaan/eboat_src/install/boat_data_interfaces/share/boat_data_interfaces/local_setup.sh
[4.511s] -- Installing: /home/ishaan/eboat_src/install/boat_data_interfaces/share/boat_data_interfaces/local_setup.zsh
[4.511s] -- Installing: /home/ishaan/eboat_src/install/boat_data_interfaces/share/boat_data_interfaces/local_setup.dsv
[4.511s] -- Installing: /home/ishaan/eboat_src/install/boat_data_interfaces/share/boat_data_interfaces/package.dsv
[4.511s] -- Installing: /home/ishaan/eboat_src/install/boat_data_interfaces/share/ament_index/resource_index/packages/boat_data_interfaces
[4.511s] -- Installing: /home/ishaan/eboat_src/install/boat_data_interfaces/share/boat_data_interfaces/cmake/export_boat_data_interfaces__rosidl_generator_cExport.cmake
[4.512s] -- Installing: /home/ishaan/eboat_src/install/boat_data_interfaces/share/boat_data_interfaces/cmake/export_boat_data_interfaces__rosidl_generator_cExport-noconfig.cmake
[4.512s] -- Installing: /home/ishaan/eboat_src/install/boat_data_interfaces/share/boat_data_interfaces/cmake/export_boat_data_interfaces__rosidl_typesupport_fastrtps_cExport.cmake
[4.512s] -- Installing: /home/ishaan/eboat_src/install/boat_data_interfaces/share/boat_data_interfaces/cmake/export_boat_data_interfaces__rosidl_typesupport_fastrtps_cExport-noconfig.cmake
[4.512s] -- Installing: /home/ishaan/eboat_src/install/boat_data_interfaces/share/boat_data_interfaces/cmake/boat_data_interfaces__rosidl_typesupport_introspection_cExport.cmake
[4.512s] -- Installing: /home/ishaan/eboat_src/install/boat_data_interfaces/share/boat_data_interfaces/cmake/boat_data_interfaces__rosidl_typesupport_introspection_cExport-noconfig.cmake
[4.512s] -- Installing: /home/ishaan/eboat_src/install/boat_data_interfaces/share/boat_data_interfaces/cmake/boat_data_interfaces__rosidl_typesupport_cExport.cmake
[4.513s] -- Installing: /home/ishaan/eboat_src/install/boat_data_interfaces/share/boat_data_interfaces/cmake/boat_data_interfaces__rosidl_typesupport_cExport-noconfig.cmake
[4.513s] -- Installing: /home/ishaan/eboat_src/install/boat_data_interfaces/share/boat_data_interfaces/cmake/export_boat_data_interfaces__rosidl_generator_cppExport.cmake
[4.513s] -- Installing: /home/ishaan/eboat_src/install/boat_data_interfaces/share/boat_data_interfaces/cmake/export_boat_data_interfaces__rosidl_typesupport_fastrtps_cppExport.cmake
[4.513s] -- Installing: /home/ishaan/eboat_src/install/boat_data_interfaces/share/boat_data_interfaces/cmake/export_boat_data_interfaces__rosidl_typesupport_fastrtps_cppExport-noconfig.cmake
[4.513s] -- Installing: /home/ishaan/eboat_src/install/boat_data_interfaces/share/boat_data_interfaces/cmake/boat_data_interfaces__rosidl_typesupport_introspection_cppExport.cmake
[4.513s] -- Installing: /home/ishaan/eboat_src/install/boat_data_interfaces/share/boat_data_interfaces/cmake/boat_data_interfaces__rosidl_typesupport_introspection_cppExport-noconfig.cmake
[4.513s] -- Installing: /home/ishaan/eboat_src/install/boat_data_interfaces/share/boat_data_interfaces/cmake/boat_data_interfaces__rosidl_typesupport_cppExport.cmake
[4.513s] -- Installing: /home/ishaan/eboat_src/install/boat_data_interfaces/share/boat_data_interfaces/cmake/boat_data_interfaces__rosidl_typesupport_cppExport-noconfig.cmake
[4.514s] -- Installing: /home/ishaan/eboat_src/install/boat_data_interfaces/share/boat_data_interfaces/cmake/export_boat_data_interfaces__rosidl_generator_pyExport.cmake
[4.514s] -- Installing: /home/ishaan/eboat_src/install/boat_data_interfaces/share/boat_data_interfaces/cmake/export_boat_data_interfaces__rosidl_generator_pyExport-noconfig.cmake
[4.514s] -- Installing: /home/ishaan/eboat_src/install/boat_data_interfaces/share/boat_data_interfaces/cmake/rosidl_cmake-extras.cmake
[4.514s] -- Installing: /home/ishaan/eboat_src/install/boat_data_interfaces/share/boat_data_interfaces/cmake/ament_cmake_export_include_directories-extras.cmake
[4.514s] -- Installing: /home/ishaan/eboat_src/install/boat_data_interfaces/share/boat_data_interfaces/cmake/ament_cmake_export_libraries-extras.cmake
[4.514s] -- Installing: /home/ishaan/eboat_src/install/boat_data_interfaces/share/boat_data_interfaces/cmake/ament_cmake_export_targets-extras.cmake
[4.514s] -- Installing: /home/ishaan/eboat_src/install/boat_data_interfaces/share/boat_data_interfaces/cmake/rosidl_cmake_export_typesupport_targets-extras.cmake
[4.515s] -- Installing: /home/ishaan/eboat_src/install/boat_data_interfaces/share/boat_data_interfaces/cmake/ament_cmake_export_dependencies-extras.cmake
[4.515s] -- Installing: /home/ishaan/eboat_src/install/boat_data_interfaces/share/boat_data_interfaces/cmake/rosidl_cmake_export_typesupport_libraries-extras.cmake
[4.515s] -- Installing: /home/ishaan/eboat_src/install/boat_data_interfaces/share/boat_data_interfaces/cmake/boat_data_interfacesConfig.cmake
[4.515s] -- Installing: /home/ishaan/eboat_src/install/boat_data_interfaces/share/boat_data_interfaces/cmake/boat_data_interfacesConfig-version.cmake
[4.515s] -- Installing: /home/ishaan/eboat_src/install/boat_data_interfaces/share/boat_data_interfaces/package.xml
[4.518s] Invoked command in '/home/ishaan/eboat_src/build/boat_data_interfaces' returned '0': CMAKE_PREFIX_PATH=${CMAKE_PREFIX_PATH}:/opt/ros/kilted /usr/bin/cmake --install /home/ishaan/eboat_src/build/boat_data_interfaces
