[0.169s] Invoking command in '/home/ishaan/eboat_src/build/examples_rclcpp_minimal_service': CMAKE_PREFIX_PATH=${CMAKE_PREFIX_PATH}:/opt/ros/kilted /usr/bin/cmake /home/ishaan/eboat_src/ros_ws/src/examples/rclcpp/services/minimal_service -DCMAKE_INSTALL_PREFIX=/home/ishaan/eboat_src/install/examples_rclcpp_minimal_service
[0.555s] -- The C compiler identification is GNU 13.3.0
[1.445s] -- The CXX compiler identification is GNU 13.3.0
[2.497s] -- Detecting C compiler ABI info
[2.848s] -- Detecting C compiler ABI info - done
[2.857s] -- Check for working C compiler: /usr/bin/cc - skipped
[2.857s] -- Detecting C compile features
[2.858s] -- Detecting C compile features - done
[2.976s] -- Detecting CXX compiler ABI info
[3.313s] -- Detecting CXX compiler ABI info - done
[3.321s] -- Check for working CXX compiler: /usr/bin/c++ - skipped
[3.321s] -- Detecting CXX compile features
[3.321s] -- Detecting CXX compile features - done
[3.336s] -- Found ament_cmake: 2.7.3 (/opt/ros/kilted/share/ament_cmake/cmake)
[3.466s] -- Found Python3: /usr/bin/python3 (found version "3.12.3") found components: Interpreter 
[3.639s] -- Found example_interfaces: 0.13.0 (/opt/ros/kilted/share/example_interfaces/cmake)
[3.868s] -- Found rosidl_generator_c: 4.9.5 (/opt/ros/kilted/share/rosidl_generator_c/cmake)
[3.887s] -- Found rosidl_generator_cpp: 4.9.5 (/opt/ros/kilted/share/rosidl_generator_cpp/cmake)
[3.913s] -- Using all available rosidl_typesupport_c: rosidl_typesupport_fastrtps_c;rosidl_typesupport_introspection_c
[3.937s] -- Using all available rosidl_typesupport_cpp: rosidl_typesupport_fastrtps_cpp;rosidl_typesupport_introspection_cpp
[4.058s] -- Found rclcpp: 29.5.2 (/opt/ros/kilted/share/rclcpp/cmake)
[4.105s] -- Found rmw_implementation_cmake: 7.8.2 (/opt/ros/kilted/share/rmw_implementation_cmake/cmake)
[4.108s] -- Found rmw_fastrtps_cpp: 9.3.2 (/opt/ros/kilted/share/rmw_fastrtps_cpp/cmake)
[4.203s] -- Found OpenSSL: /usr/lib/x86_64-linux-gnu/libcrypto.so (found version "3.0.13")  
[4.223s] -- Using RMW implementation 'rmw_fastrtps_cpp' as default
[4.596s] -- Found ament_lint_auto: 0.19.2 (/opt/ros/kilted/share/ament_lint_auto/cmake)
[4.715s] -- Added test 'copyright' to check source files copyright and LICENSE
[4.716s] -- Added test 'cppcheck' to perform static code analysis on C / C++ code
[4.717s] -- Configured cppcheck include dirs: 
[4.717s] -- Configured cppcheck exclude dirs and/or files: 
[4.718s] -- Added test 'cpplint' to check C / C++ code against the Google style
[4.718s] -- Configured cpplint exclude dirs and/or files: 
[4.719s] -- Added test 'lint_cmake' to check CMake code style
[4.721s] -- Added test 'uncrustify' to check C / C++ code style
[4.721s] -- Configured uncrustify additional arguments: 
[4.722s] -- Added test 'xmllint' to check XML markup files
[4.724s] -- Configuring done (4.5s)
[4.737s] -- Generating done (0.0s)
[4.743s] -- Build files have been written to: /home/ishaan/eboat_src/build/examples_rclcpp_minimal_service
[4.761s] Invoked command in '/home/ishaan/eboat_src/build/examples_rclcpp_minimal_service' returned '0': CMAKE_PREFIX_PATH=${CMAKE_PREFIX_PATH}:/opt/ros/kilted /usr/bin/cmake /home/ishaan/eboat_src/ros_ws/src/examples/rclcpp/services/minimal_service -DCMAKE_INSTALL_PREFIX=/home/ishaan/eboat_src/install/examples_rclcpp_minimal_service
[4.765s] Invoking command in '/home/ishaan/eboat_src/build/examples_rclcpp_minimal_service': CMAKE_PREFIX_PATH=${CMAKE_PREFIX_PATH}:/opt/ros/kilted /usr/bin/cmake --build /home/ishaan/eboat_src/build/examples_rclcpp_minimal_service -- -j16 -l16
[4.876s] [ 50%] [32mBuilding CXX object CMakeFiles/service_main.dir/main.cpp.o[0m
[22.299s] gmake[2]: *** [CMakeFiles/service_main.dir/build.make:76: CMakeFiles/service_main.dir/main.cpp.o] Interrupt
[22.300s] gmake[1]: *** [CMakeFiles/Makefile2:137: CMakeFiles/service_main.dir/all] Interrupt
[22.301s] gmake: *** [Makefile:146: all] Interrupt
