[9.424s] Invoking command in '/home/ishaan/eboat_src/ros_ws/src/examples/rclpy/topics/minimal_publisher': PYTHONPATH=/home/ishaan/eboat_src/build/examples_rclpy_minimal_publisher/prefix_override:/usr/lib/python3/dist-packages/colcon_core/task/python/colcon_distutils_commands:/home/ishaan/eboat_src/install/examples_rclpy_minimal_publisher/lib/python3.12/site-packages:${PYTHONPATH} /usr/bin/python3 -W ignore:setup.py install is deprecated -W ignore:easy_install command is deprecated setup.py egg_info --egg-base ../../../../../../build/examples_rclpy_minimal_publisher build --build-base /home/ishaan/eboat_src/build/examples_rclpy_minimal_publisher/build install --record /home/ishaan/eboat_src/build/examples_rclpy_minimal_publisher/install.log --single-version-externally-managed install_data
[17.467s] running egg_info
[17.471s] creating ../../../../../../build/examples_rclpy_minimal_publisher/examples_rclpy_minimal_publisher.egg-info
[17.471s] writing ../../../../../../build/examples_rclpy_minimal_publisher/examples_rclpy_minimal_publisher.egg-info/PKG-INFO
[17.471s] writing dependency_links to ../../../../../../build/examples_rclpy_minimal_publisher/examples_rclpy_minimal_publisher.egg-info/dependency_links.txt
[17.471s] writing entry points to ../../../../../../build/examples_rclpy_minimal_publisher/examples_rclpy_minimal_publisher.egg-info/entry_points.txt
[17.471s] writing requirements to ../../../../../../build/examples_rclpy_minimal_publisher/examples_rclpy_minimal_publisher.egg-info/requires.txt
[17.471s] writing top-level names to ../../../../../../build/examples_rclpy_minimal_publisher/examples_rclpy_minimal_publisher.egg-info/top_level.txt
[17.472s] writing manifest file '../../../../../../build/examples_rclpy_minimal_publisher/examples_rclpy_minimal_publisher.egg-info/SOURCES.txt'
[17.472s] reading manifest file '../../../../../../build/examples_rclpy_minimal_publisher/examples_rclpy_minimal_publisher.egg-info/SOURCES.txt'
[17.472s] writing manifest file '../../../../../../build/examples_rclpy_minimal_publisher/examples_rclpy_minimal_publisher.egg-info/SOURCES.txt'
[17.472s] running build
[17.472s] running build_py
[17.477s] creating /home/ishaan/eboat_src/build/examples_rclpy_minimal_publisher/build
[17.477s] creating /home/ishaan/eboat_src/build/examples_rclpy_minimal_publisher/build/lib
[17.477s] creating /home/ishaan/eboat_src/build/examples_rclpy_minimal_publisher/build/lib/examples_rclpy_minimal_publisher
[17.478s] copying examples_rclpy_minimal_publisher/publisher_old_school.py -> /home/ishaan/eboat_src/build/examples_rclpy_minimal_publisher/build/lib/examples_rclpy_minimal_publisher
[17.478s] copying examples_rclpy_minimal_publisher/publisher_local_function.py -> /home/ishaan/eboat_src/build/examples_rclpy_minimal_publisher/build/lib/examples_rclpy_minimal_publisher
[17.478s] copying examples_rclpy_minimal_publisher/publisher_member_function.py -> /home/ishaan/eboat_src/build/examples_rclpy_minimal_publisher/build/lib/examples_rclpy_minimal_publisher
[17.478s] copying examples_rclpy_minimal_publisher/publisher_member_function_with_wait_for_all_acked.py -> /home/ishaan/eboat_src/build/examples_rclpy_minimal_publisher/build/lib/examples_rclpy_minimal_publisher
[17.478s] copying examples_rclpy_minimal_publisher/__init__.py -> /home/ishaan/eboat_src/build/examples_rclpy_minimal_publisher/build/lib/examples_rclpy_minimal_publisher
[17.478s] running install
[17.479s] running install_lib
[17.482s] creating /home/ishaan/eboat_src/install/examples_rclpy_minimal_publisher/lib/python3.12/site-packages/examples_rclpy_minimal_publisher
[17.483s] copying /home/ishaan/eboat_src/build/examples_rclpy_minimal_publisher/build/lib/examples_rclpy_minimal_publisher/publisher_old_school.py -> /home/ishaan/eboat_src/install/examples_rclpy_minimal_publisher/lib/python3.12/site-packages/examples_rclpy_minimal_publisher
[17.483s] copying /home/ishaan/eboat_src/build/examples_rclpy_minimal_publisher/build/lib/examples_rclpy_minimal_publisher/publisher_local_function.py -> /home/ishaan/eboat_src/install/examples_rclpy_minimal_publisher/lib/python3.12/site-packages/examples_rclpy_minimal_publisher
[17.483s] copying /home/ishaan/eboat_src/build/examples_rclpy_minimal_publisher/build/lib/examples_rclpy_minimal_publisher/publisher_member_function.py -> /home/ishaan/eboat_src/install/examples_rclpy_minimal_publisher/lib/python3.12/site-packages/examples_rclpy_minimal_publisher
[17.483s] copying /home/ishaan/eboat_src/build/examples_rclpy_minimal_publisher/build/lib/examples_rclpy_minimal_publisher/publisher_member_function_with_wait_for_all_acked.py -> /home/ishaan/eboat_src/install/examples_rclpy_minimal_publisher/lib/python3.12/site-packages/examples_rclpy_minimal_publisher
[17.483s] copying /home/ishaan/eboat_src/build/examples_rclpy_minimal_publisher/build/lib/examples_rclpy_minimal_publisher/__init__.py -> /home/ishaan/eboat_src/install/examples_rclpy_minimal_publisher/lib/python3.12/site-packages/examples_rclpy_minimal_publisher
[17.483s] byte-compiling /home/ishaan/eboat_src/install/examples_rclpy_minimal_publisher/lib/python3.12/site-packages/examples_rclpy_minimal_publisher/publisher_old_school.py to publisher_old_school.cpython-312.pyc
[17.484s] byte-compiling /home/ishaan/eboat_src/install/examples_rclpy_minimal_publisher/lib/python3.12/site-packages/examples_rclpy_minimal_publisher/publisher_local_function.py to publisher_local_function.cpython-312.pyc
[17.484s] byte-compiling /home/ishaan/eboat_src/install/examples_rclpy_minimal_publisher/lib/python3.12/site-packages/examples_rclpy_minimal_publisher/publisher_member_function.py to publisher_member_function.cpython-312.pyc
[17.484s] byte-compiling /home/ishaan/eboat_src/install/examples_rclpy_minimal_publisher/lib/python3.12/site-packages/examples_rclpy_minimal_publisher/publisher_member_function_with_wait_for_all_acked.py to publisher_member_function_with_wait_for_all_acked.cpython-312.pyc
[17.484s] byte-compiling /home/ishaan/eboat_src/install/examples_rclpy_minimal_publisher/lib/python3.12/site-packages/examples_rclpy_minimal_publisher/__init__.py to __init__.cpython-312.pyc
[17.484s] running install_data
[17.484s] creating /home/ishaan/eboat_src/install/examples_rclpy_minimal_publisher/share/ament_index
[17.484s] creating /home/ishaan/eboat_src/install/examples_rclpy_minimal_publisher/share/ament_index/resource_index
[17.484s] creating /home/ishaan/eboat_src/install/examples_rclpy_minimal_publisher/share/ament_index/resource_index/packages
[17.484s] copying resource/examples_rclpy_minimal_publisher -> /home/ishaan/eboat_src/install/examples_rclpy_minimal_publisher/share/ament_index/resource_index/packages
[17.484s] copying package.xml -> /home/ishaan/eboat_src/install/examples_rclpy_minimal_publisher/share/examples_rclpy_minimal_publisher
[17.484s] running install_egg_info
[17.485s] Copying ../../../../../../build/examples_rclpy_minimal_publisher/examples_rclpy_minimal_publisher.egg-info to /home/ishaan/eboat_src/install/examples_rclpy_minimal_publisher/lib/python3.12/site-packages/examples_rclpy_minimal_publisher-0.20.5-py3.12.egg-info
[17.485s] running install_scripts
[17.485s] Installing publisher_local_function script to /home/ishaan/eboat_src/install/examples_rclpy_minimal_publisher/lib/examples_rclpy_minimal_publisher
[17.485s] Installing publisher_member_function script to /home/ishaan/eboat_src/install/examples_rclpy_minimal_publisher/lib/examples_rclpy_minimal_publisher
[17.485s] Installing publisher_member_function_with_wait_for_all_acked script to /home/ishaan/eboat_src/install/examples_rclpy_minimal_publisher/lib/examples_rclpy_minimal_publisher
[17.485s] Installing publisher_old_school script to /home/ishaan/eboat_src/install/examples_rclpy_minimal_publisher/lib/examples_rclpy_minimal_publisher
[17.485s] writing list of installed files to '/home/ishaan/eboat_src/build/examples_rclpy_minimal_publisher/install.log'
