[0.168s] Invoking command in '/home/ishaan/eboat_src/build/examples_rclcpp_multithreaded_executor': CMAKE_PREFIX_PATH=${CMAKE_PREFIX_PATH}:/opt/ros/kilted /usr/bin/cmake /home/ishaan/eboat_src/ros_ws/src/examples/rclcpp/executors/multithreaded_executor -DCMAKE_INSTALL_PREFIX=/home/ishaan/eboat_src/install/examples_rclcpp_multithreaded_executor
[4.756s] -- The C compiler identification is GNU 13.3.0
[4.756s] -- The CXX compiler identification is GNU 13.3.0
[4.757s] -- Detecting C compiler ABI info
[4.757s] -- Detecting C compiler ABI info - done
[4.757s] -- Check for working C compiler: /usr/bin/cc - skipped
[4.757s] -- Detecting C compile features
[4.757s] -- Detecting C compile features - done
[4.757s] -- Detecting CXX compiler ABI info
[4.757s] -- Detecting CXX compiler ABI info - done
[4.757s] -- Check for working CXX compiler: /usr/bin/c++ - skipped
[4.757s] -- Detecting CXX compile features
[4.757s] -- Detecting CXX compile features - done
[4.757s] -- Found ament_cmake: 2.7.3 (/opt/ros/kilted/share/ament_cmake/cmake)
[4.757s] -- Found Python3: /usr/bin/python3 (found version "3.12.3") found components: Interpreter 
[4.758s] -- Found rclcpp: 29.5.2 (/opt/ros/kilted/share/rclcpp/cmake)
[4.758s] -- Found rosidl_generator_c: 4.9.5 (/opt/ros/kilted/share/rosidl_generator_c/cmake)
[4.758s] -- Found rosidl_generator_cpp: 4.9.5 (/opt/ros/kilted/share/rosidl_generator_cpp/cmake)
[4.758s] -- Using all available rosidl_typesupport_c: rosidl_typesupport_fastrtps_c;rosidl_typesupport_introspection_c
[4.758s] -- Using all available rosidl_typesupport_cpp: rosidl_typesupport_fastrtps_cpp;rosidl_typesupport_introspection_cpp
[4.758s] -- Found rmw_implementation_cmake: 7.8.2 (/opt/ros/kilted/share/rmw_implementation_cmake/cmake)
[4.758s] -- Found rmw_fastrtps_cpp: 9.3.2 (/opt/ros/kilted/share/rmw_fastrtps_cpp/cmake)
[4.758s] -- Found OpenSSL: /usr/lib/x86_64-linux-gnu/libcrypto.so (found version "3.0.13")  
[4.758s] -- Using RMW implementation 'rmw_fastrtps_cpp' as default
[4.758s] -- Found std_msgs: 5.5.0 (/opt/ros/kilted/share/std_msgs/cmake)
[4.758s] -- Found ament_lint_auto: 0.19.2 (/opt/ros/kilted/share/ament_lint_auto/cmake)
[4.908s] -- Added test 'copyright' to check source files copyright and LICENSE
[4.909s] -- Added test 'cppcheck' to perform static code analysis on C / C++ code
[4.910s] -- Configured cppcheck include dirs: 
[4.911s] -- Configured cppcheck exclude dirs and/or files: 
[4.912s] -- Added test 'cpplint' to check C / C++ code against the Google style
[4.912s] -- Configured cpplint exclude dirs and/or files: 
[4.912s] -- Added test 'lint_cmake' to check CMake code style
[4.912s] -- Added test 'uncrustify' to check C / C++ code style
[4.912s] -- Configured uncrustify additional arguments: 
[4.912s] -- Added test 'xmllint' to check XML markup files
[4.913s] -- Configuring done (4.7s)
[4.940s] -- Generating done (0.0s)
[4.940s] -- Build files have been written to: /home/ishaan/eboat_src/build/examples_rclcpp_multithreaded_executor
[5.023s] Invoked command in '/home/ishaan/eboat_src/build/examples_rclcpp_multithreaded_executor' returned '0': CMAKE_PREFIX_PATH=${CMAKE_PREFIX_PATH}:/opt/ros/kilted /usr/bin/cmake /home/ishaan/eboat_src/ros_ws/src/examples/rclcpp/executors/multithreaded_executor -DCMAKE_INSTALL_PREFIX=/home/ishaan/eboat_src/install/examples_rclcpp_multithreaded_executor
[5.025s] Invoking command in '/home/ishaan/eboat_src/build/examples_rclcpp_multithreaded_executor': CMAKE_PREFIX_PATH=${CMAKE_PREFIX_PATH}:/opt/ros/kilted /usr/bin/cmake --build /home/ishaan/eboat_src/build/examples_rclcpp_multithreaded_executor -- -j16 -l16
[5.948s] [ 50%] [32mBuilding CXX object CMakeFiles/multithreaded_executor.dir/multithreaded_executor.cpp.o[0m
[22.223s] gmake[2]: *** [CMakeFiles/multithreaded_executor.dir/build.make:76: CMakeFiles/multithreaded_executor.dir/multithreaded_executor.cpp.o] Interrupt
[22.275s] gmake[1]: *** [CMakeFiles/Makefile2:137: CMakeFiles/multithreaded_executor.dir/all] Interrupt
[22.275s] gmake: *** [Makefile:146: all] Interrupt
