running egg_info
creating ../build/shore_comms/shore_comms.egg-info
writing ../build/shore_comms/shore_comms.egg-info/PKG-INFO
writing dependency_links to ../build/shore_comms/shore_comms.egg-info/dependency_links.txt
writing entry points to ../build/shore_comms/shore_comms.egg-info/entry_points.txt
writing requirements to ../build/shore_comms/shore_comms.egg-info/requires.txt
writing top-level names to ../build/shore_comms/shore_comms.egg-info/top_level.txt
writing manifest file '../build/shore_comms/shore_comms.egg-info/SOURCES.txt'
reading manifest file '../build/shore_comms/shore_comms.egg-info/SOURCES.txt'
adding license file 'LICENSE'
writing manifest file '../build/shore_comms/shore_comms.egg-info/SOURCES.txt'
running build
running build_py
creating /home/ishaan/eboat_src/ros_ws/src/build/shore_comms/build
creating /home/ishaan/eboat_src/ros_ws/src/build/shore_comms/build/lib
creating /home/ishaan/eboat_src/ros_ws/src/build/shore_comms/build/lib/shore_comms
copying shore_comms/main.py -> /home/ishaan/eboat_src/ros_ws/src/build/shore_comms/build/lib/shore_comms
copying shore_comms/__init__.py -> /home/ishaan/eboat_src/ros_ws/src/build/shore_comms/build/lib/shore_comms
running install
running install_lib
creating /home/ishaan/eboat_src/ros_ws/src/install/shore_comms/lib/python3.12/site-packages/shore_comms
copying /home/ishaan/eboat_src/ros_ws/src/build/shore_comms/build/lib/shore_comms/main.py -> /home/ishaan/eboat_src/ros_ws/src/install/shore_comms/lib/python3.12/site-packages/shore_comms
copying /home/ishaan/eboat_src/ros_ws/src/build/shore_comms/build/lib/shore_comms/__init__.py -> /home/ishaan/eboat_src/ros_ws/src/install/shore_comms/lib/python3.12/site-packages/shore_comms
byte-compiling /home/ishaan/eboat_src/ros_ws/src/install/shore_comms/lib/python3.12/site-packages/shore_comms/main.py to main.cpython-312.pyc
byte-compiling /home/ishaan/eboat_src/ros_ws/src/install/shore_comms/lib/python3.12/site-packages/shore_comms/__init__.py to __init__.cpython-312.pyc
running install_data
creating /home/ishaan/eboat_src/ros_ws/src/install/shore_comms/share/ament_index
creating /home/ishaan/eboat_src/ros_ws/src/install/shore_comms/share/ament_index/resource_index
creating /home/ishaan/eboat_src/ros_ws/src/install/shore_comms/share/ament_index/resource_index/packages
copying resource/shore_comms -> /home/ishaan/eboat_src/ros_ws/src/install/shore_comms/share/ament_index/resource_index/packages
copying package.xml -> /home/ishaan/eboat_src/ros_ws/src/install/shore_comms/share/shore_comms
running install_egg_info
Copying ../build/shore_comms/shore_comms.egg-info to /home/ishaan/eboat_src/ros_ws/src/install/shore_comms/lib/python3.12/site-packages/shore_comms-0.0.0-py3.12.egg-info
running install_scripts
Installing shore script to /home/ishaan/eboat_src/ros_ws/src/install/shore_comms/lib/shore_comms
writing list of installed files to '/home/ishaan/eboat_src/ros_ws/src/build/shore_comms/install.log'
