[1.272s] Invoking command in '/home/ishaan/eboat_src/ros_ws/src/shore_comms': PYTHONPATH=/home/ishaan/eboat_src/ros_ws/src/build/shore_comms/prefix_override:/usr/lib/python3/dist-packages/colcon_core/task/python/colcon_distutils_commands:/home/ishaan/eboat_src/ros_ws/src/install/shore_comms/lib/python3.12/site-packages:${PYTHONPATH} /usr/bin/python3 -W ignore:setup.py install is deprecated -W ignore:easy_install command is deprecated setup.py egg_info --egg-base ../build/shore_comms build --build-base /home/ishaan/eboat_src/ros_ws/src/build/shore_comms/build install --record /home/ishaan/eboat_src/ros_ws/src/build/shore_comms/install.log --single-version-externally-managed install_data
[1.495s] running egg_info
[1.496s] creating ../build/shore_comms/shore_comms.egg-info
[1.509s] writing ../build/shore_comms/shore_comms.egg-info/PKG-INFO
[1.509s] writing dependency_links to ../build/shore_comms/shore_comms.egg-info/dependency_links.txt
[1.510s] writing entry points to ../build/shore_comms/shore_comms.egg-info/entry_points.txt
[1.510s] writing requirements to ../build/shore_comms/shore_comms.egg-info/requires.txt
[1.510s] writing top-level names to ../build/shore_comms/shore_comms.egg-info/top_level.txt
[1.511s] writing manifest file '../build/shore_comms/shore_comms.egg-info/SOURCES.txt'
[1.538s] reading manifest file '../build/shore_comms/shore_comms.egg-info/SOURCES.txt'
[1.538s] adding license file 'LICENSE'
[1.539s] writing manifest file '../build/shore_comms/shore_comms.egg-info/SOURCES.txt'
[1.539s] running build
[1.540s] running build_py
[1.540s] creating /home/ishaan/eboat_src/ros_ws/src/build/shore_comms/build
[1.540s] creating /home/ishaan/eboat_src/ros_ws/src/build/shore_comms/build/lib
[1.540s] creating /home/ishaan/eboat_src/ros_ws/src/build/shore_comms/build/lib/shore_comms
[1.540s] copying shore_comms/main.py -> /home/ishaan/eboat_src/ros_ws/src/build/shore_comms/build/lib/shore_comms
[1.540s] copying shore_comms/__init__.py -> /home/ishaan/eboat_src/ros_ws/src/build/shore_comms/build/lib/shore_comms
[1.541s] running install
[1.545s] running install_lib
[1.561s] creating /home/ishaan/eboat_src/ros_ws/src/install/shore_comms/lib/python3.12/site-packages/shore_comms
[1.561s] copying /home/ishaan/eboat_src/ros_ws/src/build/shore_comms/build/lib/shore_comms/main.py -> /home/ishaan/eboat_src/ros_ws/src/install/shore_comms/lib/python3.12/site-packages/shore_comms
[1.562s] copying /home/ishaan/eboat_src/ros_ws/src/build/shore_comms/build/lib/shore_comms/__init__.py -> /home/ishaan/eboat_src/ros_ws/src/install/shore_comms/lib/python3.12/site-packages/shore_comms
[1.563s] byte-compiling /home/ishaan/eboat_src/ros_ws/src/install/shore_comms/lib/python3.12/site-packages/shore_comms/main.py to main.cpython-312.pyc
[1.565s] byte-compiling /home/ishaan/eboat_src/ros_ws/src/install/shore_comms/lib/python3.12/site-packages/shore_comms/__init__.py to __init__.cpython-312.pyc
[1.566s] running install_data
[1.567s] creating /home/ishaan/eboat_src/ros_ws/src/install/shore_comms/share/ament_index
[1.567s] creating /home/ishaan/eboat_src/ros_ws/src/install/shore_comms/share/ament_index/resource_index
[1.568s] creating /home/ishaan/eboat_src/ros_ws/src/install/shore_comms/share/ament_index/resource_index/packages
[1.569s] copying resource/shore_comms -> /home/ishaan/eboat_src/ros_ws/src/install/shore_comms/share/ament_index/resource_index/packages
[1.569s] copying package.xml -> /home/ishaan/eboat_src/ros_ws/src/install/shore_comms/share/shore_comms
[1.570s] running install_egg_info
[1.589s] Copying ../build/shore_comms/shore_comms.egg-info to /home/ishaan/eboat_src/ros_ws/src/install/shore_comms/lib/python3.12/site-packages/shore_comms-0.0.0-py3.12.egg-info
[1.590s] running install_scripts
[1.694s] Installing shore script to /home/ishaan/eboat_src/ros_ws/src/install/shore_comms/lib/shore_comms
[1.694s] writing list of installed files to '/home/ishaan/eboat_src/ros_ws/src/build/shore_comms/install.log'
[1.719s] Invoked command in '/home/ishaan/eboat_src/ros_ws/src/shore_comms' returned '0': PYTHONPATH=/home/ishaan/eboat_src/ros_ws/src/build/shore_comms/prefix_override:/usr/lib/python3/dist-packages/colcon_core/task/python/colcon_distutils_commands:/home/ishaan/eboat_src/ros_ws/src/install/shore_comms/lib/python3.12/site-packages:${PYTHONPATH} /usr/bin/python3 -W ignore:setup.py install is deprecated -W ignore:easy_install command is deprecated setup.py egg_info --egg-base ../build/shore_comms build --build-base /home/ishaan/eboat_src/ros_ws/src/build/shore_comms/build install --record /home/ishaan/eboat_src/ros_ws/src/build/shore_comms/install.log --single-version-externally-managed install_data
