[0.350s] DEBUG:colcon:Command line arguments: ['/usr/bin/colcon', 'build']
[0.350s] DEBUG:colcon:Parsed command line arguments: Namespace(log_base=None, log_level=None, verb_name='build', build_base='build', install_base='install', merge_install=False, symlink_install=False, test_result_base=None, continue_on_error=False, executor='parallel', parallel_workers=16, event_handlers=None, ignore_user_meta=False, metas=['./colcon.meta'], base_paths=['.'], packages_ignore=None, packages_ignore_regex=None, paths=None, packages_up_to=None, packages_up_to_regex=None, packages_above=None, packages_above_and_dependencies=None, packages_above_depth=None, packages_select_by_dep=None, packages_skip_by_dep=None, packages_skip_up_to=None, packages_select_build_failed=False, packages_skip_build_finished=False, packages_select_test_failures=False, packages_skip_test_passed=False, packages_select=None, packages_skip=None, packages_select_regex=None, packages_skip_regex=None, packages_start=None, packages_end=None, allow_overriding=[], cmake_args=None, cmake_target=None, cmake_target_skip_unavailable=False, cmake_clean_cache=False, cmake_clean_first=False, cmake_force_configure=False, ament_cmake_args=None, catkin_cmake_args=None, catkin_skip_building_tests=False, mixin_files=None, mixin=None, verb_parser=<colcon_mixin.mixin.mixin_argument.MixinArgumentDecorator object at 0x737df4ea2e40>, verb_extension=<colcon_core.verb.build.BuildVerb object at 0x737df4ea2630>, main=<bound method BuildVerb.main of <colcon_core.verb.build.BuildVerb object at 0x737df4ea2630>>, mixin_verb=('build',))
[0.410s] Level 1:colcon.colcon_core.package_discovery:discover_packages(colcon_meta) check parameters
[0.410s] Level 1:colcon.colcon_core.package_discovery:discover_packages(recursive) check parameters
[0.410s] Level 1:colcon.colcon_core.package_discovery:discover_packages(ignore) check parameters
[0.410s] Level 1:colcon.colcon_core.package_discovery:discover_packages(path) check parameters
[0.410s] Level 1:colcon.colcon_core.package_discovery:discover_packages(colcon_meta) discover
[0.410s] Level 1:colcon.colcon_core.package_discovery:discover_packages(recursive) discover
[0.411s] INFO:colcon.colcon_core.package_discovery:Crawling recursively for packages in '/home/ishaan/eboat_src'
[0.411s] Level 1:colcon.colcon_core.package_identification:_identify(.) by extensions ['ignore', 'ignore_ament_install']
[0.411s] Level 1:colcon.colcon_core.package_identification:_identify(.) by extension 'ignore'
[0.411s] Level 1:colcon.colcon_core.package_identification:_identify(.) by extension 'ignore_ament_install'
[0.411s] Level 1:colcon.colcon_core.package_identification:_identify(.) by extensions ['colcon_pkg']
[0.411s] Level 1:colcon.colcon_core.package_identification:_identify(.) by extension 'colcon_pkg'
[0.411s] Level 1:colcon.colcon_core.package_identification:_identify(.) by extensions ['colcon_meta']
[0.411s] Level 1:colcon.colcon_core.package_identification:_identify(.) by extension 'colcon_meta'
[0.411s] Level 1:colcon.colcon_core.package_identification:_identify(.) by extensions ['ros']
[0.411s] Level 1:colcon.colcon_core.package_identification:_identify(.) by extension 'ros'
[0.442s] Level 1:colcon.colcon_core.package_identification:_identify(.) by extensions ['cmake', 'python']
[0.442s] Level 1:colcon.colcon_core.package_identification:_identify(.) by extension 'cmake'
[0.443s] Level 1:colcon.colcon_core.package_identification:_identify(.) by extension 'python'
[0.443s] Level 1:colcon.colcon_core.package_identification:_identify(.) by extensions ['python_setup_py']
[0.443s] Level 1:colcon.colcon_core.package_identification:_identify(.) by extension 'python_setup_py'
[0.443s] Level 1:colcon.colcon_core.package_identification:_identify(build) by extensions ['ignore', 'ignore_ament_install']
[0.443s] Level 1:colcon.colcon_core.package_identification:_identify(build) by extension 'ignore'
[0.443s] Level 1:colcon.colcon_core.package_identification:_identify(build) ignored
[0.443s] Level 1:colcon.colcon_core.package_identification:_identify(diagrams) by extensions ['ignore', 'ignore_ament_install']
[0.443s] Level 1:colcon.colcon_core.package_identification:_identify(diagrams) by extension 'ignore'
[0.443s] Level 1:colcon.colcon_core.package_identification:_identify(diagrams) by extension 'ignore_ament_install'
[0.443s] Level 1:colcon.colcon_core.package_identification:_identify(diagrams) by extensions ['colcon_pkg']
[0.443s] Level 1:colcon.colcon_core.package_identification:_identify(diagrams) by extension 'colcon_pkg'
[0.443s] Level 1:colcon.colcon_core.package_identification:_identify(diagrams) by extensions ['colcon_meta']
[0.443s] Level 1:colcon.colcon_core.package_identification:_identify(diagrams) by extension 'colcon_meta'
[0.443s] Level 1:colcon.colcon_core.package_identification:_identify(diagrams) by extensions ['ros']
[0.443s] Level 1:colcon.colcon_core.package_identification:_identify(diagrams) by extension 'ros'
[0.443s] Level 1:colcon.colcon_core.package_identification:_identify(diagrams) by extensions ['cmake', 'python']
[0.443s] Level 1:colcon.colcon_core.package_identification:_identify(diagrams) by extension 'cmake'
[0.444s] Level 1:colcon.colcon_core.package_identification:_identify(diagrams) by extension 'python'
[0.444s] Level 1:colcon.colcon_core.package_identification:_identify(diagrams) by extensions ['python_setup_py']
[0.444s] Level 1:colcon.colcon_core.package_identification:_identify(diagrams) by extension 'python_setup_py'
[0.444s] Level 1:colcon.colcon_core.package_identification:_identify(install) by extensions ['ignore', 'ignore_ament_install']
[0.444s] Level 1:colcon.colcon_core.package_identification:_identify(install) by extension 'ignore'
[0.444s] Level 1:colcon.colcon_core.package_identification:_identify(install) ignored
[0.444s] Level 1:colcon.colcon_core.package_identification:_identify(log) by extensions ['ignore', 'ignore_ament_install']
[0.444s] Level 1:colcon.colcon_core.package_identification:_identify(log) by extension 'ignore'
[0.444s] Level 1:colcon.colcon_core.package_identification:_identify(log) ignored
[0.444s] Level 1:colcon.colcon_core.package_identification:_identify(ros_ws) by extensions ['ignore', 'ignore_ament_install']
[0.444s] Level 1:colcon.colcon_core.package_identification:_identify(ros_ws) by extension 'ignore'
[0.444s] Level 1:colcon.colcon_core.package_identification:_identify(ros_ws) by extension 'ignore_ament_install'
[0.444s] Level 1:colcon.colcon_core.package_identification:_identify(ros_ws) by extensions ['colcon_pkg']
[0.444s] Level 1:colcon.colcon_core.package_identification:_identify(ros_ws) by extension 'colcon_pkg'
[0.444s] Level 1:colcon.colcon_core.package_identification:_identify(ros_ws) by extensions ['colcon_meta']
[0.444s] Level 1:colcon.colcon_core.package_identification:_identify(ros_ws) by extension 'colcon_meta'
[0.444s] Level 1:colcon.colcon_core.package_identification:_identify(ros_ws) by extensions ['ros']
[0.444s] Level 1:colcon.colcon_core.package_identification:_identify(ros_ws) by extension 'ros'
[0.444s] Level 1:colcon.colcon_core.package_identification:_identify(ros_ws) by extensions ['cmake', 'python']
[0.444s] Level 1:colcon.colcon_core.package_identification:_identify(ros_ws) by extension 'cmake'
[0.444s] Level 1:colcon.colcon_core.package_identification:_identify(ros_ws) by extension 'python'
[0.444s] Level 1:colcon.colcon_core.package_identification:_identify(ros_ws) by extensions ['python_setup_py']
[0.444s] Level 1:colcon.colcon_core.package_identification:_identify(ros_ws) by extension 'python_setup_py'
[0.445s] Level 1:colcon.colcon_core.package_identification:_identify(ros_ws/build) by extensions ['ignore', 'ignore_ament_install']
[0.445s] Level 1:colcon.colcon_core.package_identification:_identify(ros_ws/build) by extension 'ignore'
[0.445s] Level 1:colcon.colcon_core.package_identification:_identify(ros_ws/build) ignored
[0.445s] Level 1:colcon.colcon_core.package_identification:_identify(ros_ws/install) by extensions ['ignore', 'ignore_ament_install']
[0.445s] Level 1:colcon.colcon_core.package_identification:_identify(ros_ws/install) by extension 'ignore'
[0.445s] Level 1:colcon.colcon_core.package_identification:_identify(ros_ws/install) ignored
[0.446s] Level 1:colcon.colcon_core.package_identification:_identify(ros_ws/log) by extensions ['ignore', 'ignore_ament_install']
[0.446s] Level 1:colcon.colcon_core.package_identification:_identify(ros_ws/log) by extension 'ignore'
[0.446s] Level 1:colcon.colcon_core.package_identification:_identify(ros_ws/log) ignored
[0.446s] Level 1:colcon.colcon_core.package_identification:_identify(ros_ws/src) by extensions ['ignore', 'ignore_ament_install']
[0.446s] Level 1:colcon.colcon_core.package_identification:_identify(ros_ws/src) by extension 'ignore'
[0.446s] Level 1:colcon.colcon_core.package_identification:_identify(ros_ws/src) by extension 'ignore_ament_install'
[0.446s] Level 1:colcon.colcon_core.package_identification:_identify(ros_ws/src) by extensions ['colcon_pkg']
[0.446s] Level 1:colcon.colcon_core.package_identification:_identify(ros_ws/src) by extension 'colcon_pkg'
[0.446s] Level 1:colcon.colcon_core.package_identification:_identify(ros_ws/src) by extensions ['colcon_meta']
[0.446s] Level 1:colcon.colcon_core.package_identification:_identify(ros_ws/src) by extension 'colcon_meta'
[0.446s] Level 1:colcon.colcon_core.package_identification:_identify(ros_ws/src) by extensions ['ros']
[0.446s] Level 1:colcon.colcon_core.package_identification:_identify(ros_ws/src) by extension 'ros'
[0.446s] Level 1:colcon.colcon_core.package_identification:_identify(ros_ws/src) by extensions ['cmake', 'python']
[0.446s] Level 1:colcon.colcon_core.package_identification:_identify(ros_ws/src) by extension 'cmake'
[0.446s] Level 1:colcon.colcon_core.package_identification:_identify(ros_ws/src) by extension 'python'
[0.446s] Level 1:colcon.colcon_core.package_identification:_identify(ros_ws/src) by extensions ['python_setup_py']
[0.446s] Level 1:colcon.colcon_core.package_identification:_identify(ros_ws/src) by extension 'python_setup_py'
[0.446s] Level 1:colcon.colcon_core.package_identification:_identify(ros_ws/src/GPIO_Test) by extensions ['ignore', 'ignore_ament_install']
[0.446s] Level 1:colcon.colcon_core.package_identification:_identify(ros_ws/src/GPIO_Test) by extension 'ignore'
[0.447s] Level 1:colcon.colcon_core.package_identification:_identify(ros_ws/src/GPIO_Test) by extension 'ignore_ament_install'
[0.447s] Level 1:colcon.colcon_core.package_identification:_identify(ros_ws/src/GPIO_Test) by extensions ['colcon_pkg']
[0.447s] Level 1:colcon.colcon_core.package_identification:_identify(ros_ws/src/GPIO_Test) by extension 'colcon_pkg'
[0.447s] Level 1:colcon.colcon_core.package_identification:_identify(ros_ws/src/GPIO_Test) by extensions ['colcon_meta']
[0.447s] Level 1:colcon.colcon_core.package_identification:_identify(ros_ws/src/GPIO_Test) by extension 'colcon_meta'
[0.447s] Level 1:colcon.colcon_core.package_identification:_identify(ros_ws/src/GPIO_Test) by extensions ['ros']
[0.447s] Level 1:colcon.colcon_core.package_identification:_identify(ros_ws/src/GPIO_Test) by extension 'ros'
[0.449s] DEBUG:colcon.colcon_core.package_identification:Package 'ros_ws/src/GPIO_Test' with type 'ros.ament_python' and name 'GPIO_Test'
[0.449s] Level 1:colcon.colcon_core.package_identification:_identify(ros_ws/src/gpio_interfaces) by extensions ['ignore', 'ignore_ament_install']
[0.450s] Level 1:colcon.colcon_core.package_identification:_identify(ros_ws/src/gpio_interfaces) by extension 'ignore'
[0.450s] Level 1:colcon.colcon_core.package_identification:_identify(ros_ws/src/gpio_interfaces) by extension 'ignore_ament_install'
[0.450s] Level 1:colcon.colcon_core.package_identification:_identify(ros_ws/src/gpio_interfaces) by extensions ['colcon_pkg']
[0.450s] Level 1:colcon.colcon_core.package_identification:_identify(ros_ws/src/gpio_interfaces) by extension 'colcon_pkg'
[0.450s] Level 1:colcon.colcon_core.package_identification:_identify(ros_ws/src/gpio_interfaces) by extensions ['colcon_meta']
[0.450s] Level 1:colcon.colcon_core.package_identification:_identify(ros_ws/src/gpio_interfaces) by extension 'colcon_meta'
[0.450s] Level 1:colcon.colcon_core.package_identification:_identify(ros_ws/src/gpio_interfaces) by extensions ['ros']
[0.450s] Level 1:colcon.colcon_core.package_identification:_identify(ros_ws/src/gpio_interfaces) by extension 'ros'
[0.451s] DEBUG:colcon.colcon_core.package_identification:Package 'ros_ws/src/gpio_interfaces' with type 'ros.ament_cmake' and name 'gpio_interfaces'
[0.451s] Level 1:colcon.colcon_core.package_identification:_identify(ros_ws/src/ros2_canopen) by extensions ['ignore', 'ignore_ament_install']
[0.451s] Level 1:colcon.colcon_core.package_identification:_identify(ros_ws/src/ros2_canopen) by extension 'ignore'
[0.451s] Level 1:colcon.colcon_core.package_identification:_identify(ros_ws/src/ros2_canopen) by extension 'ignore_ament_install'
[0.451s] Level 1:colcon.colcon_core.package_identification:_identify(ros_ws/src/ros2_canopen) by extensions ['colcon_pkg']
[0.451s] Level 1:colcon.colcon_core.package_identification:_identify(ros_ws/src/ros2_canopen) by extension 'colcon_pkg'
[0.451s] Level 1:colcon.colcon_core.package_identification:_identify(ros_ws/src/ros2_canopen) by extensions ['colcon_meta']
[0.451s] Level 1:colcon.colcon_core.package_identification:_identify(ros_ws/src/ros2_canopen) by extension 'colcon_meta'
[0.451s] Level 1:colcon.colcon_core.package_identification:_identify(ros_ws/src/ros2_canopen) by extensions ['ros']
[0.451s] Level 1:colcon.colcon_core.package_identification:_identify(ros_ws/src/ros2_canopen) by extension 'ros'
[0.451s] Level 1:colcon.colcon_core.package_identification:_identify(ros_ws/src/ros2_canopen) by extensions ['cmake', 'python']
[0.451s] Level 1:colcon.colcon_core.package_identification:_identify(ros_ws/src/ros2_canopen) by extension 'cmake'
[0.451s] Level 1:colcon.colcon_core.package_identification:_identify(ros_ws/src/ros2_canopen) by extension 'python'
[0.451s] Level 1:colcon.colcon_core.package_identification:_identify(ros_ws/src/ros2_canopen) by extensions ['python_setup_py']
[0.451s] Level 1:colcon.colcon_core.package_identification:_identify(ros_ws/src/ros2_canopen) by extension 'python_setup_py'
[0.451s] Level 1:colcon.colcon_core.package_identification:_identify(ros_ws/src/shore_comms) by extensions ['ignore', 'ignore_ament_install']
[0.451s] Level 1:colcon.colcon_core.package_identification:_identify(ros_ws/src/shore_comms) by extension 'ignore'
[0.451s] Level 1:colcon.colcon_core.package_identification:_identify(ros_ws/src/shore_comms) by extension 'ignore_ament_install'
[0.451s] Level 1:colcon.colcon_core.package_identification:_identify(ros_ws/src/shore_comms) by extensions ['colcon_pkg']
[0.451s] Level 1:colcon.colcon_core.package_identification:_identify(ros_ws/src/shore_comms) by extension 'colcon_pkg'
[0.451s] Level 1:colcon.colcon_core.package_identification:_identify(ros_ws/src/shore_comms) by extensions ['colcon_meta']
[0.451s] Level 1:colcon.colcon_core.package_identification:_identify(ros_ws/src/shore_comms) by extension 'colcon_meta'
[0.451s] Level 1:colcon.colcon_core.package_identification:_identify(ros_ws/src/shore_comms) by extensions ['ros']
[0.451s] Level 1:colcon.colcon_core.package_identification:_identify(ros_ws/src/shore_comms) by extension 'ros'
[0.452s] DEBUG:colcon.colcon_core.package_identification:Package 'ros_ws/src/shore_comms' with type 'ros.ament_python' and name 'shore_comms'
[0.452s] Level 1:colcon.colcon_core.package_discovery:discover_packages(recursive) using defaults
[0.452s] Level 1:colcon.colcon_core.package_discovery:discover_packages(ignore) discover
[0.452s] Level 1:colcon.colcon_core.package_discovery:discover_packages(ignore) using defaults
[0.452s] Level 1:colcon.colcon_core.package_discovery:discover_packages(path) discover
[0.452s] Level 1:colcon.colcon_core.package_discovery:discover_packages(path) using defaults
[0.480s] Level 1:colcon.colcon_core.package_discovery:discover_packages(prefix_path) check parameters
[0.480s] Level 1:colcon.colcon_core.package_discovery:discover_packages(prefix_path) discover
[0.484s] DEBUG:colcon.colcon_installed_package_information.package_discovery:Found 5 installed packages in /home/ishaan/eboat_src/install
[0.485s] DEBUG:colcon.colcon_installed_package_information.package_discovery:Found 347 installed packages in /opt/ros/kilted
[0.487s] Level 1:colcon.colcon_core.package_discovery:discover_packages(prefix_path) using defaults
[0.513s] Level 5:colcon.colcon_core.verb:set package 'GPIO_Test' build argument 'cmake_args' from command line to 'None'
[0.513s] Level 5:colcon.colcon_core.verb:set package 'GPIO_Test' build argument 'cmake_target' from command line to 'None'
[0.513s] Level 5:colcon.colcon_core.verb:set package 'GPIO_Test' build argument 'cmake_target_skip_unavailable' from command line to 'False'
[0.513s] Level 5:colcon.colcon_core.verb:set package 'GPIO_Test' build argument 'cmake_clean_cache' from command line to 'False'
[0.513s] Level 5:colcon.colcon_core.verb:set package 'GPIO_Test' build argument 'cmake_clean_first' from command line to 'False'
[0.513s] Level 5:colcon.colcon_core.verb:set package 'GPIO_Test' build argument 'cmake_force_configure' from command line to 'False'
[0.513s] Level 5:colcon.colcon_core.verb:set package 'GPIO_Test' build argument 'ament_cmake_args' from command line to 'None'
[0.513s] Level 5:colcon.colcon_core.verb:set package 'GPIO_Test' build argument 'catkin_cmake_args' from command line to 'None'
[0.513s] Level 5:colcon.colcon_core.verb:set package 'GPIO_Test' build argument 'catkin_skip_building_tests' from command line to 'False'
[0.513s] DEBUG:colcon.colcon_core.verb:Building package 'GPIO_Test' with the following arguments: {'ament_cmake_args': None, 'build_base': '/home/ishaan/eboat_src/build/GPIO_Test', 'catkin_cmake_args': None, 'catkin_skip_building_tests': False, 'cmake_args': None, 'cmake_clean_cache': False, 'cmake_clean_first': False, 'cmake_force_configure': False, 'cmake_target': None, 'cmake_target_skip_unavailable': False, 'install_base': '/home/ishaan/eboat_src/install/GPIO_Test', 'merge_install': False, 'path': '/home/ishaan/eboat_src/ros_ws/src/GPIO_Test', 'symlink_install': False, 'test_result_base': None}
[0.513s] Level 5:colcon.colcon_core.verb:set package 'gpio_interfaces' build argument 'cmake_args' from command line to 'None'
[0.513s] Level 5:colcon.colcon_core.verb:set package 'gpio_interfaces' build argument 'cmake_target' from command line to 'None'
[0.513s] Level 5:colcon.colcon_core.verb:set package 'gpio_interfaces' build argument 'cmake_target_skip_unavailable' from command line to 'False'
[0.513s] Level 5:colcon.colcon_core.verb:set package 'gpio_interfaces' build argument 'cmake_clean_cache' from command line to 'False'
[0.513s] Level 5:colcon.colcon_core.verb:set package 'gpio_interfaces' build argument 'cmake_clean_first' from command line to 'False'
[0.513s] Level 5:colcon.colcon_core.verb:set package 'gpio_interfaces' build argument 'cmake_force_configure' from command line to 'False'
[0.513s] Level 5:colcon.colcon_core.verb:set package 'gpio_interfaces' build argument 'ament_cmake_args' from command line to 'None'
[0.513s] Level 5:colcon.colcon_core.verb:set package 'gpio_interfaces' build argument 'catkin_cmake_args' from command line to 'None'
[0.513s] Level 5:colcon.colcon_core.verb:set package 'gpio_interfaces' build argument 'catkin_skip_building_tests' from command line to 'False'
[0.513s] DEBUG:colcon.colcon_core.verb:Building package 'gpio_interfaces' with the following arguments: {'ament_cmake_args': None, 'build_base': '/home/ishaan/eboat_src/build/gpio_interfaces', 'catkin_cmake_args': None, 'catkin_skip_building_tests': False, 'cmake_args': None, 'cmake_clean_cache': False, 'cmake_clean_first': False, 'cmake_force_configure': False, 'cmake_target': None, 'cmake_target_skip_unavailable': False, 'install_base': '/home/ishaan/eboat_src/install/gpio_interfaces', 'merge_install': False, 'path': '/home/ishaan/eboat_src/ros_ws/src/gpio_interfaces', 'symlink_install': False, 'test_result_base': None}
[0.513s] Level 5:colcon.colcon_core.verb:set package 'shore_comms' build argument 'cmake_args' from command line to 'None'
[0.513s] Level 5:colcon.colcon_core.verb:set package 'shore_comms' build argument 'cmake_target' from command line to 'None'
[0.514s] Level 5:colcon.colcon_core.verb:set package 'shore_comms' build argument 'cmake_target_skip_unavailable' from command line to 'False'
[0.514s] Level 5:colcon.colcon_core.verb:set package 'shore_comms' build argument 'cmake_clean_cache' from command line to 'False'
[0.514s] Level 5:colcon.colcon_core.verb:set package 'shore_comms' build argument 'cmake_clean_first' from command line to 'False'
[0.514s] Level 5:colcon.colcon_core.verb:set package 'shore_comms' build argument 'cmake_force_configure' from command line to 'False'
[0.514s] Level 5:colcon.colcon_core.verb:set package 'shore_comms' build argument 'ament_cmake_args' from command line to 'None'
[0.514s] Level 5:colcon.colcon_core.verb:set package 'shore_comms' build argument 'catkin_cmake_args' from command line to 'None'
[0.514s] Level 5:colcon.colcon_core.verb:set package 'shore_comms' build argument 'catkin_skip_building_tests' from command line to 'False'
[0.514s] DEBUG:colcon.colcon_core.verb:Building package 'shore_comms' with the following arguments: {'ament_cmake_args': None, 'build_base': '/home/ishaan/eboat_src/build/shore_comms', 'catkin_cmake_args': None, 'catkin_skip_building_tests': False, 'cmake_args': None, 'cmake_clean_cache': False, 'cmake_clean_first': False, 'cmake_force_configure': False, 'cmake_target': None, 'cmake_target_skip_unavailable': False, 'install_base': '/home/ishaan/eboat_src/install/shore_comms', 'merge_install': False, 'path': '/home/ishaan/eboat_src/ros_ws/src/shore_comms', 'symlink_install': False, 'test_result_base': None}
[0.514s] INFO:colcon.colcon_core.executor:Executing jobs using 'parallel' executor
[0.515s] DEBUG:colcon.colcon_parallel_executor.executor.parallel:run_until_complete
[0.515s] INFO:colcon.colcon_ros.task.ament_python.build:Building ROS package in '/home/ishaan/eboat_src/ros_ws/src/GPIO_Test' with build type 'ament_python'
[0.515s] Level 1:colcon.colcon_core.shell:create_environment_hook('GPIO_Test', 'ament_prefix_path')
[0.522s] INFO:colcon.colcon_core.plugin_system:Skipping extension 'colcon_core.shell.bat': Not used on non-Windows systems
[0.522s] INFO:colcon.colcon_core.shell:Creating environment hook '/home/ishaan/eboat_src/install/GPIO_Test/share/GPIO_Test/hook/ament_prefix_path.ps1'
[0.523s] INFO:colcon.colcon_core.shell:Creating environment descriptor '/home/ishaan/eboat_src/install/GPIO_Test/share/GPIO_Test/hook/ament_prefix_path.dsv'
[0.524s] INFO:colcon.colcon_core.shell:Creating environment hook '/home/ishaan/eboat_src/install/GPIO_Test/share/GPIO_Test/hook/ament_prefix_path.sh'
[0.525s] INFO:colcon.colcon_core.shell:Skip shell extension 'powershell' for command environment: Not usable outside of PowerShell
[0.525s] DEBUG:colcon.colcon_core.shell:Skip shell extension 'dsv' for command environment
[0.528s] INFO:colcon.colcon_ros.task.ament_cmake.build:Building ROS package in '/home/ishaan/eboat_src/ros_ws/src/gpio_interfaces' with build type 'ament_cmake'
[0.528s] INFO:colcon.colcon_cmake.task.cmake.build:Building CMake package in '/home/ishaan/eboat_src/ros_ws/src/gpio_interfaces'
[0.529s] INFO:colcon.colcon_core.shell:Skip shell extension 'powershell' for command environment: Not usable outside of PowerShell
[0.529s] DEBUG:colcon.colcon_core.shell:Skip shell extension 'dsv' for command environment
[0.531s] INFO:colcon.colcon_ros.task.ament_python.build:Building ROS package in '/home/ishaan/eboat_src/ros_ws/src/shore_comms' with build type 'ament_python'
[0.531s] Level 1:colcon.colcon_core.shell:create_environment_hook('shore_comms', 'ament_prefix_path')
[0.531s] INFO:colcon.colcon_core.shell:Creating environment hook '/home/ishaan/eboat_src/install/shore_comms/share/shore_comms/hook/ament_prefix_path.ps1'
[0.532s] INFO:colcon.colcon_core.shell:Creating environment descriptor '/home/ishaan/eboat_src/install/shore_comms/share/shore_comms/hook/ament_prefix_path.dsv'
[0.533s] INFO:colcon.colcon_core.shell:Creating environment hook '/home/ishaan/eboat_src/install/shore_comms/share/shore_comms/hook/ament_prefix_path.sh'
[0.533s] INFO:colcon.colcon_core.shell:Skip shell extension 'powershell' for command environment: Not usable outside of PowerShell
[0.533s] DEBUG:colcon.colcon_core.shell:Skip shell extension 'dsv' for command environment
[0.674s] INFO:colcon.colcon_core.task.python.build:Building Python package in '/home/ishaan/eboat_src/ros_ws/src/GPIO_Test'
[0.675s] INFO:colcon.colcon_core.shell:Skip shell extension 'powershell' for command environment: Not usable outside of PowerShell
[0.675s] DEBUG:colcon.colcon_core.shell:Skip shell extension 'dsv' for command environment
[0.680s] DEBUG:colcon.colcon_core.event_handler.log_command:Invoking command in '/home/ishaan/eboat_src/build/gpio_interfaces': CMAKE_PREFIX_PATH=${CMAKE_PREFIX_PATH}:/home/ishaan/eboat_src/install/shore_comms:/home/ishaan/eboat_src/install/examples_rclpy_minimal_action_client:/home/ishaan/eboat_src/install/examples_rclpy_guard_conditions:/home/ishaan/eboat_src/install/examples_rclpy_executors:/home/ishaan/eboat_src/install/GPIO_Test:/opt/ros/kilted /usr/bin/cmake /home/ishaan/eboat_src/ros_ws/src/gpio_interfaces -DCMAKE_INSTALL_PREFIX=/home/ishaan/eboat_src/install/gpio_interfaces
[0.827s] INFO:colcon.colcon_core.task.python.build:Building Python package in '/home/ishaan/eboat_src/ros_ws/src/shore_comms'
[0.828s] INFO:colcon.colcon_core.shell:Skip shell extension 'powershell' for command environment: Not usable outside of PowerShell
[0.828s] DEBUG:colcon.colcon_core.shell:Skip shell extension 'dsv' for command environment
[1.604s] DEBUG:colcon.colcon_core.event_handler.log_command:Invoking command in '/home/ishaan/eboat_src/ros_ws/src/shore_comms': PYTHONPATH=/home/ishaan/eboat_src/build/shore_comms/prefix_override:/usr/lib/python3/dist-packages/colcon_core/task/python/colcon_distutils_commands:/home/ishaan/eboat_src/install/shore_comms/lib/python3.12/site-packages:${PYTHONPATH} /usr/bin/python3 -W ignore:setup.py install is deprecated -W ignore:easy_install command is deprecated setup.py egg_info --egg-base ../../../build/shore_comms build --build-base /home/ishaan/eboat_src/build/shore_comms/build install --record /home/ishaan/eboat_src/build/shore_comms/install.log --single-version-externally-managed install_data
[1.606s] DEBUG:colcon.colcon_core.event_handler.log_command:Invoking command in '/home/ishaan/eboat_src/build/GPIO_Test': PYTHONPATH=/home/ishaan/eboat_src/build/GPIO_Test/prefix_override:/usr/lib/python3/dist-packages/colcon_core/task/python/colcon_distutils_commands:/home/ishaan/eboat_src/install/GPIO_Test/lib/python3.12/site-packages:${PYTHONPATH} /usr/bin/python3 -W ignore:setup.py install is deprecated -W ignore:easy_install command is deprecated setup.py develop --uninstall --editable --build-directory /home/ishaan/eboat_src/build/GPIO_Test/build
[1.922s] DEBUG:colcon.colcon_core.event_handler.log_command:Invoked command in '/home/ishaan/eboat_src/build/GPIO_Test' returned '0': PYTHONPATH=/home/ishaan/eboat_src/build/GPIO_Test/prefix_override:/usr/lib/python3/dist-packages/colcon_core/task/python/colcon_distutils_commands:/home/ishaan/eboat_src/install/GPIO_Test/lib/python3.12/site-packages:${PYTHONPATH} /usr/bin/python3 -W ignore:setup.py install is deprecated -W ignore:easy_install command is deprecated setup.py develop --uninstall --editable --build-directory /home/ishaan/eboat_src/build/GPIO_Test/build
[1.924s] DEBUG:colcon.colcon_core.event_handler.log_command:Invoking command in '/home/ishaan/eboat_src/ros_ws/src/GPIO_Test': PYTHONPATH=/home/ishaan/eboat_src/build/GPIO_Test/prefix_override:/usr/lib/python3/dist-packages/colcon_core/task/python/colcon_distutils_commands:/home/ishaan/eboat_src/install/GPIO_Test/lib/python3.12/site-packages:${PYTHONPATH} /usr/bin/python3 -W ignore:setup.py install is deprecated -W ignore:easy_install command is deprecated setup.py egg_info --egg-base ../../../build/GPIO_Test build --build-base /home/ishaan/eboat_src/build/GPIO_Test/build install --record /home/ishaan/eboat_src/build/GPIO_Test/install.log --single-version-externally-managed install_data --force
[1.945s] DEBUG:colcon.colcon_core.event_handler.log_command:Invoked command in '/home/ishaan/eboat_src/ros_ws/src/shore_comms' returned '0': PYTHONPATH=/home/ishaan/eboat_src/build/shore_comms/prefix_override:/usr/lib/python3/dist-packages/colcon_core/task/python/colcon_distutils_commands:/home/ishaan/eboat_src/install/shore_comms/lib/python3.12/site-packages:${PYTHONPATH} /usr/bin/python3 -W ignore:setup.py install is deprecated -W ignore:easy_install command is deprecated setup.py egg_info --egg-base ../../../build/shore_comms build --build-base /home/ishaan/eboat_src/build/shore_comms/build install --record /home/ishaan/eboat_src/build/shore_comms/install.log --single-version-externally-managed install_data
[1.952s] Level 1:colcon.colcon_core.environment:checking '/home/ishaan/eboat_src/install/shore_comms' for CMake module files
[1.952s] Level 1:colcon.colcon_core.environment:checking '/home/ishaan/eboat_src/install/shore_comms' for CMake config files
[1.953s] Level 1:colcon.colcon_core.environment:checking '/home/ishaan/eboat_src/install/shore_comms/lib'
[1.953s] Level 1:colcon.colcon_core.environment:checking '/home/ishaan/eboat_src/install/shore_comms/bin'
[1.953s] Level 1:colcon.colcon_core.environment:checking '/home/ishaan/eboat_src/install/shore_comms/lib/pkgconfig/shore_comms.pc'
[1.953s] Level 1:colcon.colcon_core.environment:checking '/home/ishaan/eboat_src/install/shore_comms/lib/python3.12/site-packages'
[1.954s] Level 1:colcon.colcon_core.shell:create_environment_hook('shore_comms', 'pythonpath')
[1.954s] INFO:colcon.colcon_core.shell:Creating environment hook '/home/ishaan/eboat_src/install/shore_comms/share/shore_comms/hook/pythonpath.ps1'
[1.954s] INFO:colcon.colcon_core.shell:Creating environment descriptor '/home/ishaan/eboat_src/install/shore_comms/share/shore_comms/hook/pythonpath.dsv'
[1.955s] INFO:colcon.colcon_core.shell:Creating environment hook '/home/ishaan/eboat_src/install/shore_comms/share/shore_comms/hook/pythonpath.sh'
[1.955s] Level 1:colcon.colcon_core.environment:checking '/home/ishaan/eboat_src/install/shore_comms/bin'
[1.955s] Level 1:colcon.colcon_core.environment:create_environment_scripts_only(shore_comms)
[1.956s] INFO:colcon.colcon_core.shell:Creating package script '/home/ishaan/eboat_src/install/shore_comms/share/shore_comms/package.ps1'
[1.956s] INFO:colcon.colcon_core.shell:Creating package descriptor '/home/ishaan/eboat_src/install/shore_comms/share/shore_comms/package.dsv'
[1.957s] INFO:colcon.colcon_core.shell:Creating package script '/home/ishaan/eboat_src/install/shore_comms/share/shore_comms/package.sh'
[1.958s] INFO:colcon.colcon_core.shell:Creating package script '/home/ishaan/eboat_src/install/shore_comms/share/shore_comms/package.bash'
[1.959s] INFO:colcon.colcon_core.shell:Creating package script '/home/ishaan/eboat_src/install/shore_comms/share/shore_comms/package.zsh'
[1.960s] Level 1:colcon.colcon_core.environment:create_file_with_runtime_dependencies(/home/ishaan/eboat_src/install/shore_comms/share/colcon-core/packages/shore_comms)
[2.264s] Level 1:colcon.colcon_core.environment:checking '/home/ishaan/eboat_src/install/GPIO_Test' for CMake module files
[2.265s] DEBUG:colcon.colcon_core.event_handler.log_command:Invoked command in '/home/ishaan/eboat_src/ros_ws/src/GPIO_Test' returned '0': PYTHONPATH=/home/ishaan/eboat_src/build/GPIO_Test/prefix_override:/usr/lib/python3/dist-packages/colcon_core/task/python/colcon_distutils_commands:/home/ishaan/eboat_src/install/GPIO_Test/lib/python3.12/site-packages:${PYTHONPATH} /usr/bin/python3 -W ignore:setup.py install is deprecated -W ignore:easy_install command is deprecated setup.py egg_info --egg-base ../../../build/GPIO_Test build --build-base /home/ishaan/eboat_src/build/GPIO_Test/build install --record /home/ishaan/eboat_src/build/GPIO_Test/install.log --single-version-externally-managed install_data --force
[2.265s] Level 1:colcon.colcon_core.environment:checking '/home/ishaan/eboat_src/install/GPIO_Test' for CMake config files
[2.265s] Level 1:colcon.colcon_core.environment:checking '/home/ishaan/eboat_src/install/GPIO_Test/lib'
[2.265s] Level 1:colcon.colcon_core.environment:checking '/home/ishaan/eboat_src/install/GPIO_Test/bin'
[2.265s] Level 1:colcon.colcon_core.environment:checking '/home/ishaan/eboat_src/install/GPIO_Test/lib/pkgconfig/GPIO_Test.pc'
[2.266s] Level 1:colcon.colcon_core.environment:checking '/home/ishaan/eboat_src/install/GPIO_Test/lib/python3.12/site-packages'
[2.266s] Level 1:colcon.colcon_core.shell:create_environment_hook('GPIO_Test', 'pythonpath')
[2.266s] INFO:colcon.colcon_core.shell:Creating environment hook '/home/ishaan/eboat_src/install/GPIO_Test/share/GPIO_Test/hook/pythonpath.ps1'
[2.267s] INFO:colcon.colcon_core.shell:Creating environment descriptor '/home/ishaan/eboat_src/install/GPIO_Test/share/GPIO_Test/hook/pythonpath.dsv'
[2.267s] INFO:colcon.colcon_core.shell:Creating environment hook '/home/ishaan/eboat_src/install/GPIO_Test/share/GPIO_Test/hook/pythonpath.sh'
[2.268s] Level 1:colcon.colcon_core.environment:checking '/home/ishaan/eboat_src/install/GPIO_Test/bin'
[2.268s] Level 1:colcon.colcon_core.environment:create_environment_scripts_only(GPIO_Test)
[2.268s] INFO:colcon.colcon_core.shell:Creating package script '/home/ishaan/eboat_src/install/GPIO_Test/share/GPIO_Test/package.ps1'
[2.268s] INFO:colcon.colcon_core.shell:Creating package descriptor '/home/ishaan/eboat_src/install/GPIO_Test/share/GPIO_Test/package.dsv'
[2.269s] INFO:colcon.colcon_core.shell:Creating package script '/home/ishaan/eboat_src/install/GPIO_Test/share/GPIO_Test/package.sh'
[2.269s] INFO:colcon.colcon_core.shell:Creating package script '/home/ishaan/eboat_src/install/GPIO_Test/share/GPIO_Test/package.bash'
[2.269s] INFO:colcon.colcon_core.shell:Creating package script '/home/ishaan/eboat_src/install/GPIO_Test/share/GPIO_Test/package.zsh'
[2.270s] Level 1:colcon.colcon_core.environment:create_file_with_runtime_dependencies(/home/ishaan/eboat_src/install/GPIO_Test/share/colcon-core/packages/GPIO_Test)
[4.139s] DEBUG:colcon.colcon_core.event_handler.log_command:Invoked command in '/home/ishaan/eboat_src/build/gpio_interfaces' returned '1': CMAKE_PREFIX_PATH=${CMAKE_PREFIX_PATH}:/home/ishaan/eboat_src/install/shore_comms:/home/ishaan/eboat_src/install/examples_rclpy_minimal_action_client:/home/ishaan/eboat_src/install/examples_rclpy_guard_conditions:/home/ishaan/eboat_src/install/examples_rclpy_executors:/home/ishaan/eboat_src/install/GPIO_Test:/opt/ros/kilted /usr/bin/cmake /home/ishaan/eboat_src/ros_ws/src/gpio_interfaces -DCMAKE_INSTALL_PREFIX=/home/ishaan/eboat_src/install/gpio_interfaces
[4.149s] Level 1:colcon.colcon_core.environment:create_environment_scripts_only(gpio_interfaces)
[4.149s] Level 1:colcon.colcon_core.environment:checking '/home/ishaan/eboat_src/install/gpio_interfaces' for CMake module files
[4.150s] Level 1:colcon.colcon_core.environment:checking '/home/ishaan/eboat_src/install/gpio_interfaces' for CMake config files
[4.150s] Level 1:colcon.colcon_core.environment:checking '/home/ishaan/eboat_src/install/gpio_interfaces/bin'
[4.150s] Level 1:colcon.colcon_core.environment:checking '/home/ishaan/eboat_src/install/gpio_interfaces/lib/pkgconfig/gpio_interfaces.pc'
[4.150s] Level 1:colcon.colcon_core.environment:checking '/home/ishaan/eboat_src/install/gpio_interfaces/lib/python3.12/site-packages'
[4.150s] Level 1:colcon.colcon_core.environment:checking '/home/ishaan/eboat_src/install/gpio_interfaces/bin'
[4.151s] INFO:colcon.colcon_core.shell:Creating package script '/home/ishaan/eboat_src/install/gpio_interfaces/share/gpio_interfaces/package.ps1'
[4.151s] INFO:colcon.colcon_core.shell:Creating package descriptor '/home/ishaan/eboat_src/install/gpio_interfaces/share/gpio_interfaces/package.dsv'
[4.151s] INFO:colcon.colcon_core.shell:Creating package script '/home/ishaan/eboat_src/install/gpio_interfaces/share/gpio_interfaces/package.sh'
[4.152s] INFO:colcon.colcon_core.shell:Creating package script '/home/ishaan/eboat_src/install/gpio_interfaces/share/gpio_interfaces/package.bash'
[4.152s] INFO:colcon.colcon_core.shell:Creating package script '/home/ishaan/eboat_src/install/gpio_interfaces/share/gpio_interfaces/package.zsh'
[4.152s] Level 1:colcon.colcon_core.environment:create_file_with_runtime_dependencies(/home/ishaan/eboat_src/install/gpio_interfaces/share/colcon-core/packages/gpio_interfaces)
[4.163s] DEBUG:colcon.colcon_parallel_executor.executor.parallel:closing loop
[4.163s] DEBUG:colcon.colcon_parallel_executor.executor.parallel:loop closed
[4.163s] DEBUG:colcon.colcon_parallel_executor.executor.parallel:run_until_complete finished with '1'
[4.164s] DEBUG:colcon.colcon_core.event_reactor:joining thread
[4.237s] INFO:colcon.colcon_core.plugin_system:Skipping extension 'colcon_notification.desktop_notification.notify_send': Could not find 'notify-send'
[4.237s] INFO:colcon.colcon_core.plugin_system:Skipping extension 'colcon_notification.desktop_notification.terminal_notifier': Not used on non-Darwin systems
[4.238s] INFO:colcon.colcon_core.plugin_system:Skipping extension 'colcon_notification.desktop_notification.win32': Not used on non-Windows systems
[4.238s] INFO:colcon.colcon_notification.desktop_notification:Sending desktop notification using 'notify2'
[4.239s] DEBUG:colcon.colcon_notification.desktop_notification.notify2:Failed to initialize notify2: org.freedesktop.DBus.Error.ServiceUnknown: The name org.freedesktop.Notifications was not provided by any .service files
[4.240s] DEBUG:colcon.colcon_core.event_reactor:joined thread
[4.240s] INFO:colcon.colcon_core.shell:Creating prefix script '/home/ishaan/eboat_src/install/local_setup.ps1'
[4.241s] INFO:colcon.colcon_core.shell:Creating prefix util module '/home/ishaan/eboat_src/install/_local_setup_util_ps1.py'
[4.242s] INFO:colcon.colcon_core.shell:Creating prefix chain script '/home/ishaan/eboat_src/install/setup.ps1'
[4.243s] INFO:colcon.colcon_core.shell:Creating prefix script '/home/ishaan/eboat_src/install/local_setup.sh'
[4.244s] INFO:colcon.colcon_core.shell:Creating prefix util module '/home/ishaan/eboat_src/install/_local_setup_util_sh.py'
[4.244s] INFO:colcon.colcon_core.shell:Creating prefix chain script '/home/ishaan/eboat_src/install/setup.sh'
[4.245s] INFO:colcon.colcon_core.shell:Creating prefix script '/home/ishaan/eboat_src/install/local_setup.bash'
[4.246s] INFO:colcon.colcon_core.shell:Creating prefix chain script '/home/ishaan/eboat_src/install/setup.bash'
[4.247s] INFO:colcon.colcon_core.shell:Creating prefix script '/home/ishaan/eboat_src/install/local_setup.zsh'
[4.248s] INFO:colcon.colcon_core.shell:Creating prefix chain script '/home/ishaan/eboat_src/install/setup.zsh'
