[0.175s] Invoking command in '/home/ishaan/eboat_src/build/examples_rclcpp_minimal_action_client': CMAKE_PREFIX_PATH=${CMAKE_PREFIX_PATH}:/opt/ros/kilted /usr/bin/cmake /home/ishaan/eboat_src/ros_ws/src/examples/rclcpp/actions/minimal_action_client -DAMENT_CMAKE_SYMLINK_INSTALL=1 -DCMAKE_INSTALL_PREFIX=/home/ishaan/eboat_src/install/examples_rclcpp_minimal_action_client
[0.907s] -- Found ament_cmake: 2.7.3 (/opt/ros/kilted/share/ament_cmake/cmake)
[0.908s] -- Override CMake install command with custom implementation using symlinks instead of copying resources
[0.909s] -- Found example_interfaces: 0.13.0 (/opt/ros/kilted/share/example_interfaces/cmake)
[0.910s] -- Found rosidl_generator_c: 4.9.5 (/opt/ros/kilted/share/rosidl_generator_c/cmake)
[0.910s] -- Found rosidl_generator_cpp: 4.9.5 (/opt/ros/kilted/share/rosidl_generator_cpp/cmake)
[0.910s] -- Using all available rosidl_typesupport_c: rosidl_typesupport_fastrtps_c;rosidl_typesupport_introspection_c
[0.911s] -- Using all available rosidl_typesupport_cpp: rosidl_typesupport_fastrtps_cpp;rosidl_typesupport_introspection_cpp
[0.921s] -- Found rclcpp: 29.5.2 (/opt/ros/kilted/share/rclcpp/cmake)
[0.965s] -- Found rmw_implementation_cmake: 7.8.2 (/opt/ros/kilted/share/rmw_implementation_cmake/cmake)
[0.966s] -- Found rmw_fastrtps_cpp: 9.3.2 (/opt/ros/kilted/share/rmw_fastrtps_cpp/cmake)
[1.021s] -- Using RMW implementation 'rmw_fastrtps_cpp' as default
[1.330s] -- Found rclcpp_action: 29.5.2 (/opt/ros/kilted/share/rclcpp_action/cmake)
[1.351s] -- Found ament_lint_auto: 0.19.2 (/opt/ros/kilted/share/ament_lint_auto/cmake)
[1.556s] -- Added test 'copyright' to check source files copyright and LICENSE
[1.556s] -- Added test 'cppcheck' to perform static code analysis on C / C++ code
[1.557s] -- Configured cppcheck include dirs: 
[1.558s] -- Configured cppcheck exclude dirs and/or files: 
[1.559s] -- Added test 'cpplint' to check C / C++ code against the Google style
[1.559s] -- Configured cpplint exclude dirs and/or files: 
[1.560s] -- Added test 'lint_cmake' to check CMake code style
[1.562s] -- Added test 'uncrustify' to check C / C++ code style
[1.562s] -- Configured uncrustify additional arguments: 
[1.562s] -- Added test 'xmllint' to check XML markup files
[1.562s] -- Configuring done (1.3s)
[1.589s] -- Generating done (0.0s)
[1.602s] -- Build files have been written to: /home/ishaan/eboat_src/build/examples_rclcpp_minimal_action_client
[1.634s] Invoked command in '/home/ishaan/eboat_src/build/examples_rclcpp_minimal_action_client' returned '0': CMAKE_PREFIX_PATH=${CMAKE_PREFIX_PATH}:/opt/ros/kilted /usr/bin/cmake /home/ishaan/eboat_src/ros_ws/src/examples/rclcpp/actions/minimal_action_client -DAMENT_CMAKE_SYMLINK_INSTALL=1 -DCMAKE_INSTALL_PREFIX=/home/ishaan/eboat_src/install/examples_rclcpp_minimal_action_client
[1.635s] Invoking command in '/home/ishaan/eboat_src/build/examples_rclcpp_minimal_action_client': CMAKE_PREFIX_PATH=${CMAKE_PREFIX_PATH}:/opt/ros/kilted /usr/bin/cmake --build /home/ishaan/eboat_src/build/examples_rclcpp_minimal_action_client -- -j16 -l16
[1.778s] [ 12%] [32mBuilding CXX object CMakeFiles/action_client_not_composable_with_feedback.dir/not_composable_with_feedback.cpp.o[0m
[1.778s] [ 25%] [32mBuilding CXX object CMakeFiles/action_client_member_functions.dir/member_functions.cpp.o[0m
[1.781s] [ 37%] [32mBuilding CXX object CMakeFiles/action_client_not_composable.dir/not_composable.cpp.o[0m
[1.795s] [ 50%] [32mBuilding CXX object CMakeFiles/action_client_not_composable_with_cancel.dir/not_composable_with_cancel.cpp.o[0m
[6.073s] gmake[2]: *** [CMakeFiles/action_client_not_composable_with_feedback.dir/build.make:76: CMakeFiles/action_client_not_composable_with_feedback.dir/not_composable_with_feedback.cpp.o] Interrupt
[6.073s] gmake[2]: *** [CMakeFiles/action_client_not_composable_with_cancel.dir/build.make:76: CMakeFiles/action_client_not_composable_with_cancel.dir/not_composable_with_cancel.cpp.o] Interrupt
[6.073s] gmake[1]: *** [CMakeFiles/Makefile2:221: CMakeFiles/action_client_not_composable_with_feedback.dir/all] Interrupt
[6.073s] gmake[1]: *** [CMakeFiles/Makefile2:195: CMakeFiles/action_client_not_composable_with_cancel.dir/all] Interrupt
[6.073s] gmake[2]: *** [CMakeFiles/action_client_member_functions.dir/build.make:76: CMakeFiles/action_client_member_functions.dir/member_functions.cpp.o] Interrupt
[6.073s] gmake[1]: *** [CMakeFiles/Makefile2:143: CMakeFiles/action_client_member_functions.dir/all] Interrupt
[6.073s] gmake[2]: *** [CMakeFiles/action_client_not_composable.dir/build.make:76: CMakeFiles/action_client_not_composable.dir/not_composable.cpp.o] Interrupt
[6.075s] gmake[1]: *** [CMakeFiles/Makefile2:169: CMakeFiles/action_client_not_composable.dir/all] Interrupt
[6.075s] gmake: *** [Makefile:146: all] Interrupt
