[0.629s] Invoking command in '/home/ishaan/eboat_src/build/canopen_base_driver': AMENT_PREFIX_PATH=/home/ishaan/eboat_src/install/canopen_core:/home/ishaan/eboat_src/install/lely_core_libraries:/home/ishaan/eboat_src/install/canopen_interfaces:${AMENT_PREFIX_PATH} CMAKE_PREFIX_PATH=/home/ishaan/eboat_src/install/canopen_core:/home/ishaan/eboat_src/install/lely_core_libraries:/home/ishaan/eboat_src/install/canopen_interfaces:/home/ishaan/eboat_src/ros_ws/install/canopen_tests:/home/ishaan/eboat_src/ros_ws/install/canopen_ros2_controllers:/home/ishaan/eboat_src/ros_ws/install/canopen_ros2_control:/home/ishaan/eboat_src/ros_ws/install/canopen:/home/ishaan/eboat_src/ros_ws/install/canopen_402_driver:/home/ishaan/eboat_src/ros_ws/install/canopen_proxy_driver:/home/ishaan/eboat_src/ros_ws/install/canopen_master_driver:/home/ishaan/eboat_src/ros_ws/install/canopen_fake_slaves:/home/ishaan/eboat_src/ros_ws/install/canopen_base_driver:/home/ishaan/eboat_src/ros_ws/install/canopen_core:/home/ishaan/eboat_src/ros_ws/install/lely_core_libraries:/home/ishaan/eboat_src/ros_ws/install/canopen_interfaces:/home/ishaan/eboat_src/ros_ws/install/boat_data_interfaces:/opt/ros/kilted/opt/sdformat_vendor:/opt/ros/kilted/opt/gz_math_vendor:/opt/ros/kilted/opt/gz_utils_vendor:/opt/ros/kilted/opt/gz_tools_vendor:/opt/ros/kilted/opt/gz_cmake_vendor:/home/ishaan/eboat_src/ros_ws/install/canopen_utils:/home/ishaan/eboat_src/ros_ws/install/shore_comms:/home/ishaan/eboat_src/ros_ws/install/motor_node_test:/home/ishaan/eboat_src/ros_ws/install/motor_node:/home/ishaan/eboat_src/ros_ws/install/motion_node_test:/home/ishaan/eboat_src/ros_ws/install/motion_node:/home/ishaan/eboat_src/ros_ws/install/electrical_node_test:/home/ishaan/eboat_src/ros_ws/install/electrical_node:/home/ishaan/eboat_src/ros_ws/install/alarms_watchdog_node:/home/ishaan/eboat_src/ros_ws/install/GPIO_Test:/opt/ros/kilted LD_LIBRARY_PATH=/home/ishaan/eboat_src/install/canopen_core/lib:/home/ishaan/eboat_src/install/lely_core_libraries/lib:/home/ishaan/eboat_src/install/canopen_interfaces/lib:${LD_LIBRARY_PATH} PATH=/home/ishaan/eboat_src/install/lely_core_libraries/bin:${PATH} PYTHONPATH=/home/ishaan/eboat_src/install/lely_core_libraries/lib/python3.12/site-packages:/home/ishaan/eboat_src/install/canopen_interfaces/lib/python3.12/site-packages:${PYTHONPATH} /usr/bin/cmake /home/ishaan/eboat_src/ros_ws/src/ros2_canopen/canopen_base_driver -DCMAKE_INSTALL_PREFIX=/home/ishaan/eboat_src/install/canopen_base_driver
[0.780s] -- The C compiler identification is GNU 13.3.0
[1.669s] -- The CXX compiler identification is GNU 13.3.0
[2.651s] -- Detecting C compiler ABI info
[2.999s] -- Detecting C compiler ABI info - done
[3.004s] -- Check for working C compiler: /usr/bin/cc - skipped
[3.004s] -- Detecting C compile features
[3.005s] -- Detecting C compile features - done
[3.128s] -- Detecting CXX compiler ABI info
[3.406s] -- Detecting CXX compiler ABI info - done
[3.412s] -- Check for working CXX compiler: /usr/bin/c++ - skipped
[3.412s] -- Detecting CXX compile features
[3.413s] -- Detecting CXX compile features - done
[3.426s] -- Found ament_cmake: 2.7.3 (/opt/ros/kilted/share/ament_cmake/cmake)
[3.595s] -- Found Python3: /usr/bin/python3 (found version "3.12.3") found components: Interpreter 
[3.723s] -- Found ament_cmake_ros: 0.14.3 (/opt/ros/kilted/share/ament_cmake_ros/cmake)
[3.739s] -- Found canopen_core: 0.3.1 (/home/ishaan/eboat_src/install/canopen_core/share/canopen_core/cmake)
[3.923s] -- Found Boost: /usr/lib/x86_64-linux-gnu/cmake/Boost-1.83.0/BoostConfig.cmake (found version "1.83.0") found components: system thread 
[4.085s] -- Found rosidl_generator_c: 4.9.5 (/opt/ros/kilted/share/rosidl_generator_c/cmake)
[4.099s] -- Found rosidl_generator_cpp: 4.9.5 (/opt/ros/kilted/share/rosidl_generator_cpp/cmake)
[4.118s] -- Using all available rosidl_typesupport_c: rosidl_typesupport_fastrtps_c;rosidl_typesupport_introspection_c
[4.137s] -- Using all available rosidl_typesupport_cpp: rosidl_typesupport_fastrtps_cpp;rosidl_typesupport_introspection_cpp
[4.249s] -- Found rmw_implementation_cmake: 7.8.2 (/opt/ros/kilted/share/rmw_implementation_cmake/cmake)
[4.253s] -- Found rmw_fastrtps_cpp: 9.3.2 (/opt/ros/kilted/share/rmw_fastrtps_cpp/cmake)
[4.330s] -- Found OpenSSL: /usr/lib/x86_64-linux-gnu/libcrypto.so (found version "3.0.13")  
[4.340s] -- Using RMW implementation 'rmw_fastrtps_cpp' as default
[4.580s] -- Setting yaml-cpp_DIR to: '/opt/ros/kilted/share/yaml_cpp_vendor/cmake/../../../opt/yaml_cpp_vendor/share/cmake/yaml-cpp'
[4.585s] -- Found std_msgs: 5.5.0 (/opt/ros/kilted/share/std_msgs/cmake)
[4.610s] -- Found std_srvs: 5.5.0 (/opt/ros/kilted/share/std_srvs/cmake)
[4.637s] -- Found diagnostic_updater: 4.3.6 (/opt/ros/kilted/share/diagnostic_updater/cmake)
[4.676s] [0mCMake Deprecation Warning at /opt/ros/kilted/share/ament_cmake_target_dependencies/cmake/ament_target_dependencies.cmake:87 (message):
[4.676s]   ament_target_dependencies() is deprecated.  Use target_link_libraries()
[4.676s]   with modern CMake targets instead.  Try replacing this call with:
[4.676s] 
[4.676s]     target_link_libraries(lely_driver_bridge PUBLIC
[4.676s]       ${canopen_interfaces_TARGETS}
[4.676s]       ${std_msgs_TARGETS}
[4.676s]       ${std_srvs_TARGETS}
[4.676s]       canopen_core::device_container
[4.676s]       canopen_core::node_canopen_driver
[4.676s]       canopen_core::node_canopen_master
[4.676s]       diagnostic_updater::diagnostic_updater
[4.676s]       rclcpp::rclcpp
[4.676s]       rclcpp_components::component
[4.676s]       rclcpp_components::component_manager
[4.676s]       rclcpp_lifecycle::rclcpp_lifecycle
[4.676s]     )
[4.676s] 
[4.676s] Call Stack (most recent call first):
[4.676s]   CMakeLists.txt:43 (ament_target_dependencies)
[4.676s] 
[4.676s] [0m
[4.680s] [0mCMake Deprecation Warning at /opt/ros/kilted/share/ament_cmake_target_dependencies/cmake/ament_target_dependencies.cmake:87 (message):
[4.680s]   ament_target_dependencies() is deprecated.  Use target_link_libraries()
[4.680s]   with modern CMake targets instead.  Try replacing this call with:
[4.680s] 
[4.680s]     target_link_libraries(node_canopen_base_driver PUBLIC
[4.680s]       ${canopen_interfaces_TARGETS}
[4.680s]       ${std_msgs_TARGETS}
[4.680s]       ${std_srvs_TARGETS}
[4.680s]       canopen_core::device_container
[4.680s]       canopen_core::node_canopen_driver
[4.680s]       canopen_core::node_canopen_master
[4.680s]       diagnostic_updater::diagnostic_updater
[4.680s]       rclcpp::rclcpp
[4.680s]       rclcpp_components::component
[4.680s]       rclcpp_components::component_manager
[4.680s]       rclcpp_lifecycle::rclcpp_lifecycle
[4.680s]     )
[4.680s] 
[4.680s] Call Stack (most recent call first):
[4.680s]   CMakeLists.txt:62 (ament_target_dependencies)
[4.681s] 
[4.681s] [0m
[4.683s] -- node_canopen_base_driver: /home/ishaan/eboat_src/install/lely_core_libraries/lib/liblely-can.so;/home/ishaan/eboat_src/install/lely_core_libraries/lib/liblely-co.so;/home/ishaan/eboat_src/install/lely_core_libraries/lib/liblely-coapp.so;/home/ishaan/eboat_src/install/lely_core_libraries/lib/liblely-ev.so;/home/ishaan/eboat_src/install/lely_core_libraries/lib/liblely-io2.so;/home/ishaan/eboat_src/install/lely_core_libraries/lib/liblely-libc.so;/home/ishaan/eboat_src/install/lely_core_libraries/lib/liblely-tap.so;/home/ishaan/eboat_src/install/lely_core_libraries/lib/liblely-util.so
[4.684s] [0mCMake Deprecation Warning at /opt/ros/kilted/share/ament_cmake_target_dependencies/cmake/ament_target_dependencies.cmake:87 (message):
[4.684s]   ament_target_dependencies() is deprecated.  Use target_link_libraries()
[4.684s]   with modern CMake targets instead.  Try replacing this call with:
[4.684s] 
[4.684s]     target_link_libraries(lifecycle_base_driver PUBLIC
[4.684s]       ${canopen_interfaces_TARGETS}
[4.684s]       ${std_msgs_TARGETS}
[4.684s]       ${std_srvs_TARGETS}
[4.684s]       canopen_core::device_container
[4.684s]       canopen_core::node_canopen_driver
[4.684s]       canopen_core::node_canopen_master
[4.684s]       diagnostic_updater::diagnostic_updater
[4.684s]       rclcpp::rclcpp
[4.684s]       rclcpp_components::component
[4.684s]       rclcpp_components::component_manager
[4.684s]       rclcpp_lifecycle::rclcpp_lifecycle
[4.684s]     )
[4.684s] 
[4.684s] Call Stack (most recent call first):
[4.684s]   CMakeLists.txt:81 (ament_target_dependencies)
[4.684s] 
[4.684s] [0m
[4.688s] [0mCMake Deprecation Warning at /opt/ros/kilted/share/ament_cmake_target_dependencies/cmake/ament_target_dependencies.cmake:87 (message):
[4.688s]   ament_target_dependencies() is deprecated.  Use target_link_libraries()
[4.688s]   with modern CMake targets instead.  Try replacing this call with:
[4.688s] 
[4.688s]     target_link_libraries(base_driver PUBLIC
[4.689s]       ${canopen_interfaces_TARGETS}
[4.689s]       ${std_msgs_TARGETS}
[4.689s]       ${std_srvs_TARGETS}
[4.689s]       canopen_core::device_container
[4.689s]       canopen_core::node_canopen_driver
[4.689s]       canopen_core::node_canopen_master
[4.689s]       diagnostic_updater::diagnostic_updater
[4.689s]       rclcpp::rclcpp
[4.689s]       rclcpp_components::component
[4.689s]       rclcpp_components::component_manager
[4.689s]       rclcpp_lifecycle::rclcpp_lifecycle
[4.689s]     )
[4.689s] 
[4.689s] Call Stack (most recent call first):
[4.689s]   CMakeLists.txt:108 (ament_target_dependencies)
[4.689s] 
[4.689s] [0m
[4.695s] -- Found gtest sources under '/opt/ros/kilted/src/gtest_vendor': C++ tests using 'Google Test' will be built
[4.698s] -- Found Threads: TRUE  
[4.699s] [0mCMake Deprecation Warning at /opt/ros/kilted/share/ament_cmake_target_dependencies/cmake/ament_target_dependencies.cmake:87 (message):
[4.699s]   ament_target_dependencies() is deprecated.  Use target_link_libraries()
[4.699s]   with modern CMake targets instead.  Try replacing this call with:
[4.699s] 
[4.699s]     target_link_libraries(test_node_canopen_base_driver_ros PUBLIC
[4.699s]       ${canopen_interfaces_TARGETS}
[4.699s]       ${std_msgs_TARGETS}
[4.699s]       ${std_srvs_TARGETS}
[4.699s]       canopen_core::device_container
[4.699s]       canopen_core::node_canopen_driver
[4.699s]       canopen_core::node_canopen_master
[4.699s]       diagnostic_updater::diagnostic_updater
[4.699s]       rclcpp::rclcpp
[4.699s]       rclcpp_components::component
[4.699s]       rclcpp_components::component_manager
[4.699s]       rclcpp_lifecycle::rclcpp_lifecycle
[4.699s]     )
[4.699s] 
[4.699s] Call Stack (most recent call first):
[4.699s]   test/CMakeLists.txt:4 (ament_target_dependencies)
[4.699s] 
[4.699s] [0m
[4.704s] [0mCMake Deprecation Warning at /opt/ros/kilted/share/ament_cmake_target_dependencies/cmake/ament_target_dependencies.cmake:87 (message):
[4.704s]   ament_target_dependencies() is deprecated.  Use target_link_libraries()
[4.704s]   with modern CMake targets instead.  Try replacing this call with:
[4.704s] 
[4.704s]     target_link_libraries(test_base_driver_component PUBLIC
[4.704s]       ${canopen_interfaces_TARGETS}
[4.704s]       ${std_msgs_TARGETS}
[4.704s]       ${std_srvs_TARGETS}
[4.704s]       canopen_core::device_container
[4.704s]       canopen_core::node_canopen_driver
[4.704s]       canopen_core::node_canopen_master
[4.705s]       diagnostic_updater::diagnostic_updater
[4.705s]       rclcpp::rclcpp
[4.705s]       rclcpp_components::component
[4.705s]       rclcpp_components::component_manager
[4.705s]       rclcpp_lifecycle::rclcpp_lifecycle
[4.705s]     )
[4.705s] 
[4.705s] Call Stack (most recent call first):
[4.705s]   test/CMakeLists.txt:20 (ament_target_dependencies)
[4.705s] 
[4.705s] [0m
[4.780s] -- Configuring done (4.1s)
[4.830s] -- Generating done (0.0s)
[4.843s] -- Build files have been written to: /home/ishaan/eboat_src/build/canopen_base_driver
[4.861s] Invoked command in '/home/ishaan/eboat_src/build/canopen_base_driver' returned '0': AMENT_PREFIX_PATH=/home/ishaan/eboat_src/install/canopen_core:/home/ishaan/eboat_src/install/lely_core_libraries:/home/ishaan/eboat_src/install/canopen_interfaces:${AMENT_PREFIX_PATH} CMAKE_PREFIX_PATH=/home/ishaan/eboat_src/install/canopen_core:/home/ishaan/eboat_src/install/lely_core_libraries:/home/ishaan/eboat_src/install/canopen_interfaces:/home/ishaan/eboat_src/ros_ws/install/canopen_tests:/home/ishaan/eboat_src/ros_ws/install/canopen_ros2_controllers:/home/ishaan/eboat_src/ros_ws/install/canopen_ros2_control:/home/ishaan/eboat_src/ros_ws/install/canopen:/home/ishaan/eboat_src/ros_ws/install/canopen_402_driver:/home/ishaan/eboat_src/ros_ws/install/canopen_proxy_driver:/home/ishaan/eboat_src/ros_ws/install/canopen_master_driver:/home/ishaan/eboat_src/ros_ws/install/canopen_fake_slaves:/home/ishaan/eboat_src/ros_ws/install/canopen_base_driver:/home/ishaan/eboat_src/ros_ws/install/canopen_core:/home/ishaan/eboat_src/ros_ws/install/lely_core_libraries:/home/ishaan/eboat_src/ros_ws/install/canopen_interfaces:/home/ishaan/eboat_src/ros_ws/install/boat_data_interfaces:/opt/ros/kilted/opt/sdformat_vendor:/opt/ros/kilted/opt/gz_math_vendor:/opt/ros/kilted/opt/gz_utils_vendor:/opt/ros/kilted/opt/gz_tools_vendor:/opt/ros/kilted/opt/gz_cmake_vendor:/home/ishaan/eboat_src/ros_ws/install/canopen_utils:/home/ishaan/eboat_src/ros_ws/install/shore_comms:/home/ishaan/eboat_src/ros_ws/install/motor_node_test:/home/ishaan/eboat_src/ros_ws/install/motor_node:/home/ishaan/eboat_src/ros_ws/install/motion_node_test:/home/ishaan/eboat_src/ros_ws/install/motion_node:/home/ishaan/eboat_src/ros_ws/install/electrical_node_test:/home/ishaan/eboat_src/ros_ws/install/electrical_node:/home/ishaan/eboat_src/ros_ws/install/alarms_watchdog_node:/home/ishaan/eboat_src/ros_ws/install/GPIO_Test:/opt/ros/kilted LD_LIBRARY_PATH=/home/ishaan/eboat_src/install/canopen_core/lib:/home/ishaan/eboat_src/install/lely_core_libraries/lib:/home/ishaan/eboat_src/install/canopen_interfaces/lib:${LD_LIBRARY_PATH} PATH=/home/ishaan/eboat_src/install/lely_core_libraries/bin:${PATH} PYTHONPATH=/home/ishaan/eboat_src/install/lely_core_libraries/lib/python3.12/site-packages:/home/ishaan/eboat_src/install/canopen_interfaces/lib/python3.12/site-packages:${PYTHONPATH} /usr/bin/cmake /home/ishaan/eboat_src/ros_ws/src/ros2_canopen/canopen_base_driver -DCMAKE_INSTALL_PREFIX=/home/ishaan/eboat_src/install/canopen_base_driver
[4.862s] Invoking command in '/home/ishaan/eboat_src/build/canopen_base_driver': AMENT_PREFIX_PATH=/home/ishaan/eboat_src/install/canopen_core:/home/ishaan/eboat_src/install/lely_core_libraries:/home/ishaan/eboat_src/install/canopen_interfaces:${AMENT_PREFIX_PATH} CMAKE_PREFIX_PATH=/home/ishaan/eboat_src/install/canopen_core:/home/ishaan/eboat_src/install/lely_core_libraries:/home/ishaan/eboat_src/install/canopen_interfaces:/home/ishaan/eboat_src/ros_ws/install/canopen_tests:/home/ishaan/eboat_src/ros_ws/install/canopen_ros2_controllers:/home/ishaan/eboat_src/ros_ws/install/canopen_ros2_control:/home/ishaan/eboat_src/ros_ws/install/canopen:/home/ishaan/eboat_src/ros_ws/install/canopen_402_driver:/home/ishaan/eboat_src/ros_ws/install/canopen_proxy_driver:/home/ishaan/eboat_src/ros_ws/install/canopen_master_driver:/home/ishaan/eboat_src/ros_ws/install/canopen_fake_slaves:/home/ishaan/eboat_src/ros_ws/install/canopen_base_driver:/home/ishaan/eboat_src/ros_ws/install/canopen_core:/home/ishaan/eboat_src/ros_ws/install/lely_core_libraries:/home/ishaan/eboat_src/ros_ws/install/canopen_interfaces:/home/ishaan/eboat_src/ros_ws/install/boat_data_interfaces:/opt/ros/kilted/opt/sdformat_vendor:/opt/ros/kilted/opt/gz_math_vendor:/opt/ros/kilted/opt/gz_utils_vendor:/opt/ros/kilted/opt/gz_tools_vendor:/opt/ros/kilted/opt/gz_cmake_vendor:/home/ishaan/eboat_src/ros_ws/install/canopen_utils:/home/ishaan/eboat_src/ros_ws/install/shore_comms:/home/ishaan/eboat_src/ros_ws/install/motor_node_test:/home/ishaan/eboat_src/ros_ws/install/motor_node:/home/ishaan/eboat_src/ros_ws/install/motion_node_test:/home/ishaan/eboat_src/ros_ws/install/motion_node:/home/ishaan/eboat_src/ros_ws/install/electrical_node_test:/home/ishaan/eboat_src/ros_ws/install/electrical_node:/home/ishaan/eboat_src/ros_ws/install/alarms_watchdog_node:/home/ishaan/eboat_src/ros_ws/install/GPIO_Test:/opt/ros/kilted LD_LIBRARY_PATH=/home/ishaan/eboat_src/install/canopen_core/lib:/home/ishaan/eboat_src/install/lely_core_libraries/lib:/home/ishaan/eboat_src/install/canopen_interfaces/lib:${LD_LIBRARY_PATH} PATH=/home/ishaan/eboat_src/install/lely_core_libraries/bin:${PATH} PYTHONPATH=/home/ishaan/eboat_src/install/lely_core_libraries/lib/python3.12/site-packages:/home/ishaan/eboat_src/install/canopen_interfaces/lib/python3.12/site-packages:${PYTHONPATH} /usr/bin/cmake --build /home/ishaan/eboat_src/build/canopen_base_driver -- -j16 -l16
[4.920s] [ 18%] [32mBuilding CXX object CMakeFiles/lely_driver_bridge.dir/src/lely_driver_bridge.cpp.o[0m
[4.920s] [ 18%] [32mBuilding CXX object gtest/CMakeFiles/gtest.dir/src/gtest-all.cc.o[0m
[4.920s] [ 18%] [32mBuilding CXX object gtest/CMakeFiles/gtest_main.dir/src/gtest_main.cc.o[0m
[5.796s] [ 25%] [32m[1mLinking CXX static library libgtest_main.a[0m
[5.839s] [ 25%] Built target gtest_main
[8.901s] [ 31%] [32m[1mLinking CXX static library libgtest.a[0m
[8.968s] [ 31%] Built target gtest
[8.987s] [ 37%] [32mBuilding CXX object test/CMakeFiles/test_base_driver_component.dir/test_base_driver_component.cpp.o[0m
[11.187s] [ 43%] [32m[1mLinking CXX shared library liblely_driver_bridge.so[0m
[11.497s] [ 43%] Built target lely_driver_bridge
[11.520s] [ 50%] [32mBuilding CXX object CMakeFiles/node_canopen_base_driver.dir/src/node_interfaces/node_canopen_base_driver.cpp.o[0m
[15.128s] [ 56%] [32m[1mLinking CXX executable test_base_driver_component[0m
[15.452s] [ 56%] Built target test_base_driver_component
[18.421s] [ 62%] [32m[1mLinking CXX shared library libnode_canopen_base_driver.so[0m
[18.759s] [ 62%] Built target node_canopen_base_driver
[18.779s] [ 75%] [32mBuilding CXX object CMakeFiles/base_driver.dir/src/base_driver.cpp.o[0m
[18.779s] [ 75%] [32mBuilding CXX object CMakeFiles/lifecycle_base_driver.dir/src/lifecycle_base_driver.cpp.o[0m
[18.779s] [ 81%] [32mBuilding CXX object test/CMakeFiles/test_node_canopen_base_driver_ros.dir/test_node_canopen_base_driver_ros.cpp.o[0m
[25.669s] [ 87%] [32m[1mLinking CXX executable test_node_canopen_base_driver_ros[0m
[25.845s] [ 93%] [32m[1mLinking CXX shared library liblifecycle_base_driver.so[0m
[25.864s] [100%] [32m[1mLinking CXX shared library libbase_driver.so[0m
[26.125s] [100%] Built target test_node_canopen_base_driver_ros
[26.211s] [100%] Built target base_driver
[26.212s] [100%] Built target lifecycle_base_driver
[26.225s] Invoked command in '/home/ishaan/eboat_src/build/canopen_base_driver' returned '0': AMENT_PREFIX_PATH=/home/ishaan/eboat_src/install/canopen_core:/home/ishaan/eboat_src/install/lely_core_libraries:/home/ishaan/eboat_src/install/canopen_interfaces:${AMENT_PREFIX_PATH} CMAKE_PREFIX_PATH=/home/ishaan/eboat_src/install/canopen_core:/home/ishaan/eboat_src/install/lely_core_libraries:/home/ishaan/eboat_src/install/canopen_interfaces:/home/ishaan/eboat_src/ros_ws/install/canopen_tests:/home/ishaan/eboat_src/ros_ws/install/canopen_ros2_controllers:/home/ishaan/eboat_src/ros_ws/install/canopen_ros2_control:/home/ishaan/eboat_src/ros_ws/install/canopen:/home/ishaan/eboat_src/ros_ws/install/canopen_402_driver:/home/ishaan/eboat_src/ros_ws/install/canopen_proxy_driver:/home/ishaan/eboat_src/ros_ws/install/canopen_master_driver:/home/ishaan/eboat_src/ros_ws/install/canopen_fake_slaves:/home/ishaan/eboat_src/ros_ws/install/canopen_base_driver:/home/ishaan/eboat_src/ros_ws/install/canopen_core:/home/ishaan/eboat_src/ros_ws/install/lely_core_libraries:/home/ishaan/eboat_src/ros_ws/install/canopen_interfaces:/home/ishaan/eboat_src/ros_ws/install/boat_data_interfaces:/opt/ros/kilted/opt/sdformat_vendor:/opt/ros/kilted/opt/gz_math_vendor:/opt/ros/kilted/opt/gz_utils_vendor:/opt/ros/kilted/opt/gz_tools_vendor:/opt/ros/kilted/opt/gz_cmake_vendor:/home/ishaan/eboat_src/ros_ws/install/canopen_utils:/home/ishaan/eboat_src/ros_ws/install/shore_comms:/home/ishaan/eboat_src/ros_ws/install/motor_node_test:/home/ishaan/eboat_src/ros_ws/install/motor_node:/home/ishaan/eboat_src/ros_ws/install/motion_node_test:/home/ishaan/eboat_src/ros_ws/install/motion_node:/home/ishaan/eboat_src/ros_ws/install/electrical_node_test:/home/ishaan/eboat_src/ros_ws/install/electrical_node:/home/ishaan/eboat_src/ros_ws/install/alarms_watchdog_node:/home/ishaan/eboat_src/ros_ws/install/GPIO_Test:/opt/ros/kilted LD_LIBRARY_PATH=/home/ishaan/eboat_src/install/canopen_core/lib:/home/ishaan/eboat_src/install/lely_core_libraries/lib:/home/ishaan/eboat_src/install/canopen_interfaces/lib:${LD_LIBRARY_PATH} PATH=/home/ishaan/eboat_src/install/lely_core_libraries/bin:${PATH} PYTHONPATH=/home/ishaan/eboat_src/install/lely_core_libraries/lib/python3.12/site-packages:/home/ishaan/eboat_src/install/canopen_interfaces/lib/python3.12/site-packages:${PYTHONPATH} /usr/bin/cmake --build /home/ishaan/eboat_src/build/canopen_base_driver -- -j16 -l16
[26.226s] Invoking command in '/home/ishaan/eboat_src/build/canopen_base_driver': AMENT_PREFIX_PATH=/home/ishaan/eboat_src/install/canopen_core:/home/ishaan/eboat_src/install/lely_core_libraries:/home/ishaan/eboat_src/install/canopen_interfaces:${AMENT_PREFIX_PATH} CMAKE_PREFIX_PATH=/home/ishaan/eboat_src/install/canopen_core:/home/ishaan/eboat_src/install/lely_core_libraries:/home/ishaan/eboat_src/install/canopen_interfaces:/home/ishaan/eboat_src/ros_ws/install/canopen_tests:/home/ishaan/eboat_src/ros_ws/install/canopen_ros2_controllers:/home/ishaan/eboat_src/ros_ws/install/canopen_ros2_control:/home/ishaan/eboat_src/ros_ws/install/canopen:/home/ishaan/eboat_src/ros_ws/install/canopen_402_driver:/home/ishaan/eboat_src/ros_ws/install/canopen_proxy_driver:/home/ishaan/eboat_src/ros_ws/install/canopen_master_driver:/home/ishaan/eboat_src/ros_ws/install/canopen_fake_slaves:/home/ishaan/eboat_src/ros_ws/install/canopen_base_driver:/home/ishaan/eboat_src/ros_ws/install/canopen_core:/home/ishaan/eboat_src/ros_ws/install/lely_core_libraries:/home/ishaan/eboat_src/ros_ws/install/canopen_interfaces:/home/ishaan/eboat_src/ros_ws/install/boat_data_interfaces:/opt/ros/kilted/opt/sdformat_vendor:/opt/ros/kilted/opt/gz_math_vendor:/opt/ros/kilted/opt/gz_utils_vendor:/opt/ros/kilted/opt/gz_tools_vendor:/opt/ros/kilted/opt/gz_cmake_vendor:/home/ishaan/eboat_src/ros_ws/install/canopen_utils:/home/ishaan/eboat_src/ros_ws/install/shore_comms:/home/ishaan/eboat_src/ros_ws/install/motor_node_test:/home/ishaan/eboat_src/ros_ws/install/motor_node:/home/ishaan/eboat_src/ros_ws/install/motion_node_test:/home/ishaan/eboat_src/ros_ws/install/motion_node:/home/ishaan/eboat_src/ros_ws/install/electrical_node_test:/home/ishaan/eboat_src/ros_ws/install/electrical_node:/home/ishaan/eboat_src/ros_ws/install/alarms_watchdog_node:/home/ishaan/eboat_src/ros_ws/install/GPIO_Test:/opt/ros/kilted LD_LIBRARY_PATH=/home/ishaan/eboat_src/install/canopen_core/lib:/home/ishaan/eboat_src/install/lely_core_libraries/lib:/home/ishaan/eboat_src/install/canopen_interfaces/lib:${LD_LIBRARY_PATH} PATH=/home/ishaan/eboat_src/install/lely_core_libraries/bin:${PATH} PYTHONPATH=/home/ishaan/eboat_src/install/lely_core_libraries/lib/python3.12/site-packages:/home/ishaan/eboat_src/install/canopen_interfaces/lib/python3.12/site-packages:${PYTHONPATH} /usr/bin/cmake --install /home/ishaan/eboat_src/build/canopen_base_driver
[26.235s] -- Install configuration: ""
[26.235s] -- Installing: /home/ishaan/eboat_src/install/canopen_base_driver/include
[26.235s] -- Installing: /home/ishaan/eboat_src/install/canopen_base_driver/include/canopen_base_driver
[26.235s] -- Installing: /home/ishaan/eboat_src/install/canopen_base_driver/include/canopen_base_driver/visibility_control.h
[26.235s] -- Installing: /home/ishaan/eboat_src/install/canopen_base_driver/include/canopen_base_driver/lely_driver_bridge.hpp
[26.236s] -- Installing: /home/ishaan/eboat_src/install/canopen_base_driver/include/canopen_base_driver/lifecycle_base_driver.hpp
[26.236s] -- Installing: /home/ishaan/eboat_src/install/canopen_base_driver/include/canopen_base_driver/base_driver.hpp
[26.237s] -- Installing: /home/ishaan/eboat_src/install/canopen_base_driver/include/canopen_base_driver/diagnostic_collector.hpp
[26.237s] -- Installing: /home/ishaan/eboat_src/install/canopen_base_driver/include/canopen_base_driver/node_interfaces
[26.237s] -- Installing: /home/ishaan/eboat_src/install/canopen_base_driver/include/canopen_base_driver/node_interfaces/node_canopen_base_driver.hpp
[26.237s] -- Installing: /home/ishaan/eboat_src/install/canopen_base_driver/include/canopen_base_driver/node_interfaces/node_canopen_base_driver_impl.hpp
[26.237s] -- Installing: /home/ishaan/eboat_src/install/canopen_base_driver/lib/liblifecycle_base_driver.so
[26.238s] -- Set non-toolchain portion of runtime path of "/home/ishaan/eboat_src/install/canopen_base_driver/lib/liblifecycle_base_driver.so" to ""
[26.238s] -- Installing: /home/ishaan/eboat_src/install/canopen_base_driver/lib/libbase_driver.so
[26.238s] -- Set non-toolchain portion of runtime path of "/home/ishaan/eboat_src/install/canopen_base_driver/lib/libbase_driver.so" to ""
[26.239s] -- Installing: /home/ishaan/eboat_src/install/canopen_base_driver/lib/libnode_canopen_base_driver.so
[26.240s] -- Set non-toolchain portion of runtime path of "/home/ishaan/eboat_src/install/canopen_base_driver/lib/libnode_canopen_base_driver.so" to ""
[26.240s] -- Installing: /home/ishaan/eboat_src/install/canopen_base_driver/lib/liblely_driver_bridge.so
[26.241s] -- Set non-toolchain portion of runtime path of "/home/ishaan/eboat_src/install/canopen_base_driver/lib/liblely_driver_bridge.so" to ""
[26.241s] -- Installing: /home/ishaan/eboat_src/install/canopen_base_driver/share/canopen_base_driver/environment/library_path.sh
[26.241s] -- Installing: /home/ishaan/eboat_src/install/canopen_base_driver/share/canopen_base_driver/environment/library_path.dsv
[26.242s] -- Installing: /home/ishaan/eboat_src/install/canopen_base_driver/share/ament_index/resource_index/package_run_dependencies/canopen_base_driver
[26.242s] -- Installing: /home/ishaan/eboat_src/install/canopen_base_driver/share/ament_index/resource_index/parent_prefix_path/canopen_base_driver
[26.242s] -- Installing: /home/ishaan/eboat_src/install/canopen_base_driver/share/canopen_base_driver/environment/ament_prefix_path.sh
[26.242s] -- Installing: /home/ishaan/eboat_src/install/canopen_base_driver/share/canopen_base_driver/environment/ament_prefix_path.dsv
[26.243s] -- Installing: /home/ishaan/eboat_src/install/canopen_base_driver/share/canopen_base_driver/environment/path.sh
[26.243s] -- Installing: /home/ishaan/eboat_src/install/canopen_base_driver/share/canopen_base_driver/environment/path.dsv
[26.243s] -- Installing: /home/ishaan/eboat_src/install/canopen_base_driver/share/canopen_base_driver/local_setup.bash
[26.243s] -- Installing: /home/ishaan/eboat_src/install/canopen_base_driver/share/canopen_base_driver/local_setup.sh
[26.244s] -- Installing: /home/ishaan/eboat_src/install/canopen_base_driver/share/canopen_base_driver/local_setup.zsh
[26.244s] -- Installing: /home/ishaan/eboat_src/install/canopen_base_driver/share/canopen_base_driver/local_setup.dsv
[26.244s] -- Installing: /home/ishaan/eboat_src/install/canopen_base_driver/share/canopen_base_driver/package.dsv
[26.245s] -- Installing: /home/ishaan/eboat_src/install/canopen_base_driver/share/ament_index/resource_index/packages/canopen_base_driver
[26.245s] -- Installing: /home/ishaan/eboat_src/install/canopen_base_driver/share/ament_index/resource_index/rclcpp_components/canopen_base_driver
[26.246s] -- Installing: /home/ishaan/eboat_src/install/canopen_base_driver/share/canopen_base_driver/cmake/export_canopen_base_driverExport.cmake
[26.246s] -- Installing: /home/ishaan/eboat_src/install/canopen_base_driver/share/canopen_base_driver/cmake/export_canopen_base_driverExport-noconfig.cmake
[26.246s] -- Installing: /home/ishaan/eboat_src/install/canopen_base_driver/share/canopen_base_driver/cmake/ament_cmake_export_include_directories-extras.cmake
[26.247s] -- Installing: /home/ishaan/eboat_src/install/canopen_base_driver/share/canopen_base_driver/cmake/ament_cmake_export_libraries-extras.cmake
[26.247s] -- Installing: /home/ishaan/eboat_src/install/canopen_base_driver/share/canopen_base_driver/cmake/ament_cmake_export_targets-extras.cmake
[26.248s] -- Installing: /home/ishaan/eboat_src/install/canopen_base_driver/share/canopen_base_driver/cmake/ament_cmake_export_dependencies-extras.cmake
[26.248s] -- Installing: /home/ishaan/eboat_src/install/canopen_base_driver/share/canopen_base_driver/cmake/canopen_base_driverConfig.cmake
[26.248s] -- Installing: /home/ishaan/eboat_src/install/canopen_base_driver/share/canopen_base_driver/cmake/canopen_base_driverConfig-version.cmake
[26.248s] -- Installing: /home/ishaan/eboat_src/install/canopen_base_driver/share/canopen_base_driver/package.xml
[26.254s] Invoked command in '/home/ishaan/eboat_src/build/canopen_base_driver' returned '0': AMENT_PREFIX_PATH=/home/ishaan/eboat_src/install/canopen_core:/home/ishaan/eboat_src/install/lely_core_libraries:/home/ishaan/eboat_src/install/canopen_interfaces:${AMENT_PREFIX_PATH} CMAKE_PREFIX_PATH=/home/ishaan/eboat_src/install/canopen_core:/home/ishaan/eboat_src/install/lely_core_libraries:/home/ishaan/eboat_src/install/canopen_interfaces:/home/ishaan/eboat_src/ros_ws/install/canopen_tests:/home/ishaan/eboat_src/ros_ws/install/canopen_ros2_controllers:/home/ishaan/eboat_src/ros_ws/install/canopen_ros2_control:/home/ishaan/eboat_src/ros_ws/install/canopen:/home/ishaan/eboat_src/ros_ws/install/canopen_402_driver:/home/ishaan/eboat_src/ros_ws/install/canopen_proxy_driver:/home/ishaan/eboat_src/ros_ws/install/canopen_master_driver:/home/ishaan/eboat_src/ros_ws/install/canopen_fake_slaves:/home/ishaan/eboat_src/ros_ws/install/canopen_base_driver:/home/ishaan/eboat_src/ros_ws/install/canopen_core:/home/ishaan/eboat_src/ros_ws/install/lely_core_libraries:/home/ishaan/eboat_src/ros_ws/install/canopen_interfaces:/home/ishaan/eboat_src/ros_ws/install/boat_data_interfaces:/opt/ros/kilted/opt/sdformat_vendor:/opt/ros/kilted/opt/gz_math_vendor:/opt/ros/kilted/opt/gz_utils_vendor:/opt/ros/kilted/opt/gz_tools_vendor:/opt/ros/kilted/opt/gz_cmake_vendor:/home/ishaan/eboat_src/ros_ws/install/canopen_utils:/home/ishaan/eboat_src/ros_ws/install/shore_comms:/home/ishaan/eboat_src/ros_ws/install/motor_node_test:/home/ishaan/eboat_src/ros_ws/install/motor_node:/home/ishaan/eboat_src/ros_ws/install/motion_node_test:/home/ishaan/eboat_src/ros_ws/install/motion_node:/home/ishaan/eboat_src/ros_ws/install/electrical_node_test:/home/ishaan/eboat_src/ros_ws/install/electrical_node:/home/ishaan/eboat_src/ros_ws/install/alarms_watchdog_node:/home/ishaan/eboat_src/ros_ws/install/GPIO_Test:/opt/ros/kilted LD_LIBRARY_PATH=/home/ishaan/eboat_src/install/canopen_core/lib:/home/ishaan/eboat_src/install/lely_core_libraries/lib:/home/ishaan/eboat_src/install/canopen_interfaces/lib:${LD_LIBRARY_PATH} PATH=/home/ishaan/eboat_src/install/lely_core_libraries/bin:${PATH} PYTHONPATH=/home/ishaan/eboat_src/install/lely_core_libraries/lib/python3.12/site-packages:/home/ishaan/eboat_src/install/canopen_interfaces/lib/python3.12/site-packages:${PYTHONPATH} /usr/bin/cmake --install /home/ishaan/eboat_src/build/canopen_base_driver
