[0.174s] DEBUG:colcon:Command line arguments: ['/usr/bin/colcon', 'build', '--packages-select', 'boat_data_interfaces']
[0.174s] DEBUG:colcon:Parsed command line arguments: Namespace(log_base=None, log_level=None, verb_name='build', build_base='build', install_base='install', merge_install=False, symlink_install=False, test_result_base=None, continue_on_error=False, executor='parallel', parallel_workers=16, event_handlers=None, ignore_user_meta=False, metas=['./colcon.meta'], base_paths=['.'], packages_ignore=None, packages_ignore_regex=None, paths=None, packages_up_to=None, packages_up_to_regex=None, packages_above=None, packages_above_and_dependencies=None, packages_above_depth=None, packages_select_by_dep=None, packages_skip_by_dep=None, packages_skip_up_to=None, packages_select_build_failed=False, packages_skip_build_finished=False, packages_select_test_failures=False, packages_skip_test_passed=False, packages_select=['boat_data_interfaces'], packages_skip=None, packages_select_regex=None, packages_skip_regex=None, packages_start=None, packages_end=None, allow_overriding=[], cmake_args=None, cmake_target=None, cmake_target_skip_unavailable=False, cmake_clean_cache=False, cmake_clean_first=False, cmake_force_configure=False, ament_cmake_args=None, catkin_cmake_args=None, catkin_skip_building_tests=False, mixin_files=None, mixin=None, verb_parser=<colcon_mixin.mixin.mixin_argument.MixinArgumentDecorator object at 0x76fb48f92450>, verb_extension=<colcon_core.verb.build.BuildVerb object at 0x76fb48f91640>, main=<bound method BuildVerb.main of <colcon_core.verb.build.BuildVerb object at 0x76fb48f91640>>, mixin_verb=('build',))
[0.197s] Level 1:colcon.colcon_core.package_discovery:discover_packages(colcon_meta) check parameters
[0.198s] Level 1:colcon.colcon_core.package_discovery:discover_packages(recursive) check parameters
[0.198s] Level 1:colcon.colcon_core.package_discovery:discover_packages(ignore) check parameters
[0.198s] Level 1:colcon.colcon_core.package_discovery:discover_packages(path) check parameters
[0.198s] Level 1:colcon.colcon_core.package_discovery:discover_packages(colcon_meta) discover
[0.198s] Level 1:colcon.colcon_core.package_discovery:discover_packages(recursive) discover
[0.198s] INFO:colcon.colcon_core.package_discovery:Crawling recursively for packages in '/home/ishaan/eboat_src'
[0.198s] Level 1:colcon.colcon_core.package_identification:_identify(.) by extensions ['ignore', 'ignore_ament_install']
[0.198s] Level 1:colcon.colcon_core.package_identification:_identify(.) by extension 'ignore'
[0.198s] Level 1:colcon.colcon_core.package_identification:_identify(.) by extension 'ignore_ament_install'
[0.198s] Level 1:colcon.colcon_core.package_identification:_identify(.) by extensions ['colcon_pkg']
[0.198s] Level 1:colcon.colcon_core.package_identification:_identify(.) by extension 'colcon_pkg'
[0.198s] Level 1:colcon.colcon_core.package_identification:_identify(.) by extensions ['colcon_meta']
[0.198s] Level 1:colcon.colcon_core.package_identification:_identify(.) by extension 'colcon_meta'
[0.198s] Level 1:colcon.colcon_core.package_identification:_identify(.) by extensions ['ros']
[0.198s] Level 1:colcon.colcon_core.package_identification:_identify(.) by extension 'ros'
[0.214s] Level 1:colcon.colcon_core.package_identification:_identify(.) by extensions ['cmake', 'python']
[0.214s] Level 1:colcon.colcon_core.package_identification:_identify(.) by extension 'cmake'
[0.214s] Level 1:colcon.colcon_core.package_identification:_identify(.) by extension 'python'
[0.214s] Level 1:colcon.colcon_core.package_identification:_identify(.) by extensions ['python_setup_py']
[0.214s] Level 1:colcon.colcon_core.package_identification:_identify(.) by extension 'python_setup_py'
[0.215s] Level 1:colcon.colcon_core.package_identification:_identify(build) by extensions ['ignore', 'ignore_ament_install']
[0.215s] Level 1:colcon.colcon_core.package_identification:_identify(build) by extension 'ignore'
[0.215s] Level 1:colcon.colcon_core.package_identification:_identify(build) ignored
[0.215s] Level 1:colcon.colcon_core.package_identification:_identify(diagrams) by extensions ['ignore', 'ignore_ament_install']
[0.215s] Level 1:colcon.colcon_core.package_identification:_identify(diagrams) by extension 'ignore'
[0.215s] Level 1:colcon.colcon_core.package_identification:_identify(diagrams) by extension 'ignore_ament_install'
[0.215s] Level 1:colcon.colcon_core.package_identification:_identify(diagrams) by extensions ['colcon_pkg']
[0.215s] Level 1:colcon.colcon_core.package_identification:_identify(diagrams) by extension 'colcon_pkg'
[0.215s] Level 1:colcon.colcon_core.package_identification:_identify(diagrams) by extensions ['colcon_meta']
[0.215s] Level 1:colcon.colcon_core.package_identification:_identify(diagrams) by extension 'colcon_meta'
[0.215s] Level 1:colcon.colcon_core.package_identification:_identify(diagrams) by extensions ['ros']
[0.215s] Level 1:colcon.colcon_core.package_identification:_identify(diagrams) by extension 'ros'
[0.215s] Level 1:colcon.colcon_core.package_identification:_identify(diagrams) by extensions ['cmake', 'python']
[0.215s] Level 1:colcon.colcon_core.package_identification:_identify(diagrams) by extension 'cmake'
[0.215s] Level 1:colcon.colcon_core.package_identification:_identify(diagrams) by extension 'python'
[0.215s] Level 1:colcon.colcon_core.package_identification:_identify(diagrams) by extensions ['python_setup_py']
[0.215s] Level 1:colcon.colcon_core.package_identification:_identify(diagrams) by extension 'python_setup_py'
[0.216s] Level 1:colcon.colcon_core.package_identification:_identify(install) by extensions ['ignore', 'ignore_ament_install']
[0.216s] Level 1:colcon.colcon_core.package_identification:_identify(install) by extension 'ignore'
[0.216s] Level 1:colcon.colcon_core.package_identification:_identify(install) ignored
[0.216s] Level 1:colcon.colcon_core.package_identification:_identify(log) by extensions ['ignore', 'ignore_ament_install']
[0.216s] Level 1:colcon.colcon_core.package_identification:_identify(log) by extension 'ignore'
[0.216s] Level 1:colcon.colcon_core.package_identification:_identify(log) ignored
[0.216s] Level 1:colcon.colcon_core.package_identification:_identify(ros_ws) by extensions ['ignore', 'ignore_ament_install']
[0.216s] Level 1:colcon.colcon_core.package_identification:_identify(ros_ws) by extension 'ignore'
[0.216s] Level 1:colcon.colcon_core.package_identification:_identify(ros_ws) by extension 'ignore_ament_install'
[0.216s] Level 1:colcon.colcon_core.package_identification:_identify(ros_ws) by extensions ['colcon_pkg']
[0.216s] Level 1:colcon.colcon_core.package_identification:_identify(ros_ws) by extension 'colcon_pkg'
[0.216s] Level 1:colcon.colcon_core.package_identification:_identify(ros_ws) by extensions ['colcon_meta']
[0.216s] Level 1:colcon.colcon_core.package_identification:_identify(ros_ws) by extension 'colcon_meta'
[0.216s] Level 1:colcon.colcon_core.package_identification:_identify(ros_ws) by extensions ['ros']
[0.216s] Level 1:colcon.colcon_core.package_identification:_identify(ros_ws) by extension 'ros'
[0.216s] Level 1:colcon.colcon_core.package_identification:_identify(ros_ws) by extensions ['cmake', 'python']
[0.216s] Level 1:colcon.colcon_core.package_identification:_identify(ros_ws) by extension 'cmake'
[0.216s] Level 1:colcon.colcon_core.package_identification:_identify(ros_ws) by extension 'python'
[0.216s] Level 1:colcon.colcon_core.package_identification:_identify(ros_ws) by extensions ['python_setup_py']
[0.216s] Level 1:colcon.colcon_core.package_identification:_identify(ros_ws) by extension 'python_setup_py'
[0.216s] Level 1:colcon.colcon_core.package_identification:_identify(ros_ws/build) by extensions ['ignore', 'ignore_ament_install']
[0.217s] Level 1:colcon.colcon_core.package_identification:_identify(ros_ws/build) by extension 'ignore'
[0.217s] Level 1:colcon.colcon_core.package_identification:_identify(ros_ws/build) ignored
[0.217s] Level 1:colcon.colcon_core.package_identification:_identify(ros_ws/install) by extensions ['ignore', 'ignore_ament_install']
[0.217s] Level 1:colcon.colcon_core.package_identification:_identify(ros_ws/install) by extension 'ignore'
[0.217s] Level 1:colcon.colcon_core.package_identification:_identify(ros_ws/install) ignored
[0.217s] Level 1:colcon.colcon_core.package_identification:_identify(ros_ws/log) by extensions ['ignore', 'ignore_ament_install']
[0.217s] Level 1:colcon.colcon_core.package_identification:_identify(ros_ws/log) by extension 'ignore'
[0.217s] Level 1:colcon.colcon_core.package_identification:_identify(ros_ws/log) ignored
[0.217s] Level 1:colcon.colcon_core.package_identification:_identify(ros_ws/src) by extensions ['ignore', 'ignore_ament_install']
[0.217s] Level 1:colcon.colcon_core.package_identification:_identify(ros_ws/src) by extension 'ignore'
[0.217s] Level 1:colcon.colcon_core.package_identification:_identify(ros_ws/src) by extension 'ignore_ament_install'
[0.217s] Level 1:colcon.colcon_core.package_identification:_identify(ros_ws/src) by extensions ['colcon_pkg']
[0.217s] Level 1:colcon.colcon_core.package_identification:_identify(ros_ws/src) by extension 'colcon_pkg'
[0.217s] Level 1:colcon.colcon_core.package_identification:_identify(ros_ws/src) by extensions ['colcon_meta']
[0.217s] Level 1:colcon.colcon_core.package_identification:_identify(ros_ws/src) by extension 'colcon_meta'
[0.217s] Level 1:colcon.colcon_core.package_identification:_identify(ros_ws/src) by extensions ['ros']
[0.217s] Level 1:colcon.colcon_core.package_identification:_identify(ros_ws/src) by extension 'ros'
[0.217s] Level 1:colcon.colcon_core.package_identification:_identify(ros_ws/src) by extensions ['cmake', 'python']
[0.217s] Level 1:colcon.colcon_core.package_identification:_identify(ros_ws/src) by extension 'cmake'
[0.217s] Level 1:colcon.colcon_core.package_identification:_identify(ros_ws/src) by extension 'python'
[0.217s] Level 1:colcon.colcon_core.package_identification:_identify(ros_ws/src) by extensions ['python_setup_py']
[0.217s] Level 1:colcon.colcon_core.package_identification:_identify(ros_ws/src) by extension 'python_setup_py'
[0.217s] Level 1:colcon.colcon_core.package_identification:_identify(ros_ws/src/GPIO_Test) by extensions ['ignore', 'ignore_ament_install']
[0.218s] Level 1:colcon.colcon_core.package_identification:_identify(ros_ws/src/GPIO_Test) by extension 'ignore'
[0.218s] Level 1:colcon.colcon_core.package_identification:_identify(ros_ws/src/GPIO_Test) by extension 'ignore_ament_install'
[0.218s] Level 1:colcon.colcon_core.package_identification:_identify(ros_ws/src/GPIO_Test) by extensions ['colcon_pkg']
[0.218s] Level 1:colcon.colcon_core.package_identification:_identify(ros_ws/src/GPIO_Test) by extension 'colcon_pkg'
[0.218s] Level 1:colcon.colcon_core.package_identification:_identify(ros_ws/src/GPIO_Test) by extensions ['colcon_meta']
[0.218s] Level 1:colcon.colcon_core.package_identification:_identify(ros_ws/src/GPIO_Test) by extension 'colcon_meta'
[0.218s] Level 1:colcon.colcon_core.package_identification:_identify(ros_ws/src/GPIO_Test) by extensions ['ros']
[0.218s] Level 1:colcon.colcon_core.package_identification:_identify(ros_ws/src/GPIO_Test) by extension 'ros'
[0.220s] DEBUG:colcon.colcon_core.package_identification:Package 'ros_ws/src/GPIO_Test' with type 'ros.ament_python' and name 'GPIO_Test'
[0.220s] Level 1:colcon.colcon_core.package_identification:_identify(ros_ws/src/boat_data_interfaces) by extensions ['ignore', 'ignore_ament_install']
[0.220s] Level 1:colcon.colcon_core.package_identification:_identify(ros_ws/src/boat_data_interfaces) by extension 'ignore'
[0.220s] Level 1:colcon.colcon_core.package_identification:_identify(ros_ws/src/boat_data_interfaces) by extension 'ignore_ament_install'
[0.220s] Level 1:colcon.colcon_core.package_identification:_identify(ros_ws/src/boat_data_interfaces) by extensions ['colcon_pkg']
[0.220s] Level 1:colcon.colcon_core.package_identification:_identify(ros_ws/src/boat_data_interfaces) by extension 'colcon_pkg'
[0.220s] Level 1:colcon.colcon_core.package_identification:_identify(ros_ws/src/boat_data_interfaces) by extensions ['colcon_meta']
[0.220s] Level 1:colcon.colcon_core.package_identification:_identify(ros_ws/src/boat_data_interfaces) by extension 'colcon_meta'
[0.220s] Level 1:colcon.colcon_core.package_identification:_identify(ros_ws/src/boat_data_interfaces) by extensions ['ros']
[0.220s] Level 1:colcon.colcon_core.package_identification:_identify(ros_ws/src/boat_data_interfaces) by extension 'ros'
[0.221s] DEBUG:colcon.colcon_core.package_identification:Package 'ros_ws/src/boat_data_interfaces' with type 'ros.ament_cmake' and name 'boat_data_interfaces'
[0.221s] Level 1:colcon.colcon_core.package_identification:_identify(ros_ws/src/electrical_node_test) by extensions ['ignore', 'ignore_ament_install']
[0.221s] Level 1:colcon.colcon_core.package_identification:_identify(ros_ws/src/electrical_node_test) by extension 'ignore'
[0.221s] Level 1:colcon.colcon_core.package_identification:_identify(ros_ws/src/electrical_node_test) by extension 'ignore_ament_install'
[0.221s] Level 1:colcon.colcon_core.package_identification:_identify(ros_ws/src/electrical_node_test) by extensions ['colcon_pkg']
[0.221s] Level 1:colcon.colcon_core.package_identification:_identify(ros_ws/src/electrical_node_test) by extension 'colcon_pkg'
[0.221s] Level 1:colcon.colcon_core.package_identification:_identify(ros_ws/src/electrical_node_test) by extensions ['colcon_meta']
[0.221s] Level 1:colcon.colcon_core.package_identification:_identify(ros_ws/src/electrical_node_test) by extension 'colcon_meta'
[0.221s] Level 1:colcon.colcon_core.package_identification:_identify(ros_ws/src/electrical_node_test) by extensions ['ros']
[0.221s] Level 1:colcon.colcon_core.package_identification:_identify(ros_ws/src/electrical_node_test) by extension 'ros'
[0.221s] DEBUG:colcon.colcon_core.package_identification:Package 'ros_ws/src/electrical_node_test' with type 'ros.ament_python' and name 'electrical_node_test'
[0.221s] Level 1:colcon.colcon_core.package_identification:_identify(ros_ws/src/ros2_canopen) by extensions ['ignore', 'ignore_ament_install']
[0.222s] Level 1:colcon.colcon_core.package_identification:_identify(ros_ws/src/ros2_canopen) by extension 'ignore'
[0.222s] Level 1:colcon.colcon_core.package_identification:_identify(ros_ws/src/ros2_canopen) by extension 'ignore_ament_install'
[0.222s] Level 1:colcon.colcon_core.package_identification:_identify(ros_ws/src/ros2_canopen) by extensions ['colcon_pkg']
[0.222s] Level 1:colcon.colcon_core.package_identification:_identify(ros_ws/src/ros2_canopen) by extension 'colcon_pkg'
[0.222s] Level 1:colcon.colcon_core.package_identification:_identify(ros_ws/src/ros2_canopen) by extensions ['colcon_meta']
[0.222s] Level 1:colcon.colcon_core.package_identification:_identify(ros_ws/src/ros2_canopen) by extension 'colcon_meta'
[0.222s] Level 1:colcon.colcon_core.package_identification:_identify(ros_ws/src/ros2_canopen) by extensions ['ros']
[0.222s] Level 1:colcon.colcon_core.package_identification:_identify(ros_ws/src/ros2_canopen) by extension 'ros'
[0.222s] Level 1:colcon.colcon_core.package_identification:_identify(ros_ws/src/ros2_canopen) by extensions ['cmake', 'python']
[0.222s] Level 1:colcon.colcon_core.package_identification:_identify(ros_ws/src/ros2_canopen) by extension 'cmake'
[0.222s] Level 1:colcon.colcon_core.package_identification:_identify(ros_ws/src/ros2_canopen) by extension 'python'
[0.222s] Level 1:colcon.colcon_core.package_identification:_identify(ros_ws/src/ros2_canopen) by extensions ['python_setup_py']
[0.222s] Level 1:colcon.colcon_core.package_identification:_identify(ros_ws/src/ros2_canopen) by extension 'python_setup_py'
[0.222s] Level 1:colcon.colcon_core.package_identification:_identify(ros_ws/src/shore_comms) by extensions ['ignore', 'ignore_ament_install']
[0.222s] Level 1:colcon.colcon_core.package_identification:_identify(ros_ws/src/shore_comms) by extension 'ignore'
[0.222s] Level 1:colcon.colcon_core.package_identification:_identify(ros_ws/src/shore_comms) by extension 'ignore_ament_install'
[0.222s] Level 1:colcon.colcon_core.package_identification:_identify(ros_ws/src/shore_comms) by extensions ['colcon_pkg']
[0.222s] Level 1:colcon.colcon_core.package_identification:_identify(ros_ws/src/shore_comms) by extension 'colcon_pkg'
[0.222s] Level 1:colcon.colcon_core.package_identification:_identify(ros_ws/src/shore_comms) by extensions ['colcon_meta']
[0.222s] Level 1:colcon.colcon_core.package_identification:_identify(ros_ws/src/shore_comms) by extension 'colcon_meta'
[0.222s] Level 1:colcon.colcon_core.package_identification:_identify(ros_ws/src/shore_comms) by extensions ['ros']
[0.222s] Level 1:colcon.colcon_core.package_identification:_identify(ros_ws/src/shore_comms) by extension 'ros'
[0.223s] DEBUG:colcon.colcon_core.package_identification:Package 'ros_ws/src/shore_comms' with type 'ros.ament_python' and name 'shore_comms'
[0.223s] Level 1:colcon.colcon_core.package_discovery:discover_packages(recursive) using defaults
[0.223s] Level 1:colcon.colcon_core.package_discovery:discover_packages(ignore) discover
[0.223s] Level 1:colcon.colcon_core.package_discovery:discover_packages(ignore) using defaults
[0.223s] Level 1:colcon.colcon_core.package_discovery:discover_packages(path) discover
[0.223s] Level 1:colcon.colcon_core.package_discovery:discover_packages(path) using defaults
[0.235s] INFO:colcon.colcon_core.package_selection:Skipping not selected package 'GPIO_Test' in 'ros_ws/src/GPIO_Test'
[0.235s] INFO:colcon.colcon_core.package_selection:Skipping not selected package 'electrical_node_test' in 'ros_ws/src/electrical_node_test'
[0.235s] INFO:colcon.colcon_core.package_selection:Skipping not selected package 'shore_comms' in 'ros_ws/src/shore_comms'
[0.235s] Level 1:colcon.colcon_core.package_discovery:discover_packages(prefix_path) check parameters
[0.235s] Level 1:colcon.colcon_core.package_discovery:discover_packages(prefix_path) discover
[0.237s] DEBUG:colcon.colcon_installed_package_information.package_discovery:Found 347 installed packages in /opt/ros/kilted
[0.238s] Level 1:colcon.colcon_core.package_discovery:discover_packages(prefix_path) using defaults
[0.263s] Level 5:colcon.colcon_core.verb:set package 'boat_data_interfaces' build argument 'cmake_args' from command line to 'None'
[0.264s] Level 5:colcon.colcon_core.verb:set package 'boat_data_interfaces' build argument 'cmake_target' from command line to 'None'
[0.264s] Level 5:colcon.colcon_core.verb:set package 'boat_data_interfaces' build argument 'cmake_target_skip_unavailable' from command line to 'False'
[0.264s] Level 5:colcon.colcon_core.verb:set package 'boat_data_interfaces' build argument 'cmake_clean_cache' from command line to 'False'
[0.264s] Level 5:colcon.colcon_core.verb:set package 'boat_data_interfaces' build argument 'cmake_clean_first' from command line to 'False'
[0.264s] Level 5:colcon.colcon_core.verb:set package 'boat_data_interfaces' build argument 'cmake_force_configure' from command line to 'False'
[0.264s] Level 5:colcon.colcon_core.verb:set package 'boat_data_interfaces' build argument 'ament_cmake_args' from command line to 'None'
[0.264s] Level 5:colcon.colcon_core.verb:set package 'boat_data_interfaces' build argument 'catkin_cmake_args' from command line to 'None'
[0.264s] Level 5:colcon.colcon_core.verb:set package 'boat_data_interfaces' build argument 'catkin_skip_building_tests' from command line to 'False'
[0.264s] DEBUG:colcon.colcon_core.verb:Building package 'boat_data_interfaces' with the following arguments: {'ament_cmake_args': None, 'build_base': '/home/ishaan/eboat_src/build/boat_data_interfaces', 'catkin_cmake_args': None, 'catkin_skip_building_tests': False, 'cmake_args': None, 'cmake_clean_cache': False, 'cmake_clean_first': False, 'cmake_force_configure': False, 'cmake_target': None, 'cmake_target_skip_unavailable': False, 'install_base': '/home/ishaan/eboat_src/install/boat_data_interfaces', 'merge_install': False, 'path': '/home/ishaan/eboat_src/ros_ws/src/boat_data_interfaces', 'symlink_install': False, 'test_result_base': None}
[0.264s] INFO:colcon.colcon_core.executor:Executing jobs using 'parallel' executor
[0.265s] DEBUG:colcon.colcon_parallel_executor.executor.parallel:run_until_complete
[0.265s] INFO:colcon.colcon_ros.task.ament_cmake.build:Building ROS package in '/home/ishaan/eboat_src/ros_ws/src/boat_data_interfaces' with build type 'ament_cmake'
[0.266s] INFO:colcon.colcon_cmake.task.cmake.build:Building CMake package in '/home/ishaan/eboat_src/ros_ws/src/boat_data_interfaces'
[0.267s] INFO:colcon.colcon_core.plugin_system:Skipping extension 'colcon_core.shell.bat': Not used on non-Windows systems
[0.267s] INFO:colcon.colcon_core.shell:Skip shell extension 'powershell' for command environment: Not usable outside of PowerShell
[0.267s] DEBUG:colcon.colcon_core.shell:Skip shell extension 'dsv' for command environment
[0.274s] DEBUG:colcon.colcon_core.event_handler.log_command:Invoking command in '/home/ishaan/eboat_src/build/boat_data_interfaces': CMAKE_PREFIX_PATH=${CMAKE_PREFIX_PATH}:/opt/ros/kilted /usr/bin/cmake /home/ishaan/eboat_src/ros_ws/src/boat_data_interfaces -DCMAKE_INSTALL_PREFIX=/home/ishaan/eboat_src/install/boat_data_interfaces
[0.860s] DEBUG:colcon.colcon_core.event_handler.log_command:Invoked command in '/home/ishaan/eboat_src/build/boat_data_interfaces' returned '1': CMAKE_PREFIX_PATH=${CMAKE_PREFIX_PATH}:/opt/ros/kilted /usr/bin/cmake /home/ishaan/eboat_src/ros_ws/src/boat_data_interfaces -DCMAKE_INSTALL_PREFIX=/home/ishaan/eboat_src/install/boat_data_interfaces
[0.869s] Level 1:colcon.colcon_core.environment:create_environment_scripts_only(boat_data_interfaces)
[0.870s] Level 1:colcon.colcon_core.environment:checking '/home/ishaan/eboat_src/install/boat_data_interfaces' for CMake module files
[0.870s] Level 1:colcon.colcon_core.environment:checking '/home/ishaan/eboat_src/install/boat_data_interfaces' for CMake config files
[0.871s] Level 1:colcon.colcon_core.environment:checking '/home/ishaan/eboat_src/install/boat_data_interfaces/bin'
[0.871s] Level 1:colcon.colcon_core.environment:checking '/home/ishaan/eboat_src/install/boat_data_interfaces/lib/pkgconfig/boat_data_interfaces.pc'
[0.871s] Level 1:colcon.colcon_core.environment:checking '/home/ishaan/eboat_src/install/boat_data_interfaces/lib/python3.12/site-packages'
[0.871s] Level 1:colcon.colcon_core.environment:checking '/home/ishaan/eboat_src/install/boat_data_interfaces/bin'
[0.871s] INFO:colcon.colcon_core.shell:Creating package script '/home/ishaan/eboat_src/install/boat_data_interfaces/share/boat_data_interfaces/package.ps1'
[0.872s] INFO:colcon.colcon_core.shell:Creating package descriptor '/home/ishaan/eboat_src/install/boat_data_interfaces/share/boat_data_interfaces/package.dsv'
[0.872s] INFO:colcon.colcon_core.shell:Creating package script '/home/ishaan/eboat_src/install/boat_data_interfaces/share/boat_data_interfaces/package.sh'
[0.872s] INFO:colcon.colcon_core.shell:Creating package script '/home/ishaan/eboat_src/install/boat_data_interfaces/share/boat_data_interfaces/package.bash'
[0.873s] INFO:colcon.colcon_core.shell:Creating package script '/home/ishaan/eboat_src/install/boat_data_interfaces/share/boat_data_interfaces/package.zsh'
[0.873s] Level 1:colcon.colcon_core.environment:create_file_with_runtime_dependencies(/home/ishaan/eboat_src/install/boat_data_interfaces/share/colcon-core/packages/boat_data_interfaces)
[0.884s] DEBUG:colcon.colcon_parallel_executor.executor.parallel:closing loop
[0.884s] DEBUG:colcon.colcon_parallel_executor.executor.parallel:loop closed
[0.884s] DEBUG:colcon.colcon_parallel_executor.executor.parallel:run_until_complete finished with '1'
[0.884s] DEBUG:colcon.colcon_core.event_reactor:joining thread
[0.940s] INFO:colcon.colcon_core.plugin_system:Skipping extension 'colcon_notification.desktop_notification.notify_send': Could not find 'notify-send'
[0.940s] INFO:colcon.colcon_core.plugin_system:Skipping extension 'colcon_notification.desktop_notification.terminal_notifier': Not used on non-Darwin systems
[0.940s] INFO:colcon.colcon_core.plugin_system:Skipping extension 'colcon_notification.desktop_notification.win32': Not used on non-Windows systems
[0.940s] INFO:colcon.colcon_notification.desktop_notification:Sending desktop notification using 'notify2'
[0.941s] DEBUG:colcon.colcon_notification.desktop_notification.notify2:Failed to initialize notify2: org.freedesktop.DBus.Error.ServiceUnknown: The name org.freedesktop.Notifications was not provided by any .service files
[0.941s] DEBUG:colcon.colcon_core.event_reactor:joined thread
[0.941s] INFO:colcon.colcon_core.shell:Creating prefix script '/home/ishaan/eboat_src/install/local_setup.ps1'
[0.942s] INFO:colcon.colcon_core.shell:Creating prefix util module '/home/ishaan/eboat_src/install/_local_setup_util_ps1.py'
[0.943s] INFO:colcon.colcon_core.shell:Creating prefix chain script '/home/ishaan/eboat_src/install/setup.ps1'
[0.944s] INFO:colcon.colcon_core.shell:Creating prefix script '/home/ishaan/eboat_src/install/local_setup.sh'
[0.944s] INFO:colcon.colcon_core.shell:Creating prefix util module '/home/ishaan/eboat_src/install/_local_setup_util_sh.py'
[0.944s] INFO:colcon.colcon_core.shell:Creating prefix chain script '/home/ishaan/eboat_src/install/setup.sh'
[0.945s] INFO:colcon.colcon_core.shell:Creating prefix script '/home/ishaan/eboat_src/install/local_setup.bash'
[0.946s] INFO:colcon.colcon_core.shell:Creating prefix chain script '/home/ishaan/eboat_src/install/setup.bash'
[0.946s] INFO:colcon.colcon_core.shell:Creating prefix script '/home/ishaan/eboat_src/install/local_setup.zsh'
[0.946s] INFO:colcon.colcon_core.shell:Creating prefix chain script '/home/ishaan/eboat_src/install/setup.zsh'
