[3.079s] Invoking command in '/home/ishaan/Stevens-Electric-Boatworks/ros_ws/build/examples_rclpy_minimal_action_client': PYTHONPATH=/home/ishaan/Stevens-Electric-Boatworks/ros_ws/build/examples_rclpy_minimal_action_client/prefix_override:/usr/lib/python3/dist-packages/colcon_core/task/python/colcon_distutils_commands:/home/ishaan/Stevens-Electric-Boatworks/ros_ws/install/examples_rclpy_minimal_action_client/lib/python3.12/site-packages:${PYTHONPATH} /usr/bin/python3 -W ignore:setup.py install is deprecated -W ignore:easy_install command is deprecated setup.py develop --uninstall --editable --build-directory /home/ishaan/Stevens-Electric-Boatworks/ros_ws/build/examples_rclpy_minimal_action_client/build
[3.345s] running develop
[3.539s] Removing /home/ishaan/Stevens-Electric-Boatworks/ros_ws/install/examples_rclpy_minimal_action_client/lib/python3.12/site-packages/examples-rclpy-minimal-action-client.egg-link (link to .)
[3.624s] Invoked command in '/home/ishaan/Stevens-Electric-Boatworks/ros_ws/build/examples_rclpy_minimal_action_client' returned '0': PYTHONPATH=/home/ishaan/Stevens-Electric-Boatworks/ros_ws/build/examples_rclpy_minimal_action_client/prefix_override:/usr/lib/python3/dist-packages/colcon_core/task/python/colcon_distutils_commands:/home/ishaan/Stevens-Electric-Boatworks/ros_ws/install/examples_rclpy_minimal_action_client/lib/python3.12/site-packages:${PYTHONPATH} /usr/bin/python3 -W ignore:setup.py install is deprecated -W ignore:easy_install command is deprecated setup.py develop --uninstall --editable --build-directory /home/ishaan/Stevens-Electric-Boatworks/ros_ws/build/examples_rclpy_minimal_action_client/build
[3.626s] Invoking command in '/home/ishaan/Stevens-Electric-Boatworks/ros_ws/src/examples/rclpy/actions/minimal_action_client': PYTHONPATH=/home/ishaan/Stevens-Electric-Boatworks/ros_ws/build/examples_rclpy_minimal_action_client/prefix_override:/usr/lib/python3/dist-packages/colcon_core/task/python/colcon_distutils_commands:/home/ishaan/Stevens-Electric-Boatworks/ros_ws/install/examples_rclpy_minimal_action_client/lib/python3.12/site-packages:${PYTHONPATH} /usr/bin/python3 -W ignore:setup.py install is deprecated -W ignore:easy_install command is deprecated setup.py egg_info --egg-base ../../../../../build/examples_rclpy_minimal_action_client build --build-base /home/ishaan/Stevens-Electric-Boatworks/ros_ws/build/examples_rclpy_minimal_action_client/build install --record /home/ishaan/Stevens-Electric-Boatworks/ros_ws/build/examples_rclpy_minimal_action_client/install.log --single-version-externally-managed install_data --force
[3.891s] running egg_info
[3.905s] writing ../../../../../build/examples_rclpy_minimal_action_client/examples_rclpy_minimal_action_client.egg-info/PKG-INFO
[3.906s] writing dependency_links to ../../../../../build/examples_rclpy_minimal_action_client/examples_rclpy_minimal_action_client.egg-info/dependency_links.txt
[3.906s] writing entry points to ../../../../../build/examples_rclpy_minimal_action_client/examples_rclpy_minimal_action_client.egg-info/entry_points.txt
[3.906s] writing requirements to ../../../../../build/examples_rclpy_minimal_action_client/examples_rclpy_minimal_action_client.egg-info/requires.txt
[3.906s] writing top-level names to ../../../../../build/examples_rclpy_minimal_action_client/examples_rclpy_minimal_action_client.egg-info/top_level.txt
[3.944s] reading manifest file '../../../../../build/examples_rclpy_minimal_action_client/examples_rclpy_minimal_action_client.egg-info/SOURCES.txt'
[3.945s] writing manifest file '../../../../../build/examples_rclpy_minimal_action_client/examples_rclpy_minimal_action_client.egg-info/SOURCES.txt'
[3.945s] running build
[3.946s] running build_py
[3.946s] creating /home/ishaan/Stevens-Electric-Boatworks/ros_ws/build/examples_rclpy_minimal_action_client/build
[3.947s] creating /home/ishaan/Stevens-Electric-Boatworks/ros_ws/build/examples_rclpy_minimal_action_client/build/lib
[3.947s] creating /home/ishaan/Stevens-Electric-Boatworks/ros_ws/build/examples_rclpy_minimal_action_client/build/lib/examples_rclpy_minimal_action_client
[3.947s] copying examples_rclpy_minimal_action_client/client_cancel.py -> /home/ishaan/Stevens-Electric-Boatworks/ros_ws/build/examples_rclpy_minimal_action_client/build/lib/examples_rclpy_minimal_action_client
[3.948s] copying examples_rclpy_minimal_action_client/client_not_composable.py -> /home/ishaan/Stevens-Electric-Boatworks/ros_ws/build/examples_rclpy_minimal_action_client/build/lib/examples_rclpy_minimal_action_client
[3.948s] copying examples_rclpy_minimal_action_client/client_asyncio.py -> /home/ishaan/Stevens-Electric-Boatworks/ros_ws/build/examples_rclpy_minimal_action_client/build/lib/examples_rclpy_minimal_action_client
[3.949s] copying examples_rclpy_minimal_action_client/client.py -> /home/ishaan/Stevens-Electric-Boatworks/ros_ws/build/examples_rclpy_minimal_action_client/build/lib/examples_rclpy_minimal_action_client
[3.952s] copying examples_rclpy_minimal_action_client/__init__.py -> /home/ishaan/Stevens-Electric-Boatworks/ros_ws/build/examples_rclpy_minimal_action_client/build/lib/examples_rclpy_minimal_action_client
[3.952s] running install
[3.955s] running install_lib
[3.972s] creating /home/ishaan/Stevens-Electric-Boatworks/ros_ws/install/examples_rclpy_minimal_action_client/lib/python3.12/site-packages/examples_rclpy_minimal_action_client
[3.973s] copying /home/ishaan/Stevens-Electric-Boatworks/ros_ws/build/examples_rclpy_minimal_action_client/build/lib/examples_rclpy_minimal_action_client/client_cancel.py -> /home/ishaan/Stevens-Electric-Boatworks/ros_ws/install/examples_rclpy_minimal_action_client/lib/python3.12/site-packages/examples_rclpy_minimal_action_client
[3.973s] copying /home/ishaan/Stevens-Electric-Boatworks/ros_ws/build/examples_rclpy_minimal_action_client/build/lib/examples_rclpy_minimal_action_client/client_not_composable.py -> /home/ishaan/Stevens-Electric-Boatworks/ros_ws/install/examples_rclpy_minimal_action_client/lib/python3.12/site-packages/examples_rclpy_minimal_action_client
[3.973s] copying /home/ishaan/Stevens-Electric-Boatworks/ros_ws/build/examples_rclpy_minimal_action_client/build/lib/examples_rclpy_minimal_action_client/client_asyncio.py -> /home/ishaan/Stevens-Electric-Boatworks/ros_ws/install/examples_rclpy_minimal_action_client/lib/python3.12/site-packages/examples_rclpy_minimal_action_client
[3.974s] copying /home/ishaan/Stevens-Electric-Boatworks/ros_ws/build/examples_rclpy_minimal_action_client/build/lib/examples_rclpy_minimal_action_client/client.py -> /home/ishaan/Stevens-Electric-Boatworks/ros_ws/install/examples_rclpy_minimal_action_client/lib/python3.12/site-packages/examples_rclpy_minimal_action_client
[3.974s] copying /home/ishaan/Stevens-Electric-Boatworks/ros_ws/build/examples_rclpy_minimal_action_client/build/lib/examples_rclpy_minimal_action_client/__init__.py -> /home/ishaan/Stevens-Electric-Boatworks/ros_ws/install/examples_rclpy_minimal_action_client/lib/python3.12/site-packages/examples_rclpy_minimal_action_client
[3.974s] byte-compiling /home/ishaan/Stevens-Electric-Boatworks/ros_ws/install/examples_rclpy_minimal_action_client/lib/python3.12/site-packages/examples_rclpy_minimal_action_client/client_cancel.py to client_cancel.cpython-312.pyc
[3.975s] byte-compiling /home/ishaan/Stevens-Electric-Boatworks/ros_ws/install/examples_rclpy_minimal_action_client/lib/python3.12/site-packages/examples_rclpy_minimal_action_client/client_not_composable.py to client_not_composable.cpython-312.pyc
[3.976s] byte-compiling /home/ishaan/Stevens-Electric-Boatworks/ros_ws/install/examples_rclpy_minimal_action_client/lib/python3.12/site-packages/examples_rclpy_minimal_action_client/client_asyncio.py to client_asyncio.cpython-312.pyc
[3.977s] byte-compiling /home/ishaan/Stevens-Electric-Boatworks/ros_ws/install/examples_rclpy_minimal_action_client/lib/python3.12/site-packages/examples_rclpy_minimal_action_client/client.py to client.cpython-312.pyc
[3.977s] byte-compiling /home/ishaan/Stevens-Electric-Boatworks/ros_ws/install/examples_rclpy_minimal_action_client/lib/python3.12/site-packages/examples_rclpy_minimal_action_client/__init__.py to __init__.cpython-312.pyc
[3.978s] running install_data
[3.978s] copying resource/examples_rclpy_minimal_action_client -> /home/ishaan/Stevens-Electric-Boatworks/ros_ws/install/examples_rclpy_minimal_action_client/share/ament_index/resource_index/packages
[3.979s] copying package.xml -> /home/ishaan/Stevens-Electric-Boatworks/ros_ws/install/examples_rclpy_minimal_action_client/share/examples_rclpy_minimal_action_client
[3.980s] running install_egg_info
[3.997s] Copying ../../../../../build/examples_rclpy_minimal_action_client/examples_rclpy_minimal_action_client.egg-info to /home/ishaan/Stevens-Electric-Boatworks/ros_ws/install/examples_rclpy_minimal_action_client/lib/python3.12/site-packages/examples_rclpy_minimal_action_client-0.20.5-py3.12.egg-info
[3.997s] running install_scripts
[4.114s] Installing client script to /home/ishaan/Stevens-Electric-Boatworks/ros_ws/install/examples_rclpy_minimal_action_client/lib/examples_rclpy_minimal_action_client
[4.114s] Installing client_asyncio script to /home/ishaan/Stevens-Electric-Boatworks/ros_ws/install/examples_rclpy_minimal_action_client/lib/examples_rclpy_minimal_action_client
[4.114s] Installing client_cancel script to /home/ishaan/Stevens-Electric-Boatworks/ros_ws/install/examples_rclpy_minimal_action_client/lib/examples_rclpy_minimal_action_client
[4.115s] Installing client_not_composable script to /home/ishaan/Stevens-Electric-Boatworks/ros_ws/install/examples_rclpy_minimal_action_client/lib/examples_rclpy_minimal_action_client
[4.115s] writing list of installed files to '/home/ishaan/Stevens-Electric-Boatworks/ros_ws/build/examples_rclpy_minimal_action_client/install.log'
[4.175s] Invoked command in '/home/ishaan/Stevens-Electric-Boatworks/ros_ws/src/examples/rclpy/actions/minimal_action_client' returned '0': PYTHONPATH=/home/ishaan/Stevens-Electric-Boatworks/ros_ws/build/examples_rclpy_minimal_action_client/prefix_override:/usr/lib/python3/dist-packages/colcon_core/task/python/colcon_distutils_commands:/home/ishaan/Stevens-Electric-Boatworks/ros_ws/install/examples_rclpy_minimal_action_client/lib/python3.12/site-packages:${PYTHONPATH} /usr/bin/python3 -W ignore:setup.py install is deprecated -W ignore:easy_install command is deprecated setup.py egg_info --egg-base ../../../../../build/examples_rclpy_minimal_action_client build --build-base /home/ishaan/Stevens-Electric-Boatworks/ros_ws/build/examples_rclpy_minimal_action_client/build install --record /home/ishaan/Stevens-Electric-Boatworks/ros_ws/build/examples_rclpy_minimal_action_client/install.log --single-version-externally-managed install_data --force
