[0.099s] Invoking command in '/home/ishaan/Stevens-Electric-Boatworks/ros_ws/build/examples_rclcpp_cbg_executor': CMAKE_PREFIX_PATH=${CMAKE_PREFIX_PATH}:/home/ishaan/Stevens-Electric-Boatworks/ros_ws/install/launch_testing_examples:/home/ishaan/Stevens-Electric-Boatworks/ros_ws/install/examples_rclpy_pointcloud_publisher:/home/ishaan/Stevens-Electric-Boatworks/ros_ws/install/examples_rclpy_minimal_subscriber:/home/ishaan/Stevens-Electric-Boatworks/ros_ws/install/examples_rclpy_minimal_service:/home/ishaan/Stevens-Electric-Boatworks/ros_ws/install/examples_rclpy_minimal_publisher:/home/ishaan/Stevens-Electric-Boatworks/ros_ws/install/examples_rclpy_minimal_client:/home/ishaan/Stevens-Electric-Boatworks/ros_ws/install/examples_rclpy_minimal_action_server:/home/ishaan/Stevens-Electric-Boatworks/ros_ws/install/examples_rclpy_minimal_action_client:/home/ishaan/Stevens-Electric-Boatworks/ros_ws/install/examples_rclpy_guard_conditions:/home/ishaan/Stevens-Electric-Boatworks/ros_ws/install/examples_rclpy_executors:/opt/ros/kilted /usr/bin/cmake /home/ishaan/Stevens-Electric-Boatworks/ros_ws/src/examples/rclcpp/executors/cbg_executor -DCMAKE_INSTALL_PREFIX=/home/ishaan/Stevens-Electric-Boatworks/ros_ws/install/examples_rclcpp_cbg_executor
[1.256s] -- Found ament_cmake: 2.7.3 (/opt/ros/kilted/share/ament_cmake/cmake)
[1.257s] -- Override CMake install command with custom implementation using symlinks instead of copying resources
[1.257s] -- Found rclcpp: 29.5.2 (/opt/ros/kilted/share/rclcpp/cmake)
[1.257s] -- Found rosidl_generator_c: 4.9.5 (/opt/ros/kilted/share/rosidl_generator_c/cmake)
[1.257s] -- Found rosidl_generator_cpp: 4.9.5 (/opt/ros/kilted/share/rosidl_generator_cpp/cmake)
[1.258s] -- Using all available rosidl_typesupport_c: rosidl_typesupport_fastrtps_c;rosidl_typesupport_introspection_c
[1.258s] -- Using all available rosidl_typesupport_cpp: rosidl_typesupport_fastrtps_cpp;rosidl_typesupport_introspection_cpp
[1.258s] -- Found rmw_implementation_cmake: 7.8.2 (/opt/ros/kilted/share/rmw_implementation_cmake/cmake)
[1.258s] -- Found rmw_fastrtps_cpp: 9.3.2 (/opt/ros/kilted/share/rmw_fastrtps_cpp/cmake)
[1.259s] -- Using RMW implementation 'rmw_fastrtps_cpp' as default
[1.604s] -- Found std_msgs: 5.5.0 (/opt/ros/kilted/share/std_msgs/cmake)
[1.638s] -- Found ament_lint_auto: 0.19.2 (/opt/ros/kilted/share/ament_lint_auto/cmake)
[1.843s] -- Added test 'copyright' to check source files copyright and LICENSE
[1.850s] -- Added test 'cppcheck' to perform static code analysis on C / C++ code
[1.850s] -- Configured cppcheck include dirs: /home/ishaan/Stevens-Electric-Boatworks/ros_ws/src/examples/rclcpp/executors/cbg_executor/include
[1.850s] -- Configured cppcheck exclude dirs and/or files: 
[1.850s] -- Added test 'cpplint' to check C / C++ code against the Google style
[1.850s] -- Configured cpplint exclude dirs and/or files: 
[1.851s] -- Added test 'lint_cmake' to check CMake code style
[1.852s] -- Added test 'uncrustify' to check C / C++ code style
[1.852s] -- Configured uncrustify additional arguments: 
[1.852s] -- Added test 'xmllint' to check XML markup files
[1.854s] -- Configuring done (1.7s)
[1.898s] -- Generating done (0.0s)
[1.906s] -- Build files have been written to: /home/ishaan/Stevens-Electric-Boatworks/ros_ws/build/examples_rclcpp_cbg_executor
[1.955s] Invoked command in '/home/ishaan/Stevens-Electric-Boatworks/ros_ws/build/examples_rclcpp_cbg_executor' returned '0': CMAKE_PREFIX_PATH=${CMAKE_PREFIX_PATH}:/home/ishaan/Stevens-Electric-Boatworks/ros_ws/install/launch_testing_examples:/home/ishaan/Stevens-Electric-Boatworks/ros_ws/install/examples_rclpy_pointcloud_publisher:/home/ishaan/Stevens-Electric-Boatworks/ros_ws/install/examples_rclpy_minimal_subscriber:/home/ishaan/Stevens-Electric-Boatworks/ros_ws/install/examples_rclpy_minimal_service:/home/ishaan/Stevens-Electric-Boatworks/ros_ws/install/examples_rclpy_minimal_publisher:/home/ishaan/Stevens-Electric-Boatworks/ros_ws/install/examples_rclpy_minimal_client:/home/ishaan/Stevens-Electric-Boatworks/ros_ws/install/examples_rclpy_minimal_action_server:/home/ishaan/Stevens-Electric-Boatworks/ros_ws/install/examples_rclpy_minimal_action_client:/home/ishaan/Stevens-Electric-Boatworks/ros_ws/install/examples_rclpy_guard_conditions:/home/ishaan/Stevens-Electric-Boatworks/ros_ws/install/examples_rclpy_executors:/opt/ros/kilted /usr/bin/cmake /home/ishaan/Stevens-Electric-Boatworks/ros_ws/src/examples/rclcpp/executors/cbg_executor -DCMAKE_INSTALL_PREFIX=/home/ishaan/Stevens-Electric-Boatworks/ros_ws/install/examples_rclcpp_cbg_executor
[1.957s] Invoking command in '/home/ishaan/Stevens-Electric-Boatworks/ros_ws/build/examples_rclcpp_cbg_executor': CMAKE_PREFIX_PATH=${CMAKE_PREFIX_PATH}:/home/ishaan/Stevens-Electric-Boatworks/ros_ws/install/launch_testing_examples:/home/ishaan/Stevens-Electric-Boatworks/ros_ws/install/examples_rclpy_pointcloud_publisher:/home/ishaan/Stevens-Electric-Boatworks/ros_ws/install/examples_rclpy_minimal_subscriber:/home/ishaan/Stevens-Electric-Boatworks/ros_ws/install/examples_rclpy_minimal_service:/home/ishaan/Stevens-Electric-Boatworks/ros_ws/install/examples_rclpy_minimal_publisher:/home/ishaan/Stevens-Electric-Boatworks/ros_ws/install/examples_rclpy_minimal_client:/home/ishaan/Stevens-Electric-Boatworks/ros_ws/install/examples_rclpy_minimal_action_server:/home/ishaan/Stevens-Electric-Boatworks/ros_ws/install/examples_rclpy_minimal_action_client:/home/ishaan/Stevens-Electric-Boatworks/ros_ws/install/examples_rclpy_guard_conditions:/home/ishaan/Stevens-Electric-Boatworks/ros_ws/install/examples_rclpy_executors:/opt/ros/kilted /usr/bin/cmake --build /home/ishaan/Stevens-Electric-Boatworks/ros_ws/build/examples_rclcpp_cbg_executor -- -j16 -l16
[2.074s] [ 40%] Built target ping_pong
[2.075s] [ 70%] Built target pong
[2.083s] [100%] Built target ping
[2.180s] Invoked command in '/home/ishaan/Stevens-Electric-Boatworks/ros_ws/build/examples_rclcpp_cbg_executor' returned '0': CMAKE_PREFIX_PATH=${CMAKE_PREFIX_PATH}:/home/ishaan/Stevens-Electric-Boatworks/ros_ws/install/launch_testing_examples:/home/ishaan/Stevens-Electric-Boatworks/ros_ws/install/examples_rclpy_pointcloud_publisher:/home/ishaan/Stevens-Electric-Boatworks/ros_ws/install/examples_rclpy_minimal_subscriber:/home/ishaan/Stevens-Electric-Boatworks/ros_ws/install/examples_rclpy_minimal_service:/home/ishaan/Stevens-Electric-Boatworks/ros_ws/install/examples_rclpy_minimal_publisher:/home/ishaan/Stevens-Electric-Boatworks/ros_ws/install/examples_rclpy_minimal_client:/home/ishaan/Stevens-Electric-Boatworks/ros_ws/install/examples_rclpy_minimal_action_server:/home/ishaan/Stevens-Electric-Boatworks/ros_ws/install/examples_rclpy_minimal_action_client:/home/ishaan/Stevens-Electric-Boatworks/ros_ws/install/examples_rclpy_guard_conditions:/home/ishaan/Stevens-Electric-Boatworks/ros_ws/install/examples_rclpy_executors:/opt/ros/kilted /usr/bin/cmake --build /home/ishaan/Stevens-Electric-Boatworks/ros_ws/build/examples_rclcpp_cbg_executor -- -j16 -l16
[2.182s] Invoking command in '/home/ishaan/Stevens-Electric-Boatworks/ros_ws/build/examples_rclcpp_cbg_executor': CMAKE_PREFIX_PATH=${CMAKE_PREFIX_PATH}:/home/ishaan/Stevens-Electric-Boatworks/ros_ws/install/launch_testing_examples:/home/ishaan/Stevens-Electric-Boatworks/ros_ws/install/examples_rclpy_pointcloud_publisher:/home/ishaan/Stevens-Electric-Boatworks/ros_ws/install/examples_rclpy_minimal_subscriber:/home/ishaan/Stevens-Electric-Boatworks/ros_ws/install/examples_rclpy_minimal_service:/home/ishaan/Stevens-Electric-Boatworks/ros_ws/install/examples_rclpy_minimal_publisher:/home/ishaan/Stevens-Electric-Boatworks/ros_ws/install/examples_rclpy_minimal_client:/home/ishaan/Stevens-Electric-Boatworks/ros_ws/install/examples_rclpy_minimal_action_server:/home/ishaan/Stevens-Electric-Boatworks/ros_ws/install/examples_rclpy_minimal_action_client:/home/ishaan/Stevens-Electric-Boatworks/ros_ws/install/examples_rclpy_guard_conditions:/home/ishaan/Stevens-Electric-Boatworks/ros_ws/install/examples_rclpy_executors:/opt/ros/kilted /usr/bin/cmake --install /home/ishaan/Stevens-Electric-Boatworks/ros_ws/build/examples_rclcpp_cbg_executor
[2.199s] -- Install configuration: ""
[2.199s] -- Execute custom install script
[2.199s] -- Up-to-date symlink: /home/ishaan/Stevens-Electric-Boatworks/ros_ws/install/examples_rclcpp_cbg_executor/lib/examples_rclcpp_cbg_executor/ping
[2.200s] -- Up-to-date symlink: /home/ishaan/Stevens-Electric-Boatworks/ros_ws/install/examples_rclcpp_cbg_executor/lib/examples_rclcpp_cbg_executor/pong
[2.200s] -- Up-to-date symlink: /home/ishaan/Stevens-Electric-Boatworks/ros_ws/install/examples_rclcpp_cbg_executor/lib/examples_rclcpp_cbg_executor/ping_pong
[2.201s] -- Up-to-date symlink: /home/ishaan/Stevens-Electric-Boatworks/ros_ws/install/examples_rclcpp_cbg_executor/include/examples_rclcpp_cbg_executor/ping_node.hpp
[2.201s] -- Up-to-date symlink: /home/ishaan/Stevens-Electric-Boatworks/ros_ws/install/examples_rclcpp_cbg_executor/include/examples_rclcpp_cbg_executor/pong_node.hpp
[2.202s] -- Up-to-date symlink: /home/ishaan/Stevens-Electric-Boatworks/ros_ws/install/examples_rclcpp_cbg_executor/share/ament_index/resource_index/package_run_dependencies/examples_rclcpp_cbg_executor
[2.202s] -- Up-to-date symlink: /home/ishaan/Stevens-Electric-Boatworks/ros_ws/install/examples_rclcpp_cbg_executor/share/ament_index/resource_index/parent_prefix_path/examples_rclcpp_cbg_executor
[2.202s] -- Up-to-date symlink: /home/ishaan/Stevens-Electric-Boatworks/ros_ws/install/examples_rclcpp_cbg_executor/share/examples_rclcpp_cbg_executor/environment/ament_prefix_path.sh
[2.202s] -- Up-to-date symlink: /home/ishaan/Stevens-Electric-Boatworks/ros_ws/install/examples_rclcpp_cbg_executor/share/examples_rclcpp_cbg_executor/environment/ament_prefix_path.dsv
[2.203s] -- Up-to-date symlink: /home/ishaan/Stevens-Electric-Boatworks/ros_ws/install/examples_rclcpp_cbg_executor/share/examples_rclcpp_cbg_executor/environment/path.sh
[2.203s] -- Up-to-date symlink: /home/ishaan/Stevens-Electric-Boatworks/ros_ws/install/examples_rclcpp_cbg_executor/share/examples_rclcpp_cbg_executor/environment/path.dsv
[2.203s] -- Up-to-date symlink: /home/ishaan/Stevens-Electric-Boatworks/ros_ws/install/examples_rclcpp_cbg_executor/share/examples_rclcpp_cbg_executor/local_setup.bash
[2.206s] -- Up-to-date symlink: /home/ishaan/Stevens-Electric-Boatworks/ros_ws/install/examples_rclcpp_cbg_executor/share/examples_rclcpp_cbg_executor/local_setup.sh
[2.208s] -- Up-to-date symlink: /home/ishaan/Stevens-Electric-Boatworks/ros_ws/install/examples_rclcpp_cbg_executor/share/examples_rclcpp_cbg_executor/local_setup.zsh
[2.208s] -- Up-to-date symlink: /home/ishaan/Stevens-Electric-Boatworks/ros_ws/install/examples_rclcpp_cbg_executor/share/examples_rclcpp_cbg_executor/local_setup.dsv
[2.209s] -- Symlinking: /home/ishaan/Stevens-Electric-Boatworks/ros_ws/install/examples_rclcpp_cbg_executor/share/examples_rclcpp_cbg_executor/package.dsv
[2.224s] -- Up-to-date symlink: /home/ishaan/Stevens-Electric-Boatworks/ros_ws/install/examples_rclcpp_cbg_executor/share/ament_index/resource_index/packages/examples_rclcpp_cbg_executor
[2.224s] -- Up-to-date symlink: /home/ishaan/Stevens-Electric-Boatworks/ros_ws/install/examples_rclcpp_cbg_executor/share/examples_rclcpp_cbg_executor/cmake/ament_cmake_export_dependencies-extras.cmake
[2.224s] -- Up-to-date symlink: /home/ishaan/Stevens-Electric-Boatworks/ros_ws/install/examples_rclcpp_cbg_executor/share/examples_rclcpp_cbg_executor/cmake/examples_rclcpp_cbg_executorConfig.cmake
[2.224s] -- Up-to-date symlink: /home/ishaan/Stevens-Electric-Boatworks/ros_ws/install/examples_rclcpp_cbg_executor/share/examples_rclcpp_cbg_executor/cmake/examples_rclcpp_cbg_executorConfig-version.cmake
[2.234s] -- Up-to-date symlink: /home/ishaan/Stevens-Electric-Boatworks/ros_ws/install/examples_rclcpp_cbg_executor/share/examples_rclcpp_cbg_executor/package.xml
[2.344s] Invoked command in '/home/ishaan/Stevens-Electric-Boatworks/ros_ws/build/examples_rclcpp_cbg_executor' returned '0': CMAKE_PREFIX_PATH=${CMAKE_PREFIX_PATH}:/home/ishaan/Stevens-Electric-Boatworks/ros_ws/install/launch_testing_examples:/home/ishaan/Stevens-Electric-Boatworks/ros_ws/install/examples_rclpy_pointcloud_publisher:/home/ishaan/Stevens-Electric-Boatworks/ros_ws/install/examples_rclpy_minimal_subscriber:/home/ishaan/Stevens-Electric-Boatworks/ros_ws/install/examples_rclpy_minimal_service:/home/ishaan/Stevens-Electric-Boatworks/ros_ws/install/examples_rclpy_minimal_publisher:/home/ishaan/Stevens-Electric-Boatworks/ros_ws/install/examples_rclpy_minimal_client:/home/ishaan/Stevens-Electric-Boatworks/ros_ws/install/examples_rclpy_minimal_action_server:/home/ishaan/Stevens-Electric-Boatworks/ros_ws/install/examples_rclpy_minimal_action_client:/home/ishaan/Stevens-Electric-Boatworks/ros_ws/install/examples_rclpy_guard_conditions:/home/ishaan/Stevens-Electric-Boatworks/ros_ws/install/examples_rclpy_executors:/opt/ros/kilted /usr/bin/cmake --install /home/ishaan/Stevens-Electric-Boatworks/ros_ws/build/examples_rclcpp_cbg_executor
