[0.008s] Invoking command in '/home/ishaan/eboat_src/build/boat_data_interfaces': CMAKE_PREFIX_PATH=${CMAKE_PREFIX_PATH}:/opt/ros/kilted /usr/bin/cmake /home/ishaan/eboat_src/ros_ws/src/boat_data_interfaces -DCMAKE_INSTALL_PREFIX=/home/ishaan/eboat_src/install/boat_data_interfaces
[0.017s] -- Found ament_cmake: 2.7.3 (/opt/ros/kilted/share/ament_cmake/cmake)
[0.157s] -- Found ament_lint_auto: 0.19.2 (/opt/ros/kilted/share/ament_lint_auto/cmake)
[0.220s] -- Found rosidl_default_generators: 1.7.1 (/opt/ros/kilted/share/rosidl_default_generators/cmake)
[0.222s] -- Using all available rosidl_typesupport_c: rosidl_typesupport_fastrtps_c;rosidl_typesupport_introspection_c
[0.394s] -- Using all available rosidl_typesupport_cpp: rosidl_typesupport_fastrtps_cpp;rosidl_typesupport_introspection_cpp
[0.409s] -- Found rosidl_adapter: 4.9.5 (/opt/ros/kilted/share/rosidl_adapter/cmake)
[0.596s] [31mCMake Error at /opt/ros/kilted/share/rosidl_adapter/cmake/rosidl_adapt_interfaces.cmake:57 (message):
[0.596s]   execute_process(/usr/bin/python3 -m rosidl_adapter --package-name
[0.596s]   boat_data_interfaces --arguments-file
[0.596s]   /home/ishaan/eboat_src/build/boat_data_interfaces/rosidl_adapter__arguments__boat_data_interfaces.json
[0.596s]   --output-dir
[0.596s]   /home/ishaan/eboat_src/build/boat_data_interfaces/rosidl_adapter/boat_data_interfaces
[0.596s]   --output-file
[0.596s]   /home/ishaan/eboat_src/build/boat_data_interfaces/rosidl_adapter/boat_data_interfaces.idls)
[0.596s]   returned error code 1:
[0.597s] 
[0.597s]   Traceback (most recent call last):
[0.597s] 
[0.597s]     File "<frozen runpy>", line 198, in _run_module_as_main
[0.597s]     File "<frozen runpy>", line 88, in _run_code
[0.597s]     File "/opt/ros/kilted/lib/python3.12/site-packages/rosidl_adapter/__main__.py", line 19, in <module>
[0.597s]       main()
[0.597s]     File "/opt/ros/kilted/lib/python3.12/site-packages/rosidl_adapter/main.py", line 54, in main
[0.597s]       abs_idl_file = convert_to_idl(
[0.597s]                      ^^^^^^^^^^^^^^^
[0.597s]     File "/opt/ros/kilted/lib/python3.12/site-packages/rosidl_adapter/__init__.py", line 22, in convert_to_idl
[0.597s]       return convert_msg_to_idl(
[0.597s]              ^^^^^^^^^^^^^^^^^^^
[0.597s]     File "/opt/ros/kilted/lib/python3.12/site-packages/rosidl_adapter/msg/__init__.py", line 32, in convert_msg_to_idl
[0.597s]       msg = parse_message_string(package_name, input_file.stem, content)
[0.597s]             ^^^^^^^^^^^^^^^^^^^^^^^^^^^^^^^^^^^^^^^^^^^^^^^^^^^^^^^^^^^^
[0.597s]     File "/opt/ros/kilted/lib/python3.12/site-packages/rosidl_adapter/parser.py", line 563, in parse_message_string
[0.597s]       msg = MessageSpecification(pkg_name, msg_name, fields, constants)
[0.597s]             ^^^^^^^^^^^^^^^^^^^^^^^^^^^^^^^^^^^^^^^^^^^^^^^^^^^^^^^^^^^
[0.597s]     File "/opt/ros/kilted/lib/python3.12/site-packages/rosidl_adapter/parser.py", line 421, in __init__
[0.597s]       raise ValueError(
[0.597s] 
[0.597s]   ValueError: the fields iterable contains duplicate names: gps_lat
[0.597s] 
[0.597s] Call Stack (most recent call first):
[0.597s]   /opt/ros/kilted/share/rosidl_cmake/cmake/rosidl_generate_interfaces.cmake:132 (rosidl_adapt_interfaces)
[0.597s]   CMakeLists.txt:29 (rosidl_generate_interfaces)
[0.597s] 
[0.597s] [0m
[0.597s] -- Configuring incomplete, errors occurred!
[0.603s] Invoked command in '/home/ishaan/eboat_src/build/boat_data_interfaces' returned '1': CMAKE_PREFIX_PATH=${CMAKE_PREFIX_PATH}:/opt/ros/kilted /usr/bin/cmake /home/ishaan/eboat_src/ros_ws/src/boat_data_interfaces -DCMAKE_INSTALL_PREFIX=/home/ishaan/eboat_src/install/boat_data_interfaces
