[0.175s] Invoking command in '/home/ishaan/eboat_src/build/examples_rclcpp_minimal_service': CMAKE_PREFIX_PATH=${CMAKE_PREFIX_PATH}:/opt/ros/kilted /usr/bin/cmake /home/ishaan/eboat_src/ros_ws/src/examples/rclcpp/services/minimal_service -DAMENT_CMAKE_SYMLINK_INSTALL=1 -DCMAKE_INSTALL_PREFIX=/home/ishaan/eboat_src/install/examples_rclcpp_minimal_service
[0.938s] -- Found ament_cmake: 2.7.3 (/opt/ros/kilted/share/ament_cmake/cmake)
[0.939s] -- Override CMake install command with custom implementation using symlinks instead of copying resources
[0.940s] -- Found example_interfaces: 0.13.0 (/opt/ros/kilted/share/example_interfaces/cmake)
[0.940s] -- Found rosidl_generator_c: 4.9.5 (/opt/ros/kilted/share/rosidl_generator_c/cmake)
[0.940s] -- Found rosidl_generator_cpp: 4.9.5 (/opt/ros/kilted/share/rosidl_generator_cpp/cmake)
[0.940s] -- Using all available rosidl_typesupport_c: rosidl_typesupport_fastrtps_c;rosidl_typesupport_introspection_c
[0.941s] -- Using all available rosidl_typesupport_cpp: rosidl_typesupport_fastrtps_cpp;rosidl_typesupport_introspection_cpp
[0.941s] -- Found rclcpp: 29.5.2 (/opt/ros/kilted/share/rclcpp/cmake)
[0.964s] -- Found rmw_implementation_cmake: 7.8.2 (/opt/ros/kilted/share/rmw_implementation_cmake/cmake)
[0.964s] -- Found rmw_fastrtps_cpp: 9.3.2 (/opt/ros/kilted/share/rmw_fastrtps_cpp/cmake)
[1.014s] -- Using RMW implementation 'rmw_fastrtps_cpp' as default
[1.318s] -- Found ament_lint_auto: 0.19.2 (/opt/ros/kilted/share/ament_lint_auto/cmake)
[1.516s] -- Added test 'copyright' to check source files copyright and LICENSE
[1.536s] -- Added test 'cppcheck' to perform static code analysis on C / C++ code
[1.536s] -- Configured cppcheck include dirs: 
[1.536s] -- Configured cppcheck exclude dirs and/or files: 
[1.542s] -- Added test 'cpplint' to check C / C++ code against the Google style
[1.542s] -- Configured cpplint exclude dirs and/or files: 
[1.542s] -- Added test 'lint_cmake' to check CMake code style
[1.543s] -- Added test 'uncrustify' to check C / C++ code style
[1.543s] -- Configured uncrustify additional arguments: 
[1.543s] -- Added test 'xmllint' to check XML markup files
[1.544s] -- Configuring done (1.3s)
[1.562s] -- Generating done (0.0s)
[1.572s] -- Build files have been written to: /home/ishaan/eboat_src/build/examples_rclcpp_minimal_service
[1.599s] Invoked command in '/home/ishaan/eboat_src/build/examples_rclcpp_minimal_service' returned '0': CMAKE_PREFIX_PATH=${CMAKE_PREFIX_PATH}:/opt/ros/kilted /usr/bin/cmake /home/ishaan/eboat_src/ros_ws/src/examples/rclcpp/services/minimal_service -DAMENT_CMAKE_SYMLINK_INSTALL=1 -DCMAKE_INSTALL_PREFIX=/home/ishaan/eboat_src/install/examples_rclcpp_minimal_service
[1.600s] Invoking command in '/home/ishaan/eboat_src/build/examples_rclcpp_minimal_service': CMAKE_PREFIX_PATH=${CMAKE_PREFIX_PATH}:/opt/ros/kilted /usr/bin/cmake --build /home/ishaan/eboat_src/build/examples_rclcpp_minimal_service -- -j16 -l16
[1.728s] [ 50%] [32mBuilding CXX object CMakeFiles/service_main.dir/main.cpp.o[0m
[6.038s] gmake[2]: *** [CMakeFiles/service_main.dir/build.make:76: CMakeFiles/service_main.dir/main.cpp.o] Interrupt
[6.039s] gmake[1]: *** wait: No child processes.  Stop.
[6.039s] gmake[1]: *** Waiting for unfinished jobs....
[6.039s] gmake[1]: *** wait: No child processes.  Stop.
[6.063s] gmake: *** [Makefile:146: all] Error 2
[6.102s] Invoked command in '/home/ishaan/eboat_src/build/examples_rclcpp_minimal_service' returned '-2': CMAKE_PREFIX_PATH=${CMAKE_PREFIX_PATH}:/opt/ros/kilted /usr/bin/cmake --build /home/ishaan/eboat_src/build/examples_rclcpp_minimal_service -- -j16 -l16
