-- The C compiler identification is GNU 13.3.0
-- The CXX compiler identification is GNU 13.3.0
-- Detecting C compiler ABI info
-- Detecting C compiler ABI info - done
-- Check for working C compiler: /usr/bin/cc - skipped
-- Detecting C compile features
-- Detecting C compile features - done
-- Detecting CXX compiler ABI info
-- Detecting CXX compiler ABI info - done
-- Check for working CXX compiler: /usr/bin/c++ - skipped
-- Detecting CXX compile features
-- Detecting CXX compile features - done
-- Found ament_cmake: 2.7.3 (/opt/ros/kilted/share/ament_cmake/cmake)
-- Found Python3: /usr/bin/python3 (found version "3.12.3") found components: Interpreter 
-- Found ament_cmake_ros: 0.14.3 (/opt/ros/kilted/share/ament_cmake_ros/cmake)
-- Found canopen_core: 0.3.1 (/home/ishaan/eboat_src/install/canopen_core/share/canopen_core/cmake)
-- Found Boost: /usr/lib/x86_64-linux-gnu/cmake/Boost-1.83.0/BoostConfig.cmake (found version "1.83.0") found components: system thread 
-- Found rosidl_generator_c: 4.9.5 (/opt/ros/kilted/share/rosidl_generator_c/cmake)
-- Found rosidl_generator_cpp: 4.9.5 (/opt/ros/kilted/share/rosidl_generator_cpp/cmake)
-- Using all available rosidl_typesupport_c: rosidl_typesupport_fastrtps_c;rosidl_typesupport_introspection_c
-- Using all available rosidl_typesupport_cpp: rosidl_typesupport_fastrtps_cpp;rosidl_typesupport_introspection_cpp
-- Found rmw_implementation_cmake: 7.8.2 (/opt/ros/kilted/share/rmw_implementation_cmake/cmake)
-- Found rmw_fastrtps_cpp: 9.3.2 (/opt/ros/kilted/share/rmw_fastrtps_cpp/cmake)
-- Found OpenSSL: /usr/lib/x86_64-linux-gnu/libcrypto.so (found version "3.0.13")  
-- Using RMW implementation 'rmw_fastrtps_cpp' as default
-- Setting yaml-cpp_DIR to: '/opt/ros/kilted/share/yaml_cpp_vendor/cmake/../../../opt/yaml_cpp_vendor/share/cmake/yaml-cpp'
[0mCMake Deprecation Warning at /opt/ros/kilted/share/ament_cmake_target_dependencies/cmake/ament_target_dependencies.cmake:87 (message):
  ament_target_dependencies() is deprecated.  Use target_link_libraries()
  with modern CMake targets instead.  Try replacing this call with:

    target_link_libraries(lely_master_bridge PUBLIC
      ${canopen_interfaces_TARGETS}
      canopen_core::device_container
      canopen_core::node_canopen_driver
      canopen_core::node_canopen_master
      rclcpp::rclcpp
      rclcpp_components::component
      rclcpp_components::component_manager
      rclcpp_lifecycle::rclcpp_lifecycle
    )

Call Stack (most recent call first):
  CMakeLists.txt:36 (ament_target_dependencies)

[0m
[0mCMake Deprecation Warning at /opt/ros/kilted/share/ament_cmake_target_dependencies/cmake/ament_target_dependencies.cmake:87 (message):
  ament_target_dependencies() is deprecated.  Use target_link_libraries()
  with modern CMake targets instead.  Try replacing this call with:

    target_link_libraries(node_canopen_basic_master PUBLIC
      ${canopen_interfaces_TARGETS}
      canopen_core::device_container
      canopen_core::node_canopen_driver
      canopen_core::node_canopen_master
      rclcpp::rclcpp
      rclcpp_components::component
      rclcpp_components::component_manager
      rclcpp_lifecycle::rclcpp_lifecycle
    )

Call Stack (most recent call first):
  CMakeLists.txt:56 (ament_target_dependencies)

[0m
[0mCMake Deprecation Warning at /opt/ros/kilted/share/ament_cmake_target_dependencies/cmake/ament_target_dependencies.cmake:87 (message):
  ament_target_dependencies() is deprecated.  Use target_link_libraries()
  with modern CMake targets instead.  Try replacing this call with:

    target_link_libraries(lifecycle_master_driver PUBLIC
      ${canopen_interfaces_TARGETS}
      canopen_core::device_container
      canopen_core::node_canopen_driver
      canopen_core::node_canopen_master
      rclcpp::rclcpp
      rclcpp_components::component
      rclcpp_components::component_manager
      rclcpp_lifecycle::rclcpp_lifecycle
    )

Call Stack (most recent call first):
  CMakeLists.txt:77 (ament_target_dependencies)

[0m
[0mCMake Deprecation Warning at /opt/ros/kilted/share/ament_cmake_target_dependencies/cmake/ament_target_dependencies.cmake:87 (message):
  ament_target_dependencies() is deprecated.  Use target_link_libraries()
  with modern CMake targets instead.  Try replacing this call with:

    target_link_libraries(master_driver PUBLIC
      ${canopen_interfaces_TARGETS}
      canopen_core::device_container
      canopen_core::node_canopen_driver
      canopen_core::node_canopen_master
      rclcpp::rclcpp
      rclcpp_components::component
      rclcpp_components::component_manager
      rclcpp_lifecycle::rclcpp_lifecycle
    )

Call Stack (most recent call first):
  CMakeLists.txt:105 (ament_target_dependencies)

[0m
-- Found gtest sources under '/opt/ros/kilted/src/gtest_vendor': C++ tests using 'Google Test' will be built
-- Found Threads: TRUE  
[0mCMake Deprecation Warning at /opt/ros/kilted/share/ament_cmake_target_dependencies/cmake/ament_target_dependencies.cmake:87 (message):
  ament_target_dependencies() is deprecated.  Use target_link_libraries()
  with modern CMake targets instead.  Try replacing this call with:

    target_link_libraries(test_node_canopen_basic_driver PUBLIC
      ${canopen_interfaces_TARGETS}
      canopen_core::device_container
      canopen_core::node_canopen_driver
      canopen_core::node_canopen_master
      rclcpp::rclcpp
      rclcpp_components::component
      rclcpp_components::component_manager
      rclcpp_lifecycle::rclcpp_lifecycle
    )

Call Stack (most recent call first):
  test/CMakeLists.txt:4 (ament_target_dependencies)

[0m
[0mCMake Deprecation Warning at /opt/ros/kilted/share/ament_cmake_target_dependencies/cmake/ament_target_dependencies.cmake:87 (message):
  ament_target_dependencies() is deprecated.  Use target_link_libraries()
  with modern CMake targets instead.  Try replacing this call with:

    target_link_libraries(test_node_canopen_basic_driver_ros PUBLIC
      ${canopen_interfaces_TARGETS}
      canopen_core::device_container
      canopen_core::node_canopen_driver
      canopen_core::node_canopen_master
      rclcpp::rclcpp
      rclcpp_components::component
      rclcpp_components::component_manager
      rclcpp_lifecycle::rclcpp_lifecycle
    )

Call Stack (most recent call first):
  test/CMakeLists.txt:19 (ament_target_dependencies)

[0m
[0mCMake Deprecation Warning at /opt/ros/kilted/share/ament_cmake_target_dependencies/cmake/ament_target_dependencies.cmake:87 (message):
  ament_target_dependencies() is deprecated.  Use target_link_libraries()
  with modern CMake targets instead.  Try replacing this call with:

    target_link_libraries(test_master_driver_component PUBLIC
      ${canopen_interfaces_TARGETS}
      canopen_core::device_container
      canopen_core::node_canopen_driver
      canopen_core::node_canopen_master
      rclcpp::rclcpp
      rclcpp_components::component
      rclcpp_components::component_manager
      rclcpp_lifecycle::rclcpp_lifecycle
    )

Call Stack (most recent call first):
  test/CMakeLists.txt:34 (ament_target_dependencies)

[0m
-- Configuring done (4.1s)
-- Generating done (0.1s)
-- Build files have been written to: /home/ishaan/eboat_src/build/canopen_master_driver
[ 11%] [32mBuilding CXX object gtest/CMakeFiles/gtest.dir/src/gtest-all.cc.o[0m
[ 11%] [32mBuilding CXX object CMakeFiles/lely_master_bridge.dir/src/lely_master_bridge.cpp.o[0m
[ 16%] [32mBuilding CXX object gtest/CMakeFiles/gtest_main.dir/src/gtest_main.cc.o[0m
[ 22%] [32m[1mLinking CXX static library libgtest_main.a[0m
[ 22%] Built target gtest_main
[ 27%] [32m[1mLinking CXX shared library liblely_master_bridge.so[0m
[ 33%] [32m[1mLinking CXX static library libgtest.a[0m
[ 33%] Built target gtest
[ 33%] Built target lely_master_bridge
[ 38%] [32mBuilding CXX object CMakeFiles/node_canopen_basic_master.dir/src/node_interfaces/node_canopen_basic_master.cpp.o[0m
[ 44%] [32m[1mLinking CXX shared library libnode_canopen_basic_master.so[0m
[ 44%] Built target node_canopen_basic_master
[ 55%] [32mBuilding CXX object CMakeFiles/master_driver.dir/src/master_driver.cpp.o[0m
[ 55%] [32mBuilding CXX object CMakeFiles/lifecycle_master_driver.dir/src/lifecycle_master_driver.cpp.o[0m
[ 61%] [32m[1mLinking CXX shared library liblifecycle_master_driver.so[0m
[ 66%] [32m[1mLinking CXX shared library libmaster_driver.so[0m
[ 66%] Built target master_driver
[ 66%] Built target lifecycle_master_driver
[ 72%] [32mBuilding CXX object test/CMakeFiles/test_node_canopen_basic_driver.dir/test_node_canopen_basic_master.cpp.o[0m
[ 77%] [32mBuilding CXX object test/CMakeFiles/test_node_canopen_basic_driver_ros.dir/test_node_canopen_basic_master_ros.cpp.o[0m
[ 83%] [32mBuilding CXX object test/CMakeFiles/test_master_driver_component.dir/test_master_driver_component.cpp.o[0m
[ 88%] [32m[1mLinking CXX executable test_master_driver_component[0m
[ 94%] [32m[1mLinking CXX executable test_node_canopen_basic_driver[0m
[ 94%] Built target test_master_driver_component
[100%] [32m[1mLinking CXX executable test_node_canopen_basic_driver_ros[0m
[100%] Built target test_node_canopen_basic_driver
[100%] Built target test_node_canopen_basic_driver_ros
-- Install configuration: ""
-- Installing: /home/ishaan/eboat_src/install/canopen_master_driver/include
-- Installing: /home/ishaan/eboat_src/install/canopen_master_driver/include/canopen_master_driver
-- Installing: /home/ishaan/eboat_src/install/canopen_master_driver/include/canopen_master_driver/visibility_control.h
-- Installing: /home/ishaan/eboat_src/install/canopen_master_driver/include/canopen_master_driver/lifecycle_master_driver.hpp
-- Installing: /home/ishaan/eboat_src/install/canopen_master_driver/include/canopen_master_driver/lely_master_bridge.hpp
-- Installing: /home/ishaan/eboat_src/install/canopen_master_driver/include/canopen_master_driver/master_driver.hpp
-- Installing: /home/ishaan/eboat_src/install/canopen_master_driver/include/canopen_master_driver/node_interfaces
-- Installing: /home/ishaan/eboat_src/install/canopen_master_driver/include/canopen_master_driver/node_interfaces/node_canopen_basic_master.hpp
-- Installing: /home/ishaan/eboat_src/install/canopen_master_driver/include/canopen_master_driver/node_interfaces/node_canopen_basic_master_impl.hpp
-- Installing: /home/ishaan/eboat_src/install/canopen_master_driver/lib/liblifecycle_master_driver.so
-- Set non-toolchain portion of runtime path of "/home/ishaan/eboat_src/install/canopen_master_driver/lib/liblifecycle_master_driver.so" to ""
-- Installing: /home/ishaan/eboat_src/install/canopen_master_driver/lib/libmaster_driver.so
-- Set non-toolchain portion of runtime path of "/home/ishaan/eboat_src/install/canopen_master_driver/lib/libmaster_driver.so" to ""
-- Installing: /home/ishaan/eboat_src/install/canopen_master_driver/lib/libnode_canopen_basic_master.so
-- Set non-toolchain portion of runtime path of "/home/ishaan/eboat_src/install/canopen_master_driver/lib/libnode_canopen_basic_master.so" to ""
-- Installing: /home/ishaan/eboat_src/install/canopen_master_driver/lib/liblely_master_bridge.so
-- Set non-toolchain portion of runtime path of "/home/ishaan/eboat_src/install/canopen_master_driver/lib/liblely_master_bridge.so" to ""
-- Installing: /home/ishaan/eboat_src/install/canopen_master_driver/share/canopen_master_driver/environment/library_path.sh
-- Installing: /home/ishaan/eboat_src/install/canopen_master_driver/share/canopen_master_driver/environment/library_path.dsv
-- Installing: /home/ishaan/eboat_src/install/canopen_master_driver/share/ament_index/resource_index/package_run_dependencies/canopen_master_driver
-- Installing: /home/ishaan/eboat_src/install/canopen_master_driver/share/ament_index/resource_index/parent_prefix_path/canopen_master_driver
-- Installing: /home/ishaan/eboat_src/install/canopen_master_driver/share/canopen_master_driver/environment/ament_prefix_path.sh
-- Installing: /home/ishaan/eboat_src/install/canopen_master_driver/share/canopen_master_driver/environment/ament_prefix_path.dsv
-- Installing: /home/ishaan/eboat_src/install/canopen_master_driver/share/canopen_master_driver/environment/path.sh
-- Installing: /home/ishaan/eboat_src/install/canopen_master_driver/share/canopen_master_driver/environment/path.dsv
-- Installing: /home/ishaan/eboat_src/install/canopen_master_driver/share/canopen_master_driver/local_setup.bash
-- Installing: /home/ishaan/eboat_src/install/canopen_master_driver/share/canopen_master_driver/local_setup.sh
-- Installing: /home/ishaan/eboat_src/install/canopen_master_driver/share/canopen_master_driver/local_setup.zsh
-- Installing: /home/ishaan/eboat_src/install/canopen_master_driver/share/canopen_master_driver/local_setup.dsv
-- Installing: /home/ishaan/eboat_src/install/canopen_master_driver/share/canopen_master_driver/package.dsv
-- Installing: /home/ishaan/eboat_src/install/canopen_master_driver/share/ament_index/resource_index/packages/canopen_master_driver
-- Installing: /home/ishaan/eboat_src/install/canopen_master_driver/share/ament_index/resource_index/rclcpp_components/canopen_master_driver
-- Installing: /home/ishaan/eboat_src/install/canopen_master_driver/share/canopen_master_driver/cmake/export_canopen_master_driverExport.cmake
-- Installing: /home/ishaan/eboat_src/install/canopen_master_driver/share/canopen_master_driver/cmake/export_canopen_master_driverExport-noconfig.cmake
-- Installing: /home/ishaan/eboat_src/install/canopen_master_driver/share/canopen_master_driver/cmake/ament_cmake_export_include_directories-extras.cmake
-- Installing: /home/ishaan/eboat_src/install/canopen_master_driver/share/canopen_master_driver/cmake/ament_cmake_export_libraries-extras.cmake
-- Installing: /home/ishaan/eboat_src/install/canopen_master_driver/share/canopen_master_driver/cmake/ament_cmake_export_targets-extras.cmake
-- Installing: /home/ishaan/eboat_src/install/canopen_master_driver/share/canopen_master_driver/cmake/ament_cmake_export_dependencies-extras.cmake
-- Installing: /home/ishaan/eboat_src/install/canopen_master_driver/share/canopen_master_driver/cmake/canopen_master_driverConfig.cmake
-- Installing: /home/ishaan/eboat_src/install/canopen_master_driver/share/canopen_master_driver/cmake/canopen_master_driverConfig-version.cmake
-- Installing: /home/ishaan/eboat_src/install/canopen_master_driver/share/canopen_master_driver/package.xml
