[0.108s] Invoking command in '/home/ishaan/Stevens-Electric-Boatworks/ros_ws/build/examples_rclcpp_minimal_service': CMAKE_PREFIX_PATH=${CMAKE_PREFIX_PATH}:/home/ishaan/Stevens-Electric-Boatworks/ros_ws/install/launch_testing_examples:/home/ishaan/Stevens-Electric-Boatworks/ros_ws/install/examples_rclpy_pointcloud_publisher:/home/ishaan/Stevens-Electric-Boatworks/ros_ws/install/examples_rclpy_minimal_subscriber:/home/ishaan/Stevens-Electric-Boatworks/ros_ws/install/examples_rclpy_minimal_service:/home/ishaan/Stevens-Electric-Boatworks/ros_ws/install/examples_rclpy_minimal_publisher:/home/ishaan/Stevens-Electric-Boatworks/ros_ws/install/examples_rclpy_minimal_client:/home/ishaan/Stevens-Electric-Boatworks/ros_ws/install/examples_rclpy_minimal_action_server:/home/ishaan/Stevens-Electric-Boatworks/ros_ws/install/examples_rclpy_minimal_action_client:/home/ishaan/Stevens-Electric-Boatworks/ros_ws/install/examples_rclpy_guard_conditions:/home/ishaan/Stevens-Electric-Boatworks/ros_ws/install/examples_rclpy_executors:/opt/ros/kilted /usr/bin/cmake /home/ishaan/Stevens-Electric-Boatworks/ros_ws/src/examples/rclcpp/services/minimal_service -DCMAKE_INSTALL_PREFIX=/home/ishaan/Stevens-Electric-Boatworks/ros_ws/install/examples_rclcpp_minimal_service
[1.258s] -- Found ament_cmake: 2.7.3 (/opt/ros/kilted/share/ament_cmake/cmake)
[1.260s] -- Override CMake install command with custom implementation using symlinks instead of copying resources
[1.260s] -- Found example_interfaces: 0.13.0 (/opt/ros/kilted/share/example_interfaces/cmake)
[1.260s] -- Found rosidl_generator_c: 4.9.5 (/opt/ros/kilted/share/rosidl_generator_c/cmake)
[1.261s] -- Found rosidl_generator_cpp: 4.9.5 (/opt/ros/kilted/share/rosidl_generator_cpp/cmake)
[1.261s] -- Using all available rosidl_typesupport_c: rosidl_typesupport_fastrtps_c;rosidl_typesupport_introspection_c
[1.262s] -- Using all available rosidl_typesupport_cpp: rosidl_typesupport_fastrtps_cpp;rosidl_typesupport_introspection_cpp
[1.262s] -- Found rclcpp: 29.5.2 (/opt/ros/kilted/share/rclcpp/cmake)
[1.262s] -- Found rmw_implementation_cmake: 7.8.2 (/opt/ros/kilted/share/rmw_implementation_cmake/cmake)
[1.263s] -- Found rmw_fastrtps_cpp: 9.3.2 (/opt/ros/kilted/share/rmw_fastrtps_cpp/cmake)
[1.263s] -- Using RMW implementation 'rmw_fastrtps_cpp' as default
[1.582s] -- Found ament_lint_auto: 0.19.2 (/opt/ros/kilted/share/ament_lint_auto/cmake)
[1.817s] -- Added test 'copyright' to check source files copyright and LICENSE
[1.821s] -- Added test 'cppcheck' to perform static code analysis on C / C++ code
[1.821s] -- Configured cppcheck include dirs: 
[1.822s] -- Configured cppcheck exclude dirs and/or files: 
[1.824s] -- Added test 'cpplint' to check C / C++ code against the Google style
[1.824s] -- Configured cpplint exclude dirs and/or files: 
[1.824s] -- Added test 'lint_cmake' to check CMake code style
[1.827s] -- Added test 'uncrustify' to check C / C++ code style
[1.827s] -- Configured uncrustify additional arguments: 
[1.828s] -- Added test 'xmllint' to check XML markup files
[1.828s] -- Configuring done (1.7s)
[1.859s] -- Generating done (0.0s)
[1.869s] -- Build files have been written to: /home/ishaan/Stevens-Electric-Boatworks/ros_ws/build/examples_rclcpp_minimal_service
[1.915s] Invoked command in '/home/ishaan/Stevens-Electric-Boatworks/ros_ws/build/examples_rclcpp_minimal_service' returned '0': CMAKE_PREFIX_PATH=${CMAKE_PREFIX_PATH}:/home/ishaan/Stevens-Electric-Boatworks/ros_ws/install/launch_testing_examples:/home/ishaan/Stevens-Electric-Boatworks/ros_ws/install/examples_rclpy_pointcloud_publisher:/home/ishaan/Stevens-Electric-Boatworks/ros_ws/install/examples_rclpy_minimal_subscriber:/home/ishaan/Stevens-Electric-Boatworks/ros_ws/install/examples_rclpy_minimal_service:/home/ishaan/Stevens-Electric-Boatworks/ros_ws/install/examples_rclpy_minimal_publisher:/home/ishaan/Stevens-Electric-Boatworks/ros_ws/install/examples_rclpy_minimal_client:/home/ishaan/Stevens-Electric-Boatworks/ros_ws/install/examples_rclpy_minimal_action_server:/home/ishaan/Stevens-Electric-Boatworks/ros_ws/install/examples_rclpy_minimal_action_client:/home/ishaan/Stevens-Electric-Boatworks/ros_ws/install/examples_rclpy_guard_conditions:/home/ishaan/Stevens-Electric-Boatworks/ros_ws/install/examples_rclpy_executors:/opt/ros/kilted /usr/bin/cmake /home/ishaan/Stevens-Electric-Boatworks/ros_ws/src/examples/rclcpp/services/minimal_service -DCMAKE_INSTALL_PREFIX=/home/ishaan/Stevens-Electric-Boatworks/ros_ws/install/examples_rclcpp_minimal_service
[1.916s] Invoking command in '/home/ishaan/Stevens-Electric-Boatworks/ros_ws/build/examples_rclcpp_minimal_service': CMAKE_PREFIX_PATH=${CMAKE_PREFIX_PATH}:/home/ishaan/Stevens-Electric-Boatworks/ros_ws/install/launch_testing_examples:/home/ishaan/Stevens-Electric-Boatworks/ros_ws/install/examples_rclpy_pointcloud_publisher:/home/ishaan/Stevens-Electric-Boatworks/ros_ws/install/examples_rclpy_minimal_subscriber:/home/ishaan/Stevens-Electric-Boatworks/ros_ws/install/examples_rclpy_minimal_service:/home/ishaan/Stevens-Electric-Boatworks/ros_ws/install/examples_rclpy_minimal_publisher:/home/ishaan/Stevens-Electric-Boatworks/ros_ws/install/examples_rclpy_minimal_client:/home/ishaan/Stevens-Electric-Boatworks/ros_ws/install/examples_rclpy_minimal_action_server:/home/ishaan/Stevens-Electric-Boatworks/ros_ws/install/examples_rclpy_minimal_action_client:/home/ishaan/Stevens-Electric-Boatworks/ros_ws/install/examples_rclpy_guard_conditions:/home/ishaan/Stevens-Electric-Boatworks/ros_ws/install/examples_rclpy_executors:/opt/ros/kilted /usr/bin/cmake --build /home/ishaan/Stevens-Electric-Boatworks/ros_ws/build/examples_rclcpp_minimal_service -- -j16 -l16
[2.006s] [100%] Built target service_main
[2.055s] Invoked command in '/home/ishaan/Stevens-Electric-Boatworks/ros_ws/build/examples_rclcpp_minimal_service' returned '0': CMAKE_PREFIX_PATH=${CMAKE_PREFIX_PATH}:/home/ishaan/Stevens-Electric-Boatworks/ros_ws/install/launch_testing_examples:/home/ishaan/Stevens-Electric-Boatworks/ros_ws/install/examples_rclpy_pointcloud_publisher:/home/ishaan/Stevens-Electric-Boatworks/ros_ws/install/examples_rclpy_minimal_subscriber:/home/ishaan/Stevens-Electric-Boatworks/ros_ws/install/examples_rclpy_minimal_service:/home/ishaan/Stevens-Electric-Boatworks/ros_ws/install/examples_rclpy_minimal_publisher:/home/ishaan/Stevens-Electric-Boatworks/ros_ws/install/examples_rclpy_minimal_client:/home/ishaan/Stevens-Electric-Boatworks/ros_ws/install/examples_rclpy_minimal_action_server:/home/ishaan/Stevens-Electric-Boatworks/ros_ws/install/examples_rclpy_minimal_action_client:/home/ishaan/Stevens-Electric-Boatworks/ros_ws/install/examples_rclpy_guard_conditions:/home/ishaan/Stevens-Electric-Boatworks/ros_ws/install/examples_rclpy_executors:/opt/ros/kilted /usr/bin/cmake --build /home/ishaan/Stevens-Electric-Boatworks/ros_ws/build/examples_rclcpp_minimal_service -- -j16 -l16
[2.061s] Invoking command in '/home/ishaan/Stevens-Electric-Boatworks/ros_ws/build/examples_rclcpp_minimal_service': CMAKE_PREFIX_PATH=${CMAKE_PREFIX_PATH}:/home/ishaan/Stevens-Electric-Boatworks/ros_ws/install/launch_testing_examples:/home/ishaan/Stevens-Electric-Boatworks/ros_ws/install/examples_rclpy_pointcloud_publisher:/home/ishaan/Stevens-Electric-Boatworks/ros_ws/install/examples_rclpy_minimal_subscriber:/home/ishaan/Stevens-Electric-Boatworks/ros_ws/install/examples_rclpy_minimal_service:/home/ishaan/Stevens-Electric-Boatworks/ros_ws/install/examples_rclpy_minimal_publisher:/home/ishaan/Stevens-Electric-Boatworks/ros_ws/install/examples_rclpy_minimal_client:/home/ishaan/Stevens-Electric-Boatworks/ros_ws/install/examples_rclpy_minimal_action_server:/home/ishaan/Stevens-Electric-Boatworks/ros_ws/install/examples_rclpy_minimal_action_client:/home/ishaan/Stevens-Electric-Boatworks/ros_ws/install/examples_rclpy_guard_conditions:/home/ishaan/Stevens-Electric-Boatworks/ros_ws/install/examples_rclpy_executors:/opt/ros/kilted /usr/bin/cmake --install /home/ishaan/Stevens-Electric-Boatworks/ros_ws/build/examples_rclcpp_minimal_service
[2.071s] -- Install configuration: ""
[2.073s] -- Execute custom install script
[2.073s] -- Up-to-date symlink: /home/ishaan/Stevens-Electric-Boatworks/ros_ws/install/examples_rclcpp_minimal_service/lib/examples_rclcpp_minimal_service/service_main
[2.075s] -- Up-to-date symlink: /home/ishaan/Stevens-Electric-Boatworks/ros_ws/install/examples_rclcpp_minimal_service/share/ament_index/resource_index/package_run_dependencies/examples_rclcpp_minimal_service
[2.077s] -- Up-to-date symlink: /home/ishaan/Stevens-Electric-Boatworks/ros_ws/install/examples_rclcpp_minimal_service/share/ament_index/resource_index/parent_prefix_path/examples_rclcpp_minimal_service
[2.077s] -- Up-to-date symlink: /home/ishaan/Stevens-Electric-Boatworks/ros_ws/install/examples_rclcpp_minimal_service/share/examples_rclcpp_minimal_service/environment/ament_prefix_path.sh
[2.077s] -- Up-to-date symlink: /home/ishaan/Stevens-Electric-Boatworks/ros_ws/install/examples_rclcpp_minimal_service/share/examples_rclcpp_minimal_service/environment/ament_prefix_path.dsv
[2.077s] -- Up-to-date symlink: /home/ishaan/Stevens-Electric-Boatworks/ros_ws/install/examples_rclcpp_minimal_service/share/examples_rclcpp_minimal_service/environment/path.sh
[2.077s] -- Up-to-date symlink: /home/ishaan/Stevens-Electric-Boatworks/ros_ws/install/examples_rclcpp_minimal_service/share/examples_rclcpp_minimal_service/environment/path.dsv
[2.079s] -- Up-to-date symlink: /home/ishaan/Stevens-Electric-Boatworks/ros_ws/install/examples_rclcpp_minimal_service/share/examples_rclcpp_minimal_service/local_setup.bash
[2.079s] -- Up-to-date symlink: /home/ishaan/Stevens-Electric-Boatworks/ros_ws/install/examples_rclcpp_minimal_service/share/examples_rclcpp_minimal_service/local_setup.sh
[2.080s] -- Up-to-date symlink: /home/ishaan/Stevens-Electric-Boatworks/ros_ws/install/examples_rclcpp_minimal_service/share/examples_rclcpp_minimal_service/local_setup.zsh
[2.081s] -- Up-to-date symlink: /home/ishaan/Stevens-Electric-Boatworks/ros_ws/install/examples_rclcpp_minimal_service/share/examples_rclcpp_minimal_service/local_setup.dsv
[2.081s] -- Symlinking: /home/ishaan/Stevens-Electric-Boatworks/ros_ws/install/examples_rclcpp_minimal_service/share/examples_rclcpp_minimal_service/package.dsv
[2.097s] -- Up-to-date symlink: /home/ishaan/Stevens-Electric-Boatworks/ros_ws/install/examples_rclcpp_minimal_service/share/ament_index/resource_index/packages/examples_rclcpp_minimal_service
[2.097s] -- Up-to-date symlink: /home/ishaan/Stevens-Electric-Boatworks/ros_ws/install/examples_rclcpp_minimal_service/share/examples_rclcpp_minimal_service/cmake/examples_rclcpp_minimal_serviceConfig.cmake
[2.097s] -- Up-to-date symlink: /home/ishaan/Stevens-Electric-Boatworks/ros_ws/install/examples_rclcpp_minimal_service/share/examples_rclcpp_minimal_service/cmake/examples_rclcpp_minimal_serviceConfig-version.cmake
[2.097s] -- Up-to-date symlink: /home/ishaan/Stevens-Electric-Boatworks/ros_ws/install/examples_rclcpp_minimal_service/share/examples_rclcpp_minimal_service/package.xml
[2.233s] Invoked command in '/home/ishaan/Stevens-Electric-Boatworks/ros_ws/build/examples_rclcpp_minimal_service' returned '0': CMAKE_PREFIX_PATH=${CMAKE_PREFIX_PATH}:/home/ishaan/Stevens-Electric-Boatworks/ros_ws/install/launch_testing_examples:/home/ishaan/Stevens-Electric-Boatworks/ros_ws/install/examples_rclpy_pointcloud_publisher:/home/ishaan/Stevens-Electric-Boatworks/ros_ws/install/examples_rclpy_minimal_subscriber:/home/ishaan/Stevens-Electric-Boatworks/ros_ws/install/examples_rclpy_minimal_service:/home/ishaan/Stevens-Electric-Boatworks/ros_ws/install/examples_rclpy_minimal_publisher:/home/ishaan/Stevens-Electric-Boatworks/ros_ws/install/examples_rclpy_minimal_client:/home/ishaan/Stevens-Electric-Boatworks/ros_ws/install/examples_rclpy_minimal_action_server:/home/ishaan/Stevens-Electric-Boatworks/ros_ws/install/examples_rclpy_minimal_action_client:/home/ishaan/Stevens-Electric-Boatworks/ros_ws/install/examples_rclpy_guard_conditions:/home/ishaan/Stevens-Electric-Boatworks/ros_ws/install/examples_rclpy_executors:/opt/ros/kilted /usr/bin/cmake --install /home/ishaan/Stevens-Electric-Boatworks/ros_ws/build/examples_rclcpp_minimal_service
