running egg_info
creating ../../../../build/canopen_utils/canopen_utils.egg-info
writing ../../../../build/canopen_utils/canopen_utils.egg-info/PKG-INFO
writing dependency_links to ../../../../build/canopen_utils/canopen_utils.egg-info/dependency_links.txt
writing entry points to ../../../../build/canopen_utils/canopen_utils.egg-info/entry_points.txt
writing requirements to ../../../../build/canopen_utils/canopen_utils.egg-info/requires.txt
writing top-level names to ../../../../build/canopen_utils/canopen_utils.egg-info/top_level.txt
writing manifest file '../../../../build/canopen_utils/canopen_utils.egg-info/SOURCES.txt'
reading manifest file '../../../../build/canopen_utils/canopen_utils.egg-info/SOURCES.txt'
adding license file 'LICENSE'
writing manifest file '../../../../build/canopen_utils/canopen_utils.egg-info/SOURCES.txt'
running build
running build_py
creating /home/ishaan/eboat_src/build/canopen_utils/build
creating /home/ishaan/eboat_src/build/canopen_utils/build/lib
creating /home/ishaan/eboat_src/build/canopen_utils/build/lib/canopen_utils
copying canopen_utils/cyclic_tester.py -> /home/ishaan/eboat_src/build/canopen_utils/build/lib/canopen_utils
copying canopen_utils/simple_rpdo_tpdo_tester.py -> /home/ishaan/eboat_src/build/canopen_utils/build/lib/canopen_utils
copying canopen_utils/launch_test_node.py -> /home/ishaan/eboat_src/build/canopen_utils/build/lib/canopen_utils
copying canopen_utils/test_node.py -> /home/ishaan/eboat_src/build/canopen_utils/build/lib/canopen_utils
copying canopen_utils/__init__.py -> /home/ishaan/eboat_src/build/canopen_utils/build/lib/canopen_utils
running install
running install_lib
creating /home/ishaan/eboat_src/install/canopen_utils/lib/python3.12/site-packages/canopen_utils
copying /home/ishaan/eboat_src/build/canopen_utils/build/lib/canopen_utils/cyclic_tester.py -> /home/ishaan/eboat_src/install/canopen_utils/lib/python3.12/site-packages/canopen_utils
copying /home/ishaan/eboat_src/build/canopen_utils/build/lib/canopen_utils/simple_rpdo_tpdo_tester.py -> /home/ishaan/eboat_src/install/canopen_utils/lib/python3.12/site-packages/canopen_utils
copying /home/ishaan/eboat_src/build/canopen_utils/build/lib/canopen_utils/launch_test_node.py -> /home/ishaan/eboat_src/install/canopen_utils/lib/python3.12/site-packages/canopen_utils
copying /home/ishaan/eboat_src/build/canopen_utils/build/lib/canopen_utils/test_node.py -> /home/ishaan/eboat_src/install/canopen_utils/lib/python3.12/site-packages/canopen_utils
copying /home/ishaan/eboat_src/build/canopen_utils/build/lib/canopen_utils/__init__.py -> /home/ishaan/eboat_src/install/canopen_utils/lib/python3.12/site-packages/canopen_utils
byte-compiling /home/ishaan/eboat_src/install/canopen_utils/lib/python3.12/site-packages/canopen_utils/cyclic_tester.py to cyclic_tester.cpython-312.pyc
byte-compiling /home/ishaan/eboat_src/install/canopen_utils/lib/python3.12/site-packages/canopen_utils/simple_rpdo_tpdo_tester.py to simple_rpdo_tpdo_tester.cpython-312.pyc
byte-compiling /home/ishaan/eboat_src/install/canopen_utils/lib/python3.12/site-packages/canopen_utils/launch_test_node.py to launch_test_node.cpython-312.pyc
byte-compiling /home/ishaan/eboat_src/install/canopen_utils/lib/python3.12/site-packages/canopen_utils/test_node.py to test_node.cpython-312.pyc
byte-compiling /home/ishaan/eboat_src/install/canopen_utils/lib/python3.12/site-packages/canopen_utils/__init__.py to __init__.cpython-312.pyc
running install_data
creating /home/ishaan/eboat_src/install/canopen_utils/share/ament_index
creating /home/ishaan/eboat_src/install/canopen_utils/share/ament_index/resource_index
creating /home/ishaan/eboat_src/install/canopen_utils/share/ament_index/resource_index/packages
copying resource/canopen_utils -> /home/ishaan/eboat_src/install/canopen_utils/share/ament_index/resource_index/packages
copying package.xml -> /home/ishaan/eboat_src/install/canopen_utils/share/canopen_utils
running install_egg_info
Copying ../../../../build/canopen_utils/canopen_utils.egg-info to /home/ishaan/eboat_src/install/canopen_utils/lib/python3.12/site-packages/canopen_utils-0.3.1-py3.12.egg-info
running install_scripts
Installing cyclic_tester script to /home/ishaan/eboat_src/install/canopen_utils/lib/canopen_utils
Installing simple_tester script to /home/ishaan/eboat_src/install/canopen_utils/lib/canopen_utils
writing list of installed files to '/home/ishaan/eboat_src/build/canopen_utils/install.log'
