[0.359s] Invoking command in '/home/ishaan/eboat_src/build/boat_data_interfaces': CMAKE_PREFIX_PATH=${CMAKE_PREFIX_PATH}:/home/ishaan/eboat_src/ros_ws/install/canopen_utils:/home/ishaan/eboat_src/ros_ws/install/shore_comms:/home/ishaan/eboat_src/ros_ws/install/motor_node_test:/home/ishaan/eboat_src/ros_ws/install/motor_node:/home/ishaan/eboat_src/ros_ws/install/motion_node_test:/home/ishaan/eboat_src/ros_ws/install/motion_node:/home/ishaan/eboat_src/ros_ws/install/electrical_node_test:/home/ishaan/eboat_src/ros_ws/install/electrical_node:/home/ishaan/eboat_src/ros_ws/install/alarms_watchdog_node:/home/ishaan/eboat_src/ros_ws/install/GPIO_Test:/opt/ros/kilted /usr/bin/cmake --build /home/ishaan/eboat_src/build/boat_data_interfaces -- -j16 -l16
[0.975s] -- Found ament_cmake: 2.7.3 (/opt/ros/kilted/share/ament_cmake/cmake)
[0.975s] -- Found Python3: /usr/bin/python3 (found version "3.12.3") found components: Interpreter 
[0.976s] -- Found ament_lint_auto: 0.19.2 (/opt/ros/kilted/share/ament_lint_auto/cmake)
[0.976s] -- Found builtin_interfaces: 2.3.0 (/opt/ros/kilted/share/builtin_interfaces/cmake)
[0.976s] -- Found rosidl_generator_c: 4.9.5 (/opt/ros/kilted/share/rosidl_generator_c/cmake)
[0.976s] -- Found rosidl_generator_cpp: 4.9.5 (/opt/ros/kilted/share/rosidl_generator_cpp/cmake)
[0.976s] -- Using all available rosidl_typesupport_c: rosidl_typesupport_fastrtps_c;rosidl_typesupport_introspection_c
[0.976s] -- Using all available rosidl_typesupport_cpp: rosidl_typesupport_fastrtps_cpp;rosidl_typesupport_introspection_cpp
[0.977s] -- Found rosidl_default_generators: 1.7.1 (/opt/ros/kilted/share/rosidl_default_generators/cmake)
[0.977s] -- Found rosidl_adapter: 4.9.5 (/opt/ros/kilted/share/rosidl_adapter/cmake)
[1.169s] -- Found ament_cmake_ros_core: 0.14.3 (/opt/ros/kilted/share/ament_cmake_ros_core/cmake)
[1.328s] -- Using all available rosidl_typesupport_c: rosidl_typesupport_fastrtps_c;rosidl_typesupport_introspection_c
[1.382s] -- Using all available rosidl_typesupport_cpp: rosidl_typesupport_fastrtps_cpp;rosidl_typesupport_introspection_cpp
[1.689s] -- Found Python3: /usr/bin/python3 (found version "3.12.3") found components: Interpreter Development NumPy Development.Module Development.Embed 
[1.705s] -- Added test 'lint_cmake' to check CMake code style
[1.706s] -- Added test 'xmllint' to check XML markup files
[1.721s] -- Configuring done (1.3s)
[1.784s] -- Generating done (0.1s)
[1.801s] -- Build files have been written to: /home/ishaan/eboat_src/build/boat_data_interfaces
[1.866s] [  1%] [34m[1mGenerating type hashes for ROS interfaces[0m
[1.889s] [  1%] Built target ament_cmake_python_copy_boat_data_interfaces
[2.144s] running egg_info
[2.153s] [  1%] Built target boat_data_interfaces__rosidl_generator_type_description
[2.166s] [  2%] [34m[1mGenerating C code for ROS interfaces[0m
[2.175s] writing boat_data_interfaces.egg-info/PKG-INFO
[2.177s] writing dependency_links to boat_data_interfaces.egg-info/dependency_links.txt
[2.177s] writing top-level names to boat_data_interfaces.egg-info/top_level.txt
[2.181s] [  4%] [34m[1mGenerating C++ code for ROS interfaces[0m
[2.248s] reading manifest file 'boat_data_interfaces.egg-info/SOURCES.txt'
[2.249s] writing manifest file 'boat_data_interfaces.egg-info/SOURCES.txt'
[2.288s] [  4%] Built target ament_cmake_python_build_boat_data_interfaces_egg
[2.607s] [  4%] Built target boat_data_interfaces__cpp
[2.716s] [  6%] [32mBuilding C object CMakeFiles/boat_data_interfaces__rosidl_generator_c.dir/rosidl_generator_c/boat_data_interfaces/msg/detail/motion_data__description.c.o[0m
[2.717s] [  6%] [32mBuilding C object CMakeFiles/boat_data_interfaces__rosidl_generator_c.dir/rosidl_generator_c/boat_data_interfaces/msg/detail/gpio_data__functions.c.o[0m
[2.717s] [  8%] [32mBuilding C object CMakeFiles/boat_data_interfaces__rosidl_generator_c.dir/rosidl_generator_c/boat_data_interfaces/msg/detail/electrical_data__description.c.o[0m
[2.717s] [  9%] [32mBuilding C object CMakeFiles/boat_data_interfaces__rosidl_generator_c.dir/rosidl_generator_c/boat_data_interfaces/msg/detail/gpio_data__type_support.c.o[0m
[2.720s] [ 10%] [32mBuilding C object CMakeFiles/boat_data_interfaces__rosidl_generator_c.dir/rosidl_generator_c/boat_data_interfaces/msg/detail/gpio_data__description.c.o[0m
[2.724s] [ 13%] [32mBuilding C object CMakeFiles/boat_data_interfaces__rosidl_generator_c.dir/rosidl_generator_c/boat_data_interfaces/msg/detail/motion_data__functions.c.o[0m
[2.724s] [ 13%] [32mBuilding C object CMakeFiles/boat_data_interfaces__rosidl_generator_c.dir/rosidl_generator_c/boat_data_interfaces/msg/detail/motor_data__description.c.o[0m
[2.724s] [ 14%] [32mBuilding C object CMakeFiles/boat_data_interfaces__rosidl_generator_c.dir/rosidl_generator_c/boat_data_interfaces/msg/detail/motor_data__functions.c.o[0m
[2.724s] [ 16%] [32mBuilding C object CMakeFiles/boat_data_interfaces__rosidl_generator_c.dir/rosidl_generator_c/boat_data_interfaces/msg/detail/electrical_data__type_support.c.o[0m
[2.724s] [ 17%] [32mBuilding C object CMakeFiles/boat_data_interfaces__rosidl_generator_c.dir/rosidl_generator_c/boat_data_interfaces/msg/detail/motion_data__type_support.c.o[0m
[2.726s] [ 18%] [32mBuilding C object CMakeFiles/boat_data_interfaces__rosidl_generator_c.dir/rosidl_generator_c/boat_data_interfaces/msg/detail/electrical_data__functions.c.o[0m
[2.732s] [ 20%] [32mBuilding C object CMakeFiles/boat_data_interfaces__rosidl_generator_c.dir/rosidl_generator_c/boat_data_interfaces/msg/detail/motor_data__type_support.c.o[0m
[2.740s] [ 21%] [32mBuilding C object CMakeFiles/boat_data_interfaces__rosidl_generator_c.dir/rosidl_generator_c/boat_data_interfaces/msg/detail/boat_alarm__description.c.o[0m
[2.750s] [ 22%] [32mBuilding C object CMakeFiles/boat_data_interfaces__rosidl_generator_c.dir/rosidl_generator_c/boat_data_interfaces/msg/detail/boat_alarm__functions.c.o[0m
[2.753s] [ 24%] [32mBuilding C object CMakeFiles/boat_data_interfaces__rosidl_generator_c.dir/rosidl_generator_c/boat_data_interfaces/msg/detail/boat_alarm__type_support.c.o[0m
[2.826s] [ 25%] [32m[1mLinking C shared library libboat_data_interfaces__rosidl_generator_c.so[0m
[3.223s] [ 25%] Built target boat_data_interfaces__rosidl_generator_c
[3.235s] [ 32%] [34m[1mGenerating C++ type support dispatch for ROS interfaces[0m
[3.235s] [ 32%] [34m[1mGenerating C++ type support for eProsima Fast-RTPS[0m
[3.235s] [ 32%] [34m[1mGenerating C++ introspection for ROS interfaces[0m
[3.235s] [ 32%] [34m[1mGenerating C type support for eProsima Fast-RTPS[0m
[3.235s] [ 32%] [34m[1mGenerating C type support dispatch for ROS interfaces[0m
[3.235s] [ 33%] [34m[1mGenerating C introspection for ROS interfaces[0m
[3.563s] [ 37%] [32mBuilding CXX object CMakeFiles/boat_data_interfaces__rosidl_typesupport_cpp.dir/rosidl_typesupport_cpp/boat_data_interfaces/msg/boat_alarm__type_support.cpp.o[0m
[3.563s] [ 37%] [32mBuilding CXX object CMakeFiles/boat_data_interfaces__rosidl_typesupport_cpp.dir/rosidl_typesupport_cpp/boat_data_interfaces/msg/gpio_data__type_support.cpp.o[0m
[3.564s] [ 37%] [32mBuilding CXX object CMakeFiles/boat_data_interfaces__rosidl_typesupport_cpp.dir/rosidl_typesupport_cpp/boat_data_interfaces/msg/electrical_data__type_support.cpp.o[0m
[3.564s] [ 39%] [32mBuilding CXX object CMakeFiles/boat_data_interfaces__rosidl_typesupport_cpp.dir/rosidl_typesupport_cpp/boat_data_interfaces/msg/motion_data__type_support.cpp.o[0m
[3.568s] [ 40%] [32mBuilding CXX object CMakeFiles/boat_data_interfaces__rosidl_typesupport_cpp.dir/rosidl_typesupport_cpp/boat_data_interfaces/msg/motor_data__type_support.cpp.o[0m
[3.574s] [ 41%] [32mBuilding CXX object CMakeFiles/boat_data_interfaces__rosidl_typesupport_c.dir/rosidl_typesupport_c/boat_data_interfaces/msg/electrical_data__type_support.cpp.o[0m
[3.578s] [ 43%] [32mBuilding CXX object CMakeFiles/boat_data_interfaces__rosidl_typesupport_c.dir/rosidl_typesupport_c/boat_data_interfaces/msg/gpio_data__type_support.cpp.o[0m
[3.583s] [ 44%] [32mBuilding CXX object CMakeFiles/boat_data_interfaces__rosidl_typesupport_c.dir/rosidl_typesupport_c/boat_data_interfaces/msg/motion_data__type_support.cpp.o[0m
[3.583s] [ 45%] [32mBuilding CXX object CMakeFiles/boat_data_interfaces__rosidl_typesupport_c.dir/rosidl_typesupport_c/boat_data_interfaces/msg/boat_alarm__type_support.cpp.o[0m
[3.583s] [ 47%] [32mBuilding CXX object CMakeFiles/boat_data_interfaces__rosidl_typesupport_c.dir/rosidl_typesupport_c/boat_data_interfaces/msg/motor_data__type_support.cpp.o[0m
[3.595s] [ 48%] [32mBuilding CXX object CMakeFiles/boat_data_interfaces__rosidl_typesupport_introspection_cpp.dir/rosidl_typesupport_introspection_cpp/boat_data_interfaces/msg/detail/electrical_data__type_support.cpp.o[0m
[3.595s] [ 50%] [32mBuilding CXX object CMakeFiles/boat_data_interfaces__rosidl_typesupport_introspection_cpp.dir/rosidl_typesupport_introspection_cpp/boat_data_interfaces/msg/detail/gpio_data__type_support.cpp.o[0m
[3.596s] [ 51%] [32mBuilding CXX object CMakeFiles/boat_data_interfaces__rosidl_typesupport_introspection_cpp.dir/rosidl_typesupport_introspection_cpp/boat_data_interfaces/msg/detail/motion_data__type_support.cpp.o[0m
[3.623s] [ 52%] [32mBuilding C object CMakeFiles/boat_data_interfaces__rosidl_typesupport_introspection_c.dir/rosidl_typesupport_introspection_c/boat_data_interfaces/msg/detail/electrical_data__type_support.c.o[0m
[3.630s] [ 54%] [32mBuilding C object CMakeFiles/boat_data_interfaces__rosidl_typesupport_introspection_c.dir/rosidl_typesupport_introspection_c/boat_data_interfaces/msg/detail/gpio_data__type_support.c.o[0m
[3.632s] [ 56%] [32mBuilding C object CMakeFiles/boat_data_interfaces__rosidl_typesupport_introspection_c.dir/rosidl_typesupport_introspection_c/boat_data_interfaces/msg/detail/motor_data__type_support.c.o[0m
[3.632s] [ 56%] [32mBuilding C object CMakeFiles/boat_data_interfaces__rosidl_typesupport_introspection_c.dir/rosidl_typesupport_introspection_c/boat_data_interfaces/msg/detail/motion_data__type_support.c.o[0m
[3.634s] [ 58%] [32mBuilding C object CMakeFiles/boat_data_interfaces__rosidl_typesupport_introspection_c.dir/rosidl_typesupport_introspection_c/boat_data_interfaces/msg/detail/boat_alarm__type_support.c.o[0m
[3.638s] [ 59%] [32m[1mLinking CXX shared library libboat_data_interfaces__rosidl_typesupport_c.so[0m
[3.667s] [ 60%] [32mBuilding CXX object CMakeFiles/boat_data_interfaces__rosidl_typesupport_introspection_cpp.dir/rosidl_typesupport_introspection_cpp/boat_data_interfaces/msg/detail/boat_alarm__type_support.cpp.o[0m
[3.667s] [ 62%] [32mBuilding CXX object CMakeFiles/boat_data_interfaces__rosidl_typesupport_introspection_cpp.dir/rosidl_typesupport_introspection_cpp/boat_data_interfaces/msg/detail/motor_data__type_support.cpp.o[0m
[3.683s] [ 63%] [32m[1mLinking C shared library libboat_data_interfaces__rosidl_typesupport_introspection_c.so[0m
[3.756s] [ 67%] [32mBuilding CXX object CMakeFiles/boat_data_interfaces__rosidl_typesupport_fastrtps_c.dir/rosidl_typesupport_fastrtps_c/boat_data_interfaces/msg/detail/gpio_data__type_support_c.cpp.o[0m
[3.757s] [ 67%] [32mBuilding CXX object CMakeFiles/boat_data_interfaces__rosidl_typesupport_fastrtps_c.dir/rosidl_typesupport_fastrtps_c/boat_data_interfaces/msg/detail/electrical_data__type_support_c.cpp.o[0m
[3.757s] [ 67%] [32mBuilding CXX object CMakeFiles/boat_data_interfaces__rosidl_typesupport_fastrtps_cpp.dir/rosidl_typesupport_fastrtps_cpp/boat_data_interfaces/msg/detail/dds_fastrtps/electrical_data__type_support.cpp.o[0m
[3.757s] [ 68%] [32mBuilding CXX object CMakeFiles/boat_data_interfaces__rosidl_typesupport_fastrtps_cpp.dir/rosidl_typesupport_fastrtps_cpp/boat_data_interfaces/msg/detail/dds_fastrtps/gpio_data__type_support.cpp.o[0m
[4.185s] [ 68%] Built target boat_data_interfaces__rosidl_typesupport_introspection_c
[4.230s] [ 68%] Built target boat_data_interfaces__rosidl_typesupport_c
[4.235s] [ 70%] [32mBuilding CXX object CMakeFiles/boat_data_interfaces__rosidl_typesupport_fastrtps_c.dir/rosidl_typesupport_fastrtps_c/boat_data_interfaces/msg/detail/motion_data__type_support_c.cpp.o[0m
[4.305s] [ 71%] [32mBuilding CXX object CMakeFiles/boat_data_interfaces__rosidl_typesupport_fastrtps_c.dir/rosidl_typesupport_fastrtps_c/boat_data_interfaces/msg/detail/boat_alarm__type_support_c.cpp.o[0m
[4.306s] [ 72%] [32mBuilding CXX object CMakeFiles/boat_data_interfaces__rosidl_typesupport_fastrtps_cpp.dir/rosidl_typesupport_fastrtps_cpp/boat_data_interfaces/msg/detail/dds_fastrtps/motion_data__type_support.cpp.o[0m
[4.306s] [ 74%] [32mBuilding CXX object CMakeFiles/boat_data_interfaces__rosidl_typesupport_fastrtps_c.dir/rosidl_typesupport_fastrtps_c/boat_data_interfaces/msg/detail/motor_data__type_support_c.cpp.o[0m
[4.341s] [ 75%] [32mBuilding CXX object CMakeFiles/boat_data_interfaces__rosidl_typesupport_fastrtps_cpp.dir/rosidl_typesupport_fastrtps_cpp/boat_data_interfaces/msg/detail/dds_fastrtps/motor_data__type_support.cpp.o[0m
[4.347s] [ 77%] [32mBuilding CXX object CMakeFiles/boat_data_interfaces__rosidl_typesupport_fastrtps_cpp.dir/rosidl_typesupport_fastrtps_cpp/boat_data_interfaces/msg/detail/dds_fastrtps/boat_alarm__type_support.cpp.o[0m
[4.505s] [ 78%] [32m[1mLinking CXX shared library libboat_data_interfaces__rosidl_typesupport_cpp.so[0m
[4.647s] [ 79%] [32m[1mLinking CXX shared library libboat_data_interfaces__rosidl_typesupport_introspection_cpp.so[0m
[5.102s] [ 79%] Built target boat_data_interfaces__rosidl_typesupport_cpp
[5.179s] [ 79%] Built target boat_data_interfaces__rosidl_typesupport_introspection_cpp
[5.187s] [ 81%] [32m[1mLinking CXX shared library libboat_data_interfaces__rosidl_typesupport_fastrtps_c.so[0m
[5.200s] [ 82%] [32m[1mLinking CXX shared library libboat_data_interfaces__rosidl_typesupport_fastrtps_cpp.so[0m
[5.364s] [ 82%] Built target boat_data_interfaces__rosidl_typesupport_fastrtps_c
[5.369s] [ 82%] Built target boat_data_interfaces__rosidl_typesupport_fastrtps_cpp
[5.388s] [ 82%] Built target boat_data_interfaces
[5.404s] [ 83%] [34m[1mGenerating Python code for ROS interfaces[0m
[5.768s] [ 83%] Built target boat_data_interfaces__py
[5.795s] [ 87%] [32mBuilding C object CMakeFiles/boat_data_interfaces__rosidl_generator_py.dir/rosidl_generator_py/boat_data_interfaces/msg/_electrical_data_s.c.o[0m
[5.795s] [ 87%] [32mBuilding C object CMakeFiles/boat_data_interfaces__rosidl_generator_py.dir/rosidl_generator_py/boat_data_interfaces/msg/_motion_data_s.c.o[0m
[5.795s] [ 87%] [32mBuilding C object CMakeFiles/boat_data_interfaces__rosidl_generator_py.dir/rosidl_generator_py/boat_data_interfaces/msg/_motor_data_s.c.o[0m
[5.795s] [ 89%] [32mBuilding C object CMakeFiles/boat_data_interfaces__rosidl_generator_py.dir/rosidl_generator_py/boat_data_interfaces/msg/_gpio_data_s.c.o[0m
[5.796s] [ 90%] [32mBuilding C object CMakeFiles/boat_data_interfaces__rosidl_generator_py.dir/rosidl_generator_py/boat_data_interfaces/msg/_boat_alarm_s.c.o[0m
[5.937s] [ 91%] [32m[1mLinking C shared library libboat_data_interfaces__rosidl_generator_py.so[0m
[6.113s] [ 91%] Built target boat_data_interfaces__rosidl_generator_py
[6.126s] gmake[2]: Warning: File 'rosidl_generator_py/boat_data_interfaces/_boat_data_interfaces_s.ep.rosidl_typesupport_fastrtps_c.c' has modification time 0.44 s in the future
[6.126s] gmake[2]: Warning: File 'rosidl_generator_py/boat_data_interfaces/_boat_data_interfaces_s.ep.rosidl_typesupport_c.c' has modification time 0.48 s in the future
[6.127s] gmake[2]: Warning: File 'rosidl_generator_py/boat_data_interfaces/_boat_data_interfaces_s.ep.rosidl_typesupport_introspection_c.c' has modification time 0.48 s in the future
[6.133s] [ 95%] [32mBuilding C object CMakeFiles/boat_data_interfaces_s__rosidl_typesupport_introspection_c.dir/rosidl_generator_py/boat_data_interfaces/_boat_data_interfaces_s.ep.rosidl_typesupport_introspection_c.c.o[0m
[6.133s] [ 95%] [32mBuilding C object CMakeFiles/boat_data_interfaces_s__rosidl_typesupport_fastrtps_c.dir/rosidl_generator_py/boat_data_interfaces/_boat_data_interfaces_s.ep.rosidl_typesupport_fastrtps_c.c.o[0m
[6.133s] [ 95%] [32mBuilding C object CMakeFiles/boat_data_interfaces_s__rosidl_typesupport_c.dir/rosidl_generator_py/boat_data_interfaces/_boat_data_interfaces_s.ep.rosidl_typesupport_c.c.o[0m
[6.204s] [ 97%] [32m[1mLinking C shared module rosidl_generator_py/boat_data_interfaces/boat_data_interfaces_s__rosidl_typesupport_fastrtps_c.so[0m
[6.208s] [ 98%] [32m[1mLinking C shared module rosidl_generator_py/boat_data_interfaces/boat_data_interfaces_s__rosidl_typesupport_introspection_c.so[0m
[6.208s] [100%] [32m[1mLinking C shared module rosidl_generator_py/boat_data_interfaces/boat_data_interfaces_s__rosidl_typesupport_c.so[0m
[6.312s] gmake[2]: warning:  Clock skew detected.  Your build may be incomplete.
[6.313s] gmake[2]: warning:  Clock skew detected.  Your build may be incomplete.
[6.319s] [100%] Built target boat_data_interfaces_s__rosidl_typesupport_fastrtps_c
[6.320s] [100%] Built target boat_data_interfaces_s__rosidl_typesupport_introspection_c
[6.377s] gmake[2]: warning:  Clock skew detected.  Your build may be incomplete.
[6.384s] [100%] Built target boat_data_interfaces_s__rosidl_typesupport_c
[6.395s] Invoked command in '/home/ishaan/eboat_src/build/boat_data_interfaces' returned '0': CMAKE_PREFIX_PATH=${CMAKE_PREFIX_PATH}:/home/ishaan/eboat_src/ros_ws/install/canopen_utils:/home/ishaan/eboat_src/ros_ws/install/shore_comms:/home/ishaan/eboat_src/ros_ws/install/motor_node_test:/home/ishaan/eboat_src/ros_ws/install/motor_node:/home/ishaan/eboat_src/ros_ws/install/motion_node_test:/home/ishaan/eboat_src/ros_ws/install/motion_node:/home/ishaan/eboat_src/ros_ws/install/electrical_node_test:/home/ishaan/eboat_src/ros_ws/install/electrical_node:/home/ishaan/eboat_src/ros_ws/install/alarms_watchdog_node:/home/ishaan/eboat_src/ros_ws/install/GPIO_Test:/opt/ros/kilted /usr/bin/cmake --build /home/ishaan/eboat_src/build/boat_data_interfaces -- -j16 -l16
[6.404s] Invoking command in '/home/ishaan/eboat_src/build/boat_data_interfaces': CMAKE_PREFIX_PATH=${CMAKE_PREFIX_PATH}:/home/ishaan/eboat_src/ros_ws/install/canopen_utils:/home/ishaan/eboat_src/ros_ws/install/shore_comms:/home/ishaan/eboat_src/ros_ws/install/motor_node_test:/home/ishaan/eboat_src/ros_ws/install/motor_node:/home/ishaan/eboat_src/ros_ws/install/motion_node_test:/home/ishaan/eboat_src/ros_ws/install/motion_node:/home/ishaan/eboat_src/ros_ws/install/electrical_node_test:/home/ishaan/eboat_src/ros_ws/install/electrical_node:/home/ishaan/eboat_src/ros_ws/install/alarms_watchdog_node:/home/ishaan/eboat_src/ros_ws/install/GPIO_Test:/opt/ros/kilted /usr/bin/cmake --install /home/ishaan/eboat_src/build/boat_data_interfaces
[6.410s] -- Install configuration: ""
[6.411s] -- Installing: /home/ishaan/eboat_src/install/boat_data_interfaces/share/ament_index/resource_index/rosidl_interfaces/boat_data_interfaces
[6.411s] -- Installing: /home/ishaan/eboat_src/install/boat_data_interfaces/share/boat_data_interfaces/msg/ElectricalData.json
[6.411s] -- Installing: /home/ishaan/eboat_src/install/boat_data_interfaces/share/boat_data_interfaces/msg/GPIOData.json
[6.411s] -- Installing: /home/ishaan/eboat_src/install/boat_data_interfaces/share/boat_data_interfaces/msg/MotionData.json
[6.411s] -- Installing: /home/ishaan/eboat_src/install/boat_data_interfaces/share/boat_data_interfaces/msg/MotorData.json
[6.411s] -- Installing: /home/ishaan/eboat_src/install/boat_data_interfaces/share/boat_data_interfaces/msg/BoatAlarm.json
[6.412s] -- Up-to-date: /home/ishaan/eboat_src/install/boat_data_interfaces/include/boat_data_interfaces/boat_data_interfaces
[6.412s] -- Up-to-date: /home/ishaan/eboat_src/install/boat_data_interfaces/include/boat_data_interfaces/boat_data_interfaces/msg
[6.412s] -- Installing: /home/ishaan/eboat_src/install/boat_data_interfaces/include/boat_data_interfaces/boat_data_interfaces/msg/electrical_data.h
[6.412s] -- Up-to-date: /home/ishaan/eboat_src/install/boat_data_interfaces/include/boat_data_interfaces/boat_data_interfaces/msg/detail
[6.412s] -- Installing: /home/ishaan/eboat_src/install/boat_data_interfaces/include/boat_data_interfaces/boat_data_interfaces/msg/detail/motion_data__struct.h
[6.413s] -- Installing: /home/ishaan/eboat_src/install/boat_data_interfaces/include/boat_data_interfaces/boat_data_interfaces/msg/detail/boat_alarm__description.c
[6.413s] -- Installing: /home/ishaan/eboat_src/install/boat_data_interfaces/include/boat_data_interfaces/boat_data_interfaces/msg/detail/electrical_data__type_support.c
[6.413s] -- Installing: /home/ishaan/eboat_src/install/boat_data_interfaces/include/boat_data_interfaces/boat_data_interfaces/msg/detail/boat_alarm__functions.c
[6.413s] -- Installing: /home/ishaan/eboat_src/install/boat_data_interfaces/include/boat_data_interfaces/boat_data_interfaces/msg/detail/gpio_data__type_support.c
[6.414s] -- Installing: /home/ishaan/eboat_src/install/boat_data_interfaces/include/boat_data_interfaces/boat_data_interfaces/msg/detail/motion_data__functions.h
[6.414s] -- Installing: /home/ishaan/eboat_src/install/boat_data_interfaces/include/boat_data_interfaces/boat_data_interfaces/msg/detail/electrical_data__struct.h
[6.414s] -- Installing: /home/ishaan/eboat_src/install/boat_data_interfaces/include/boat_data_interfaces/boat_data_interfaces/msg/detail/motor_data__description.c
[6.414s] -- Installing: /home/ishaan/eboat_src/install/boat_data_interfaces/include/boat_data_interfaces/boat_data_interfaces/msg/detail/gpio_data__functions.c
[6.414s] -- Installing: /home/ishaan/eboat_src/install/boat_data_interfaces/include/boat_data_interfaces/boat_data_interfaces/msg/detail/motor_data__functions.h
[6.415s] -- Installing: /home/ishaan/eboat_src/install/boat_data_interfaces/include/boat_data_interfaces/boat_data_interfaces/msg/detail/motor_data__type_support.h
[6.415s] -- Installing: /home/ishaan/eboat_src/install/boat_data_interfaces/include/boat_data_interfaces/boat_data_interfaces/msg/detail/motion_data__type_support.c
[6.415s] -- Installing: /home/ishaan/eboat_src/install/boat_data_interfaces/include/boat_data_interfaces/boat_data_interfaces/msg/detail/boat_alarm__type_support.c
[6.416s] -- Installing: /home/ishaan/eboat_src/install/boat_data_interfaces/include/boat_data_interfaces/boat_data_interfaces/msg/detail/boat_alarm__struct.h
[6.416s] -- Installing: /home/ishaan/eboat_src/install/boat_data_interfaces/include/boat_data_interfaces/boat_data_interfaces/msg/detail/gpio_data__struct.h
[6.416s] -- Installing: /home/ishaan/eboat_src/install/boat_data_interfaces/include/boat_data_interfaces/boat_data_interfaces/msg/detail/boat_alarm__functions.h
[6.416s] -- Installing: /home/ishaan/eboat_src/install/boat_data_interfaces/include/boat_data_interfaces/boat_data_interfaces/msg/detail/electrical_data__description.c
[6.416s] -- Installing: /home/ishaan/eboat_src/install/boat_data_interfaces/include/boat_data_interfaces/boat_data_interfaces/msg/detail/motion_data__description.c
[6.416s] -- Installing: /home/ishaan/eboat_src/install/boat_data_interfaces/include/boat_data_interfaces/boat_data_interfaces/msg/detail/electrical_data__functions.h
[6.416s] -- Installing: /home/ishaan/eboat_src/install/boat_data_interfaces/include/boat_data_interfaces/boat_data_interfaces/msg/detail/electrical_data__functions.c
[6.417s] -- Installing: /home/ishaan/eboat_src/install/boat_data_interfaces/include/boat_data_interfaces/boat_data_interfaces/msg/detail/motion_data__type_support.h
[6.417s] -- Installing: /home/ishaan/eboat_src/install/boat_data_interfaces/include/boat_data_interfaces/boat_data_interfaces/msg/detail/gpio_data__description.c
[6.417s] -- Installing: /home/ishaan/eboat_src/install/boat_data_interfaces/include/boat_data_interfaces/boat_data_interfaces/msg/detail/motion_data__functions.c
[6.417s] -- Installing: /home/ishaan/eboat_src/install/boat_data_interfaces/include/boat_data_interfaces/boat_data_interfaces/msg/detail/electrical_data__type_support.h
[6.417s] -- Installing: /home/ishaan/eboat_src/install/boat_data_interfaces/include/boat_data_interfaces/boat_data_interfaces/msg/detail/motor_data__functions.c
[6.418s] -- Installing: /home/ishaan/eboat_src/install/boat_data_interfaces/include/boat_data_interfaces/boat_data_interfaces/msg/detail/motor_data__type_support.c
[6.418s] -- Installing: /home/ishaan/eboat_src/install/boat_data_interfaces/include/boat_data_interfaces/boat_data_interfaces/msg/detail/boat_alarm__type_support.h
[6.418s] -- Installing: /home/ishaan/eboat_src/install/boat_data_interfaces/include/boat_data_interfaces/boat_data_interfaces/msg/detail/gpio_data__functions.h
[6.418s] -- Installing: /home/ishaan/eboat_src/install/boat_data_interfaces/include/boat_data_interfaces/boat_data_interfaces/msg/detail/gpio_data__type_support.h
[6.418s] -- Installing: /home/ishaan/eboat_src/install/boat_data_interfaces/include/boat_data_interfaces/boat_data_interfaces/msg/detail/motor_data__struct.h
[6.419s] -- Installing: /home/ishaan/eboat_src/install/boat_data_interfaces/include/boat_data_interfaces/boat_data_interfaces/msg/gpio_data.h
[6.419s] -- Up-to-date: /home/ishaan/eboat_src/install/boat_data_interfaces/include/boat_data_interfaces/boat_data_interfaces/msg/rosidl_generator_c__visibility_control.h
[6.419s] -- Installing: /home/ishaan/eboat_src/install/boat_data_interfaces/include/boat_data_interfaces/boat_data_interfaces/msg/boat_alarm.h
[6.419s] -- Installing: /home/ishaan/eboat_src/install/boat_data_interfaces/include/boat_data_interfaces/boat_data_interfaces/msg/motor_data.h
[6.419s] -- Installing: /home/ishaan/eboat_src/install/boat_data_interfaces/include/boat_data_interfaces/boat_data_interfaces/msg/motion_data.h
[6.420s] -- Installing: /home/ishaan/eboat_src/install/boat_data_interfaces/share/boat_data_interfaces/environment/library_path.sh
[6.420s] -- Up-to-date: /home/ishaan/eboat_src/install/boat_data_interfaces/share/boat_data_interfaces/environment/library_path.dsv
[6.420s] -- Installing: /home/ishaan/eboat_src/install/boat_data_interfaces/lib/libboat_data_interfaces__rosidl_generator_c.so
[6.420s] -- Set non-toolchain portion of runtime path of "/home/ishaan/eboat_src/install/boat_data_interfaces/lib/libboat_data_interfaces__rosidl_generator_c.so" to ""
[6.421s] -- Up-to-date: /home/ishaan/eboat_src/install/boat_data_interfaces/include/boat_data_interfaces/boat_data_interfaces
[6.421s] -- Up-to-date: /home/ishaan/eboat_src/install/boat_data_interfaces/include/boat_data_interfaces/boat_data_interfaces/msg
[6.421s] -- Up-to-date: /home/ishaan/eboat_src/install/boat_data_interfaces/include/boat_data_interfaces/boat_data_interfaces/msg/rosidl_typesupport_fastrtps_c__visibility_control.h
[6.421s] -- Up-to-date: /home/ishaan/eboat_src/install/boat_data_interfaces/include/boat_data_interfaces/boat_data_interfaces/msg/detail
[6.421s] -- Installing: /home/ishaan/eboat_src/install/boat_data_interfaces/include/boat_data_interfaces/boat_data_interfaces/msg/detail/boat_alarm__rosidl_typesupport_fastrtps_c.h
[6.421s] -- Installing: /home/ishaan/eboat_src/install/boat_data_interfaces/include/boat_data_interfaces/boat_data_interfaces/msg/detail/gpio_data__rosidl_typesupport_fastrtps_c.h
[6.421s] -- Installing: /home/ishaan/eboat_src/install/boat_data_interfaces/include/boat_data_interfaces/boat_data_interfaces/msg/detail/motor_data__rosidl_typesupport_fastrtps_c.h
[6.421s] -- Installing: /home/ishaan/eboat_src/install/boat_data_interfaces/include/boat_data_interfaces/boat_data_interfaces/msg/detail/motion_data__rosidl_typesupport_fastrtps_c.h
[6.422s] -- Installing: /home/ishaan/eboat_src/install/boat_data_interfaces/include/boat_data_interfaces/boat_data_interfaces/msg/detail/electrical_data__rosidl_typesupport_fastrtps_c.h
[6.422s] -- Installing: /home/ishaan/eboat_src/install/boat_data_interfaces/lib/libboat_data_interfaces__rosidl_typesupport_fastrtps_c.so
[6.422s] -- Set non-toolchain portion of runtime path of "/home/ishaan/eboat_src/install/boat_data_interfaces/lib/libboat_data_interfaces__rosidl_typesupport_fastrtps_c.so" to ""
[6.422s] -- Up-to-date: /home/ishaan/eboat_src/install/boat_data_interfaces/include/boat_data_interfaces/boat_data_interfaces
[6.422s] -- Up-to-date: /home/ishaan/eboat_src/install/boat_data_interfaces/include/boat_data_interfaces/boat_data_interfaces/msg
[6.423s] -- Installing: /home/ishaan/eboat_src/install/boat_data_interfaces/include/boat_data_interfaces/boat_data_interfaces/msg/gpio_data.hpp
[6.423s] -- Installing: /home/ishaan/eboat_src/install/boat_data_interfaces/include/boat_data_interfaces/boat_data_interfaces/msg/boat_alarm.hpp
[6.423s] -- Installing: /home/ishaan/eboat_src/install/boat_data_interfaces/include/boat_data_interfaces/boat_data_interfaces/msg/electrical_data.hpp
[6.423s] -- Up-to-date: /home/ishaan/eboat_src/install/boat_data_interfaces/include/boat_data_interfaces/boat_data_interfaces/msg/detail
[6.423s] -- Installing: /home/ishaan/eboat_src/install/boat_data_interfaces/include/boat_data_interfaces/boat_data_interfaces/msg/detail/motion_data__traits.hpp
[6.423s] -- Installing: /home/ishaan/eboat_src/install/boat_data_interfaces/include/boat_data_interfaces/boat_data_interfaces/msg/detail/boat_alarm__traits.hpp
[6.424s] -- Installing: /home/ishaan/eboat_src/install/boat_data_interfaces/include/boat_data_interfaces/boat_data_interfaces/msg/detail/motor_data__traits.hpp
[6.424s] -- Installing: /home/ishaan/eboat_src/install/boat_data_interfaces/include/boat_data_interfaces/boat_data_interfaces/msg/detail/electrical_data__traits.hpp
[6.424s] -- Installing: /home/ishaan/eboat_src/install/boat_data_interfaces/include/boat_data_interfaces/boat_data_interfaces/msg/detail/electrical_data__builder.hpp
[6.424s] -- Installing: /home/ishaan/eboat_src/install/boat_data_interfaces/include/boat_data_interfaces/boat_data_interfaces/msg/detail/motion_data__type_support.hpp
[6.424s] -- Installing: /home/ishaan/eboat_src/install/boat_data_interfaces/include/boat_data_interfaces/boat_data_interfaces/msg/detail/motion_data__struct.hpp
[6.425s] -- Installing: /home/ishaan/eboat_src/install/boat_data_interfaces/include/boat_data_interfaces/boat_data_interfaces/msg/detail/electrical_data__struct.hpp
[6.425s] -- Installing: /home/ishaan/eboat_src/install/boat_data_interfaces/include/boat_data_interfaces/boat_data_interfaces/msg/detail/gpio_data__type_support.hpp
[6.425s] -- Installing: /home/ishaan/eboat_src/install/boat_data_interfaces/include/boat_data_interfaces/boat_data_interfaces/msg/detail/boat_alarm__struct.hpp
[6.425s] -- Installing: /home/ishaan/eboat_src/install/boat_data_interfaces/include/boat_data_interfaces/boat_data_interfaces/msg/detail/gpio_data__builder.hpp
[6.425s] -- Installing: /home/ishaan/eboat_src/install/boat_data_interfaces/include/boat_data_interfaces/boat_data_interfaces/msg/detail/boat_alarm__builder.hpp
[6.425s] -- Installing: /home/ishaan/eboat_src/install/boat_data_interfaces/include/boat_data_interfaces/boat_data_interfaces/msg/detail/motor_data__type_support.hpp
[6.425s] -- Installing: /home/ishaan/eboat_src/install/boat_data_interfaces/include/boat_data_interfaces/boat_data_interfaces/msg/detail/gpio_data__traits.hpp
[6.425s] -- Installing: /home/ishaan/eboat_src/install/boat_data_interfaces/include/boat_data_interfaces/boat_data_interfaces/msg/detail/boat_alarm__type_support.hpp
[6.425s] -- Installing: /home/ishaan/eboat_src/install/boat_data_interfaces/include/boat_data_interfaces/boat_data_interfaces/msg/detail/electrical_data__type_support.hpp
[6.425s] -- Installing: /home/ishaan/eboat_src/install/boat_data_interfaces/include/boat_data_interfaces/boat_data_interfaces/msg/detail/motion_data__builder.hpp
[6.425s] -- Installing: /home/ishaan/eboat_src/install/boat_data_interfaces/include/boat_data_interfaces/boat_data_interfaces/msg/detail/gpio_data__struct.hpp
[6.426s] -- Installing: /home/ishaan/eboat_src/install/boat_data_interfaces/include/boat_data_interfaces/boat_data_interfaces/msg/detail/motor_data__builder.hpp
[6.426s] -- Installing: /home/ishaan/eboat_src/install/boat_data_interfaces/include/boat_data_interfaces/boat_data_interfaces/msg/detail/motor_data__struct.hpp
[6.426s] -- Installing: /home/ishaan/eboat_src/install/boat_data_interfaces/include/boat_data_interfaces/boat_data_interfaces/msg/motor_data.hpp
[6.426s] -- Installing: /home/ishaan/eboat_src/install/boat_data_interfaces/include/boat_data_interfaces/boat_data_interfaces/msg/motion_data.hpp
[6.427s] -- Installing: /home/ishaan/eboat_src/install/boat_data_interfaces/include/boat_data_interfaces/boat_data_interfaces/msg/rosidl_generator_cpp__visibility_control.hpp
[6.427s] -- Up-to-date: /home/ishaan/eboat_src/install/boat_data_interfaces/include/boat_data_interfaces/boat_data_interfaces
[6.427s] -- Up-to-date: /home/ishaan/eboat_src/install/boat_data_interfaces/include/boat_data_interfaces/boat_data_interfaces/msg
[6.427s] -- Up-to-date: /home/ishaan/eboat_src/install/boat_data_interfaces/include/boat_data_interfaces/boat_data_interfaces/msg/detail
[6.427s] -- Installing: /home/ishaan/eboat_src/install/boat_data_interfaces/include/boat_data_interfaces/boat_data_interfaces/msg/detail/motion_data__rosidl_typesupport_fastrtps_cpp.hpp
[6.427s] -- Installing: /home/ishaan/eboat_src/install/boat_data_interfaces/include/boat_data_interfaces/boat_data_interfaces/msg/detail/motor_data__rosidl_typesupport_fastrtps_cpp.hpp
[6.427s] -- Installing: /home/ishaan/eboat_src/install/boat_data_interfaces/include/boat_data_interfaces/boat_data_interfaces/msg/detail/gpio_data__rosidl_typesupport_fastrtps_cpp.hpp
[6.427s] -- Installing: /home/ishaan/eboat_src/install/boat_data_interfaces/include/boat_data_interfaces/boat_data_interfaces/msg/detail/dds_fastrtps
[6.427s] -- Installing: /home/ishaan/eboat_src/install/boat_data_interfaces/include/boat_data_interfaces/boat_data_interfaces/msg/detail/boat_alarm__rosidl_typesupport_fastrtps_cpp.hpp
[6.427s] -- Installing: /home/ishaan/eboat_src/install/boat_data_interfaces/include/boat_data_interfaces/boat_data_interfaces/msg/detail/electrical_data__rosidl_typesupport_fastrtps_cpp.hpp
[6.427s] -- Up-to-date: /home/ishaan/eboat_src/install/boat_data_interfaces/include/boat_data_interfaces/boat_data_interfaces/msg/rosidl_typesupport_fastrtps_cpp__visibility_control.h
[6.428s] -- Installing: /home/ishaan/eboat_src/install/boat_data_interfaces/lib/libboat_data_interfaces__rosidl_typesupport_fastrtps_cpp.so
[6.429s] -- Set non-toolchain portion of runtime path of "/home/ishaan/eboat_src/install/boat_data_interfaces/lib/libboat_data_interfaces__rosidl_typesupport_fastrtps_cpp.so" to ""
[6.429s] -- Up-to-date: /home/ishaan/eboat_src/install/boat_data_interfaces/include/boat_data_interfaces/boat_data_interfaces
[6.429s] -- Up-to-date: /home/ishaan/eboat_src/install/boat_data_interfaces/include/boat_data_interfaces/boat_data_interfaces/msg
[6.429s] -- Up-to-date: /home/ishaan/eboat_src/install/boat_data_interfaces/include/boat_data_interfaces/boat_data_interfaces/msg/rosidl_typesupport_introspection_c__visibility_control.h
[6.429s] -- Up-to-date: /home/ishaan/eboat_src/install/boat_data_interfaces/include/boat_data_interfaces/boat_data_interfaces/msg/detail
[6.429s] -- Installing: /home/ishaan/eboat_src/install/boat_data_interfaces/include/boat_data_interfaces/boat_data_interfaces/msg/detail/motor_data__rosidl_typesupport_introspection_c.h
[6.430s] -- Installing: /home/ishaan/eboat_src/install/boat_data_interfaces/include/boat_data_interfaces/boat_data_interfaces/msg/detail/electrical_data__type_support.c
[6.430s] -- Installing: /home/ishaan/eboat_src/install/boat_data_interfaces/include/boat_data_interfaces/boat_data_interfaces/msg/detail/gpio_data__type_support.c
[6.430s] -- Installing: /home/ishaan/eboat_src/install/boat_data_interfaces/include/boat_data_interfaces/boat_data_interfaces/msg/detail/motion_data__rosidl_typesupport_introspection_c.h
[6.430s] -- Installing: /home/ishaan/eboat_src/install/boat_data_interfaces/include/boat_data_interfaces/boat_data_interfaces/msg/detail/motion_data__type_support.c
[6.430s] -- Installing: /home/ishaan/eboat_src/install/boat_data_interfaces/include/boat_data_interfaces/boat_data_interfaces/msg/detail/boat_alarm__rosidl_typesupport_introspection_c.h
[6.430s] -- Installing: /home/ishaan/eboat_src/install/boat_data_interfaces/include/boat_data_interfaces/boat_data_interfaces/msg/detail/boat_alarm__type_support.c
[6.430s] -- Installing: /home/ishaan/eboat_src/install/boat_data_interfaces/include/boat_data_interfaces/boat_data_interfaces/msg/detail/electrical_data__rosidl_typesupport_introspection_c.h
[6.430s] -- Installing: /home/ishaan/eboat_src/install/boat_data_interfaces/include/boat_data_interfaces/boat_data_interfaces/msg/detail/gpio_data__rosidl_typesupport_introspection_c.h
[6.430s] -- Installing: /home/ishaan/eboat_src/install/boat_data_interfaces/include/boat_data_interfaces/boat_data_interfaces/msg/detail/motor_data__type_support.c
[6.431s] -- Installing: /home/ishaan/eboat_src/install/boat_data_interfaces/lib/libboat_data_interfaces__rosidl_typesupport_introspection_c.so
[6.431s] -- Set non-toolchain portion of runtime path of "/home/ishaan/eboat_src/install/boat_data_interfaces/lib/libboat_data_interfaces__rosidl_typesupport_introspection_c.so" to ""
[6.433s] -- Installing: /home/ishaan/eboat_src/install/boat_data_interfaces/lib/libboat_data_interfaces__rosidl_typesupport_c.so
[6.433s] -- Set non-toolchain portion of runtime path of "/home/ishaan/eboat_src/install/boat_data_interfaces/lib/libboat_data_interfaces__rosidl_typesupport_c.so" to ""
[6.433s] -- Up-to-date: /home/ishaan/eboat_src/install/boat_data_interfaces/include/boat_data_interfaces/boat_data_interfaces
[6.434s] -- Up-to-date: /home/ishaan/eboat_src/install/boat_data_interfaces/include/boat_data_interfaces/boat_data_interfaces/msg
[6.434s] -- Up-to-date: /home/ishaan/eboat_src/install/boat_data_interfaces/include/boat_data_interfaces/boat_data_interfaces/msg/detail
[6.434s] -- Installing: /home/ishaan/eboat_src/install/boat_data_interfaces/include/boat_data_interfaces/boat_data_interfaces/msg/detail/motion_data__type_support.cpp
[6.434s] -- Installing: /home/ishaan/eboat_src/install/boat_data_interfaces/include/boat_data_interfaces/boat_data_interfaces/msg/detail/motion_data__rosidl_typesupport_introspection_cpp.hpp
[6.434s] -- Installing: /home/ishaan/eboat_src/install/boat_data_interfaces/include/boat_data_interfaces/boat_data_interfaces/msg/detail/electrical_data__rosidl_typesupport_introspection_cpp.hpp
[6.435s] -- Installing: /home/ishaan/eboat_src/install/boat_data_interfaces/include/boat_data_interfaces/boat_data_interfaces/msg/detail/gpio_data__type_support.cpp
[6.435s] -- Installing: /home/ishaan/eboat_src/install/boat_data_interfaces/include/boat_data_interfaces/boat_data_interfaces/msg/detail/boat_alarm__rosidl_typesupport_introspection_cpp.hpp
[6.435s] -- Installing: /home/ishaan/eboat_src/install/boat_data_interfaces/include/boat_data_interfaces/boat_data_interfaces/msg/detail/boat_alarm__type_support.cpp
[6.435s] -- Installing: /home/ishaan/eboat_src/install/boat_data_interfaces/include/boat_data_interfaces/boat_data_interfaces/msg/detail/motor_data__rosidl_typesupport_introspection_cpp.hpp
[6.435s] -- Installing: /home/ishaan/eboat_src/install/boat_data_interfaces/include/boat_data_interfaces/boat_data_interfaces/msg/detail/motor_data__type_support.cpp
[6.435s] -- Installing: /home/ishaan/eboat_src/install/boat_data_interfaces/include/boat_data_interfaces/boat_data_interfaces/msg/detail/gpio_data__rosidl_typesupport_introspection_cpp.hpp
[6.435s] -- Installing: /home/ishaan/eboat_src/install/boat_data_interfaces/include/boat_data_interfaces/boat_data_interfaces/msg/detail/electrical_data__type_support.cpp
[6.436s] -- Installing: /home/ishaan/eboat_src/install/boat_data_interfaces/lib/libboat_data_interfaces__rosidl_typesupport_introspection_cpp.so
[6.436s] -- Set non-toolchain portion of runtime path of "/home/ishaan/eboat_src/install/boat_data_interfaces/lib/libboat_data_interfaces__rosidl_typesupport_introspection_cpp.so" to ""
[6.438s] -- Installing: /home/ishaan/eboat_src/install/boat_data_interfaces/lib/libboat_data_interfaces__rosidl_typesupport_cpp.so
[6.438s] -- Set non-toolchain portion of runtime path of "/home/ishaan/eboat_src/install/boat_data_interfaces/lib/libboat_data_interfaces__rosidl_typesupport_cpp.so" to ""
[6.439s] -- Up-to-date: /home/ishaan/eboat_src/install/boat_data_interfaces/share/boat_data_interfaces/environment/pythonpath.sh
[6.439s] -- Up-to-date: /home/ishaan/eboat_src/install/boat_data_interfaces/share/boat_data_interfaces/environment/pythonpath.dsv
[6.439s] -- Up-to-date: /home/ishaan/eboat_src/install/boat_data_interfaces/lib/python3.12/site-packages/boat_data_interfaces-0.0.0-py3.12.egg-info
[6.439s] -- Installing: /home/ishaan/eboat_src/install/boat_data_interfaces/lib/python3.12/site-packages/boat_data_interfaces-0.0.0-py3.12.egg-info/top_level.txt
[6.439s] -- Installing: /home/ishaan/eboat_src/install/boat_data_interfaces/lib/python3.12/site-packages/boat_data_interfaces-0.0.0-py3.12.egg-info/SOURCES.txt
[6.439s] -- Installing: /home/ishaan/eboat_src/install/boat_data_interfaces/lib/python3.12/site-packages/boat_data_interfaces-0.0.0-py3.12.egg-info/PKG-INFO
[6.440s] -- Installing: /home/ishaan/eboat_src/install/boat_data_interfaces/lib/python3.12/site-packages/boat_data_interfaces-0.0.0-py3.12.egg-info/dependency_links.txt
[6.440s] -- Up-to-date: /home/ishaan/eboat_src/install/boat_data_interfaces/lib/python3.12/site-packages/boat_data_interfaces
[6.440s] -- Installing: /home/ishaan/eboat_src/install/boat_data_interfaces/lib/python3.12/site-packages/boat_data_interfaces/boat_data_interfaces_s__rosidl_typesupport_fastrtps_c.so
[6.440s] -- Installing: /home/ishaan/eboat_src/install/boat_data_interfaces/lib/python3.12/site-packages/boat_data_interfaces/_boat_data_interfaces_s.ep.rosidl_typesupport_fastrtps_c.c
[6.440s] -- Installing: /home/ishaan/eboat_src/install/boat_data_interfaces/lib/python3.12/site-packages/boat_data_interfaces/boat_data_interfaces_s__rosidl_typesupport_introspection_c.so
[6.441s] -- Installing: /home/ishaan/eboat_src/install/boat_data_interfaces/lib/python3.12/site-packages/boat_data_interfaces/_boat_data_interfaces_s.ep.rosidl_typesupport_c.c
[6.441s] -- Up-to-date: /home/ishaan/eboat_src/install/boat_data_interfaces/lib/python3.12/site-packages/boat_data_interfaces/msg
[6.441s] -- Installing: /home/ishaan/eboat_src/install/boat_data_interfaces/lib/python3.12/site-packages/boat_data_interfaces/msg/_boat_alarm_s.c
[6.441s] -- Installing: /home/ishaan/eboat_src/install/boat_data_interfaces/lib/python3.12/site-packages/boat_data_interfaces/msg/_gpio_data_s.c
[6.441s] -- Installing: /home/ishaan/eboat_src/install/boat_data_interfaces/lib/python3.12/site-packages/boat_data_interfaces/msg/_gpio_data.py
[6.441s] -- Installing: /home/ishaan/eboat_src/install/boat_data_interfaces/lib/python3.12/site-packages/boat_data_interfaces/msg/_electrical_data.py
[6.441s] -- Installing: /home/ishaan/eboat_src/install/boat_data_interfaces/lib/python3.12/site-packages/boat_data_interfaces/msg/_electrical_data_s.c
[6.441s] -- Installing: /home/ishaan/eboat_src/install/boat_data_interfaces/lib/python3.12/site-packages/boat_data_interfaces/msg/_motion_data_s.c
[6.441s] -- Installing: /home/ishaan/eboat_src/install/boat_data_interfaces/lib/python3.12/site-packages/boat_data_interfaces/msg/__init__.py
[6.442s] -- Installing: /home/ishaan/eboat_src/install/boat_data_interfaces/lib/python3.12/site-packages/boat_data_interfaces/msg/_boat_alarm.py
[6.442s] -- Installing: /home/ishaan/eboat_src/install/boat_data_interfaces/lib/python3.12/site-packages/boat_data_interfaces/msg/_motor_data_s.c
[6.442s] -- Installing: /home/ishaan/eboat_src/install/boat_data_interfaces/lib/python3.12/site-packages/boat_data_interfaces/msg/_motor_data.py
[6.442s] -- Installing: /home/ishaan/eboat_src/install/boat_data_interfaces/lib/python3.12/site-packages/boat_data_interfaces/msg/_motion_data.py
[6.442s] -- Installing: /home/ishaan/eboat_src/install/boat_data_interfaces/lib/python3.12/site-packages/boat_data_interfaces/__init__.py
[6.442s] -- Installing: /home/ishaan/eboat_src/install/boat_data_interfaces/lib/python3.12/site-packages/boat_data_interfaces/_boat_data_interfaces_s.ep.rosidl_typesupport_introspection_c.c
[6.442s] -- Installing: /home/ishaan/eboat_src/install/boat_data_interfaces/lib/python3.12/site-packages/boat_data_interfaces/boat_data_interfaces_s__rosidl_typesupport_c.so
[6.476s] Listing '/home/ishaan/eboat_src/install/boat_data_interfaces/lib/python3.12/site-packages/boat_data_interfaces'...
[6.476s] Compiling '/home/ishaan/eboat_src/install/boat_data_interfaces/lib/python3.12/site-packages/boat_data_interfaces/__init__.py'...
[6.476s] Listing '/home/ishaan/eboat_src/install/boat_data_interfaces/lib/python3.12/site-packages/boat_data_interfaces/msg'...
[6.476s] Compiling '/home/ishaan/eboat_src/install/boat_data_interfaces/lib/python3.12/site-packages/boat_data_interfaces/msg/__init__.py'...
[6.477s] Compiling '/home/ishaan/eboat_src/install/boat_data_interfaces/lib/python3.12/site-packages/boat_data_interfaces/msg/_boat_alarm.py'...
[6.477s] Compiling '/home/ishaan/eboat_src/install/boat_data_interfaces/lib/python3.12/site-packages/boat_data_interfaces/msg/_electrical_data.py'...
[6.477s] Compiling '/home/ishaan/eboat_src/install/boat_data_interfaces/lib/python3.12/site-packages/boat_data_interfaces/msg/_gpio_data.py'...
[6.477s] Compiling '/home/ishaan/eboat_src/install/boat_data_interfaces/lib/python3.12/site-packages/boat_data_interfaces/msg/_motion_data.py'...
[6.477s] Compiling '/home/ishaan/eboat_src/install/boat_data_interfaces/lib/python3.12/site-packages/boat_data_interfaces/msg/_motor_data.py'...
[6.481s] -- Installing: /home/ishaan/eboat_src/install/boat_data_interfaces/lib/python3.12/site-packages/boat_data_interfaces/boat_data_interfaces_s__rosidl_typesupport_fastrtps_c.so
[6.482s] -- Set non-toolchain portion of runtime path of "/home/ishaan/eboat_src/install/boat_data_interfaces/lib/python3.12/site-packages/boat_data_interfaces/boat_data_interfaces_s__rosidl_typesupport_fastrtps_c.so" to ""
[6.482s] -- Installing: /home/ishaan/eboat_src/install/boat_data_interfaces/lib/python3.12/site-packages/boat_data_interfaces/boat_data_interfaces_s__rosidl_typesupport_introspection_c.so
[6.482s] -- Set non-toolchain portion of runtime path of "/home/ishaan/eboat_src/install/boat_data_interfaces/lib/python3.12/site-packages/boat_data_interfaces/boat_data_interfaces_s__rosidl_typesupport_introspection_c.so" to ""
[6.482s] -- Installing: /home/ishaan/eboat_src/install/boat_data_interfaces/lib/python3.12/site-packages/boat_data_interfaces/boat_data_interfaces_s__rosidl_typesupport_c.so
[6.482s] -- Set non-toolchain portion of runtime path of "/home/ishaan/eboat_src/install/boat_data_interfaces/lib/python3.12/site-packages/boat_data_interfaces/boat_data_interfaces_s__rosidl_typesupport_c.so" to ""
[6.484s] -- Installing: /home/ishaan/eboat_src/install/boat_data_interfaces/lib/libboat_data_interfaces__rosidl_generator_py.so
[6.485s] -- Set non-toolchain portion of runtime path of "/home/ishaan/eboat_src/install/boat_data_interfaces/lib/libboat_data_interfaces__rosidl_generator_py.so" to ""
[6.485s] -- Up-to-date: /home/ishaan/eboat_src/install/boat_data_interfaces/share/boat_data_interfaces/msg/ElectricalData.idl
[6.485s] -- Up-to-date: /home/ishaan/eboat_src/install/boat_data_interfaces/share/boat_data_interfaces/msg/GPIOData.idl
[6.485s] -- Up-to-date: /home/ishaan/eboat_src/install/boat_data_interfaces/share/boat_data_interfaces/msg/MotionData.idl
[6.485s] -- Up-to-date: /home/ishaan/eboat_src/install/boat_data_interfaces/share/boat_data_interfaces/msg/MotorData.idl
[6.486s] -- Installing: /home/ishaan/eboat_src/install/boat_data_interfaces/share/boat_data_interfaces/msg/BoatAlarm.idl
[6.486s] -- Installing: /home/ishaan/eboat_src/install/boat_data_interfaces/share/boat_data_interfaces/msg/ElectricalData.msg
[6.486s] -- Installing: /home/ishaan/eboat_src/install/boat_data_interfaces/share/boat_data_interfaces/msg/GPIOData.msg
[6.486s] -- Installing: /home/ishaan/eboat_src/install/boat_data_interfaces/share/boat_data_interfaces/msg/MotionData.msg
[6.486s] -- Installing: /home/ishaan/eboat_src/install/boat_data_interfaces/share/boat_data_interfaces/msg/MotorData.msg
[6.486s] -- Installing: /home/ishaan/eboat_src/install/boat_data_interfaces/share/boat_data_interfaces/msg/BoatAlarm.msg
[6.486s] -- Installing: /home/ishaan/eboat_src/install/boat_data_interfaces/share/ament_index/resource_index/package_run_dependencies/boat_data_interfaces
[6.487s] -- Installing: /home/ishaan/eboat_src/install/boat_data_interfaces/share/ament_index/resource_index/parent_prefix_path/boat_data_interfaces
[6.487s] -- Installing: /home/ishaan/eboat_src/install/boat_data_interfaces/share/boat_data_interfaces/environment/ament_prefix_path.sh
[6.487s] -- Up-to-date: /home/ishaan/eboat_src/install/boat_data_interfaces/share/boat_data_interfaces/environment/ament_prefix_path.dsv
[6.487s] -- Installing: /home/ishaan/eboat_src/install/boat_data_interfaces/share/boat_data_interfaces/environment/path.sh
[6.487s] -- Up-to-date: /home/ishaan/eboat_src/install/boat_data_interfaces/share/boat_data_interfaces/environment/path.dsv
[6.487s] -- Up-to-date: /home/ishaan/eboat_src/install/boat_data_interfaces/share/boat_data_interfaces/local_setup.bash
[6.487s] -- Up-to-date: /home/ishaan/eboat_src/install/boat_data_interfaces/share/boat_data_interfaces/local_setup.sh
[6.488s] -- Up-to-date: /home/ishaan/eboat_src/install/boat_data_interfaces/share/boat_data_interfaces/local_setup.zsh
[6.488s] -- Up-to-date: /home/ishaan/eboat_src/install/boat_data_interfaces/share/boat_data_interfaces/local_setup.dsv
[6.488s] -- Up-to-date: /home/ishaan/eboat_src/install/boat_data_interfaces/share/boat_data_interfaces/package.dsv
[6.488s] -- Up-to-date: /home/ishaan/eboat_src/install/boat_data_interfaces/share/ament_index/resource_index/packages/boat_data_interfaces
[6.488s] -- Old export file "/home/ishaan/eboat_src/install/boat_data_interfaces/share/boat_data_interfaces/cmake/export_boat_data_interfaces__rosidl_generator_cExport.cmake" will be replaced.  Removing files [/home/ishaan/eboat_src/install/boat_data_interfaces/share/boat_data_interfaces/cmake/export_boat_data_interfaces__rosidl_generator_cExport-noconfig.cmake].
[6.488s] -- Installing: /home/ishaan/eboat_src/install/boat_data_interfaces/share/boat_data_interfaces/cmake/export_boat_data_interfaces__rosidl_generator_cExport.cmake
[6.488s] -- Installing: /home/ishaan/eboat_src/install/boat_data_interfaces/share/boat_data_interfaces/cmake/export_boat_data_interfaces__rosidl_generator_cExport-noconfig.cmake
[6.488s] -- Old export file "/home/ishaan/eboat_src/install/boat_data_interfaces/share/boat_data_interfaces/cmake/export_boat_data_interfaces__rosidl_typesupport_fastrtps_cExport.cmake" will be replaced.  Removing files [/home/ishaan/eboat_src/install/boat_data_interfaces/share/boat_data_interfaces/cmake/export_boat_data_interfaces__rosidl_typesupport_fastrtps_cExport-noconfig.cmake].
[6.488s] -- Installing: /home/ishaan/eboat_src/install/boat_data_interfaces/share/boat_data_interfaces/cmake/export_boat_data_interfaces__rosidl_typesupport_fastrtps_cExport.cmake
[6.488s] -- Installing: /home/ishaan/eboat_src/install/boat_data_interfaces/share/boat_data_interfaces/cmake/export_boat_data_interfaces__rosidl_typesupport_fastrtps_cExport-noconfig.cmake
[6.488s] -- Installing: /home/ishaan/eboat_src/install/boat_data_interfaces/share/boat_data_interfaces/cmake/export_boat_data_interfaces__rosidl_generator_cppExport.cmake
[6.489s] -- Old export file "/home/ishaan/eboat_src/install/boat_data_interfaces/share/boat_data_interfaces/cmake/export_boat_data_interfaces__rosidl_typesupport_fastrtps_cppExport.cmake" will be replaced.  Removing files [/home/ishaan/eboat_src/install/boat_data_interfaces/share/boat_data_interfaces/cmake/export_boat_data_interfaces__rosidl_typesupport_fastrtps_cppExport-noconfig.cmake].
[6.489s] -- Installing: /home/ishaan/eboat_src/install/boat_data_interfaces/share/boat_data_interfaces/cmake/export_boat_data_interfaces__rosidl_typesupport_fastrtps_cppExport.cmake
[6.489s] -- Installing: /home/ishaan/eboat_src/install/boat_data_interfaces/share/boat_data_interfaces/cmake/export_boat_data_interfaces__rosidl_typesupport_fastrtps_cppExport-noconfig.cmake
[6.489s] -- Old export file "/home/ishaan/eboat_src/install/boat_data_interfaces/share/boat_data_interfaces/cmake/boat_data_interfaces__rosidl_typesupport_introspection_cExport.cmake" will be replaced.  Removing files [/home/ishaan/eboat_src/install/boat_data_interfaces/share/boat_data_interfaces/cmake/boat_data_interfaces__rosidl_typesupport_introspection_cExport-noconfig.cmake].
[6.489s] -- Installing: /home/ishaan/eboat_src/install/boat_data_interfaces/share/boat_data_interfaces/cmake/boat_data_interfaces__rosidl_typesupport_introspection_cExport.cmake
[6.489s] -- Installing: /home/ishaan/eboat_src/install/boat_data_interfaces/share/boat_data_interfaces/cmake/boat_data_interfaces__rosidl_typesupport_introspection_cExport-noconfig.cmake
[6.490s] -- Old export file "/home/ishaan/eboat_src/install/boat_data_interfaces/share/boat_data_interfaces/cmake/boat_data_interfaces__rosidl_typesupport_cExport.cmake" will be replaced.  Removing files [/home/ishaan/eboat_src/install/boat_data_interfaces/share/boat_data_interfaces/cmake/boat_data_interfaces__rosidl_typesupport_cExport-noconfig.cmake].
[6.490s] -- Installing: /home/ishaan/eboat_src/install/boat_data_interfaces/share/boat_data_interfaces/cmake/boat_data_interfaces__rosidl_typesupport_cExport.cmake
[6.490s] -- Installing: /home/ishaan/eboat_src/install/boat_data_interfaces/share/boat_data_interfaces/cmake/boat_data_interfaces__rosidl_typesupport_cExport-noconfig.cmake
[6.490s] -- Old export file "/home/ishaan/eboat_src/install/boat_data_interfaces/share/boat_data_interfaces/cmake/boat_data_interfaces__rosidl_typesupport_introspection_cppExport.cmake" will be replaced.  Removing files [/home/ishaan/eboat_src/install/boat_data_interfaces/share/boat_data_interfaces/cmake/boat_data_interfaces__rosidl_typesupport_introspection_cppExport-noconfig.cmake].
[6.490s] -- Installing: /home/ishaan/eboat_src/install/boat_data_interfaces/share/boat_data_interfaces/cmake/boat_data_interfaces__rosidl_typesupport_introspection_cppExport.cmake
[6.490s] -- Installing: /home/ishaan/eboat_src/install/boat_data_interfaces/share/boat_data_interfaces/cmake/boat_data_interfaces__rosidl_typesupport_introspection_cppExport-noconfig.cmake
[6.491s] -- Old export file "/home/ishaan/eboat_src/install/boat_data_interfaces/share/boat_data_interfaces/cmake/boat_data_interfaces__rosidl_typesupport_cppExport.cmake" will be replaced.  Removing files [/home/ishaan/eboat_src/install/boat_data_interfaces/share/boat_data_interfaces/cmake/boat_data_interfaces__rosidl_typesupport_cppExport-noconfig.cmake].
[6.491s] -- Installing: /home/ishaan/eboat_src/install/boat_data_interfaces/share/boat_data_interfaces/cmake/boat_data_interfaces__rosidl_typesupport_cppExport.cmake
[6.491s] -- Installing: /home/ishaan/eboat_src/install/boat_data_interfaces/share/boat_data_interfaces/cmake/boat_data_interfaces__rosidl_typesupport_cppExport-noconfig.cmake
[6.491s] -- Up-to-date: /home/ishaan/eboat_src/install/boat_data_interfaces/share/boat_data_interfaces/cmake/export_boat_data_interfaces__rosidl_generator_pyExport.cmake
[6.492s] -- Installing: /home/ishaan/eboat_src/install/boat_data_interfaces/share/boat_data_interfaces/cmake/export_boat_data_interfaces__rosidl_generator_pyExport-noconfig.cmake
[6.492s] -- Installing: /home/ishaan/eboat_src/install/boat_data_interfaces/share/boat_data_interfaces/cmake/rosidl_cmake-extras.cmake
[6.492s] -- Installing: /home/ishaan/eboat_src/install/boat_data_interfaces/share/boat_data_interfaces/cmake/ament_cmake_export_dependencies-extras.cmake
[6.492s] -- Up-to-date: /home/ishaan/eboat_src/install/boat_data_interfaces/share/boat_data_interfaces/cmake/ament_cmake_export_include_directories-extras.cmake
[6.492s] -- Up-to-date: /home/ishaan/eboat_src/install/boat_data_interfaces/share/boat_data_interfaces/cmake/ament_cmake_export_libraries-extras.cmake
[6.492s] -- Installing: /home/ishaan/eboat_src/install/boat_data_interfaces/share/boat_data_interfaces/cmake/ament_cmake_export_targets-extras.cmake
[6.492s] -- Installing: /home/ishaan/eboat_src/install/boat_data_interfaces/share/boat_data_interfaces/cmake/rosidl_cmake_export_typesupport_targets-extras.cmake
[6.493s] -- Up-to-date: /home/ishaan/eboat_src/install/boat_data_interfaces/share/boat_data_interfaces/cmake/rosidl_cmake_export_typesupport_libraries-extras.cmake
[6.493s] -- Installing: /home/ishaan/eboat_src/install/boat_data_interfaces/share/boat_data_interfaces/cmake/boat_data_interfacesConfig.cmake
[6.493s] -- Up-to-date: /home/ishaan/eboat_src/install/boat_data_interfaces/share/boat_data_interfaces/cmake/boat_data_interfacesConfig-version.cmake
[6.493s] -- Installing: /home/ishaan/eboat_src/install/boat_data_interfaces/share/boat_data_interfaces/package.xml
[6.496s] Invoked command in '/home/ishaan/eboat_src/build/boat_data_interfaces' returned '0': CMAKE_PREFIX_PATH=${CMAKE_PREFIX_PATH}:/home/ishaan/eboat_src/ros_ws/install/canopen_utils:/home/ishaan/eboat_src/ros_ws/install/shore_comms:/home/ishaan/eboat_src/ros_ws/install/motor_node_test:/home/ishaan/eboat_src/ros_ws/install/motor_node:/home/ishaan/eboat_src/ros_ws/install/motion_node_test:/home/ishaan/eboat_src/ros_ws/install/motion_node:/home/ishaan/eboat_src/ros_ws/install/electrical_node_test:/home/ishaan/eboat_src/ros_ws/install/electrical_node:/home/ishaan/eboat_src/ros_ws/install/alarms_watchdog_node:/home/ishaan/eboat_src/ros_ws/install/GPIO_Test:/opt/ros/kilted /usr/bin/cmake --install /home/ishaan/eboat_src/build/boat_data_interfaces
