-- Found ament_cmake: 2.7.3 (/opt/ros/kilted/share/ament_cmake/cmake)
-- Override CMake install command with custom implementation using symlinks instead of copying resources
-- Found rclcpp: 29.5.2 (/opt/ros/kilted/share/rclcpp/cmake)
-- Found rosidl_generator_c: 4.9.5 (/opt/ros/kilted/share/rosidl_generator_c/cmake)
-- Found rosidl_generator_cpp: 4.9.5 (/opt/ros/kilted/share/rosidl_generator_cpp/cmake)
-- Using all available rosidl_typesupport_c: rosidl_typesupport_fastrtps_c;rosidl_typesupport_introspection_c
-- Using all available rosidl_typesupport_cpp: rosidl_typesupport_fastrtps_cpp;rosidl_typesupport_introspection_cpp
-- Found rmw_implementation_cmake: 7.8.2 (/opt/ros/kilted/share/rmw_implementation_cmake/cmake)
-- Found rmw_fastrtps_cpp: 9.3.2 (/opt/ros/kilted/share/rmw_fastrtps_cpp/cmake)
-- Using RMW implementation 'rmw_fastrtps_cpp' as default
-- Found std_msgs: 5.5.0 (/opt/ros/kilted/share/std_msgs/cmake)
-- Found ament_lint_auto: 0.19.2 (/opt/ros/kilted/share/ament_lint_auto/cmake)
-- Added test 'copyright' to check source files copyright and LICENSE
-- Added test 'cppcheck' to perform static code analysis on C / C++ code
-- Configured cppcheck include dirs: 
-- Configured cppcheck exclude dirs and/or files: 
-- Added test 'cpplint' to check C / C++ code against the Google style
-- Configured cpplint exclude dirs and/or files: 
-- Added test 'lint_cmake' to check CMake code style
-- Added test 'uncrustify' to check C / C++ code style
-- Configured uncrustify additional arguments: 
-- Added test 'xmllint' to check XML markup files
-- Configuring done (1.7s)
-- Generating done (0.1s)
-- Build files have been written to: /home/ishaan/Stevens-Electric-Boatworks/ros_ws/build/examples_rclcpp_minimal_publisher
[ 16%] Built target publisher_member_function_with_unique_network_flow_endpoints
[ 25%] [32m[1mLinking CXX executable publisher_lambda[0m
[ 41%] Built target publisher_member_function
[ 58%] Built target publisher_member_function_with_type_adapter
[ 75%] Built target publisher_not_composable
[ 91%] Built target publisher_wait_for_all_acked
[100%] Built target publisher_lambda
-- Install configuration: ""
-- Execute custom install script
-- Up-to-date symlink: /home/ishaan/Stevens-Electric-Boatworks/ros_ws/install/examples_rclcpp_minimal_publisher/lib/examples_rclcpp_minimal_publisher/publisher_lambda
-- Up-to-date symlink: /home/ishaan/Stevens-Electric-Boatworks/ros_ws/install/examples_rclcpp_minimal_publisher/lib/examples_rclcpp_minimal_publisher/publisher_member_function
-- Up-to-date symlink: /home/ishaan/Stevens-Electric-Boatworks/ros_ws/install/examples_rclcpp_minimal_publisher/lib/examples_rclcpp_minimal_publisher/publisher_member_function_with_type_adapter
-- Up-to-date symlink: /home/ishaan/Stevens-Electric-Boatworks/ros_ws/install/examples_rclcpp_minimal_publisher/lib/examples_rclcpp_minimal_publisher/publisher_member_function_with_unique_network_flow_endpoints
-- Up-to-date symlink: /home/ishaan/Stevens-Electric-Boatworks/ros_ws/install/examples_rclcpp_minimal_publisher/lib/examples_rclcpp_minimal_publisher/publisher_wait_for_all_acked
-- Up-to-date symlink: /home/ishaan/Stevens-Electric-Boatworks/ros_ws/install/examples_rclcpp_minimal_publisher/lib/examples_rclcpp_minimal_publisher/publisher_not_composable
-- Up-to-date symlink: /home/ishaan/Stevens-Electric-Boatworks/ros_ws/install/examples_rclcpp_minimal_publisher/share/ament_index/resource_index/package_run_dependencies/examples_rclcpp_minimal_publisher
-- Up-to-date symlink: /home/ishaan/Stevens-Electric-Boatworks/ros_ws/install/examples_rclcpp_minimal_publisher/share/ament_index/resource_index/parent_prefix_path/examples_rclcpp_minimal_publisher
-- Up-to-date symlink: /home/ishaan/Stevens-Electric-Boatworks/ros_ws/install/examples_rclcpp_minimal_publisher/share/examples_rclcpp_minimal_publisher/environment/ament_prefix_path.sh
-- Up-to-date symlink: /home/ishaan/Stevens-Electric-Boatworks/ros_ws/install/examples_rclcpp_minimal_publisher/share/examples_rclcpp_minimal_publisher/environment/ament_prefix_path.dsv
-- Up-to-date symlink: /home/ishaan/Stevens-Electric-Boatworks/ros_ws/install/examples_rclcpp_minimal_publisher/share/examples_rclcpp_minimal_publisher/environment/path.sh
-- Up-to-date symlink: /home/ishaan/Stevens-Electric-Boatworks/ros_ws/install/examples_rclcpp_minimal_publisher/share/examples_rclcpp_minimal_publisher/environment/path.dsv
-- Up-to-date symlink: /home/ishaan/Stevens-Electric-Boatworks/ros_ws/install/examples_rclcpp_minimal_publisher/share/examples_rclcpp_minimal_publisher/local_setup.bash
-- Up-to-date symlink: /home/ishaan/Stevens-Electric-Boatworks/ros_ws/install/examples_rclcpp_minimal_publisher/share/examples_rclcpp_minimal_publisher/local_setup.sh
-- Up-to-date symlink: /home/ishaan/Stevens-Electric-Boatworks/ros_ws/install/examples_rclcpp_minimal_publisher/share/examples_rclcpp_minimal_publisher/local_setup.zsh
-- Up-to-date symlink: /home/ishaan/Stevens-Electric-Boatworks/ros_ws/install/examples_rclcpp_minimal_publisher/share/examples_rclcpp_minimal_publisher/local_setup.dsv
-- Symlinking: /home/ishaan/Stevens-Electric-Boatworks/ros_ws/install/examples_rclcpp_minimal_publisher/share/examples_rclcpp_minimal_publisher/package.dsv
-- Up-to-date symlink: /home/ishaan/Stevens-Electric-Boatworks/ros_ws/install/examples_rclcpp_minimal_publisher/share/ament_index/resource_index/packages/examples_rclcpp_minimal_publisher
-- Up-to-date symlink: /home/ishaan/Stevens-Electric-Boatworks/ros_ws/install/examples_rclcpp_minimal_publisher/share/examples_rclcpp_minimal_publisher/cmake/examples_rclcpp_minimal_publisherConfig.cmake
-- Up-to-date symlink: /home/ishaan/Stevens-Electric-Boatworks/ros_ws/install/examples_rclcpp_minimal_publisher/share/examples_rclcpp_minimal_publisher/cmake/examples_rclcpp_minimal_publisherConfig-version.cmake
-- Up-to-date symlink: /home/ishaan/Stevens-Electric-Boatworks/ros_ws/install/examples_rclcpp_minimal_publisher/share/examples_rclcpp_minimal_publisher/package.xml
