[0.110s] Invoking command in '/home/ishaan/Stevens-Electric-Boatworks/ros_ws/build/examples_rclcpp_minimal_publisher': CMAKE_PREFIX_PATH=${CMAKE_PREFIX_PATH}:/home/ishaan/Stevens-Electric-Boatworks/ros_ws/install/launch_testing_examples:/home/ishaan/Stevens-Electric-Boatworks/ros_ws/install/examples_rclpy_pointcloud_publisher:/home/ishaan/Stevens-Electric-Boatworks/ros_ws/install/examples_rclpy_minimal_subscriber:/home/ishaan/Stevens-Electric-Boatworks/ros_ws/install/examples_rclpy_minimal_service:/home/ishaan/Stevens-Electric-Boatworks/ros_ws/install/examples_rclpy_minimal_publisher:/home/ishaan/Stevens-Electric-Boatworks/ros_ws/install/examples_rclpy_minimal_client:/home/ishaan/Stevens-Electric-Boatworks/ros_ws/install/examples_rclpy_minimal_action_server:/home/ishaan/Stevens-Electric-Boatworks/ros_ws/install/examples_rclpy_minimal_action_client:/home/ishaan/Stevens-Electric-Boatworks/ros_ws/install/examples_rclpy_guard_conditions:/home/ishaan/Stevens-Electric-Boatworks/ros_ws/install/examples_rclpy_executors:/opt/ros/kilted /usr/bin/cmake /home/ishaan/Stevens-Electric-Boatworks/ros_ws/src/examples/rclcpp/topics/minimal_publisher -DCMAKE_INSTALL_PREFIX=/home/ishaan/Stevens-Electric-Boatworks/ros_ws/install/examples_rclcpp_minimal_publisher
[1.261s] -- Found ament_cmake: 2.7.3 (/opt/ros/kilted/share/ament_cmake/cmake)
[1.262s] -- Override CMake install command with custom implementation using symlinks instead of copying resources
[1.262s] -- Found rclcpp: 29.5.2 (/opt/ros/kilted/share/rclcpp/cmake)
[1.262s] -- Found rosidl_generator_c: 4.9.5 (/opt/ros/kilted/share/rosidl_generator_c/cmake)
[1.262s] -- Found rosidl_generator_cpp: 4.9.5 (/opt/ros/kilted/share/rosidl_generator_cpp/cmake)
[1.262s] -- Using all available rosidl_typesupport_c: rosidl_typesupport_fastrtps_c;rosidl_typesupport_introspection_c
[1.263s] -- Using all available rosidl_typesupport_cpp: rosidl_typesupport_fastrtps_cpp;rosidl_typesupport_introspection_cpp
[1.263s] -- Found rmw_implementation_cmake: 7.8.2 (/opt/ros/kilted/share/rmw_implementation_cmake/cmake)
[1.263s] -- Found rmw_fastrtps_cpp: 9.3.2 (/opt/ros/kilted/share/rmw_fastrtps_cpp/cmake)
[1.263s] -- Using RMW implementation 'rmw_fastrtps_cpp' as default
[1.601s] -- Found std_msgs: 5.5.0 (/opt/ros/kilted/share/std_msgs/cmake)
[1.624s] -- Found ament_lint_auto: 0.19.2 (/opt/ros/kilted/share/ament_lint_auto/cmake)
[1.828s] -- Added test 'copyright' to check source files copyright and LICENSE
[1.828s] -- Added test 'cppcheck' to perform static code analysis on C / C++ code
[1.829s] -- Configured cppcheck include dirs: 
[1.829s] -- Configured cppcheck exclude dirs and/or files: 
[1.829s] -- Added test 'cpplint' to check C / C++ code against the Google style
[1.829s] -- Configured cpplint exclude dirs and/or files: 
[1.832s] -- Added test 'lint_cmake' to check CMake code style
[1.834s] -- Added test 'uncrustify' to check C / C++ code style
[1.834s] -- Configured uncrustify additional arguments: 
[1.834s] -- Added test 'xmllint' to check XML markup files
[1.834s] -- Configuring done (1.7s)
[1.921s] -- Generating done (0.1s)
[1.925s] -- Build files have been written to: /home/ishaan/Stevens-Electric-Boatworks/ros_ws/build/examples_rclcpp_minimal_publisher
[1.946s] Invoked command in '/home/ishaan/Stevens-Electric-Boatworks/ros_ws/build/examples_rclcpp_minimal_publisher' returned '0': CMAKE_PREFIX_PATH=${CMAKE_PREFIX_PATH}:/home/ishaan/Stevens-Electric-Boatworks/ros_ws/install/launch_testing_examples:/home/ishaan/Stevens-Electric-Boatworks/ros_ws/install/examples_rclpy_pointcloud_publisher:/home/ishaan/Stevens-Electric-Boatworks/ros_ws/install/examples_rclpy_minimal_subscriber:/home/ishaan/Stevens-Electric-Boatworks/ros_ws/install/examples_rclpy_minimal_service:/home/ishaan/Stevens-Electric-Boatworks/ros_ws/install/examples_rclpy_minimal_publisher:/home/ishaan/Stevens-Electric-Boatworks/ros_ws/install/examples_rclpy_minimal_client:/home/ishaan/Stevens-Electric-Boatworks/ros_ws/install/examples_rclpy_minimal_action_server:/home/ishaan/Stevens-Electric-Boatworks/ros_ws/install/examples_rclpy_minimal_action_client:/home/ishaan/Stevens-Electric-Boatworks/ros_ws/install/examples_rclpy_guard_conditions:/home/ishaan/Stevens-Electric-Boatworks/ros_ws/install/examples_rclpy_executors:/opt/ros/kilted /usr/bin/cmake /home/ishaan/Stevens-Electric-Boatworks/ros_ws/src/examples/rclcpp/topics/minimal_publisher -DCMAKE_INSTALL_PREFIX=/home/ishaan/Stevens-Electric-Boatworks/ros_ws/install/examples_rclcpp_minimal_publisher
[1.948s] Invoking command in '/home/ishaan/Stevens-Electric-Boatworks/ros_ws/build/examples_rclcpp_minimal_publisher': CMAKE_PREFIX_PATH=${CMAKE_PREFIX_PATH}:/home/ishaan/Stevens-Electric-Boatworks/ros_ws/install/launch_testing_examples:/home/ishaan/Stevens-Electric-Boatworks/ros_ws/install/examples_rclpy_pointcloud_publisher:/home/ishaan/Stevens-Electric-Boatworks/ros_ws/install/examples_rclpy_minimal_subscriber:/home/ishaan/Stevens-Electric-Boatworks/ros_ws/install/examples_rclpy_minimal_service:/home/ishaan/Stevens-Electric-Boatworks/ros_ws/install/examples_rclpy_minimal_publisher:/home/ishaan/Stevens-Electric-Boatworks/ros_ws/install/examples_rclpy_minimal_client:/home/ishaan/Stevens-Electric-Boatworks/ros_ws/install/examples_rclpy_minimal_action_server:/home/ishaan/Stevens-Electric-Boatworks/ros_ws/install/examples_rclpy_minimal_action_client:/home/ishaan/Stevens-Electric-Boatworks/ros_ws/install/examples_rclpy_guard_conditions:/home/ishaan/Stevens-Electric-Boatworks/ros_ws/install/examples_rclpy_executors:/opt/ros/kilted /usr/bin/cmake --build /home/ishaan/Stevens-Electric-Boatworks/ros_ws/build/examples_rclcpp_minimal_publisher -- -j16 -l16
[2.051s] [ 16%] Built target publisher_member_function_with_unique_network_flow_endpoints
[2.051s] [ 25%] [32m[1mLinking CXX executable publisher_lambda[0m
[2.051s] [ 41%] Built target publisher_member_function
[2.054s] [ 58%] Built target publisher_member_function_with_type_adapter
[2.060s] [ 75%] Built target publisher_not_composable
[2.064s] [ 91%] Built target publisher_wait_for_all_acked
[2.599s] [100%] Built target publisher_lambda
[3.326s] Invoked command in '/home/ishaan/Stevens-Electric-Boatworks/ros_ws/build/examples_rclcpp_minimal_publisher' returned '0': CMAKE_PREFIX_PATH=${CMAKE_PREFIX_PATH}:/home/ishaan/Stevens-Electric-Boatworks/ros_ws/install/launch_testing_examples:/home/ishaan/Stevens-Electric-Boatworks/ros_ws/install/examples_rclpy_pointcloud_publisher:/home/ishaan/Stevens-Electric-Boatworks/ros_ws/install/examples_rclpy_minimal_subscriber:/home/ishaan/Stevens-Electric-Boatworks/ros_ws/install/examples_rclpy_minimal_service:/home/ishaan/Stevens-Electric-Boatworks/ros_ws/install/examples_rclpy_minimal_publisher:/home/ishaan/Stevens-Electric-Boatworks/ros_ws/install/examples_rclpy_minimal_client:/home/ishaan/Stevens-Electric-Boatworks/ros_ws/install/examples_rclpy_minimal_action_server:/home/ishaan/Stevens-Electric-Boatworks/ros_ws/install/examples_rclpy_minimal_action_client:/home/ishaan/Stevens-Electric-Boatworks/ros_ws/install/examples_rclpy_guard_conditions:/home/ishaan/Stevens-Electric-Boatworks/ros_ws/install/examples_rclpy_executors:/opt/ros/kilted /usr/bin/cmake --build /home/ishaan/Stevens-Electric-Boatworks/ros_ws/build/examples_rclcpp_minimal_publisher -- -j16 -l16
[3.328s] Invoking command in '/home/ishaan/Stevens-Electric-Boatworks/ros_ws/build/examples_rclcpp_minimal_publisher': CMAKE_PREFIX_PATH=${CMAKE_PREFIX_PATH}:/home/ishaan/Stevens-Electric-Boatworks/ros_ws/install/launch_testing_examples:/home/ishaan/Stevens-Electric-Boatworks/ros_ws/install/examples_rclpy_pointcloud_publisher:/home/ishaan/Stevens-Electric-Boatworks/ros_ws/install/examples_rclpy_minimal_subscriber:/home/ishaan/Stevens-Electric-Boatworks/ros_ws/install/examples_rclpy_minimal_service:/home/ishaan/Stevens-Electric-Boatworks/ros_ws/install/examples_rclpy_minimal_publisher:/home/ishaan/Stevens-Electric-Boatworks/ros_ws/install/examples_rclpy_minimal_client:/home/ishaan/Stevens-Electric-Boatworks/ros_ws/install/examples_rclpy_minimal_action_server:/home/ishaan/Stevens-Electric-Boatworks/ros_ws/install/examples_rclpy_minimal_action_client:/home/ishaan/Stevens-Electric-Boatworks/ros_ws/install/examples_rclpy_guard_conditions:/home/ishaan/Stevens-Electric-Boatworks/ros_ws/install/examples_rclpy_executors:/opt/ros/kilted /usr/bin/cmake --install /home/ishaan/Stevens-Electric-Boatworks/ros_ws/build/examples_rclcpp_minimal_publisher
[3.338s] -- Install configuration: ""
[3.338s] -- Execute custom install script
[3.339s] -- Up-to-date symlink: /home/ishaan/Stevens-Electric-Boatworks/ros_ws/install/examples_rclcpp_minimal_publisher/lib/examples_rclcpp_minimal_publisher/publisher_lambda
[3.339s] -- Up-to-date symlink: /home/ishaan/Stevens-Electric-Boatworks/ros_ws/install/examples_rclcpp_minimal_publisher/lib/examples_rclcpp_minimal_publisher/publisher_member_function
[3.342s] -- Up-to-date symlink: /home/ishaan/Stevens-Electric-Boatworks/ros_ws/install/examples_rclcpp_minimal_publisher/lib/examples_rclcpp_minimal_publisher/publisher_member_function_with_type_adapter
[3.343s] -- Up-to-date symlink: /home/ishaan/Stevens-Electric-Boatworks/ros_ws/install/examples_rclcpp_minimal_publisher/lib/examples_rclcpp_minimal_publisher/publisher_member_function_with_unique_network_flow_endpoints
[3.343s] -- Up-to-date symlink: /home/ishaan/Stevens-Electric-Boatworks/ros_ws/install/examples_rclcpp_minimal_publisher/lib/examples_rclcpp_minimal_publisher/publisher_wait_for_all_acked
[3.343s] -- Up-to-date symlink: /home/ishaan/Stevens-Electric-Boatworks/ros_ws/install/examples_rclcpp_minimal_publisher/lib/examples_rclcpp_minimal_publisher/publisher_not_composable
[3.343s] -- Up-to-date symlink: /home/ishaan/Stevens-Electric-Boatworks/ros_ws/install/examples_rclcpp_minimal_publisher/share/ament_index/resource_index/package_run_dependencies/examples_rclcpp_minimal_publisher
[3.344s] -- Up-to-date symlink: /home/ishaan/Stevens-Electric-Boatworks/ros_ws/install/examples_rclcpp_minimal_publisher/share/ament_index/resource_index/parent_prefix_path/examples_rclcpp_minimal_publisher
[3.345s] -- Up-to-date symlink: /home/ishaan/Stevens-Electric-Boatworks/ros_ws/install/examples_rclcpp_minimal_publisher/share/examples_rclcpp_minimal_publisher/environment/ament_prefix_path.sh
[3.345s] -- Up-to-date symlink: /home/ishaan/Stevens-Electric-Boatworks/ros_ws/install/examples_rclcpp_minimal_publisher/share/examples_rclcpp_minimal_publisher/environment/ament_prefix_path.dsv
[3.345s] -- Up-to-date symlink: /home/ishaan/Stevens-Electric-Boatworks/ros_ws/install/examples_rclcpp_minimal_publisher/share/examples_rclcpp_minimal_publisher/environment/path.sh
[3.346s] -- Up-to-date symlink: /home/ishaan/Stevens-Electric-Boatworks/ros_ws/install/examples_rclcpp_minimal_publisher/share/examples_rclcpp_minimal_publisher/environment/path.dsv
[3.346s] -- Up-to-date symlink: /home/ishaan/Stevens-Electric-Boatworks/ros_ws/install/examples_rclcpp_minimal_publisher/share/examples_rclcpp_minimal_publisher/local_setup.bash
[3.347s] -- Up-to-date symlink: /home/ishaan/Stevens-Electric-Boatworks/ros_ws/install/examples_rclcpp_minimal_publisher/share/examples_rclcpp_minimal_publisher/local_setup.sh
[3.347s] -- Up-to-date symlink: /home/ishaan/Stevens-Electric-Boatworks/ros_ws/install/examples_rclcpp_minimal_publisher/share/examples_rclcpp_minimal_publisher/local_setup.zsh
[3.348s] -- Up-to-date symlink: /home/ishaan/Stevens-Electric-Boatworks/ros_ws/install/examples_rclcpp_minimal_publisher/share/examples_rclcpp_minimal_publisher/local_setup.dsv
[3.348s] -- Symlinking: /home/ishaan/Stevens-Electric-Boatworks/ros_ws/install/examples_rclcpp_minimal_publisher/share/examples_rclcpp_minimal_publisher/package.dsv
[3.357s] -- Up-to-date symlink: /home/ishaan/Stevens-Electric-Boatworks/ros_ws/install/examples_rclcpp_minimal_publisher/share/ament_index/resource_index/packages/examples_rclcpp_minimal_publisher
[3.358s] -- Up-to-date symlink: /home/ishaan/Stevens-Electric-Boatworks/ros_ws/install/examples_rclcpp_minimal_publisher/share/examples_rclcpp_minimal_publisher/cmake/examples_rclcpp_minimal_publisherConfig.cmake
[3.358s] -- Up-to-date symlink: /home/ishaan/Stevens-Electric-Boatworks/ros_ws/install/examples_rclcpp_minimal_publisher/share/examples_rclcpp_minimal_publisher/cmake/examples_rclcpp_minimal_publisherConfig-version.cmake
[3.359s] -- Up-to-date symlink: /home/ishaan/Stevens-Electric-Boatworks/ros_ws/install/examples_rclcpp_minimal_publisher/share/examples_rclcpp_minimal_publisher/package.xml
[3.362s] Invoked command in '/home/ishaan/Stevens-Electric-Boatworks/ros_ws/build/examples_rclcpp_minimal_publisher' returned '0': CMAKE_PREFIX_PATH=${CMAKE_PREFIX_PATH}:/home/ishaan/Stevens-Electric-Boatworks/ros_ws/install/launch_testing_examples:/home/ishaan/Stevens-Electric-Boatworks/ros_ws/install/examples_rclpy_pointcloud_publisher:/home/ishaan/Stevens-Electric-Boatworks/ros_ws/install/examples_rclpy_minimal_subscriber:/home/ishaan/Stevens-Electric-Boatworks/ros_ws/install/examples_rclpy_minimal_service:/home/ishaan/Stevens-Electric-Boatworks/ros_ws/install/examples_rclpy_minimal_publisher:/home/ishaan/Stevens-Electric-Boatworks/ros_ws/install/examples_rclpy_minimal_client:/home/ishaan/Stevens-Electric-Boatworks/ros_ws/install/examples_rclpy_minimal_action_server:/home/ishaan/Stevens-Electric-Boatworks/ros_ws/install/examples_rclpy_minimal_action_client:/home/ishaan/Stevens-Electric-Boatworks/ros_ws/install/examples_rclpy_guard_conditions:/home/ishaan/Stevens-Electric-Boatworks/ros_ws/install/examples_rclpy_executors:/opt/ros/kilted /usr/bin/cmake --install /home/ishaan/Stevens-Electric-Boatworks/ros_ws/build/examples_rclcpp_minimal_publisher
