[1.555s] Invoking command in '/home/ishaan/eboat_src/ros_ws/src/examples/rclpy/actions/minimal_action_client': PYTHONPATH=/home/ishaan/eboat_src/build/examples_rclpy_minimal_action_client/prefix_override:/usr/lib/python3/dist-packages/colcon_core/task/python/colcon_distutils_commands:/home/ishaan/eboat_src/install/examples_rclpy_minimal_action_client/lib/python3.12/site-packages:${PYTHONPATH} /usr/bin/python3 -W ignore:setup.py install is deprecated -W ignore:easy_install command is deprecated setup.py egg_info --egg-base ../../../../../../build/examples_rclpy_minimal_action_client build --build-base /home/ishaan/eboat_src/build/examples_rclpy_minimal_action_client/build install --record /home/ishaan/eboat_src/build/examples_rclpy_minimal_action_client/install.log --single-version-externally-managed install_data
[4.850s] running egg_info
[4.850s] creating ../../../../../../build/examples_rclpy_minimal_action_client/examples_rclpy_minimal_action_client.egg-info
[4.850s] writing ../../../../../../build/examples_rclpy_minimal_action_client/examples_rclpy_minimal_action_client.egg-info/PKG-INFO
[4.850s] writing dependency_links to ../../../../../../build/examples_rclpy_minimal_action_client/examples_rclpy_minimal_action_client.egg-info/dependency_links.txt
[4.850s] writing entry points to ../../../../../../build/examples_rclpy_minimal_action_client/examples_rclpy_minimal_action_client.egg-info/entry_points.txt
[4.850s] writing requirements to ../../../../../../build/examples_rclpy_minimal_action_client/examples_rclpy_minimal_action_client.egg-info/requires.txt
[4.850s] writing top-level names to ../../../../../../build/examples_rclpy_minimal_action_client/examples_rclpy_minimal_action_client.egg-info/top_level.txt
[4.850s] writing manifest file '../../../../../../build/examples_rclpy_minimal_action_client/examples_rclpy_minimal_action_client.egg-info/SOURCES.txt'
[4.850s] reading manifest file '../../../../../../build/examples_rclpy_minimal_action_client/examples_rclpy_minimal_action_client.egg-info/SOURCES.txt'
[4.850s] writing manifest file '../../../../../../build/examples_rclpy_minimal_action_client/examples_rclpy_minimal_action_client.egg-info/SOURCES.txt'
[4.850s] running build
[4.850s] running build_py
[4.850s] creating /home/ishaan/eboat_src/build/examples_rclpy_minimal_action_client/build
[4.850s] creating /home/ishaan/eboat_src/build/examples_rclpy_minimal_action_client/build/lib
[4.850s] creating /home/ishaan/eboat_src/build/examples_rclpy_minimal_action_client/build/lib/examples_rclpy_minimal_action_client
[4.850s] copying examples_rclpy_minimal_action_client/client_cancel.py -> /home/ishaan/eboat_src/build/examples_rclpy_minimal_action_client/build/lib/examples_rclpy_minimal_action_client
[4.850s] copying examples_rclpy_minimal_action_client/client_not_composable.py -> /home/ishaan/eboat_src/build/examples_rclpy_minimal_action_client/build/lib/examples_rclpy_minimal_action_client
[4.851s] copying examples_rclpy_minimal_action_client/client_asyncio.py -> /home/ishaan/eboat_src/build/examples_rclpy_minimal_action_client/build/lib/examples_rclpy_minimal_action_client
[4.852s] copying examples_rclpy_minimal_action_client/client.py -> /home/ishaan/eboat_src/build/examples_rclpy_minimal_action_client/build/lib/examples_rclpy_minimal_action_client
[4.852s] copying examples_rclpy_minimal_action_client/__init__.py -> /home/ishaan/eboat_src/build/examples_rclpy_minimal_action_client/build/lib/examples_rclpy_minimal_action_client
[4.852s] running install
[4.852s] running install_lib
[4.852s] creating /home/ishaan/eboat_src/install/examples_rclpy_minimal_action_client/lib/python3.12/site-packages/examples_rclpy_minimal_action_client
[4.852s] copying /home/ishaan/eboat_src/build/examples_rclpy_minimal_action_client/build/lib/examples_rclpy_minimal_action_client/client_cancel.py -> /home/ishaan/eboat_src/install/examples_rclpy_minimal_action_client/lib/python3.12/site-packages/examples_rclpy_minimal_action_client
[4.852s] copying /home/ishaan/eboat_src/build/examples_rclpy_minimal_action_client/build/lib/examples_rclpy_minimal_action_client/client_not_composable.py -> /home/ishaan/eboat_src/install/examples_rclpy_minimal_action_client/lib/python3.12/site-packages/examples_rclpy_minimal_action_client
[4.852s] copying /home/ishaan/eboat_src/build/examples_rclpy_minimal_action_client/build/lib/examples_rclpy_minimal_action_client/client_asyncio.py -> /home/ishaan/eboat_src/install/examples_rclpy_minimal_action_client/lib/python3.12/site-packages/examples_rclpy_minimal_action_client
[4.852s] copying /home/ishaan/eboat_src/build/examples_rclpy_minimal_action_client/build/lib/examples_rclpy_minimal_action_client/client.py -> /home/ishaan/eboat_src/install/examples_rclpy_minimal_action_client/lib/python3.12/site-packages/examples_rclpy_minimal_action_client
[4.852s] copying /home/ishaan/eboat_src/build/examples_rclpy_minimal_action_client/build/lib/examples_rclpy_minimal_action_client/__init__.py -> /home/ishaan/eboat_src/install/examples_rclpy_minimal_action_client/lib/python3.12/site-packages/examples_rclpy_minimal_action_client
[4.852s] byte-compiling /home/ishaan/eboat_src/install/examples_rclpy_minimal_action_client/lib/python3.12/site-packages/examples_rclpy_minimal_action_client/client_cancel.py to client_cancel.cpython-312.pyc
[4.852s] byte-compiling /home/ishaan/eboat_src/install/examples_rclpy_minimal_action_client/lib/python3.12/site-packages/examples_rclpy_minimal_action_client/client_not_composable.py to client_not_composable.cpython-312.pyc
[4.853s] byte-compiling /home/ishaan/eboat_src/install/examples_rclpy_minimal_action_client/lib/python3.12/site-packages/examples_rclpy_minimal_action_client/client_asyncio.py to client_asyncio.cpython-312.pyc
[4.853s] byte-compiling /home/ishaan/eboat_src/install/examples_rclpy_minimal_action_client/lib/python3.12/site-packages/examples_rclpy_minimal_action_client/client.py to client.cpython-312.pyc
[4.853s] byte-compiling /home/ishaan/eboat_src/install/examples_rclpy_minimal_action_client/lib/python3.12/site-packages/examples_rclpy_minimal_action_client/__init__.py to __init__.cpython-312.pyc
[4.853s] running install_data
[4.853s] creating /home/ishaan/eboat_src/install/examples_rclpy_minimal_action_client/share/ament_index
[4.853s] creating /home/ishaan/eboat_src/install/examples_rclpy_minimal_action_client/share/ament_index/resource_index
[4.853s] creating /home/ishaan/eboat_src/install/examples_rclpy_minimal_action_client/share/ament_index/resource_index/packages
[4.853s] copying resource/examples_rclpy_minimal_action_client -> /home/ishaan/eboat_src/install/examples_rclpy_minimal_action_client/share/ament_index/resource_index/packages
[4.853s] copying package.xml -> /home/ishaan/eboat_src/install/examples_rclpy_minimal_action_client/share/examples_rclpy_minimal_action_client
[4.853s] running install_egg_info
[4.853s] Copying ../../../../../../build/examples_rclpy_minimal_action_client/examples_rclpy_minimal_action_client.egg-info to /home/ishaan/eboat_src/install/examples_rclpy_minimal_action_client/lib/python3.12/site-packages/examples_rclpy_minimal_action_client-0.20.5-py3.12.egg-info
[4.853s] running install_scripts
[4.853s] Installing client script to /home/ishaan/eboat_src/install/examples_rclpy_minimal_action_client/lib/examples_rclpy_minimal_action_client
[4.853s] Installing client_asyncio script to /home/ishaan/eboat_src/install/examples_rclpy_minimal_action_client/lib/examples_rclpy_minimal_action_client
[4.853s] Installing client_cancel script to /home/ishaan/eboat_src/install/examples_rclpy_minimal_action_client/lib/examples_rclpy_minimal_action_client
[4.853s] Installing client_not_composable script to /home/ishaan/eboat_src/install/examples_rclpy_minimal_action_client/lib/examples_rclpy_minimal_action_client
[4.853s] writing list of installed files to '/home/ishaan/eboat_src/build/examples_rclpy_minimal_action_client/install.log'
[4.952s] Invoked command in '/home/ishaan/eboat_src/ros_ws/src/examples/rclpy/actions/minimal_action_client' returned '0': PYTHONPATH=/home/ishaan/eboat_src/build/examples_rclpy_minimal_action_client/prefix_override:/usr/lib/python3/dist-packages/colcon_core/task/python/colcon_distutils_commands:/home/ishaan/eboat_src/install/examples_rclpy_minimal_action_client/lib/python3.12/site-packages:${PYTHONPATH} /usr/bin/python3 -W ignore:setup.py install is deprecated -W ignore:easy_install command is deprecated setup.py egg_info --egg-base ../../../../../../build/examples_rclpy_minimal_action_client build --build-base /home/ishaan/eboat_src/build/examples_rclpy_minimal_action_client/build install --record /home/ishaan/eboat_src/build/examples_rclpy_minimal_action_client/install.log --single-version-externally-managed install_data
