[0.648s] DEBUG:colcon:Command line arguments: ['/usr/bin/colcon', 'build', '--packages-select', 'shore_comms']
[0.649s] DEBUG:colcon:Parsed command line arguments: Namespace(log_base=None, log_level=None, verb_name='build', build_base='build', install_base='install', merge_install=False, symlink_install=False, test_result_base=None, continue_on_error=False, executor='parallel', parallel_workers=16, event_handlers=None, ignore_user_meta=False, metas=['./colcon.meta'], base_paths=['.'], packages_ignore=None, packages_ignore_regex=None, paths=None, packages_up_to=None, packages_up_to_regex=None, packages_above=None, packages_above_and_dependencies=None, packages_above_depth=None, packages_select_by_dep=None, packages_skip_by_dep=None, packages_skip_up_to=None, packages_select_build_failed=False, packages_skip_build_finished=False, packages_select_test_failures=False, packages_skip_test_passed=False, packages_select=['shore_comms'], packages_skip=None, packages_select_regex=None, packages_skip_regex=None, packages_start=None, packages_end=None, allow_overriding=[], cmake_args=None, cmake_target=None, cmake_target_skip_unavailable=False, cmake_clean_cache=False, cmake_clean_first=False, cmake_force_configure=False, ament_cmake_args=None, catkin_cmake_args=None, catkin_skip_building_tests=False, mixin_files=None, mixin=None, verb_parser=<colcon_mixin.mixin.mixin_argument.MixinArgumentDecorator object at 0x717a65ab4bf0>, verb_extension=<colcon_core.verb.build.BuildVerb object at 0x717a65ab44d0>, main=<bound method BuildVerb.main of <colcon_core.verb.build.BuildVerb object at 0x717a65ab44d0>>, mixin_verb=('build',))
[0.754s] Level 1:colcon.colcon_core.package_discovery:discover_packages(colcon_meta) check parameters
[0.754s] Level 1:colcon.colcon_core.package_discovery:discover_packages(recursive) check parameters
[0.754s] Level 1:colcon.colcon_core.package_discovery:discover_packages(ignore) check parameters
[0.755s] Level 1:colcon.colcon_core.package_discovery:discover_packages(path) check parameters
[0.755s] Level 1:colcon.colcon_core.package_discovery:discover_packages(colcon_meta) discover
[0.755s] Level 1:colcon.colcon_core.package_discovery:discover_packages(recursive) discover
[0.755s] INFO:colcon.colcon_core.package_discovery:Crawling recursively for packages in '/home/ishaan/eboat_src/ros_ws/src'
[0.755s] Level 1:colcon.colcon_core.package_identification:_identify(.) by extensions ['ignore', 'ignore_ament_install']
[0.756s] Level 1:colcon.colcon_core.package_identification:_identify(.) by extension 'ignore'
[0.756s] Level 1:colcon.colcon_core.package_identification:_identify(.) by extension 'ignore_ament_install'
[0.756s] Level 1:colcon.colcon_core.package_identification:_identify(.) by extensions ['colcon_pkg']
[0.757s] Level 1:colcon.colcon_core.package_identification:_identify(.) by extension 'colcon_pkg'
[0.757s] Level 1:colcon.colcon_core.package_identification:_identify(.) by extensions ['colcon_meta']
[0.757s] Level 1:colcon.colcon_core.package_identification:_identify(.) by extension 'colcon_meta'
[0.757s] Level 1:colcon.colcon_core.package_identification:_identify(.) by extensions ['ros']
[0.757s] Level 1:colcon.colcon_core.package_identification:_identify(.) by extension 'ros'
[0.820s] Level 1:colcon.colcon_core.package_identification:_identify(.) by extensions ['cmake', 'python']
[0.820s] Level 1:colcon.colcon_core.package_identification:_identify(.) by extension 'cmake'
[0.820s] Level 1:colcon.colcon_core.package_identification:_identify(.) by extension 'python'
[0.821s] Level 1:colcon.colcon_core.package_identification:_identify(.) by extensions ['python_setup_py']
[0.821s] Level 1:colcon.colcon_core.package_identification:_identify(.) by extension 'python_setup_py'
[0.821s] Level 1:colcon.colcon_core.package_identification:_identify(GPIO_Test) by extensions ['ignore', 'ignore_ament_install']
[0.822s] Level 1:colcon.colcon_core.package_identification:_identify(GPIO_Test) by extension 'ignore'
[0.823s] Level 1:colcon.colcon_core.package_identification:_identify(GPIO_Test) by extension 'ignore_ament_install'
[0.823s] Level 1:colcon.colcon_core.package_identification:_identify(GPIO_Test) by extensions ['colcon_pkg']
[0.823s] Level 1:colcon.colcon_core.package_identification:_identify(GPIO_Test) by extension 'colcon_pkg'
[0.824s] Level 1:colcon.colcon_core.package_identification:_identify(GPIO_Test) by extensions ['colcon_meta']
[0.824s] Level 1:colcon.colcon_core.package_identification:_identify(GPIO_Test) by extension 'colcon_meta'
[0.824s] Level 1:colcon.colcon_core.package_identification:_identify(GPIO_Test) by extensions ['ros']
[0.824s] Level 1:colcon.colcon_core.package_identification:_identify(GPIO_Test) by extension 'ros'
[0.831s] DEBUG:colcon.colcon_core.package_identification:Package 'GPIO_Test' with type 'ros.ament_python' and name 'GPIO_Test'
[0.831s] Level 1:colcon.colcon_core.package_identification:_identify(boat_data_interfaces) by extensions ['ignore', 'ignore_ament_install']
[0.832s] Level 1:colcon.colcon_core.package_identification:_identify(boat_data_interfaces) by extension 'ignore'
[0.832s] Level 1:colcon.colcon_core.package_identification:_identify(boat_data_interfaces) by extension 'ignore_ament_install'
[0.832s] Level 1:colcon.colcon_core.package_identification:_identify(boat_data_interfaces) by extensions ['colcon_pkg']
[0.832s] Level 1:colcon.colcon_core.package_identification:_identify(boat_data_interfaces) by extension 'colcon_pkg'
[0.832s] Level 1:colcon.colcon_core.package_identification:_identify(boat_data_interfaces) by extensions ['colcon_meta']
[0.832s] Level 1:colcon.colcon_core.package_identification:_identify(boat_data_interfaces) by extension 'colcon_meta'
[0.832s] Level 1:colcon.colcon_core.package_identification:_identify(boat_data_interfaces) by extensions ['ros']
[0.832s] Level 1:colcon.colcon_core.package_identification:_identify(boat_data_interfaces) by extension 'ros'
[0.834s] DEBUG:colcon.colcon_core.package_identification:Package 'boat_data_interfaces' with type 'ros.ament_cmake' and name 'boat_data_interfaces'
[0.834s] Level 1:colcon.colcon_core.package_identification:_identify(build) by extensions ['ignore', 'ignore_ament_install']
[0.835s] Level 1:colcon.colcon_core.package_identification:_identify(build) by extension 'ignore'
[0.835s] Level 1:colcon.colcon_core.package_identification:_identify(build) ignored
[0.836s] Level 1:colcon.colcon_core.package_identification:_identify(electrical_node_test) by extensions ['ignore', 'ignore_ament_install']
[0.836s] Level 1:colcon.colcon_core.package_identification:_identify(electrical_node_test) by extension 'ignore'
[0.836s] Level 1:colcon.colcon_core.package_identification:_identify(electrical_node_test) by extension 'ignore_ament_install'
[0.837s] Level 1:colcon.colcon_core.package_identification:_identify(electrical_node_test) by extensions ['colcon_pkg']
[0.837s] Level 1:colcon.colcon_core.package_identification:_identify(electrical_node_test) by extension 'colcon_pkg'
[0.837s] Level 1:colcon.colcon_core.package_identification:_identify(electrical_node_test) by extensions ['colcon_meta']
[0.838s] Level 1:colcon.colcon_core.package_identification:_identify(electrical_node_test) by extension 'colcon_meta'
[0.838s] Level 1:colcon.colcon_core.package_identification:_identify(electrical_node_test) by extensions ['ros']
[0.838s] Level 1:colcon.colcon_core.package_identification:_identify(electrical_node_test) by extension 'ros'
[0.839s] DEBUG:colcon.colcon_core.package_identification:Package 'electrical_node_test' with type 'ros.ament_python' and name 'electrical_node_test'
[0.840s] Level 1:colcon.colcon_core.package_identification:_identify(install) by extensions ['ignore', 'ignore_ament_install']
[0.840s] Level 1:colcon.colcon_core.package_identification:_identify(install) by extension 'ignore'
[0.841s] Level 1:colcon.colcon_core.package_identification:_identify(install) ignored
[0.842s] Level 1:colcon.colcon_core.package_identification:_identify(log) by extensions ['ignore', 'ignore_ament_install']
[0.843s] Level 1:colcon.colcon_core.package_identification:_identify(log) by extension 'ignore'
[0.843s] Level 1:colcon.colcon_core.package_identification:_identify(log) ignored
[0.844s] Level 1:colcon.colcon_core.package_identification:_identify(motion_node_test) by extensions ['ignore', 'ignore_ament_install']
[0.844s] Level 1:colcon.colcon_core.package_identification:_identify(motion_node_test) by extension 'ignore'
[0.845s] Level 1:colcon.colcon_core.package_identification:_identify(motion_node_test) by extension 'ignore_ament_install'
[0.845s] Level 1:colcon.colcon_core.package_identification:_identify(motion_node_test) by extensions ['colcon_pkg']
[0.845s] Level 1:colcon.colcon_core.package_identification:_identify(motion_node_test) by extension 'colcon_pkg'
[0.846s] Level 1:colcon.colcon_core.package_identification:_identify(motion_node_test) by extensions ['colcon_meta']
[0.846s] Level 1:colcon.colcon_core.package_identification:_identify(motion_node_test) by extension 'colcon_meta'
[0.846s] Level 1:colcon.colcon_core.package_identification:_identify(motion_node_test) by extensions ['ros']
[0.846s] Level 1:colcon.colcon_core.package_identification:_identify(motion_node_test) by extension 'ros'
[0.847s] DEBUG:colcon.colcon_core.package_identification:Package 'motion_node_test' with type 'ros.ament_python' and name 'motion_node_test'
[0.848s] Level 1:colcon.colcon_core.package_identification:_identify(motor_node_test) by extensions ['ignore', 'ignore_ament_install']
[0.848s] Level 1:colcon.colcon_core.package_identification:_identify(motor_node_test) by extension 'ignore'
[0.848s] Level 1:colcon.colcon_core.package_identification:_identify(motor_node_test) by extension 'ignore_ament_install'
[0.849s] Level 1:colcon.colcon_core.package_identification:_identify(motor_node_test) by extensions ['colcon_pkg']
[0.849s] Level 1:colcon.colcon_core.package_identification:_identify(motor_node_test) by extension 'colcon_pkg'
[0.849s] Level 1:colcon.colcon_core.package_identification:_identify(motor_node_test) by extensions ['colcon_meta']
[0.849s] Level 1:colcon.colcon_core.package_identification:_identify(motor_node_test) by extension 'colcon_meta'
[0.850s] Level 1:colcon.colcon_core.package_identification:_identify(motor_node_test) by extensions ['ros']
[0.850s] Level 1:colcon.colcon_core.package_identification:_identify(motor_node_test) by extension 'ros'
[0.851s] DEBUG:colcon.colcon_core.package_identification:Package 'motor_node_test' with type 'ros.ament_python' and name 'motor_node_test'
[0.851s] Level 1:colcon.colcon_core.package_identification:_identify(ros2_canopen) by extensions ['ignore', 'ignore_ament_install']
[0.852s] Level 1:colcon.colcon_core.package_identification:_identify(ros2_canopen) by extension 'ignore'
[0.852s] Level 1:colcon.colcon_core.package_identification:_identify(ros2_canopen) by extension 'ignore_ament_install'
[0.852s] Level 1:colcon.colcon_core.package_identification:_identify(ros2_canopen) by extensions ['colcon_pkg']
[0.852s] Level 1:colcon.colcon_core.package_identification:_identify(ros2_canopen) by extension 'colcon_pkg'
[0.853s] Level 1:colcon.colcon_core.package_identification:_identify(ros2_canopen) by extensions ['colcon_meta']
[0.853s] Level 1:colcon.colcon_core.package_identification:_identify(ros2_canopen) by extension 'colcon_meta'
[0.853s] Level 1:colcon.colcon_core.package_identification:_identify(ros2_canopen) by extensions ['ros']
[0.853s] Level 1:colcon.colcon_core.package_identification:_identify(ros2_canopen) by extension 'ros'
[0.853s] Level 1:colcon.colcon_core.package_identification:_identify(ros2_canopen) by extensions ['cmake', 'python']
[0.853s] Level 1:colcon.colcon_core.package_identification:_identify(ros2_canopen) by extension 'cmake'
[0.854s] Level 1:colcon.colcon_core.package_identification:_identify(ros2_canopen) by extension 'python'
[0.854s] Level 1:colcon.colcon_core.package_identification:_identify(ros2_canopen) by extensions ['python_setup_py']
[0.854s] Level 1:colcon.colcon_core.package_identification:_identify(ros2_canopen) by extension 'python_setup_py'
[0.854s] Level 1:colcon.colcon_core.package_identification:_identify(shore_comms) by extensions ['ignore', 'ignore_ament_install']
[0.854s] Level 1:colcon.colcon_core.package_identification:_identify(shore_comms) by extension 'ignore'
[0.855s] Level 1:colcon.colcon_core.package_identification:_identify(shore_comms) by extension 'ignore_ament_install'
[0.855s] Level 1:colcon.colcon_core.package_identification:_identify(shore_comms) by extensions ['colcon_pkg']
[0.855s] Level 1:colcon.colcon_core.package_identification:_identify(shore_comms) by extension 'colcon_pkg'
[0.856s] Level 1:colcon.colcon_core.package_identification:_identify(shore_comms) by extensions ['colcon_meta']
[0.856s] Level 1:colcon.colcon_core.package_identification:_identify(shore_comms) by extension 'colcon_meta'
[0.856s] Level 1:colcon.colcon_core.package_identification:_identify(shore_comms) by extensions ['ros']
[0.856s] Level 1:colcon.colcon_core.package_identification:_identify(shore_comms) by extension 'ros'
[0.860s] DEBUG:colcon.colcon_core.package_identification:Package 'shore_comms' with type 'ros.ament_python' and name 'shore_comms'
[0.860s] Level 1:colcon.colcon_core.package_discovery:discover_packages(recursive) using defaults
[0.860s] Level 1:colcon.colcon_core.package_discovery:discover_packages(ignore) discover
[0.861s] Level 1:colcon.colcon_core.package_discovery:discover_packages(ignore) using defaults
[0.862s] Level 1:colcon.colcon_core.package_discovery:discover_packages(path) discover
[0.862s] Level 1:colcon.colcon_core.package_discovery:discover_packages(path) using defaults
[0.901s] INFO:colcon.colcon_core.package_selection:Skipping not selected package 'GPIO_Test' in 'GPIO_Test'
[0.901s] INFO:colcon.colcon_core.package_selection:Skipping not selected package 'boat_data_interfaces' in 'boat_data_interfaces'
[0.901s] INFO:colcon.colcon_core.package_selection:Skipping not selected package 'electrical_node_test' in 'electrical_node_test'
[0.901s] INFO:colcon.colcon_core.package_selection:Skipping not selected package 'motion_node_test' in 'motion_node_test'
[0.901s] INFO:colcon.colcon_core.package_selection:Skipping not selected package 'motor_node_test' in 'motor_node_test'
[0.902s] Level 1:colcon.colcon_core.package_discovery:discover_packages(prefix_path) check parameters
[0.902s] Level 1:colcon.colcon_core.package_discovery:discover_packages(prefix_path) discover
[0.909s] DEBUG:colcon.colcon_installed_package_information.package_discovery:Found 42 installed packages in /home/ishaan/eboat_src/ros_ws/install
[0.912s] DEBUG:colcon.colcon_installed_package_information.package_discovery:Found 347 installed packages in /opt/ros/kilted
[0.917s] Level 1:colcon.colcon_core.package_discovery:discover_packages(prefix_path) using defaults
[0.990s] Level 5:colcon.colcon_core.verb:set package 'shore_comms' build argument 'cmake_args' from command line to 'None'
[0.990s] Level 5:colcon.colcon_core.verb:set package 'shore_comms' build argument 'cmake_target' from command line to 'None'
[0.990s] Level 5:colcon.colcon_core.verb:set package 'shore_comms' build argument 'cmake_target_skip_unavailable' from command line to 'False'
[0.991s] Level 5:colcon.colcon_core.verb:set package 'shore_comms' build argument 'cmake_clean_cache' from command line to 'False'
[0.991s] Level 5:colcon.colcon_core.verb:set package 'shore_comms' build argument 'cmake_clean_first' from command line to 'False'
[0.991s] Level 5:colcon.colcon_core.verb:set package 'shore_comms' build argument 'cmake_force_configure' from command line to 'False'
[0.991s] Level 5:colcon.colcon_core.verb:set package 'shore_comms' build argument 'ament_cmake_args' from command line to 'None'
[0.991s] Level 5:colcon.colcon_core.verb:set package 'shore_comms' build argument 'catkin_cmake_args' from command line to 'None'
[0.991s] Level 5:colcon.colcon_core.verb:set package 'shore_comms' build argument 'catkin_skip_building_tests' from command line to 'False'
[0.991s] DEBUG:colcon.colcon_core.verb:Building package 'shore_comms' with the following arguments: {'ament_cmake_args': None, 'build_base': '/home/ishaan/eboat_src/ros_ws/src/build/shore_comms', 'catkin_cmake_args': None, 'catkin_skip_building_tests': False, 'cmake_args': None, 'cmake_clean_cache': False, 'cmake_clean_first': False, 'cmake_force_configure': False, 'cmake_target': None, 'cmake_target_skip_unavailable': False, 'install_base': '/home/ishaan/eboat_src/ros_ws/src/install/shore_comms', 'merge_install': False, 'path': '/home/ishaan/eboat_src/ros_ws/src/shore_comms', 'symlink_install': False, 'test_result_base': None}
[0.991s] INFO:colcon.colcon_core.executor:Executing jobs using 'parallel' executor
[0.993s] DEBUG:colcon.colcon_parallel_executor.executor.parallel:run_until_complete
[0.994s] INFO:colcon.colcon_ros.task.ament_python.build:Building ROS package in '/home/ishaan/eboat_src/ros_ws/src/shore_comms' with build type 'ament_python'
[0.995s] Level 1:colcon.colcon_core.shell:create_environment_hook('shore_comms', 'ament_prefix_path')
[1.000s] INFO:colcon.colcon_core.plugin_system:Skipping extension 'colcon_core.shell.bat': Not used on non-Windows systems
[1.001s] INFO:colcon.colcon_core.shell:Creating environment hook '/home/ishaan/eboat_src/ros_ws/src/install/shore_comms/share/shore_comms/hook/ament_prefix_path.ps1'
[1.002s] INFO:colcon.colcon_core.shell:Creating environment descriptor '/home/ishaan/eboat_src/ros_ws/src/install/shore_comms/share/shore_comms/hook/ament_prefix_path.dsv'
[1.003s] INFO:colcon.colcon_core.shell:Creating environment hook '/home/ishaan/eboat_src/ros_ws/src/install/shore_comms/share/shore_comms/hook/ament_prefix_path.sh'
[1.005s] INFO:colcon.colcon_core.shell:Skip shell extension 'powershell' for command environment: Not usable outside of PowerShell
[1.005s] DEBUG:colcon.colcon_core.shell:Skip shell extension 'dsv' for command environment
[1.497s] INFO:colcon.colcon_core.task.python.build:Building Python package in '/home/ishaan/eboat_src/ros_ws/src/shore_comms'
[1.498s] INFO:colcon.colcon_core.shell:Skip shell extension 'powershell' for command environment: Not usable outside of PowerShell
[1.498s] DEBUG:colcon.colcon_core.shell:Skip shell extension 'dsv' for command environment
[2.495s] DEBUG:colcon.colcon_core.event_handler.log_command:Invoking command in '/home/ishaan/eboat_src/ros_ws/src/shore_comms': PYTHONPATH=/home/ishaan/eboat_src/ros_ws/src/build/shore_comms/prefix_override:/usr/lib/python3/dist-packages/colcon_core/task/python/colcon_distutils_commands:/home/ishaan/eboat_src/ros_ws/src/install/shore_comms/lib/python3.12/site-packages:${PYTHONPATH} /usr/bin/python3 -W ignore:setup.py install is deprecated -W ignore:easy_install command is deprecated setup.py egg_info --egg-base ../build/shore_comms build --build-base /home/ishaan/eboat_src/ros_ws/src/build/shore_comms/build install --record /home/ishaan/eboat_src/ros_ws/src/build/shore_comms/install.log --single-version-externally-managed install_data
[3.458s] DEBUG:colcon.colcon_core.event_handler.log_command:Invoked command in '/home/ishaan/eboat_src/ros_ws/src/shore_comms' returned '0': PYTHONPATH=/home/ishaan/eboat_src/ros_ws/src/build/shore_comms/prefix_override:/usr/lib/python3/dist-packages/colcon_core/task/python/colcon_distutils_commands:/home/ishaan/eboat_src/ros_ws/src/install/shore_comms/lib/python3.12/site-packages:${PYTHONPATH} /usr/bin/python3 -W ignore:setup.py install is deprecated -W ignore:easy_install command is deprecated setup.py egg_info --egg-base ../build/shore_comms build --build-base /home/ishaan/eboat_src/ros_ws/src/build/shore_comms/build install --record /home/ishaan/eboat_src/ros_ws/src/build/shore_comms/install.log --single-version-externally-managed install_data
[3.461s] Level 1:colcon.colcon_core.environment:checking '/home/ishaan/eboat_src/ros_ws/src/install/shore_comms' for CMake module files
[3.462s] Level 1:colcon.colcon_core.environment:checking '/home/ishaan/eboat_src/ros_ws/src/install/shore_comms' for CMake config files
[3.463s] Level 1:colcon.colcon_core.environment:checking '/home/ishaan/eboat_src/ros_ws/src/install/shore_comms/lib'
[3.464s] Level 1:colcon.colcon_core.environment:checking '/home/ishaan/eboat_src/ros_ws/src/install/shore_comms/bin'
[3.464s] Level 1:colcon.colcon_core.environment:checking '/home/ishaan/eboat_src/ros_ws/src/install/shore_comms/lib/pkgconfig/shore_comms.pc'
[3.464s] Level 1:colcon.colcon_core.environment:checking '/home/ishaan/eboat_src/ros_ws/src/install/shore_comms/lib/python3.12/site-packages'
[3.465s] Level 1:colcon.colcon_core.shell:create_environment_hook('shore_comms', 'pythonpath')
[3.465s] INFO:colcon.colcon_core.shell:Creating environment hook '/home/ishaan/eboat_src/ros_ws/src/install/shore_comms/share/shore_comms/hook/pythonpath.ps1'
[3.466s] INFO:colcon.colcon_core.shell:Creating environment descriptor '/home/ishaan/eboat_src/ros_ws/src/install/shore_comms/share/shore_comms/hook/pythonpath.dsv'
[3.467s] INFO:colcon.colcon_core.shell:Creating environment hook '/home/ishaan/eboat_src/ros_ws/src/install/shore_comms/share/shore_comms/hook/pythonpath.sh'
[3.468s] Level 1:colcon.colcon_core.environment:checking '/home/ishaan/eboat_src/ros_ws/src/install/shore_comms/bin'
[3.468s] Level 1:colcon.colcon_core.environment:create_environment_scripts_only(shore_comms)
[3.469s] INFO:colcon.colcon_core.shell:Creating package script '/home/ishaan/eboat_src/ros_ws/src/install/shore_comms/share/shore_comms/package.ps1'
[3.470s] INFO:colcon.colcon_core.shell:Creating package descriptor '/home/ishaan/eboat_src/ros_ws/src/install/shore_comms/share/shore_comms/package.dsv'
[3.472s] INFO:colcon.colcon_core.shell:Creating package script '/home/ishaan/eboat_src/ros_ws/src/install/shore_comms/share/shore_comms/package.sh'
[3.473s] INFO:colcon.colcon_core.shell:Creating package script '/home/ishaan/eboat_src/ros_ws/src/install/shore_comms/share/shore_comms/package.bash'
[3.475s] INFO:colcon.colcon_core.shell:Creating package script '/home/ishaan/eboat_src/ros_ws/src/install/shore_comms/share/shore_comms/package.zsh'
[3.476s] Level 1:colcon.colcon_core.environment:create_file_with_runtime_dependencies(/home/ishaan/eboat_src/ros_ws/src/install/shore_comms/share/colcon-core/packages/shore_comms)
[3.477s] DEBUG:colcon.colcon_parallel_executor.executor.parallel:closing loop
[3.479s] DEBUG:colcon.colcon_parallel_executor.executor.parallel:loop closed
[3.480s] DEBUG:colcon.colcon_parallel_executor.executor.parallel:run_until_complete finished with '0'
[3.481s] DEBUG:colcon.colcon_core.event_reactor:joining thread
[3.635s] INFO:colcon.colcon_core.plugin_system:Skipping extension 'colcon_notification.desktop_notification.notify_send': Could not find 'notify-send'
[3.636s] INFO:colcon.colcon_core.plugin_system:Skipping extension 'colcon_notification.desktop_notification.terminal_notifier': Not used on non-Darwin systems
[3.636s] INFO:colcon.colcon_core.plugin_system:Skipping extension 'colcon_notification.desktop_notification.win32': Not used on non-Windows systems
[3.636s] INFO:colcon.colcon_notification.desktop_notification:Sending desktop notification using 'notify2'
[3.638s] DEBUG:colcon.colcon_notification.desktop_notification.notify2:Failed to initialize notify2: org.freedesktop.DBus.Error.ServiceUnknown: The name org.freedesktop.Notifications was not provided by any .service files
[3.639s] DEBUG:colcon.colcon_core.event_reactor:joined thread
[3.639s] INFO:colcon.colcon_core.shell:Creating prefix script '/home/ishaan/eboat_src/ros_ws/src/install/local_setup.ps1'
[3.641s] INFO:colcon.colcon_core.shell:Creating prefix util module '/home/ishaan/eboat_src/ros_ws/src/install/_local_setup_util_ps1.py'
[3.644s] INFO:colcon.colcon_core.shell:Creating prefix chain script '/home/ishaan/eboat_src/ros_ws/src/install/setup.ps1'
[3.647s] INFO:colcon.colcon_core.shell:Creating prefix script '/home/ishaan/eboat_src/ros_ws/src/install/local_setup.sh'
[3.648s] INFO:colcon.colcon_core.shell:Creating prefix util module '/home/ishaan/eboat_src/ros_ws/src/install/_local_setup_util_sh.py'
[3.650s] INFO:colcon.colcon_core.shell:Creating prefix chain script '/home/ishaan/eboat_src/ros_ws/src/install/setup.sh'
[3.652s] INFO:colcon.colcon_core.shell:Creating prefix script '/home/ishaan/eboat_src/ros_ws/src/install/local_setup.bash'
[3.653s] INFO:colcon.colcon_core.shell:Creating prefix chain script '/home/ishaan/eboat_src/ros_ws/src/install/setup.bash'
[3.657s] INFO:colcon.colcon_core.shell:Creating prefix script '/home/ishaan/eboat_src/ros_ws/src/install/local_setup.zsh'
[3.659s] INFO:colcon.colcon_core.shell:Creating prefix chain script '/home/ishaan/eboat_src/ros_ws/src/install/setup.zsh'
